2026-03-07 16:39:33,599 - INFO - [main.py:201] - FluidWarpTransformer
2026-03-07 16:39:33,599 - INFO - [main.py:201] - WatercolorTransformer
2026-03-07 16:39:33,599 - INFO - [main.py:201] - WheelTransformer
2026-03-07 16:39:33,599 - INFO - [main.py:201] - FlipWilsonTransformer
2026-03-07 16:39:33,599 - INFO - [main.py:201] - MeltMorphTransformer
2026-03-07 16:39:33,599 - INFO - [main.py:201] - DataMoshTransformer
2026-03-07 16:39:33,599 - INFO - [main.py:201] - FractalWarpTransformer
2026-03-07 16:39:33,599 - INFO - [main.py:201] - ThermalImagingTransformer
2026-03-07 16:39:33,599 - INFO - [main.py:201] - DuotoneTransformer
2026-03-07 16:39:33,599 - INFO - [main.py:201] - ThreeDExtrusionTransformer
2026-03-07 16:39:33,599 - INFO - [main.py:201] - HalftoneTransformer
2026-03-07 16:39:33,599 - INFO - [main.py:201] - SwirlWarpTransformer
2026-03-07 16:39:33,599 - INFO - [main.py:201] - GlitchWarpTransformer
2026-03-07 16:39:33,599 - INFO - [main.py:201] - RadialWarpTransformer
2026-03-07 16:39:33,599 - INFO - [main.py:201] - ColormapTransformer
2026-03-07 16:39:33,599 - INFO - [main.py:201] - InvertRGBTransformer
2026-03-07 16:39:33,600 - INFO - [main.py:244] - 31s@16:39 ✓
Accepted: 57
Rejected: 35
---
Wiki                       ->  6440ms
Nasa                       ->   829ms
Bible                      ->   793ms
GoesGenerator              ->   771ms
Cubes                      ->   540ms
KochSnowflake              ->   327ms
Lojong                     ->   313ms
Bubbles                    ->   261ms
Hilbert                    ->   193ms
NasaMapGenerator           ->    51ms
PeripheralDriftIllusion    ->    48ms
---
FluidWarpTransformer       -> Min:    75ms | Avg:   300ms | Max:   552ms
WatercolorTransformer      -> Min:   127ms | Avg:   147ms | Max:   189ms
WheelTransformer           -> Min:    20ms | Avg:   102ms | Max:   155ms
FlipWilsonTransformer      -> Min:    72ms | Avg:   101ms | Max:   121ms
MeltMorphTransformer       -> Min:     0ms | Avg:    88ms | Max:   241ms
DataMoshTransformer        -> Min:    59ms | Avg:    74ms | Max:    86ms
FractalWarpTransformer     -> Min:    49ms | Avg:    54ms | Max:    73ms
ThermalImagingTransformer  -> Min:     0ms | Avg:    37ms | Max:    87ms
DuotoneTransformer         -> Min:    26ms | Avg:    34ms | Max:    58ms
ThreeDExtrusionTransformer -> Min:    10ms | Avg:    31ms | Max:    48ms
HalftoneTransformer        -> Min:    29ms | Avg:    30ms | Max:    31ms
SwirlWarpTransformer       -> Min:    13ms | Avg:    20ms | Max:    43ms
GlitchWarpTransformer      -> Min:     4ms | Avg:    19ms | Max:    28ms
RadialWarpTransformer      -> Min:    14ms | Avg:    14ms | Max:    14ms
ColormapTransformer        -> Min:    11ms | Avg:    12ms | Max:    13ms
InvertRGBTransformer       -> Min:     1ms | Avg:     1ms | Max:     1ms
