2026-03-14 07:09:46,467 - INFO - [pipeline.py:136] - "ThermalImagingTransformer","thermal=True"
2026-03-14 07:09:46,520 - INFO - [pipeline.py:136] - "SwirlWarpTransformer","strength=1.50"
2026-03-14 07:09:46,561 - INFO - [pipeline.py:136] - "FluidWarpTransformer","alpha=5.90,sigma=0.60"
2026-03-14 07:09:46,771 - INFO - [pipeline.py:136] - "WheelTransformer","blend=add,copies=5"
2026-03-14 07:09:46,792 - INFO - [pipeline.py:229] - [Grade: A] Saved to: /Users/kenfasano/Scripts/ScreenArt/Images/TransformedImages/bubbles_4-A.jpeg
2026-03-14 07:09:46,862 - INFO - [pipeline.py:136] - "HalftoneTransformer","size=2"
2026-03-14 07:09:46,921 - INFO - [pipeline.py:136] - "FlipWilsonTransformer","keep=bottom,narrow=0.37"
2026-03-14 07:09:46,943 - INFO - [pipeline.py:229] - [Grade: F] Saved to: /Users/kenfasano/Scripts/ScreenArt/Images/Rejected/bubbles_8-F.jpeg
2026-03-14 07:09:47,110 - INFO - [pipeline.py:136] - "XrayTransformer","colors=128"
2026-03-14 07:09:47,128 - INFO - [pipeline.py:229] - [Grade: A] Saved to: /Users/kenfasano/Scripts/ScreenArt/Images/TransformedImages/bubbles_9-A.jpeg
2026-03-14 07:09:47,177 - INFO - [pipeline.py:136] - "DataMoshTransformer","intensity=0.02"
2026-03-14 07:09:47,222 - INFO - [pipeline.py:136] - "FisheyeTransformer","shape=circle,strength=0.26,zoom=0.94"
2026-03-14 07:09:47,275 - INFO - [pipeline.py:136] - "HalftoneTransformer","size=2"
2026-03-14 07:09:47,294 - INFO - [pipeline.py:229] - [Grade: A] Saved to: /Users/kenfasano/Scripts/ScreenArt/Images/TransformedImages/bubbles_5-A.jpeg
2026-03-14 07:09:47,338 - INFO - [pipeline.py:136] - "FluidWarpTransformer","alpha=17.44,sigma=3.43"
2026-03-14 07:09:47,354 - INFO - [pipeline.py:229] - [Grade: F] Saved to: /Users/kenfasano/Scripts/ScreenArt/Images/Rejected/bubbles_2-F.jpeg
2026-03-14 07:09:47,379 - INFO - [pipeline.py:136] - "RadialWarpTransformer","radius=0.25,strength=86.94623461126851,style=push"
2026-03-14 07:09:47,427 - INFO - [pipeline.py:136] - "HalftoneTransformer","size=2"
2026-03-14 07:09:47,462 - INFO - [pipeline.py:136] - "ThermalImagingTransformer","thermal=True"
2026-03-14 07:09:47,490 - INFO - [pipeline.py:136] - "GlitchWarpTransformer","intensity=0.01"
2026-03-14 07:09:47,507 - INFO - [pipeline.py:229] - [Grade: B] Saved to: /Users/kenfasano/Scripts/ScreenArt/Images/TransformedImages/bubbles_3-B.jpeg
2026-03-14 07:09:47,531 - INFO - [pipeline.py:136] - "RadialWarpTransformer","radius=0.25,strength=58.24763121558637,style=pull"
2026-03-14 07:09:47,570 - INFO - [pipeline.py:136] - "ThermalImagingTransformer","thermal=True"
2026-03-14 07:09:47,588 - INFO - [pipeline.py:229] - [Grade: A] Saved to: /Users/kenfasano/Scripts/ScreenArt/Images/TransformedImages/bubbles_10-A.jpeg
2026-03-14 07:09:47,636 - INFO - [pipeline.py:136] - "SwirlWarpTransformer","strength=1.50"
2026-03-14 07:09:47,653 - INFO - [pipeline.py:229] - [Grade: F] Saved to: /Users/kenfasano/Scripts/ScreenArt/Images/Rejected/bubbles_1-F.jpeg
2026-03-14 07:09:47,676 - INFO - [pipeline.py:136] - "RadialWarpTransformer","radius=0.25,strength=74.02736615186552,style=push"
2026-03-14 07:09:47,692 - INFO - [pipeline.py:229] - [Grade: F] Saved to: /Users/kenfasano/Scripts/ScreenArt/Images/Rejected/bubbles_6-F.jpeg
2026-03-14 07:09:47,886 - INFO - [pipeline.py:136] - "WheelTransformer","blend=add,copies=5"
2026-03-14 07:09:47,899 - INFO - [pipeline.py:136] - "PosterizationTransformer","levels=4"
2026-03-14 07:09:47,912 - INFO - [pipeline.py:136] - "ColormapTransformer","map=rainbow"
2026-03-14 07:09:47,931 - INFO - [pipeline.py:229] - [Grade: A] Saved to: /Users/kenfasano/Scripts/ScreenArt/Images/TransformedImages/bubbles_7-A.jpeg
2026-03-14 07:09:47,986 - INFO - [pipeline.py:136] - "HalftoneTransformer","size=2"
2026-03-14 07:09:47,999 - INFO - [pipeline.py:136] - "PosterizationTransformer","levels=4"
2026-03-14 07:09:48,037 - INFO - [pipeline.py:136] - "SwirlWarpTransformer","strength=1.50"
2026-03-14 07:09:48,071 - INFO - [pipeline.py:136] - "FractalWarpTransformer","iter=1,scale=0.05"
2026-03-14 07:09:48,087 - INFO - [pipeline.py:229] - [Grade: A] Saved to: /Users/kenfasano/Scripts/ScreenArt/Images/TransformedImages/cubes_2-A.jpeg
2026-03-14 07:09:48,131 - INFO - [pipeline.py:136] - "DataMoshTransformer","intensity=0.02"
2026-03-14 07:09:48,155 - INFO - [pipeline.py:136] - "FisheyeTransformer","shape=circle,strength=0.54,zoom=1.01"
2026-03-14 07:09:48,171 - INFO - [pipeline.py:229] - [Grade: A] Saved to: /Users/kenfasano/Scripts/ScreenArt/Images/TransformedImages/cubes_3-A.jpeg
2026-03-14 07:09:48,191 - INFO - [pipeline.py:136] - "ColormapTransformer","map=bone"
2026-03-14 07:09:48,207 - INFO - [pipeline.py:229] - [Grade: A] Saved to: /Users/kenfasano/Scripts/ScreenArt/Images/TransformedImages/cubes_4-A.jpeg
2026-03-14 07:09:48,236 - INFO - [pipeline.py:136] - "RadialWarpTransformer","radius=0.25,strength=134.6308477491889,39.053162267855235,114.1991663402251,style=push,pull,pull"
2026-03-14 07:09:48,263 - INFO - [pipeline.py:136] - "GlitchWarpTransformer","intensity=0.01"
2026-03-14 07:09:48,449 - INFO - [pipeline.py:136] - "WheelTransformer","blend=add,copies=5"
2026-03-14 07:09:48,467 - INFO - [pipeline.py:229] - [Grade: A] Saved to: /Users/kenfasano/Scripts/ScreenArt/Images/TransformedImages/cubes_5-A.jpeg
2026-03-14 07:09:48,503 - INFO - [pipeline.py:136] - "FluidWarpTransformer","alpha=5.76,sigma=1.82"
2026-03-14 07:09:48,551 - INFO - [pipeline.py:136] - "HalftoneTransformer","size=2"
2026-03-14 07:09:48,567 - INFO - [pipeline.py:229] - [Grade: A] Saved to: /Users/kenfasano/Scripts/ScreenArt/Images/TransformedImages/cubes_6-A.jpeg
2026-03-14 07:09:48,626 - INFO - [pipeline.py:136] - "HalftoneTransformer","size=2"
2026-03-14 07:09:48,662 - INFO - [pipeline.py:136] - "FractalWarpTransformer","iter=1,scale=0.05"
2026-03-14 07:09:48,677 - INFO - [pipeline.py:229] - [Grade: F] Saved to: /Users/kenfasano/Scripts/ScreenArt/Images/Rejected/cubes_1-F.jpeg
2026-03-14 07:09:48,688 - INFO - [pipeline.py:136] - "FlipWilsonTransformer","keep=bottom,narrow=0.37"
2026-03-14 07:09:48,695 - INFO - [pipeline.py:136] - "FractalWarpTransformer","iter=1,scale=0.05"
2026-03-14 07:09:48,698 - INFO - [pipeline.py:229] - [Grade: A] Saved to: /Users/kenfasano/Scripts/ScreenArt/Images/TransformedImages/incacity_msss-A.jpg
2026-03-14 07:09:48,716 - INFO - [pipeline.py:136] - "FlipWilsonTransformer","keep=bottom,narrow=0.37"
2026-03-14 07:09:48,721 - INFO - [pipeline.py:229] - [Grade: C] Saved to: /Users/kenfasano/Scripts/ScreenArt/Images/TransformedImages/scrossfield_beletsky-C.jpg
2026-03-14 07:09:48,739 - INFO - [pipeline.py:136] - "DataMoshTransformer","intensity=0.01"
2026-03-14 07:09:48,834 - INFO - [pipeline.py:136] - "XrayTransformer","colors=64"
2026-03-14 07:09:48,841 - INFO - [pipeline.py:229] - [Grade: C] Saved to: /Users/kenfasano/Scripts/ScreenArt/Images/TransformedImages/sdo_20130411-M6flare-orig_900c-C.jpg
2026-03-14 07:09:48,857 - INFO - [pipeline.py:136] - "FluidWarpTransformer","alpha=10.60,sigma=5.19"
2026-03-14 07:09:48,871 - INFO - [pipeline.py:136] - "SwirlWarpTransformer","strength=1.50"
2026-03-14 07:09:48,900 - INFO - [pipeline.py:136] - "MeltMorphTransformer","intensity=0.50"
2026-03-14 07:09:48,919 - INFO - [pipeline.py:136] - "FlipWilsonTransformer","keep=bottom,narrow=0.37"
2026-03-14 07:09:48,925 - INFO - [pipeline.py:229] - [Grade: C] Saved to: /Users/kenfasano/Scripts/ScreenArt/Images/TransformedImages/PyramidPlanets_Fatehi_1080-C.jpg
2026-03-14 07:09:48,999 - INFO - [pipeline.py:136] - "WheelTransformer","blend=add,copies=5"
2026-03-14 07:09:49,013 - INFO - [pipeline.py:136] - "ThermalImagingTransformer","thermal=True"
2026-03-14 07:09:49,020 - INFO - [pipeline.py:229] - [Grade: A] Saved to: /Users/kenfasano/Scripts/ScreenArt/Images/TransformedImages/Herschel_s_view_of_the_Eagle_Nebula800x1024c-A.jpg
2026-03-14 07:09:49,108 - INFO - [pipeline.py:136] - "WatercolorTransformer","scale=0.85,style=psychedelic"
2026-03-14 07:09:49,124 - INFO - [pipeline.py:136] - "DataMoshTransformer","intensity=0.02"
2026-03-14 07:09:49,134 - INFO - [pipeline.py:136] - "RadialWarpTransformer","radius=0.25,strength=132.31243569071245,71.25256716288705,53.32036014685941,style=pull,pull,push"
2026-03-14 07:09:49,140 - INFO - [pipeline.py:229] - [Grade: B] Saved to: /Users/kenfasano/Scripts/ScreenArt/Images/TransformedImages/SMC_jarzyna_900c-B.jpg
2026-03-14 07:09:49,151 - INFO - [pipeline.py:136] - "GlitchWarpTransformer","intensity=0.01"
2026-03-14 07:09:49,161 - INFO - [pipeline.py:136] - "DataMoshTransformer","intensity=0.01"
2026-03-14 07:09:49,239 - INFO - [pipeline.py:136] - "XrayTransformer","colors=64"
2026-03-14 07:09:49,243 - INFO - [pipeline.py:136] - "ColormapTransformer","map=winter"
2026-03-14 07:09:49,250 - INFO - [pipeline.py:229] - [Grade: B] Saved to: /Users/kenfasano/Scripts/ScreenArt/Images/TransformedImages/ic1805_skyfactory-B.jpg
2026-03-14 07:09:49,278 - INFO - [pipeline.py:136] - "WheelTransformer","blend=add,copies=5"
2026-03-14 07:09:49,287 - INFO - [pipeline.py:136] - "MeltMorphTransformer","intensity=0.50"
2026-03-14 07:09:49,290 - INFO - [pipeline.py:136] - "RadialWarpTransformer","radius=0.25,strength=116.40374287318859,style=pull"
2026-03-14 07:09:49,295 - INFO - [pipeline.py:136] - "FractalWarpTransformer","iter=1,scale=0.05"
2026-03-14 07:09:49,298 - INFO - [pipeline.py:229] - [Grade: A] Saved to: /Users/kenfasano/Scripts/ScreenArt/Images/TransformedImages/ISS_PaVa_c63-A.jpg
2026-03-14 07:09:49,324 - INFO - [pipeline.py:136] - "ThermalImagingTransformer","thermal=True"
2026-03-14 07:09:49,332 - INFO - [pipeline.py:136] - "FisheyeTransformer","shape=oval,strength=0.65,zoom=0.85"
2026-03-14 07:09:49,344 - INFO - [pipeline.py:136] - "DataMoshTransformer","intensity=0.01"
2026-03-14 07:09:49,399 - INFO - [pipeline.py:229] - [Grade: A] Saved to: /Users/kenfasano/Scripts/ScreenArt/Images/TransformedImages/2019_10_29_Village_Moon_Venus_Mercury_1024px-A.png
2026-03-14 07:09:49,420 - INFO - [pipeline.py:136] - "FisheyeTransformer","shape=circle,strength=0.67,zoom=1.08"
2026-03-14 07:09:49,430 - INFO - [pipeline.py:136] - "RadialWarpTransformer","radius=0.25,strength=51.01850564439317,style=pull"
2026-03-14 07:09:49,462 - INFO - [pipeline.py:136] - "MeltMorphTransformer","intensity=0.50"
2026-03-14 07:09:49,489 - INFO - [pipeline.py:136] - "HalftoneTransformer","size=2"
2026-03-14 07:09:49,499 - INFO - [pipeline.py:229] - [Grade: A] Saved to: /Users/kenfasano/Scripts/ScreenArt/Images/TransformedImages/ChasingJuno_Kendall_960-A.jpg
2026-03-14 07:09:49,525 - INFO - [pipeline.py:136] - "ThermalImagingTransformer","thermal=True"
2026-03-14 07:09:49,534 - INFO - [pipeline.py:229] - [Grade: A] Saved to: /Users/kenfasano/Scripts/ScreenArt/Images/TransformedImages/PhoenixAurora_Helgason_960-A.jpg
2026-03-14 07:09:49,569 - INFO - [pipeline.py:136] - "ThermalImagingTransformer","thermal=True"
2026-03-14 07:09:49,610 - INFO - [pipeline.py:136] - "SwirlWarpTransformer","strength=1.50"
2026-03-14 07:09:49,796 - INFO - [pipeline.py:136] - "WheelTransformer","blend=add,copies=5"
2026-03-14 07:09:49,811 - INFO - [pipeline.py:229] - [Grade: F] Saved to: /Users/kenfasano/Scripts/ScreenArt/Images/Rejected/nasa_earth_1_Sydney_True_Color-F.jpeg
2026-03-14 07:09:49,845 - INFO - [pipeline.py:136] - "FluidWarpTransformer","alpha=7.04,sigma=3.11"
2026-03-14 07:09:49,854 - INFO - [pipeline.py:136] - "ColormapTransformer","map=cool"
2026-03-14 07:09:50,014 - INFO - [pipeline.py:136] - "WatercolorTransformer","scale=0.85,style=monet"
2026-03-14 07:09:50,026 - INFO - [pipeline.py:229] - [Grade: C] Saved to: /Users/kenfasano/Scripts/ScreenArt/Images/TransformedImages/noaa_goes_1_se_Day_Night_Cloud_Micro-C.jpeg
2026-03-14 07:09:50,109 - INFO - [pipeline.py:136] - "HalftoneTransformer","size=2"
2026-03-14 07:09:50,377 - INFO - [pipeline.py:136] - "WatercolorTransformer","scale=0.85,style=psychedelic"
2026-03-14 07:09:50,397 - INFO - [pipeline.py:229] - [Grade: C] Saved to: /Users/kenfasano/Scripts/ScreenArt/Images/TransformedImages/ISS042-E-C.jpeg
2026-03-14 07:09:50,459 - INFO - [pipeline.py:136] - "FluidWarpTransformer","alpha=14.53,sigma=6.89"
2026-03-14 07:09:50,472 - INFO - [pipeline.py:136] - "ColormapTransformer","map=pink"
2026-03-14 07:09:50,494 - INFO - [pipeline.py:229] - [Grade: B] Saved to: /Users/kenfasano/Scripts/ScreenArt/Images/TransformedImages/Borne_fr-B.jpeg
2026-03-14 07:09:50,635 - INFO - [pipeline.py:136] - "FractalWarpTransformer","iter=1,scale=0.05"
2026-03-14 07:09:50,681 - INFO - [pipeline.py:229] - [Grade: A] Saved to: /Users/kenfasano/Scripts/ScreenArt/Images/TransformedImages/RO_CJ_Mo-A.jpeg
2026-03-14 07:09:50,696 - INFO - [pipeline.py:136] - "PosterizationTransformer","levels=4"
2026-03-14 07:09:50,732 - INFO - [pipeline.py:136] - "HalftoneTransformer","size=2"
2026-03-14 07:09:50,744 - INFO - [pipeline.py:229] - [Grade: C] Saved to: /Users/kenfasano/Scripts/ScreenArt/Images/TransformedImages/960px-De_Zerstr-C.jpeg
2026-03-14 07:09:50,787 - INFO - [pipeline.py:136] - "FractalWarpTransformer","iter=1,scale=0.05"
2026-03-14 07:09:50,832 - INFO - [pipeline.py:136] - "AnamorphicTransformer","intensity=0.0,0.2,0.4,0.6,0.8,thresh=80"
2026-03-14 07:09:50,842 - INFO - [pipeline.py:229] - [Grade: F] Saved to: /Users/kenfasano/Scripts/ScreenArt/Images/Rejected/1280px-thumbnai-F.jpeg
2026-03-14 07:09:50,891 - INFO - [pipeline.py:136] - "RadialWarpTransformer","radius=0.25,strength=49.872700658572036,72.69061469608424,style=pull,push"
2026-03-14 07:09:50,939 - INFO - [pipeline.py:136] - "DataMoshTransformer","intensity=0.02"
2026-03-14 07:09:50,963 - INFO - [pipeline.py:229] - [Grade: A] Saved to: /Users/kenfasano/Scripts/ScreenArt/Images/TransformedImages/Zabrze_W-A.jpeg
2026-03-14 07:09:51,010 - INFO - [pipeline.py:136] - "SwirlWarpTransformer","strength=1.50"
2026-03-14 07:09:51,027 - INFO - [pipeline.py:229] - [Grade: A] Saved to: /Users/kenfasano/Scripts/ScreenArt/Images/TransformedImages/lojong_2-A-scatter.jpeg
2026-03-14 07:09:51,048 - INFO - [pipeline.py:136] - "PosterizationTransformer","levels=4"
2026-03-14 07:09:51,086 - INFO - [pipeline.py:136] - "ThermalImagingTransformer","thermal=True"
2026-03-14 07:09:51,119 - INFO - [pipeline.py:136] - "FluidWarpTransformer","alpha=17.02,sigma=2.14"
2026-03-14 07:09:51,153 - INFO - [pipeline.py:136] - "FractalWarpTransformer","iter=1,scale=0.05"
2026-03-14 07:09:51,169 - INFO - [pipeline.py:229] - [Grade: A] Saved to: /Users/kenfasano/Scripts/ScreenArt/Images/TransformedImages/lojong_3-A-columns.jpeg
2026-03-14 07:09:51,190 - INFO - [pipeline.py:136] - "ColormapTransformer","map=bone"
2026-03-14 07:09:51,208 - INFO - [pipeline.py:229] - [Grade: A] Saved to: /Users/kenfasano/Scripts/ScreenArt/Images/TransformedImages/lojong_8-A-tile.jpeg
2026-03-14 07:09:51,248 - INFO - [pipeline.py:136] - "FractalWarpTransformer","iter=1,scale=0.05"
2026-03-14 07:09:51,263 - INFO - [pipeline.py:229] - [Grade: B] Saved to: /Users/kenfasano/Scripts/ScreenArt/Images/TransformedImages/lojong_4-B-hero.jpeg
2026-03-14 07:09:51,317 - INFO - [pipeline.py:136] - "HalftoneTransformer","size=2"
2026-03-14 07:09:51,340 - INFO - [pipeline.py:136] - "RadialWarpTransformer","radius=0.25,strength=70.5029746493961,110.10897687123634,138.76555872853777,style=push,pull,push"
2026-03-14 07:09:51,368 - INFO - [pipeline.py:136] - "GlitchWarpTransformer","intensity=0.01"
2026-03-14 07:09:51,383 - INFO - [pipeline.py:229] - [Grade: C] Saved to: /Users/kenfasano/Scripts/ScreenArt/Images/TransformedImages/lojong_5-C-hero.jpeg
2026-03-14 07:09:51,407 - INFO - [pipeline.py:136] - "RadialWarpTransformer","radius=0.25,strength=79.09447113033589,style=pull"
2026-03-14 07:09:51,424 - INFO - [pipeline.py:229] - [Grade: A] Saved to: /Users/kenfasano/Scripts/ScreenArt/Images/TransformedImages/lojong_9-A-columns.jpeg
2026-03-14 07:09:51,468 - INFO - [pipeline.py:136] - "DataMoshTransformer","intensity=0.01"
2026-03-14 07:09:51,506 - INFO - [pipeline.py:136] - "SwirlWarpTransformer","strength=1.50"
2026-03-14 07:09:51,522 - INFO - [pipeline.py:229] - [Grade: C] Saved to: /Users/kenfasano/Scripts/ScreenArt/Images/TransformedImages/lojong_6-C-columns.jpeg
2026-03-14 07:09:51,586 - INFO - [pipeline.py:136] - "FlipWilsonTransformer","keep=bottom,narrow=0.37"
2026-03-14 07:09:51,623 - INFO - [pipeline.py:136] - "FluidWarpTransformer","alpha=13.72,sigma=3.73"
2026-03-14 07:09:51,640 - INFO - [pipeline.py:229] - [Grade: C] Saved to: /Users/kenfasano/Scripts/ScreenArt/Images/TransformedImages/lojong_7-C-tile.jpeg
2026-03-14 07:09:51,669 - INFO - [pipeline.py:136] - "RadialWarpTransformer","radius=0.25,strength=60.27398826883542,style=push"
2026-03-14 07:09:51,706 - INFO - [pipeline.py:136] - "DataMoshTransformer","intensity=0.01"
2026-03-14 07:09:51,751 - INFO - [pipeline.py:136] - "ThermalImagingTransformer","thermal=True"
2026-03-14 07:09:51,771 - INFO - [pipeline.py:229] - [Grade: A] Saved to: /Users/kenfasano/Scripts/ScreenArt/Images/TransformedImages/lojong_0-A-columns.jpeg
2026-03-14 07:09:51,801 - INFO - [pipeline.py:136] - "FisheyeTransformer","shape=circle,strength=0.73,zoom=1.08"
2026-03-14 07:09:51,839 - INFO - [pipeline.py:136] - "SwirlWarpTransformer","strength=1.50"
2026-03-14 07:09:51,892 - INFO - [pipeline.py:136] - "MeltMorphTransformer","intensity=0.50"
2026-03-14 07:09:51,926 - INFO - [pipeline.py:136] - "FractalWarpTransformer","iter=1,scale=0.05"
2026-03-14 07:09:51,942 - INFO - [pipeline.py:229] - [Grade: A] Saved to: /Users/kenfasano/Scripts/ScreenArt/Images/TransformedImages/lojong_1-A-columns.jpeg
2026-03-14 07:09:51,974 - INFO - [pipeline.py:136] - "RadialWarpTransformer","radius=0.25,strength=96.85006407322965,42.34113786966849,114.34100256082375,style=push,pull,push"
2026-03-14 07:09:52,011 - INFO - [pipeline.py:136] - "SwirlWarpTransformer","strength=1.50"
2026-03-14 07:09:52,028 - INFO - [pipeline.py:229] - [Grade: A] Saved to: /Users/kenfasano/Scripts/ScreenArt/Images/TransformedImages/psalms_56-A-tile.jpeg
2026-03-14 07:09:52,074 - INFO - [pipeline.py:136] - "ThermalImagingTransformer","thermal=True"
2026-03-14 07:09:52,347 - INFO - [pipeline.py:136] - "WatercolorTransformer","scale=0.85,style=psychedelic"
2026-03-14 07:09:52,364 - INFO - [pipeline.py:229] - [Grade: A] Saved to: /Users/kenfasano/Scripts/ScreenArt/Images/TransformedImages/psalms_76-A-scatter.jpeg
2026-03-14 07:09:52,589 - INFO - [pipeline.py:136] - "WatercolorTransformer","scale=0.85,style=monet"
2026-03-14 07:09:52,645 - INFO - [pipeline.py:136] - "MeltMorphTransformer","intensity=0.50"
2026-03-14 07:09:52,684 - INFO - [pipeline.py:136] - "SwirlWarpTransformer","strength=1.50"
2026-03-14 07:09:52,697 - INFO - [pipeline.py:136] - "ColormapTransformer","map=cool"
2026-03-14 07:09:52,715 - INFO - [pipeline.py:229] - [Grade: C] Saved to: /Users/kenfasano/Scripts/ScreenArt/Images/TransformedImages/psalms_130-C-hero.jpeg
2026-03-14 07:09:52,763 - INFO - [pipeline.py:136] - "SwirlWarpTransformer","strength=1.50"
2026-03-14 07:09:52,791 - INFO - [pipeline.py:136] - "GlitchWarpTransformer","intensity=0.01"
2026-03-14 07:09:52,810 - INFO - [pipeline.py:229] - [Grade: C] Saved to: /Users/kenfasano/Scripts/ScreenArt/Images/TransformedImages/psalms_12-C-columns.jpeg
2026-03-14 07:09:52,874 - INFO - [pipeline.py:136] - "MeltMorphTransformer","intensity=0.50"
2026-03-14 07:09:53,108 - INFO - [pipeline.py:136] - "WatercolorTransformer","scale=0.85,style=monet"
2026-03-14 07:09:53,122 - INFO - [pipeline.py:136] - "PosterizationTransformer","levels=4"
2026-03-14 07:09:53,141 - INFO - [pipeline.py:229] - [Grade: A] Saved to: /Users/kenfasano/Scripts/ScreenArt/Images/TransformedImages/psalms_102-A-columns.jpeg
2026-03-14 07:09:53,187 - INFO - [pipeline.py:136] - "ThermalImagingTransformer","thermal=True"
2026-03-14 07:09:53,204 - INFO - [pipeline.py:229] - [Grade: A] Saved to: /Users/kenfasano/Scripts/ScreenArt/Images/TransformedImages/psalms_129-A-hero.jpeg
2026-03-14 07:09:53,226 - INFO - [pipeline.py:136] - "ColormapTransformer","map=winter"
2026-03-14 07:09:53,244 - INFO - [pipeline.py:229] - [Grade: A] Saved to: /Users/kenfasano/Scripts/ScreenArt/Images/TransformedImages/psalms_133-A-tile.jpeg
2026-03-14 07:09:53,475 - INFO - [pipeline.py:136] - "WatercolorTransformer","scale=0.85,style=monet"
2026-03-14 07:09:53,492 - INFO - [pipeline.py:229] - [Grade: F] Saved to: /Users/kenfasano/Scripts/ScreenArt/Images/Rejected/psalms_149-F-hero.jpeg
2026-03-14 07:09:53,697 - INFO - [pipeline.py:136] - "WheelTransformer","blend=add,copies=5"
2026-03-14 07:09:53,737 - INFO - [pipeline.py:136] - "SwirlWarpTransformer","strength=1.50"
2026-03-14 07:09:53,798 - INFO - [pipeline.py:136] - "FlipWilsonTransformer","keep=bottom,narrow=0.37"
2026-03-14 07:09:54,030 - INFO - [pipeline.py:136] - "WatercolorTransformer","scale=0.85,style=monet"
2026-03-14 07:09:54,049 - INFO - [pipeline.py:229] - [Grade: B] Saved to: /Users/kenfasano/Scripts/ScreenArt/Images/TransformedImages/psalms_108-B-tile.jpeg
2026-03-14 07:09:54,064 - INFO - [pipeline.py:136] - "FractalWarpTransformer","iter=1,scale=0.05"
2026-03-14 07:09:54,119 - INFO - [pipeline.py:136] - "WheelTransformer","blend=add,copies=5"
2026-03-14 07:09:54,126 - INFO - [pipeline.py:229] - [Grade: A] Saved to: /Users/kenfasano/Scripts/ScreenArt/Images/TransformedImages/peripheral_drift_2-A.jpeg
2026-03-14 07:09:54,148 - INFO - [pipeline.py:136] - "FlipWilsonTransformer","keep=bottom,narrow=0.37"
2026-03-14 07:09:54,216 - INFO - [pipeline.py:136] - "WatercolorTransformer","scale=0.85,style=psychedelic"
2026-03-14 07:09:54,284 - INFO - [pipeline.py:136] - "XrayTransformer","colors=64"
2026-03-14 07:09:54,293 - INFO - [pipeline.py:136] - "GlitchWarpTransformer","intensity=0.01"
2026-03-14 07:09:54,299 - INFO - [pipeline.py:229] - [Grade: C] Saved to: /Users/kenfasano/Scripts/ScreenArt/Images/TransformedImages/peripheral_drift_3-C.jpeg
2026-03-14 07:09:54,306 - INFO - [pipeline.py:136] - "PosterizationTransformer","levels=4"
2026-03-14 07:09:54,315 - INFO - [pipeline.py:136] - "GlitchWarpTransformer","intensity=0.01"
2026-03-14 07:09:54,323 - INFO - [pipeline.py:136] - "RadialWarpTransformer","radius=0.25,strength=133.180879247691,89.37597691715686,style=push,pull"
2026-03-14 07:09:54,335 - INFO - [pipeline.py:136] - "DataMoshTransformer","intensity=0.01"
2026-03-14 07:09:54,341 - INFO - [pipeline.py:229] - [Grade: A] Saved to: /Users/kenfasano/Scripts/ScreenArt/Images/TransformedImages/peripheral_drift_1-A.jpeg
2026-03-14 07:09:54,341 - INFO - [main.py:196] - WatercolorTransformer
2026-03-14 07:09:54,341 - INFO - [main.py:196] - WheelTransformer
2026-03-14 07:09:54,341 - INFO - [main.py:196] - XrayTransformer
2026-03-14 07:09:54,341 - INFO - [main.py:196] - HalftoneTransformer
2026-03-14 07:09:54,341 - INFO - [main.py:196] - AnamorphicTransformer
2026-03-14 07:09:54,341 - INFO - [main.py:196] - MeltMorphTransformer
2026-03-14 07:09:54,341 - INFO - [main.py:196] - SwirlWarpTransformer
2026-03-14 07:09:54,341 - INFO - [main.py:196] - FlipWilsonTransformer
2026-03-14 07:09:54,341 - INFO - [main.py:196] - FluidWarpTransformer
2026-03-14 07:09:54,341 - INFO - [main.py:196] - ThermalImagingTransformer
2026-03-14 07:09:54,341 - INFO - [main.py:196] - FractalWarpTransformer
2026-03-14 07:09:54,341 - INFO - [main.py:196] - DataMoshTransformer
2026-03-14 07:09:54,341 - INFO - [main.py:196] - FisheyeTransformer
2026-03-14 07:09:54,341 - INFO - [main.py:196] - GlitchWarpTransformer
2026-03-14 07:09:54,341 - INFO - [main.py:196] - RadialWarpTransformer
2026-03-14 07:09:54,341 - INFO - [main.py:196] - ColormapTransformer
2026-03-14 07:09:54,341 - INFO - [main.py:196] - PosterizationTransformer
2026-03-14 07:09:54,341 - INFO - [main.py:239] - 21s@07:09 ✓
Accepted: 49
Rejected: 8
---
Bible                      ->  4215ms
Wiki                       ->  3842ms
Lojong                     ->  1621ms
GoesGenerator              ->  1036ms
Nasa                       ->   826ms
NasaMapGenerator           ->   814ms
Bubbles                    ->   568ms
Cubes                      ->   186ms
PeripheralDriftIllusion    ->    52ms
---
WatercolorTransformer      -> Min:    68ms | Avg:   195ms | Max:   272ms
WheelTransformer           -> Min:    27ms | Avg:   139ms | Max:   210ms
XrayTransformer            -> Min:    68ms | Avg:   100ms | Max:   158ms
HalftoneTransformer        -> Min:    27ms | Avg:    49ms | Max:    68ms
AnamorphicTransformer      -> Min:    45ms | Avg:    45ms | Max:    45ms
MeltMorphTransformer       -> Min:     8ms | Avg:    38ms | Max:    56ms
SwirlWarpTransformer       -> Min:    14ms | Avg:    38ms | Max:    53ms
FlipWilsonTransformer      -> Min:     9ms | Avg:    34ms | Max:    60ms
FluidWarpTransformer       -> Min:    13ms | Avg:    32ms | Max:    47ms
ThermalImagingTransformer  -> Min:    13ms | Avg:    32ms | Max:    48ms
FractalWarpTransformer     -> Min:     5ms | Avg:    32ms | Max:   103ms
DataMoshTransformer        -> Min:    10ms | Avg:    26ms | Max:    47ms
FisheyeTransformer         -> Min:     7ms | Avg:    23ms | Max:    45ms
GlitchWarpTransformer      -> Min:     7ms | Avg:    19ms | Max:    28ms
RadialWarpTransformer      -> Min:     3ms | Avg:    17ms | Max:    35ms
ColormapTransformer        -> Min:     4ms | Avg:    11ms | Max:    14ms
PosterizationTransformer   -> Min:     4ms | Avg:    11ms | Max:    14ms
