2026-03-12 11:52:55,947 - INFO - [pipeline.py:47] - "TritoneTransformer","highlight=#657214,mid=#704745,shadow=#351cdf"
2026-03-12 11:52:56,029 - INFO - [pipeline.py:47] - "XrayTransformer","colors=64"
2026-03-12 11:52:56,048 - INFO - [pipeline.py:154] - [Grade: F] Saved to: /Users/kenfasano/Scripts/ScreenArt/Images/Rejected/bubbles_4-F.jpeg
2026-03-12 11:52:56,295 - INFO - [pipeline.py:47] - "WatercolorTransformer","scale=0.85,style=monet"
2026-03-12 11:52:56,402 - INFO - [pipeline.py:47] - "XrayTransformer","colors=64"
2026-03-12 11:52:56,419 - INFO - [pipeline.py:154] - [Grade: C] Saved to: /Users/kenfasano/Scripts/ScreenArt/Images/TransformedImages/bubbles_8-C.jpeg
2026-03-12 11:52:56,651 - INFO - [pipeline.py:47] - "WatercolorTransformer","scale=0.85,style=monet"
2026-03-12 11:52:56,746 - INFO - [pipeline.py:47] - "DuotoneTransformer","highlight=#ce2fd8,shadow=#07c50a"
2026-03-12 11:52:56,758 - INFO - [pipeline.py:47] - "InvertRGBTransformer","blend=0.83"
2026-03-12 11:52:56,771 - INFO - [pipeline.py:47] - "PosterizationTransformer","levels=4"
2026-03-12 11:52:56,786 - INFO - [pipeline.py:154] - [Grade: C] Saved to: /Users/kenfasano/Scripts/ScreenArt/Images/TransformedImages/bubbles_9-C.jpeg
2026-03-12 11:52:56,862 - INFO - [pipeline.py:47] - "FlipWilsonTransformer","keep=bottom,narrow=0.21"
2026-03-12 11:52:56,922 - INFO - [pipeline.py:47] - "AnamorphicTransformer","intensity=0.0,0.2,0.4,0.6,0.8,thresh=80"
2026-03-12 11:52:56,937 - INFO - [pipeline.py:154] - [Grade: F] Saved to: /Users/kenfasano/Scripts/ScreenArt/Images/Rejected/bubbles_5-F.jpeg
2026-03-12 11:52:57,054 - INFO - [pipeline.py:47] - "XrayTransformer","colors=64"
2026-03-12 11:52:57,107 - INFO - [pipeline.py:47] - "MeltMorphTransformer","intensity=0.50"
2026-03-12 11:52:57,123 - INFO - [pipeline.py:154] - [Grade: C] Saved to: /Users/kenfasano/Scripts/ScreenArt/Images/TransformedImages/bubbles_2-C.jpeg
2026-03-12 11:52:57,230 - INFO - [pipeline.py:47] - "WheelTransformer","blend=normal,copies=3"
2026-03-12 11:52:57,256 - INFO - [pipeline.py:47] - "RadialWarpTransformer","radius=0.25,strength=71.28871678084991,39.901644125216315,87.34238616754865,style=push,push,pull"
2026-03-12 11:52:57,294 - INFO - [pipeline.py:47] - "SwirlWarpTransformer","strength=1.50"
2026-03-12 11:52:57,342 - INFO - [pipeline.py:47] - "HalftoneTransformer","size=2"
2026-03-12 11:52:57,358 - INFO - [pipeline.py:154] - [Grade: A] Saved to: /Users/kenfasano/Scripts/ScreenArt/Images/TransformedImages/bubbles_3-A.jpeg
2026-03-12 11:52:57,420 - INFO - [pipeline.py:47] - "MeltMorphTransformer","intensity=0.50"
2026-03-12 11:52:57,433 - INFO - [pipeline.py:47] - "ColormapTransformer","map=winter"
2026-03-12 11:52:57,457 - INFO - [pipeline.py:47] - "RadialWarpTransformer","radius=0.25,strength=66.72976559058051,71.54549450051029,104.43868256185837,style=pull,pull,push"
2026-03-12 11:52:57,474 - INFO - [pipeline.py:154] - [Grade: A] Saved to: /Users/kenfasano/Scripts/ScreenArt/Images/TransformedImages/bubbles_10-A.jpeg
2026-03-12 11:52:57,550 - INFO - [pipeline.py:47] - "FlipWilsonTransformer","keep=bottom,narrow=0.21"
2026-03-12 11:52:57,582 - INFO - [pipeline.py:47] - "FisheyeTransformer","shape=circle,strength=0.48,zoom=0.89"
2026-03-12 11:52:57,610 - INFO - [pipeline.py:47] - "GlitchWarpTransformer","intensity=0.01"
2026-03-12 11:52:57,627 - INFO - [pipeline.py:154] - [Grade: A] Saved to: /Users/kenfasano/Scripts/ScreenArt/Images/TransformedImages/bubbles_1-A.jpeg
2026-03-12 11:52:57,736 - INFO - [pipeline.py:47] - "WheelTransformer","blend=normal,copies=3"
2026-03-12 11:52:57,802 - INFO - [pipeline.py:47] - "FlipWilsonTransformer","keep=bottom,narrow=0.21"
2026-03-12 11:52:57,840 - INFO - [pipeline.py:47] - "SwirlWarpTransformer","strength=1.50"
2026-03-12 11:52:57,863 - INFO - [pipeline.py:47] - "RadialWarpTransformer","radius=0.25,strength=85.57416336498451,107.2492354243015,133.4057277077952,style=pull,pull,pull"
2026-03-12 11:52:57,880 - INFO - [pipeline.py:154] - [Grade: A] Saved to: /Users/kenfasano/Scripts/ScreenArt/Images/TransformedImages/bubbles_6-A.jpeg
2026-03-12 11:52:57,925 - INFO - [pipeline.py:47] - "DataMoshTransformer","intensity=0.01"
2026-03-12 11:52:57,938 - INFO - [pipeline.py:47] - "PosterizationTransformer","levels=4"
2026-03-12 11:52:57,972 - INFO - [pipeline.py:47] - "FractalWarpTransformer","iter=1,scale=0.05"
2026-03-12 11:52:58,003 - INFO - [pipeline.py:47] - "ThreeDExtrusionTransformer","ambient=0.50,intensity=0.50"
2026-03-12 11:52:58,020 - INFO - [pipeline.py:154] - [Grade: C] Saved to: /Users/kenfasano/Scripts/ScreenArt/Images/TransformedImages/bubbles_7-C.jpeg
2026-03-12 11:52:58,062 - INFO - [pipeline.py:47] - "FractalWarpTransformer","iter=1,scale=0.05"
2026-03-12 11:52:58,127 - INFO - [pipeline.py:47] - "FlipWilsonTransformer","keep=bottom,narrow=0.21"
2026-03-12 11:52:58,347 - INFO - [pipeline.py:47] - "WatercolorTransformer","scale=0.85,style=monet"
2026-03-12 11:52:58,365 - INFO - [pipeline.py:154] - [Grade: A] Saved to: /Users/kenfasano/Scripts/ScreenArt/Images/TransformedImages/cubes_2-A.jpeg
2026-03-12 11:52:58,497 - INFO - [pipeline.py:47] - "XrayTransformer","colors=64"
2026-03-12 11:52:58,535 - INFO - [pipeline.py:47] - "ThermalImagingTransformer","thermal=True"
2026-03-12 11:52:58,552 - INFO - [pipeline.py:154] - [Grade: B] Saved to: /Users/kenfasano/Scripts/ScreenArt/Images/TransformedImages/cubes_3-B.jpeg
2026-03-12 11:52:58,626 - INFO - [pipeline.py:47] - "FlipWilsonTransformer","keep=bottom,narrow=0.21"
2026-03-12 11:52:58,653 - INFO - [pipeline.py:47] - "GlitchWarpTransformer","intensity=0.01"
2026-03-12 11:52:58,671 - INFO - [pipeline.py:154] - [Grade: A] Saved to: /Users/kenfasano/Scripts/ScreenArt/Images/TransformedImages/cubes_4-A.jpeg
2026-03-12 11:52:58,742 - INFO - [pipeline.py:47] - "AnamorphicTransformer","intensity=0.0,0.2,0.4,0.6,0.8,thresh=80"
2026-03-12 11:52:58,765 - INFO - [pipeline.py:47] - "RadialWarpTransformer","radius=0.25,strength=49.76081871829351,88.14751319986883,105.06682274889741,style=push,pull,pull"
2026-03-12 11:52:58,972 - INFO - [pipeline.py:47] - "WatercolorTransformer","scale=0.85,style=psychedelic"
2026-03-12 11:52:58,985 - INFO - [pipeline.py:47] - "ColormapTransformer","map=rainbow"
2026-03-12 11:52:59,002 - INFO - [pipeline.py:154] - [Grade: A] Saved to: /Users/kenfasano/Scripts/ScreenArt/Images/TransformedImages/cubes_5-A.jpeg
2026-03-12 11:52:59,058 - INFO - [pipeline.py:47] - "FluidWarpTransformer","alpha=10.77,sigma=7.29"
2026-03-12 11:52:59,088 - INFO - [pipeline.py:47] - "ThreeDExtrusionTransformer","ambient=0.57,intensity=0.50"
2026-03-12 11:52:59,098 - INFO - [pipeline.py:47] - "InvertRGBTransformer","blend=0.63"
2026-03-12 11:52:59,114 - INFO - [pipeline.py:154] - [Grade: F] Saved to: /Users/kenfasano/Scripts/ScreenArt/Images/Rejected/cubes_6-F.jpeg
2026-03-12 11:52:59,221 - INFO - [pipeline.py:47] - "WheelTransformer","blend=normal,copies=3"
2026-03-12 11:52:59,255 - INFO - [pipeline.py:47] - "FractalWarpTransformer","iter=1,scale=0.05"
2026-03-12 11:52:59,475 - INFO - [pipeline.py:47] - "WatercolorTransformer","scale=0.85,style=psychedelic"
2026-03-12 11:52:59,493 - INFO - [pipeline.py:154] - [Grade: A] Saved to: /Users/kenfasano/Scripts/ScreenArt/Images/TransformedImages/cubes_1-A.jpeg
2026-03-12 11:52:59,599 - INFO - [pipeline.py:47] - "WatercolorTransformer","scale=0.85,style=psychedelic"
2026-03-12 11:52:59,607 - INFO - [pipeline.py:154] - [Grade: B] Saved to: /Users/kenfasano/Scripts/ScreenArt/Images/TransformedImages/Phobos_MRO_960-B.jpg
2026-03-12 11:52:59,631 - INFO - [pipeline.py:47] - "FluidWarpTransformer","alpha=0.63,sigma=6.56"
2026-03-12 11:52:59,665 - INFO - [pipeline.py:47] - "DuotoneTransformer","highlight=#b538de,shadow=#3fefba"
2026-03-12 11:52:59,683 - INFO - [pipeline.py:47] - "HalftoneTransformer","size=2"
2026-03-12 11:52:59,688 - INFO - [pipeline.py:154] - [Grade: F] Saved to: /Users/kenfasano/Scripts/ScreenArt/Images/Rejected/Vincenzo_Mirabella_20210529_134459_1024px-F.jpg
2026-03-12 11:52:59,698 - INFO - [pipeline.py:47] - "FisheyeTransformer","shape=circle,strength=0.59,zoom=0.95"
2026-03-12 11:52:59,703 - INFO - [pipeline.py:154] - [Grade: F] Saved to: /Users/kenfasano/Scripts/ScreenArt/Images/Rejected/mars_approach2018dp1024-F.jpg
2026-03-12 11:52:59,724 - INFO - [pipeline.py:47] - "MeltMorphTransformer","intensity=0.50"
2026-03-12 11:52:59,731 - INFO - [pipeline.py:47] - "FisheyeTransformer","shape=oval,strength=0.55,zoom=0.96"
2026-03-12 11:52:59,737 - INFO - [pipeline.py:154] - [Grade: C] Saved to: /Users/kenfasano/Scripts/ScreenArt/Images/TransformedImages/ngc2237_davis_960-C.jpg
2026-03-12 11:52:59,742 - INFO - [pipeline.py:47] - "TritoneTransformer","highlight=#68a982,mid=#e5f9e7,shadow=#c4ae06"
2026-03-12 11:52:59,743 - INFO - [pipeline.py:47] - "InvertRGBTransformer","blend=0.66"
2026-03-12 11:52:59,744 - INFO - [pipeline.py:47] - "PosterizationTransformer","levels=4"
2026-03-12 11:52:59,746 - INFO - [pipeline.py:154] - [Grade: F] Saved to: /Users/kenfasano/Scripts/ScreenArt/Images/Rejected/deml71_cxc_c1-F.jpg
2026-03-12 11:52:59,763 - INFO - [pipeline.py:47] - "TritoneTransformer","highlight=#8d1b9f,mid=#158579,shadow=#5cc5f5"
2026-03-12 11:52:59,778 - INFO - [pipeline.py:47] - "DataMoshTransformer","intensity=0.02"
2026-03-12 11:52:59,797 - INFO - [pipeline.py:47] - "HalftoneTransformer","size=2"
2026-03-12 11:52:59,804 - INFO - [pipeline.py:154] - [Grade: A] Saved to: /Users/kenfasano/Scripts/ScreenArt/Images/TransformedImages/surveyor3_ap12c_960-A.jpg
2026-03-12 11:52:59,821 - INFO - [pipeline.py:47] - "SwirlWarpTransformer","strength=1.50"
2026-03-12 11:52:59,847 - INFO - [pipeline.py:47] - "DuotoneTransformer","highlight=#850835,shadow=#3106f0"
2026-03-12 11:52:59,852 - INFO - [pipeline.py:47] - "ColormapTransformer","map=hsv"
2026-03-12 11:52:59,865 - INFO - [pipeline.py:47] - "AnamorphicTransformer","intensity=0.0,0.2,0.4,0.6,0.8,thresh=80"
2026-03-12 11:52:59,871 - INFO - [pipeline.py:154] - [Grade: C] Saved to: /Users/kenfasano/Scripts/ScreenArt/Images/TransformedImages/NGC6188_sadowski900r-C.jpg
2026-03-12 11:52:59,887 - INFO - [pipeline.py:47] - "RadialWarpTransformer","radius=0.25,strength=106.80606373658767,131.931195979206,45.41465292102089,style=push,push,pull"
2026-03-12 11:52:59,894 - INFO - [pipeline.py:47] - "ColormapTransformer","map=ocean"
2026-03-12 11:52:59,915 - INFO - [pipeline.py:47] - "MeltMorphTransformer","intensity=0.50"
2026-03-12 11:52:59,924 - INFO - [pipeline.py:154] - [Grade: A] Saved to: /Users/kenfasano/Scripts/ScreenArt/Images/TransformedImages/Cartwheel_Webb_960-A.jpg
2026-03-12 11:52:59,941 - INFO - [pipeline.py:47] - "SwirlWarpTransformer","strength=1.50"
2026-03-12 11:52:59,956 - INFO - [pipeline.py:47] - "FluidWarpTransformer","alpha=17.14,sigma=5.90"
2026-03-12 11:52:59,971 - INFO - [pipeline.py:47] - "HalftoneTransformer","size=2"
2026-03-12 11:52:59,977 - INFO - [pipeline.py:154] - [Grade: A] Saved to: /Users/kenfasano/Scripts/ScreenArt/Images/TransformedImages/MarsSharp_Curiosity_1080-A.jpg
2026-03-12 11:53:00,063 - INFO - [pipeline.py:47] - "XrayTransformer","colors=64"
2026-03-12 11:53:00,068 - INFO - [pipeline.py:47] - "RadialWarpTransformer","radius=0.25,strength=119.92422409778956,style=push"
2026-03-12 11:53:00,073 - INFO - [pipeline.py:47] - "FisheyeTransformer","shape=oval,strength=0.35,zoom=1.05"
2026-03-12 11:53:00,077 - INFO - [pipeline.py:154] - [Grade: F] Saved to: /Users/kenfasano/Scripts/ScreenArt/Images/Rejected/heic0407a_hst-F.jpg
2026-03-12 11:53:00,099 - INFO - [pipeline.py:47] - "MeltMorphTransformer","intensity=0.50"
2026-03-12 11:53:00,167 - INFO - [pipeline.py:47] - "WatercolorTransformer","scale=0.85,style=monet"
2026-03-12 11:53:00,173 - INFO - [pipeline.py:154] - [Grade: F] Saved to: /Users/kenfasano/Scripts/ScreenArt/Images/Rejected/VenusMoonSamePhase1024-F.jpg
2026-03-12 11:53:00,212 - INFO - [pipeline.py:47] - "GlitchWarpTransformer","intensity=0.01"
2026-03-12 11:53:00,225 - INFO - [pipeline.py:47] - "PosterizationTransformer","levels=4"
2026-03-12 11:53:00,246 - INFO - [pipeline.py:154] - [Grade: B] Saved to: /Users/kenfasano/Scripts/ScreenArt/Images/TransformedImages/nasa_earth_1_Jakarta_True_Color-B.jpeg
2026-03-12 11:53:00,263 - INFO - [pipeline.py:47] - "PosterizationTransformer","levels=4"
2026-03-12 11:53:00,282 - INFO - [pipeline.py:47] - "GlitchWarpTransformer","intensity=0.01"
2026-03-12 11:53:00,307 - INFO - [pipeline.py:47] - "ThermalImagingTransformer","thermal=True"
2026-03-12 11:53:00,336 - INFO - [pipeline.py:47] - "FractalWarpTransformer","iter=1,scale=0.05"
2026-03-12 11:53:00,347 - INFO - [pipeline.py:154] - [Grade: C] Saved to: /Users/kenfasano/Scripts/ScreenArt/Images/TransformedImages/noaa_goes_1_se_Air_Mass-C.jpeg
2026-03-12 11:53:00,621 - INFO - [pipeline.py:47] - "WheelTransformer","blend=normal,copies=3"
2026-03-12 11:53:00,667 - INFO - [pipeline.py:154] - [Grade: A] Saved to: /Users/kenfasano/Scripts/ScreenArt/Images/TransformedImages/The_Fran-A.jpeg
2026-03-12 11:53:00,909 - INFO - [pipeline.py:47] - "XrayTransformer","colors=64"
2026-03-12 11:53:00,971 - INFO - [pipeline.py:47] - "ThermalImagingTransformer","thermal=True"
2026-03-12 11:53:01,037 - INFO - [pipeline.py:47] - "RadialWarpTransformer","radius=0.25,strength=109.70753516317428,98.72563818858559,111.76500019873257,style=push,push,push"
2026-03-12 11:53:01,072 - INFO - [pipeline.py:154] - [Grade: B] Saved to: /Users/kenfasano/Scripts/ScreenArt/Images/TransformedImages/5967_Eel-B.jpeg
2026-03-12 11:53:01,207 - INFO - [pipeline.py:47] - "HalftoneTransformer","size=2"
2026-03-12 11:53:01,233 - INFO - [pipeline.py:47] - "ColormapTransformer","map=cool"
2026-03-12 11:53:01,310 - INFO - [pipeline.py:47] - "SwirlWarpTransformer","strength=1.50"
2026-03-12 11:53:01,346 - INFO - [pipeline.py:154] - [Grade: C] Saved to: /Users/kenfasano/Scripts/ScreenArt/Images/TransformedImages/Séismes.-C.jpeg
2026-03-12 11:53:01,452 - INFO - [pipeline.py:47] - "MeltMorphTransformer","intensity=0.50"
2026-03-12 11:53:01,499 - INFO - [pipeline.py:47] - "GlitchWarpTransformer","intensity=0.01"
2026-03-12 11:53:01,562 - INFO - [pipeline.py:47] - "DataMoshTransformer","intensity=0.01"
2026-03-12 11:53:01,591 - INFO - [pipeline.py:154] - [Grade: A] Saved to: /Users/kenfasano/Scripts/ScreenArt/Images/TransformedImages/Donna_Ve-A.jpeg
2026-03-12 11:53:01,815 - INFO - [pipeline.py:47] - "WatercolorTransformer","scale=0.85,style=monet"
2026-03-12 11:53:01,864 - INFO - [pipeline.py:47] - "HalftoneTransformer","size=2"
2026-03-12 11:53:01,957 - INFO - [pipeline.py:47] - "DuotoneTransformer","highlight=#2576ff,shadow=#a6bd1a"
2026-03-12 11:53:01,993 - INFO - [pipeline.py:47] - "ThermalImagingTransformer","thermal=True"
2026-03-12 11:53:02,010 - INFO - [pipeline.py:154] - [Grade: A] Saved to: /Users/kenfasano/Scripts/ScreenArt/Images/TransformedImages/1280px-De_Deuts-A.jpeg
2026-03-12 11:53:02,011 - INFO - [pipeline.py:47] - "ThermalImagingTransformer","thermal=True"
2026-03-12 11:53:02,011 - INFO - [pipeline.py:47] - "FlipWilsonTransformer","keep=bottom,narrow=0.21"
2026-03-12 11:53:02,011 - INFO - [pipeline.py:154] - [Grade: C] Saved to: /Users/kenfasano/Scripts/ScreenArt/Images/TransformedImages/20px-Kit_right_-C.jpeg
2026-03-12 11:53:02,032 - INFO - [pipeline.py:47] - "PosterizationTransformer","levels=4"
2026-03-12 11:53:02,060 - INFO - [pipeline.py:47] - "GlitchWarpTransformer","intensity=0.01"
2026-03-12 11:53:02,112 - INFO - [pipeline.py:47] - "HalftoneTransformer","size=2"
2026-03-12 11:53:02,143 - INFO - [pipeline.py:47] - "FluidWarpTransformer","alpha=11.50,sigma=1.27"
2026-03-12 11:53:02,161 - INFO - [pipeline.py:154] - [Grade: A] Saved to: /Users/kenfasano/Scripts/ScreenArt/Images/TransformedImages/lojong_2-A-tile.jpeg
2026-03-12 11:53:02,268 - INFO - [pipeline.py:47] - "WheelTransformer","blend=normal,copies=3"
2026-03-12 11:53:02,286 - INFO - [pipeline.py:154] - [Grade: A] Saved to: /Users/kenfasano/Scripts/ScreenArt/Images/TransformedImages/lojong_3-A-columns.jpeg
2026-03-12 11:53:02,327 - INFO - [pipeline.py:47] - "TritoneTransformer","highlight=#ad2735,mid=#285a3a,shadow=#4876e7"
2026-03-12 11:53:02,428 - INFO - [pipeline.py:47] - "WheelTransformer","blend=normal,copies=3"
2026-03-12 11:53:02,446 - INFO - [pipeline.py:154] - [Grade: A] Saved to: /Users/kenfasano/Scripts/ScreenArt/Images/TransformedImages/lojong_8-A-columns.jpeg
2026-03-12 11:53:02,468 - INFO - [pipeline.py:47] - "PosterizationTransformer","levels=4"
2026-03-12 11:53:02,493 - INFO - [pipeline.py:47] - "RadialWarpTransformer","radius=0.25,strength=69.90318057089829,112.90602807414875,81.95798660124584,style=push,pull,push"
2026-03-12 11:53:02,556 - INFO - [pipeline.py:47] - "FlipWilsonTransformer","keep=bottom,narrow=0.21"
2026-03-12 11:53:02,587 - INFO - [pipeline.py:47] - "TritoneTransformer","highlight=#43cc54,mid=#21bbfe,shadow=#6aa4cd"
2026-03-12 11:53:02,604 - INFO - [pipeline.py:154] - [Grade: F] Saved to: /Users/kenfasano/Scripts/ScreenArt/Images/Rejected/lojong_4-F-tile.jpeg
2026-03-12 11:53:02,648 - INFO - [pipeline.py:47] - "SwirlWarpTransformer","strength=1.50"
2026-03-12 11:53:02,748 - INFO - [pipeline.py:47] - "WheelTransformer","blend=normal,copies=3"
2026-03-12 11:53:02,765 - INFO - [pipeline.py:154] - [Grade: A] Saved to: /Users/kenfasano/Scripts/ScreenArt/Images/TransformedImages/lojong_5-A-hero.jpeg
2026-03-12 11:53:02,786 - INFO - [pipeline.py:47] - "ColormapTransformer","map=autumn"
2026-03-12 11:53:02,803 - INFO - [pipeline.py:154] - [Grade: A] Saved to: /Users/kenfasano/Scripts/ScreenArt/Images/TransformedImages/lojong_9-A-tile.jpeg
2026-03-12 11:53:02,841 - INFO - [pipeline.py:47] - "ThreeDExtrusionTransformer","ambient=0.26,intensity=0.50"
2026-03-12 11:53:02,865 - INFO - [pipeline.py:47] - "FisheyeTransformer","shape=circle,strength=0.76,zoom=0.87"
2026-03-12 11:53:02,882 - INFO - [pipeline.py:154] - [Grade: F] Saved to: /Users/kenfasano/Scripts/ScreenArt/Images/Rejected/lojong_6-F-scatter.jpeg
2026-03-12 11:53:02,923 - INFO - [pipeline.py:47] - "FluidWarpTransformer","alpha=19.92,sigma=2.79"
2026-03-12 11:53:02,943 - INFO - [pipeline.py:47] - "RadialWarpTransformer","radius=0.25,strength=122.70370996854999,101.4719567850792,style=pull,pull"
2026-03-12 11:53:02,956 - INFO - [pipeline.py:47] - "ColormapTransformer","map=bone"
2026-03-12 11:53:02,974 - INFO - [pipeline.py:154] - [Grade: B] Saved to: /Users/kenfasano/Scripts/ScreenArt/Images/TransformedImages/lojong_7-B-hero.jpeg
2026-03-12 11:53:03,041 - INFO - [pipeline.py:47] - "FlipWilsonTransformer","keep=bottom,narrow=0.21"
2026-03-12 11:53:03,057 - INFO - [pipeline.py:154] - [Grade: A] Saved to: /Users/kenfasano/Scripts/ScreenArt/Images/TransformedImages/lojong_0-A-scatter.jpeg
2026-03-12 11:53:03,087 - INFO - [pipeline.py:47] - "FisheyeTransformer","shape=oval,strength=0.58,zoom=1.12"
2026-03-12 11:53:03,117 - INFO - [pipeline.py:47] - "TritoneTransformer","highlight=#9d29d3,mid=#794b65,shadow=#a5c3b5"
2026-03-12 11:53:03,133 - INFO - [pipeline.py:154] - [Grade: F] Saved to: /Users/kenfasano/Scripts/ScreenArt/Images/Rejected/lojong_1-F-scatter.jpeg
2026-03-12 11:53:03,157 - INFO - [pipeline.py:47] - "ColormapTransformer","map=spring"
2026-03-12 11:53:03,177 - INFO - [pipeline.py:154] - [Grade: A] Saved to: /Users/kenfasano/Scripts/ScreenArt/Images/TransformedImages/psalms_83-A-tile.jpeg
2026-03-12 11:53:03,316 - INFO - [pipeline.py:47] - "XrayTransformer","colors=64"
2026-03-12 11:53:03,333 - INFO - [pipeline.py:154] - [Grade: C] Saved to: /Users/kenfasano/Scripts/ScreenArt/Images/TransformedImages/psalms_41-C-hero.jpeg
2026-03-12 11:53:03,386 - INFO - [pipeline.py:47] - "AnamorphicTransformer","intensity=0.0,0.2,0.4,0.6,0.8,thresh=80"
2026-03-12 11:53:03,415 - INFO - [pipeline.py:47] - "FluidWarpTransformer","alpha=12.20,sigma=1.42"
2026-03-12 11:53:03,469 - INFO - [pipeline.py:47] - "MeltMorphTransformer","intensity=0.50"
2026-03-12 11:53:03,479 - INFO - [pipeline.py:47] - "InvertRGBTransformer","blend=0.50"
2026-03-12 11:53:03,496 - INFO - [pipeline.py:154] - [Grade: F] Saved to: /Users/kenfasano/Scripts/ScreenArt/Images/Rejected/psalms_110-F-tile.jpeg
2026-03-12 11:53:03,514 - INFO - [pipeline.py:47] - "InvertRGBTransformer","blend=0.77"
2026-03-12 11:53:03,531 - INFO - [pipeline.py:154] - [Grade: F] Saved to: /Users/kenfasano/Scripts/ScreenArt/Images/Rejected/psalms_137-F-hero.jpeg
2026-03-12 11:53:03,582 - INFO - [pipeline.py:47] - "DataMoshTransformer","intensity=0.02"
2026-03-12 11:53:03,631 - INFO - [pipeline.py:47] - "FluidWarpTransformer","alpha=3.17,sigma=6.94"
2026-03-12 11:53:03,788 - INFO - [pipeline.py:47] - "XrayTransformer","colors=64"
2026-03-12 11:53:03,822 - INFO - [pipeline.py:47] - "FractalWarpTransformer","iter=1,scale=0.05"
2026-03-12 11:53:03,840 - INFO - [pipeline.py:154] - [Grade: C] Saved to: /Users/kenfasano/Scripts/ScreenArt/Images/TransformedImages/psalms_50-C-columns.jpeg
2026-03-12 11:53:03,881 - INFO - [pipeline.py:47] - "ThreeDExtrusionTransformer","ambient=0.30,intensity=0.50"
2026-03-12 11:53:03,899 - INFO - [pipeline.py:154] - [Grade: C] Saved to: /Users/kenfasano/Scripts/ScreenArt/Images/TransformedImages/psalms_116-C-tile.jpeg
2026-03-12 11:53:04,130 - INFO - [pipeline.py:47] - "WatercolorTransformer","scale=0.85,style=psychedelic"
2026-03-12 11:53:04,223 - INFO - [pipeline.py:47] - "DuotoneTransformer","highlight=#35b6fc,shadow=#dad52a"
2026-03-12 11:53:04,264 - INFO - [pipeline.py:47] - "FractalWarpTransformer","iter=1,scale=0.05"
2026-03-12 11:53:04,281 - INFO - [pipeline.py:154] - [Grade: A] Saved to: /Users/kenfasano/Scripts/ScreenArt/Images/TransformedImages/psalms_69-A-scatter.jpeg
2026-03-12 11:53:04,353 - INFO - [pipeline.py:47] - "AnamorphicTransformer","intensity=0.0,0.2,0.4,0.6,0.8,thresh=80"
2026-03-12 11:53:04,388 - INFO - [pipeline.py:47] - "ThermalImagingTransformer","thermal=True"
2026-03-12 11:53:04,606 - INFO - [pipeline.py:47] - "WatercolorTransformer","scale=0.85,style=psychedelic"
2026-03-12 11:53:04,643 - INFO - [pipeline.py:47] - "DataMoshTransformer","intensity=0.02"
2026-03-12 11:53:04,662 - INFO - [pipeline.py:154] - [Grade: B] Saved to: /Users/kenfasano/Scripts/ScreenArt/Images/TransformedImages/psalms_138-B-tile.jpeg
2026-03-12 11:53:04,702 - INFO - [pipeline.py:47] - "ThreeDExtrusionTransformer","ambient=0.26,intensity=0.50"
2026-03-12 11:53:04,725 - INFO - [pipeline.py:47] - "FisheyeTransformer","shape=oval,strength=0.27,zoom=1.08"
2026-03-12 11:53:04,785 - INFO - [pipeline.py:47] - "AnamorphicTransformer","intensity=0.0,0.2,0.4,0.6,0.8,thresh=80"
2026-03-12 11:53:04,814 - INFO - [pipeline.py:47] - "FluidWarpTransformer","alpha=12.78,sigma=1.18"
2026-03-12 11:53:04,833 - INFO - [pipeline.py:154] - [Grade: B] Saved to: /Users/kenfasano/Scripts/ScreenArt/Images/TransformedImages/psalms_3-B-tile.jpeg
2026-03-12 11:53:04,894 - INFO - [pipeline.py:47] - "MeltMorphTransformer","intensity=0.50"
2026-03-12 11:53:04,954 - INFO - [pipeline.py:47] - "FlipWilsonTransformer","keep=bottom,narrow=0.21"
2026-03-12 11:53:04,972 - INFO - [pipeline.py:154] - [Grade: C] Saved to: /Users/kenfasano/Scripts/ScreenArt/Images/TransformedImages/psalms_63-C-hero.jpeg
2026-03-12 11:53:04,994 - INFO - [pipeline.py:47] - "FlipWilsonTransformer","keep=bottom,narrow=0.21"
2026-03-12 11:53:05,000 - INFO - [pipeline.py:154] - [Grade: A] Saved to: /Users/kenfasano/Scripts/ScreenArt/Images/TransformedImages/peripheral_drift_2-A.jpeg
2026-03-12 11:53:05,019 - INFO - [pipeline.py:47] - "AnamorphicTransformer","intensity=0.0,0.2,0.4,0.6,0.8,thresh=80"
2026-03-12 11:53:05,047 - INFO - [pipeline.py:47] - "DuotoneTransformer","highlight=#7d4f36,shadow=#f30ce0"
2026-03-12 11:53:05,058 - INFO - [pipeline.py:47] - "ThermalImagingTransformer","thermal=True"
2026-03-12 11:53:05,063 - INFO - [pipeline.py:154] - [Grade: A] Saved to: /Users/kenfasano/Scripts/ScreenArt/Images/TransformedImages/peripheral_drift_3-A.jpeg
2026-03-12 11:53:05,069 - INFO - [pipeline.py:47] - "InvertRGBTransformer","blend=0.69"
2026-03-12 11:53:05,079 - INFO - [pipeline.py:47] - "TritoneTransformer","highlight=#2c10b7,mid=#4430b2,shadow=#468d99"
2026-03-12 11:53:05,084 - INFO - [pipeline.py:154] - [Grade: F] Saved to: /Users/kenfasano/Scripts/ScreenArt/Images/Rejected/peripheral_drift_1-F.jpeg
2026-03-12 11:53:05,085 - INFO - [main.py:196] - WatercolorTransformer
2026-03-12 11:53:05,085 - INFO - [main.py:196] - XrayTransformer
2026-03-12 11:53:05,085 - INFO - [main.py:196] - WheelTransformer
2026-03-12 11:53:05,085 - INFO - [main.py:196] - DuotoneTransformer
2026-03-12 11:53:05,085 - INFO - [main.py:196] - FlipWilsonTransformer
2026-03-12 11:53:05,085 - INFO - [main.py:196] - HalftoneTransformer
2026-03-12 11:53:05,085 - INFO - [main.py:196] - AnamorphicTransformer
2026-03-12 11:53:05,085 - INFO - [main.py:196] - MeltMorphTransformer
2026-03-12 11:53:05,085 - INFO - [main.py:196] - DataMoshTransformer
2026-03-12 11:53:05,085 - INFO - [main.py:196] - SwirlWarpTransformer
2026-03-12 11:53:05,085 - INFO - [main.py:196] - FractalWarpTransformer
2026-03-12 11:53:05,085 - INFO - [main.py:196] - FluidWarpTransformer
2026-03-12 11:53:05,085 - INFO - [main.py:196] - ThreeDExtrusionTransformer
2026-03-12 11:53:05,085 - INFO - [main.py:196] - ThermalImagingTransformer
2026-03-12 11:53:05,085 - INFO - [main.py:196] - GlitchWarpTransformer
2026-03-12 11:53:05,085 - INFO - [main.py:196] - RadialWarpTransformer
2026-03-12 11:53:05,085 - INFO - [main.py:196] - TritoneTransformer
2026-03-12 11:53:05,085 - INFO - [main.py:196] - FisheyeTransformer
2026-03-12 11:53:05,085 - INFO - [main.py:196] - ColormapTransformer
2026-03-12 11:53:05,085 - INFO - [main.py:196] - PosterizationTransformer
2026-03-12 11:53:05,085 - INFO - [main.py:196] - InvertRGBTransformer
2026-03-12 11:53:05,085 - INFO - [main.py:239] - 25s@11:53 ✓
Accepted: 44
Rejected: 14
---
Bible                      ->  7171ms
Wiki                       ->  4730ms
Lojong                     ->  2129ms
Nasa                       ->   824ms
Cubes                      ->   518ms
GoesGenerator              ->   431ms
Bubbles                    ->   314ms
NasaMapGenerator           ->   306ms
PeripheralDriftIllusion    ->    43ms
---
WatercolorTransformer      -> Min:    68ms | Avg:   192ms | Max:   235ms
XrayTransformer            -> Min:    82ms | Avg:   127ms | Max:   224ms
WheelTransformer           -> Min:    98ms | Avg:   119ms | Max:   239ms
DuotoneTransformer         -> Min:    26ms | Avg:    61ms | Max:    96ms
FlipWilsonTransformer      -> Min:     0ms | Avg:    53ms | Max:    68ms
HalftoneTransformer        -> Min:    15ms | Avg:    46ms | Max:   120ms
AnamorphicTransformer      -> Min:    13ms | Avg:    46ms | Max:    63ms
MeltMorphTransformer       -> Min:    18ms | Avg:    45ms | Max:    94ms
DataMoshTransformer        -> Min:    15ms | Avg:    38ms | Max:    63ms
SwirlWarpTransformer       -> Min:    12ms | Avg:    36ms | Max:    77ms
FractalWarpTransformer     -> Min:    28ms | Avg:    34ms | Max:    41ms
FluidWarpTransformer       -> Min:    15ms | Avg:    32ms | Max:    48ms
ThreeDExtrusionTransformer -> Min:    30ms | Avg:    31ms | Max:    31ms
ThermalImagingTransformer  -> Min:     0ms | Avg:    29ms | Max:    62ms
GlitchWarpTransformer      -> Min:    19ms | Avg:    29ms | Max:    47ms
RadialWarpTransformer      -> Min:     4ms | Avg:    25ms | Max:    66ms
TritoneTransformer         -> Min:     4ms | Avg:    21ms | Max:    33ms
FisheyeTransformer         -> Min:     5ms | Avg:    17ms | Max:    32ms
ColormapTransformer        -> Min:     5ms | Avg:    13ms | Max:    26ms
PosterizationTransformer   -> Min:     1ms | Avg:    11ms | Max:    13ms
InvertRGBTransformer       -> Min:     1ms | Avg:     8ms | Max:    12ms
