2026-03-14 07:05:02,171 - INFO - [pipeline.py:136] - "HalftoneTransformer","size=2"
2026-03-14 07:05:02,209 - INFO - [pipeline.py:136] - "DataMoshTransformer","intensity=0.02"
2026-03-14 07:05:02,226 - INFO - [pipeline.py:229] - [Grade: A] Saved to: /Users/kenfasano/Scripts/ScreenArt/Images/TransformedImages/bubbles_4-A.jpeg
2026-03-14 07:05:02,245 - INFO - [pipeline.py:136] - "PosterizationTransformer","levels=4"
2026-03-14 07:05:02,353 - INFO - [pipeline.py:136] - "FlipWilsonTransformer","keep=top_left,narrow=0.26"
2026-03-14 07:05:02,370 - INFO - [pipeline.py:229] - [Grade: A] Saved to: /Users/kenfasano/Scripts/ScreenArt/Images/TransformedImages/bubbles_8-A.jpeg
2026-03-14 07:05:02,414 - INFO - [pipeline.py:136] - "ThermalImagingTransformer","thermal=True"
2026-03-14 07:05:02,427 - INFO - [pipeline.py:136] - "ColormapTransformer","map=hsv"
2026-03-14 07:05:02,445 - INFO - [pipeline.py:229] - [Grade: C] Saved to: /Users/kenfasano/Scripts/ScreenArt/Images/TransformedImages/bubbles_9-C.jpeg
2026-03-14 07:05:02,490 - INFO - [pipeline.py:136] - "DataMoshTransformer","intensity=0.01"
2026-03-14 07:05:02,517 - INFO - [pipeline.py:136] - "GlitchWarpTransformer","intensity=0.01"
2026-03-14 07:05:02,555 - INFO - [pipeline.py:136] - "ThermalImagingTransformer","thermal=True"
2026-03-14 07:05:02,575 - INFO - [pipeline.py:229] - [Grade: B] Saved to: /Users/kenfasano/Scripts/ScreenArt/Images/TransformedImages/bubbles_5-B.jpeg
2026-03-14 07:05:02,760 - INFO - [pipeline.py:136] - "WheelTransformer","blend=lighter,copies=5"
2026-03-14 07:05:02,773 - INFO - [pipeline.py:136] - "ColormapTransformer","map=rainbow"
2026-03-14 07:05:02,792 - INFO - [pipeline.py:229] - [Grade: A] Saved to: /Users/kenfasano/Scripts/ScreenArt/Images/TransformedImages/bubbles_2-A.jpeg
2026-03-14 07:05:02,829 - INFO - [pipeline.py:136] - "FisheyeTransformer","shape=oval,strength=0.51,zoom=1.04"
2026-03-14 07:05:02,842 - INFO - [pipeline.py:136] - "ColormapTransformer","map=hot"
2026-03-14 07:05:02,880 - INFO - [pipeline.py:136] - "ThermalImagingTransformer","thermal=True"
2026-03-14 07:05:02,899 - INFO - [pipeline.py:229] - [Grade: A] Saved to: /Users/kenfasano/Scripts/ScreenArt/Images/TransformedImages/bubbles_3-A.jpeg
2026-03-14 07:05:02,930 - INFO - [pipeline.py:136] - "RadialWarpTransformer","radius=0.25,strength=61.639376224860946,69.98983322791254,109.83797076010825,style=push,pull,push"
2026-03-14 07:05:02,979 - INFO - [pipeline.py:136] - "HalftoneTransformer","size=2"
2026-03-14 07:05:03,018 - INFO - [pipeline.py:136] - "SwirlWarpTransformer","strength=1.50"
2026-03-14 07:05:03,034 - INFO - [pipeline.py:229] - [Grade: F] Saved to: /Users/kenfasano/Scripts/ScreenArt/Images/Rejected/bubbles_10-F.jpeg
2026-03-14 07:05:03,225 - INFO - [pipeline.py:136] - "XrayTransformer","colors=256"
2026-03-14 07:05:03,273 - INFO - [pipeline.py:136] - "HalftoneTransformer","size=2"
2026-03-14 07:05:03,286 - INFO - [pipeline.py:136] - "PosterizationTransformer","levels=4"
2026-03-14 07:05:03,303 - INFO - [pipeline.py:229] - [Grade: B] Saved to: /Users/kenfasano/Scripts/ScreenArt/Images/TransformedImages/bubbles_1-B.jpeg
2026-03-14 07:05:03,529 - INFO - [pipeline.py:136] - "WatercolorTransformer","scale=0.85,style=psychedelic"
2026-03-14 07:05:03,542 - INFO - [pipeline.py:136] - "ColormapTransformer","map=jet"
2026-03-14 07:05:03,578 - INFO - [pipeline.py:136] - "DataMoshTransformer","intensity=0.01"
2026-03-14 07:05:03,606 - INFO - [pipeline.py:136] - "GlitchWarpTransformer","intensity=0.01"
2026-03-14 07:05:03,627 - INFO - [pipeline.py:229] - [Grade: A] Saved to: /Users/kenfasano/Scripts/ScreenArt/Images/TransformedImages/bubbles_6-A.jpeg
2026-03-14 07:05:03,810 - INFO - [pipeline.py:136] - "WheelTransformer","blend=lighter,copies=5"
2026-03-14 07:05:03,827 - INFO - [pipeline.py:229] - [Grade: C] Saved to: /Users/kenfasano/Scripts/ScreenArt/Images/TransformedImages/bubbles_7-C.jpeg
2026-03-14 07:05:03,868 - INFO - [pipeline.py:136] - "FractalWarpTransformer","iter=1,scale=0.05"
2026-03-14 07:05:03,887 - INFO - [pipeline.py:136] - "RadialWarpTransformer","radius=0.25,strength=107.7020258279642,44.6048766145863,style=pull,push"
2026-03-14 07:05:03,903 - INFO - [pipeline.py:229] - [Grade: A] Saved to: /Users/kenfasano/Scripts/ScreenArt/Images/TransformedImages/cubes_2-A.jpeg
2026-03-14 07:05:03,947 - INFO - [pipeline.py:136] - "SwirlWarpTransformer","strength=1.50"
2026-03-14 07:05:03,994 - INFO - [pipeline.py:136] - "HalftoneTransformer","size=2"
2026-03-14 07:05:04,010 - INFO - [pipeline.py:229] - [Grade: A] Saved to: /Users/kenfasano/Scripts/ScreenArt/Images/TransformedImages/cubes_3-A.jpeg
2026-03-14 07:05:04,029 - INFO - [pipeline.py:136] - "ColormapTransformer","map=jet"
2026-03-14 07:05:04,240 - INFO - [pipeline.py:136] - "WatercolorTransformer","scale=0.85,style=monet"
2026-03-14 07:05:04,257 - INFO - [pipeline.py:229] - [Grade: A] Saved to: /Users/kenfasano/Scripts/ScreenArt/Images/TransformedImages/cubes_4-A.jpeg
2026-03-14 07:05:04,441 - INFO - [pipeline.py:136] - "WheelTransformer","blend=lighter,copies=5"
2026-03-14 07:05:04,486 - INFO - [pipeline.py:136] - "FluidWarpTransformer","alpha=18.27,sigma=6.03"
2026-03-14 07:05:04,503 - INFO - [pipeline.py:229] - [Grade: A] Saved to: /Users/kenfasano/Scripts/ScreenArt/Images/TransformedImages/cubes_5-A.jpeg
2026-03-14 07:05:04,547 - INFO - [pipeline.py:136] - "DataMoshTransformer","intensity=0.02"
2026-03-14 07:05:04,584 - INFO - [pipeline.py:136] - "ThermalImagingTransformer","thermal=True"
2026-03-14 07:05:04,606 - INFO - [pipeline.py:136] - "RadialWarpTransformer","radius=0.25,strength=80.51888513220861,137.7496603213732,style=push,pull"
2026-03-14 07:05:04,624 - INFO - [pipeline.py:229] - [Grade: A] Saved to: /Users/kenfasano/Scripts/ScreenArt/Images/TransformedImages/cubes_6-A.jpeg
2026-03-14 07:05:04,666 - INFO - [pipeline.py:136] - "ThermalImagingTransformer","thermal=True"
2026-03-14 07:05:04,692 - INFO - [pipeline.py:136] - "FisheyeTransformer","shape=oval,strength=0.61,zoom=0.99"
2026-03-14 07:05:04,708 - INFO - [pipeline.py:229] - [Grade: A] Saved to: /Users/kenfasano/Scripts/ScreenArt/Images/TransformedImages/cubes_1-A.jpeg
2026-03-14 07:05:04,722 - INFO - [pipeline.py:136] - "FisheyeTransformer","shape=circle,strength=0.56,zoom=0.90"
2026-03-14 07:05:04,729 - INFO - [pipeline.py:229] - [Grade: C] Saved to: /Users/kenfasano/Scripts/ScreenArt/Images/TransformedImages/MeteorStreak_Kuszaj_1080-C.jpg
2026-03-14 07:05:04,739 - INFO - [pipeline.py:136] - "FluidWarpTransformer","alpha=8.21,sigma=4.07"
2026-03-14 07:05:04,742 - INFO - [pipeline.py:136] - "ColormapTransformer","map=hot"
2026-03-14 07:05:04,763 - INFO - [pipeline.py:136] - "FlipWilsonTransformer","keep=top_left,narrow=0.26"
2026-03-14 07:05:04,769 - INFO - [pipeline.py:136] - "FisheyeTransformer","shape=oval,strength=0.38,zoom=0.90"
2026-03-14 07:05:04,773 - INFO - [pipeline.py:229] - [Grade: C] Saved to: /Users/kenfasano/Scripts/ScreenArt/Images/TransformedImages/STS123Endeavour_08pd0714_d800-C.jpg
2026-03-14 07:05:04,783 - INFO - [pipeline.py:136] - "FisheyeTransformer","shape=circle,strength=0.57,zoom=0.95"
2026-03-14 07:05:04,789 - INFO - [pipeline.py:229] - [Grade: A] Saved to: /Users/kenfasano/Scripts/ScreenArt/Images/TransformedImages/GaleCraterMars_themis900-A.jpg
2026-03-14 07:05:04,828 - INFO - [pipeline.py:136] - "FlipWilsonTransformer","keep=top_left,narrow=0.26"
2026-03-14 07:05:04,840 - INFO - [pipeline.py:136] - "DataMoshTransformer","intensity=0.01"
2026-03-14 07:05:04,892 - INFO - [pipeline.py:136] - "WheelTransformer","blend=lighter,copies=5"
2026-03-14 07:05:04,898 - INFO - [pipeline.py:229] - [Grade: A] Saved to: /Users/kenfasano/Scripts/ScreenArt/Images/TransformedImages/bhbinary_xmm_960-A.jpg
2026-03-14 07:05:04,902 - INFO - [pipeline.py:136] - "RadialWarpTransformer","radius=0.25,strength=105.17615705642783,style=push"
2026-03-14 07:05:04,904 - INFO - [pipeline.py:136] - "ColormapTransformer","map=ocean"
2026-03-14 07:05:04,918 - INFO - [pipeline.py:136] - "XrayTransformer","colors=64"
2026-03-14 07:05:04,924 - INFO - [pipeline.py:136] - "DataMoshTransformer","intensity=0.02"
2026-03-14 07:05:04,926 - INFO - [pipeline.py:229] - [Grade: C] Saved to: /Users/kenfasano/Scripts/ScreenArt/Images/TransformedImages/europa1_gal_c1-C.jpg
2026-03-14 07:05:04,945 - INFO - [pipeline.py:136] - "RadialWarpTransformer","radius=0.25,strength=56.930491838964464,105.53792768251735,45.30282232793901,style=push,push,push"
2026-03-14 07:05:04,950 - INFO - [pipeline.py:136] - "ColormapTransformer","map=rainbow"
2026-03-14 07:05:04,966 - INFO - [pipeline.py:136] - "ThermalImagingTransformer","thermal=True"
2026-03-14 07:05:04,981 - INFO - [pipeline.py:136] - "SwirlWarpTransformer","strength=1.50"
2026-03-14 07:05:04,991 - INFO - [pipeline.py:229] - [Grade: B] Saved to: /Users/kenfasano/Scripts/ScreenArt/Images/TransformedImages/HelixGoldmanSmall-B.jpg
2026-03-14 07:05:05,002 - INFO - [pipeline.py:136] - "FluidWarpTransformer","alpha=18.09,sigma=7.12"
2026-03-14 07:05:05,026 - INFO - [pipeline.py:136] - "XrayTransformer","colors=128"
2026-03-14 07:05:05,029 - INFO - [pipeline.py:136] - "ColormapTransformer","map=winter"
2026-03-14 07:05:05,076 - INFO - [pipeline.py:136] - "WatercolorTransformer","scale=0.85,style=psychedelic"
2026-03-14 07:05:05,080 - INFO - [pipeline.py:229] - [Grade: C] Saved to: /Users/kenfasano/Scripts/ScreenArt/Images/TransformedImages/aristarchus_100407friedman_800c-C.jpg
2026-03-14 07:05:05,109 - INFO - [pipeline.py:136] - "WheelTransformer","blend=lighter,copies=5"
2026-03-14 07:05:05,112 - INFO - [pipeline.py:229] - [Grade: A] Saved to: /Users/kenfasano/Scripts/ScreenArt/Images/TransformedImages/starcollage_dreamcircle-A.jpg
2026-03-14 07:05:05,117 - INFO - [pipeline.py:136] - "PosterizationTransformer","levels=4"
2026-03-14 07:05:05,132 - INFO - [pipeline.py:136] - "FlipWilsonTransformer","keep=top_left,narrow=0.26"
2026-03-14 07:05:05,138 - INFO - [pipeline.py:136] - "ThermalImagingTransformer","thermal=True"
2026-03-14 07:05:05,141 - INFO - [pipeline.py:229] - [Grade: B] Saved to: /Users/kenfasano/Scripts/ScreenArt/Images/TransformedImages/earthsmog_sts092-B.jpg
2026-03-14 07:05:05,158 - INFO - [pipeline.py:136] - "DataMoshTransformer","intensity=0.02"
2026-03-14 07:05:05,164 - INFO - [pipeline.py:136] - "FisheyeTransformer","shape=circle,strength=0.44,zoom=0.93"
2026-03-14 07:05:05,175 - INFO - [pipeline.py:136] - "SwirlWarpTransformer","strength=1.50"
2026-03-14 07:05:05,180 - INFO - [pipeline.py:229] - [Grade: A] Saved to: /Users/kenfasano/Scripts/ScreenArt/Images/TransformedImages/volcano_reitze_960-A.jpg
2026-03-14 07:05:05,211 - INFO - [pipeline.py:136] - "FractalWarpTransformer","iter=1,scale=0.05"
2026-03-14 07:05:05,223 - INFO - [pipeline.py:229] - [Grade: A] Saved to: /Users/kenfasano/Scripts/ScreenArt/Images/TransformedImages/CometATLAS_Danin_1080-A.jpg
2026-03-14 07:05:05,253 - INFO - [pipeline.py:136] - "FisheyeTransformer","shape=circle,strength=0.55,zoom=0.92"
2026-03-14 07:05:05,283 - INFO - [pipeline.py:136] - "ThermalImagingTransformer","thermal=True"
2026-03-14 07:05:05,298 - INFO - [pipeline.py:229] - [Grade: F] Saved to: /Users/kenfasano/Scripts/ScreenArt/Images/Rejected/nasa_earth_1_Beijing_True_Color-F.jpeg
2026-03-14 07:05:05,465 - INFO - [pipeline.py:136] - "WatercolorTransformer","scale=0.85,style=monet"
2026-03-14 07:05:05,477 - INFO - [pipeline.py:229] - [Grade: A] Saved to: /Users/kenfasano/Scripts/ScreenArt/Images/TransformedImages/noaa_goes_1_se_Sandwich_RGB-A.jpeg
2026-03-14 07:05:05,562 - INFO - [pipeline.py:136] - "MeltMorphTransformer","intensity=0.50"
2026-03-14 07:05:05,581 - INFO - [pipeline.py:136] - "PosterizationTransformer","levels=4"
2026-03-14 07:05:05,616 - INFO - [pipeline.py:136] - "GlitchWarpTransformer","intensity=0.01"
2026-03-14 07:05:05,663 - INFO - [pipeline.py:136] - "FractalWarpTransformer","iter=1,scale=0.05"
2026-03-14 07:05:05,686 - INFO - [pipeline.py:229] - [Grade: A] Saved to: /Users/kenfasano/Scripts/ScreenArt/Images/TransformedImages/Helmersh-A.jpeg
2026-03-14 07:05:05,740 - INFO - [pipeline.py:136] - "ThermalImagingTransformer","thermal=True"
2026-03-14 07:05:05,875 - INFO - [pipeline.py:136] - "FlipWilsonTransformer","keep=top_left,narrow=0.26"
2026-03-14 07:05:05,898 - INFO - [pipeline.py:229] - [Grade: A] Saved to: /Users/kenfasano/Scripts/ScreenArt/Images/TransformedImages/Terlinde-A.jpeg
2026-03-14 07:05:06,123 - INFO - [pipeline.py:136] - "WheelTransformer","blend=lighter,copies=5"
2026-03-14 07:05:06,146 - INFO - [pipeline.py:229] - [Grade: A] Saved to: /Users/kenfasano/Scripts/ScreenArt/Images/TransformedImages/Wikitech-A.jpeg
2026-03-14 07:05:06,431 - INFO - [pipeline.py:136] - "FlipWilsonTransformer","keep=top_left,narrow=0.26"
2026-03-14 07:05:06,474 - INFO - [pipeline.py:229] - [Grade: A] Saved to: /Users/kenfasano/Scripts/ScreenArt/Images/TransformedImages/Skramník-A.jpeg
2026-03-14 07:05:06,521 - INFO - [pipeline.py:136] - "FisheyeTransformer","shape=circle,strength=0.72,zoom=0.94"
2026-03-14 07:05:06,599 - INFO - [pipeline.py:136] - "MeltMorphTransformer","intensity=0.50"
2026-03-14 07:05:06,660 - INFO - [pipeline.py:136] - "SwirlWarpTransformer","strength=1.50"
2026-03-14 07:05:06,684 - INFO - [pipeline.py:229] - [Grade: A] Saved to: /Users/kenfasano/Scripts/ScreenArt/Images/TransformedImages/D15_11-A.jpeg
2026-03-14 07:05:06,934 - INFO - [pipeline.py:136] - "WatercolorTransformer","scale=0.85,style=psychedelic"
2026-03-14 07:05:06,952 - INFO - [pipeline.py:229] - [Grade: A] Saved to: /Users/kenfasano/Scripts/ScreenArt/Images/TransformedImages/1280px-Token_in-A.jpeg
2026-03-14 07:05:06,997 - INFO - [pipeline.py:136] - "ThermalImagingTransformer","thermal=True"
2026-03-14 07:05:07,046 - INFO - [pipeline.py:136] - "FluidWarpTransformer","alpha=12.96,sigma=7.19"
2026-03-14 07:05:07,093 - INFO - [pipeline.py:136] - "HalftoneTransformer","size=2"
2026-03-14 07:05:07,146 - INFO - [pipeline.py:136] - "MeltMorphTransformer","intensity=0.50"
2026-03-14 07:05:07,162 - INFO - [pipeline.py:229] - [Grade: A] Saved to: /Users/kenfasano/Scripts/ScreenArt/Images/TransformedImages/lojong_2-A-hero.jpeg
2026-03-14 07:05:07,209 - INFO - [pipeline.py:136] - "SwirlWarpTransformer","strength=1.50"
2026-03-14 07:05:07,225 - INFO - [pipeline.py:229] - [Grade: A] Saved to: /Users/kenfasano/Scripts/ScreenArt/Images/TransformedImages/lojong_3-A-hero.jpeg
2026-03-14 07:05:07,284 - INFO - [pipeline.py:136] - "MeltMorphTransformer","intensity=0.50"
2026-03-14 07:05:07,300 - INFO - [pipeline.py:229] - [Grade: C] Saved to: /Users/kenfasano/Scripts/ScreenArt/Images/TransformedImages/lojong_8-C-hero.jpeg
2026-03-14 07:05:07,334 - INFO - [pipeline.py:136] - "GlitchWarpTransformer","intensity=0.01"
2026-03-14 07:05:07,350 - INFO - [pipeline.py:229] - [Grade: C] Saved to: /Users/kenfasano/Scripts/ScreenArt/Images/TransformedImages/lojong_4-C-hero.jpeg
2026-03-14 07:05:07,386 - INFO - [pipeline.py:136] - "GlitchWarpTransformer","intensity=0.01"
2026-03-14 07:05:07,404 - INFO - [pipeline.py:229] - [Grade: A] Saved to: /Users/kenfasano/Scripts/ScreenArt/Images/TransformedImages/lojong_5-A-scatter.jpeg
2026-03-14 07:05:07,588 - INFO - [pipeline.py:136] - "WheelTransformer","blend=lighter,copies=5"
2026-03-14 07:05:07,623 - INFO - [pipeline.py:136] - "FractalWarpTransformer","iter=1,scale=0.05"
2026-03-14 07:05:07,641 - INFO - [pipeline.py:229] - [Grade: A] Saved to: /Users/kenfasano/Scripts/ScreenArt/Images/TransformedImages/lojong_9-A-columns.jpeg
2026-03-14 07:05:07,667 - INFO - [pipeline.py:136] - "RadialWarpTransformer","radius=0.25,strength=66.76856939359087,46.72286409573756,style=pull,pull"
2026-03-14 07:05:07,709 - INFO - [pipeline.py:136] - "FluidWarpTransformer","alpha=0.75,sigma=5.44"
2026-03-14 07:05:07,924 - INFO - [pipeline.py:136] - "WatercolorTransformer","scale=0.85,style=psychedelic"
2026-03-14 07:05:07,977 - INFO - [pipeline.py:136] - "MeltMorphTransformer","intensity=0.50"
2026-03-14 07:05:07,993 - INFO - [pipeline.py:229] - [Grade: B] Saved to: /Users/kenfasano/Scripts/ScreenArt/Images/TransformedImages/lojong_6-B-scatter.jpeg
2026-03-14 07:05:08,024 - INFO - [pipeline.py:136] - "RadialWarpTransformer","radius=0.25,strength=41.05719767326753,88.75628250731027,78.07905627140605,style=pull,pull,push"
2026-03-14 07:05:08,040 - INFO - [pipeline.py:229] - [Grade: C] Saved to: /Users/kenfasano/Scripts/ScreenArt/Images/TransformedImages/lojong_7-C-hero.jpeg
2026-03-14 07:05:08,059 - INFO - [pipeline.py:136] - "PosterizationTransformer","levels=4"
2026-03-14 07:05:08,090 - INFO - [pipeline.py:136] - "FluidWarpTransformer","alpha=9.59,sigma=1.56"
2026-03-14 07:05:08,128 - INFO - [pipeline.py:136] - "SwirlWarpTransformer","strength=1.50"
2026-03-14 07:05:08,155 - INFO - [pipeline.py:136] - "GlitchWarpTransformer","intensity=0.01"
2026-03-14 07:05:08,172 - INFO - [pipeline.py:229] - [Grade: C] Saved to: /Users/kenfasano/Scripts/ScreenArt/Images/TransformedImages/lojong_0-C-tile.jpeg
2026-03-14 07:05:08,198 - INFO - [pipeline.py:136] - "RadialWarpTransformer","radius=0.25,strength=130.23503509131834,style=pull"
2026-03-14 07:05:08,217 - INFO - [pipeline.py:229] - [Grade: C] Saved to: /Users/kenfasano/Scripts/ScreenArt/Images/TransformedImages/lojong_1-C-columns.jpeg
2026-03-14 07:05:08,259 - INFO - [pipeline.py:136] - "GlitchWarpTransformer","intensity=0.01"
2026-03-14 07:05:08,295 - INFO - [pipeline.py:136] - "FluidWarpTransformer","alpha=4.88,sigma=3.70"
2026-03-14 07:05:08,343 - INFO - [pipeline.py:136] - "HalftoneTransformer","size=2"
2026-03-14 07:05:08,360 - INFO - [pipeline.py:229] - [Grade: C] Saved to: /Users/kenfasano/Scripts/ScreenArt/Images/TransformedImages/psalms_83-C-tile.jpeg
2026-03-14 07:05:08,386 - INFO - [pipeline.py:136] - "RadialWarpTransformer","radius=0.25,strength=136.77726399723377,125.8770000094159,style=push,pull"
2026-03-14 07:05:08,409 - INFO - [pipeline.py:136] - "FisheyeTransformer","shape=circle,strength=0.67,zoom=0.97"
2026-03-14 07:05:08,462 - INFO - [pipeline.py:136] - "MeltMorphTransformer","intensity=0.50"
2026-03-14 07:05:08,478 - INFO - [pipeline.py:229] - [Grade: F] Saved to: /Users/kenfasano/Scripts/ScreenArt/Images/Rejected/psalms_27-F-hero.jpeg
2026-03-14 07:05:08,528 - INFO - [pipeline.py:136] - "ThermalImagingTransformer","thermal=True"
2026-03-14 07:05:08,541 - INFO - [pipeline.py:136] - "ColormapTransformer","map=winter"
2026-03-14 07:05:08,561 - INFO - [pipeline.py:229] - [Grade: B] Saved to: /Users/kenfasano/Scripts/ScreenArt/Images/TransformedImages/psalms_123-B-columns.jpeg
2026-03-14 07:05:08,583 - INFO - [pipeline.py:136] - "PosterizationTransformer","levels=4"
2026-03-14 07:05:08,602 - INFO - [pipeline.py:229] - [Grade: A] Saved to: /Users/kenfasano/Scripts/ScreenArt/Images/TransformedImages/psalms_103-A-tile.jpeg
2026-03-14 07:05:08,868 - INFO - [pipeline.py:136] - "WatercolorTransformer","scale=0.85,style=psychedelic"
2026-03-14 07:05:08,884 - INFO - [pipeline.py:229] - [Grade: C] Saved to: /Users/kenfasano/Scripts/ScreenArt/Images/TransformedImages/psalms_134-C-scatter.jpeg
2026-03-14 07:05:08,998 - INFO - [pipeline.py:136] - "FlipWilsonTransformer","keep=top_left,narrow=0.26"
2026-03-14 07:05:09,036 - INFO - [pipeline.py:136] - "SwirlWarpTransformer","strength=1.50"
2026-03-14 07:05:09,054 - INFO - [pipeline.py:229] - [Grade: C] Saved to: /Users/kenfasano/Scripts/ScreenArt/Images/TransformedImages/psalms_15-C-tile.jpeg
2026-03-14 07:05:09,075 - INFO - [pipeline.py:136] - "ColormapTransformer","map=hsv"
2026-03-14 07:05:09,113 - INFO - [pipeline.py:136] - "DataMoshTransformer","intensity=0.02"
2026-03-14 07:05:09,130 - INFO - [pipeline.py:229] - [Grade: C] Saved to: /Users/kenfasano/Scripts/ScreenArt/Images/TransformedImages/psalms_3-C-tile.jpeg
2026-03-14 07:05:09,164 - INFO - [pipeline.py:136] - "GlitchWarpTransformer","intensity=0.01"
2026-03-14 07:05:09,201 - INFO - [pipeline.py:136] - "ThermalImagingTransformer","thermal=True"
2026-03-14 07:05:09,217 - INFO - [pipeline.py:229] - [Grade: A] Saved to: /Users/kenfasano/Scripts/ScreenArt/Images/TransformedImages/psalms_59-A-hero.jpeg
2026-03-14 07:05:09,446 - INFO - [pipeline.py:136] - "WatercolorTransformer","scale=0.85,style=psychedelic"
2026-03-14 07:05:09,458 - INFO - [pipeline.py:136] - "PosterizationTransformer","levels=4"
2026-03-14 07:05:09,477 - INFO - [pipeline.py:229] - [Grade: A] Saved to: /Users/kenfasano/Scripts/ScreenArt/Images/TransformedImages/psalms_149-A-scatter.jpeg
2026-03-14 07:05:09,499 - INFO - [pipeline.py:136] - "PosterizationTransformer","levels=4"
2026-03-14 07:05:09,533 - INFO - [pipeline.py:136] - "FractalWarpTransformer","iter=1,scale=0.05"
2026-03-14 07:05:09,708 - INFO - [pipeline.py:136] - "WheelTransformer","blend=lighter,copies=5"
2026-03-14 07:05:09,757 - INFO - [pipeline.py:136] - "FluidWarpTransformer","alpha=4.47,sigma=7.34"
2026-03-14 07:05:09,775 - INFO - [pipeline.py:229] - [Grade: A] Saved to: /Users/kenfasano/Scripts/ScreenArt/Images/TransformedImages/psalms_75-A-columns.jpeg
2026-03-14 07:05:09,792 - INFO - [pipeline.py:136] - "DataMoshTransformer","intensity=0.02"
2026-03-14 07:05:09,827 - INFO - [pipeline.py:136] - "FlipWilsonTransformer","keep=top_left,narrow=0.26"
2026-03-14 07:05:09,832 - INFO - [pipeline.py:136] - "ColormapTransformer","map=hsv"
2026-03-14 07:05:09,843 - INFO - [pipeline.py:136] - "FluidWarpTransformer","alpha=11.91,sigma=4.67"
2026-03-14 07:05:09,850 - INFO - [pipeline.py:229] - [Grade: A] Saved to: /Users/kenfasano/Scripts/ScreenArt/Images/TransformedImages/peripheral_drift_2-A.jpeg
2026-03-14 07:05:09,902 - INFO - [pipeline.py:136] - "WheelTransformer","blend=lighter,copies=5"
2026-03-14 07:05:09,906 - INFO - [pipeline.py:136] - "PosterizationTransformer","levels=4"
2026-03-14 07:05:09,923 - INFO - [pipeline.py:136] - "MeltMorphTransformer","intensity=0.50"
2026-03-14 07:05:09,937 - INFO - [pipeline.py:136] - "HalftoneTransformer","size=2"
2026-03-14 07:05:09,943 - INFO - [pipeline.py:229] - [Grade: A] Saved to: /Users/kenfasano/Scripts/ScreenArt/Images/TransformedImages/peripheral_drift_3-A.jpeg
2026-03-14 07:05:09,951 - INFO - [pipeline.py:136] - "ColormapTransformer","map=cool"
2026-03-14 07:05:09,960 - INFO - [pipeline.py:136] - "GlitchWarpTransformer","intensity=0.01"
2026-03-14 07:05:09,969 - INFO - [pipeline.py:136] - "RadialWarpTransformer","radius=0.25,strength=76.57135527369748,92.77556599172348,96.16777640490608,style=push,push,pull"
2026-03-14 07:05:09,975 - INFO - [pipeline.py:229] - [Grade: C] Saved to: /Users/kenfasano/Scripts/ScreenArt/Images/TransformedImages/peripheral_drift_1-C.jpeg
2026-03-14 07:05:09,976 - INFO - [main.py:196] - WatercolorTransformer
2026-03-14 07:05:09,976 - INFO - [main.py:196] - WheelTransformer
2026-03-14 07:05:09,976 - INFO - [main.py:196] - FlipWilsonTransformer
2026-03-14 07:05:09,976 - INFO - [main.py:196] - XrayTransformer
2026-03-14 07:05:09,976 - INFO - [main.py:196] - MeltMorphTransformer
2026-03-14 07:05:09,976 - INFO - [main.py:196] - HalftoneTransformer
2026-03-14 07:05:09,976 - INFO - [main.py:196] - FractalWarpTransformer
2026-03-14 07:05:09,976 - INFO - [main.py:196] - SwirlWarpTransformer
2026-03-14 07:05:09,976 - INFO - [main.py:196] - ThermalImagingTransformer
2026-03-14 07:05:09,976 - INFO - [main.py:196] - FluidWarpTransformer
2026-03-14 07:05:09,976 - INFO - [main.py:196] - GlitchWarpTransformer
2026-03-14 07:05:09,976 - INFO - [main.py:196] - DataMoshTransformer
2026-03-14 07:05:09,976 - INFO - [main.py:196] - FisheyeTransformer
2026-03-14 07:05:09,976 - INFO - [main.py:196] - RadialWarpTransformer
2026-03-14 07:05:09,976 - INFO - [main.py:196] - PosterizationTransformer
2026-03-14 07:05:09,976 - INFO - [main.py:196] - ColormapTransformer
2026-03-14 07:05:09,976 - INFO - [main.py:239] - 21s@07:05 ✓
Accepted: 55
Rejected: 3
---
Bible                      ->  4531ms
Wiki                       ->  4123ms
Lojong                     ->  2212ms
NasaMapGenerator           ->   786ms
Nasa                       ->   720ms
GoesGenerator              ->   690ms
Bubbles                    ->   592ms
Cubes                      ->   188ms
PeripheralDriftIllusion    ->    52ms
---
WatercolorTransformer      -> Min:    47ms | Avg:   196ms | Max:   259ms
WheelTransformer           -> Min:    26ms | Avg:   136ms | Max:   217ms
FlipWilsonTransformer      -> Min:    15ms | Avg:    89ms | Max:   259ms
XrayTransformer            -> Min:    14ms | Avg:    74ms | Max:   184ms
MeltMorphTransformer       -> Min:    16ms | Avg:    54ms | Max:    77ms
HalftoneTransformer        -> Min:    14ms | Avg:    45ms | Max:    63ms
FractalWarpTransformer     -> Min:    24ms | Avg:    35ms | Max:    47ms
SwirlWarpTransformer       -> Min:    10ms | Avg:    35ms | Max:    61ms
ThermalImagingTransformer  -> Min:     5ms | Avg:    33ms | Max:    43ms
FluidWarpTransformer       -> Min:     7ms | Avg:    31ms | Max:    49ms
GlitchWarpTransformer      -> Min:     8ms | Avg:    27ms | Max:    35ms
DataMoshTransformer        -> Min:     5ms | Avg:    25ms | Max:    37ms
FisheyeTransformer         -> Min:     6ms | Avg:    18ms | Max:    35ms
RadialWarpTransformer      -> Min:     3ms | Avg:    17ms | Max:    24ms
PosterizationTransformer   -> Min:     2ms | Avg:    11ms | Max:    19ms
ColormapTransformer        -> Min:     2ms | Avg:     9ms | Max:    13ms
