2026-03-13 20:38:12,025 - INFO - [pipeline.py:136] - "ThermalImagingTransformer","thermal=True"
2026-03-13 20:38:12,056 - INFO - [pipeline.py:136] - "GlitchWarpTransformer","intensity=0.01"
2026-03-13 20:38:12,071 - INFO - [pipeline.py:136] - "PosterizationTransformer","levels=4"
2026-03-13 20:38:12,090 - INFO - [pipeline.py:229] - [Grade: A] Saved to: /Users/kenfasano/Scripts/ScreenArt/Images/TransformedImages/bubbles_4-A.jpeg
2026-03-13 20:38:12,111 - INFO - [pipeline.py:136] - "ColormapTransformer","map=jet"
2026-03-13 20:38:12,193 - INFO - [pipeline.py:136] - "FractalWarpTransformer","iter=1,scale=0.05"
2026-03-13 20:38:12,314 - INFO - [pipeline.py:136] - "XrayTransformer","colors=64"
2026-03-13 20:38:12,373 - INFO - [pipeline.py:136] - "FlipWilsonTransformer","keep=left,narrow=0.33"
2026-03-13 20:38:12,390 - INFO - [pipeline.py:229] - [Grade: A] Saved to: /Users/kenfasano/Scripts/ScreenArt/Images/TransformedImages/bubbles_8-A.jpeg
2026-03-13 20:38:12,414 - INFO - [pipeline.py:136] - "RadialWarpTransformer","radius=0.25,strength=42.03922450216287,style=push"
2026-03-13 20:38:12,451 - INFO - [pipeline.py:136] - "ThermalImagingTransformer","thermal=True"
2026-03-13 20:38:12,552 - INFO - [pipeline.py:136] - "WheelTransformer","blend=normal,copies=3"
2026-03-13 20:38:12,594 - INFO - [pipeline.py:136] - "DataMoshTransformer","intensity=0.01"
2026-03-13 20:38:12,613 - INFO - [pipeline.py:229] - [Grade: A] Saved to: /Users/kenfasano/Scripts/ScreenArt/Images/TransformedImages/bubbles_9-A.jpeg
2026-03-13 20:38:12,656 - INFO - [pipeline.py:136] - "FractalWarpTransformer","iter=1,scale=0.05"
2026-03-13 20:38:12,695 - INFO - [pipeline.py:136] - "SwirlWarpTransformer","strength=1.50"
2026-03-13 20:38:12,713 - INFO - [pipeline.py:229] - [Grade: A] Saved to: /Users/kenfasano/Scripts/ScreenArt/Images/TransformedImages/bubbles_5-A.jpeg
2026-03-13 20:38:12,902 - INFO - [pipeline.py:136] - "XrayTransformer","colors=128"
2026-03-13 20:38:12,920 - INFO - [pipeline.py:229] - [Grade: A] Saved to: /Users/kenfasano/Scripts/ScreenArt/Images/TransformedImages/bubbles_2-A.jpeg
2026-03-13 20:38:12,993 - INFO - [pipeline.py:136] - "MeltMorphTransformer","intensity=0.50"
2026-03-13 20:38:13,011 - INFO - [pipeline.py:229] - [Grade: B] Saved to: /Users/kenfasano/Scripts/ScreenArt/Images/TransformedImages/bubbles_3-B.jpeg
2026-03-13 20:38:13,132 - INFO - [pipeline.py:136] - "WheelTransformer","blend=normal,copies=3"
2026-03-13 20:38:13,173 - INFO - [pipeline.py:136] - "FisheyeTransformer","shape=oval,strength=0.68,zoom=1.05"
2026-03-13 20:38:13,223 - INFO - [pipeline.py:136] - "HalftoneTransformer","size=2"
2026-03-13 20:38:13,260 - INFO - [pipeline.py:136] - "ThermalImagingTransformer","thermal=True"
2026-03-13 20:38:13,285 - INFO - [pipeline.py:229] - [Grade: A] Saved to: /Users/kenfasano/Scripts/ScreenArt/Images/TransformedImages/bubbles_10-A.jpeg
2026-03-13 20:38:13,332 - INFO - [pipeline.py:136] - "DataMoshTransformer","intensity=0.02"
2026-03-13 20:38:13,350 - INFO - [pipeline.py:229] - [Grade: C] Saved to: /Users/kenfasano/Scripts/ScreenArt/Images/TransformedImages/bubbles_1-C.jpeg
2026-03-13 20:38:13,381 - INFO - [pipeline.py:136] - "RadialWarpTransformer","radius=0.25,strength=68.37122732660956,61.278710294280486,style=pull,push"
2026-03-13 20:38:13,402 - INFO - [pipeline.py:229] - [Grade: F] Saved to: /Users/kenfasano/Scripts/ScreenArt/Images/Rejected/bubbles_6-F.jpeg
2026-03-13 20:38:13,439 - INFO - [pipeline.py:136] - "GlitchWarpTransformer","intensity=0.01"
2026-03-13 20:38:13,477 - INFO - [pipeline.py:136] - "ThermalImagingTransformer","thermal=True"
2026-03-13 20:38:13,496 - INFO - [pipeline.py:229] - [Grade: A] Saved to: /Users/kenfasano/Scripts/ScreenArt/Images/TransformedImages/bubbles_7-A.jpeg
2026-03-13 20:38:13,518 - INFO - [pipeline.py:136] - "PosterizationTransformer","levels=4"
2026-03-13 20:38:13,541 - INFO - [pipeline.py:229] - [Grade: A] Saved to: /Users/kenfasano/Scripts/ScreenArt/Images/TransformedImages/cubes_2-A.jpeg
2026-03-13 20:38:13,577 - INFO - [pipeline.py:136] - "FisheyeTransformer","shape=circle,strength=0.56,zoom=0.99"
2026-03-13 20:38:13,680 - INFO - [pipeline.py:136] - "WheelTransformer","blend=normal,copies=3"
2026-03-13 20:38:13,740 - INFO - [pipeline.py:136] - "FlipWilsonTransformer","keep=left,narrow=0.33"
2026-03-13 20:38:13,756 - INFO - [pipeline.py:229] - [Grade: A] Saved to: /Users/kenfasano/Scripts/ScreenArt/Images/TransformedImages/cubes_3-A.jpeg
2026-03-13 20:38:13,813 - INFO - [pipeline.py:136] - "HalftoneTransformer","size=2"
2026-03-13 20:38:13,863 - INFO - [pipeline.py:136] - "XrayTransformer","colors=128"
2026-03-13 20:38:13,899 - INFO - [pipeline.py:136] - "DataMoshTransformer","intensity=0.01"
2026-03-13 20:38:14,117 - INFO - [pipeline.py:136] - "WatercolorTransformer","scale=0.85,style=monet"
2026-03-13 20:38:14,132 - INFO - [pipeline.py:229] - [Grade: F] Saved to: /Users/kenfasano/Scripts/ScreenArt/Images/Rejected/cubes_4-F.jpeg
2026-03-13 20:38:14,176 - INFO - [pipeline.py:136] - "DataMoshTransformer","intensity=0.02"
2026-03-13 20:38:14,199 - INFO - [pipeline.py:136] - "RadialWarpTransformer","radius=0.25,strength=49.28934415019114,107.99258276947513,114.79091212110325,style=push,push,pull"
2026-03-13 20:38:14,252 - INFO - [pipeline.py:136] - "MeltMorphTransformer","intensity=0.50"
2026-03-13 20:38:14,275 - INFO - [pipeline.py:136] - "FisheyeTransformer","shape=oval,strength=0.70,zoom=0.89"
2026-03-13 20:38:14,292 - INFO - [pipeline.py:229] - [Grade: A] Saved to: /Users/kenfasano/Scripts/ScreenArt/Images/TransformedImages/cubes_5-A.jpeg
2026-03-13 20:38:14,312 - INFO - [pipeline.py:136] - "ColormapTransformer","map=hsv"
2026-03-13 20:38:14,371 - INFO - [pipeline.py:136] - "FlipWilsonTransformer","keep=left,narrow=0.33"
2026-03-13 20:38:14,398 - INFO - [pipeline.py:136] - "GlitchWarpTransformer","intensity=0.01"
2026-03-13 20:38:14,416 - INFO - [pipeline.py:229] - [Grade: B] Saved to: /Users/kenfasano/Scripts/ScreenArt/Images/TransformedImages/cubes_6-B.jpeg
2026-03-13 20:38:14,520 - INFO - [pipeline.py:136] - "WheelTransformer","blend=normal,copies=3"
2026-03-13 20:38:14,533 - INFO - [pipeline.py:136] - "PosterizationTransformer","levels=4"
2026-03-13 20:38:14,549 - INFO - [pipeline.py:229] - [Grade: A] Saved to: /Users/kenfasano/Scripts/ScreenArt/Images/TransformedImages/cubes_1-A.jpeg
2026-03-13 20:38:14,554 - INFO - [pipeline.py:136] - "PosterizationTransformer","levels=4"
2026-03-13 20:38:14,564 - INFO - [pipeline.py:136] - "SwirlWarpTransformer","strength=1.50"
2026-03-13 20:38:14,568 - INFO - [pipeline.py:229] - [Grade: A] Saved to: /Users/kenfasano/Scripts/ScreenArt/Images/TransformedImages/thundercell_heavey_960-A.jpg
2026-03-13 20:38:14,582 - INFO - [pipeline.py:136] - "SwirlWarpTransformer","strength=1.50"
2026-03-13 20:38:14,591 - INFO - [pipeline.py:136] - "FractalWarpTransformer","iter=1,scale=0.05"
2026-03-13 20:38:14,645 - INFO - [pipeline.py:136] - "WatercolorTransformer","scale=0.85,style=monet"
2026-03-13 20:38:14,650 - INFO - [pipeline.py:229] - [Grade: F] Saved to: /Users/kenfasano/Scripts/ScreenArt/Images/Rejected/LEMatrixLb_tezel800-F.jpg
2026-03-13 20:38:14,668 - INFO - [pipeline.py:136] - "MeltMorphTransformer","intensity=0.50"
2026-03-13 20:38:14,675 - INFO - [pipeline.py:136] - "RadialWarpTransformer","radius=0.25,strength=39.04841816434654,58.116462385566024,96.6030946138593,style=pull,push,push"
2026-03-13 20:38:14,688 - INFO - [pipeline.py:136] - "HalftoneTransformer","size=2"
2026-03-13 20:38:14,693 - INFO - [pipeline.py:229] - [Grade: A] Saved to: /Users/kenfasano/Scripts/ScreenArt/Images/TransformedImages/MoonVenus_heden600-A.jpg
2026-03-13 20:38:14,708 - INFO - [pipeline.py:136] - "FluidWarpTransformer","alpha=6.27,sigma=2.26"
2026-03-13 20:38:14,715 - INFO - [pipeline.py:229] - [Grade: A] Saved to: /Users/kenfasano/Scripts/ScreenArt/Images/TransformedImages/Westerlund1_hubble_960-A.jpg
2026-03-13 20:38:14,727 - INFO - [pipeline.py:136] - "GlitchWarpTransformer","intensity=0.01"
2026-03-13 20:38:14,738 - INFO - [pipeline.py:136] - "FluidWarpTransformer","alpha=11.93,sigma=4.68"
2026-03-13 20:38:14,755 - INFO - [pipeline.py:136] - "FlipWilsonTransformer","keep=left,narrow=0.33"
2026-03-13 20:38:14,761 - INFO - [pipeline.py:229] - [Grade: A] Saved to: /Users/kenfasano/Scripts/ScreenArt/Images/TransformedImages/scorpio_guisard_960-A.jpg
2026-03-13 20:38:14,768 - INFO - [pipeline.py:136] - "PosterizationTransformer","levels=4"
2026-03-13 20:38:14,781 - INFO - [pipeline.py:136] - "HalftoneTransformer","size=2"
2026-03-13 20:38:14,786 - INFO - [pipeline.py:229] - [Grade: A] Saved to: /Users/kenfasano/Scripts/ScreenArt/Images/TransformedImages/sunpillar_holdsclaw-A.jpg
2026-03-13 20:38:14,812 - INFO - [pipeline.py:136] - "FractalWarpTransformer","iter=1,scale=0.05"
2026-03-13 20:38:14,819 - INFO - [pipeline.py:136] - "PosterizationTransformer","levels=4"
2026-03-13 20:38:14,828 - INFO - [pipeline.py:229] - [Grade: A] Saved to: /Users/kenfasano/Scripts/ScreenArt/Images/TransformedImages/IssMoon_Yang_960-A.jpg
2026-03-13 20:38:14,856 - INFO - [pipeline.py:136] - "FluidWarpTransformer","alpha=6.88,sigma=3.44"
2026-03-13 20:38:14,878 - INFO - [pipeline.py:136] - "MeltMorphTransformer","intensity=0.50"
2026-03-13 20:38:14,886 - INFO - [pipeline.py:229] - [Grade: B] Saved to: /Users/kenfasano/Scripts/ScreenArt/Images/TransformedImages/Abell7pugh1024-B.jpg
2026-03-13 20:38:14,928 - INFO - [pipeline.py:136] - "WheelTransformer","blend=normal,copies=3"
2026-03-13 20:38:14,943 - INFO - [pipeline.py:136] - "HalftoneTransformer","size=2"
2026-03-13 20:38:14,949 - INFO - [pipeline.py:229] - [Grade: A] Saved to: /Users/kenfasano/Scripts/ScreenArt/Images/TransformedImages/_GHR7338_3_firma_picc1024-A.jpg
2026-03-13 20:38:14,964 - INFO - [pipeline.py:136] - "ThreeDExtrusionTransformer","ambient=0.52,intensity=0.50"
2026-03-13 20:38:14,978 - INFO - [pipeline.py:136] - "ThermalImagingTransformer","thermal=True"
2026-03-13 20:38:14,997 - INFO - [pipeline.py:136] - "MeltMorphTransformer","intensity=0.50"
2026-03-13 20:38:15,004 - INFO - [pipeline.py:229] - [Grade: A] Saved to: /Users/kenfasano/Scripts/ScreenArt/Images/TransformedImages/m82_hubble_960-A.jpg
2026-03-13 20:38:15,072 - INFO - [pipeline.py:136] - "HalftoneTransformer","size=2"
2026-03-13 20:38:15,121 - INFO - [pipeline.py:136] - "SwirlWarpTransformer","strength=1.50"
2026-03-13 20:38:15,146 - INFO - [pipeline.py:229] - [Grade: A] Saved to: /Users/kenfasano/Scripts/ScreenArt/Images/TransformedImages/nasa_earth_1_Karachi_True_Color-A.jpeg
2026-03-13 20:38:15,201 - INFO - [pipeline.py:136] - "FlipWilsonTransformer","keep=left,narrow=0.33"
2026-03-13 20:38:15,213 - INFO - [pipeline.py:229] - [Grade: A] Saved to: /Users/kenfasano/Scripts/ScreenArt/Images/TransformedImages/noaa_goes_1_se_Day_Night_Cloud_Micro-A.jpeg
2026-03-13 20:38:15,296 - INFO - [pipeline.py:136] - "FlipWilsonTransformer","keep=left,narrow=0.33"
2026-03-13 20:38:15,344 - INFO - [pipeline.py:136] - "DataMoshTransformer","intensity=0.01"
2026-03-13 20:38:15,361 - INFO - [pipeline.py:136] - "PosterizationTransformer","levels=4"
2026-03-13 20:38:15,408 - INFO - [pipeline.py:136] - "ThermalImagingTransformer","thermal=True"
2026-03-13 20:38:15,435 - INFO - [pipeline.py:229] - [Grade: B] Saved to: /Users/kenfasano/Scripts/ScreenArt/Images/TransformedImages/Seger_do-B.jpeg
2026-03-13 20:38:15,481 - INFO - [pipeline.py:136] - "GlitchWarpTransformer","intensity=0.01"
2026-03-13 20:38:15,521 - INFO - [pipeline.py:136] - "ThreeDExtrusionTransformer","ambient=0.44,intensity=0.50"
2026-03-13 20:38:15,789 - INFO - [pipeline.py:136] - "WatercolorTransformer","scale=0.85,style=monet"
2026-03-13 20:38:15,811 - INFO - [pipeline.py:229] - [Grade: C] Saved to: /Users/kenfasano/Scripts/ScreenArt/Images/TransformedImages/Park_Szc-C.jpeg
2026-03-13 20:38:15,896 - INFO - [pipeline.py:136] - "FisheyeTransformer","shape=oval,strength=0.69,zoom=0.94"
2026-03-13 20:38:15,972 - INFO - [pipeline.py:136] - "ThermalImagingTransformer","thermal=True"
2026-03-13 20:38:16,070 - INFO - [pipeline.py:136] - "HalftoneTransformer","size=2"
2026-03-13 20:38:16,099 - INFO - [pipeline.py:229] - [Grade: B] Saved to: /Users/kenfasano/Scripts/ScreenArt/Images/TransformedImages/1280px-_Wiscons-B.jpeg
2026-03-13 20:38:16,182 - INFO - [pipeline.py:136] - "MeltMorphTransformer","intensity=0.50"
2026-03-13 20:38:16,206 - INFO - [pipeline.py:229] - [Grade: A] Saved to: /Users/kenfasano/Scripts/ScreenArt/Images/TransformedImages/Umeå_Eas-A.jpeg
2026-03-13 20:38:16,330 - INFO - [pipeline.py:136] - "DataMoshTransformer","intensity=0.02"
2026-03-13 20:38:16,469 - INFO - [pipeline.py:136] - "MeltMorphTransformer","intensity=0.50"
2026-03-13 20:38:16,565 - INFO - [pipeline.py:136] - "SwirlWarpTransformer","strength=1.50"
2026-03-13 20:38:16,615 - INFO - [pipeline.py:229] - [Grade: A] Saved to: /Users/kenfasano/Scripts/ScreenArt/Images/TransformedImages/Crimmd_L-A.jpeg
2026-03-13 20:38:16,642 - INFO - [pipeline.py:136] - "ColormapTransformer","map=winter"
2026-03-13 20:38:16,656 - INFO - [pipeline.py:136] - "PosterizationTransformer","levels=4"
2026-03-13 20:38:16,673 - INFO - [pipeline.py:136] - "RadialWarpTransformer","radius=0.25,strength=40.75737765326607,style=pull"
2026-03-13 20:38:16,709 - INFO - [pipeline.py:136] - "FractalWarpTransformer","iter=1,scale=0.05"
2026-03-13 20:38:16,729 - INFO - [pipeline.py:229] - [Grade: A] Saved to: /Users/kenfasano/Scripts/ScreenArt/Images/TransformedImages/lojong_2-A-columns.jpeg
2026-03-13 20:38:16,760 - INFO - [pipeline.py:136] - "RadialWarpTransformer","radius=0.25,strength=123.48801857884592,108.74485497205927,57.9092287168904,style=pull,pull,push"
2026-03-13 20:38:16,881 - INFO - [pipeline.py:136] - "XrayTransformer","colors=64"
2026-03-13 20:38:16,917 - INFO - [pipeline.py:136] - "FractalWarpTransformer","iter=1,scale=0.05"
2026-03-13 20:38:16,976 - INFO - [pipeline.py:136] - "FlipWilsonTransformer","keep=left,narrow=0.33"
2026-03-13 20:38:16,993 - INFO - [pipeline.py:229] - [Grade: C] Saved to: /Users/kenfasano/Scripts/ScreenArt/Images/TransformedImages/lojong_3-C-hero.jpeg
2026-03-13 20:38:17,022 - INFO - [pipeline.py:136] - "PosterizationTransformer","levels=4"
2026-03-13 20:38:17,061 - INFO - [pipeline.py:229] - [Grade: C] Saved to: /Users/kenfasano/Scripts/ScreenArt/Images/TransformedImages/lojong_8-C-tile.jpeg
2026-03-13 20:38:17,091 - INFO - [pipeline.py:136] - "PosterizationTransformer","levels=4"
2026-03-13 20:38:17,107 - INFO - [pipeline.py:136] - "ColormapTransformer","map=cool"
2026-03-13 20:38:17,136 - INFO - [pipeline.py:136] - "GlitchWarpTransformer","intensity=0.01"
2026-03-13 20:38:17,173 - INFO - [pipeline.py:136] - "FractalWarpTransformer","iter=1,scale=0.05"
2026-03-13 20:38:17,190 - INFO - [pipeline.py:229] - [Grade: A] Saved to: /Users/kenfasano/Scripts/ScreenArt/Images/TransformedImages/lojong_4-A-hero.jpeg
2026-03-13 20:38:17,422 - INFO - [pipeline.py:136] - "WatercolorTransformer","scale=0.85,style=psychedelic"
2026-03-13 20:38:17,525 - INFO - [pipeline.py:136] - "WheelTransformer","blend=normal,copies=3"
2026-03-13 20:38:17,575 - INFO - [pipeline.py:136] - "FluidWarpTransformer","alpha=14.96,sigma=7.10"
2026-03-13 20:38:17,600 - INFO - [pipeline.py:136] - "RadialWarpTransformer","radius=0.25,strength=137.0351121980011,70.18405250073629,85.10888184959532,style=pull,push,push"
2026-03-13 20:38:17,619 - INFO - [pipeline.py:229] - [Grade: B] Saved to: /Users/kenfasano/Scripts/ScreenArt/Images/TransformedImages/lojong_5-B-tile.jpeg
2026-03-13 20:38:17,846 - INFO - [pipeline.py:136] - "WatercolorTransformer","scale=0.85,style=psychedelic"
2026-03-13 20:38:17,875 - INFO - [pipeline.py:136] - "GlitchWarpTransformer","intensity=0.01"
2026-03-13 20:38:17,976 - INFO - [pipeline.py:136] - "WheelTransformer","blend=normal,copies=3"
2026-03-13 20:38:17,990 - INFO - [pipeline.py:136] - "ColormapTransformer","map=summer"
2026-03-13 20:38:18,007 - INFO - [pipeline.py:229] - [Grade: A] Saved to: /Users/kenfasano/Scripts/ScreenArt/Images/TransformedImages/lojong_9-A-scatter.jpeg
2026-03-13 20:38:18,062 - INFO - [pipeline.py:136] - "DataMoshTransformer","intensity=0.02"
2026-03-13 20:38:18,165 - INFO - [pipeline.py:136] - "WheelTransformer","blend=normal,copies=3"
2026-03-13 20:38:18,201 - INFO - [pipeline.py:136] - "FractalWarpTransformer","iter=1,scale=0.05"
2026-03-13 20:38:18,256 - INFO - [pipeline.py:136] - "MeltMorphTransformer","intensity=0.50"
2026-03-13 20:38:18,275 - INFO - [pipeline.py:229] - [Grade: A] Saved to: /Users/kenfasano/Scripts/ScreenArt/Images/TransformedImages/lojong_6-A-columns.jpeg
2026-03-13 20:38:18,296 - INFO - [pipeline.py:136] - "PosterizationTransformer","levels=4"
2026-03-13 20:38:18,314 - INFO - [pipeline.py:229] - [Grade: C] Saved to: /Users/kenfasano/Scripts/ScreenArt/Images/TransformedImages/lojong_7-C-hero.jpeg
2026-03-13 20:38:18,349 - INFO - [pipeline.py:136] - "FisheyeTransformer","shape=circle,strength=0.80,zoom=0.93"
2026-03-13 20:38:18,582 - INFO - [pipeline.py:136] - "WatercolorTransformer","scale=0.85,style=monet"
2026-03-13 20:38:18,598 - INFO - [pipeline.py:229] - [Grade: C] Saved to: /Users/kenfasano/Scripts/ScreenArt/Images/TransformedImages/lojong_0-C-tile.jpeg
2026-03-13 20:38:18,661 - INFO - [pipeline.py:136] - "MeltMorphTransformer","intensity=0.50"
2026-03-13 20:38:18,688 - INFO - [pipeline.py:136] - "GlitchWarpTransformer","intensity=0.01"
2026-03-13 20:38:18,725 - INFO - [pipeline.py:136] - "DataMoshTransformer","intensity=0.01"
2026-03-13 20:38:18,743 - INFO - [pipeline.py:229] - [Grade: A] Saved to: /Users/kenfasano/Scripts/ScreenArt/Images/TransformedImages/lojong_1-A-columns.jpeg
2026-03-13 20:38:18,850 - INFO - [pipeline.py:136] - "WheelTransformer","blend=normal,copies=3"
2026-03-13 20:38:18,874 - INFO - [pipeline.py:136] - "FisheyeTransformer","shape=oval,strength=0.29,zoom=1.15"
2026-03-13 20:38:18,890 - INFO - [pipeline.py:229] - [Grade: F] Saved to: /Users/kenfasano/Scripts/ScreenArt/Images/Rejected/psalms_56-F-hero.jpeg
2026-03-13 20:38:18,951 - INFO - [pipeline.py:136] - "MeltMorphTransformer","intensity=0.50"
2026-03-13 20:38:18,971 - INFO - [pipeline.py:136] - "RadialWarpTransformer","radius=0.25,strength=49.27856743828185,135.82460819562647,style=pull,push"
2026-03-13 20:38:18,994 - INFO - [pipeline.py:136] - "FisheyeTransformer","shape=oval,strength=0.59,zoom=1.10"
2026-03-13 20:38:19,011 - INFO - [pipeline.py:229] - [Grade: C] Saved to: /Users/kenfasano/Scripts/ScreenArt/Images/TransformedImages/psalms_101-C-tile.jpeg
2026-03-13 20:38:19,056 - INFO - [pipeline.py:136] - "FractalWarpTransformer","iter=1,scale=0.05"
2026-03-13 20:38:19,080 - INFO - [pipeline.py:136] - "FisheyeTransformer","shape=circle,strength=0.65,zoom=0.94"
2026-03-13 20:38:19,094 - INFO - [pipeline.py:136] - "ColormapTransformer","map=spring"
2026-03-13 20:38:19,132 - INFO - [pipeline.py:136] - "SwirlWarpTransformer","strength=1.50"
2026-03-13 20:38:19,157 - INFO - [pipeline.py:229] - [Grade: F] Saved to: /Users/kenfasano/Scripts/ScreenArt/Images/Rejected/psalms_51-F-hero.jpeg
2026-03-13 20:38:19,257 - INFO - [pipeline.py:136] - "SwirlWarpTransformer","strength=1.50"
2026-03-13 20:38:19,276 - INFO - [pipeline.py:229] - [Grade: C] Saved to: /Users/kenfasano/Scripts/ScreenArt/Images/TransformedImages/psalms_120-C-tile.jpeg
2026-03-13 20:38:19,385 - INFO - [pipeline.py:136] - "WheelTransformer","blend=normal,copies=3"
2026-03-13 20:38:19,422 - INFO - [pipeline.py:136] - "ThermalImagingTransformer","thermal=True"
2026-03-13 20:38:19,470 - INFO - [pipeline.py:136] - "HalftoneTransformer","size=2"
2026-03-13 20:38:19,486 - INFO - [pipeline.py:229] - [Grade: A] Saved to: /Users/kenfasano/Scripts/ScreenArt/Images/TransformedImages/psalms_6-A-tile.jpeg
2026-03-13 20:38:19,549 - INFO - [pipeline.py:136] - "MeltMorphTransformer","intensity=0.50"
2026-03-13 20:38:19,587 - INFO - [pipeline.py:136] - "SwirlWarpTransformer","strength=1.50"
2026-03-13 20:38:19,604 - INFO - [pipeline.py:229] - [Grade: C] Saved to: /Users/kenfasano/Scripts/ScreenArt/Images/TransformedImages/psalms_72-C-tile.jpeg
2026-03-13 20:38:19,637 - INFO - [pipeline.py:136] - "FisheyeTransformer","shape=oval,strength=0.74,zoom=0.96"
2026-03-13 20:38:19,677 - INFO - [pipeline.py:136] - "ThermalImagingTransformer","thermal=True"
2026-03-13 20:38:19,735 - INFO - [pipeline.py:136] - "FlipWilsonTransformer","keep=left,narrow=0.33"
2026-03-13 20:38:19,753 - INFO - [pipeline.py:229] - [Grade: A] Saved to: /Users/kenfasano/Scripts/ScreenArt/Images/TransformedImages/psalms_123-A-tile.jpeg
2026-03-13 20:38:19,790 - INFO - [pipeline.py:136] - "GlitchWarpTransformer","intensity=0.01"
2026-03-13 20:38:19,808 - INFO - [pipeline.py:229] - [Grade: A] Saved to: /Users/kenfasano/Scripts/ScreenArt/Images/TransformedImages/psalms_139-A-columns.jpeg
2026-03-13 20:38:19,856 - INFO - [pipeline.py:136] - "SwirlWarpTransformer","strength=1.50"
2026-03-13 20:38:19,883 - INFO - [pipeline.py:136] - "GlitchWarpTransformer","intensity=0.01"
2026-03-13 20:38:19,901 - INFO - [pipeline.py:229] - [Grade: A] Saved to: /Users/kenfasano/Scripts/ScreenArt/Images/TransformedImages/psalms_15-A-tile.jpeg
2026-03-13 20:38:19,935 - INFO - [pipeline.py:136] - "FisheyeTransformer","shape=oval,strength=0.65,zoom=0.95"
2026-03-13 20:38:19,952 - INFO - [pipeline.py:229] - [Grade: A] Saved to: /Users/kenfasano/Scripts/ScreenArt/Images/TransformedImages/psalms_35-A-tile.jpeg
2026-03-13 20:38:19,967 - INFO - [pipeline.py:136] - "FractalWarpTransformer","iter=1,scale=0.05"
2026-03-13 20:38:19,979 - INFO - [pipeline.py:136] - "DataMoshTransformer","intensity=0.02"
2026-03-13 20:38:20,007 - INFO - [pipeline.py:136] - "WheelTransformer","blend=normal,copies=3"
2026-03-13 20:38:20,012 - INFO - [pipeline.py:229] - [Grade: A] Saved to: /Users/kenfasano/Scripts/ScreenArt/Images/TransformedImages/peripheral_drift_2-A.jpeg
2026-03-13 20:38:20,030 - INFO - [pipeline.py:136] - "HalftoneTransformer","size=2"
2026-03-13 20:38:20,035 - INFO - [pipeline.py:229] - [Grade: A] Saved to: /Users/kenfasano/Scripts/ScreenArt/Images/TransformedImages/peripheral_drift_3-A.jpeg
2026-03-13 20:38:20,045 - INFO - [pipeline.py:136] - "RadialWarpTransformer","radius=0.25,strength=52.548679030133165,style=pull"
2026-03-13 20:38:20,049 - INFO - [pipeline.py:136] - "PosterizationTransformer","levels=4"
2026-03-13 20:38:20,055 - INFO - [pipeline.py:229] - [Grade: A] Saved to: /Users/kenfasano/Scripts/ScreenArt/Images/TransformedImages/peripheral_drift_1-A.jpeg
2026-03-13 20:38:20,055 - INFO - [main.py:196] - WatercolorTransformer
2026-03-13 20:38:20,055 - INFO - [main.py:196] - XrayTransformer
2026-03-13 20:38:20,055 - INFO - [main.py:196] - WheelTransformer
2026-03-13 20:38:20,055 - INFO - [main.py:196] - MeltMorphTransformer
2026-03-13 20:38:20,055 - INFO - [main.py:196] - FlipWilsonTransformer
2026-03-13 20:38:20,055 - INFO - [main.py:196] - DataMoshTransformer
2026-03-13 20:38:20,055 - INFO - [main.py:196] - SwirlWarpTransformer
2026-03-13 20:38:20,055 - INFO - [main.py:196] - ThermalImagingTransformer
2026-03-13 20:38:20,055 - INFO - [main.py:196] - HalftoneTransformer
2026-03-13 20:38:20,055 - INFO - [main.py:196] - FractalWarpTransformer
2026-03-13 20:38:20,055 - INFO - [main.py:196] - FisheyeTransformer
2026-03-13 20:38:20,055 - INFO - [main.py:196] - GlitchWarpTransformer
2026-03-13 20:38:20,055 - INFO - [main.py:196] - ThreeDExtrusionTransformer
2026-03-13 20:38:20,055 - INFO - [main.py:196] - FluidWarpTransformer
2026-03-13 20:38:20,055 - INFO - [main.py:196] - RadialWarpTransformer
2026-03-13 20:38:20,055 - INFO - [main.py:196] - ColormapTransformer
2026-03-13 20:38:20,055 - INFO - [main.py:196] - PosterizationTransformer
2026-03-13 20:38:20,056 - INFO - [main.py:239] - 21s@20:38 ✓
Accepted: 51
Rejected: 5
---
Bible                      ->  4492ms
Wiki                       ->  3560ms
Lojong                     ->  2329ms
GoesGenerator              ->  1227ms
Nasa                       ->   827ms
Bubbles                    ->   580ms
Cubes                      ->   183ms
NasaMapGenerator           ->    49ms
PeripheralDriftIllusion    ->    47ms
---
WatercolorTransformer      -> Min:    54ms | Avg:   203ms | Max:   268ms
XrayTransformer            -> Min:    49ms | Avg:   118ms | Max:   181ms
WheelTransformer           -> Min:    28ms | Avg:    89ms | Max:   109ms
MeltMorphTransformer       -> Min:    15ms | Avg:    54ms | Max:   139ms
FlipWilsonTransformer      -> Min:    17ms | Avg:    53ms | Max:    72ms
DataMoshTransformer        -> Min:    11ms | Avg:    44ms | Max:   102ms
SwirlWarpTransformer       -> Min:    10ms | Avg:    43ms | Max:    96ms
ThermalImagingTransformer  -> Min:    14ms | Avg:    41ms | Max:    75ms
HalftoneTransformer        -> Min:    13ms | Avg:    40ms | Max:    98ms
FractalWarpTransformer     -> Min:     9ms | Avg:    34ms | Max:    82ms
FisheyeTransformer         -> Min:    23ms | Avg:    31ms | Max:    74ms
GlitchWarpTransformer      -> Min:     8ms | Avg:    27ms | Max:    33ms
ThreeDExtrusionTransformer -> Min:    12ms | Avg:    26ms | Max:    40ms
FluidWarpTransformer       -> Min:    10ms | Avg:    21ms | Max:    50ms
RadialWarpTransformer      -> Min:     6ms | Avg:    18ms | Max:    25ms
ColormapTransformer        -> Min:    13ms | Avg:    14ms | Max:    16ms
PosterizationTransformer   -> Min:     3ms | Avg:    12ms | Max:    20ms
