2026-03-15 10:34:57,456 - INFO - [pipeline.py:136] - "ThermalImagingTransformer","thermal=True"
2026-03-15 10:34:57,555 - INFO - [pipeline.py:136] - "PixelSortTransformer","direction=cols,high=0.64,low=0.19,sort_key=saturation"
2026-03-15 10:34:57,656 - INFO - [pipeline.py:136] - "FlipWilsonTransformer","keep=bottom_left,narrow=0.48"
2026-03-15 10:34:57,669 - INFO - [pipeline.py:136] - "ColormapTransformer","map=spring"
2026-03-15 10:34:57,690 - INFO - [pipeline.py:248] - [Grade: C] Saved to: /Users/kenfasano/Scripts/ScreenArt/Images/TransformedImages/bubbles_4-C.jpeg
2026-03-15 10:34:57,733 - INFO - [pipeline.py:136] - "ThermalImagingTransformer","thermal=True"
2026-03-15 10:34:57,762 - INFO - [pipeline.py:136] - "GlitchWarpTransformer","intensity=0.01"
2026-03-15 10:34:57,803 - INFO - [pipeline.py:136] - "FractalWarpTransformer","iter=1,scale=0.05"
2026-03-15 10:34:57,841 - INFO - [pipeline.py:136] - "SwirlWarpTransformer","strength=1.50"
2026-03-15 10:34:57,860 - INFO - [pipeline.py:248] - [Grade: A] Saved to: /Users/kenfasano/Scripts/ScreenArt/Images/TransformedImages/bubbles_8-A.jpeg
2026-03-15 10:34:57,897 - INFO - [pipeline.py:136] - "ChromaticAberrationTransformer","angle=350.70,edge_fade=1,shift=5.00"
2026-03-15 10:34:57,936 - INFO - [pipeline.py:136] - "SwirlWarpTransformer","strength=1.50"
2026-03-15 10:34:58,161 - INFO - [pipeline.py:136] - "WatercolorTransformer","scale=0.85,style=psychedelic"
2026-03-15 10:34:58,199 - INFO - [pipeline.py:136] - "ThermalImagingTransformer","thermal=True"
2026-03-15 10:34:58,218 - INFO - [pipeline.py:248] - [Grade: A] Saved to: /Users/kenfasano/Scripts/ScreenArt/Images/TransformedImages/bubbles_9-A.jpeg
2026-03-15 10:34:58,240 - INFO - [pipeline.py:136] - "PosterizationTransformer","levels=4"
2026-03-15 10:34:58,455 - INFO - [pipeline.py:136] - "WatercolorTransformer","scale=0.85,style=monet"
2026-03-15 10:34:58,483 - INFO - [pipeline.py:136] - "GlitchWarpTransformer","intensity=0.01"
2026-03-15 10:34:58,502 - INFO - [pipeline.py:248] - [Grade: A] Saved to: /Users/kenfasano/Scripts/ScreenArt/Images/TransformedImages/bubbles_5-A.jpeg
2026-03-15 10:34:58,537 - INFO - [pipeline.py:136] - "GlitchWarpTransformer","intensity=0.01"
2026-03-15 10:34:58,572 - INFO - [pipeline.py:136] - "FractalWarpTransformer","iter=1,scale=0.05"
2026-03-15 10:34:58,626 - INFO - [pipeline.py:136] - "HalftoneTransformer","size=2"
2026-03-15 10:34:58,664 - INFO - [pipeline.py:136] - "DataMoshTransformer","intensity=0.02"
2026-03-15 10:34:58,681 - INFO - [pipeline.py:248] - [Grade: A] Saved to: /Users/kenfasano/Scripts/ScreenArt/Images/TransformedImages/bubbles_2-A.jpeg
2026-03-15 10:34:58,784 - INFO - [pipeline.py:136] - "FlipWilsonTransformer","keep=bottom_left,narrow=0.48"
2026-03-15 10:34:58,797 - INFO - [pipeline.py:136] - "ColormapTransformer","map=autumn"
2026-03-15 10:34:58,817 - INFO - [pipeline.py:248] - [Grade: B] Saved to: /Users/kenfasano/Scripts/ScreenArt/Images/TransformedImages/bubbles_3-B.jpeg
2026-03-15 10:34:58,862 - INFO - [pipeline.py:136] - "DataMoshTransformer","intensity=0.02"
2026-03-15 10:34:58,900 - INFO - [pipeline.py:136] - "SwirlWarpTransformer","strength=1.50"
2026-03-15 10:34:58,912 - INFO - [pipeline.py:136] - "PosterizationTransformer","levels=4"
2026-03-15 10:34:59,124 - INFO - [pipeline.py:136] - "PixelSortTransformer","direction=rows,high=0.75,low=0.18,sort_key=brightness"
2026-03-15 10:34:59,144 - INFO - [pipeline.py:248] - [Grade: A] Saved to: /Users/kenfasano/Scripts/ScreenArt/Images/TransformedImages/bubbles_10-A.jpeg
2026-03-15 10:34:59,164 - INFO - [pipeline.py:136] - "PosterizationTransformer","levels=4"
2026-03-15 10:34:59,214 - INFO - [pipeline.py:136] - "HalftoneTransformer","size=2"
2026-03-15 10:34:59,249 - INFO - [pipeline.py:136] - "ThermalImagingTransformer","thermal=True"
2026-03-15 10:34:59,382 - INFO - [pipeline.py:136] - "OilPaintingTransformer","dyn_ratio=6,size=5"
2026-03-15 10:34:59,400 - INFO - [pipeline.py:248] - [Grade: C] Saved to: /Users/kenfasano/Scripts/ScreenArt/Images/TransformedImages/bubbles_1-C.jpeg
2026-03-15 10:34:59,503 - INFO - [pipeline.py:136] - "FlipWilsonTransformer","keep=bottom_left,narrow=0.48"
2026-03-15 10:34:59,520 - INFO - [pipeline.py:248] - [Grade: C] Saved to: /Users/kenfasano/Scripts/ScreenArt/Images/TransformedImages/bubbles_6-C.jpeg
2026-03-15 10:34:59,541 - INFO - [pipeline.py:136] - "ColormapTransformer","map=spring"
2026-03-15 10:34:59,560 - INFO - [pipeline.py:248] - [Grade: C] Saved to: /Users/kenfasano/Scripts/ScreenArt/Images/TransformedImages/bubbles_7-C.jpeg
2026-03-15 10:34:59,671 - INFO - [pipeline.py:136] - "OilPaintingTransformer","dyn_ratio=7,size=4"
2026-03-15 10:34:59,888 - INFO - [pipeline.py:136] - "WatercolorTransformer","scale=0.85,style=monet"
2026-03-15 10:34:59,901 - INFO - [pipeline.py:136] - "PosterizationTransformer","levels=4"
2026-03-15 10:34:59,914 - INFO - [pipeline.py:136] - "ColormapTransformer","map=bone"
2026-03-15 10:34:59,931 - INFO - [pipeline.py:248] - [Grade: A] Saved to: /Users/kenfasano/Scripts/ScreenArt/Images/TransformedImages/cubes_2-A.jpeg
2026-03-15 10:35:00,058 - INFO - [pipeline.py:136] - "OilPaintingTransformer","dyn_ratio=4,size=6"
2026-03-15 10:35:00,071 - INFO - [pipeline.py:136] - "PosterizationTransformer","levels=4"
2026-03-15 10:35:00,087 - INFO - [pipeline.py:248] - [Grade: A] Saved to: /Users/kenfasano/Scripts/ScreenArt/Images/TransformedImages/cubes_3-A.jpeg
2026-03-15 10:35:00,126 - INFO - [pipeline.py:136] - "WheelTransformer","blend=normal,copies=4"
2026-03-15 10:35:00,153 - INFO - [pipeline.py:136] - "GlitchWarpTransformer","intensity=0.01"
2026-03-15 10:35:00,305 - INFO - [pipeline.py:136] - "PixelSortTransformer","direction=cols,high=0.71,low=0.17,sort_key=green"
2026-03-15 10:35:00,332 - INFO - [pipeline.py:136] - "ChromaticAberrationTransformer","angle=288.90,edge_fade=1,shift=12.10"
2026-03-15 10:35:00,350 - INFO - [pipeline.py:248] - [Grade: A] Saved to: /Users/kenfasano/Scripts/ScreenArt/Images/TransformedImages/cubes_4-A.jpeg
2026-03-15 10:35:00,408 - INFO - [pipeline.py:136] - "HalftoneTransformer","size=2"
2026-03-15 10:35:00,446 - INFO - [pipeline.py:136] - "SwirlWarpTransformer","strength=1.50"
2026-03-15 10:35:00,542 - INFO - [pipeline.py:136] - "FlipWilsonTransformer","keep=bottom_left,narrow=0.48"
2026-03-15 10:35:00,558 - INFO - [pipeline.py:248] - [Grade: A] Saved to: /Users/kenfasano/Scripts/ScreenArt/Images/TransformedImages/cubes_5-A.jpeg
2026-03-15 10:35:00,599 - INFO - [pipeline.py:136] - "FractalWarpTransformer","iter=1,scale=0.05"
2026-03-15 10:35:00,733 - INFO - [pipeline.py:136] - "OilPaintingTransformer","dyn_ratio=1,size=7"
2026-03-15 10:35:00,749 - INFO - [pipeline.py:248] - [Grade: C] Saved to: /Users/kenfasano/Scripts/ScreenArt/Images/TransformedImages/cubes_6-C.jpeg
2026-03-15 10:35:00,789 - INFO - [pipeline.py:136] - "WheelTransformer","blend=normal,copies=4"
2026-03-15 10:35:00,801 - INFO - [pipeline.py:136] - "PosterizationTransformer","levels=4"
2026-03-15 10:35:00,814 - INFO - [pipeline.py:136] - "ColormapTransformer","map=cool"
2026-03-15 10:35:00,942 - INFO - [pipeline.py:136] - "OilPaintingTransformer","dyn_ratio=7,size=7"
2026-03-15 10:35:00,959 - INFO - [pipeline.py:248] - [Grade: C] Saved to: /Users/kenfasano/Scripts/ScreenArt/Images/TransformedImages/cubes_1-C.jpeg
2026-03-15 10:35:00,995 - INFO - [pipeline.py:136] - "MeltMorphTransformer","intensity=0.50"
2026-03-15 10:35:01,013 - INFO - [pipeline.py:136] - "FluidWarpTransformer","alpha=0.84,sigma=5.40"
2026-03-15 10:35:01,024 - INFO - [pipeline.py:136] - "RadialWarpTransformer","radius=0.25,strength=112.80179050554453,81.64622620961029,43.79194733495798,style=push,push,push"
2026-03-15 10:35:01,036 - INFO - [pipeline.py:136] - "GlitchWarpTransformer","intensity=0.01"
2026-03-15 10:35:01,044 - INFO - [pipeline.py:248] - [Grade: C] Saved to: /Users/kenfasano/Scripts/ScreenArt/Images/TransformedImages/C2020_V2_ZTF_CHILESCOPE_DEBartlett1024-C.jpg
2026-03-15 10:35:01,057 - INFO - [pipeline.py:136] - "FlipWilsonTransformer","keep=bottom_left,narrow=0.48"
2026-03-15 10:35:01,090 - INFO - [pipeline.py:136] - "VoronoiTransformer","edge_blend=1,num_points=178"
2026-03-15 10:35:01,118 - INFO - [pipeline.py:136] - "WatercolorTransformer","scale=0.85,style=psychedelic"
2026-03-15 10:35:01,122 - INFO - [pipeline.py:136] - "WheelTransformer","blend=normal,copies=4"
2026-03-15 10:35:01,125 - INFO - [pipeline.py:248] - [Grade: A] Saved to: /Users/kenfasano/Scripts/ScreenArt/Images/TransformedImages/sunmoonballoon2_kranz-A.jpg
2026-03-15 10:35:01,133 - INFO - [pipeline.py:136] - "HalftoneTransformer","size=2"
2026-03-15 10:35:01,136 - INFO - [pipeline.py:248] - [Grade: A] Saved to: /Users/kenfasano/Scripts/ScreenArt/Images/TransformedImages/iss_sts108-A.jpg
2026-03-15 10:35:01,140 - INFO - [pipeline.py:136] - "ColormapTransformer","map=pink"
2026-03-15 10:35:01,145 - INFO - [pipeline.py:136] - "WheelTransformer","blend=normal,copies=4"
2026-03-15 10:35:01,153 - INFO - [pipeline.py:136] - "HalftoneTransformer","size=2"
2026-03-15 10:35:01,192 - INFO - [pipeline.py:136] - "VoronoiTransformer","edge_blend=1,num_points=171"
2026-03-15 10:35:01,195 - INFO - [pipeline.py:248] - [Grade: A] Saved to: /Users/kenfasano/Scripts/ScreenArt/Images/TransformedImages/prometheus_cassini_b-A.jpg
2026-03-15 10:35:01,204 - INFO - [pipeline.py:136] - "HalftoneTransformer","size=2"
2026-03-15 10:35:01,207 - INFO - [pipeline.py:248] - [Grade: A] Saved to: /Users/kenfasano/Scripts/ScreenArt/Images/TransformedImages/ngc5139_tan-A.jpg
2026-03-15 10:35:01,217 - INFO - [pipeline.py:136] - "FisheyeTransformer","shape=oval,strength=0.49,zoom=0.95"
2026-03-15 10:35:01,224 - INFO - [pipeline.py:136] - "RadialWarpTransformer","radius=0.25,strength=64.64005960723483,61.69797577575823,114.88470123077396,style=push,pull,push"
2026-03-15 10:35:01,237 - INFO - [pipeline.py:136] - "KaleidoscopeTransformer","cx_off=-0.10,cy_off=-0.03,segments=6"
2026-03-15 10:35:01,243 - INFO - [pipeline.py:248] - [Grade: F] Saved to: /Users/kenfasano/Scripts/ScreenArt/Images/Rejected/SunspotCastle_hackmann900-F.jpg
2026-03-15 10:35:01,475 - INFO - [pipeline.py:136] - "WatercolorTransformer","scale=0.85,style=psychedelic"
2026-03-15 10:35:01,493 - INFO - [pipeline.py:248] - [Grade: A] Saved to: /Users/kenfasano/Scripts/ScreenArt/Images/TransformedImages/everest_mackenzie-A.jpg
2026-03-15 10:35:01,499 - INFO - [pipeline.py:136] - "FluidWarpTransformer","alpha=2.67,sigma=2.99"
2026-03-15 10:35:01,506 - INFO - [pipeline.py:136] - "ThermalImagingTransformer","thermal=True"
2026-03-15 10:35:01,511 - INFO - [pipeline.py:136] - "DataMoshTransformer","intensity=0.02"
2026-03-15 10:35:01,544 - INFO - [pipeline.py:136] - "WatercolorTransformer","scale=0.85,style=monet"
2026-03-15 10:35:01,548 - INFO - [pipeline.py:248] - [Grade: A] Saved to: /Users/kenfasano/Scripts/ScreenArt/Images/TransformedImages/abell1185_cfht-A.jpg
2026-03-15 10:35:01,567 - INFO - [pipeline.py:136] - "FractalWarpTransformer","iter=1,scale=0.05"
2026-03-15 10:35:01,575 - INFO - [pipeline.py:248] - [Grade: A] Saved to: /Users/kenfasano/Scripts/ScreenArt/Images/TransformedImages/March2May_U2G_960-A.jpg
2026-03-15 10:35:01,585 - INFO - [pipeline.py:136] - "PosterizationTransformer","levels=4"
2026-03-15 10:35:01,623 - INFO - [pipeline.py:136] - "FlipWilsonTransformer","keep=bottom_left,narrow=0.48"
2026-03-15 10:35:01,631 - INFO - [pipeline.py:248] - [Grade: A] Saved to: /Users/kenfasano/Scripts/ScreenArt/Images/TransformedImages/ParanalGeminids_Guisard_1080-A.jpg
2026-03-15 10:35:01,661 - INFO - [pipeline.py:136] - "ThermalImagingTransformer","thermal=True"
2026-03-15 10:35:01,698 - INFO - [pipeline.py:136] - "MeltMorphTransformer","intensity=0.50"
2026-03-15 10:35:01,729 - INFO - [pipeline.py:136] - "HalftoneTransformer","size=2"
2026-03-15 10:35:01,739 - INFO - [pipeline.py:136] - "RadialWarpTransformer","radius=0.25,strength=49.230335426066304,style=pull"
2026-03-15 10:35:01,750 - INFO - [pipeline.py:248] - [Grade: A] Saved to: /Users/kenfasano/Scripts/ScreenArt/Images/TransformedImages/AtlasParanal_Kurak_960-A.jpg
2026-03-15 10:35:01,797 - INFO - [pipeline.py:136] - "FisheyeTransformer","shape=circle,strength=0.31,zoom=0.98"
2026-03-15 10:35:01,850 - INFO - [pipeline.py:136] - "KaleidoscopeTransformer","cx_off=-0.03,cy_off=-0.03,segments=6"
2026-03-15 10:35:01,870 - INFO - [pipeline.py:248] - [Grade: A] Saved to: /Users/kenfasano/Scripts/ScreenArt/Images/TransformedImages/nasa_earth_1_Los_Angeles_True_Color-A.jpeg
2026-03-15 10:35:01,919 - INFO - [pipeline.py:136] - "KaleidoscopeTransformer","cx_off=0.00,cy_off=0.17,segments=6"
2026-03-15 10:35:01,940 - INFO - [pipeline.py:136] - "FisheyeTransformer","shape=circle,strength=0.46,zoom=1.11"
2026-03-15 10:35:01,954 - INFO - [pipeline.py:248] - [Grade: A] Saved to: /Users/kenfasano/Scripts/ScreenArt/Images/TransformedImages/noaa_goes_1_se_GeoColor-A.jpeg
2026-03-15 10:35:02,095 - INFO - [pipeline.py:136] - "FractalWarpTransformer","iter=1,scale=0.05"
2026-03-15 10:35:02,202 - INFO - [pipeline.py:136] - "FluidWarpTransformer","alpha=16.86,sigma=2.90"
2026-03-15 10:35:02,255 - INFO - [pipeline.py:248] - [Grade: C] Saved to: /Users/kenfasano/Scripts/ScreenArt/Images/TransformedImages/Mulher_A-C.jpeg
2026-03-15 10:35:02,259 - INFO - [pipeline.py:136] - "PosterizationTransformer","levels=4"
2026-03-15 10:35:02,306 - INFO - [pipeline.py:136] - "VoronoiTransformer","edge_blend=1,num_points=276"
2026-03-15 10:35:02,310 - INFO - [pipeline.py:136] - "DataMoshTransformer","intensity=0.02"
2026-03-15 10:35:02,338 - INFO - [pipeline.py:136] - "WatercolorTransformer","scale=0.85,style=monet"
2026-03-15 10:35:02,342 - INFO - [pipeline.py:248] - [Grade: A] Saved to: /Users/kenfasano/Scripts/ScreenArt/Images/TransformedImages/500px-Oak_marbl-A.jpeg
2026-03-15 10:35:02,424 - INFO - [pipeline.py:136] - "KaleidoscopeTransformer","cx_off=-0.04,cy_off=0.03,segments=8"
2026-03-15 10:35:02,462 - INFO - [pipeline.py:136] - "FluidWarpTransformer","alpha=9.34,sigma=1.79"
2026-03-15 10:35:02,477 - INFO - [pipeline.py:136] - "ColormapTransformer","map=bone"
2026-03-15 10:35:02,591 - INFO - [pipeline.py:136] - "FlipWilsonTransformer","keep=bottom_left,narrow=0.48"
2026-03-15 10:35:02,615 - INFO - [pipeline.py:248] - [Grade: A] Saved to: /Users/kenfasano/Scripts/ScreenArt/Images/TransformedImages/DSC02213-A.jpeg
2026-03-15 10:35:02,646 - INFO - [pipeline.py:136] - "WatercolorTransformer","scale=0.85,style=monet"
2026-03-15 10:35:02,649 - INFO - [pipeline.py:248] - [Grade: A] Saved to: /Users/kenfasano/Scripts/ScreenArt/Images/TransformedImages/500px-Ranabir_S-A.jpeg
2026-03-15 10:35:02,733 - INFO - [pipeline.py:136] - "KaleidoscopeTransformer","cx_off=-0.13,cy_off=-0.20,segments=8"
2026-03-15 10:35:02,783 - INFO - [pipeline.py:136] - "DataMoshTransformer","intensity=0.01"
2026-03-15 10:35:02,807 - INFO - [pipeline.py:248] - [Grade: C] Saved to: /Users/kenfasano/Scripts/ScreenArt/Images/TransformedImages/1280px-Despotis-C.jpeg
2026-03-15 10:35:02,828 - INFO - [pipeline.py:136] - "ColormapTransformer","map=hot"
2026-03-15 10:35:02,925 - INFO - [pipeline.py:136] - "FlipWilsonTransformer","keep=bottom_left,narrow=0.48"
2026-03-15 10:35:02,945 - INFO - [pipeline.py:248] - [Grade: C] Saved to: /Users/kenfasano/Scripts/ScreenArt/Images/TransformedImages/lojong_2-C-scatter.jpeg
2026-03-15 10:35:03,103 - INFO - [pipeline.py:136] - "OilPaintingTransformer","dyn_ratio=1,size=7"
2026-03-15 10:35:03,146 - INFO - [pipeline.py:136] - "PixelSortTransformer","direction=rows,high=0.77,low=0.27,sort_key=green"
2026-03-15 10:35:03,164 - INFO - [pipeline.py:248] - [Grade: F] Saved to: /Users/kenfasano/Scripts/ScreenArt/Images/Rejected/lojong_3-F-tile.jpeg
2026-03-15 10:35:03,183 - INFO - [pipeline.py:136] - "PosterizationTransformer","levels=4"
2026-03-15 10:35:03,420 - INFO - [pipeline.py:136] - "PixelSortTransformer","direction=cols,high=0.68,low=0.13,sort_key=saturation"
2026-03-15 10:35:03,458 - INFO - [pipeline.py:136] - "ThermalImagingTransformer","thermal=True"
2026-03-15 10:35:03,477 - INFO - [pipeline.py:248] - [Grade: C] Saved to: /Users/kenfasano/Scripts/ScreenArt/Images/TransformedImages/lojong_8-C-hero.jpeg
2026-03-15 10:35:03,524 - INFO - [pipeline.py:136] - "SwirlWarpTransformer","strength=1.50"
2026-03-15 10:35:03,619 - INFO - [pipeline.py:136] - "FlipWilsonTransformer","keep=bottom_left,narrow=0.48"
2026-03-15 10:35:03,728 - INFO - [pipeline.py:136] - "PixelSortTransformer","direction=rows,high=0.75,low=0.05,sort_key=brightness"
2026-03-15 10:35:03,747 - INFO - [pipeline.py:248] - [Grade: A] Saved to: /Users/kenfasano/Scripts/ScreenArt/Images/TransformedImages/lojong_4-A-hero.jpeg
2026-03-15 10:35:03,848 - INFO - [pipeline.py:136] - "FlipWilsonTransformer","keep=bottom_left,narrow=0.48"
2026-03-15 10:35:03,905 - INFO - [pipeline.py:136] - "MeltMorphTransformer","intensity=0.50"
2026-03-15 10:35:04,115 - INFO - [pipeline.py:136] - "WatercolorTransformer","scale=0.85,style=psychedelic"
2026-03-15 10:35:04,134 - INFO - [pipeline.py:248] - [Grade: F] Saved to: /Users/kenfasano/Scripts/ScreenArt/Images/Rejected/lojong_5-F-hero.jpeg
2026-03-15 10:35:04,244 - INFO - [pipeline.py:136] - "PixelSortTransformer","direction=rows,high=0.82,low=0.34,sort_key=brightness"
2026-03-15 10:35:04,263 - INFO - [pipeline.py:248] - [Grade: A] Saved to: /Users/kenfasano/Scripts/ScreenArt/Images/TransformedImages/lojong_9-A-tile.jpeg
2026-03-15 10:35:04,297 - INFO - [pipeline.py:136] - "ChromaticAberrationTransformer","angle=277.30,edge_fade=1,shift=13.30"
2026-03-15 10:35:04,316 - INFO - [pipeline.py:248] - [Grade: A] Saved to: /Users/kenfasano/Scripts/ScreenArt/Images/TransformedImages/lojong_6-A-tile.jpeg
2026-03-15 10:35:04,366 - INFO - [pipeline.py:136] - "DataMoshTransformer","intensity=0.02"
2026-03-15 10:35:04,422 - INFO - [pipeline.py:136] - "MeltMorphTransformer","intensity=0.50"
2026-03-15 10:35:04,441 - INFO - [pipeline.py:248] - [Grade: A] Saved to: /Users/kenfasano/Scripts/ScreenArt/Images/TransformedImages/lojong_7-A-hero.jpeg
2026-03-15 10:35:04,476 - INFO - [pipeline.py:136] - "RadialWarpTransformer","radius=0.25,strength=38.583608050470474,56.46580576741775,87.96213307866395,style=pull,pull,push"
2026-03-15 10:35:04,495 - INFO - [pipeline.py:248] - [Grade: A] Saved to: /Users/kenfasano/Scripts/ScreenArt/Images/TransformedImages/lojong_0-A-columns.jpeg
2026-03-15 10:35:04,544 - INFO - [pipeline.py:136] - "FluidWarpTransformer","alpha=5.94,sigma=5.81"
2026-03-15 10:35:04,562 - INFO - [pipeline.py:248] - [Grade: A] Saved to: /Users/kenfasano/Scripts/ScreenArt/Images/TransformedImages/lojong_1-A-scatter.jpeg
2026-03-15 10:35:04,604 - INFO - [pipeline.py:136] - "WheelTransformer","blend=normal,copies=4"
2026-03-15 10:35:04,641 - INFO - [pipeline.py:136] - "DataMoshTransformer","intensity=0.02"
2026-03-15 10:35:04,696 - INFO - [pipeline.py:136] - "MeltMorphTransformer","intensity=0.50"
2026-03-15 10:35:04,715 - INFO - [pipeline.py:248] - [Grade: A] Saved to: /Users/kenfasano/Scripts/ScreenArt/Images/TransformedImages/psalms_95-A-scatter.jpeg
2026-03-15 10:35:04,762 - INFO - [pipeline.py:136] - "FractalWarpTransformer","iter=1,scale=0.05"
2026-03-15 10:35:04,782 - INFO - [pipeline.py:248] - [Grade: A] Saved to: /Users/kenfasano/Scripts/ScreenArt/Images/TransformedImages/psalms_21-A-columns.jpeg
2026-03-15 10:35:04,815 - INFO - [pipeline.py:136] - "ChromaticAberrationTransformer","angle=152.70,edge_fade=1,shift=13.70"
2026-03-15 10:35:04,849 - INFO - [pipeline.py:136] - "FractalWarpTransformer","iter=1,scale=0.05"
2026-03-15 10:35:04,868 - INFO - [pipeline.py:248] - [Grade: A] Saved to: /Users/kenfasano/Scripts/ScreenArt/Images/TransformedImages/psalms_20-A-hero.jpeg
2026-03-15 10:35:05,228 - INFO - [pipeline.py:136] - "VoronoiTransformer","edge_blend=1,num_points=280"
2026-03-15 10:35:05,267 - INFO - [pipeline.py:136] - "FluidWarpTransformer","alpha=13.65,sigma=4.22"
2026-03-15 10:35:05,287 - INFO - [pipeline.py:248] - [Grade: C] Saved to: /Users/kenfasano/Scripts/ScreenArt/Images/TransformedImages/psalms_147-C-hero.jpeg
2026-03-15 10:35:05,416 - INFO - [pipeline.py:136] - "OilPaintingTransformer","dyn_ratio=2,size=5"
2026-03-15 10:35:05,429 - INFO - [pipeline.py:136] - "ColormapTransformer","map=jet"
2026-03-15 10:35:05,434 - INFO - [pipeline.py:136] - "PixelSortTransformer","direction=cols,high=0.61,low=0.09,sort_key=green"
2026-03-15 10:35:05,468 - INFO - [pipeline.py:136] - "FractalWarpTransformer","iter=1,scale=0.05"
2026-03-15 10:35:05,486 - INFO - [pipeline.py:248] - [Grade: C] Saved to: /Users/kenfasano/Scripts/ScreenArt/Images/TransformedImages/psalms_84-C-hero.jpeg
2026-03-15 10:35:05,518 - INFO - [pipeline.py:136] - "RadialWarpTransformer","radius=0.25,strength=137.45960355046205,103.49663767153932,70.04826178365438,style=pull,push,push"
2026-03-15 10:35:05,571 - INFO - [pipeline.py:136] - "PixelSortTransformer","direction=rows,high=0.61,low=0.28,sort_key=blue"
2026-03-15 10:35:05,652 - INFO - [pipeline.py:136] - "ColormapTransformer","map=jet"
2026-03-15 10:35:06,044 - INFO - [pipeline.py:136] - "VoronoiTransformer","edge_blend=1,num_points=282"
2026-03-15 10:35:06,064 - INFO - [pipeline.py:248] - [Grade: A] Saved to: /Users/kenfasano/Scripts/ScreenArt/Images/TransformedImages/psalms_25-A-tile.jpeg
2026-03-15 10:35:06,115 - INFO - [pipeline.py:136] - "SwirlWarpTransformer","strength=1.50"
2026-03-15 10:35:06,138 - INFO - [pipeline.py:136] - "RadialWarpTransformer","radius=0.25,strength=119.05795352249123,71.08039837972137,132.44185130761144,style=push,push,pull"
2026-03-15 10:35:06,171 - INFO - [pipeline.py:136] - "WheelTransformer","blend=normal,copies=4"
2026-03-15 10:35:06,266 - INFO - [pipeline.py:136] - "OilPaintingTransformer","dyn_ratio=1,size=3"
2026-03-15 10:35:06,285 - INFO - [pipeline.py:248] - [Grade: A] Saved to: /Users/kenfasano/Scripts/ScreenArt/Images/TransformedImages/psalms_129-A-columns.jpeg
2026-03-15 10:35:06,326 - INFO - [pipeline.py:136] - "FractalWarpTransformer","iter=1,scale=0.05"
2026-03-15 10:35:06,391 - INFO - [pipeline.py:136] - "StippleTransformer","bg=black,dot_radius=2,jitter=1,spacing=8"
2026-03-15 10:35:06,404 - INFO - [pipeline.py:136] - "ColormapTransformer","map=hot"
2026-03-15 10:35:06,428 - INFO - [pipeline.py:248] - [Grade: B] Saved to: /Users/kenfasano/Scripts/ScreenArt/Images/TransformedImages/psalms_54-B-hero.jpeg
2026-03-15 10:35:06,462 - INFO - [pipeline.py:136] - "ChromaticAberrationTransformer","angle=188.80,edge_fade=1,shift=12.80"
2026-03-15 10:35:06,558 - INFO - [pipeline.py:136] - "FlipWilsonTransformer","keep=bottom_left,narrow=0.48"
2026-03-15 10:35:06,576 - INFO - [pipeline.py:248] - [Grade: C] Saved to: /Users/kenfasano/Scripts/ScreenArt/Images/TransformedImages/psalms_75-C-scatter.jpeg
2026-03-15 10:35:06,639 - INFO - [pipeline.py:136] - "MeltMorphTransformer","intensity=0.50"
2026-03-15 10:35:06,672 - INFO - [pipeline.py:136] - "WheelTransformer","blend=normal,copies=4"
2026-03-15 10:35:06,690 - INFO - [pipeline.py:248] - [Grade: A] Saved to: /Users/kenfasano/Scripts/ScreenArt/Images/TransformedImages/psalms_43-A-tile.jpeg
2026-03-15 10:35:06,698 - INFO - [pipeline.py:136] - "ColormapTransformer","map=spring"
2026-03-15 10:35:06,702 - INFO - [pipeline.py:136] - "PosterizationTransformer","levels=4"
2026-03-15 10:35:06,732 - INFO - [pipeline.py:136] - "FlipWilsonTransformer","keep=bottom_left,narrow=0.48"
2026-03-15 10:35:06,741 - INFO - [pipeline.py:136] - "RadialWarpTransformer","radius=0.25,strength=49.885670920036404,92.65893395211573,85.93123610209341,style=push,push,pull"
2026-03-15 10:35:06,748 - INFO - [pipeline.py:248] - [Grade: A] Saved to: /Users/kenfasano/Scripts/ScreenArt/Images/TransformedImages/peripheral_drift_2-A.jpeg
2026-03-15 10:35:06,759 - INFO - [pipeline.py:136] - "RadialWarpTransformer","radius=0.25,strength=88.4889848672307,95.933756981563,style=push,pull"
2026-03-15 10:35:06,772 - INFO - [pipeline.py:136] - "SwirlWarpTransformer","strength=1.50"
2026-03-15 10:35:06,779 - INFO - [pipeline.py:136] - "FisheyeTransformer","shape=circle,strength=0.32,zoom=1.06"
2026-03-15 10:35:06,796 - INFO - [pipeline.py:136] - "MeltMorphTransformer","intensity=0.50"
2026-03-15 10:35:06,803 - INFO - [pipeline.py:248] - [Grade: A] Saved to: /Users/kenfasano/Scripts/ScreenArt/Images/TransformedImages/peripheral_drift_3-A.jpeg
2026-03-15 10:35:06,852 - INFO - [pipeline.py:136] - "PixelSortTransformer","direction=rows,high=0.80,low=0.22,sort_key=red"
2026-03-15 10:35:06,859 - INFO - [pipeline.py:248] - [Grade: A] Saved to: /Users/kenfasano/Scripts/ScreenArt/Images/TransformedImages/peripheral_drift_1-A.jpeg
2026-03-15 10:35:06,859 - INFO - [main.py:188] - VoronoiTransformer
2026-03-15 10:35:06,859 - INFO - [main.py:188] - WatercolorTransformer
2026-03-15 10:35:06,859 - INFO - [main.py:188] - OilPaintingTransformer
2026-03-15 10:35:06,859 - INFO - [main.py:188] - PixelSortTransformer
2026-03-15 10:35:06,859 - INFO - [main.py:188] - FlipWilsonTransformer
2026-03-15 10:35:06,859 - INFO - [main.py:188] - StippleTransformer
2026-03-15 10:35:06,859 - INFO - [main.py:188] - KaleidoscopeTransformer
2026-03-15 10:35:06,859 - INFO - [main.py:188] - MeltMorphTransformer
2026-03-15 10:35:06,859 - INFO - [main.py:188] - FluidWarpTransformer
2026-03-15 10:35:06,859 - INFO - [main.py:188] - FractalWarpTransformer
2026-03-15 10:35:06,859 - INFO - [main.py:188] - SwirlWarpTransformer
2026-03-15 10:35:06,859 - INFO - [main.py:188] - ThermalImagingTransformer
2026-03-15 10:35:06,860 - INFO - [main.py:188] - DataMoshTransformer
2026-03-15 10:35:06,860 - INFO - [main.py:188] - HalftoneTransformer
2026-03-15 10:35:06,860 - INFO - [main.py:188] - ChromaticAberrationTransformer
2026-03-15 10:35:06,860 - INFO - [main.py:188] - WheelTransformer
2026-03-15 10:35:06,860 - INFO - [main.py:188] - GlitchWarpTransformer
2026-03-15 10:35:06,860 - INFO - [main.py:188] - ColormapTransformer
2026-03-15 10:35:06,860 - INFO - [main.py:188] - FisheyeTransformer
2026-03-15 10:35:06,860 - INFO - [main.py:188] - RadialWarpTransformer
2026-03-15 10:35:06,860 - INFO - [main.py:188] - PosterizationTransformer
2026-03-15 10:35:06,860 - INFO - [main.py:231] - 21s@10:35 ✓
Accepted: 54
Rejected: 3
---
Bible                      ->  4160ms
Wiki                       ->  3822ms
Lojong                     ->  1841ms
Nasa                       ->  1088ms
GoesGenerator              ->   641ms
Bubbles                    ->   454ms
Cubes                      ->   195ms
PeripheralDriftIllusion    ->    46ms
NasaMapGenerator           ->    35ms
---
VoronoiTransformer               -> Min:    33ms | Avg:   172ms | Max:   392ms
WatercolorTransformer            -> Min:    25ms | Avg:   134ms | Max:   225ms
OilPaintingTransformer           -> Min:    95ms | Avg:   123ms | Max:   149ms
PixelSortTransformer             -> Min:     5ms | Avg:   106ms | Max:   237ms
FlipWilsonTransformer            -> Min:    12ms | Avg:    80ms | Max:   113ms
StippleTransformer               -> Min:    64ms | Avg:    64ms | Max:    64ms
KaleidoscopeTransformer          -> Min:    13ms | Avg:    49ms | Max:    71ms
MeltMorphTransformer             -> Min:    17ms | Avg:    43ms | Max:    57ms
FluidWarpTransformer             -> Min:     5ms | Avg:    42ms | Max:   107ms
FractalWarpTransformer           -> Min:    15ms | Avg:    41ms | Max:   107ms
SwirlWarpTransformer             -> Min:    13ms | Avg:    34ms | Max:    40ms
ThermalImagingTransformer        -> Min:     6ms | Avg:    31ms | Max:    43ms
DataMoshTransformer              -> Min:     5ms | Avg:    30ms | Max:    50ms
HalftoneTransformer              -> Min:     6ms | Avg:    30ms | Max:    54ms
ChromaticAberrationTransformer   -> Min:    25ms | Avg:    26ms | Max:    29ms
WheelTransformer                 -> Min:     4ms | Avg:    25ms | Max:    33ms
GlitchWarpTransformer            -> Min:    11ms | Avg:    25ms | Max:    29ms
ColormapTransformer              -> Min:     3ms | Avg:    17ms | Max:    81ms
FisheyeTransformer               -> Min:     6ms | Avg:    17ms | Max:    35ms
RadialWarpTransformer            -> Min:     6ms | Avg:    14ms | Max:    23ms
PosterizationTransformer         -> Min:     2ms | Avg:    10ms | Max:    14ms
