2026-03-13 20:24:56,596 - INFO - [pipeline.py:136] - "ThermalImagingTransformer","thermal=True"
2026-03-13 20:24:56,612 - INFO - [pipeline.py:136] - "PosterizationTransformer","levels=4"
2026-03-13 20:24:56,631 - INFO - [pipeline.py:229] - [Grade: A] Saved to: /Users/kenfasano/Scripts/ScreenArt/Images/TransformedImages/bubbles_4-A.jpeg
2026-03-13 20:24:56,697 - INFO - [pipeline.py:136] - "HalftoneTransformer","size=2"
2026-03-13 20:24:56,725 - INFO - [pipeline.py:136] - "GlitchWarpTransformer","intensity=0.01"
2026-03-13 20:24:56,745 - INFO - [pipeline.py:136] - "RadialWarpTransformer","radius=0.25,strength=36.06750567510727,53.92584280888559,style=pull,push"
2026-03-13 20:24:56,761 - INFO - [pipeline.py:229] - [Grade: A] Saved to: /Users/kenfasano/Scripts/ScreenArt/Images/TransformedImages/bubbles_8-A.jpeg
2026-03-13 20:24:56,806 - INFO - [pipeline.py:136] - "ThermalImagingTransformer","thermal=True"
2026-03-13 20:24:56,824 - INFO - [pipeline.py:229] - [Grade: A] Saved to: /Users/kenfasano/Scripts/ScreenArt/Images/TransformedImages/bubbles_9-A.jpeg
2026-03-13 20:24:56,859 - INFO - [pipeline.py:136] - "GlitchWarpTransformer","intensity=0.01"
2026-03-13 20:24:56,872 - INFO - [pipeline.py:136] - "PosterizationTransformer","levels=4"
2026-03-13 20:24:56,889 - INFO - [pipeline.py:229] - [Grade: F] Saved to: /Users/kenfasano/Scripts/ScreenArt/Images/Rejected/bubbles_5-F.jpeg
2026-03-13 20:24:57,087 - INFO - [pipeline.py:136] - "WheelTransformer","blend=add,copies=5"
2026-03-13 20:24:57,104 - INFO - [pipeline.py:136] - "RadialWarpTransformer","radius=0.25,strength=82.01573316276256,style=pull"
2026-03-13 20:24:57,121 - INFO - [pipeline.py:229] - [Grade: A] Saved to: /Users/kenfasano/Scripts/ScreenArt/Images/TransformedImages/bubbles_2-A.jpeg
2026-03-13 20:24:57,314 - INFO - [pipeline.py:136] - "WheelTransformer","blend=add,copies=5"
2026-03-13 20:24:57,352 - INFO - [pipeline.py:136] - "DataMoshTransformer","intensity=0.02"
2026-03-13 20:24:57,388 - INFO - [pipeline.py:136] - "FractalWarpTransformer","iter=1,scale=0.05"
2026-03-13 20:24:57,424 - INFO - [pipeline.py:136] - "ThermalImagingTransformer","thermal=True"
2026-03-13 20:24:57,442 - INFO - [pipeline.py:229] - [Grade: A] Saved to: /Users/kenfasano/Scripts/ScreenArt/Images/TransformedImages/bubbles_3-A.jpeg
2026-03-13 20:24:57,668 - INFO - [pipeline.py:136] - "WatercolorTransformer","scale=0.85,style=psychedelic"
2026-03-13 20:24:57,688 - INFO - [pipeline.py:136] - "RadialWarpTransformer","radius=0.25,strength=82.00584654386111,110.4220410365496,style=pull,pull"
2026-03-13 20:24:57,704 - INFO - [pipeline.py:229] - [Grade: F] Saved to: /Users/kenfasano/Scripts/ScreenArt/Images/Rejected/bubbles_10-F.jpeg
2026-03-13 20:24:57,749 - INFO - [pipeline.py:136] - "ThermalImagingTransformer","thermal=True"
2026-03-13 20:24:57,762 - INFO - [pipeline.py:136] - "ColormapTransformer","map=winter"
2026-03-13 20:24:57,982 - INFO - [pipeline.py:136] - "WatercolorTransformer","scale=0.85,style=monet"
2026-03-13 20:24:58,017 - INFO - [pipeline.py:136] - "FractalWarpTransformer","iter=1,scale=0.05"
2026-03-13 20:24:58,034 - INFO - [pipeline.py:229] - [Grade: A] Saved to: /Users/kenfasano/Scripts/ScreenArt/Images/TransformedImages/bubbles_1-A.jpeg
2026-03-13 20:24:58,099 - INFO - [pipeline.py:136] - "MeltMorphTransformer","intensity=0.50"
2026-03-13 20:24:58,136 - INFO - [pipeline.py:136] - "ThermalImagingTransformer","thermal=True"
2026-03-13 20:24:58,173 - INFO - [pipeline.py:136] - "DataMoshTransformer","intensity=0.01"
2026-03-13 20:24:58,191 - INFO - [pipeline.py:229] - [Grade: A] Saved to: /Users/kenfasano/Scripts/ScreenArt/Images/TransformedImages/bubbles_6-A.jpeg
2026-03-13 20:24:58,252 - INFO - [pipeline.py:136] - "MeltMorphTransformer","intensity=0.50"
2026-03-13 20:24:58,439 - INFO - [pipeline.py:136] - "WheelTransformer","blend=add,copies=5"
2026-03-13 20:24:58,487 - INFO - [pipeline.py:136] - "HalftoneTransformer","size=2"
2026-03-13 20:24:58,504 - INFO - [pipeline.py:229] - [Grade: A] Saved to: /Users/kenfasano/Scripts/ScreenArt/Images/TransformedImages/bubbles_7-A.jpeg
2026-03-13 20:24:58,525 - INFO - [pipeline.py:136] - "PosterizationTransformer","levels=4"
2026-03-13 20:24:58,559 - INFO - [pipeline.py:136] - "FractalWarpTransformer","iter=1,scale=0.05"
2026-03-13 20:24:58,595 - INFO - [pipeline.py:136] - "FluidWarpTransformer","alpha=19.42,sigma=3.82"
2026-03-13 20:24:58,633 - INFO - [pipeline.py:136] - "SwirlWarpTransformer","strength=1.50"
2026-03-13 20:24:58,649 - INFO - [pipeline.py:229] - [Grade: A] Saved to: /Users/kenfasano/Scripts/ScreenArt/Images/TransformedImages/cubes_2-A.jpeg
2026-03-13 20:24:58,703 - INFO - [pipeline.py:136] - "HalftoneTransformer","size=2"
2026-03-13 20:24:58,716 - INFO - [pipeline.py:136] - "PosterizationTransformer","levels=4"
2026-03-13 20:24:58,731 - INFO - [pipeline.py:229] - [Grade: A] Saved to: /Users/kenfasano/Scripts/ScreenArt/Images/TransformedImages/cubes_3-A.jpeg
2026-03-13 20:24:58,775 - INFO - [pipeline.py:136] - "SwirlWarpTransformer","strength=1.50"
2026-03-13 20:24:58,832 - INFO - [pipeline.py:136] - "XrayTransformer","colors=64"
2026-03-13 20:24:58,862 - INFO - [pipeline.py:136] - "FisheyeTransformer","shape=oval,strength=0.65,zoom=0.95"
2026-03-13 20:24:59,051 - INFO - [pipeline.py:136] - "WheelTransformer","blend=add,copies=5"
2026-03-13 20:24:59,069 - INFO - [pipeline.py:229] - [Grade: A] Saved to: /Users/kenfasano/Scripts/ScreenArt/Images/TransformedImages/cubes_4-A.jpeg
2026-03-13 20:24:59,089 - INFO - [pipeline.py:136] - "PosterizationTransformer","levels=4"
2026-03-13 20:24:59,275 - INFO - [pipeline.py:136] - "WheelTransformer","blend=add,copies=5"
2026-03-13 20:24:59,323 - INFO - [pipeline.py:136] - "HalftoneTransformer","size=2"
2026-03-13 20:24:59,357 - INFO - [pipeline.py:136] - "FractalWarpTransformer","iter=1,scale=0.05"
2026-03-13 20:24:59,373 - INFO - [pipeline.py:229] - [Grade: A] Saved to: /Users/kenfasano/Scripts/ScreenArt/Images/TransformedImages/cubes_5-A.jpeg
2026-03-13 20:24:59,417 - INFO - [pipeline.py:136] - "SwirlWarpTransformer","strength=1.50"
2026-03-13 20:24:59,470 - INFO - [pipeline.py:136] - "MeltMorphTransformer","intensity=0.50"
2026-03-13 20:24:59,486 - INFO - [pipeline.py:229] - [Grade: A] Saved to: /Users/kenfasano/Scripts/ScreenArt/Images/TransformedImages/cubes_6-A.jpeg
2026-03-13 20:24:59,543 - INFO - [pipeline.py:136] - "FluidWarpTransformer","alpha=19.27,sigma=7.77"
2026-03-13 20:24:59,645 - INFO - [pipeline.py:136] - "FlipWilsonTransformer","keep=bottom_right,narrow=0.33"
2026-03-13 20:24:59,661 - INFO - [pipeline.py:229] - [Grade: A] Saved to: /Users/kenfasano/Scripts/ScreenArt/Images/TransformedImages/cubes_1-A.jpeg
2026-03-13 20:24:59,701 - INFO - [pipeline.py:136] - "HalftoneTransformer","size=2"
2026-03-13 20:24:59,769 - INFO - [pipeline.py:136] - "WheelTransformer","blend=add,copies=5"
2026-03-13 20:24:59,850 - INFO - [pipeline.py:136] - "WatercolorTransformer","scale=0.85,style=psychedelic"
2026-03-13 20:24:59,864 - INFO - [pipeline.py:136] - "FractalWarpTransformer","iter=1,scale=0.05"
2026-03-13 20:24:59,870 - INFO - [pipeline.py:229] - [Grade: A] Saved to: /Users/kenfasano/Scripts/ScreenArt/Images/TransformedImages/Chandrafirstlight_0_1024-A.jpg
2026-03-13 20:24:59,877 - INFO - [pipeline.py:136] - "FractalWarpTransformer","iter=1,scale=0.05"
2026-03-13 20:24:59,880 - INFO - [pipeline.py:229] - [Grade: A] Saved to: /Users/kenfasano/Scripts/ScreenArt/Images/TransformedImages/spherule_apollo11_big-A.jpg
2026-03-13 20:24:59,895 - INFO - [pipeline.py:136] - "GlitchWarpTransformer","intensity=0.01"
2026-03-13 20:24:59,928 - INFO - [pipeline.py:136] - "FlipWilsonTransformer","keep=bottom_right,narrow=0.33"
2026-03-13 20:24:59,986 - INFO - [pipeline.py:136] - "WheelTransformer","blend=add,copies=5"
2026-03-13 20:24:59,999 - INFO - [pipeline.py:136] - "ThermalImagingTransformer","thermal=True"
2026-03-13 20:25:00,006 - INFO - [pipeline.py:229] - [Grade: A] Saved to: /Users/kenfasano/Scripts/ScreenArt/Images/TransformedImages/M101_3Days_New_APOD1024-A.jpg
2026-03-13 20:25:00,011 - INFO - [pipeline.py:136] - "SwirlWarpTransformer","strength=1.50"
2026-03-13 20:25:00,013 - INFO - [pipeline.py:229] - [Grade: A] Saved to: /Users/kenfasano/Scripts/ScreenArt/Images/TransformedImages/saturnetempete250106_2-A.jpg
2026-03-13 20:25:00,019 - INFO - [pipeline.py:136] - "FractalWarpTransformer","iter=1,scale=0.05"
2026-03-13 20:25:00,022 - INFO - [pipeline.py:229] - [Grade: C] Saved to: /Users/kenfasano/Scripts/ScreenArt/Images/TransformedImages/vcstars_illust-C.jpg
2026-03-13 20:25:00,026 - INFO - [pipeline.py:136] - "ColormapTransformer","map=bone"
2026-03-13 20:25:00,030 - INFO - [pipeline.py:136] - "FisheyeTransformer","shape=circle,strength=0.29,zoom=0.95"
2026-03-13 20:25:00,046 - INFO - [pipeline.py:136] - "FlipWilsonTransformer","keep=bottom_right,narrow=0.33"
2026-03-13 20:25:00,052 - INFO - [pipeline.py:136] - "DataMoshTransformer","intensity=0.01"
2026-03-13 20:25:00,056 - INFO - [pipeline.py:229] - [Grade: A] Saved to: /Users/kenfasano/Scripts/ScreenArt/Images/TransformedImages/backview_cassini-A.jpg
2026-03-13 20:25:00,061 - INFO - [pipeline.py:136] - "FisheyeTransformer","shape=circle,strength=0.55,zoom=1.09"
2026-03-13 20:25:00,066 - INFO - [pipeline.py:136] - "FluidWarpTransformer","alpha=1.43,sigma=2.91"
2026-03-13 20:25:00,074 - INFO - [pipeline.py:136] - "HalftoneTransformer","size=2"
2026-03-13 20:25:00,078 - INFO - [pipeline.py:136] - "GlitchWarpTransformer","intensity=0.01"
2026-03-13 20:25:00,081 - INFO - [pipeline.py:229] - [Grade: A] Saved to: /Users/kenfasano/Scripts/ScreenArt/Images/TransformedImages/northmars_mgs-A.jpg
2026-03-13 20:25:00,117 - INFO - [pipeline.py:136] - "RadialWarpTransformer","radius=0.25,strength=137.88050049578385,86.99642217540702,120.51488777151526,style=push,push,push"
2026-03-13 20:25:00,128 - INFO - [pipeline.py:229] - [Grade: B] Saved to: /Users/kenfasano/Scripts/ScreenArt/Images/TransformedImages/potw1913aM2_1024-B.jpg
2026-03-13 20:25:00,141 - INFO - [pipeline.py:136] - "GlitchWarpTransformer","intensity=0.01"
2026-03-13 20:25:00,161 - INFO - [pipeline.py:136] - "MeltMorphTransformer","intensity=0.50"
2026-03-13 20:25:00,197 - INFO - [pipeline.py:136] - "FlipWilsonTransformer","keep=bottom_right,narrow=0.33"
2026-03-13 20:25:00,204 - INFO - [pipeline.py:229] - [Grade: A] Saved to: /Users/kenfasano/Scripts/ScreenArt/Images/TransformedImages/GS_20120124_Aurora_0044_Planet900c-A.jpg
2026-03-13 20:25:00,233 - INFO - [pipeline.py:136] - "RadialWarpTransformer","radius=0.25,strength=98.33720799628395,80.71590326454759,56.90426981552325,style=pull,push,push"
2026-03-13 20:25:00,238 - INFO - [pipeline.py:136] - "PosterizationTransformer","levels=4"
2026-03-13 20:25:00,259 - INFO - [pipeline.py:136] - "MeltMorphTransformer","intensity=0.50"
2026-03-13 20:25:00,266 - INFO - [pipeline.py:229] - [Grade: B] Saved to: /Users/kenfasano/Scripts/ScreenArt/Images/TransformedImages/Full_Moon_Jan_24_Beletsky1024c-B.jpg
2026-03-13 20:25:00,273 - INFO - [pipeline.py:136] - "SwirlWarpTransformer","strength=1.50"
2026-03-13 20:25:00,275 - INFO - [pipeline.py:136] - "ColormapTransformer","map=pink"
2026-03-13 20:25:00,278 - INFO - [pipeline.py:136] - "FisheyeTransformer","shape=oval,strength=0.67,zoom=1.06"
2026-03-13 20:25:00,281 - INFO - [pipeline.py:229] - [Grade: A] Saved to: /Users/kenfasano/Scripts/ScreenArt/Images/TransformedImages/sharpless140_spitzer_c1-A.jpg
2026-03-13 20:25:00,515 - INFO - [pipeline.py:136] - "WatercolorTransformer","scale=0.85,style=monet"
2026-03-13 20:25:00,569 - INFO - [pipeline.py:136] - "AnamorphicTransformer","intensity=0.0,0.2,0.4,0.6,0.8,thresh=80"
2026-03-13 20:25:00,604 - INFO - [pipeline.py:136] - "ThermalImagingTransformer","thermal=True"
2026-03-13 20:25:00,707 - INFO - [pipeline.py:136] - "FlipWilsonTransformer","keep=bottom_right,narrow=0.33"
2026-03-13 20:25:00,724 - INFO - [pipeline.py:229] - [Grade: A] Saved to: /Users/kenfasano/Scripts/ScreenArt/Images/TransformedImages/nasa_earth_1_London_True_Color-A.jpeg
2026-03-13 20:25:00,752 - INFO - [pipeline.py:136] - "FisheyeTransformer","shape=oval,strength=0.71,zoom=0.91"
2026-03-13 20:25:00,784 - INFO - [pipeline.py:136] - "HalftoneTransformer","size=2"
2026-03-13 20:25:00,796 - INFO - [pipeline.py:229] - [Grade: A] Saved to: /Users/kenfasano/Scripts/ScreenArt/Images/TransformedImages/noaa_goes_1_se_Air_Mass-A.jpeg
2026-03-13 20:25:00,966 - INFO - [pipeline.py:136] - "HalftoneTransformer","size=2"
2026-03-13 20:25:01,097 - INFO - [pipeline.py:136] - "MeltMorphTransformer","intensity=0.50"
2026-03-13 20:25:01,182 - INFO - [pipeline.py:136] - "FractalWarpTransformer","iter=1,scale=0.05"
2026-03-13 20:25:01,275 - INFO - [pipeline.py:136] - "DataMoshTransformer","intensity=0.01"
2026-03-13 20:25:01,318 - INFO - [pipeline.py:229] - [Grade: A] Saved to: /Users/kenfasano/Scripts/ScreenArt/Images/TransformedImages/Mme_Raym-A.jpeg
2026-03-13 20:25:01,359 - INFO - [pipeline.py:136] - "FisheyeTransformer","shape=circle,strength=0.53,zoom=0.93"
2026-03-13 20:25:01,666 - INFO - [pipeline.py:136] - "WatercolorTransformer","scale=0.85,style=monet"
2026-03-13 20:25:01,687 - INFO - [pipeline.py:229] - [Grade: C] Saved to: /Users/kenfasano/Scripts/ScreenArt/Images/TransformedImages/Mme._Uri-C.jpeg
2026-03-13 20:25:01,782 - INFO - [pipeline.py:136] - "WheelTransformer","blend=add,copies=5"
2026-03-13 20:25:01,791 - INFO - [pipeline.py:229] - [Grade: A] Saved to: /Users/kenfasano/Scripts/ScreenArt/Images/TransformedImages/960px-Marken__n-A.jpeg
2026-03-13 20:25:01,839 - INFO - [pipeline.py:136] - "ThermalImagingTransformer","thermal=True"
2026-03-13 20:25:02,026 - INFO - [pipeline.py:136] - "WheelTransformer","blend=add,copies=5"
2026-03-13 20:25:02,045 - INFO - [pipeline.py:229] - [Grade: A] Saved to: /Users/kenfasano/Scripts/ScreenArt/Images/TransformedImages/lojong_2-A-columns.jpeg
2026-03-13 20:25:02,268 - INFO - [pipeline.py:136] - "WatercolorTransformer","scale=0.85,style=psychedelic"
2026-03-13 20:25:02,305 - INFO - [pipeline.py:136] - "SwirlWarpTransformer","strength=1.50"
2026-03-13 20:25:02,491 - INFO - [pipeline.py:136] - "WheelTransformer","blend=add,copies=5"
2026-03-13 20:25:02,529 - INFO - [pipeline.py:136] - "DataMoshTransformer","intensity=0.02"
2026-03-13 20:25:02,546 - INFO - [pipeline.py:229] - [Grade: A] Saved to: /Users/kenfasano/Scripts/ScreenArt/Images/TransformedImages/lojong_3-A-hero.jpeg
2026-03-13 20:25:02,778 - INFO - [pipeline.py:136] - "WatercolorTransformer","scale=0.85,style=psychedelic"
2026-03-13 20:25:02,795 - INFO - [pipeline.py:229] - [Grade: B] Saved to: /Users/kenfasano/Scripts/ScreenArt/Images/TransformedImages/lojong_8-B-columns.jpeg
2026-03-13 20:25:03,022 - INFO - [pipeline.py:136] - "WatercolorTransformer","scale=0.85,style=monet"
2026-03-13 20:25:03,057 - INFO - [pipeline.py:136] - "FractalWarpTransformer","iter=1,scale=0.05"
2026-03-13 20:25:03,096 - INFO - [pipeline.py:136] - "ThermalImagingTransformer","thermal=True"
2026-03-13 20:25:03,113 - INFO - [pipeline.py:229] - [Grade: A] Saved to: /Users/kenfasano/Scripts/ScreenArt/Images/TransformedImages/lojong_4-A-tile.jpeg
2026-03-13 20:25:03,151 - INFO - [pipeline.py:136] - "ThreeDExtrusionTransformer","ambient=0.50,intensity=0.50"
2026-03-13 20:25:03,165 - INFO - [pipeline.py:136] - "ColormapTransformer","map=bone"
2026-03-13 20:25:03,218 - INFO - [pipeline.py:136] - "MeltMorphTransformer","intensity=0.50"
2026-03-13 20:25:03,236 - INFO - [pipeline.py:229] - [Grade: B] Saved to: /Users/kenfasano/Scripts/ScreenArt/Images/TransformedImages/lojong_5-B-scatter.jpeg
2026-03-13 20:25:03,256 - INFO - [pipeline.py:136] - "PosterizationTransformer","levels=4"
2026-03-13 20:25:03,316 - INFO - [pipeline.py:136] - "XrayTransformer","colors=64"
2026-03-13 20:25:03,344 - INFO - [pipeline.py:136] - "GlitchWarpTransformer","intensity=0.01"
2026-03-13 20:25:03,562 - INFO - [pipeline.py:136] - "WatercolorTransformer","scale=0.85,style=monet"
2026-03-13 20:25:03,578 - INFO - [pipeline.py:229] - [Grade: F] Saved to: /Users/kenfasano/Scripts/ScreenArt/Images/Rejected/lojong_9-F-tile.jpeg
2026-03-13 20:25:03,643 - INFO - [pipeline.py:136] - "MeltMorphTransformer","intensity=0.50"
2026-03-13 20:25:03,685 - INFO - [pipeline.py:136] - "ThermalImagingTransformer","thermal=True"
2026-03-13 20:25:03,705 - INFO - [pipeline.py:229] - [Grade: B] Saved to: /Users/kenfasano/Scripts/ScreenArt/Images/TransformedImages/lojong_6-B-columns.jpeg
2026-03-13 20:25:03,729 - INFO - [pipeline.py:136] - "RadialWarpTransformer","radius=0.25,strength=55.054812420940976,style=push"
2026-03-13 20:25:03,956 - INFO - [pipeline.py:136] - "WatercolorTransformer","scale=0.85,style=monet"
2026-03-13 20:25:03,973 - INFO - [pipeline.py:229] - [Grade: A] Saved to: /Users/kenfasano/Scripts/ScreenArt/Images/TransformedImages/lojong_7-A-tile.jpeg
2026-03-13 20:25:04,021 - INFO - [pipeline.py:136] - "SwirlWarpTransformer","strength=1.50"
2026-03-13 20:25:04,163 - INFO - [pipeline.py:136] - "XrayTransformer","colors=64"
2026-03-13 20:25:04,181 - INFO - [pipeline.py:229] - [Grade: C] Saved to: /Users/kenfasano/Scripts/ScreenArt/Images/TransformedImages/lojong_0-C-columns.jpeg
2026-03-13 20:25:04,399 - INFO - [pipeline.py:136] - "WatercolorTransformer","scale=0.85,style=psychedelic"
2026-03-13 20:25:04,416 - INFO - [pipeline.py:229] - [Grade: F] Saved to: /Users/kenfasano/Scripts/ScreenArt/Images/Rejected/lojong_1-F-tile.jpeg
2026-03-13 20:25:04,448 - INFO - [pipeline.py:136] - "FisheyeTransformer","shape=circle,strength=0.24,zoom=1.05"
2026-03-13 20:25:04,465 - INFO - [pipeline.py:229] - [Grade: F] Saved to: /Users/kenfasano/Scripts/ScreenArt/Images/Rejected/psalms_17-F-hero.jpeg
2026-03-13 20:25:04,500 - INFO - [pipeline.py:136] - "GlitchWarpTransformer","intensity=0.01"
2026-03-13 20:25:04,523 - INFO - [pipeline.py:136] - "FisheyeTransformer","shape=circle,strength=0.23,zoom=1.11"
2026-03-13 20:25:04,570 - INFO - [pipeline.py:136] - "FluidWarpTransformer","alpha=6.11,sigma=6.68"
2026-03-13 20:25:04,587 - INFO - [pipeline.py:229] - [Grade: C] Saved to: /Users/kenfasano/Scripts/ScreenArt/Images/TransformedImages/psalms_106-C-tile.jpeg
2026-03-13 20:25:04,631 - INFO - [pipeline.py:136] - "ThermalImagingTransformer","thermal=True"
2026-03-13 20:25:04,685 - INFO - [pipeline.py:136] - "MeltMorphTransformer","intensity=0.50"
2026-03-13 20:25:04,702 - INFO - [pipeline.py:229] - [Grade: A] Saved to: /Users/kenfasano/Scripts/ScreenArt/Images/TransformedImages/psalms_7-A-hero.jpeg
2026-03-13 20:25:04,739 - INFO - [pipeline.py:136] - "GlitchWarpTransformer","intensity=0.01"
2026-03-13 20:25:04,757 - INFO - [pipeline.py:229] - [Grade: A] Saved to: /Users/kenfasano/Scripts/ScreenArt/Images/TransformedImages/psalms_84-A-scatter.jpeg
2026-03-13 20:25:04,818 - INFO - [pipeline.py:136] - "MeltMorphTransformer","intensity=0.50"
2026-03-13 20:25:05,008 - INFO - [pipeline.py:136] - "WheelTransformer","blend=add,copies=5"
2026-03-13 20:25:05,027 - INFO - [pipeline.py:229] - [Grade: A] Saved to: /Users/kenfasano/Scripts/ScreenArt/Images/TransformedImages/psalms_67-A-tile.jpeg
2026-03-13 20:25:05,052 - INFO - [pipeline.py:136] - "RadialWarpTransformer","radius=0.25,strength=56.12428044111698,style=push"
2026-03-13 20:25:05,107 - INFO - [pipeline.py:136] - "MeltMorphTransformer","intensity=0.50"
2026-03-13 20:25:05,135 - INFO - [pipeline.py:136] - "GlitchWarpTransformer","intensity=0.01"
2026-03-13 20:25:05,321 - INFO - [pipeline.py:136] - "WheelTransformer","blend=add,copies=5"
2026-03-13 20:25:05,339 - INFO - [pipeline.py:229] - [Grade: A] Saved to: /Users/kenfasano/Scripts/ScreenArt/Images/TransformedImages/psalms_120-A-scatter.jpeg
2026-03-13 20:25:05,361 - INFO - [pipeline.py:136] - "PosterizationTransformer","levels=4"
2026-03-13 20:25:05,399 - INFO - [pipeline.py:136] - "DataMoshTransformer","intensity=0.02"
2026-03-13 20:25:05,417 - INFO - [pipeline.py:229] - [Grade: A] Saved to: /Users/kenfasano/Scripts/ScreenArt/Images/TransformedImages/psalms_12-A-scatter.jpeg
2026-03-13 20:25:05,619 - INFO - [pipeline.py:136] - "WheelTransformer","blend=add,copies=5"
2026-03-13 20:25:05,639 - INFO - [pipeline.py:229] - [Grade: A] Saved to: /Users/kenfasano/Scripts/ScreenArt/Images/TransformedImages/psalms_4-A-columns.jpeg
2026-03-13 20:25:05,682 - INFO - [pipeline.py:136] - "FractalWarpTransformer","iter=1,scale=0.05"
2026-03-13 20:25:05,712 - INFO - [pipeline.py:136] - "FisheyeTransformer","shape=oval,strength=0.48,zoom=0.98"
2026-03-13 20:25:05,732 - INFO - [pipeline.py:229] - [Grade: C] Saved to: /Users/kenfasano/Scripts/ScreenArt/Images/TransformedImages/psalms_15-C-scatter.jpeg
2026-03-13 20:25:05,752 - INFO - [pipeline.py:136] - "ColormapTransformer","map=spring"
2026-03-13 20:25:05,777 - INFO - [pipeline.py:136] - "RadialWarpTransformer","radius=0.25,strength=138.307437614979,68.22878351000574,62.71264801986155,style=pull,push,pull"
2026-03-13 20:25:05,794 - INFO - [pipeline.py:229] - [Grade: C] Saved to: /Users/kenfasano/Scripts/ScreenArt/Images/TransformedImages/psalms_148-C-tile.jpeg
2026-03-13 20:25:05,853 - INFO - [pipeline.py:136] - "WheelTransformer","blend=add,copies=5"
2026-03-13 20:25:05,862 - INFO - [pipeline.py:136] - "GlitchWarpTransformer","intensity=0.01"
2026-03-13 20:25:05,869 - INFO - [pipeline.py:229] - [Grade: A] Saved to: /Users/kenfasano/Scripts/ScreenArt/Images/TransformedImages/peripheral_drift_2-A.jpeg
2026-03-13 20:25:05,887 - INFO - [pipeline.py:136] - "HalftoneTransformer","size=2"
2026-03-13 20:25:05,895 - INFO - [pipeline.py:136] - "RadialWarpTransformer","radius=0.25,strength=35.562948266629874,52.93408280050438,style=pull,pull"
2026-03-13 20:25:05,900 - INFO - [pipeline.py:136] - "ColormapTransformer","map=cool"
2026-03-13 20:25:05,906 - INFO - [pipeline.py:229] - [Grade: A] Saved to: /Users/kenfasano/Scripts/ScreenArt/Images/TransformedImages/peripheral_drift_3-A.jpeg
2026-03-13 20:25:05,964 - INFO - [pipeline.py:136] - "WheelTransformer","blend=add,copies=5"
2026-03-13 20:25:05,970 - INFO - [pipeline.py:229] - [Grade: A] Saved to: /Users/kenfasano/Scripts/ScreenArt/Images/TransformedImages/peripheral_drift_1-A.jpeg
2026-03-13 20:25:05,970 - INFO - [main.py:196] - WatercolorTransformer
2026-03-13 20:25:05,970 - INFO - [main.py:196] - WheelTransformer
2026-03-13 20:25:05,970 - INFO - [main.py:196] - XrayTransformer
2026-03-13 20:25:05,970 - INFO - [main.py:196] - FlipWilsonTransformer
2026-03-13 20:25:05,970 - INFO - [main.py:196] - MeltMorphTransformer
2026-03-13 20:25:05,970 - INFO - [main.py:196] - AnamorphicTransformer
2026-03-13 20:25:05,970 - INFO - [main.py:196] - HalftoneTransformer
2026-03-13 20:25:05,970 - INFO - [main.py:196] - DataMoshTransformer
2026-03-13 20:25:05,970 - INFO - [main.py:196] - ThermalImagingTransformer
2026-03-13 20:25:05,970 - INFO - [main.py:196] - FluidWarpTransformer
2026-03-13 20:25:05,970 - INFO - [main.py:196] - FractalWarpTransformer
2026-03-13 20:25:05,970 - INFO - [main.py:196] - ThreeDExtrusionTransformer
2026-03-13 20:25:05,970 - INFO - [main.py:196] - SwirlWarpTransformer
2026-03-13 20:25:05,970 - INFO - [main.py:196] - GlitchWarpTransformer
2026-03-13 20:25:05,970 - INFO - [main.py:196] - FisheyeTransformer
2026-03-13 20:25:05,970 - INFO - [main.py:196] - RadialWarpTransformer
2026-03-13 20:25:05,970 - INFO - [main.py:196] - PosterizationTransformer
2026-03-13 20:25:05,970 - INFO - [main.py:196] - ColormapTransformer
2026-03-13 20:25:05,971 - INFO - [main.py:239] - 22s@20:25 ✓
Accepted: 50
Rejected: 5
---
Bible                      ->  5441ms
Wiki                       ->  2647ms
Lojong                     ->  2577ms
GoesGenerator              ->   991ms
Nasa                       ->   792ms
Bubbles                    ->   552ms
Cubes                      ->   180ms
PeripheralDriftIllusion    ->    51ms
NasaMapGenerator           ->    47ms
---
WatercolorTransformer      -> Min:    81ms | Avg:   215ms | Max:   307ms
WheelTransformer           -> Min:    55ms | Avg:   147ms | Max:   191ms
XrayTransformer            -> Min:    57ms | Avg:    86ms | Max:   142ms
FlipWilsonTransformer      -> Min:    16ms | Avg:    58ms | Max:   103ms
MeltMorphTransformer       -> Min:    20ms | Avg:    55ms | Max:   131ms
AnamorphicTransformer      -> Min:    54ms | Avg:    54ms | Max:    54ms
HalftoneTransformer        -> Min:     7ms | Avg:    46ms | Max:   140ms
DataMoshTransformer        -> Min:     6ms | Avg:    41ms | Max:    93ms
ThermalImagingTransformer  -> Min:    12ms | Avg:    36ms | Max:    42ms
FluidWarpTransformer       -> Min:     5ms | Avg:    34ms | Max:    50ms
FractalWarpTransformer     -> Min:     5ms | Avg:    32ms | Max:    85ms
ThreeDExtrusionTransformer -> Min:    31ms | Avg:    31ms | Max:    31ms
SwirlWarpTransformer       -> Min:     4ms | Avg:    28ms | Max:    38ms
GlitchWarpTransformer      -> Min:     4ms | Avg:    20ms | Max:    28ms
FisheyeTransformer         -> Min:     3ms | Avg:    19ms | Max:    32ms
RadialWarpTransformer      -> Min:     8ms | Avg:    16ms | Max:    25ms
PosterizationTransformer   -> Min:     5ms | Avg:    12ms | Max:    16ms
ColormapTransformer        -> Min:     2ms | Avg:     8ms | Max:    13ms
