2026-03-08 20:01:38,392 - INFO - [pipeline.py:44] - PosterizationTransformer
2026-03-08 20:01:38,401 - INFO - [pipeline.py:44] - FractalWarpTransformer
2026-03-08 20:01:38,441 - INFO - [pipeline.py:44] - ThermalImagingTransformer
2026-03-08 20:01:38,482 - INFO - [pipeline.py:117] - [Grade: F] Saved to: /Users/kenfasano/Scripts/ScreenArt/Images/Rejected/bubbles_4-F.jpeg
2026-03-08 20:01:38,490 - INFO - [pipeline.py:44] - FisheyeTransformer
2026-03-08 20:01:38,519 - INFO - [pipeline.py:44] - HalftoneTransformer
2026-03-08 20:01:38,554 - INFO - [pipeline.py:44] - GlitchWarpTransformer
2026-03-08 20:01:38,596 - INFO - [pipeline.py:117] - [Grade: F] Saved to: /Users/kenfasano/Scripts/ScreenArt/Images/Rejected/bubbles_8-F.jpeg
2026-03-08 20:01:38,605 - INFO - [pipeline.py:44] - FluidWarpTransformer
2026-03-08 20:01:38,667 - INFO - [pipeline.py:44] - TritoneTransformer
2026-03-08 20:01:38,696 - INFO - [pipeline.py:44] - DataMoshTransformer
2026-03-08 20:01:38,731 - INFO - [pipeline.py:44] - ThermalImagingTransformer
2026-03-08 20:01:38,773 - INFO - [pipeline.py:117] - [Grade: F] Saved to: /Users/kenfasano/Scripts/ScreenArt/Images/Rejected/bubbles_9-F.jpeg
2026-03-08 20:01:38,782 - INFO - [pipeline.py:44] - WheelTransformer
2026-03-08 20:01:38,820 - INFO - [pipeline.py:44] - DataMoshTransformer
2026-03-08 20:01:38,857 - INFO - [pipeline.py:44] - PosterizationTransformer
2026-03-08 20:01:38,878 - INFO - [pipeline.py:117] - [Grade: F] Saved to: /Users/kenfasano/Scripts/ScreenArt/Images/Rejected/bubbles_5-F.jpeg
2026-03-08 20:01:38,886 - INFO - [pipeline.py:44] - ThreeDExtrusionTransformer
2026-03-08 20:01:38,916 - INFO - [pipeline.py:44] - FlipWilsonTransformer
2026-03-08 20:01:39,024 - INFO - [pipeline.py:44] - WheelTransformer
2026-03-08 20:01:39,078 - INFO - [pipeline.py:117] - [Grade: F] Saved to: /Users/kenfasano/Scripts/ScreenArt/Images/Rejected/bubbles_2-F.jpeg
2026-03-08 20:01:39,087 - INFO - [pipeline.py:44] - DataMoshTransformer
2026-03-08 20:01:39,142 - INFO - [pipeline.py:117] - [Grade: F] Saved to: /Users/kenfasano/Scripts/ScreenArt/Images/Rejected/bubbles_3-F.jpeg
2026-03-08 20:01:39,150 - INFO - [pipeline.py:44] - XrayTransformer
2026-03-08 20:01:39,265 - INFO - [pipeline.py:44] - FluidWarpTransformer
2026-03-08 20:01:39,350 - INFO - [pipeline.py:44] - FractalWarpTransformer
2026-03-08 20:01:39,385 - INFO - [pipeline.py:44] - HalftoneTransformer
2026-03-08 20:01:39,432 - INFO - [pipeline.py:117] - [Grade: F] Saved to: /Users/kenfasano/Scripts/ScreenArt/Images/Rejected/bubbles_10-F.jpeg
2026-03-08 20:01:39,440 - INFO - [pipeline.py:44] - PosterizationTransformer
2026-03-08 20:01:39,445 - INFO - [pipeline.py:44] - WatercolorTransformer
2026-03-08 20:01:39,521 - INFO - [pipeline.py:44] - DataMoshTransformer
2026-03-08 20:01:39,571 - INFO - [pipeline.py:117] - [Grade: F] Saved to: /Users/kenfasano/Scripts/ScreenArt/Images/Rejected/bubbles_1-F.jpeg
2026-03-08 20:01:39,580 - INFO - [pipeline.py:44] - FluidWarpTransformer
2026-03-08 20:01:39,622 - INFO - [pipeline.py:44] - HalftoneTransformer
2026-03-08 20:01:39,667 - INFO - [pipeline.py:117] - [Grade: F] Saved to: /Users/kenfasano/Scripts/ScreenArt/Images/Rejected/bubbles_6-F.jpeg
2026-03-08 20:01:39,675 - INFO - [pipeline.py:44] - InvertRGBTransformer
2026-03-08 20:01:39,676 - INFO - [pipeline.py:44] - RadialWarpTransformer
2026-03-08 20:01:39,704 - INFO - [pipeline.py:117] - [Grade: F] Saved to: /Users/kenfasano/Scripts/ScreenArt/Images/Rejected/bubbles_7-F.jpeg
2026-03-08 20:01:39,712 - INFO - [pipeline.py:44] - PosterizationTransformer
2026-03-08 20:01:39,731 - INFO - [pipeline.py:117] - [Grade: F] Saved to: /Users/kenfasano/Scripts/ScreenArt/Images/Rejected/cubes_2-F.jpeg
2026-03-08 20:01:39,739 - INFO - [pipeline.py:44] - InvertRGBTransformer
2026-03-08 20:01:39,740 - INFO - [pipeline.py:44] - HalftoneTransformer
2026-03-08 20:01:39,770 - INFO - [pipeline.py:44] - FisheyeTransformer
2026-03-08 20:01:39,794 - INFO - [pipeline.py:44] - GlitchWarpTransformer
2026-03-08 20:01:39,835 - INFO - [pipeline.py:117] - [Grade: F] Saved to: /Users/kenfasano/Scripts/ScreenArt/Images/Rejected/cubes_3-F.jpeg
2026-03-08 20:01:39,843 - INFO - [pipeline.py:44] - FlipWilsonTransformer
2026-03-08 20:01:39,959 - INFO - [pipeline.py:44] - HalftoneTransformer
2026-03-08 20:01:39,988 - INFO - [pipeline.py:44] - FisheyeTransformer
2026-03-08 20:01:40,026 - INFO - [pipeline.py:117] - [Grade: F] Saved to: /Users/kenfasano/Scripts/ScreenArt/Images/Rejected/cubes_4-F.jpeg
2026-03-08 20:01:40,034 - INFO - [pipeline.py:44] - ThreeDExtrusionTransformer
2026-03-08 20:01:40,064 - INFO - [pipeline.py:44] - FluidWarpTransformer
2026-03-08 20:01:40,156 - INFO - [pipeline.py:44] - RadialWarpTransformer
2026-03-08 20:01:40,190 - INFO - [pipeline.py:117] - [Grade: F] Saved to: /Users/kenfasano/Scripts/ScreenArt/Images/Rejected/cubes_5-F.jpeg
2026-03-08 20:01:40,198 - INFO - [pipeline.py:44] - ThreeDExtrusionTransformer
2026-03-08 20:01:40,230 - INFO - [pipeline.py:44] - RadialWarpTransformer
2026-03-08 20:01:40,261 - INFO - [pipeline.py:117] - [Grade: F] Saved to: /Users/kenfasano/Scripts/ScreenArt/Images/Rejected/cubes_6-F.jpeg
2026-03-08 20:01:40,269 - INFO - [pipeline.py:44] - WatercolorTransformer
2026-03-08 20:01:40,358 - INFO - [pipeline.py:44] - PosterizationTransformer
2026-03-08 20:01:40,380 - INFO - [pipeline.py:117] - [Grade: F] Saved to: /Users/kenfasano/Scripts/ScreenArt/Images/Rejected/cubes_1-F.jpeg
2026-03-08 20:01:40,383 - INFO - [pipeline.py:44] - ColormapTransformer
2026-03-08 20:01:40,387 - INFO - [pipeline.py:44] - SwirlWarpTransformer
2026-03-08 20:01:40,400 - INFO - [pipeline.py:44] - InvertRGBTransformer
2026-03-08 20:01:40,407 - INFO - [pipeline.py:117] - [Grade: F] Saved to: /Users/kenfasano/Scripts/ScreenArt/Images/Rejected/tse2009Changqing_heinsius900-F.jpg
2026-03-08 20:01:40,412 - INFO - [pipeline.py:44] - ThermalImagingTransformer
2026-03-08 20:01:40,425 - INFO - [pipeline.py:44] - DuotoneTransformer
2026-03-08 20:01:40,471 - INFO - [pipeline.py:44] - PosterizationTransformer
2026-03-08 20:01:40,482 - INFO - [pipeline.py:117] - [Grade: F] Saved to: /Users/kenfasano/Scripts/ScreenArt/Images/Rejected/earthspot_mtsat_960-F.jpg
2026-03-08 20:01:40,488 - INFO - [pipeline.py:44] - FisheyeTransformer
2026-03-08 20:01:40,496 - INFO - [pipeline.py:44] - ThreeDExtrusionTransformer
2026-03-08 20:01:40,507 - INFO - [pipeline.py:44] - XrayTransformer
2026-03-08 20:01:40,574 - INFO - [pipeline.py:44] - ColormapTransformer
2026-03-08 20:01:40,589 - INFO - [pipeline.py:117] - [Grade: F] Saved to: /Users/kenfasano/Scripts/ScreenArt/Images/Rejected/2013US10_151221_1024Chambo-F.jpg
2026-03-08 20:01:40,594 - INFO - [pipeline.py:44] - XrayTransformer
2026-03-08 20:01:40,706 - INFO - [pipeline.py:117] - [Grade: F] Saved to: /Users/kenfasano/Scripts/ScreenArt/Images/Rejected/M66_HubbleShatz_960-F.jpg
2026-03-08 20:01:40,711 - INFO - [pipeline.py:44] - WatercolorTransformer
2026-03-08 20:01:40,724 - INFO - [pipeline.py:44] - ColormapTransformer
2026-03-08 20:01:40,726 - INFO - [pipeline.py:44] - DuotoneTransformer
2026-03-08 20:01:40,749 - INFO - [pipeline.py:117] - [Grade: C] Saved to: /Users/kenfasano/Scripts/ScreenArt/Images/TransformedImages/nscollide_ukff-C.png
2026-03-08 20:01:40,753 - INFO - [pipeline.py:44] - TritoneTransformer
2026-03-08 20:01:40,764 - INFO - [pipeline.py:44] - ColormapTransformer
2026-03-08 20:01:40,768 - INFO - [pipeline.py:44] - WheelTransformer
2026-03-08 20:01:40,787 - INFO - [pipeline.py:117] - [Grade: C] Saved to: /Users/kenfasano/Scripts/ScreenArt/Images/TransformedImages/DarkDunesMars_Curiosity_960-C.jpg
2026-03-08 20:01:40,793 - INFO - [pipeline.py:44] - DuotoneTransformer
2026-03-08 20:01:40,868 - INFO - [pipeline.py:44] - HalftoneTransformer
2026-03-08 20:01:40,891 - INFO - [pipeline.py:44] - ColormapTransformer
2026-03-08 20:01:40,899 - INFO - [pipeline.py:44] - TritoneTransformer
2026-03-08 20:01:40,941 - INFO - [pipeline.py:117] - [Grade: F] Saved to: /Users/kenfasano/Scripts/ScreenArt/Images/Rejected/NGC520_HubbleOstling_960-F.jpg
2026-03-08 20:01:40,943 - INFO - [pipeline.py:44] - DuotoneTransformer
2026-03-08 20:01:40,972 - INFO - [pipeline.py:117] - [Grade: F] Saved to: /Users/kenfasano/Scripts/ScreenArt/Images/Rejected/freeflyer_nasa-F.jpg
2026-03-08 20:01:40,983 - INFO - [pipeline.py:44] - GlitchWarpTransformer
2026-03-08 20:01:40,996 - INFO - [pipeline.py:44] - XrayTransformer
2026-03-08 20:01:41,101 - INFO - [pipeline.py:44] - ThreeDExtrusionTransformer
2026-03-08 20:01:41,117 - INFO - [pipeline.py:44] - PosterizationTransformer
2026-03-08 20:01:41,127 - INFO - [pipeline.py:117] - [Grade: F] Saved to: /Users/kenfasano/Scripts/ScreenArt/Images/Rejected/Medusa_Nebula_141_x_180s-F.jpg
2026-03-08 20:01:41,130 - INFO - [pipeline.py:44] - FluidWarpTransformer
2026-03-08 20:01:41,143 - INFO - [pipeline.py:117] - [Grade: C] Saved to: /Users/kenfasano/Scripts/ScreenArt/Images/TransformedImages/greenset_pivato-C.jpg
2026-03-08 20:01:41,154 - INFO - [pipeline.py:44] - HalftoneTransformer
2026-03-08 20:01:41,172 - INFO - [pipeline.py:117] - [Grade: F] Saved to: /Users/kenfasano/Scripts/ScreenArt/Images/Rejected/ldn183neyer_1024-F.jpg
2026-03-08 20:01:41,184 - INFO - [pipeline.py:44] - AnamorphicTransformer
2026-03-08 20:01:41,262 - INFO - [pipeline.py:44] - FlipWilsonTransformer
2026-03-08 20:01:41,388 - INFO - [pipeline.py:117] - [Grade: F] Saved to: /Users/kenfasano/Scripts/ScreenArt/Images/Rejected/nasa_earth_1_Mexico_City_True_Color-F.jpeg
2026-03-08 20:01:41,398 - INFO - [pipeline.py:44] - DuotoneTransformer
2026-03-08 20:01:41,460 - INFO - [pipeline.py:44] - SwirlWarpTransformer
2026-03-08 20:01:41,490 - INFO - [pipeline.py:44] - RadialWarpTransformer
2026-03-08 20:01:41,516 - INFO - [pipeline.py:117] - [Grade: B] Saved to: /Users/kenfasano/Scripts/ScreenArt/Images/TransformedImages/noaa_goes_1_se_Day_Night_Cloud_Micro-B.jpeg
2026-03-08 20:01:41,548 - INFO - [pipeline.py:44] - FisheyeTransformer
2026-03-08 20:01:41,650 - INFO - [pipeline.py:44] - SwirlWarpTransformer
2026-03-08 20:01:41,839 - INFO - [pipeline.py:117] - [Grade: B] Saved to: /Users/kenfasano/Scripts/ScreenArt/Images/TransformedImages/All_Sain-B.jpeg
2026-03-08 20:01:41,845 - INFO - [pipeline.py:44] - InvertRGBTransformer
2026-03-08 20:01:41,846 - INFO - [pipeline.py:44] - FisheyeTransformer
2026-03-08 20:01:41,858 - INFO - [pipeline.py:117] - [Grade: F] Saved to: /Users/kenfasano/Scripts/ScreenArt/Images/Rejected/2016-08-27_Iepe-F.jpeg
2026-03-08 20:01:41,875 - INFO - [pipeline.py:44] - MeltMorphTransformer
2026-03-08 20:01:42,007 - INFO - [pipeline.py:44] - WheelTransformer
2026-03-08 20:01:42,134 - INFO - [pipeline.py:117] - [Grade: A] Saved to: /Users/kenfasano/Scripts/ScreenArt/Images/TransformedImages/History_-A.jpeg
2026-03-08 20:01:42,151 - INFO - [pipeline.py:44] - SwirlWarpTransformer
2026-03-08 20:01:42,268 - INFO - [pipeline.py:44] - FractalWarpTransformer
2026-03-08 20:01:42,404 - INFO - [pipeline.py:117] - [Grade: A] Saved to: /Users/kenfasano/Scripts/ScreenArt/Images/TransformedImages/lossy-page1-160-A.jpeg
2026-03-08 20:01:42,417 - INFO - [pipeline.py:44] - TritoneTransformer
2026-03-08 20:01:42,476 - INFO - [pipeline.py:117] - [Grade: F] Saved to: /Users/kenfasano/Scripts/ScreenArt/Images/Rejected/Marley_B-F.jpeg
2026-03-08 20:01:42,500 - INFO - [pipeline.py:44] - GlitchWarpTransformer
2026-03-08 20:01:42,570 - INFO - [pipeline.py:44] - XrayTransformer
2026-03-08 20:01:42,918 - INFO - [pipeline.py:44] - HalftoneTransformer
2026-03-08 20:01:43,007 - INFO - [pipeline.py:44] - MeltMorphTransformer
2026-03-08 20:01:43,184 - INFO - [pipeline.py:117] - [Grade: F] Saved to: /Users/kenfasano/Scripts/ScreenArt/Images/Rejected/Le_Guett-F.jpeg
2026-03-08 20:01:43,192 - INFO - [pipeline.py:44] - WheelTransformer
2026-03-08 20:01:43,230 - INFO - [pipeline.py:44] - SwirlWarpTransformer
2026-03-08 20:01:43,272 - INFO - [pipeline.py:44] - FractalWarpTransformer
2026-03-08 20:01:43,306 - INFO - [pipeline.py:44] - PosterizationTransformer
2026-03-08 20:01:43,326 - INFO - [pipeline.py:117] - [Grade: F] Saved to: /Users/kenfasano/Scripts/ScreenArt/Images/Rejected/lojong_2-F.jpeg
2026-03-08 20:01:43,332 - INFO - [pipeline.py:44] - TritoneTransformer
2026-03-08 20:01:43,361 - INFO - [pipeline.py:44] - HalftoneTransformer
2026-03-08 20:01:43,391 - INFO - [pipeline.py:44] - FluidWarpTransformer
2026-03-08 20:01:43,420 - INFO - [pipeline.py:44] - ThermalImagingTransformer
2026-03-08 20:01:43,461 - INFO - [pipeline.py:117] - [Grade: F] Saved to: /Users/kenfasano/Scripts/ScreenArt/Images/Rejected/lojong_3-F.jpeg
2026-03-08 20:01:43,468 - INFO - [pipeline.py:44] - PosterizationTransformer
2026-03-08 20:01:43,473 - INFO - [pipeline.py:44] - GlitchWarpTransformer
2026-03-08 20:01:43,516 - INFO - [pipeline.py:117] - [Grade: F] Saved to: /Users/kenfasano/Scripts/ScreenArt/Images/Rejected/lojong_8-F.jpeg
2026-03-08 20:01:43,522 - INFO - [pipeline.py:44] - SwirlWarpTransformer
2026-03-08 20:01:43,564 - INFO - [pipeline.py:44] - ThermalImagingTransformer
2026-03-08 20:01:43,606 - INFO - [pipeline.py:117] - [Grade: F] Saved to: /Users/kenfasano/Scripts/ScreenArt/Images/Rejected/lojong_4-F.jpeg
2026-03-08 20:01:43,614 - INFO - [pipeline.py:44] - HalftoneTransformer
2026-03-08 20:01:43,644 - INFO - [pipeline.py:44] - WheelTransformer
2026-03-08 20:01:43,696 - INFO - [pipeline.py:117] - [Grade: F] Saved to: /Users/kenfasano/Scripts/ScreenArt/Images/Rejected/lojong_5-F.jpeg
2026-03-08 20:01:43,703 - INFO - [pipeline.py:44] - DuotoneTransformer
2026-03-08 20:01:43,792 - INFO - [pipeline.py:44] - XrayTransformer
2026-03-08 20:01:43,854 - INFO - [pipeline.py:44] - WatercolorTransformer
2026-03-08 20:01:43,947 - INFO - [pipeline.py:117] - [Grade: F] Saved to: /Users/kenfasano/Scripts/ScreenArt/Images/Rejected/lojong_9-F.jpeg
2026-03-08 20:01:43,953 - INFO - [pipeline.py:44] - AnamorphicTransformer
2026-03-08 20:01:44,021 - INFO - [pipeline.py:117] - [Grade: C] Saved to: /Users/kenfasano/Scripts/ScreenArt/Images/TransformedImages/lojong_6-C.jpeg
2026-03-08 20:01:44,028 - INFO - [pipeline.py:44] - XrayTransformer
2026-03-08 20:01:44,097 - INFO - [pipeline.py:44] - RadialWarpTransformer
2026-03-08 20:01:44,110 - INFO - [pipeline.py:44] - AnamorphicTransformer
2026-03-08 20:01:44,162 - INFO - [pipeline.py:44] - DuotoneTransformer
2026-03-08 20:01:44,270 - INFO - [pipeline.py:117] - [Grade: F] Saved to: /Users/kenfasano/Scripts/ScreenArt/Images/Rejected/lojong_7-F.jpeg
2026-03-08 20:01:44,277 - INFO - [pipeline.py:44] - TritoneTransformer
2026-03-08 20:01:44,321 - INFO - [pipeline.py:117] - [Grade: F] Saved to: /Users/kenfasano/Scripts/ScreenArt/Images/Rejected/lojong_0-F.jpeg
2026-03-08 20:01:44,327 - INFO - [pipeline.py:44] - HalftoneTransformer
2026-03-08 20:01:44,358 - INFO - [pipeline.py:44] - TritoneTransformer
2026-03-08 20:01:44,388 - INFO - [pipeline.py:44] - PosterizationTransformer
2026-03-08 20:01:44,409 - INFO - [pipeline.py:117] - [Grade: F] Saved to: /Users/kenfasano/Scripts/ScreenArt/Images/Rejected/lojong_1-F.jpeg
2026-03-08 20:01:44,417 - INFO - [pipeline.py:44] - SwirlWarpTransformer
2026-03-08 20:01:44,464 - INFO - [pipeline.py:44] - TritoneTransformer
2026-03-08 20:01:44,511 - INFO - [pipeline.py:117] - [Grade: F] Saved to: /Users/kenfasano/Scripts/ScreenArt/Images/Rejected/psalms_111-F.jpeg
2026-03-08 20:01:44,519 - INFO - [pipeline.py:44] - ThreeDExtrusionTransformer
2026-03-08 20:01:44,550 - INFO - [pipeline.py:44] - GlitchWarpTransformer
2026-03-08 20:01:44,578 - INFO - [pipeline.py:44] - FlipWilsonTransformer
2026-03-08 20:01:44,688 - INFO - [pipeline.py:44] - RadialWarpTransformer
2026-03-08 20:01:44,720 - INFO - [pipeline.py:117] - [Grade: F] Saved to: /Users/kenfasano/Scripts/ScreenArt/Images/Rejected/psalms_99-F.jpeg
2026-03-08 20:01:44,727 - INFO - [pipeline.py:44] - FlipWilsonTransformer
2026-03-08 20:01:44,837 - INFO - [pipeline.py:44] - GlitchWarpTransformer
2026-03-08 20:01:44,864 - INFO - [pipeline.py:44] - SwirlWarpTransformer
2026-03-08 20:01:44,908 - INFO - [pipeline.py:44] - ThreeDExtrusionTransformer
2026-03-08 20:01:44,955 - INFO - [pipeline.py:117] - [Grade: F] Saved to: /Users/kenfasano/Scripts/ScreenArt/Images/Rejected/psalms_57-F.jpeg
2026-03-08 20:01:44,962 - INFO - [pipeline.py:44] - FlipWilsonTransformer
2026-03-08 20:01:45,079 - INFO - [pipeline.py:44] - DuotoneTransformer
2026-03-08 20:01:45,185 - INFO - [pipeline.py:117] - [Grade: F] Saved to: /Users/kenfasano/Scripts/ScreenArt/Images/Rejected/psalms_47-F.jpeg
2026-03-08 20:01:45,193 - INFO - [pipeline.py:44] - AnamorphicTransformer
2026-03-08 20:01:45,271 - INFO - [pipeline.py:117] - [Grade: A] Saved to: /Users/kenfasano/Scripts/ScreenArt/Images/TransformedImages/psalms_143-A.jpeg
2026-03-08 20:01:45,278 - INFO - [pipeline.py:44] - FisheyeTransformer
2026-03-08 20:01:45,306 - INFO - [pipeline.py:44] - XrayTransformer
2026-03-08 20:01:45,396 - INFO - [pipeline.py:44] - FlipWilsonTransformer
2026-03-08 20:01:45,520 - INFO - [pipeline.py:117] - [Grade: C] Saved to: /Users/kenfasano/Scripts/ScreenArt/Images/TransformedImages/psalms_65-C.jpeg
2026-03-08 20:01:45,527 - INFO - [pipeline.py:44] - DuotoneTransformer
2026-03-08 20:01:45,632 - INFO - [pipeline.py:117] - [Grade: B] Saved to: /Users/kenfasano/Scripts/ScreenArt/Images/TransformedImages/psalms_78-B.jpeg
2026-03-08 20:01:45,638 - INFO - [pipeline.py:44] - TritoneTransformer
2026-03-08 20:01:45,667 - INFO - [pipeline.py:44] - FlipWilsonTransformer
2026-03-08 20:01:45,787 - INFO - [pipeline.py:117] - [Grade: F] Saved to: /Users/kenfasano/Scripts/ScreenArt/Images/Rejected/psalms_125-F.jpeg
2026-03-08 20:01:45,794 - INFO - [pipeline.py:44] - InvertRGBTransformer
2026-03-08 20:01:45,795 - INFO - [pipeline.py:44] - SwirlWarpTransformer
2026-03-08 20:01:45,838 - INFO - [pipeline.py:44] - MeltMorphTransformer
2026-03-08 20:01:45,905 - INFO - [pipeline.py:117] - [Grade: F] Saved to: /Users/kenfasano/Scripts/ScreenArt/Images/Rejected/psalms_149-F.jpeg
2026-03-08 20:01:45,910 - INFO - [pipeline.py:44] - FractalWarpTransformer
2026-03-08 20:01:45,926 - INFO - [pipeline.py:44] - WatercolorTransformer
2026-03-08 20:01:45,957 - INFO - [pipeline.py:117] - [Grade: C] Saved to: /Users/kenfasano/Scripts/ScreenArt/Images/TransformedImages/peripheral_drift_2-C.jpeg
2026-03-08 20:01:45,961 - INFO - [pipeline.py:44] - FluidWarpTransformer
2026-03-08 20:01:45,970 - INFO - [pipeline.py:44] - MeltMorphTransformer
2026-03-08 20:01:45,992 - INFO - [pipeline.py:117] - [Grade: F] Saved to: /Users/kenfasano/Scripts/ScreenArt/Images/Rejected/peripheral_drift_3-F.jpeg
2026-03-08 20:01:45,995 - INFO - [pipeline.py:44] - FluidWarpTransformer
2026-03-08 20:01:46,016 - INFO - [pipeline.py:44] - ColormapTransformer
2026-03-08 20:01:46,026 - INFO - [pipeline.py:117] - [Grade: B] Saved to: /Users/kenfasano/Scripts/ScreenArt/Images/TransformedImages/peripheral_drift_1-B.jpeg
2026-03-08 20:01:46,033 - INFO - [pipeline.py:44] - AnamorphicTransformer
2026-03-08 20:01:46,105 - INFO - [pipeline.py:117] - [Grade: B] Saved to: /Users/kenfasano/Scripts/ScreenArt/Images/TransformedImages/koch_snowflake_4_4-B.jpeg
2026-03-08 20:01:46,113 - INFO - [pipeline.py:44] - PosterizationTransformer
2026-03-08 20:01:46,118 - INFO - [pipeline.py:44] - TritoneTransformer
2026-03-08 20:01:46,147 - INFO - [pipeline.py:44] - MeltMorphTransformer
2026-03-08 20:01:46,200 - INFO - [pipeline.py:44] - RadialWarpTransformer
2026-03-08 20:01:46,231 - INFO - [pipeline.py:117] - [Grade: F] Saved to: /Users/kenfasano/Scripts/ScreenArt/Images/Rejected/koch_snowflake_4_5-F.jpeg
2026-03-08 20:01:46,237 - INFO - [pipeline.py:44] - FlipWilsonTransformer
2026-03-08 20:01:46,358 - INFO - [pipeline.py:117] - [Grade: B] Saved to: /Users/kenfasano/Scripts/ScreenArt/Images/TransformedImages/koch_snowflake_4_2-B.jpeg
2026-03-08 20:01:46,364 - INFO - [pipeline.py:44] - ColormapTransformer
2026-03-08 20:01:46,375 - INFO - [pipeline.py:44] - FractalWarpTransformer
2026-03-08 20:01:46,409 - INFO - [pipeline.py:44] - AnamorphicTransformer
2026-03-08 20:01:46,480 - INFO - [pipeline.py:117] - [Grade: A] Saved to: /Users/kenfasano/Scripts/ScreenArt/Images/TransformedImages/koch_snowflake_4_3-A.jpeg
2026-03-08 20:01:46,487 - INFO - [pipeline.py:44] - TritoneTransformer
2026-03-08 20:01:46,516 - INFO - [pipeline.py:44] - FlipWilsonTransformer
2026-03-08 20:01:46,620 - INFO - [pipeline.py:44] - RadialWarpTransformer
2026-03-08 20:01:46,637 - INFO - [pipeline.py:44] - ThermalImagingTransformer
2026-03-08 20:01:46,679 - INFO - [pipeline.py:117] - [Grade: F] Saved to: /Users/kenfasano/Scripts/ScreenArt/Images/Rejected/koch_snowflake_4_1-F.jpeg
2026-03-08 20:01:46,693 - INFO - [pipeline.py:44] - RadialWarpTransformer
2026-03-08 20:01:46,709 - INFO - [pipeline.py:44] - DataMoshTransformer
2026-03-08 20:01:46,745 - INFO - [pipeline.py:44] - GlitchWarpTransformer
2026-03-08 20:01:46,772 - INFO - [pipeline.py:44] - FluidWarpTransformer
2026-03-08 20:01:46,844 - INFO - [pipeline.py:117] - [Grade: F] Saved to: /Users/kenfasano/Scripts/ScreenArt/Images/Rejected/hilbert_5-F.jpg
2026-03-08 20:01:46,857 - INFO - [pipeline.py:44] - MeltMorphTransformer
2026-03-08 20:01:46,928 - INFO - [pipeline.py:117] - [Grade: F] Saved to: /Users/kenfasano/Scripts/ScreenArt/Images/Rejected/hilbert_4-F.jpg
2026-03-08 20:01:46,943 - INFO - [pipeline.py:44] - WheelTransformer
2026-03-08 20:01:46,981 - INFO - [pipeline.py:44] - SwirlWarpTransformer
2026-03-08 20:01:47,024 - INFO - [pipeline.py:44] - ThermalImagingTransformer
2026-03-08 20:01:47,083 - INFO - [pipeline.py:44] - AnamorphicTransformer
2026-03-08 20:01:47,166 - INFO - [pipeline.py:117] - [Grade: F] Saved to: /Users/kenfasano/Scripts/ScreenArt/Images/Rejected/hilbert_1-F.jpg
2026-03-08 20:01:47,176 - INFO - [pipeline.py:44] - WatercolorTransformer
2026-03-08 20:01:47,263 - INFO - [pipeline.py:44] - DuotoneTransformer
2026-03-08 20:01:47,352 - INFO - [pipeline.py:44] - GlitchWarpTransformer
2026-03-08 20:01:47,380 - INFO - [pipeline.py:44] - RadialWarpTransformer
2026-03-08 20:01:47,409 - INFO - [pipeline.py:117] - [Grade: C] Saved to: /Users/kenfasano/Scripts/ScreenArt/Images/TransformedImages/hilbert_3-C.jpg
2026-03-08 20:01:47,419 - INFO - [pipeline.py:44] - SwirlWarpTransformer
2026-03-08 20:01:47,461 - INFO - [pipeline.py:44] - TritoneTransformer
2026-03-08 20:01:47,505 - INFO - [pipeline.py:117] - [Grade: F] Saved to: /Users/kenfasano/Scripts/ScreenArt/Images/Rejected/hilbert_2-F.jpg
2026-03-08 20:01:47,505 - INFO - [main.py:196] - XrayTransformer
2026-03-08 20:01:47,505 - INFO - [main.py:196] - FlipWilsonTransformer
2026-03-08 20:01:47,505 - INFO - [main.py:196] - MeltMorphTransformer
2026-03-08 20:01:47,505 - INFO - [main.py:196] - DuotoneTransformer
2026-03-08 20:01:47,505 - INFO - [main.py:196] - WatercolorTransformer
2026-03-08 20:01:47,505 - INFO - [main.py:196] - AnamorphicTransformer
2026-03-08 20:01:47,505 - INFO - [main.py:196] - SwirlWarpTransformer
2026-03-08 20:01:47,505 - INFO - [main.py:196] - FluidWarpTransformer
2026-03-08 20:01:47,505 - INFO - [main.py:196] - FractalWarpTransformer
2026-03-08 20:01:47,505 - INFO - [main.py:196] - WheelTransformer
2026-03-08 20:01:47,505 - INFO - [main.py:196] - DataMoshTransformer
2026-03-08 20:01:47,505 - INFO - [main.py:196] - HalftoneTransformer
2026-03-08 20:01:47,505 - INFO - [main.py:196] - FisheyeTransformer
2026-03-08 20:01:47,505 - INFO - [main.py:196] - GlitchWarpTransformer
2026-03-08 20:01:47,505 - INFO - [main.py:196] - ThermalImagingTransformer
2026-03-08 20:01:47,505 - INFO - [main.py:196] - TritoneTransformer
2026-03-08 20:01:47,505 - INFO - [main.py:196] - ThreeDExtrusionTransformer
2026-03-08 20:01:47,505 - INFO - [main.py:196] - RadialWarpTransformer
2026-03-08 20:01:47,505 - INFO - [main.py:196] - ColormapTransformer
2026-03-08 20:01:47,505 - INFO - [main.py:196] - PosterizationTransformer
2026-03-08 20:01:47,505 - INFO - [main.py:196] - InvertRGBTransformer
2026-03-08 20:01:47,506 - INFO - [main.py:239] - 17s@20:01 ✓
Accepted: 17
Rejected: 50
---
Wiki                       ->  4388ms
Nasa                       ->  1108ms
GoesGenerator              ->   997ms
Cubes                      ->   499ms
Bible                      ->   412ms
Lojong                     ->   310ms
KochSnowflake              ->   272ms
Bubbles                    ->   247ms
Hilbert                    ->    98ms
PeripheralDriftIllusion    ->    49ms
NasaMapGenerator           ->    36ms
---
XrayTransformer            -> Min:    62ms | Avg:   120ms | Max:   348ms
FlipWilsonTransformer      -> Min:   104ms | Avg:   109ms | Max:   117ms
MeltMorphTransformer       -> Min:    17ms | Avg:    74ms | Max:   137ms
DuotoneTransformer         -> Min:    14ms | Avg:    67ms | Max:    92ms
WatercolorTransformer      -> Min:    13ms | Avg:    61ms | Max:    88ms
AnamorphicTransformer      -> Min:    53ms | Avg:    61ms | Max:    78ms
SwirlWarpTransformer       -> Min:    14ms | Avg:    55ms | Max:   143ms
FluidWarpTransformer       -> Min:     8ms | Avg:    45ms | Max:    92ms
FractalWarpTransformer     -> Min:    16ms | Avg:    42ms | Max:    93ms
WheelTransformer           -> Min:    13ms | Avg:    42ms | Max:    91ms
DataMoshTransformer        -> Min:    35ms | Avg:    36ms | Max:    37ms
HalftoneTransformer        -> Min:    12ms | Avg:    34ms | Max:    89ms
FisheyeTransformer         -> Min:     7ms | Avg:    31ms | Max:   102ms
GlitchWarpTransformer      -> Min:    13ms | Avg:    30ms | Max:    70ms
ThermalImagingTransformer  -> Min:    13ms | Avg:    29ms | Max:    59ms
TritoneTransformer         -> Min:    10ms | Avg:    28ms | Max:    39ms
ThreeDExtrusionTransformer -> Min:    11ms | Avg:    26ms | Max:    32ms
RadialWarpTransformer      -> Min:    12ms | Avg:    15ms | Max:    17ms
ColormapTransformer        -> Min:     2ms | Avg:     5ms | Max:    11ms
PosterizationTransformer   -> Min:     2ms | Avg:     5ms | Max:     8ms
InvertRGBTransformer       -> Min:     0ms | Avg:     1ms | Max:     1ms
