2026-04-04 11:11:57,317 - INFO - [mandala_draw.py:291] - mandala_draw: generated 3/3
2026-04-04 11:12:01,324 - INFO - [wiki.py:58] - Wiki: eyeball
2026-04-04 11:12:02,142 - INFO - [pipeline.py:136] - "FractalWarpTransformer","iter=1,scale=0.05"
2026-04-04 11:12:02,204 - INFO - [pipeline.py:136] - "MeltMorphTransformer","intensity=0.50"
2026-04-04 11:12:02,223 - INFO - [pipeline.py:250] - [Grade: A] Saved to: /Users/kenfasano/Scripts/ScreenArt/Images/TransformedImages/psalms_7-A-hero_3a59.jpeg
2026-04-04 11:12:02,257 - INFO - [pipeline.py:136] - "GlitchWarpTransformer","intensity=0.01"
2026-04-04 11:12:02,295 - INFO - [pipeline.py:136] - "ThermalImagingTransformer","thermal=True"
2026-04-04 11:12:02,313 - INFO - [pipeline.py:250] - [Grade: C] Saved to: /Users/kenfasano/Scripts/ScreenArt/Images/TransformedImages/psalms_84-C-scatter_6b11.jpeg
2026-04-04 11:12:02,359 - INFO - [pipeline.py:136] - "FluidWarpTransformer","alpha=18.97,sigma=3.54"
2026-04-04 11:12:02,463 - INFO - [pipeline.py:136] - "FlipWilsonTransformer","keep=bottom_right,narrow=0.38"
2026-04-04 11:12:02,487 - INFO - [pipeline.py:136] - "RadialWarpTransformer","radius=0.25,strength=87.19242626002958,118.05894500497443,111.04709367863386,style=push,pull,pull"
2026-04-04 11:12:02,506 - INFO - [pipeline.py:250] - [Grade: C] Saved to: /Users/kenfasano/Scripts/ScreenArt/Images/TransformedImages/psalms_120-C-hero_12c8.jpeg
2026-04-04 11:12:02,567 - INFO - [pipeline.py:136] - "KaleidoscopeTransformer","cx_off=0.00,cy_off=-0.15,segments=4"
2026-04-04 11:12:02,600 - INFO - [pipeline.py:136] - "FluidWarpTransformer","alpha=6.00,sigma=2.36"
2026-04-04 11:12:02,635 - INFO - [pipeline.py:136] - "FractalWarpTransformer","iter=1,scale=0.05"
2026-04-04 11:12:02,654 - INFO - [pipeline.py:250] - [Grade: A] Saved to: /Users/kenfasano/Scripts/ScreenArt/Images/TransformedImages/psalms_115-A-scatter_1ed4.jpeg
2026-04-04 11:12:02,679 - INFO - [pipeline.py:136] - "PosterizationTransformer","levels=4"
2026-04-04 11:12:02,734 - INFO - [pipeline.py:136] - "FluidWarpTransformer","alpha=16.86,sigma=6.54"
2026-04-04 11:12:02,768 - INFO - [pipeline.py:136] - "FisheyeTransformer","shape=circle,strength=0.79,zoom=1.11"
2026-04-04 11:12:02,812 - INFO - [pipeline.py:136] - "SwirlWarpTransformer","strength=1.50"
2026-04-04 11:12:02,835 - INFO - [pipeline.py:250] - [Grade: B] Saved to: /Users/kenfasano/Scripts/ScreenArt/Images/TransformedImages/psalms_74-B-scatter_af1f.jpeg
2026-04-04 11:12:02,858 - INFO - [pipeline.py:136] - "PosterizationTransformer","levels=4"
2026-04-04 11:12:02,876 - INFO - [pipeline.py:250] - [Grade: A] Saved to: /Users/kenfasano/Scripts/ScreenArt/Images/TransformedImages/bubbles_4-A_eb2f.jpeg
2026-04-04 11:12:03,052 - INFO - [pipeline.py:136] - "WheelTransformer","blend=normal,copies=5"
2026-04-04 11:12:03,088 - INFO - [pipeline.py:136] - "FractalWarpTransformer","iter=1,scale=0.05"
2026-04-04 11:12:03,101 - INFO - [pipeline.py:136] - "ColormapTransformer","map=summer"
2026-04-04 11:12:03,140 - INFO - [pipeline.py:136] - "DataMoshTransformer","intensity=0.02"
2026-04-04 11:12:03,161 - INFO - [pipeline.py:250] - [Grade: A] Saved to: /Users/kenfasano/Scripts/ScreenArt/Images/TransformedImages/bubbles_5-A_8d4a.jpeg
2026-04-04 11:12:03,332 - INFO - [pipeline.py:136] - "WheelTransformer","blend=normal,copies=5"
2026-04-04 11:12:03,349 - INFO - [pipeline.py:250] - [Grade: C] Saved to: /Users/kenfasano/Scripts/ScreenArt/Images/TransformedImages/bubbles_2-C_4a54.jpeg
2026-04-04 11:12:03,395 - INFO - [pipeline.py:136] - "DataMoshTransformer","intensity=0.02"
2026-04-04 11:12:03,431 - INFO - [pipeline.py:136] - "FluidWarpTransformer","alpha=16.43,sigma=3.03"
2026-04-04 11:12:03,450 - INFO - [pipeline.py:250] - [Grade: A] Saved to: /Users/kenfasano/Scripts/ScreenArt/Images/TransformedImages/bubbles_3-A_1864.jpeg
2026-04-04 11:12:03,482 - INFO - [pipeline.py:136] - "FisheyeTransformer","shape=circle,strength=0.70,zoom=0.91"
2026-04-04 11:12:03,500 - INFO - [pipeline.py:250] - [Grade: F] Saved to: /Users/kenfasano/Scripts/ScreenArt/Images/Rejected/bubbles_1-F_b8ab.jpeg
2026-04-04 11:12:03,544 - INFO - [pipeline.py:136] - "ThermalImagingTransformer","thermal=True"
2026-04-04 11:12:03,707 - INFO - [pipeline.py:136] - "WheelTransformer","blend=normal,copies=5"
2026-04-04 11:12:03,725 - INFO - [pipeline.py:250] - [Grade: A] Saved to: /Users/kenfasano/Scripts/ScreenArt/Images/TransformedImages/cubes_2-A_73e7.jpeg
2026-04-04 11:12:03,754 - INFO - [pipeline.py:136] - "RadialWarpTransformer","radius=0.25,strength=81.08883994662723,124.54578390748361,96.94378289702723,style=push,push,pull"
2026-04-04 11:12:03,790 - INFO - [pipeline.py:136] - "ThermalImagingTransformer","thermal=True"
2026-04-04 11:12:03,808 - INFO - [pipeline.py:250] - [Grade: A] Saved to: /Users/kenfasano/Scripts/ScreenArt/Images/TransformedImages/cubes_3-A_79c9.jpeg
2026-04-04 11:12:03,831 - INFO - [pipeline.py:136] - "RadialWarpTransformer","radius=0.25,strength=85.82303356625692,style=push"
2026-04-04 11:12:03,883 - INFO - [pipeline.py:136] - "PixelSortTransformer","direction=rows,high=0.64,low=0.16,sort_key=brightness"
2026-04-04 11:12:03,920 - INFO - [pipeline.py:136] - "DataMoshTransformer","intensity=0.02"
2026-04-04 11:12:03,938 - INFO - [pipeline.py:250] - [Grade: A] Saved to: /Users/kenfasano/Scripts/ScreenArt/Images/TransformedImages/cubes_1-A_973a.jpeg
2026-04-04 11:12:03,983 - INFO - [pipeline.py:136] - "HalftoneTransformer","size=2"
2026-04-04 11:12:03,995 - INFO - [pipeline.py:250] - [Grade: A] Saved to: /Users/kenfasano/Scripts/ScreenArt/Images/TransformedImages/noaa_goes_2_se_Day_Night_Cloud_Micro-A_7242.jpeg
2026-04-04 11:12:04,030 - INFO - [pipeline.py:136] - "ThermalImagingTransformer","thermal=True"
2026-04-04 11:12:04,040 - INFO - [pipeline.py:136] - "PosterizationTransformer","levels=4"
2026-04-04 11:12:04,163 - INFO - [pipeline.py:136] - "PixelSortTransformer","direction=rows,high=0.92,low=0.24,sort_key=blue"
2026-04-04 11:12:04,194 - INFO - [pipeline.py:136] - "FluidWarpTransformer","alpha=0.24,sigma=6.20"
2026-04-04 11:12:04,208 - INFO - [pipeline.py:250] - [Grade: C] Saved to: /Users/kenfasano/Scripts/ScreenArt/Images/TransformedImages/noaa_goes_1_se_Air_Mass-C_a15b.jpeg
2026-04-04 11:12:04,268 - INFO - [pipeline.py:136] - "MeltMorphTransformer","intensity=0.50"
2026-04-04 11:12:04,281 - INFO - [pipeline.py:136] - "PosterizationTransformer","levels=4"
2026-04-04 11:12:04,383 - INFO - [pipeline.py:136] - "FlipWilsonTransformer","keep=bottom_right,narrow=0.38"
2026-04-04 11:12:04,598 - INFO - [pipeline.py:136] - "WatercolorTransformer","scale=0.85,style=psychedelic"
2026-04-04 11:12:04,616 - INFO - [pipeline.py:250] - [Grade: F] Saved to: /Users/kenfasano/Scripts/ScreenArt/Images/Rejected/lojong_2-F-columns_615f.jpeg
2026-04-04 11:12:04,725 - INFO - [pipeline.py:136] - "FlipWilsonTransformer","keep=bottom_right,narrow=0.38"
2026-04-04 11:12:04,744 - INFO - [pipeline.py:250] - [Grade: C] Saved to: /Users/kenfasano/Scripts/ScreenArt/Images/TransformedImages/lojong_3-C-columns_2faf.jpeg
2026-04-04 11:12:04,776 - INFO - [pipeline.py:136] - "FisheyeTransformer","shape=oval,strength=0.42,zoom=0.90"
2026-04-04 11:12:04,815 - INFO - [pipeline.py:136] - "ThermalImagingTransformer","thermal=True"
2026-04-04 11:12:04,874 - INFO - [pipeline.py:136] - "PixelSortTransformer","direction=rows,high=0.82,low=0.08,sort_key=blue"
2026-04-04 11:12:04,892 - INFO - [pipeline.py:250] - [Grade: C] Saved to: /Users/kenfasano/Scripts/ScreenArt/Images/TransformedImages/lojong_4-C-hero_612d.jpeg
2026-04-04 11:12:04,911 - INFO - [pipeline.py:136] - "PosterizationTransformer","levels=4"
2026-04-04 11:12:04,959 - INFO - [pipeline.py:136] - "HalftoneTransformer","size=2"
2026-04-04 11:12:05,125 - INFO - [pipeline.py:136] - "WheelTransformer","blend=normal,copies=5"
2026-04-04 11:12:05,142 - INFO - [pipeline.py:250] - [Grade: A] Saved to: /Users/kenfasano/Scripts/ScreenArt/Images/TransformedImages/lojong_0-A-scatter_8c3f.jpeg
2026-04-04 11:12:05,181 - INFO - [pipeline.py:136] - "FluidWarpTransformer","alpha=9.72,sigma=1.55"
2026-04-04 11:12:05,345 - INFO - [pipeline.py:136] - "WheelTransformer","blend=normal,copies=5"
2026-04-04 11:12:05,372 - INFO - [pipeline.py:136] - "GlitchWarpTransformer","intensity=0.01"
2026-04-04 11:12:05,391 - INFO - [pipeline.py:250] - [Grade: A] Saved to: /Users/kenfasano/Scripts/ScreenArt/Images/TransformedImages/lojong_1-A-tile_02cb.jpeg
2026-04-04 11:12:05,458 - INFO - [pipeline.py:136] - "SwirlWarpTransformer","strength=1.50"
2026-04-04 11:12:05,477 - INFO - [pipeline.py:136] - "PosterizationTransformer","levels=4"
2026-04-04 11:12:05,497 - INFO - [pipeline.py:250] - [Grade: A] Saved to: /Users/kenfasano/Scripts/ScreenArt/Images/TransformedImages/mandala_draw_1-A_4fe6.jpeg
2026-04-04 11:12:05,527 - INFO - [pipeline.py:136] - "OilPaintingTransformer","dyn_ratio=4,size=3"
2026-04-04 11:12:05,559 - INFO - [pipeline.py:136] - "GlitchWarpTransformer","intensity=0.01"
2026-04-04 11:12:05,580 - INFO - [pipeline.py:250] - [Grade: A] Saved to: /Users/kenfasano/Scripts/ScreenArt/Images/TransformedImages/mandala_draw_0-A_7aed.jpeg
2026-04-04 11:12:05,647 - INFO - [pipeline.py:136] - "KaleidoscopeTransformer","cx_off=-0.07,cy_off=0.14,segments=6"
2026-04-04 11:12:05,691 - INFO - [pipeline.py:136] - "SwirlWarpTransformer","strength=1.50"
2026-04-04 11:12:05,711 - INFO - [pipeline.py:250] - [Grade: F] Saved to: /Users/kenfasano/Scripts/ScreenArt/Images/Rejected/mandala_draw_2-F_b869.jpeg
2026-04-04 11:12:05,827 - INFO - [pipeline.py:136] - "FlipWilsonTransformer","keep=bottom_right,narrow=0.38"
2026-04-04 11:12:05,849 - INFO - [pipeline.py:136] - "RadialWarpTransformer","radius=0.25,strength=79.36249480515369,82.416176462369,style=pull,push"
2026-04-04 11:12:05,872 - INFO - [pipeline.py:250] - [Grade: A] Saved to: /Users/kenfasano/Scripts/ScreenArt/Images/TransformedImages/nasa_earth_3_Sydney_Vegetation_False_Color-A_2d5d.jpeg
2026-04-04 11:12:05,915 - INFO - [pipeline.py:136] - "FluidWarpTransformer","alpha=14.83,sigma=2.74"
2026-04-04 11:12:05,964 - INFO - [pipeline.py:136] - "HalftoneTransformer","size=2"
2026-04-04 11:12:06,017 - INFO - [pipeline.py:136] - "MeltMorphTransformer","intensity=0.50"
2026-04-04 11:12:06,037 - INFO - [pipeline.py:250] - [Grade: A] Saved to: /Users/kenfasano/Scripts/ScreenArt/Images/TransformedImages/nasa_earth_1_Dhaka_True_Color-A_f04c.jpeg
2026-04-04 11:12:06,055 - INFO - [pipeline.py:136] - "DataMoshTransformer","intensity=0.01"
2026-04-04 11:12:06,060 - INFO - [pipeline.py:136] - "PosterizationTransformer","levels=4"
2026-04-04 11:12:06,077 - INFO - [pipeline.py:136] - "HalftoneTransformer","size=2"
2026-04-04 11:12:06,085 - INFO - [pipeline.py:250] - [Grade: A] Saved to: /Users/kenfasano/Scripts/ScreenArt/Images/TransformedImages/ic1848_WISEantonucci_1080-A_2871.jpg
2026-04-04 11:12:06,110 - INFO - [pipeline.py:136] - "HalftoneTransformer","size=2"
2026-04-04 11:12:06,120 - INFO - [pipeline.py:136] - "GlitchWarpTransformer","intensity=0.01"
2026-04-04 11:12:06,131 - INFO - [pipeline.py:136] - "FluidWarpTransformer","alpha=11.98,sigma=2.84"
2026-04-04 11:12:06,138 - INFO - [pipeline.py:250] - [Grade: C] Saved to: /Users/kenfasano/Scripts/ScreenArt/Images/TransformedImages/C2013US10-2016-01-17Hemmerich1150-C_b57f.jpg
2026-04-04 11:12:06,150 - INFO - [pipeline.py:136] - "KaleidoscopeTransformer","cx_off=-0.01,cy_off=-0.11,segments=12"
2026-04-04 11:12:06,153 - INFO - [pipeline.py:136] - "ColormapTransformer","map=hsv"
2026-04-04 11:12:06,157 - INFO - [pipeline.py:136] - "GlitchWarpTransformer","intensity=0.01"
2026-04-04 11:12:06,162 - INFO - [pipeline.py:250] - [Grade: B] Saved to: /Users/kenfasano/Scripts/ScreenArt/Images/TransformedImages/ngc2170_seip_f56-B_ae0f.jpg
2026-04-04 11:12:06,225 - INFO - [pipeline.py:136] - "VoronoiTransformer","edge_blend=1,num_points=191"
2026-04-04 11:12:06,234 - INFO - [pipeline.py:136] - "OilPaintingTransformer","dyn_ratio=8,size=5"
2026-04-04 11:12:06,237 - INFO - [pipeline.py:136] - "PosterizationTransformer","levels=4"
2026-04-04 11:12:06,242 - INFO - [pipeline.py:250] - [Grade: A] Saved to: /Users/kenfasano/Scripts/ScreenArt/Images/TransformedImages/earth_sts118-A_2cbb.jpg
2026-04-04 11:12:06,253 - INFO - [pipeline.py:136] - "KaleidoscopeTransformer","cx_off=-0.08,cy_off=-0.18,segments=4"
2026-04-04 11:12:06,260 - INFO - [pipeline.py:136] - "ThermalImagingTransformer","thermal=True"
2026-04-04 11:12:06,269 - INFO - [pipeline.py:136] - "HalftoneTransformer","size=2"
2026-04-04 11:12:06,279 - INFO - [pipeline.py:136] - "MeltMorphTransformer","intensity=0.50"
2026-04-04 11:12:06,283 - INFO - [pipeline.py:250] - [Grade: A] Saved to: /Users/kenfasano/Scripts/ScreenArt/Images/TransformedImages/sunset01_seip_c800-A_6486.jpg
2026-04-04 11:12:06,308 - INFO - [pipeline.py:136] - "MeltMorphTransformer","intensity=0.50"
2026-04-04 11:12:06,371 - INFO - [pipeline.py:136] - "WheelTransformer","blend=normal,copies=5"
2026-04-04 11:12:06,388 - INFO - [pipeline.py:136] - "SwirlWarpTransformer","strength=1.50"
2026-04-04 11:12:06,404 - INFO - [pipeline.py:136] - "DataMoshTransformer","intensity=0.01"
2026-04-04 11:12:06,411 - INFO - [pipeline.py:250] - [Grade: A] Saved to: /Users/kenfasano/Scripts/ScreenArt/Images/TransformedImages/astronomy101_hk_960-A_dd96.jpg
2026-04-04 11:12:06,418 - INFO - [pipeline.py:136] - "ColormapTransformer","map=hsv"
2026-04-04 11:12:06,451 - INFO - [pipeline.py:136] - "FlipWilsonTransformer","keep=bottom_right,narrow=0.38"
2026-04-04 11:12:06,458 - INFO - [pipeline.py:250] - [Grade: B] Saved to: /Users/kenfasano/Scripts/ScreenArt/Images/TransformedImages/gegenschein_westlake-B_b61f.jpg
2026-04-04 11:12:06,468 - INFO - [pipeline.py:136] - "DataMoshTransformer","intensity=0.01"
2026-04-04 11:12:06,473 - INFO - [pipeline.py:250] - [Grade: A] Saved to: /Users/kenfasano/Scripts/ScreenArt/Images/TransformedImages/catseye_hst-A_0646.jpg
2026-04-04 11:12:06,493 - INFO - [pipeline.py:136] - "FisheyeTransformer","shape=oval,strength=0.66,zoom=0.88"
2026-04-04 11:12:06,504 - INFO - [pipeline.py:136] - "OilPaintingTransformer","dyn_ratio=2,size=4"
2026-04-04 11:12:06,602 - INFO - [pipeline.py:136] - "WatercolorTransformer","scale=0.85,style=monet"
2026-04-04 11:12:06,618 - INFO - [pipeline.py:136] - "DataMoshTransformer","intensity=0.01"
2026-04-04 11:12:06,626 - INFO - [pipeline.py:250] - [Grade: A] Saved to: /Users/kenfasano/Scripts/ScreenArt/Images/TransformedImages/FuscoFalcon9SolanaBeachwRachelKona-21024-A_0f2c.jpg
2026-04-04 11:12:06,643 - INFO - [pipeline.py:136] - "OilPaintingTransformer","dyn_ratio=8,size=5"
2026-04-04 11:12:06,654 - INFO - [pipeline.py:136] - "ThermalImagingTransformer","thermal=True"
2026-04-04 11:12:06,660 - INFO - [pipeline.py:136] - "RadialWarpTransformer","radius=0.25,strength=134.00644904333495,style=pull"
2026-04-04 11:12:06,668 - INFO - [pipeline.py:250] - [Grade: A] Saved to: /Users/kenfasano/Scripts/ScreenArt/Images/TransformedImages/PegasusDustDavis900-A_c879.jpg
2026-04-04 11:12:06,685 - INFO - [pipeline.py:136] - "HalftoneTransformer","size=2"
2026-04-04 11:12:06,689 - INFO - [pipeline.py:250] - [Grade: F] Saved to: /Users/kenfasano/Scripts/ScreenArt/Images/Rejected/zodiacal_park-F_6f01.jpg
2026-04-04 11:12:06,738 - INFO - [pipeline.py:136] - "DataMoshTransformer","intensity=0.01"
2026-04-04 11:12:06,872 - INFO - [pipeline.py:136] - "VoronoiTransformer","edge_blend=1,num_points=89"
2026-04-04 11:12:06,906 - INFO - [pipeline.py:136] - "FractalWarpTransformer","iter=1,scale=0.05"
2026-04-04 11:12:06,919 - INFO - [pipeline.py:136] - "ColormapTransformer","map=hot"
2026-04-04 11:12:06,937 - INFO - [pipeline.py:250] - [Grade: A] Saved to: /Users/kenfasano/Scripts/ScreenArt/Images/TransformedImages/peace_0-A_1489.jpeg
2026-04-04 11:12:07,180 - INFO - [pipeline.py:136] - "WatercolorTransformer","scale=0.85,style=monet"
2026-04-04 11:12:07,217 - INFO - [pipeline.py:136] - "DataMoshTransformer","intensity=0.01"
2026-04-04 11:12:07,235 - INFO - [pipeline.py:250] - [Grade: A] Saved to: /Users/kenfasano/Scripts/ScreenArt/Images/TransformedImages/peace_1-A_941c.jpeg
2026-04-04 11:12:07,311 - INFO - [pipeline.py:136] - "OilPaintingTransformer","dyn_ratio=8,size=8"
2026-04-04 11:12:07,349 - INFO - [pipeline.py:136] - "SwirlWarpTransformer","strength=1.50"
2026-04-04 11:12:07,368 - INFO - [pipeline.py:250] - [Grade: A] Saved to: /Users/kenfasano/Scripts/ScreenArt/Images/TransformedImages/peace_2-A_afe8.jpeg
2026-04-04 11:12:07,416 - INFO - [pipeline.py:136] - "DataMoshTransformer","intensity=0.02"
2026-04-04 11:12:07,451 - INFO - [pipeline.py:136] - "FluidWarpTransformer","alpha=14.52,sigma=3.41"
2026-04-04 11:12:07,464 - INFO - [pipeline.py:136] - "PosterizationTransformer","levels=4"
2026-04-04 11:12:07,480 - INFO - [pipeline.py:136] - "RadialWarpTransformer","radius=0.25,strength=40.78906595088459,style=pull"
2026-04-04 11:12:07,499 - INFO - [pipeline.py:250] - [Grade: C] Saved to: /Users/kenfasano/Scripts/ScreenArt/Images/TransformedImages/peace_3-C_f055.jpeg
2026-04-04 11:12:07,534 - INFO - [pipeline.py:136] - "FlipWilsonTransformer","keep=bottom_right,narrow=0.38"
2026-04-04 11:12:07,541 - INFO - [pipeline.py:250] - [Grade: A] Saved to: /Users/kenfasano/Scripts/ScreenArt/Images/TransformedImages/peripheral_drift_2-A_7bde.jpeg
2026-04-04 11:12:07,557 - INFO - [pipeline.py:136] - "FluidWarpTransformer","alpha=6.26,sigma=5.40"
2026-04-04 11:12:07,564 - INFO - [pipeline.py:136] - "FisheyeTransformer","shape=oval,strength=0.50,zoom=1.06"
2026-04-04 11:12:07,609 - INFO - [pipeline.py:136] - "WheelTransformer","blend=normal,copies=5"
2026-04-04 11:12:07,617 - INFO - [pipeline.py:250] - [Grade: A] Saved to: /Users/kenfasano/Scripts/ScreenArt/Images/TransformedImages/peripheral_drift_3-A_b0b7.jpeg
2026-04-04 11:12:07,635 - INFO - [pipeline.py:136] - "KaleidoscopeTransformer","cx_off=0.07,cy_off=0.03,segments=4"
2026-04-04 11:12:07,651 - INFO - [pipeline.py:136] - "MeltMorphTransformer","intensity=0.50"
2026-04-04 11:12:07,658 - INFO - [pipeline.py:250] - [Grade: A] Saved to: /Users/kenfasano/Scripts/ScreenArt/Images/TransformedImages/peripheral_drift_8-A_fe03.jpeg
2026-04-04 11:12:07,677 - INFO - [pipeline.py:136] - "MeltMorphTransformer","intensity=0.50"
2026-04-04 11:12:07,684 - INFO - [pipeline.py:136] - "FisheyeTransformer","shape=oval,strength=0.45,zoom=1.06"
2026-04-04 11:12:07,690 - INFO - [pipeline.py:250] - [Grade: A] Saved to: /Users/kenfasano/Scripts/ScreenArt/Images/TransformedImages/peripheral_drift_4-A_5d6d.jpeg
2026-04-04 11:12:07,697 - INFO - [pipeline.py:136] - "PosterizationTransformer","levels=4"
2026-04-04 11:12:07,711 - INFO - [pipeline.py:136] - "FluidWarpTransformer","alpha=6.59,sigma=6.20"
2026-04-04 11:12:07,763 - INFO - [pipeline.py:136] - "WheelTransformer","blend=normal,copies=5"
2026-04-04 11:12:07,772 - INFO - [pipeline.py:136] - "GlitchWarpTransformer","intensity=0.01"
2026-04-04 11:12:07,779 - INFO - [pipeline.py:250] - [Grade: A] Saved to: /Users/kenfasano/Scripts/ScreenArt/Images/TransformedImages/peripheral_drift_5-A_70af.jpeg
2026-04-04 11:12:07,798 - INFO - [pipeline.py:136] - "MeltMorphTransformer","intensity=0.50"
2026-04-04 11:12:07,806 - INFO - [pipeline.py:136] - "OilPaintingTransformer","dyn_ratio=7,size=4"
2026-04-04 11:12:07,813 - INFO - [pipeline.py:136] - "FisheyeTransformer","shape=oval,strength=0.50,zoom=0.92"
2026-04-04 11:12:07,859 - INFO - [pipeline.py:136] - "WheelTransformer","blend=normal,copies=5"
2026-04-04 11:12:07,866 - INFO - [pipeline.py:250] - [Grade: A] Saved to: /Users/kenfasano/Scripts/ScreenArt/Images/TransformedImages/peripheral_drift_9-A_0470.jpeg
2026-04-04 11:12:07,877 - INFO - [pipeline.py:136] - "RadialWarpTransformer","radius=0.25,strength=117.61999343665885,52.04041156862979,style=pull,pull"
2026-04-04 11:12:07,886 - INFO - [pipeline.py:136] - "GlitchWarpTransformer","intensity=0.01"
2026-04-04 11:12:07,897 - INFO - [pipeline.py:136] - "SwirlWarpTransformer","strength=1.50"
2026-04-04 11:12:07,902 - INFO - [pipeline.py:136] - "ColormapTransformer","map=jet"
2026-04-04 11:12:07,910 - INFO - [pipeline.py:250] - [Grade: A] Saved to: /Users/kenfasano/Scripts/ScreenArt/Images/TransformedImages/peripheral_drift_10-A_3410.jpeg
2026-04-04 11:12:07,958 - INFO - [pipeline.py:136] - "WheelTransformer","blend=normal,copies=5"
2026-04-04 11:12:07,973 - INFO - [pipeline.py:136] - "HalftoneTransformer","size=2"
2026-04-04 11:12:07,979 - INFO - [pipeline.py:250] - [Grade: A] Saved to: /Users/kenfasano/Scripts/ScreenArt/Images/TransformedImages/peripheral_drift_6-A_216e.jpeg
2026-04-04 11:12:07,991 - INFO - [pipeline.py:136] - "RadialWarpTransformer","radius=0.25,strength=136.9812188433475,69.69386840307774,68.68390809157049,style=push,push,pull"
2026-04-04 11:12:08,031 - INFO - [pipeline.py:136] - "PixelSortTransformer","direction=cols,high=0.81,low=0.30,sort_key=brightness"
2026-04-04 11:12:08,038 - INFO - [pipeline.py:250] - [Grade: A] Saved to: /Users/kenfasano/Scripts/ScreenArt/Images/TransformedImages/peripheral_drift_7-A_6967.jpeg
2026-04-04 11:12:08,058 - INFO - [pipeline.py:136] - "KaleidoscopeTransformer","cx_off=0.08,cy_off=0.20,segments=8"
2026-04-04 11:12:08,067 - INFO - [pipeline.py:136] - "ChromaticAberrationTransformer","angle=290.80,edge_fade=1,shift=8.40"
2026-04-04 11:12:08,084 - INFO - [pipeline.py:136] - "MeltMorphTransformer","intensity=0.50"
2026-04-04 11:12:08,091 - INFO - [pipeline.py:250] - [Grade: A] Saved to: /Users/kenfasano/Scripts/ScreenArt/Images/TransformedImages/peripheral_drift_1-A_ce27.jpeg
2026-04-04 11:12:08,215 - INFO - [pipeline.py:136] - "FisheyeTransformer","shape=oval,strength=0.27,zoom=0.97"
2026-04-04 11:12:08,318 - INFO - [pipeline.py:136] - "KaleidoscopeTransformer","cx_off=-0.12,cy_off=-0.16,segments=8"
2026-04-04 11:12:08,341 - INFO - [pipeline.py:136] - "ColormapTransformer","map=summer"
2026-04-04 11:12:08,365 - INFO - [pipeline.py:136] - "PosterizationTransformer","levels=4"
2026-04-04 11:12:08,408 - INFO - [pipeline.py:250] - [Grade: A] Saved to: /Users/kenfasano/Scripts/ScreenArt/Images/TransformedImages/static_mandala_0-A_bb9f.jpeg
2026-04-04 11:12:08,435 - INFO - [pipeline.py:136] - "GlitchWarpTransformer","intensity=0.01"
2026-04-04 11:12:08,455 - INFO - [pipeline.py:136] - "ChromaticAberrationTransformer","angle=94.50,edge_fade=1,shift=10.70"
2026-04-04 11:12:08,509 - INFO - [pipeline.py:136] - "OilPaintingTransformer","dyn_ratio=3,size=8"
2026-04-04 11:12:08,546 - INFO - [pipeline.py:136] - "HalftoneTransformer","size=2"
2026-04-04 11:12:08,560 - INFO - [pipeline.py:250] - [Grade: A] Saved to: /Users/kenfasano/Scripts/ScreenArt/Images/TransformedImages/static_mandala_1-A_8818.jpeg
2026-04-04 11:12:08,853 - INFO - [pipeline.py:136] - "GlitchWarpTransformer","intensity=0.01"
2026-04-04 11:12:08,938 - INFO - [pipeline.py:136] - "ColormapTransformer","map=hsv"
2026-04-04 11:12:09,377 - INFO - [pipeline.py:136] - "KaleidoscopeTransformer","cx_off=-0.07,cy_off=0.02,segments=8"
2026-04-04 11:12:09,627 - INFO - [pipeline.py:136] - "ThermalImagingTransformer","thermal=True"
2026-04-04 11:12:09,764 - INFO - [pipeline.py:250] - [Grade: B] Saved to: /Users/kenfasano/Scripts/ScreenArt/Images/TransformedImages/static_mandala_2-B_d89d.jpeg
2026-04-04 11:12:09,891 - INFO - [pipeline.py:136] - "KaleidoscopeTransformer","cx_off=-0.08,cy_off=0.04,segments=8"
2026-04-04 11:12:09,915 - INFO - [pipeline.py:136] - "ColormapTransformer","map=spring"
2026-04-04 11:12:09,967 - INFO - [pipeline.py:136] - "ChromaticAberrationTransformer","angle=1.00,edge_fade=1,shift=14.10"
2026-04-04 11:12:10,009 - INFO - [pipeline.py:250] - [Grade: A] Saved to: /Users/kenfasano/Scripts/ScreenArt/Images/TransformedImages/The_anat-A_f806.jpeg
2026-04-04 11:12:10,029 - INFO - [pipeline.py:136] - "PosterizationTransformer","levels=4"
2026-04-04 11:12:10,052 - INFO - [pipeline.py:136] - "GlitchWarpTransformer","intensity=0.01"
2026-04-04 11:12:10,072 - INFO - [pipeline.py:250] - [Grade: B] Saved to: /Users/kenfasano/Scripts/ScreenArt/Images/TransformedImages/Anatomy__physio-B_2264.jpeg
2026-04-04 11:12:10,104 - INFO - [pipeline.py:136] - "GlitchWarpTransformer","intensity=0.01"
2026-04-04 11:12:10,209 - INFO - [pipeline.py:136] - "PixelSortTransformer","direction=rows,high=0.64,low=0.22,sort_key=blue"
2026-04-04 11:12:10,475 - INFO - [pipeline.py:136] - "VoronoiTransformer","edge_blend=1,num_points=324"
2026-04-04 11:12:10,492 - INFO - [pipeline.py:136] - "OilPaintingTransformer","dyn_ratio=7,size=4"
2026-04-04 11:12:10,505 - INFO - [pipeline.py:250] - [Grade: A] Saved to: /Users/kenfasano/Scripts/ScreenArt/Images/TransformedImages/Anatomy_of_eye-A_5da2.jpeg
2026-04-04 11:12:10,590 - INFO - [pipeline.py:136] - "HalftoneTransformer","size=2"
2026-04-04 11:12:10,822 - INFO - [pipeline.py:136] - "VoronoiTransformer","edge_blend=1,num_points=113"
2026-04-04 11:12:10,894 - INFO - [pipeline.py:136] - "FluidWarpTransformer","alpha=12.26,sigma=7.43"
2026-04-04 11:12:10,918 - INFO - [pipeline.py:250] - [Grade: A] Saved to: /Users/kenfasano/Scripts/ScreenArt/Images/TransformedImages/The_anatomy_of_-A_81fe.jpeg
2026-04-04 11:12:10,980 - INFO - [pipeline.py:136] - "MeltMorphTransformer","intensity=0.50"
2026-04-04 11:12:11,287 - INFO - [pipeline.py:136] - "VoronoiTransformer","edge_blend=1,num_points=238"
2026-04-04 11:12:11,305 - INFO - [pipeline.py:250] - [Grade: A] Saved to: /Users/kenfasano/Scripts/ScreenArt/Images/TransformedImages/Visible--A_3f83.jpeg
2026-04-04 11:12:11,305 - INFO - [main.py:195] - VoronoiTransformer
2026-04-04 11:12:11,305 - INFO - [main.py:195] - WatercolorTransformer
2026-04-04 11:12:11,306 - INFO - [main.py:195] - WheelTransformer
2026-04-04 11:12:11,306 - INFO - [main.py:195] - KaleidoscopeTransformer
2026-04-04 11:12:11,306 - INFO - [main.py:195] - FlipWilsonTransformer
2026-04-04 11:12:11,306 - INFO - [main.py:195] - PixelSortTransformer
2026-04-04 11:12:11,306 - INFO - [main.py:195] - ThermalImagingTransformer
2026-04-04 11:12:11,306 - INFO - [main.py:195] - FractalWarpTransformer
2026-04-04 11:12:11,306 - INFO - [main.py:195] - SwirlWarpTransformer
2026-04-04 11:12:11,306 - INFO - [main.py:195] - GlitchWarpTransformer
2026-04-04 11:12:11,306 - INFO - [main.py:195] - FluidWarpTransformer
2026-04-04 11:12:11,306 - INFO - [main.py:195] - MeltMorphTransformer
2026-04-04 11:12:11,306 - INFO - [main.py:195] - HalftoneTransformer
2026-04-04 11:12:11,306 - INFO - [main.py:195] - DataMoshTransformer
2026-04-04 11:12:11,306 - INFO - [main.py:195] - ChromaticAberrationTransformer
2026-04-04 11:12:11,306 - INFO - [main.py:195] - FisheyeTransformer
2026-04-04 11:12:11,306 - INFO - [main.py:195] - OilPaintingTransformer
2026-04-04 11:12:11,306 - INFO - [main.py:195] - ColormapTransformer
2026-04-04 11:12:11,306 - INFO - [main.py:195] - RadialWarpTransformer
2026-04-04 11:12:11,306 - INFO - [main.py:195] - PosterizationTransformer
2026-04-04 11:12:11,306 - INFO - [main.py:238] - 18s@11:12 ✓
Accepted: 54
Rejected: 4
---
Bible                      ->  2869ms
Peace                      ->  2803ms
Nasa                       ->   914ms
Wiki                       ->   780ms
Lojong                     ->   660ms
GoesGenerator              ->   564ms
Bubbles                    ->   338ms
PeripheralDriftIllusion    ->   148ms
NasaMapGenerator           ->   105ms
Cubes                      ->    98ms
MandalaDraw                ->    28ms
StaticMandala              ->     7ms
---
VoronoiTransformer               -> Min:    61ms | Avg:   200ms | Max:   306ms
WatercolorTransformer            -> Min:    98ms | Avg:   181ms | Max:   231ms
WheelTransformer                 -> Min:    45ms | Avg:   108ms | Max:   168ms
KaleidoscopeTransformer          -> Min:    10ms | Avg:    91ms | Max:   439ms
FlipWilsonTransformer            -> Min:    32ms | Avg:    80ms | Max:   104ms
PixelSortTransformer             -> Min:    40ms | Avg:    76ms | Max:   124ms
ThermalImagingTransformer        -> Min:     7ms | Avg:    55ms | Max:   249ms
FractalWarpTransformer           -> Min:    34ms | Avg:    36ms | Max:    42ms
SwirlWarpTransformer             -> Min:    11ms | Avg:    35ms | Max:    57ms
GlitchWarpTransformer            -> Min:     4ms | Avg:    35ms | Max:   205ms
FluidWarpTransformer             -> Min:    11ms | Avg:    33ms | Max:    72ms
MeltMorphTransformer             -> Min:    10ms | Avg:    32ms | Max:    62ms
HalftoneTransformer              -> Min:     9ms | Avg:    31ms | Max:    74ms
DataMoshTransformer              -> Min:     8ms | Avg:    27ms | Max:    39ms
ChromaticAberrationTransformer   -> Min:     8ms | Avg:    26ms | Max:    51ms
FisheyeTransformer               -> Min:     7ms | Avg:    26ms | Max:    96ms
OilPaintingTransformer           -> Min:     8ms | Avg:    24ms | Max:    64ms
ColormapTransformer              -> Min:     3ms | Avg:    21ms | Max:    85ms
RadialWarpTransformer            -> Min:     5ms | Avg:    15ms | Max:    24ms
PosterizationTransformer         -> Min:     3ms | Avg:    12ms | Max:    24ms
