2026-03-15 10:38:11,400 - INFO - [pipeline.py:136] - "FractalWarpTransformer","iter=1,scale=0.05"
2026-03-15 10:38:11,429 - INFO - [pipeline.py:136] - "GlitchWarpTransformer","intensity=0.01"
2026-03-15 10:38:11,444 - INFO - [pipeline.py:136] - "PosterizationTransformer","levels=4"
2026-03-15 10:38:11,480 - INFO - [pipeline.py:136] - "ThermalImagingTransformer","thermal=True"
2026-03-15 10:38:11,499 - INFO - [pipeline.py:248] - [Grade: B] Saved to: /Users/kenfasano/Scripts/ScreenArt/Images/TransformedImages/bubbles_4-B.jpeg
2026-03-15 10:38:11,542 - INFO - [pipeline.py:136] - "FisheyeTransformer","shape=circle,strength=0.54,zoom=1.03"
2026-03-15 10:38:11,559 - INFO - [pipeline.py:136] - "RadialWarpTransformer","radius=0.25,strength=44.177198958123604,style=pull"
2026-03-15 10:38:11,617 - INFO - [pipeline.py:136] - "MeltMorphTransformer","intensity=0.50"
2026-03-15 10:38:11,665 - INFO - [pipeline.py:136] - "FluidWarpTransformer","alpha=15.40,sigma=7.13"
2026-03-15 10:38:11,682 - INFO - [pipeline.py:248] - [Grade: C] Saved to: /Users/kenfasano/Scripts/ScreenArt/Images/TransformedImages/bubbles_8-C.jpeg
2026-03-15 10:38:11,703 - INFO - [pipeline.py:136] - "ColormapTransformer","map=rainbow"
2026-03-15 10:38:11,723 - INFO - [pipeline.py:248] - [Grade: A] Saved to: /Users/kenfasano/Scripts/ScreenArt/Images/TransformedImages/bubbles_9-A.jpeg
2026-03-15 10:38:11,767 - INFO - [pipeline.py:136] - "DataMoshTransformer","intensity=0.02"
2026-03-15 10:38:11,780 - INFO - [pipeline.py:136] - "ColormapTransformer","map=rainbow"
2026-03-15 10:38:11,991 - INFO - [pipeline.py:136] - "PixelSortTransformer","direction=rows,high=0.89,low=0.09,sort_key=blue"
2026-03-15 10:38:12,011 - INFO - [pipeline.py:248] - [Grade: A] Saved to: /Users/kenfasano/Scripts/ScreenArt/Images/TransformedImages/bubbles_5-A.jpeg
2026-03-15 10:38:12,056 - INFO - [pipeline.py:136] - "ThermalImagingTransformer","thermal=True"
2026-03-15 10:38:12,111 - INFO - [pipeline.py:136] - "MeltMorphTransformer","intensity=0.50"
2026-03-15 10:38:12,130 - INFO - [pipeline.py:248] - [Grade: C] Saved to: /Users/kenfasano/Scripts/ScreenArt/Images/TransformedImages/bubbles_2-C.jpeg
2026-03-15 10:38:12,164 - INFO - [pipeline.py:136] - "ChromaticAberrationTransformer","angle=245.30,edge_fade=1,shift=7.80"
2026-03-15 10:38:12,201 - INFO - [pipeline.py:136] - "SwirlWarpTransformer","strength=1.50"
2026-03-15 10:38:12,244 - INFO - [pipeline.py:136] - "FluidWarpTransformer","alpha=3.22,sigma=5.52"
2026-03-15 10:38:12,262 - INFO - [pipeline.py:248] - [Grade: F] Saved to: /Users/kenfasano/Scripts/ScreenArt/Images/Rejected/bubbles_3-F.jpeg
2026-03-15 10:38:12,346 - INFO - [pipeline.py:136] - "StippleTransformer","bg=white,dot_radius=4,jitter=1,spacing=8"
2026-03-15 10:38:12,371 - INFO - [pipeline.py:248] - [Grade: B] Saved to: /Users/kenfasano/Scripts/ScreenArt/Images/TransformedImages/bubbles_10-B.jpeg
2026-03-15 10:38:12,392 - INFO - [pipeline.py:136] - "PosterizationTransformer","levels=4"
2026-03-15 10:38:12,410 - INFO - [pipeline.py:248] - [Grade: A] Saved to: /Users/kenfasano/Scripts/ScreenArt/Images/TransformedImages/bubbles_1-A.jpeg
2026-03-15 10:38:12,430 - INFO - [pipeline.py:136] - "ColormapTransformer","map=cool"
2026-03-15 10:38:12,478 - INFO - [pipeline.py:136] - "HalftoneTransformer","size=2"
2026-03-15 10:38:12,499 - INFO - [pipeline.py:136] - "RadialWarpTransformer","radius=0.25,strength=54.802821840224354,133.23721261187194,style=pull,push"
2026-03-15 10:38:12,515 - INFO - [pipeline.py:248] - [Grade: C] Saved to: /Users/kenfasano/Scripts/ScreenArt/Images/TransformedImages/bubbles_6-C.jpeg
2026-03-15 10:38:12,547 - INFO - [pipeline.py:136] - "FisheyeTransformer","shape=oval,strength=0.53,zoom=1.07"
2026-03-15 10:38:12,562 - INFO - [pipeline.py:136] - "ColormapTransformer","map=hot"
2026-03-15 10:38:12,591 - INFO - [pipeline.py:136] - "GlitchWarpTransformer","intensity=0.01"
2026-03-15 10:38:12,612 - INFO - [pipeline.py:248] - [Grade: A] Saved to: /Users/kenfasano/Scripts/ScreenArt/Images/TransformedImages/bubbles_7-A.jpeg
2026-03-15 10:38:12,651 - INFO - [pipeline.py:136] - "FluidWarpTransformer","alpha=14.25,sigma=1.69"
2026-03-15 10:38:12,669 - INFO - [pipeline.py:248] - [Grade: A] Saved to: /Users/kenfasano/Scripts/ScreenArt/Images/TransformedImages/cubes_2-A.jpeg
2026-03-15 10:38:12,689 - INFO - [pipeline.py:136] - "ColormapTransformer","map=spring"
2026-03-15 10:38:12,710 - INFO - [pipeline.py:248] - [Grade: A] Saved to: /Users/kenfasano/Scripts/ScreenArt/Images/TransformedImages/cubes_3-A.jpeg
2026-03-15 10:38:12,758 - INFO - [pipeline.py:136] - "SwirlWarpTransformer","strength=1.50"
2026-03-15 10:38:12,797 - INFO - [pipeline.py:136] - "ThermalImagingTransformer","thermal=True"
2026-03-15 10:38:12,815 - INFO - [pipeline.py:248] - [Grade: A] Saved to: /Users/kenfasano/Scripts/ScreenArt/Images/TransformedImages/cubes_4-A.jpeg
2026-03-15 10:38:12,884 - INFO - [pipeline.py:136] - "KaleidoscopeTransformer","cx_off=-0.08,cy_off=0.18,segments=4"
2026-03-15 10:38:13,074 - INFO - [pipeline.py:136] - "WheelTransformer","blend=lighter,copies=5"
2026-03-15 10:38:13,125 - INFO - [pipeline.py:136] - "StippleTransformer","bg=white,dot_radius=5,jitter=1,spacing=11"
2026-03-15 10:38:13,153 - INFO - [pipeline.py:248] - [Grade: B] Saved to: /Users/kenfasano/Scripts/ScreenArt/Images/TransformedImages/cubes_5-B.jpeg
2026-03-15 10:38:13,204 - INFO - [pipeline.py:136] - "SwirlWarpTransformer","strength=1.50"
2026-03-15 10:38:13,222 - INFO - [pipeline.py:248] - [Grade: A] Saved to: /Users/kenfasano/Scripts/ScreenArt/Images/TransformedImages/cubes_6-A.jpeg
2026-03-15 10:38:13,301 - INFO - [pipeline.py:136] - "PixelSortTransformer","direction=cols,high=0.81,low=0.26,sort_key=red"
2026-03-15 10:38:13,394 - INFO - [pipeline.py:136] - "StippleTransformer","bg=complement,dot_radius=2,jitter=1,spacing=7"
2026-03-15 10:38:13,648 - INFO - [pipeline.py:136] - "WatercolorTransformer","scale=0.85,style=psychedelic"
2026-03-15 10:38:13,670 - INFO - [pipeline.py:248] - [Grade: C] Saved to: /Users/kenfasano/Scripts/ScreenArt/Images/TransformedImages/cubes_1-C.jpeg
2026-03-15 10:38:13,690 - INFO - [pipeline.py:136] - "GlitchWarpTransformer","intensity=0.01"
2026-03-15 10:38:13,706 - INFO - [pipeline.py:136] - "DataMoshTransformer","intensity=0.01"
2026-03-15 10:38:13,715 - INFO - [pipeline.py:248] - [Grade: A] Saved to: /Users/kenfasano/Scripts/ScreenArt/Images/TransformedImages/m106_lumhst_colorablock_red1h600-A.jpg
2026-03-15 10:38:13,721 - INFO - [pipeline.py:136] - "ColormapTransformer","map=hsv"
2026-03-15 10:38:13,762 - INFO - [pipeline.py:136] - "WheelTransformer","blend=lighter,copies=5"
2026-03-15 10:38:13,876 - INFO - [pipeline.py:136] - "PixelSortTransformer","direction=cols,high=0.76,low=0.26,sort_key=blue"
2026-03-15 10:38:13,879 - INFO - [pipeline.py:136] - "PosterizationTransformer","levels=4"
2026-03-15 10:38:13,886 - INFO - [pipeline.py:248] - [Grade: B] Saved to: /Users/kenfasano/Scripts/ScreenArt/Images/TransformedImages/pillars_tape-B.jpg
2026-03-15 10:38:13,894 - INFO - [pipeline.py:136] - "FluidWarpTransformer","alpha=4.40,sigma=4.99"
2026-03-15 10:38:13,901 - INFO - [pipeline.py:136] - "SwirlWarpTransformer","strength=1.50"
2026-03-15 10:38:13,905 - INFO - [pipeline.py:248] - [Grade: A] Saved to: /Users/kenfasano/Scripts/ScreenArt/Images/TransformedImages/itokawa2_hayabusa-A.jpg
2026-03-15 10:38:13,923 - INFO - [pipeline.py:136] - "ColormapTransformer","map=ocean"
2026-03-15 10:38:13,967 - INFO - [pipeline.py:136] - "PixelSortTransformer","direction=rows,high=0.80,low=0.18,sort_key=saturation"
2026-03-15 10:38:13,972 - INFO - [pipeline.py:136] - "PosterizationTransformer","levels=4"
2026-03-15 10:38:13,981 - INFO - [pipeline.py:248] - [Grade: A] Saved to: /Users/kenfasano/Scripts/ScreenArt/Images/TransformedImages/4pm-analemma-nz_1024-A.jpg
2026-03-15 10:38:13,995 - INFO - [pipeline.py:136] - "ColormapTransformer","map=cool"
2026-03-15 10:38:14,022 - INFO - [pipeline.py:136] - "MeltMorphTransformer","intensity=0.50"
2026-03-15 10:38:14,075 - INFO - [pipeline.py:136] - "OilPaintingTransformer","dyn_ratio=8,size=5"
2026-03-15 10:38:14,094 - INFO - [pipeline.py:136] - "ThermalImagingTransformer","thermal=True"
2026-03-15 10:38:14,106 - INFO - [pipeline.py:248] - [Grade: B] Saved to: /Users/kenfasano/Scripts/ScreenArt/Images/TransformedImages/mars_saturn_m22_2018_03_31dp1096-B.jpg
2026-03-15 10:38:14,126 - INFO - [pipeline.py:136] - "FisheyeTransformer","shape=circle,strength=0.57,zoom=0.91"
2026-03-15 10:38:14,134 - INFO - [pipeline.py:248] - [Grade: B] Saved to: /Users/kenfasano/Scripts/ScreenArt/Images/TransformedImages/ultima-thule-1-ca06_022219_1024-B.jpg
2026-03-15 10:38:14,155 - INFO - [pipeline.py:136] - "MeltMorphTransformer","intensity=0.50"
2026-03-15 10:38:14,185 - INFO - [pipeline.py:136] - "OilPaintingTransformer","dyn_ratio=7,size=5"
2026-03-15 10:38:14,195 - INFO - [pipeline.py:136] - "DataMoshTransformer","intensity=0.02"
2026-03-15 10:38:14,202 - INFO - [pipeline.py:136] - "FisheyeTransformer","shape=oval,strength=0.52,zoom=1.11"
2026-03-15 10:38:14,208 - INFO - [pipeline.py:248] - [Grade: A] Saved to: /Users/kenfasano/Scripts/ScreenArt/Images/TransformedImages/Discovery_Smithsonian_VABcooper900-A.jpg
2026-03-15 10:38:14,223 - INFO - [pipeline.py:136] - "RadialWarpTransformer","radius=0.25,strength=37.16374718597959,81.37421354357329,71.63819323278565,style=pull,pull,push"
2026-03-15 10:38:14,265 - INFO - [pipeline.py:136] - "OilPaintingTransformer","dyn_ratio=6,size=4"
2026-03-15 10:38:14,273 - INFO - [pipeline.py:248] - [Grade: B] Saved to: /Users/kenfasano/Scripts/ScreenArt/Images/TransformedImages/LagoonStarFree_Dhar_960-B.jpg
2026-03-15 10:38:14,289 - INFO - [pipeline.py:136] - "MeltMorphTransformer","intensity=0.50"
2026-03-15 10:38:14,328 - INFO - [pipeline.py:136] - "WheelTransformer","blend=lighter,copies=5"
2026-03-15 10:38:14,334 - INFO - [pipeline.py:248] - [Grade: A] Saved to: /Users/kenfasano/Scripts/ScreenArt/Images/TransformedImages/cena_comp800-A.jpg
2026-03-15 10:38:14,359 - INFO - [pipeline.py:136] - "SwirlWarpTransformer","strength=1.50"
2026-03-15 10:38:14,372 - INFO - [pipeline.py:136] - "GlitchWarpTransformer","intensity=0.01"
2026-03-15 10:38:14,383 - INFO - [pipeline.py:248] - [Grade: A] Saved to: /Users/kenfasano/Scripts/ScreenArt/Images/TransformedImages/HorseheadIr_HubbleNachman_960-A.jpg
2026-03-15 10:38:14,398 - INFO - [pipeline.py:136] - "MeltMorphTransformer","intensity=0.50"
2026-03-15 10:38:14,409 - INFO - [pipeline.py:136] - "HalftoneTransformer","size=2"
2026-03-15 10:38:14,417 - INFO - [pipeline.py:136] - "ThermalImagingTransformer","thermal=True"
2026-03-15 10:38:14,422 - INFO - [pipeline.py:136] - "FisheyeTransformer","shape=circle,strength=0.21,zoom=1.15"
2026-03-15 10:38:14,428 - INFO - [pipeline.py:248] - [Grade: A] Saved to: /Users/kenfasano/Scripts/ScreenArt/Images/TransformedImages/lasergalaxy_beletsky-A.jpg
2026-03-15 10:38:14,497 - INFO - [pipeline.py:136] - "FlipWilsonTransformer","keep=bottom,narrow=0.42"
2026-03-15 10:38:14,522 - INFO - [pipeline.py:136] - "RadialWarpTransformer","radius=0.25,strength=61.67009632258816,98.27768645375903,51.40055570400095,style=pull,pull,push"
2026-03-15 10:38:14,542 - INFO - [pipeline.py:248] - [Grade: A] Saved to: /Users/kenfasano/Scripts/ScreenArt/Images/TransformedImages/nasa_earth_1_Karachi_True_Color-A.jpeg
2026-03-15 10:38:14,563 - INFO - [pipeline.py:136] - "PosterizationTransformer","levels=4"
2026-03-15 10:38:14,593 - INFO - [pipeline.py:136] - "FluidWarpTransformer","alpha=4.69,sigma=4.96"
2026-03-15 10:38:14,608 - INFO - [pipeline.py:248] - [Grade: A] Saved to: /Users/kenfasano/Scripts/ScreenArt/Images/TransformedImages/noaa_goes_1_se_Sandwich_RGB-A.jpeg
2026-03-15 10:38:14,743 - INFO - [pipeline.py:136] - "FractalWarpTransformer","iter=1,scale=0.05"
2026-03-15 10:38:14,785 - INFO - [pipeline.py:248] - [Grade: A] Saved to: /Users/kenfasano/Scripts/ScreenArt/Images/TransformedImages/Konstnär-A.jpeg
2026-03-15 10:38:14,877 - INFO - [pipeline.py:136] - "FlipWilsonTransformer","keep=bottom,narrow=0.42"
2026-03-15 10:38:14,933 - INFO - [pipeline.py:136] - "SwirlWarpTransformer","strength=1.50"
2026-03-15 10:38:15,009 - INFO - [pipeline.py:136] - "HalftoneTransformer","size=2"
2026-03-15 10:38:15,037 - INFO - [pipeline.py:248] - [Grade: A] Saved to: /Users/kenfasano/Scripts/ScreenArt/Images/TransformedImages/2026-02--A.jpeg
2026-03-15 10:38:15,093 - INFO - [pipeline.py:136] - "FractalWarpTransformer","iter=1,scale=0.05"
2026-03-15 10:38:15,308 - INFO - [pipeline.py:136] - "WheelTransformer","blend=lighter,copies=5"
2026-03-15 10:38:15,332 - INFO - [pipeline.py:248] - [Grade: A] Saved to: /Users/kenfasano/Scripts/ScreenArt/Images/TransformedImages/Whithorn-A.jpeg
2026-03-15 10:38:15,401 - INFO - [pipeline.py:136] - "ThermalImagingTransformer","thermal=True"
2026-03-15 10:38:15,464 - INFO - [pipeline.py:136] - "HalftoneTransformer","size=2"
2026-03-15 10:38:15,491 - INFO - [pipeline.py:248] - [Grade: A] Saved to: /Users/kenfasano/Scripts/ScreenArt/Images/TransformedImages/125_Blut-A.jpeg
2026-03-15 10:38:15,636 - INFO - [pipeline.py:136] - "OilPaintingTransformer","dyn_ratio=8,size=5"
2026-03-15 10:38:15,815 - INFO - [pipeline.py:136] - "WheelTransformer","blend=lighter,copies=5"
2026-03-15 10:38:16,050 - INFO - [pipeline.py:136] - "WatercolorTransformer","scale=0.85,style=monet"
2026-03-15 10:38:16,068 - INFO - [pipeline.py:248] - [Grade: A] Saved to: /Users/kenfasano/Scripts/ScreenArt/Images/TransformedImages/20230518_Cather-A.jpeg
2026-03-15 10:38:16,114 - INFO - [pipeline.py:136] - "SwirlWarpTransformer","strength=1.50"
2026-03-15 10:38:16,153 - INFO - [pipeline.py:136] - "ThermalImagingTransformer","thermal=True"
2026-03-15 10:38:16,172 - INFO - [pipeline.py:248] - [Grade: C] Saved to: /Users/kenfasano/Scripts/ScreenArt/Images/TransformedImages/lojong_2-C-columns.jpeg
2026-03-15 10:38:16,199 - INFO - [pipeline.py:136] - "RadialWarpTransformer","radius=0.25,strength=82.7345475566213,88.9855423464818,style=pull,pull"
2026-03-15 10:38:16,233 - INFO - [pipeline.py:136] - "FractalWarpTransformer","iter=1,scale=0.05"
2026-03-15 10:38:16,270 - INFO - [pipeline.py:136] - "DataMoshTransformer","intensity=0.01"
2026-03-15 10:38:16,288 - INFO - [pipeline.py:248] - [Grade: A] Saved to: /Users/kenfasano/Scripts/ScreenArt/Images/TransformedImages/lojong_3-A-columns.jpeg
2026-03-15 10:38:16,334 - INFO - [pipeline.py:136] - "SwirlWarpTransformer","strength=1.50"
2026-03-15 10:38:16,427 - INFO - [pipeline.py:136] - "PixelSortTransformer","direction=rows,high=0.85,low=0.29,sort_key=blue"
2026-03-15 10:38:16,446 - INFO - [pipeline.py:248] - [Grade: C] Saved to: /Users/kenfasano/Scripts/ScreenArt/Images/TransformedImages/lojong_8-C-columns.jpeg
2026-03-15 10:38:16,465 - INFO - [pipeline.py:136] - "PosterizationTransformer","levels=4"
2026-03-15 10:38:16,493 - INFO - [pipeline.py:136] - "GlitchWarpTransformer","intensity=0.01"
2026-03-15 10:38:16,506 - INFO - [pipeline.py:136] - "ColormapTransformer","map=autumn"
2026-03-15 10:38:16,524 - INFO - [pipeline.py:248] - [Grade: A] Saved to: /Users/kenfasano/Scripts/ScreenArt/Images/TransformedImages/lojong_4-A-tile.jpeg
2026-03-15 10:38:16,543 - INFO - [pipeline.py:136] - "PosterizationTransformer","levels=4"
2026-03-15 10:38:16,645 - INFO - [pipeline.py:136] - "VoronoiTransformer","edge_blend=1,num_points=61"
2026-03-15 10:38:16,853 - INFO - [pipeline.py:136] - "WatercolorTransformer","scale=0.85,style=psychedelic"
2026-03-15 10:38:16,871 - INFO - [pipeline.py:248] - [Grade: A] Saved to: /Users/kenfasano/Scripts/ScreenArt/Images/TransformedImages/lojong_5-A-tile.jpeg
2026-03-15 10:38:16,905 - INFO - [pipeline.py:136] - "ChromaticAberrationTransformer","angle=58.80,edge_fade=1,shift=15.20"
2026-03-15 10:38:16,933 - INFO - [pipeline.py:136] - "GlitchWarpTransformer","intensity=0.01"
2026-03-15 10:38:16,953 - INFO - [pipeline.py:248] - [Grade: C] Saved to: /Users/kenfasano/Scripts/ScreenArt/Images/TransformedImages/lojong_9-C-columns.jpeg
2026-03-15 10:38:17,080 - INFO - [pipeline.py:136] - "OilPaintingTransformer","dyn_ratio=6,size=6"
2026-03-15 10:38:17,115 - INFO - [pipeline.py:136] - "FractalWarpTransformer","iter=1,scale=0.05"
2026-03-15 10:38:17,323 - INFO - [pipeline.py:136] - "WatercolorTransformer","scale=0.85,style=monet"
2026-03-15 10:38:17,340 - INFO - [pipeline.py:248] - [Grade: C] Saved to: /Users/kenfasano/Scripts/ScreenArt/Images/TransformedImages/lojong_6-C-tile.jpeg
2026-03-15 10:38:17,362 - INFO - [pipeline.py:136] - "ColormapTransformer","map=summer"
2026-03-15 10:38:17,562 - INFO - [pipeline.py:136] - "VoronoiTransformer","edge_blend=1,num_points=146"
2026-03-15 10:38:17,579 - INFO - [pipeline.py:248] - [Grade: A] Saved to: /Users/kenfasano/Scripts/ScreenArt/Images/TransformedImages/lojong_7-A-scatter.jpeg
2026-03-15 10:38:17,626 - INFO - [pipeline.py:136] - "SwirlWarpTransformer","strength=1.50"
2026-03-15 10:38:17,645 - INFO - [pipeline.py:248] - [Grade: A] Saved to: /Users/kenfasano/Scripts/ScreenArt/Images/TransformedImages/lojong_0-A-columns.jpeg
2026-03-15 10:38:18,088 - INFO - [pipeline.py:136] - "VoronoiTransformer","edge_blend=1,num_points=350"
2026-03-15 10:38:18,124 - INFO - [pipeline.py:136] - "DataMoshTransformer","intensity=0.01"
2026-03-15 10:38:18,148 - INFO - [pipeline.py:136] - "FisheyeTransformer","shape=oval,strength=0.77,zoom=0.86"
2026-03-15 10:38:18,168 - INFO - [pipeline.py:248] - [Grade: A] Saved to: /Users/kenfasano/Scripts/ScreenArt/Images/TransformedImages/lojong_1-A-hero.jpeg
2026-03-15 10:38:18,203 - INFO - [pipeline.py:136] - "ChromaticAberrationTransformer","angle=206.30,edge_fade=1,shift=6.80"
2026-03-15 10:38:18,223 - INFO - [pipeline.py:248] - [Grade: C] Saved to: /Users/kenfasano/Scripts/ScreenArt/Images/TransformedImages/psalms_127-C-columns.jpeg
2026-03-15 10:38:18,244 - INFO - [pipeline.py:136] - "PosterizationTransformer","levels=4"
2026-03-15 10:38:18,279 - INFO - [pipeline.py:136] - "ThermalImagingTransformer","thermal=True"
2026-03-15 10:38:18,292 - INFO - [pipeline.py:136] - "ColormapTransformer","map=winter"
2026-03-15 10:38:18,311 - INFO - [pipeline.py:248] - [Grade: A] Saved to: /Users/kenfasano/Scripts/ScreenArt/Images/TransformedImages/psalms_110-A-tile.jpeg
2026-03-15 10:38:18,348 - INFO - [pipeline.py:136] - "ChromaticAberrationTransformer","angle=140.90,edge_fade=1,shift=12.70"
2026-03-15 10:38:18,366 - INFO - [pipeline.py:136] - "RadialWarpTransformer","radius=0.25,strength=136.48600875134812,style=pull"
2026-03-15 10:38:18,385 - INFO - [pipeline.py:248] - [Grade: C] Saved to: /Users/kenfasano/Scripts/ScreenArt/Images/TransformedImages/psalms_50-C-scatter.jpeg
2026-03-15 10:38:18,421 - INFO - [pipeline.py:136] - "GlitchWarpTransformer","intensity=0.01"
2026-03-15 10:38:18,469 - INFO - [pipeline.py:136] - "HalftoneTransformer","size=2"
2026-03-15 10:38:18,525 - INFO - [pipeline.py:136] - "FlipWilsonTransformer","keep=bottom,narrow=0.42"
2026-03-15 10:38:18,541 - INFO - [pipeline.py:248] - [Grade: A] Saved to: /Users/kenfasano/Scripts/ScreenArt/Images/TransformedImages/psalms_88-A-hero.jpeg
2026-03-15 10:38:18,588 - INFO - [pipeline.py:136] - "SwirlWarpTransformer","strength=1.50"
2026-03-15 10:38:18,613 - INFO - [pipeline.py:136] - "ChromaticAberrationTransformer","angle=36.60,edge_fade=1,shift=6.40"
2026-03-15 10:38:18,631 - INFO - [pipeline.py:248] - [Grade: A] Saved to: /Users/kenfasano/Scripts/ScreenArt/Images/TransformedImages/psalms_135-A-scatter.jpeg
2026-03-15 10:38:18,652 - INFO - [pipeline.py:136] - "PosterizationTransformer","levels=4"
2026-03-15 10:38:18,688 - INFO - [pipeline.py:136] - "ThermalImagingTransformer","thermal=True"
2026-03-15 10:38:18,712 - INFO - [pipeline.py:136] - "FisheyeTransformer","shape=circle,strength=0.27,zoom=0.86"
2026-03-15 10:38:18,729 - INFO - [pipeline.py:248] - [Grade: A] Saved to: /Users/kenfasano/Scripts/ScreenArt/Images/TransformedImages/psalms_115-A-hero.jpeg
2026-03-15 10:38:18,946 - INFO - [pipeline.py:136] - "WatercolorTransformer","scale=0.85,style=psychedelic"
2026-03-15 10:38:18,974 - INFO - [pipeline.py:136] - "GlitchWarpTransformer","intensity=0.01"
2026-03-15 10:38:18,991 - INFO - [pipeline.py:248] - [Grade: A] Saved to: /Users/kenfasano/Scripts/ScreenArt/Images/TransformedImages/psalms_58-A-scatter.jpeg
2026-03-15 10:38:19,036 - INFO - [pipeline.py:136] - "SwirlWarpTransformer","strength=1.50"
2026-03-15 10:38:19,073 - INFO - [pipeline.py:136] - "ThermalImagingTransformer","thermal=True"
2026-03-15 10:38:19,248 - INFO - [pipeline.py:136] - "WheelTransformer","blend=lighter,copies=5"
2026-03-15 10:38:19,261 - INFO - [pipeline.py:136] - "ColormapTransformer","map=pink"
2026-03-15 10:38:19,279 - INFO - [pipeline.py:248] - [Grade: C] Saved to: /Users/kenfasano/Scripts/ScreenArt/Images/TransformedImages/psalms_34-C-hero.jpeg
2026-03-15 10:38:19,314 - INFO - [pipeline.py:136] - "PixelSortTransformer","direction=rows,high=0.78,low=0.08,sort_key=brightness"
2026-03-15 10:38:19,328 - INFO - [pipeline.py:136] - "HalftoneTransformer","size=2"
2026-03-15 10:38:19,340 - INFO - [pipeline.py:136] - "DataMoshTransformer","intensity=0.02"
2026-03-15 10:38:19,353 - INFO - [pipeline.py:136] - "ThermalImagingTransformer","thermal=True"
2026-03-15 10:38:19,359 - INFO - [pipeline.py:248] - [Grade: A] Saved to: /Users/kenfasano/Scripts/ScreenArt/Images/TransformedImages/peripheral_drift_2-A.jpeg
2026-03-15 10:38:19,367 - INFO - [pipeline.py:136] - "ColormapTransformer","map=winter"
2026-03-15 10:38:19,399 - INFO - [pipeline.py:136] - "StippleTransformer","bg=black,dot_radius=2,jitter=1,spacing=6"
2026-03-15 10:38:19,474 - INFO - [pipeline.py:136] - "PixelSortTransformer","direction=cols,high=0.66,low=0.33,sort_key=blue"
2026-03-15 10:38:19,486 - INFO - [pipeline.py:136] - "ThermalImagingTransformer","thermal=True"
2026-03-15 10:38:19,495 - INFO - [pipeline.py:248] - [Grade: C] Saved to: /Users/kenfasano/Scripts/ScreenArt/Images/TransformedImages/peripheral_drift_3-C.jpeg
2026-03-15 10:38:19,512 - INFO - [pipeline.py:136] - "HalftoneTransformer","size=2"
2026-03-15 10:38:19,521 - INFO - [pipeline.py:136] - "ChromaticAberrationTransformer","angle=36.80,edge_fade=1,shift=16.10"
2026-03-15 10:38:19,532 - INFO - [pipeline.py:136] - "FluidWarpTransformer","alpha=17.74,sigma=4.35"
2026-03-15 10:38:19,544 - INFO - [pipeline.py:136] - "DataMoshTransformer","intensity=0.02"
2026-03-15 10:38:19,550 - INFO - [pipeline.py:248] - [Grade: A] Saved to: /Users/kenfasano/Scripts/ScreenArt/Images/TransformedImages/peripheral_drift_1-A.jpeg
2026-03-15 10:38:19,550 - INFO - [main.py:188] - VoronoiTransformer
2026-03-15 10:38:19,550 - INFO - [main.py:188] - WatercolorTransformer
2026-03-15 10:38:19,550 - INFO - [main.py:188] - WheelTransformer
2026-03-15 10:38:19,550 - INFO - [main.py:188] - PixelSortTransformer
2026-03-15 10:38:19,550 - INFO - [main.py:188] - OilPaintingTransformer
2026-03-15 10:38:19,550 - INFO - [main.py:188] - FlipWilsonTransformer
2026-03-15 10:38:19,550 - INFO - [main.py:188] - StippleTransformer
2026-03-15 10:38:19,550 - INFO - [main.py:188] - KaleidoscopeTransformer
2026-03-15 10:38:19,550 - INFO - [main.py:188] - FractalWarpTransformer
2026-03-15 10:38:19,550 - INFO - [main.py:188] - HalftoneTransformer
2026-03-15 10:38:19,550 - INFO - [main.py:188] - SwirlWarpTransformer
2026-03-15 10:38:19,550 - INFO - [main.py:188] - ThermalImagingTransformer
2026-03-15 10:38:19,550 - INFO - [main.py:188] - MeltMorphTransformer
2026-03-15 10:38:19,550 - INFO - [main.py:188] - FluidWarpTransformer
2026-03-15 10:38:19,550 - INFO - [main.py:188] - GlitchWarpTransformer
2026-03-15 10:38:19,550 - INFO - [main.py:188] - ChromaticAberrationTransformer
2026-03-15 10:38:19,550 - INFO - [main.py:188] - DataMoshTransformer
2026-03-15 10:38:19,550 - INFO - [main.py:188] - FisheyeTransformer
2026-03-15 10:38:19,550 - INFO - [main.py:188] - RadialWarpTransformer
2026-03-15 10:38:19,550 - INFO - [main.py:188] - PosterizationTransformer
2026-03-15 10:38:19,550 - INFO - [main.py:188] - ColormapTransformer
2026-03-15 10:38:19,550 - INFO - [main.py:231] - 22s@10:38 ✓
Accepted: 54
Rejected: 1
---
Bible                      ->  6434ms
Wiki                       ->  3448ms
Lojong                     ->  1601ms
Nasa                       ->  1227ms
GoesGenerator              ->   869ms
Bubbles                    ->   464ms
Cubes                      ->   198ms
NasaMapGenerator           ->    72ms
PeripheralDriftIllusion    ->    42ms
---
VoronoiTransformer               -> Min:   102ms | Avg:   246ms | Max:   436ms
WatercolorTransformer            -> Min:   208ms | Avg:   223ms | Max:   253ms
WheelTransformer                 -> Min:    39ms | Avg:   140ms | Max:   214ms
PixelSortTransformer             -> Min:    31ms | Avg:    91ms | Max:   210ms
OilPaintingTransformer           -> Min:    30ms | Avg:    76ms | Max:   136ms
FlipWilsonTransformer            -> Min:    55ms | Avg:    63ms | Max:    74ms
StippleTransformer               -> Min:    31ms | Avg:    63ms | Max:    93ms
KaleidoscopeTransformer          -> Min:    60ms | Avg:    60ms | Max:    60ms
FractalWarpTransformer           -> Min:    34ms | Avg:    51ms | Max:    97ms
HalftoneTransformer              -> Min:    10ms | Avg:    39ms | Max:    76ms
SwirlWarpTransformer             -> Min:     6ms | Avg:    36ms | Max:    56ms
ThermalImagingTransformer        -> Min:     8ms | Avg:    30ms | Max:    53ms
MeltMorphTransformer             -> Min:    12ms | Avg:    30ms | Max:    58ms
FluidWarpTransformer             -> Min:     7ms | Avg:    28ms | Max:    47ms
GlitchWarpTransformer            -> Min:    12ms | Avg:    24ms | Max:    29ms
ChromaticAberrationTransformer   -> Min:     8ms | Avg:    23ms | Max:    28ms
DataMoshTransformer              -> Min:    10ms | Avg:    23ms | Max:    37ms
FisheyeTransformer               -> Min:     5ms | Avg:    19ms | Max:    36ms
RadialWarpTransformer            -> Min:    11ms | Avg:    18ms | Max:    24ms
PosterizationTransformer         -> Min:     3ms | Avg:    11ms | Max:    14ms
ColormapTransformer              -> Min:     3ms | Avg:    11ms | Max:    15ms
