2026-03-15 12:48:47,082 - INFO - [pipeline.py:136] - "FlipWilsonTransformer","keep=left,narrow=0.39"
2026-03-15 12:48:47,111 - INFO - [pipeline.py:248] - [Grade: C] Saved to: /Users/kenfasano/Scripts/ScreenArt/Images/TransformedImages/bubbles_4-C.jpeg
2026-03-15 12:48:47,200 - INFO - [pipeline.py:136] - "MeltMorphTransformer","intensity=0.50"
2026-03-15 12:48:47,245 - INFO - [pipeline.py:136] - "DataMoshTransformer","intensity=0.02"
2026-03-15 12:48:47,260 - INFO - [pipeline.py:136] - "PosterizationTransformer","levels=4"
2026-03-15 12:48:47,301 - INFO - [pipeline.py:136] - "SwirlWarpTransformer","strength=1.50"
2026-03-15 12:48:47,322 - INFO - [pipeline.py:248] - [Grade: C] Saved to: /Users/kenfasano/Scripts/ScreenArt/Images/TransformedImages/bubbles_8-C.jpeg
2026-03-15 12:48:47,380 - INFO - [pipeline.py:136] - "HalftoneTransformer","size=2"
2026-03-15 12:48:47,408 - INFO - [pipeline.py:136] - "GlitchWarpTransformer","intensity=0.01"
2026-03-15 12:48:47,425 - INFO - [pipeline.py:136] - "ColormapTransformer","map=hsv"
2026-03-15 12:48:47,443 - INFO - [pipeline.py:248] - [Grade: F] Saved to: /Users/kenfasano/Scripts/ScreenArt/Images/Rejected/bubbles_9-F.jpeg
2026-03-15 12:48:47,509 - INFO - [pipeline.py:136] - "FlipWilsonTransformer","keep=left,narrow=0.39"
2026-03-15 12:48:47,548 - INFO - [pipeline.py:136] - "DataMoshTransformer","intensity=0.01"
2026-03-15 12:48:47,567 - INFO - [pipeline.py:248] - [Grade: C] Saved to: /Users/kenfasano/Scripts/ScreenArt/Images/TransformedImages/bubbles_5-C.jpeg
2026-03-15 12:48:47,812 - INFO - [pipeline.py:136] - "WatercolorTransformer","scale=0.85,style=psychedelic"
2026-03-15 12:48:47,848 - INFO - [pipeline.py:136] - "WheelTransformer","blend=normal,copies=4"
2026-03-15 12:48:47,866 - INFO - [pipeline.py:248] - [Grade: C] Saved to: /Users/kenfasano/Scripts/ScreenArt/Images/TransformedImages/bubbles_2-C.jpeg
2026-03-15 12:48:47,915 - INFO - [pipeline.py:136] - "FractalWarpTransformer","iter=1,scale=0.05"
2026-03-15 12:48:47,949 - INFO - [pipeline.py:136] - "FluidWarpTransformer","alpha=2.84,sigma=1.65"
2026-03-15 12:48:47,967 - INFO - [pipeline.py:136] - "RadialWarpTransformer","radius=0.25,strength=110.01404329536747,style=push"
2026-03-15 12:48:48,024 - INFO - [pipeline.py:136] - "MeltMorphTransformer","intensity=0.50"
2026-03-15 12:48:48,043 - INFO - [pipeline.py:248] - [Grade: A] Saved to: /Users/kenfasano/Scripts/ScreenArt/Images/TransformedImages/bubbles_3-A.jpeg
2026-03-15 12:48:48,451 - INFO - [pipeline.py:136] - "PixelSortTransformer","direction=cols,high=0.56,low=0.28,sort_key=saturation"
2026-03-15 12:48:48,464 - INFO - [pipeline.py:136] - "PosterizationTransformer","levels=4"
2026-03-15 12:48:48,495 - INFO - [pipeline.py:136] - "FisheyeTransformer","shape=oval,strength=0.71,zoom=1.04"
2026-03-15 12:48:48,515 - INFO - [pipeline.py:248] - [Grade: C] Saved to: /Users/kenfasano/Scripts/ScreenArt/Images/TransformedImages/bubbles_10-C.jpeg
2026-03-15 12:48:48,537 - INFO - [pipeline.py:136] - "PosterizationTransformer","levels=4"
2026-03-15 12:48:48,556 - INFO - [pipeline.py:248] - [Grade: C] Saved to: /Users/kenfasano/Scripts/ScreenArt/Images/TransformedImages/bubbles_1-C.jpeg
2026-03-15 12:48:48,623 - INFO - [pipeline.py:136] - "FlipWilsonTransformer","keep=left,narrow=0.39"
2026-03-15 12:48:48,678 - INFO - [pipeline.py:136] - "MeltMorphTransformer","intensity=0.50"
2026-03-15 12:48:48,727 - INFO - [pipeline.py:136] - "HalftoneTransformer","size=2"
2026-03-15 12:48:48,745 - INFO - [pipeline.py:248] - [Grade: F] Saved to: /Users/kenfasano/Scripts/ScreenArt/Images/Rejected/bubbles_6-F.jpeg
2026-03-15 12:48:48,789 - INFO - [pipeline.py:136] - "FractalWarpTransformer","iter=1,scale=0.05"
2026-03-15 12:48:48,833 - INFO - [pipeline.py:136] - "SwirlWarpTransformer","strength=1.50"
2026-03-15 12:48:48,854 - INFO - [pipeline.py:248] - [Grade: C] Saved to: /Users/kenfasano/Scripts/ScreenArt/Images/TransformedImages/bubbles_7-C.jpeg
2026-03-15 12:48:48,931 - INFO - [pipeline.py:136] - "MeltMorphTransformer","intensity=0.50"
2026-03-15 12:48:48,953 - INFO - [pipeline.py:136] - "RadialWarpTransformer","radius=0.25,strength=115.62606899729639,45.158627915926814,style=push,push"
2026-03-15 12:48:49,243 - INFO - [pipeline.py:136] - "WatercolorTransformer","scale=0.85,style=psychedelic"
2026-03-15 12:48:49,262 - INFO - [pipeline.py:248] - [Grade: B] Saved to: /Users/kenfasano/Scripts/ScreenArt/Images/TransformedImages/cubes_2-B.jpeg
2026-03-15 12:48:49,327 - INFO - [pipeline.py:136] - "HalftoneTransformer","size=2"
2026-03-15 12:48:49,391 - INFO - [pipeline.py:136] - "FluidWarpTransformer","alpha=14.94,sigma=6.90"
2026-03-15 12:48:49,432 - INFO - [pipeline.py:136] - "ChromaticAberrationTransformer","angle=166.90,edge_fade=1,shift=6.10"
2026-03-15 12:48:49,453 - INFO - [pipeline.py:248] - [Grade: C] Saved to: /Users/kenfasano/Scripts/ScreenArt/Images/TransformedImages/cubes_3-C.jpeg
2026-03-15 12:48:49,501 - INFO - [pipeline.py:136] - "DataMoshTransformer","intensity=0.01"
2026-03-15 12:48:49,531 - INFO - [pipeline.py:136] - "FisheyeTransformer","shape=oval,strength=0.62,zoom=0.86"
2026-03-15 12:48:49,549 - INFO - [pipeline.py:248] - [Grade: A] Saved to: /Users/kenfasano/Scripts/ScreenArt/Images/TransformedImages/cubes_4-A.jpeg
2026-03-15 12:48:49,609 - INFO - [pipeline.py:136] - "KaleidoscopeTransformer","cx_off=-0.14,cy_off=0.05,segments=8"
2026-03-15 12:48:49,628 - INFO - [pipeline.py:248] - [Grade: A] Saved to: /Users/kenfasano/Scripts/ScreenArt/Images/TransformedImages/cubes_5-A.jpeg
2026-03-15 12:48:49,759 - INFO - [pipeline.py:136] - "OilPaintingTransformer","dyn_ratio=3,size=4"
2026-03-15 12:48:49,815 - INFO - [pipeline.py:136] - "KaleidoscopeTransformer","cx_off=-0.09,cy_off=0.12,segments=6"
2026-03-15 12:48:49,834 - INFO - [pipeline.py:248] - [Grade: A] Saved to: /Users/kenfasano/Scripts/ScreenArt/Images/TransformedImages/cubes_6-A.jpeg
2026-03-15 12:48:49,878 - INFO - [pipeline.py:136] - "WheelTransformer","blend=normal,copies=4"
2026-03-15 12:48:49,931 - INFO - [pipeline.py:136] - "HalftoneTransformer","size=2"
2026-03-15 12:48:49,971 - INFO - [pipeline.py:136] - "SwirlWarpTransformer","strength=1.50"
2026-03-15 12:48:49,988 - INFO - [pipeline.py:248] - [Grade: A] Saved to: /Users/kenfasano/Scripts/ScreenArt/Images/TransformedImages/cubes_1-A.jpeg
2026-03-15 12:48:50,011 - INFO - [pipeline.py:136] - "FluidWarpTransformer","alpha=8.94,sigma=7.25"
2026-03-15 12:48:50,141 - INFO - [pipeline.py:136] - "VoronoiTransformer","edge_blend=1,num_points=271"
2026-03-15 12:48:50,147 - INFO - [pipeline.py:136] - "ColormapTransformer","map=ocean"
2026-03-15 12:48:50,155 - INFO - [pipeline.py:248] - [Grade: A] Saved to: /Users/kenfasano/Scripts/ScreenArt/Images/TransformedImages/crabmosaic_hst-A.jpg
2026-03-15 12:48:50,179 - INFO - [pipeline.py:136] - "ThermalImagingTransformer","thermal=True"
2026-03-15 12:48:50,209 - INFO - [pipeline.py:248] - [Grade: A] Saved to: /Users/kenfasano/Scripts/ScreenArt/Images/TransformedImages/2023-11-17-1617_1632-Jupiter_Stereo1200-A.png
2026-03-15 12:48:50,221 - INFO - [pipeline.py:136] - "DataMoshTransformer","intensity=0.02"
2026-03-15 12:48:50,227 - INFO - [pipeline.py:248] - [Grade: A] Saved to: /Users/kenfasano/Scripts/ScreenArt/Images/TransformedImages/PhasesVenusAddis-A.jpg
2026-03-15 12:48:50,238 - INFO - [pipeline.py:136] - "ColormapTransformer","map=summer"
2026-03-15 12:48:50,251 - INFO - [pipeline.py:136] - "WheelTransformer","blend=normal,copies=4"
2026-03-15 12:48:50,259 - INFO - [pipeline.py:136] - "FisheyeTransformer","shape=oval,strength=0.51,zoom=0.93"
2026-03-15 12:48:50,276 - INFO - [pipeline.py:136] - "FractalWarpTransformer","iter=1,scale=0.05"
2026-03-15 12:48:50,287 - INFO - [pipeline.py:248] - [Grade: A] Saved to: /Users/kenfasano/Scripts/ScreenArt/Images/TransformedImages/m82SNchandra_BandA-A.jpg
2026-03-15 12:48:50,319 - INFO - [pipeline.py:136] - "SwirlWarpTransformer","strength=1.50"
2026-03-15 12:48:50,394 - INFO - [pipeline.py:136] - "PixelSortTransformer","direction=rows,high=0.86,low=0.27,sort_key=blue"
2026-03-15 12:48:50,422 - INFO - [pipeline.py:136] - "FlipWilsonTransformer","keep=left,narrow=0.39"
2026-03-15 12:48:50,433 - INFO - [pipeline.py:248] - [Grade: A] Saved to: /Users/kenfasano/Scripts/ScreenArt/Images/TransformedImages/tornado_nguyen_900-A.jpg
2026-03-15 12:48:50,445 - INFO - [pipeline.py:136] - "WheelTransformer","blend=normal,copies=4"
2026-03-15 12:48:50,505 - INFO - [pipeline.py:136] - "WatercolorTransformer","scale=0.85,style=psychedelic"
2026-03-15 12:48:50,511 - INFO - [pipeline.py:248] - [Grade: A] Saved to: /Users/kenfasano/Scripts/ScreenArt/Images/TransformedImages/hubblefloat_sts125-A.jpg
2026-03-15 12:48:50,516 - INFO - [pipeline.py:136] - "ColormapTransformer","map=hot"
2026-03-15 12:48:50,520 - INFO - [pipeline.py:248] - [Grade: A] Saved to: /Users/kenfasano/Scripts/ScreenArt/Images/TransformedImages/gcenter_cxcrgb_c1-A.jpg
2026-03-15 12:48:50,527 - INFO - [pipeline.py:136] - "PosterizationTransformer","levels=4"
2026-03-15 12:48:50,583 - INFO - [pipeline.py:136] - "WatercolorTransformer","scale=0.85,style=monet"
2026-03-15 12:48:50,595 - INFO - [pipeline.py:136] - "HalftoneTransformer","size=2"
2026-03-15 12:48:50,623 - INFO - [pipeline.py:136] - "OilPaintingTransformer","dyn_ratio=8,size=5"
2026-03-15 12:48:50,628 - INFO - [pipeline.py:248] - [Grade: A] Saved to: /Users/kenfasano/Scripts/ScreenArt/Images/TransformedImages/monumentvalley_pacholka_1080-A.jpg
2026-03-15 12:48:50,635 - INFO - [pipeline.py:136] - "RadialWarpTransformer","radius=0.25,strength=101.20437530904289,110.42098309911773,43.58026332452118,style=push,push,pull"
2026-03-15 12:48:50,663 - INFO - [pipeline.py:136] - "VoronoiTransformer","edge_blend=1,num_points=118"
2026-03-15 12:48:50,667 - INFO - [pipeline.py:136] - "FisheyeTransformer","shape=circle,strength=0.69,zoom=1.12"
2026-03-15 12:48:50,675 - INFO - [pipeline.py:136] - "FlipWilsonTransformer","keep=left,narrow=0.39"
2026-03-15 12:48:50,680 - INFO - [pipeline.py:248] - [Grade: A] Saved to: /Users/kenfasano/Scripts/ScreenArt/Images/TransformedImages/zodiacal_seip_unlabelled-A.jpg
2026-03-15 12:48:50,703 - INFO - [pipeline.py:136] - "OilPaintingTransformer","dyn_ratio=4,size=7"
2026-03-15 12:48:50,706 - INFO - [pipeline.py:248] - [Grade: F] Saved to: /Users/kenfasano/Scripts/ScreenArt/Images/Rejected/hudf_hst-F.jpg
2026-03-15 12:48:50,723 - INFO - [pipeline.py:136] - "PosterizationTransformer","levels=4"
2026-03-15 12:48:50,731 - INFO - [pipeline.py:248] - [Grade: A] Saved to: /Users/kenfasano/Scripts/ScreenArt/Images/TransformedImages/CuriositySol997_2a_KenKremer1280x600-A.jpg
2026-03-15 12:48:50,758 - INFO - [pipeline.py:136] - "PosterizationTransformer","levels=4"
2026-03-15 12:48:50,788 - INFO - [pipeline.py:136] - "FluidWarpTransformer","alpha=0.65,sigma=0.72"
2026-03-15 12:48:51,070 - INFO - [pipeline.py:136] - "PixelSortTransformer","direction=rows,high=0.59,low=0.17,sort_key=brightness"
2026-03-15 12:48:51,092 - INFO - [pipeline.py:248] - [Grade: A] Saved to: /Users/kenfasano/Scripts/ScreenArt/Images/TransformedImages/nasa_earth_3_London_Vegetation_False_Color-A.jpeg
2026-03-15 12:48:51,114 - INFO - [pipeline.py:136] - "RadialWarpTransformer","radius=0.25,strength=43.72748615259884,style=pull"
2026-03-15 12:48:51,153 - INFO - [pipeline.py:136] - "DataMoshTransformer","intensity=0.01"
2026-03-15 12:48:51,169 - INFO - [pipeline.py:248] - [Grade: F] Saved to: /Users/kenfasano/Scripts/ScreenArt/Images/Rejected/nasa_earth_2_Mumbai_Night_Lights-F.jpeg
2026-03-15 12:48:51,219 - INFO - [pipeline.py:136] - "FluidWarpTransformer","alpha=9.97,sigma=5.16"
2026-03-15 12:48:51,258 - INFO - [pipeline.py:136] - "SwirlWarpTransformer","strength=1.50"
2026-03-15 12:48:51,291 - INFO - [pipeline.py:136] - "WheelTransformer","blend=normal,copies=4"
2026-03-15 12:48:51,317 - INFO - [pipeline.py:136] - "ChromaticAberrationTransformer","angle=105.60,edge_fade=1,shift=9.50"
2026-03-15 12:48:51,334 - INFO - [pipeline.py:248] - [Grade: A] Saved to: /Users/kenfasano/Scripts/ScreenArt/Images/TransformedImages/nasa_earth_4_Lagos_Surface_Temp_Day-A.jpeg
2026-03-15 12:48:51,418 - INFO - [pipeline.py:136] - "KaleidoscopeTransformer","cx_off=-0.12,cy_off=0.19,segments=6"
2026-03-15 12:48:51,662 - INFO - [pipeline.py:136] - "WatercolorTransformer","scale=0.85,style=psychedelic"
2026-03-15 12:48:51,679 - INFO - [pipeline.py:248] - [Grade: F] Saved to: /Users/kenfasano/Scripts/ScreenArt/Images/Rejected/nasa_earth_1_Moscow_True_Color-F.jpeg
2026-03-15 12:48:51,712 - INFO - [pipeline.py:136] - "FluidWarpTransformer","alpha=19.69,sigma=1.04"
2026-03-15 12:48:51,728 - INFO - [pipeline.py:248] - [Grade: B] Saved to: /Users/kenfasano/Scripts/ScreenArt/Images/TransformedImages/noaa_goes_1_se_Sandwich_RGB-B.jpeg
2026-03-15 12:48:51,770 - INFO - [pipeline.py:136] - "PosterizationTransformer","levels=4"
2026-03-15 12:48:52,025 - INFO - [pipeline.py:136] - "WatercolorTransformer","scale=0.85,style=monet"
2026-03-15 12:48:52,077 - INFO - [pipeline.py:136] - "SwirlWarpTransformer","strength=1.50"
2026-03-15 12:48:52,109 - INFO - [pipeline.py:136] - "RadialWarpTransformer","radius=0.25,strength=43.11456392910155,45.1817551468835,109.73612686765757,style=pull,push,push"
2026-03-15 12:48:52,130 - INFO - [pipeline.py:248] - [Grade: C] Saved to: /Users/kenfasano/Scripts/ScreenArt/Images/TransformedImages/ISS033-E-C.jpeg
2026-03-15 12:48:52,138 - INFO - [pipeline.py:136] - "RadialWarpTransformer","radius=0.25,strength=111.21068851747701,54.85900497577806,112.93990307102554,style=push,push,push"
2026-03-15 12:48:52,143 - INFO - [pipeline.py:248] - [Grade: A] Saved to: /Users/kenfasano/Scripts/ScreenArt/Images/TransformedImages/500px-Cord_812_-A.jpeg
2026-03-15 12:48:52,147 - INFO - [pipeline.py:136] - "FluidWarpTransformer","alpha=10.76,sigma=0.71"
2026-03-15 12:48:52,150 - INFO - [pipeline.py:248] - [Grade: A] Saved to: /Users/kenfasano/Scripts/ScreenArt/Images/TransformedImages/330px-Guezille_-A.jpeg
2026-03-15 12:48:52,199 - INFO - [pipeline.py:136] - "ChromaticAberrationTransformer","angle=90.90,edge_fade=1,shift=10.10"
2026-03-15 12:48:52,222 - INFO - [pipeline.py:136] - "PosterizationTransformer","levels=4"
2026-03-15 12:48:52,248 - INFO - [pipeline.py:248] - [Grade: A] Saved to: /Users/kenfasano/Scripts/ScreenArt/Images/TransformedImages/Visite_d-A.jpeg
2026-03-15 12:48:52,260 - INFO - [pipeline.py:136] - "OilPaintingTransformer","dyn_ratio=2,size=5"
2026-03-15 12:48:52,264 - INFO - [pipeline.py:136] - "SwirlWarpTransformer","strength=1.50"
2026-03-15 12:48:52,269 - INFO - [pipeline.py:136] - "FlipWilsonTransformer","keep=left,narrow=0.39"
2026-03-15 12:48:52,272 - INFO - [pipeline.py:136] - "FractalWarpTransformer","iter=1,scale=0.05"
2026-03-15 12:48:52,275 - INFO - [pipeline.py:248] - [Grade: B] Saved to: /Users/kenfasano/Scripts/ScreenArt/Images/TransformedImages/155._125_лет_со-B.jpeg
2026-03-15 12:48:52,359 - INFO - [pipeline.py:136] - "SwirlWarpTransformer","strength=1.50"
2026-03-15 12:48:52,386 - INFO - [pipeline.py:248] - [Grade: A] Saved to: /Users/kenfasano/Scripts/ScreenArt/Images/TransformedImages/USS_Stem-A.jpeg
2026-03-15 12:48:52,437 - INFO - [pipeline.py:136] - "ThermalImagingTransformer","thermal=True"
2026-03-15 12:48:52,451 - INFO - [pipeline.py:136] - "ColormapTransformer","map=pink"
2026-03-15 12:48:52,472 - INFO - [pipeline.py:248] - [Grade: A] Saved to: /Users/kenfasano/Scripts/ScreenArt/Images/TransformedImages/lojong_2-A-scatter.jpeg
2026-03-15 12:48:52,508 - INFO - [pipeline.py:136] - "RadialWarpTransformer","radius=0.25,strength=124.95128481565585,60.15371994472691,57.0101210516258,style=push,push,pull"
2026-03-15 12:48:52,527 - INFO - [pipeline.py:248] - [Grade: A] Saved to: /Users/kenfasano/Scripts/ScreenArt/Images/TransformedImages/lojong_3-A-scatter.jpeg
2026-03-15 12:48:52,896 - INFO - [pipeline.py:136] - "PixelSortTransformer","direction=rows,high=0.87,low=0.07,sort_key=saturation"
2026-03-15 12:48:53,003 - INFO - [pipeline.py:136] - "OilPaintingTransformer","dyn_ratio=2,size=3"
2026-03-15 12:48:53,017 - INFO - [pipeline.py:136] - "ColormapTransformer","map=autumn"
2026-03-15 12:48:53,053 - INFO - [pipeline.py:136] - "FractalWarpTransformer","iter=1,scale=0.05"
2026-03-15 12:48:53,072 - INFO - [pipeline.py:248] - [Grade: A] Saved to: /Users/kenfasano/Scripts/ScreenArt/Images/TransformedImages/lojong_8-A-columns.jpeg
2026-03-15 12:48:53,120 - INFO - [pipeline.py:136] - "DataMoshTransformer","intensity=0.02"
2026-03-15 12:48:53,158 - INFO - [pipeline.py:136] - "ThermalImagingTransformer","thermal=True"
2026-03-15 12:48:53,241 - INFO - [pipeline.py:136] - "PixelSortTransformer","direction=rows,high=0.65,low=0.15,sort_key=brightness"
2026-03-15 12:48:53,261 - INFO - [pipeline.py:248] - [Grade: A] Saved to: /Users/kenfasano/Scripts/ScreenArt/Images/TransformedImages/lojong_4-A-columns.jpeg
2026-03-15 12:48:53,623 - INFO - [pipeline.py:136] - "VoronoiTransformer","edge_blend=1,num_points=275"
2026-03-15 12:48:53,661 - INFO - [pipeline.py:136] - "SwirlWarpTransformer","strength=1.50"
2026-03-15 12:48:53,719 - INFO - [pipeline.py:136] - "FlipWilsonTransformer","keep=left,narrow=0.39"
2026-03-15 12:48:53,739 - INFO - [pipeline.py:248] - [Grade: A] Saved to: /Users/kenfasano/Scripts/ScreenArt/Images/TransformedImages/lojong_5-A-columns.jpeg
2026-03-15 12:48:53,763 - INFO - [pipeline.py:136] - "RadialWarpTransformer","radius=0.25,strength=87.83224216988529,style=pull"
2026-03-15 12:48:53,814 - INFO - [pipeline.py:136] - "FluidWarpTransformer","alpha=13.72,sigma=7.51"
2026-03-15 12:48:53,849 - INFO - [pipeline.py:136] - "WheelTransformer","blend=normal,copies=4"
2026-03-15 12:48:53,867 - INFO - [pipeline.py:248] - [Grade: A] Saved to: /Users/kenfasano/Scripts/ScreenArt/Images/TransformedImages/lojong_9-A-tile.jpeg
2026-03-15 12:48:53,903 - INFO - [pipeline.py:136] - "GlitchWarpTransformer","intensity=0.01"
2026-03-15 12:48:53,950 - INFO - [pipeline.py:136] - "HalftoneTransformer","size=2"
2026-03-15 12:48:53,963 - INFO - [pipeline.py:136] - "ColormapTransformer","map=pink"
2026-03-15 12:48:53,980 - INFO - [pipeline.py:248] - [Grade: C] Saved to: /Users/kenfasano/Scripts/ScreenArt/Images/TransformedImages/lojong_6-C-scatter.jpeg
2026-03-15 12:48:54,015 - INFO - [pipeline.py:136] - "GlitchWarpTransformer","intensity=0.01"
2026-03-15 12:48:54,048 - INFO - [pipeline.py:136] - "WheelTransformer","blend=normal,copies=4"
2026-03-15 12:48:54,083 - INFO - [pipeline.py:136] - "ThermalImagingTransformer","thermal=True"
2026-03-15 12:48:54,102 - INFO - [pipeline.py:248] - [Grade: C] Saved to: /Users/kenfasano/Scripts/ScreenArt/Images/TransformedImages/lojong_7-C-hero.jpeg
2026-03-15 12:48:54,339 - INFO - [pipeline.py:136] - "WatercolorTransformer","scale=0.85,style=psychedelic"
2026-03-15 12:48:54,360 - INFO - [pipeline.py:248] - [Grade: F] Saved to: /Users/kenfasano/Scripts/ScreenArt/Images/Rejected/lojong_0-F-columns.jpeg
2026-03-15 12:48:54,407 - INFO - [pipeline.py:136] - "ThermalImagingTransformer","thermal=True"
2026-03-15 12:48:54,454 - INFO - [pipeline.py:136] - "HalftoneTransformer","size=2"
2026-03-15 12:48:54,473 - INFO - [pipeline.py:248] - [Grade: B] Saved to: /Users/kenfasano/Scripts/ScreenArt/Images/TransformedImages/lojong_1-B-columns.jpeg
2026-03-15 12:48:54,779 - INFO - [pipeline.py:136] - "VoronoiTransformer","edge_blend=1,num_points=228"
2026-03-15 12:48:54,815 - INFO - [pipeline.py:136] - "FluidWarpTransformer","alpha=0.07,sigma=3.15"
2026-03-15 12:48:54,958 - INFO - [pipeline.py:136] - "PixelSortTransformer","direction=rows,high=0.59,low=0.26,sort_key=brightness"
2026-03-15 12:48:54,971 - INFO - [pipeline.py:136] - "PosterizationTransformer","levels=4"
2026-03-15 12:48:54,990 - INFO - [pipeline.py:248] - [Grade: A] Saved to: /Users/kenfasano/Scripts/ScreenArt/Images/TransformedImages/psalms_76-A-columns.jpeg
2026-03-15 12:48:55,035 - INFO - [pipeline.py:136] - "DataMoshTransformer","intensity=0.01"
2026-03-15 12:48:55,063 - INFO - [pipeline.py:136] - "GlitchWarpTransformer","intensity=0.01"
2026-03-15 12:48:55,082 - INFO - [pipeline.py:248] - [Grade: C] Saved to: /Users/kenfasano/Scripts/ScreenArt/Images/TransformedImages/psalms_147-C-tile.jpeg
2026-03-15 12:48:55,144 - INFO - [pipeline.py:136] - "MeltMorphTransformer","intensity=0.50"
2026-03-15 12:48:55,169 - INFO - [pipeline.py:136] - "ChromaticAberrationTransformer","angle=173.70,edge_fade=1,shift=10.10"
2026-03-15 12:48:55,220 - INFO - [pipeline.py:136] - "KaleidoscopeTransformer","cx_off=-0.14,cy_off=-0.07,segments=8"
2026-03-15 12:48:55,267 - INFO - [pipeline.py:136] - "HalftoneTransformer","size=2"
2026-03-15 12:48:55,284 - INFO - [pipeline.py:248] - [Grade: F] Saved to: /Users/kenfasano/Scripts/ScreenArt/Images/Rejected/psalms_84-F-hero.jpeg
2026-03-15 12:48:55,326 - INFO - [pipeline.py:136] - "FractalWarpTransformer","iter=1,scale=0.05"
2026-03-15 12:48:55,349 - INFO - [pipeline.py:136] - "RadialWarpTransformer","radius=0.25,strength=92.61075150793772,126.51802065132077,102.30676401468648,style=pull,push,push"
2026-03-15 12:48:55,367 - INFO - [pipeline.py:248] - [Grade: A] Saved to: /Users/kenfasano/Scripts/ScreenArt/Images/TransformedImages/psalms_71-A-hero.jpeg
2026-03-15 12:48:55,414 - INFO - [pipeline.py:136] - "SwirlWarpTransformer","strength=1.50"
2026-03-15 12:48:55,453 - INFO - [pipeline.py:136] - "FractalWarpTransformer","iter=1,scale=0.05"
2026-03-15 12:48:55,472 - INFO - [pipeline.py:248] - [Grade: A] Saved to: /Users/kenfasano/Scripts/ScreenArt/Images/TransformedImages/psalms_6-A-tile.jpeg
2026-03-15 12:48:55,632 - INFO - [pipeline.py:136] - "PixelSortTransformer","direction=rows,high=0.88,low=0.09,sort_key=blue"
2026-03-15 12:48:55,672 - INFO - [pipeline.py:136] - "SwirlWarpTransformer","strength=1.50"
2026-03-15 12:48:55,730 - INFO - [pipeline.py:136] - "FlipWilsonTransformer","keep=left,narrow=0.39"
2026-03-15 12:48:55,751 - INFO - [pipeline.py:248] - [Grade: C] Saved to: /Users/kenfasano/Scripts/ScreenArt/Images/TransformedImages/psalms_86-C-scatter.jpeg
2026-03-15 12:48:55,774 - INFO - [pipeline.py:136] - "ColormapTransformer","map=pink"
2026-03-15 12:48:55,927 - INFO - [pipeline.py:136] - "PixelSortTransformer","direction=rows,high=0.63,low=0.32,sort_key=red"
2026-03-15 12:48:55,955 - INFO - [pipeline.py:136] - "GlitchWarpTransformer","intensity=0.01"
2026-03-15 12:48:55,977 - INFO - [pipeline.py:248] - [Grade: C] Saved to: /Users/kenfasano/Scripts/ScreenArt/Images/TransformedImages/psalms_90-C-columns.jpeg
2026-03-15 12:48:56,117 - INFO - [pipeline.py:136] - "PixelSortTransformer","direction=rows,high=0.74,low=0.19,sort_key=brightness"
2026-03-15 12:48:56,156 - INFO - [pipeline.py:136] - "SwirlWarpTransformer","strength=1.50"
2026-03-15 12:48:56,177 - INFO - [pipeline.py:248] - [Grade: F] Saved to: /Users/kenfasano/Scripts/ScreenArt/Images/Rejected/psalms_4-F-columns.jpeg
2026-03-15 12:48:56,240 - INFO - [pipeline.py:136] - "MeltMorphTransformer","intensity=0.50"
2026-03-15 12:48:56,276 - INFO - [pipeline.py:136] - "FractalWarpTransformer","iter=1,scale=0.05"
2026-03-15 12:48:56,315 - INFO - [pipeline.py:136] - "ThermalImagingTransformer","thermal=True"
2026-03-15 12:48:56,343 - INFO - [pipeline.py:136] - "GlitchWarpTransformer","intensity=0.01"
2026-03-15 12:48:56,362 - INFO - [pipeline.py:248] - [Grade: B] Saved to: /Users/kenfasano/Scripts/ScreenArt/Images/TransformedImages/psalms_74-B-scatter.jpeg
2026-03-15 12:48:56,389 - INFO - [pipeline.py:136] - "PosterizationTransformer","levels=4"
2026-03-15 12:48:56,436 - INFO - [pipeline.py:136] - "HalftoneTransformer","size=2"
2026-03-15 12:48:56,543 - INFO - [pipeline.py:136] - "PixelSortTransformer","direction=cols,high=0.83,low=0.10,sort_key=green"
2026-03-15 12:48:56,568 - INFO - [pipeline.py:136] - "ChromaticAberrationTransformer","angle=273.50,edge_fade=1,shift=14.10"
2026-03-15 12:48:56,590 - INFO - [pipeline.py:248] - [Grade: A] Saved to: /Users/kenfasano/Scripts/ScreenArt/Images/TransformedImages/psalms_75-A-tile.jpeg
2026-03-15 12:48:56,678 - INFO - [pipeline.py:136] - "PixelSortTransformer","direction=cols,high=0.77,low=0.22,sort_key=brightness"
2026-03-15 12:48:56,685 - INFO - [pipeline.py:136] - "FisheyeTransformer","shape=circle,strength=0.29,zoom=0.90"
2026-03-15 12:48:56,690 - INFO - [pipeline.py:136] - "ColormapTransformer","map=cool"
2026-03-15 12:48:56,698 - INFO - [pipeline.py:248] - [Grade: C] Saved to: /Users/kenfasano/Scripts/ScreenArt/Images/TransformedImages/peripheral_drift_18-C.jpeg
2026-03-15 12:48:56,712 - INFO - [pipeline.py:136] - "FractalWarpTransformer","iter=1,scale=0.05"
2026-03-15 12:48:56,748 - INFO - [pipeline.py:136] - "OilPaintingTransformer","dyn_ratio=1,size=6"
2026-03-15 12:48:56,760 - INFO - [pipeline.py:136] - "FluidWarpTransformer","alpha=7.22,sigma=5.39"
2026-03-15 12:48:56,767 - INFO - [pipeline.py:136] - "RadialWarpTransformer","radius=0.25,strength=56.484950105955036,style=pull"
2026-03-15 12:48:56,773 - INFO - [pipeline.py:248] - [Grade: A] Saved to: /Users/kenfasano/Scripts/ScreenArt/Images/TransformedImages/peripheral_drift_2-A.jpeg
2026-03-15 12:48:56,789 - INFO - [pipeline.py:136] - "FractalWarpTransformer","iter=1,scale=0.05"
2026-03-15 12:48:56,794 - INFO - [pipeline.py:136] - "ColormapTransformer","map=bone"
2026-03-15 12:48:56,798 - INFO - [pipeline.py:136] - "PosterizationTransformer","levels=4"
2026-03-15 12:48:56,804 - INFO - [pipeline.py:248] - [Grade: C] Saved to: /Users/kenfasano/Scripts/ScreenArt/Images/TransformedImages/peripheral_drift_14-C.jpeg
2026-03-15 12:48:56,823 - INFO - [pipeline.py:136] - "HalftoneTransformer","size=2"
2026-03-15 12:48:56,828 - INFO - [pipeline.py:136] - "ColormapTransformer","map=winter"
2026-03-15 12:48:56,841 - INFO - [pipeline.py:136] - "SwirlWarpTransformer","strength=1.50"
2026-03-15 12:48:56,880 - INFO - [pipeline.py:136] - "OilPaintingTransformer","dyn_ratio=4,size=5"
2026-03-15 12:48:56,887 - INFO - [pipeline.py:248] - [Grade: A] Saved to: /Users/kenfasano/Scripts/ScreenArt/Images/TransformedImages/peripheral_drift_15-A.jpeg
2026-03-15 12:48:56,901 - INFO - [pipeline.py:136] - "WheelTransformer","blend=normal,copies=4"
2026-03-15 12:48:56,934 - INFO - [pipeline.py:136] - "PixelSortTransformer","direction=rows,high=0.64,low=0.11,sort_key=red"
2026-03-15 12:48:56,969 - INFO - [pipeline.py:136] - "OilPaintingTransformer","dyn_ratio=1,size=6"
2026-03-15 12:48:56,977 - INFO - [pipeline.py:248] - [Grade: A] Saved to: /Users/kenfasano/Scripts/ScreenArt/Images/TransformedImages/peripheral_drift_3-A.jpeg
2026-03-15 12:48:56,988 - INFO - [pipeline.py:136] - "ChromaticAberrationTransformer","angle=47.80,edge_fade=1,shift=7.90"
2026-03-15 12:48:56,995 - INFO - [pipeline.py:248] - [Grade: A] Saved to: /Users/kenfasano/Scripts/ScreenArt/Images/TransformedImages/peripheral_drift_19-A.jpeg
2026-03-15 12:48:57,017 - INFO - [pipeline.py:136] - "FlipWilsonTransformer","keep=left,narrow=0.39"
2026-03-15 12:48:57,031 - INFO - [pipeline.py:136] - "HalftoneTransformer","size=2"
2026-03-15 12:48:57,037 - INFO - [pipeline.py:248] - [Grade: A] Saved to: /Users/kenfasano/Scripts/ScreenArt/Images/TransformedImages/peripheral_drift_12-A.jpeg
2026-03-15 12:48:57,054 - INFO - [pipeline.py:136] - "HalftoneTransformer","size=2"
2026-03-15 12:48:57,066 - INFO - [pipeline.py:136] - "ThermalImagingTransformer","thermal=True"
2026-03-15 12:48:57,072 - INFO - [pipeline.py:248] - [Grade: A] Saved to: /Users/kenfasano/Scripts/ScreenArt/Images/TransformedImages/peripheral_drift_8-A.jpeg
2026-03-15 12:48:57,149 - INFO - [pipeline.py:136] - "VoronoiTransformer","edge_blend=1,num_points=170"
2026-03-15 12:48:57,155 - INFO - [pipeline.py:136] - "RadialWarpTransformer","radius=0.25,strength=38.95520082098015,style=push"
2026-03-15 12:48:57,160 - INFO - [pipeline.py:136] - "ColormapTransformer","map=spring"
2026-03-15 12:48:57,198 - INFO - [pipeline.py:136] - "PixelSortTransformer","direction=rows,high=0.64,low=0.34,sort_key=brightness"
2026-03-15 12:48:57,207 - INFO - [pipeline.py:248] - [Grade: A] Saved to: /Users/kenfasano/Scripts/ScreenArt/Images/TransformedImages/peripheral_drift_4-A.jpeg
2026-03-15 12:48:57,222 - INFO - [pipeline.py:136] - "ThermalImagingTransformer","thermal=True"
2026-03-15 12:48:57,228 - INFO - [pipeline.py:248] - [Grade: C] Saved to: /Users/kenfasano/Scripts/ScreenArt/Images/TransformedImages/peripheral_drift_5-C.jpeg
2026-03-15 12:48:57,322 - INFO - [pipeline.py:136] - "VoronoiTransformer","edge_blend=1,num_points=217"
2026-03-15 12:48:57,336 - INFO - [pipeline.py:136] - "HalftoneTransformer","size=2"
2026-03-15 12:48:57,346 - INFO - [pipeline.py:136] - "WheelTransformer","blend=normal,copies=4"
2026-03-15 12:48:57,350 - INFO - [pipeline.py:136] - "PosterizationTransformer","levels=4"
2026-03-15 12:48:57,356 - INFO - [pipeline.py:248] - [Grade: A] Saved to: /Users/kenfasano/Scripts/ScreenArt/Images/TransformedImages/peripheral_drift_9-A.jpeg
2026-03-15 12:48:57,377 - INFO - [pipeline.py:136] - "MeltMorphTransformer","intensity=0.50"
2026-03-15 12:48:57,388 - INFO - [pipeline.py:136] - "SwirlWarpTransformer","strength=1.50"
2026-03-15 12:48:57,395 - INFO - [pipeline.py:136] - "FisheyeTransformer","shape=circle,strength=0.42,zoom=0.91"
2026-03-15 12:48:57,408 - INFO - [pipeline.py:136] - "ThermalImagingTransformer","thermal=True"
2026-03-15 12:48:57,415 - INFO - [pipeline.py:248] - [Grade: A] Saved to: /Users/kenfasano/Scripts/ScreenArt/Images/TransformedImages/peripheral_drift_13-A.jpeg
2026-03-15 12:48:57,481 - INFO - [pipeline.py:136] - "PixelSortTransformer","direction=rows,high=0.70,low=0.08,sort_key=red"
2026-03-15 12:48:57,495 - INFO - [pipeline.py:136] - "HalftoneTransformer","size=2"
2026-03-15 12:48:57,506 - INFO - [pipeline.py:136] - "ThermalImagingTransformer","thermal=True"
2026-03-15 12:48:57,518 - INFO - [pipeline.py:136] - "DataMoshTransformer","intensity=0.02"
2026-03-15 12:48:57,525 - INFO - [pipeline.py:248] - [Grade: B] Saved to: /Users/kenfasano/Scripts/ScreenArt/Images/TransformedImages/peripheral_drift_10-B.jpeg
2026-03-15 12:48:57,540 - INFO - [pipeline.py:136] - "WheelTransformer","blend=normal,copies=4"
2026-03-15 12:48:57,549 - INFO - [pipeline.py:136] - "GlitchWarpTransformer","intensity=0.01"
2026-03-15 12:48:57,559 - INFO - [pipeline.py:136] - "FractalWarpTransformer","iter=1,scale=0.05"
2026-03-15 12:48:57,593 - INFO - [pipeline.py:136] - "OilPaintingTransformer","dyn_ratio=8,size=4"
2026-03-15 12:48:57,600 - INFO - [pipeline.py:248] - [Grade: A] Saved to: /Users/kenfasano/Scripts/ScreenArt/Images/TransformedImages/peripheral_drift_6-A.jpeg
2026-03-15 12:48:57,616 - INFO - [pipeline.py:136] - "DataMoshTransformer","intensity=0.02"
2026-03-15 12:48:57,629 - INFO - [pipeline.py:136] - "ThermalImagingTransformer","thermal=True"
2026-03-15 12:48:57,697 - INFO - [pipeline.py:136] - "WatercolorTransformer","scale=0.85,style=monet"
2026-03-15 12:48:57,705 - INFO - [pipeline.py:248] - [Grade: A] Saved to: /Users/kenfasano/Scripts/ScreenArt/Images/TransformedImages/peripheral_drift_7-A.jpeg
2026-03-15 12:48:57,719 - INFO - [pipeline.py:136] - "DataMoshTransformer","intensity=0.02"
2026-03-15 12:48:57,724 - INFO - [pipeline.py:136] - "ColormapTransformer","map=rainbow"
2026-03-15 12:48:57,742 - INFO - [pipeline.py:136] - "KaleidoscopeTransformer","cx_off=-0.00,cy_off=0.11,segments=8"
2026-03-15 12:48:57,750 - INFO - [pipeline.py:136] - "ChromaticAberrationTransformer","angle=219.80,edge_fade=1,shift=12.60"
2026-03-15 12:48:57,757 - INFO - [pipeline.py:248] - [Grade: A] Saved to: /Users/kenfasano/Scripts/ScreenArt/Images/TransformedImages/peripheral_drift_11-A.jpeg
2026-03-15 12:48:57,777 - INFO - [pipeline.py:136] - "FractalWarpTransformer","iter=1,scale=0.05"
2026-03-15 12:48:57,862 - INFO - [pipeline.py:136] - "WatercolorTransformer","scale=0.85,style=psychedelic"
2026-03-15 12:48:57,870 - INFO - [pipeline.py:136] - "GlitchWarpTransformer","intensity=0.01"
2026-03-15 12:48:57,878 - INFO - [pipeline.py:248] - [Grade: A] Saved to: /Users/kenfasano/Scripts/ScreenArt/Images/TransformedImages/peripheral_drift_20-A.jpeg
2026-03-15 12:48:57,891 - INFO - [pipeline.py:136] - "GlitchWarpTransformer","intensity=0.01"
2026-03-15 12:48:57,959 - INFO - [pipeline.py:136] - "WatercolorTransformer","scale=0.85,style=psychedelic"
2026-03-15 12:48:57,971 - INFO - [pipeline.py:136] - "DataMoshTransformer","intensity=0.02"
2026-03-15 12:48:58,048 - INFO - [pipeline.py:136] - "VoronoiTransformer","edge_blend=1,num_points=177"
2026-03-15 12:48:58,055 - INFO - [pipeline.py:248] - [Grade: A] Saved to: /Users/kenfasano/Scripts/ScreenArt/Images/TransformedImages/peripheral_drift_16-A.jpeg
2026-03-15 12:48:58,074 - INFO - [pipeline.py:136] - "KaleidoscopeTransformer","cx_off=-0.09,cy_off=0.17,segments=4"
2026-03-15 12:48:58,183 - INFO - [pipeline.py:136] - "VoronoiTransformer","edge_blend=1,num_points=260"
2026-03-15 12:48:58,190 - INFO - [pipeline.py:248] - [Grade: A] Saved to: /Users/kenfasano/Scripts/ScreenArt/Images/TransformedImages/peripheral_drift_17-A.jpeg
2026-03-15 12:48:58,205 - INFO - [pipeline.py:136] - "SwirlWarpTransformer","strength=1.50"
2026-03-15 12:48:58,212 - INFO - [pipeline.py:136] - "FisheyeTransformer","shape=oval,strength=0.60,zoom=1.06"
2026-03-15 12:48:58,220 - INFO - [pipeline.py:136] - "ChromaticAberrationTransformer","angle=50.70,edge_fade=1,shift=10.40"
2026-03-15 12:48:58,229 - INFO - [pipeline.py:136] - "GlitchWarpTransformer","intensity=0.01"
2026-03-15 12:48:58,236 - INFO - [pipeline.py:248] - [Grade: A] Saved to: /Users/kenfasano/Scripts/ScreenArt/Images/TransformedImages/peripheral_drift_1-A.jpeg
2026-03-15 12:48:58,237 - INFO - [main.py:188] - WatercolorTransformer
2026-03-15 12:48:58,237 - INFO - [main.py:188] - PixelSortTransformer
2026-03-15 12:48:58,237 - INFO - [main.py:188] - VoronoiTransformer
2026-03-15 12:48:58,237 - INFO - [main.py:188] - MeltMorphTransformer
2026-03-15 12:48:58,237 - INFO - [main.py:188] - OilPaintingTransformer
2026-03-15 12:48:58,237 - INFO - [main.py:188] - KaleidoscopeTransformer
2026-03-15 12:48:58,237 - INFO - [main.py:188] - FlipWilsonTransformer
2026-03-15 12:48:58,237 - INFO - [main.py:188] - HalftoneTransformer
2026-03-15 12:48:58,237 - INFO - [main.py:188] - SwirlWarpTransformer
2026-03-15 12:48:58,237 - INFO - [main.py:188] - FluidWarpTransformer
2026-03-15 12:48:58,237 - INFO - [main.py:188] - DataMoshTransformer
2026-03-15 12:48:58,237 - INFO - [main.py:188] - ThermalImagingTransformer
2026-03-15 12:48:58,237 - INFO - [main.py:188] - FractalWarpTransformer
2026-03-15 12:48:58,237 - INFO - [main.py:188] - WheelTransformer
2026-03-15 12:48:58,237 - INFO - [main.py:188] - ChromaticAberrationTransformer
2026-03-15 12:48:58,237 - INFO - [main.py:188] - GlitchWarpTransformer
2026-03-15 12:48:58,237 - INFO - [main.py:188] - RadialWarpTransformer
2026-03-15 12:48:58,237 - INFO - [main.py:188] - FisheyeTransformer
2026-03-15 12:48:58,237 - INFO - [main.py:188] - PosterizationTransformer
2026-03-15 12:48:58,237 - INFO - [main.py:188] - ColormapTransformer
2026-03-15 12:48:58,240 - INFO - [main.py:231] - 25s@12:48 ✓
Accepted: 70
Rejected: 8
---
Bible                      ->  5435ms
Wiki                       ->  2034ms
Lojong                     ->  1997ms
NasaMapGenerator           ->  1642ms
GoesGenerator              ->  1269ms
Nasa                       ->   726ms
Bubbles                    ->   592ms
PeripheralDriftIllusion    ->   349ms
Cubes                      ->   208ms
---
WatercolorTransformer            -> Min:    56ms | Avg:   159ms | Max:   289ms
PixelSortTransformer             -> Min:    33ms | Avg:   149ms | Max:   399ms
VoronoiTransformer               -> Min:    28ms | Avg:   145ms | Max:   355ms
MeltMorphTransformer             -> Min:    16ms | Avg:    54ms | Max:    77ms
OilPaintingTransformer           -> Min:    10ms | Avg:    48ms | Max:   123ms
KaleidoscopeTransformer          -> Min:    16ms | Avg:    44ms | Max:    71ms
FlipWilsonTransformer            -> Min:     5ms | Avg:    40ms | Max:    68ms
HalftoneTransformer              -> Min:    12ms | Avg:    34ms | Max:    57ms
SwirlWarpTransformer             -> Min:     4ms | Avg:    34ms | Max:    71ms
FluidWarpTransformer             -> Min:     3ms | Avg:    31ms | Max:    64ms
DataMoshTransformer              -> Min:    10ms | Avg:    27ms | Max:    45ms
ThermalImagingTransformer        -> Min:    11ms | Avg:    24ms | Max:    39ms
FractalWarpTransformer           -> Min:     3ms | Avg:    24ms | Max:    39ms
WheelTransformer                 -> Min:     9ms | Avg:    22ms | Max:    36ms
ChromaticAberrationTransformer   -> Min:     8ms | Avg:    22ms | Max:    41ms
GlitchWarpTransformer            -> Min:     8ms | Avg:    20ms | Max:    28ms
RadialWarpTransformer            -> Min:     4ms | Avg:    16ms | Max:    33ms
FisheyeTransformer               -> Min:     4ms | Avg:    13ms | Max:    31ms
PosterizationTransformer         -> Min:     3ms | Avg:    12ms | Max:    27ms
ColormapTransformer              -> Min:     2ms | Avg:     8ms | Max:    17ms
