2026-03-13 20:27:40,980 - INFO - [pipeline.py:136] - "WheelTransformer","blend=add,copies=5"
2026-03-13 20:27:40,999 - INFO - [pipeline.py:229] - [Grade: A] Saved to: /Users/kenfasano/Scripts/ScreenArt/Images/TransformedImages/bubbles_4-A.jpeg
2026-03-13 20:27:41,078 - INFO - [pipeline.py:136] - "MeltMorphTransformer","intensity=0.50"
2026-03-13 20:27:41,096 - INFO - [pipeline.py:229] - [Grade: A] Saved to: /Users/kenfasano/Scripts/ScreenArt/Images/TransformedImages/bubbles_8-A.jpeg
2026-03-13 20:27:41,132 - INFO - [pipeline.py:136] - "GlitchWarpTransformer","intensity=0.01"
2026-03-13 20:27:41,359 - INFO - [pipeline.py:136] - "WatercolorTransformer","scale=0.85,style=psychedelic"
2026-03-13 20:27:41,397 - INFO - [pipeline.py:136] - "ThermalImagingTransformer","thermal=True"
2026-03-13 20:27:41,597 - INFO - [pipeline.py:136] - "WheelTransformer","blend=add,copies=5"
2026-03-13 20:27:41,616 - INFO - [pipeline.py:229] - [Grade: A] Saved to: /Users/kenfasano/Scripts/ScreenArt/Images/TransformedImages/bubbles_9-A.jpeg
2026-03-13 20:27:41,658 - INFO - [pipeline.py:136] - "GlitchWarpTransformer","intensity=0.01"
2026-03-13 20:27:41,699 - INFO - [pipeline.py:136] - "ThermalImagingTransformer","thermal=True"
2026-03-13 20:27:41,760 - INFO - [pipeline.py:136] - "HalftoneTransformer","size=2"
2026-03-13 20:27:41,792 - INFO - [pipeline.py:136] - "FluidWarpTransformer","alpha=0.80,sigma=0.69"
2026-03-13 20:27:41,815 - INFO - [pipeline.py:229] - [Grade: A] Saved to: /Users/kenfasano/Scripts/ScreenArt/Images/TransformedImages/bubbles_5-A.jpeg
2026-03-13 20:27:41,853 - INFO - [pipeline.py:136] - "GlitchWarpTransformer","intensity=0.01"
2026-03-13 20:27:41,894 - INFO - [pipeline.py:136] - "FractalWarpTransformer","iter=1,scale=0.05"
2026-03-13 20:27:41,932 - INFO - [pipeline.py:136] - "FluidWarpTransformer","alpha=6.42,sigma=3.16"
2026-03-13 20:27:41,950 - INFO - [pipeline.py:229] - [Grade: A] Saved to: /Users/kenfasano/Scripts/ScreenArt/Images/TransformedImages/bubbles_2-A.jpeg
2026-03-13 20:27:41,973 - INFO - [pipeline.py:136] - "ColormapTransformer","map=winter"
2026-03-13 20:27:42,019 - INFO - [pipeline.py:136] - "DataMoshTransformer","intensity=0.01"
2026-03-13 20:27:42,056 - INFO - [pipeline.py:136] - "FisheyeTransformer","shape=oval,strength=0.25,zoom=0.97"
2026-03-13 20:27:42,077 - INFO - [pipeline.py:229] - [Grade: C] Saved to: /Users/kenfasano/Scripts/ScreenArt/Images/TransformedImages/bubbles_3-C.jpeg
2026-03-13 20:27:42,127 - INFO - [pipeline.py:136] - "DataMoshTransformer","intensity=0.02"
2026-03-13 20:27:42,172 - INFO - [pipeline.py:136] - "ThermalImagingTransformer","thermal=True"
2026-03-13 20:27:42,186 - INFO - [pipeline.py:136] - "PosterizationTransformer","levels=4"
2026-03-13 20:27:42,205 - INFO - [pipeline.py:229] - [Grade: A] Saved to: /Users/kenfasano/Scripts/ScreenArt/Images/TransformedImages/bubbles_10-A.jpeg
2026-03-13 20:27:42,250 - INFO - [pipeline.py:136] - "FractalWarpTransformer","iter=1,scale=0.05"
2026-03-13 20:27:42,274 - INFO - [pipeline.py:229] - [Grade: A] Saved to: /Users/kenfasano/Scripts/ScreenArt/Images/TransformedImages/bubbles_1-A.jpeg
2026-03-13 20:27:42,321 - INFO - [pipeline.py:136] - "ThermalImagingTransformer","thermal=True"
2026-03-13 20:27:42,376 - INFO - [pipeline.py:136] - "MeltMorphTransformer","intensity=0.50"
2026-03-13 20:27:42,395 - INFO - [pipeline.py:229] - [Grade: A] Saved to: /Users/kenfasano/Scripts/ScreenArt/Images/TransformedImages/bubbles_6-A.jpeg
2026-03-13 20:27:42,449 - INFO - [pipeline.py:136] - "FractalWarpTransformer","iter=1,scale=0.05"
2026-03-13 20:27:42,463 - INFO - [pipeline.py:136] - "ColormapTransformer","map=autumn"
2026-03-13 20:27:42,480 - INFO - [pipeline.py:136] - "PosterizationTransformer","levels=4"
2026-03-13 20:27:42,501 - INFO - [pipeline.py:229] - [Grade: A] Saved to: /Users/kenfasano/Scripts/ScreenArt/Images/TransformedImages/bubbles_7-A.jpeg
2026-03-13 20:27:42,702 - INFO - [pipeline.py:136] - "WheelTransformer","blend=add,copies=5"
2026-03-13 20:27:42,924 - INFO - [pipeline.py:136] - "WatercolorTransformer","scale=0.85,style=psychedelic"
2026-03-13 20:27:42,962 - INFO - [pipeline.py:136] - "DataMoshTransformer","intensity=0.02"
2026-03-13 20:27:42,981 - INFO - [pipeline.py:229] - [Grade: A] Saved to: /Users/kenfasano/Scripts/ScreenArt/Images/TransformedImages/cubes_2-A.jpeg
2026-03-13 20:27:43,024 - INFO - [pipeline.py:136] - "FractalWarpTransformer","iter=1,scale=0.05"
2026-03-13 20:27:43,041 - INFO - [pipeline.py:229] - [Grade: A] Saved to: /Users/kenfasano/Scripts/ScreenArt/Images/TransformedImages/cubes_3-A.jpeg
2026-03-13 20:27:43,243 - INFO - [pipeline.py:136] - "WheelTransformer","blend=add,copies=5"
2026-03-13 20:27:43,465 - INFO - [pipeline.py:136] - "WatercolorTransformer","scale=0.85,style=psychedelic"
2026-03-13 20:27:43,479 - INFO - [pipeline.py:136] - "ColormapTransformer","map=winter"
2026-03-13 20:27:43,497 - INFO - [pipeline.py:229] - [Grade: B] Saved to: /Users/kenfasano/Scripts/ScreenArt/Images/TransformedImages/cubes_4-B.jpeg
2026-03-13 20:27:43,540 - INFO - [pipeline.py:136] - "FractalWarpTransformer","iter=1,scale=0.05"
2026-03-13 20:27:43,557 - INFO - [pipeline.py:229] - [Grade: A] Saved to: /Users/kenfasano/Scripts/ScreenArt/Images/TransformedImages/cubes_5-A.jpeg
2026-03-13 20:27:43,577 - INFO - [pipeline.py:136] - "ColormapTransformer","map=pink"
2026-03-13 20:27:43,593 - INFO - [pipeline.py:229] - [Grade: A] Saved to: /Users/kenfasano/Scripts/ScreenArt/Images/TransformedImages/cubes_6-A.jpeg
2026-03-13 20:27:43,614 - INFO - [pipeline.py:136] - "PosterizationTransformer","levels=4"
2026-03-13 20:27:43,630 - INFO - [pipeline.py:229] - [Grade: A] Saved to: /Users/kenfasano/Scripts/ScreenArt/Images/TransformedImages/cubes_1-A.jpeg
2026-03-13 20:27:43,741 - INFO - [pipeline.py:136] - "WheelTransformer","blend=add,copies=5"
2026-03-13 20:27:43,752 - INFO - [pipeline.py:136] - "RadialWarpTransformer","radius=0.25,strength=54.23205931191236,47.650982717728915,style=push,push"
2026-03-13 20:27:43,758 - INFO - [pipeline.py:136] - "ColormapTransformer","map=cool"
2026-03-13 20:27:43,774 - INFO - [pipeline.py:136] - "ThermalImagingTransformer","thermal=True"
2026-03-13 20:27:43,784 - INFO - [pipeline.py:229] - [Grade: A] Saved to: /Users/kenfasano/Scripts/ScreenArt/Images/TransformedImages/Trifid1024-A.jpg
2026-03-13 20:27:43,796 - INFO - [pipeline.py:136] - "ColormapTransformer","map=cool"
2026-03-13 20:27:43,867 - INFO - [pipeline.py:136] - "WatercolorTransformer","scale=0.85,style=monet"
2026-03-13 20:27:43,873 - INFO - [pipeline.py:229] - [Grade: C] Saved to: /Users/kenfasano/Scripts/ScreenArt/Images/TransformedImages/Lunareclipse_PinnaclesNationalPark1024-C.jpg
2026-03-13 20:27:43,924 - INFO - [pipeline.py:136] - "FlipWilsonTransformer","keep=top_left,narrow=0.42"
2026-03-13 20:27:43,932 - INFO - [pipeline.py:229] - [Grade: C] Saved to: /Users/kenfasano/Scripts/ScreenArt/Images/TransformedImages/LDN1622_2019_01_14_1450min_LHaRGB-C.jpg
2026-03-13 20:27:43,943 - INFO - [pipeline.py:136] - "ThermalImagingTransformer","thermal=True"
2026-03-13 20:27:43,954 - INFO - [pipeline.py:136] - "SwirlWarpTransformer","strength=1.50"
2026-03-13 20:27:43,985 - INFO - [pipeline.py:136] - "FlipWilsonTransformer","keep=top_left,narrow=0.42"
2026-03-13 20:27:43,991 - INFO - [pipeline.py:229] - [Grade: A] Saved to: /Users/kenfasano/Scripts/ScreenArt/Images/TransformedImages/eros2_near-A.jpg
2026-03-13 20:27:44,013 - INFO - [pipeline.py:136] - "HalftoneTransformer","size=2"
2026-03-13 20:27:44,024 - INFO - [pipeline.py:136] - "SwirlWarpTransformer","strength=1.50"
2026-03-13 20:27:44,040 - INFO - [pipeline.py:136] - "MeltMorphTransformer","intensity=0.50"
2026-03-13 20:27:44,045 - INFO - [pipeline.py:229] - [Grade: A] Saved to: /Users/kenfasano/Scripts/ScreenArt/Images/TransformedImages/aurora2_salomonsen_900h-A.jpg
2026-03-13 20:27:44,123 - INFO - [pipeline.py:136] - "WheelTransformer","blend=add,copies=5"
2026-03-13 20:27:44,128 - INFO - [pipeline.py:136] - "ColormapTransformer","map=hsv"
2026-03-13 20:27:44,136 - INFO - [pipeline.py:229] - [Grade: A] Saved to: /Users/kenfasano/Scripts/ScreenArt/Images/TransformedImages/Cocoon_Drechsler_960-A.jpg
2026-03-13 20:27:44,151 - INFO - [pipeline.py:136] - "HalftoneTransformer","size=2"
2026-03-13 20:27:44,165 - INFO - [pipeline.py:136] - "MeltMorphTransformer","intensity=0.50"
2026-03-13 20:27:44,170 - INFO - [pipeline.py:136] - "ColormapTransformer","map=autumn"
2026-03-13 20:27:44,180 - INFO - [pipeline.py:136] - "SwirlWarpTransformer","strength=1.50"
2026-03-13 20:27:44,184 - INFO - [pipeline.py:229] - [Grade: A] Saved to: /Users/kenfasano/Scripts/ScreenArt/Images/TransformedImages/solarsystem_messenger_900-A.jpg
2026-03-13 20:27:44,204 - INFO - [pipeline.py:136] - "FlipWilsonTransformer","keep=top_left,narrow=0.42"
2026-03-13 20:27:44,207 - INFO - [pipeline.py:136] - "ColormapTransformer","map=hot"
2026-03-13 20:27:44,214 - INFO - [pipeline.py:136] - "DataMoshTransformer","intensity=0.01"
2026-03-13 20:27:44,220 - INFO - [pipeline.py:136] - "ThreeDExtrusionTransformer","ambient=0.35,intensity=0.50"
2026-03-13 20:27:44,224 - INFO - [pipeline.py:229] - [Grade: B] Saved to: /Users/kenfasano/Scripts/ScreenArt/Images/TransformedImages/m81_benintende_f88-B.jpg
2026-03-13 20:27:44,299 - INFO - [pipeline.py:136] - "WatercolorTransformer","scale=0.85,style=monet"
2026-03-13 20:27:44,303 - INFO - [pipeline.py:136] - "PosterizationTransformer","levels=4"
2026-03-13 20:27:44,308 - INFO - [pipeline.py:229] - [Grade: A] Saved to: /Users/kenfasano/Scripts/ScreenArt/Images/TransformedImages/enceladusshadow_cassini_960-A.jpg
2026-03-13 20:27:44,325 - INFO - [pipeline.py:136] - "FluidWarpTransformer","alpha=7.58,sigma=5.34"
2026-03-13 20:27:44,335 - INFO - [pipeline.py:136] - "ThermalImagingTransformer","thermal=True"
2026-03-13 20:27:44,344 - INFO - [pipeline.py:136] - "ThreeDExtrusionTransformer","ambient=0.36,intensity=0.50"
2026-03-13 20:27:44,358 - INFO - [pipeline.py:136] - "MeltMorphTransformer","intensity=0.50"
2026-03-13 20:27:44,363 - INFO - [pipeline.py:229] - [Grade: B] Saved to: /Users/kenfasano/Scripts/ScreenArt/Images/TransformedImages/warming_gwa-B.jpg
2026-03-13 20:27:44,391 - INFO - [pipeline.py:136] - "HalftoneTransformer","size=2"
2026-03-13 20:27:44,400 - INFO - [pipeline.py:229] - [Grade: A] Saved to: /Users/kenfasano/Scripts/ScreenArt/Images/TransformedImages/HyperionTrue_CassiniUgarkovic_960-A.jpg
2026-03-13 20:27:44,440 - INFO - [pipeline.py:136] - "GlitchWarpTransformer","intensity=0.01"
2026-03-13 20:27:44,459 - INFO - [pipeline.py:229] - [Grade: A] Saved to: /Users/kenfasano/Scripts/ScreenArt/Images/TransformedImages/nasa_earth_1_Dhaka_True_Color-A.jpeg
2026-03-13 20:27:44,503 - INFO - [pipeline.py:136] - "HalftoneTransformer","size=2"
2026-03-13 20:27:44,513 - INFO - [pipeline.py:136] - "ColormapTransformer","map=summer"
2026-03-13 20:27:44,531 - INFO - [pipeline.py:136] - "FisheyeTransformer","shape=oval,strength=0.56,zoom=1.08"
2026-03-13 20:27:44,543 - INFO - [pipeline.py:229] - [Grade: A] Saved to: /Users/kenfasano/Scripts/ScreenArt/Images/TransformedImages/noaa_goes_1_se_GeoColor-A.jpeg
2026-03-13 20:27:44,636 - INFO - [pipeline.py:136] - "HalftoneTransformer","size=2"
2026-03-13 20:27:44,708 - INFO - [pipeline.py:136] - "MeltMorphTransformer","intensity=0.50"
2026-03-13 20:27:44,731 - INFO - [pipeline.py:229] - [Grade: A] Saved to: /Users/kenfasano/Scripts/ScreenArt/Images/TransformedImages/Snapshot-A.jpeg
2026-03-13 20:27:44,861 - INFO - [pipeline.py:136] - "SwirlWarpTransformer","strength=1.50"
2026-03-13 20:27:45,077 - INFO - [pipeline.py:136] - "MeltMorphTransformer","intensity=0.50"
2026-03-13 20:27:45,158 - INFO - [pipeline.py:136] - "FisheyeTransformer","shape=circle,strength=0.51,zoom=1.14"
2026-03-13 20:27:45,570 - INFO - [pipeline.py:136] - "WheelTransformer","blend=add,copies=5"
2026-03-13 20:27:45,607 - INFO - [pipeline.py:229] - [Grade: A] Saved to: /Users/kenfasano/Scripts/ScreenArt/Images/TransformedImages/The_Bost-A.jpeg
2026-03-13 20:27:45,640 - INFO - [pipeline.py:136] - "HalftoneTransformer","size=2"
2026-03-13 20:27:45,657 - INFO - [pipeline.py:136] - "GlitchWarpTransformer","intensity=0.01"
2026-03-13 20:27:45,670 - INFO - [pipeline.py:136] - "FisheyeTransformer","shape=circle,strength=0.42,zoom=0.99"
2026-03-13 20:27:45,699 - INFO - [pipeline.py:136] - "FluidWarpTransformer","alpha=13.53,sigma=7.24"
2026-03-13 20:27:45,709 - INFO - [pipeline.py:229] - [Grade: A] Saved to: /Users/kenfasano/Scripts/ScreenArt/Images/TransformedImages/1280px-Road_lea-A.jpeg
2026-03-13 20:27:45,754 - INFO - [pipeline.py:136] - "ColormapTransformer","map=cool"
2026-03-13 20:27:45,797 - INFO - [pipeline.py:229] - [Grade: C] Saved to: /Users/kenfasano/Scripts/ScreenArt/Images/TransformedImages/Tristan_-C.jpeg
2026-03-13 20:27:45,831 - INFO - [pipeline.py:136] - "GlitchWarpTransformer","intensity=0.01"
2026-03-13 20:27:45,866 - INFO - [pipeline.py:136] - "SwirlWarpTransformer","strength=1.50"
2026-03-13 20:27:45,884 - INFO - [pipeline.py:229] - [Grade: A] Saved to: /Users/kenfasano/Scripts/ScreenArt/Images/TransformedImages/lossy-page1-160-A.jpeg
2026-03-13 20:27:45,912 - INFO - [pipeline.py:136] - "FluidWarpTransformer","alpha=16.79,sigma=3.31"
2026-03-13 20:27:46,051 - INFO - [pipeline.py:136] - "WatercolorTransformer","scale=0.85,style=psychedelic"
2026-03-13 20:27:46,060 - INFO - [pipeline.py:136] - "PosterizationTransformer","levels=4"
2026-03-13 20:27:46,093 - INFO - [pipeline.py:136] - "MeltMorphTransformer","intensity=0.50"
2026-03-13 20:27:46,105 - INFO - [pipeline.py:229] - [Grade: A] Saved to: /Users/kenfasano/Scripts/ScreenArt/Images/TransformedImages/1280px-Path_and-A.jpeg
2026-03-13 20:27:46,152 - INFO - [pipeline.py:136] - "DataMoshTransformer","intensity=0.02"
2026-03-13 20:27:46,180 - INFO - [pipeline.py:136] - "GlitchWarpTransformer","intensity=0.01"
2026-03-13 20:27:46,204 - INFO - [pipeline.py:229] - [Grade: A] Saved to: /Users/kenfasano/Scripts/ScreenArt/Images/TransformedImages/lojong_2-A-scatter.jpeg
2026-03-13 20:27:46,226 - INFO - [pipeline.py:136] - "PosterizationTransformer","levels=4"
2026-03-13 20:27:46,244 - INFO - [pipeline.py:229] - [Grade: A] Saved to: /Users/kenfasano/Scripts/ScreenArt/Images/TransformedImages/lojong_3-A-columns.jpeg
2026-03-13 20:27:46,286 - INFO - [pipeline.py:136] - "FisheyeTransformer","shape=oval,strength=0.76,zoom=0.87"
2026-03-13 20:27:46,328 - INFO - [pipeline.py:136] - "FluidWarpTransformer","alpha=11.14,sigma=4.05"
2026-03-13 20:27:46,363 - INFO - [pipeline.py:136] - "FractalWarpTransformer","iter=1,scale=0.05"
2026-03-13 20:27:46,376 - INFO - [pipeline.py:136] - "PosterizationTransformer","levels=4"
2026-03-13 20:27:46,393 - INFO - [pipeline.py:229] - [Grade: A] Saved to: /Users/kenfasano/Scripts/ScreenArt/Images/TransformedImages/lojong_8-A-hero.jpeg
2026-03-13 20:27:46,505 - INFO - [pipeline.py:136] - "FlipWilsonTransformer","keep=top_left,narrow=0.42"
2026-03-13 20:27:46,549 - INFO - [pipeline.py:136] - "ThermalImagingTransformer","thermal=True"
2026-03-13 20:27:46,574 - INFO - [pipeline.py:229] - [Grade: B] Saved to: /Users/kenfasano/Scripts/ScreenArt/Images/TransformedImages/lojong_4-B-columns.jpeg
2026-03-13 20:27:46,633 - INFO - [pipeline.py:136] - "AnamorphicTransformer","intensity=0.0,0.2,0.4,0.6,0.8,thresh=80"
2026-03-13 20:27:46,667 - INFO - [pipeline.py:136] - "FractalWarpTransformer","iter=1,scale=0.05"
2026-03-13 20:27:46,682 - INFO - [pipeline.py:229] - [Grade: B] Saved to: /Users/kenfasano/Scripts/ScreenArt/Images/TransformedImages/lojong_5-B-scatter.jpeg
2026-03-13 20:27:46,745 - INFO - [pipeline.py:136] - "MeltMorphTransformer","intensity=0.50"
2026-03-13 20:27:46,783 - INFO - [pipeline.py:136] - "ThermalImagingTransformer","thermal=True"
2026-03-13 20:27:46,908 - INFO - [pipeline.py:136] - "XrayTransformer","colors=64"
2026-03-13 20:27:46,925 - INFO - [pipeline.py:229] - [Grade: C] Saved to: /Users/kenfasano/Scripts/ScreenArt/Images/TransformedImages/lojong_9-C-columns.jpeg
2026-03-13 20:27:46,987 - INFO - [pipeline.py:136] - "MeltMorphTransformer","intensity=0.50"
2026-03-13 20:27:47,179 - INFO - [pipeline.py:136] - "WheelTransformer","blend=add,copies=5"
2026-03-13 20:27:47,217 - INFO - [pipeline.py:136] - "FluidWarpTransformer","alpha=10.29,sigma=3.62"
2026-03-13 20:27:47,230 - INFO - [pipeline.py:136] - "ColormapTransformer","map=spring"
2026-03-13 20:27:47,250 - INFO - [pipeline.py:229] - [Grade: A] Saved to: /Users/kenfasano/Scripts/ScreenArt/Images/TransformedImages/lojong_6-A-tile.jpeg
2026-03-13 20:27:47,450 - INFO - [pipeline.py:136] - "WheelTransformer","blend=add,copies=5"
2026-03-13 20:27:47,485 - INFO - [pipeline.py:136] - "FractalWarpTransformer","iter=1,scale=0.05"
2026-03-13 20:27:47,534 - INFO - [pipeline.py:136] - "HalftoneTransformer","size=2"
2026-03-13 20:27:47,581 - INFO - [pipeline.py:136] - "FluidWarpTransformer","alpha=0.22,sigma=6.82"
2026-03-13 20:27:47,597 - INFO - [pipeline.py:229] - [Grade: A] Saved to: /Users/kenfasano/Scripts/ScreenArt/Images/TransformedImages/lojong_7-A-scatter.jpeg
2026-03-13 20:27:47,702 - INFO - [pipeline.py:136] - "FlipWilsonTransformer","keep=top_left,narrow=0.42"
2026-03-13 20:27:47,837 - INFO - [pipeline.py:136] - "XrayTransformer","colors=128"
2026-03-13 20:27:47,875 - INFO - [pipeline.py:136] - "ThermalImagingTransformer","thermal=True"
2026-03-13 20:27:47,903 - INFO - [pipeline.py:136] - "GlitchWarpTransformer","intensity=0.01"
2026-03-13 20:27:47,922 - INFO - [pipeline.py:229] - [Grade: C] Saved to: /Users/kenfasano/Scripts/ScreenArt/Images/TransformedImages/lojong_0-C-hero.jpeg
2026-03-13 20:27:48,027 - INFO - [pipeline.py:136] - "FlipWilsonTransformer","keep=top_left,narrow=0.42"
2026-03-13 20:27:48,069 - INFO - [pipeline.py:136] - "SwirlWarpTransformer","strength=1.50"
2026-03-13 20:27:48,087 - INFO - [pipeline.py:229] - [Grade: F] Saved to: /Users/kenfasano/Scripts/ScreenArt/Images/Rejected/lojong_1-F-tile.jpeg
2026-03-13 20:27:48,131 - INFO - [pipeline.py:136] - "FractalWarpTransformer","iter=1,scale=0.05"
2026-03-13 20:27:48,324 - INFO - [pipeline.py:136] - "WheelTransformer","blend=add,copies=5"
2026-03-13 20:27:48,360 - INFO - [pipeline.py:136] - "ThermalImagingTransformer","thermal=True"
2026-03-13 20:27:48,409 - INFO - [pipeline.py:136] - "HalftoneTransformer","size=2"
2026-03-13 20:27:48,426 - INFO - [pipeline.py:229] - [Grade: A] Saved to: /Users/kenfasano/Scripts/ScreenArt/Images/TransformedImages/psalms_130-A-scatter.jpeg
2026-03-13 20:27:48,449 - INFO - [pipeline.py:136] - "ColormapTransformer","map=summer"
2026-03-13 20:27:48,477 - INFO - [pipeline.py:136] - "GlitchWarpTransformer","intensity=0.01"
2026-03-13 20:27:48,702 - INFO - [pipeline.py:136] - "WatercolorTransformer","scale=0.85,style=psychedelic"
2026-03-13 20:27:48,736 - INFO - [pipeline.py:136] - "FractalWarpTransformer","iter=1,scale=0.05"
2026-03-13 20:27:48,753 - INFO - [pipeline.py:229] - [Grade: A] Saved to: /Users/kenfasano/Scripts/ScreenArt/Images/TransformedImages/psalms_110-A-tile.jpeg
2026-03-13 20:27:48,798 - INFO - [pipeline.py:136] - "SwirlWarpTransformer","strength=1.50"
2026-03-13 20:27:48,814 - INFO - [pipeline.py:229] - [Grade: F] Saved to: /Users/kenfasano/Scripts/ScreenArt/Images/Rejected/psalms_121-F-hero.jpeg
2026-03-13 20:27:48,871 - INFO - [pipeline.py:136] - "HalftoneTransformer","size=2"
2026-03-13 20:27:48,887 - INFO - [pipeline.py:229] - [Grade: C] Saved to: /Users/kenfasano/Scripts/ScreenArt/Images/TransformedImages/psalms_116-C-scatter.jpeg
2026-03-13 20:27:49,092 - INFO - [pipeline.py:136] - "WheelTransformer","blend=add,copies=5"
2026-03-13 20:27:49,106 - INFO - [pipeline.py:136] - "PosterizationTransformer","levels=4"
2026-03-13 20:27:49,125 - INFO - [pipeline.py:229] - [Grade: A] Saved to: /Users/kenfasano/Scripts/ScreenArt/Images/TransformedImages/psalms_72-A-hero.jpeg
2026-03-13 20:27:49,321 - INFO - [pipeline.py:136] - "WheelTransformer","blend=add,copies=5"
2026-03-13 20:27:49,339 - INFO - [pipeline.py:229] - [Grade: A] Saved to: /Users/kenfasano/Scripts/ScreenArt/Images/TransformedImages/psalms_48-A-hero.jpeg
2026-03-13 20:27:49,397 - INFO - [pipeline.py:136] - "HalftoneTransformer","size=2"
2026-03-13 20:27:49,414 - INFO - [pipeline.py:229] - [Grade: A] Saved to: /Users/kenfasano/Scripts/ScreenArt/Images/TransformedImages/psalms_52-A-tile.jpeg
2026-03-13 20:27:49,462 - INFO - [pipeline.py:136] - "SwirlWarpTransformer","strength=1.50"
2026-03-13 20:27:49,650 - INFO - [pipeline.py:136] - "WheelTransformer","blend=add,copies=5"
2026-03-13 20:27:49,669 - INFO - [pipeline.py:229] - [Grade: A] Saved to: /Users/kenfasano/Scripts/ScreenArt/Images/TransformedImages/psalms_114-A-columns.jpeg
2026-03-13 20:27:49,713 - INFO - [pipeline.py:136] - "FractalWarpTransformer","iter=1,scale=0.05"
2026-03-13 20:27:49,731 - INFO - [pipeline.py:229] - [Grade: A] Saved to: /Users/kenfasano/Scripts/ScreenArt/Images/TransformedImages/psalms_42-A-tile.jpeg
2026-03-13 20:27:49,754 - INFO - [pipeline.py:136] - "ColormapTransformer","map=rainbow"
2026-03-13 20:27:49,801 - INFO - [pipeline.py:136] - "HalftoneTransformer","size=2"
2026-03-13 20:27:49,819 - INFO - [pipeline.py:229] - [Grade: A] Saved to: /Users/kenfasano/Scripts/ScreenArt/Images/TransformedImages/psalms_109-A-tile.jpeg
2026-03-13 20:27:49,835 - INFO - [pipeline.py:136] - "ThermalImagingTransformer","thermal=True"
2026-03-13 20:27:49,840 - INFO - [pipeline.py:136] - "ColormapTransformer","map=winter"
2026-03-13 20:27:49,846 - INFO - [pipeline.py:229] - [Grade: A] Saved to: /Users/kenfasano/Scripts/ScreenArt/Images/TransformedImages/peripheral_drift_2-A.jpeg
2026-03-13 20:27:49,861 - INFO - [pipeline.py:136] - "ThermalImagingTransformer","thermal=True"
2026-03-13 20:27:49,926 - INFO - [pipeline.py:136] - "WatercolorTransformer","scale=0.85,style=psychedelic"
2026-03-13 20:27:49,957 - INFO - [pipeline.py:136] - "FlipWilsonTransformer","keep=top_left,narrow=0.42"
2026-03-13 20:27:49,962 - INFO - [pipeline.py:229] - [Grade: A] Saved to: /Users/kenfasano/Scripts/ScreenArt/Images/TransformedImages/peripheral_drift_3-A.jpeg
2026-03-13 20:27:50,018 - INFO - [pipeline.py:136] - "WheelTransformer","blend=add,copies=5"
2026-03-13 20:27:50,053 - INFO - [pipeline.py:136] - "FlipWilsonTransformer","keep=top_left,narrow=0.42"
2026-03-13 20:27:50,061 - INFO - [pipeline.py:136] - "RadialWarpTransformer","radius=0.25,strength=120.2828157419981,100.76750801898488,style=pull,pull"
2026-03-13 20:27:50,073 - INFO - [pipeline.py:136] - "FractalWarpTransformer","iter=1,scale=0.05"
2026-03-13 20:27:50,079 - INFO - [pipeline.py:229] - [Grade: A] Saved to: /Users/kenfasano/Scripts/ScreenArt/Images/TransformedImages/peripheral_drift_1-A.jpeg
2026-03-13 20:27:50,079 - INFO - [main.py:196] - WheelTransformer
2026-03-13 20:27:50,079 - INFO - [main.py:196] - WatercolorTransformer
2026-03-13 20:27:50,079 - INFO - [main.py:196] - XrayTransformer
2026-03-13 20:27:50,079 - INFO - [main.py:196] - MeltMorphTransformer
2026-03-13 20:27:50,079 - INFO - [main.py:196] - FlipWilsonTransformer
2026-03-13 20:27:50,079 - INFO - [main.py:196] - AnamorphicTransformer
2026-03-13 20:27:50,079 - INFO - [main.py:196] - HalftoneTransformer
2026-03-13 20:27:50,079 - INFO - [main.py:196] - FisheyeTransformer
2026-03-13 20:27:50,079 - INFO - [main.py:196] - SwirlWarpTransformer
2026-03-13 20:27:50,079 - INFO - [main.py:196] - FractalWarpTransformer
2026-03-13 20:27:50,079 - INFO - [main.py:196] - DataMoshTransformer
2026-03-13 20:27:50,079 - INFO - [main.py:196] - FluidWarpTransformer
2026-03-13 20:27:50,079 - INFO - [main.py:196] - ThermalImagingTransformer
2026-03-13 20:27:50,079 - INFO - [main.py:196] - GlitchWarpTransformer
2026-03-13 20:27:50,079 - INFO - [main.py:196] - PosterizationTransformer
2026-03-13 20:27:50,079 - INFO - [main.py:196] - ColormapTransformer
2026-03-13 20:27:50,079 - INFO - [main.py:196] - RadialWarpTransformer
2026-03-13 20:27:50,079 - INFO - [main.py:196] - ThreeDExtrusionTransformer
2026-03-13 20:27:50,079 - INFO - [main.py:239] - 23s@20:27 ✓
Accepted: 56
Rejected: 2
---
Bible                      ->  4882ms
Wiki                       ->  4044ms
Lojong                     ->  2140ms
GoesGenerator              ->  1148ms
Nasa                       ->   936ms
Bubbles                    ->   573ms
Cubes                      ->   182ms
PeripheralDriftIllusion    ->    48ms
NasaMapGenerator           ->    36ms
---
WheelTransformer           -> Min:    53ms | Avg:   182ms | Max:   411ms
WatercolorTransformer      -> Min:    65ms | Avg:   155ms | Max:   227ms
XrayTransformer            -> Min:   124ms | Avg:   130ms | Max:   135ms
MeltMorphTransformer       -> Min:    14ms | Avg:    60ms | Max:   216ms
FlipWilsonTransformer      -> Min:    18ms | Avg:    57ms | Max:    99ms
AnamorphicTransformer      -> Min:    52ms | Avg:    52ms | Max:    52ms
HalftoneTransformer        -> Min:    12ms | Avg:    41ms | Max:    78ms
FisheyeTransformer         -> Min:    13ms | Avg:    37ms | Max:    82ms
SwirlWarpTransformer       -> Min:    10ms | Avg:    36ms | Max:   100ms
FractalWarpTransformer     -> Min:    11ms | Avg:    35ms | Max:    46ms
DataMoshTransformer        -> Min:     7ms | Avg:    34ms | Max:    47ms
FluidWarpTransformer       -> Min:    10ms | Avg:    32ms | Max:    47ms
ThermalImagingTransformer  -> Min:     9ms | Avg:    29ms | Max:    45ms
GlitchWarpTransformer      -> Min:    16ms | Avg:    27ms | Max:    33ms
PosterizationTransformer   -> Min:     4ms | Avg:    12ms | Max:    17ms
ColormapTransformer        -> Min:     3ms | Avg:    11ms | Max:    28ms
RadialWarpTransformer      -> Min:     8ms | Avg:     9ms | Max:    11ms
ThreeDExtrusionTransformer -> Min:     6ms | Avg:     7ms | Max:     8ms
