2026-03-23 02:51:51,561 - INFO - [pipeline.py:136] - "GlitchWarpTransformer","intensity=0.01"
2026-03-23 02:51:51,577 - INFO - [pipeline.py:136] - "PosterizationTransformer","levels=4"
2026-03-23 02:51:51,638 - INFO - [pipeline.py:136] - "MeltMorphTransformer","intensity=0.50"
2026-03-23 02:51:51,658 - INFO - [pipeline.py:248] - [Grade: A] Saved to: /Users/kenfasano/Scripts/ScreenArt/Images/TransformedImages/bubbles_4-A.jpeg
2026-03-23 02:51:51,695 - INFO - [pipeline.py:136] - "ChromaticAberrationTransformer","angle=91.00,edge_fade=1,shift=8.50"
2026-03-23 02:51:51,708 - INFO - [pipeline.py:136] - "ColormapTransformer","map=ocean"
2026-03-23 02:51:51,746 - INFO - [pipeline.py:136] - "FractalWarpTransformer","iter=1,scale=0.05"
2026-03-23 02:51:51,765 - INFO - [pipeline.py:248] - [Grade: A] Saved to: /Users/kenfasano/Scripts/ScreenArt/Images/TransformedImages/bubbles_8-A.jpeg
2026-03-23 02:51:51,878 - INFO - [pipeline.py:136] - "WheelTransformer","blend=lighter,copies=3"
2026-03-23 02:51:51,897 - INFO - [pipeline.py:248] - [Grade: C] Saved to: /Users/kenfasano/Scripts/ScreenArt/Images/TransformedImages/bubbles_9-C.jpeg
2026-03-23 02:51:52,010 - INFO - [pipeline.py:136] - "WheelTransformer","blend=lighter,copies=3"
2026-03-23 02:51:52,046 - INFO - [pipeline.py:136] - "DataMoshTransformer","intensity=0.01"
2026-03-23 02:51:52,060 - INFO - [pipeline.py:136] - "ColormapTransformer","map=rainbow"
2026-03-23 02:51:52,080 - INFO - [pipeline.py:248] - [Grade: A] Saved to: /Users/kenfasano/Scripts/ScreenArt/Images/TransformedImages/bubbles_5-A.jpeg
2026-03-23 02:51:52,124 - INFO - [pipeline.py:136] - "FractalWarpTransformer","iter=1,scale=0.05"
2026-03-23 02:51:52,161 - INFO - [pipeline.py:136] - "ThermalImagingTransformer","thermal=True"
2026-03-23 02:51:52,271 - INFO - [pipeline.py:136] - "FlipWilsonTransformer","keep=top_right,narrow=0.33"
2026-03-23 02:51:52,290 - INFO - [pipeline.py:248] - [Grade: A] Saved to: /Users/kenfasano/Scripts/ScreenArt/Images/TransformedImages/bubbles_2-A.jpeg
2026-03-23 02:51:52,311 - INFO - [pipeline.py:136] - "PosterizationTransformer","levels=4"
2026-03-23 02:51:52,348 - INFO - [pipeline.py:136] - "DataMoshTransformer","intensity=0.01"
2026-03-23 02:51:52,366 - INFO - [pipeline.py:248] - [Grade: A] Saved to: /Users/kenfasano/Scripts/ScreenArt/Images/TransformedImages/bubbles_3-A.jpeg
2026-03-23 02:51:52,389 - INFO - [pipeline.py:136] - "ColormapTransformer","map=pink"
2026-03-23 02:51:52,599 - INFO - [pipeline.py:136] - "PixelSortTransformer","direction=rows,high=0.59,low=0.08,sort_key=brightness"
2026-03-23 02:51:52,705 - INFO - [pipeline.py:136] - "FlipWilsonTransformer","keep=top_right,narrow=0.33"
2026-03-23 02:51:52,740 - INFO - [pipeline.py:136] - "FractalWarpTransformer","iter=1,scale=0.05"
2026-03-23 02:51:52,759 - INFO - [pipeline.py:248] - [Grade: B] Saved to: /Users/kenfasano/Scripts/ScreenArt/Images/TransformedImages/bubbles_10-B.jpeg
2026-03-23 02:51:52,900 - INFO - [pipeline.py:136] - "OilPaintingTransformer","dyn_ratio=7,size=7"
2026-03-23 02:51:52,919 - INFO - [pipeline.py:248] - [Grade: F] Saved to: /Users/kenfasano/Scripts/ScreenArt/Images/Rejected/bubbles_1-F.jpeg
2026-03-23 02:51:52,955 - INFO - [pipeline.py:136] - "GlitchWarpTransformer","intensity=0.01"
2026-03-23 02:51:52,973 - INFO - [pipeline.py:248] - [Grade: C] Saved to: /Users/kenfasano/Scripts/ScreenArt/Images/TransformedImages/bubbles_6-C.jpeg
2026-03-23 02:51:53,047 - INFO - [pipeline.py:136] - "PixelSortTransformer","direction=cols,high=0.62,low=0.32,sort_key=brightness"
2026-03-23 02:51:53,065 - INFO - [pipeline.py:248] - [Grade: A] Saved to: /Users/kenfasano/Scripts/ScreenArt/Images/TransformedImages/bubbles_7-A.jpeg
2026-03-23 02:51:53,124 - INFO - [pipeline.py:136] - "KaleidoscopeTransformer","cx_off=-0.19,cy_off=0.06,segments=6"
2026-03-23 02:51:53,172 - INFO - [pipeline.py:136] - "HalftoneTransformer","size=2"
2026-03-23 02:51:53,208 - INFO - [pipeline.py:136] - "FractalWarpTransformer","iter=1,scale=0.05"
2026-03-23 02:51:53,224 - INFO - [pipeline.py:248] - [Grade: C] Saved to: /Users/kenfasano/Scripts/ScreenArt/Images/TransformedImages/cubes_2-C.jpeg
2026-03-23 02:51:53,284 - INFO - [pipeline.py:136] - "MeltMorphTransformer","intensity=0.50"
2026-03-23 02:51:53,352 - INFO - [pipeline.py:136] - "PixelSortTransformer","direction=cols,high=0.62,low=0.21,sort_key=brightness"
2026-03-23 02:51:53,380 - INFO - [pipeline.py:136] - "GlitchWarpTransformer","intensity=0.01"
2026-03-23 02:51:53,405 - INFO - [pipeline.py:136] - "RadialWarpTransformer","radius=0.25,strength=115.26329297553306,119.18368554552589,115.93689392004622,style=pull,pull,push"
2026-03-23 02:51:53,422 - INFO - [pipeline.py:248] - [Grade: A] Saved to: /Users/kenfasano/Scripts/ScreenArt/Images/TransformedImages/cubes_3-A.jpeg
2026-03-23 02:51:53,443 - INFO - [pipeline.py:136] - "PosterizationTransformer","levels=4"
2026-03-23 02:51:53,555 - INFO - [pipeline.py:136] - "FlipWilsonTransformer","keep=top_right,narrow=0.33"
2026-03-23 02:51:53,574 - INFO - [pipeline.py:248] - [Grade: A] Saved to: /Users/kenfasano/Scripts/ScreenArt/Images/TransformedImages/cubes_4-A.jpeg
2026-03-23 02:51:53,609 - INFO - [pipeline.py:136] - "GlitchWarpTransformer","intensity=0.01"
2026-03-23 02:51:53,719 - INFO - [pipeline.py:136] - "FlipWilsonTransformer","keep=top_right,narrow=0.33"
2026-03-23 02:51:53,737 - INFO - [pipeline.py:248] - [Grade: A] Saved to: /Users/kenfasano/Scripts/ScreenArt/Images/TransformedImages/cubes_5-A.jpeg
2026-03-23 02:51:53,797 - INFO - [pipeline.py:136] - "PixelSortTransformer","direction=rows,high=0.77,low=0.07,sort_key=brightness"
2026-03-23 02:51:53,833 - INFO - [pipeline.py:136] - "ThermalImagingTransformer","thermal=True"
2026-03-23 02:51:53,851 - INFO - [pipeline.py:248] - [Grade: A] Saved to: /Users/kenfasano/Scripts/ScreenArt/Images/TransformedImages/cubes_6-A.jpeg
2026-03-23 02:51:53,871 - INFO - [pipeline.py:136] - "PosterizationTransformer","levels=4"
2026-03-23 02:51:53,888 - INFO - [pipeline.py:248] - [Grade: A] Saved to: /Users/kenfasano/Scripts/ScreenArt/Images/TransformedImages/cubes_1-A.jpeg
2026-03-23 02:51:53,902 - INFO - [pipeline.py:136] - "FractalWarpTransformer","iter=1,scale=0.05"
2026-03-23 02:51:53,951 - INFO - [pipeline.py:136] - "PixelSortTransformer","direction=cols,high=0.91,low=0.24,sort_key=brightness"
2026-03-23 02:51:53,958 - INFO - [pipeline.py:136] - "RadialWarpTransformer","radius=0.25,strength=37.04260570919756,73.6667590662466,84.2817085362189,style=push,pull,push"
2026-03-23 02:51:53,965 - INFO - [pipeline.py:136] - "GlitchWarpTransformer","intensity=0.01"
2026-03-23 02:51:53,970 - INFO - [pipeline.py:248] - [Grade: C] Saved to: /Users/kenfasano/Scripts/ScreenArt/Images/TransformedImages/Ju2012tezel900-C.jpg
2026-03-23 02:51:53,991 - INFO - [pipeline.py:136] - "ThermalImagingTransformer","thermal=True"
2026-03-23 02:51:54,000 - INFO - [pipeline.py:136] - "GlitchWarpTransformer","intensity=0.01"
2026-03-23 02:51:54,020 - INFO - [pipeline.py:136] - "PixelSortTransformer","direction=rows,high=0.73,low=0.24,sort_key=brightness"
2026-03-23 02:51:54,028 - INFO - [pipeline.py:248] - [Grade: C] Saved to: /Users/kenfasano/Scripts/ScreenArt/Images/TransformedImages/NGC134_70wendel1024-C.jpg
2026-03-23 02:51:54,046 - INFO - [pipeline.py:136] - "SwirlWarpTransformer","strength=1.50"
2026-03-23 02:51:54,056 - INFO - [pipeline.py:136] - "ChromaticAberrationTransformer","angle=354.60,edge_fade=1,shift=12.60"
2026-03-23 02:51:54,067 - INFO - [pipeline.py:136] - "FisheyeTransformer","shape=circle,strength=0.57,zoom=0.99"
2026-03-23 02:51:54,074 - INFO - [pipeline.py:248] - [Grade: F] Saved to: /Users/kenfasano/Scripts/ScreenArt/Images/Rejected/earthmoon_nasa-F.jpg
2026-03-23 02:51:54,083 - INFO - [pipeline.py:136] - "HalftoneTransformer","size=2"
2026-03-23 02:51:54,086 - INFO - [pipeline.py:248] - [Grade: A] Saved to: /Users/kenfasano/Scripts/ScreenArt/Images/TransformedImages/chamaeleon_vlt-A.jpg
2026-03-23 02:51:54,108 - INFO - [pipeline.py:136] - "MeltMorphTransformer","intensity=0.50"
2026-03-23 02:51:54,115 - INFO - [pipeline.py:248] - [Grade: A] Saved to: /Users/kenfasano/Scripts/ScreenArt/Images/TransformedImages/PinnaclesGalaxy_Goh_1080-A.jpg
2026-03-23 02:51:54,152 - INFO - [pipeline.py:136] - "FlipWilsonTransformer","keep=top_right,narrow=0.33"
2026-03-23 02:51:54,169 - INFO - [pipeline.py:136] - "HalftoneTransformer","size=2"
2026-03-23 02:51:54,174 - INFO - [pipeline.py:248] - [Grade: C] Saved to: /Users/kenfasano/Scripts/ScreenArt/Images/TransformedImages/tutulemma_tezel_960-C.jpg
2026-03-23 02:51:54,185 - INFO - [pipeline.py:136] - "DataMoshTransformer","intensity=0.02"
2026-03-23 02:51:54,195 - INFO - [pipeline.py:136] - "SwirlWarpTransformer","strength=1.50"
2026-03-23 02:51:54,269 - INFO - [pipeline.py:136] - "VoronoiTransformer","edge_blend=1,num_points=238"
2026-03-23 02:51:54,274 - INFO - [pipeline.py:248] - [Grade: A] Saved to: /Users/kenfasano/Scripts/ScreenArt/Images/TransformedImages/as8-14-2383HR_c800-A.jpg
2026-03-23 02:51:54,317 - INFO - [pipeline.py:136] - "PixelSortTransformer","direction=rows,high=0.81,low=0.11,sort_key=green"
2026-03-23 02:51:54,327 - INFO - [pipeline.py:248] - [Grade: A] Saved to: /Users/kenfasano/Scripts/ScreenArt/Images/TransformedImages/APODEclipsePair1024-A.jpg
2026-03-23 02:51:54,334 - INFO - [pipeline.py:136] - "PixelSortTransformer","direction=rows,high=0.86,low=0.30,sort_key=red"
2026-03-23 02:51:54,337 - INFO - [pipeline.py:248] - [Grade: C] Saved to: /Users/kenfasano/Scripts/ScreenArt/Images/TransformedImages/southerndeep_hst-C.jpg
2026-03-23 02:51:54,350 - INFO - [pipeline.py:136] - "DataMoshTransformer","intensity=0.01"
2026-03-23 02:51:54,355 - INFO - [pipeline.py:248] - [Grade: A] Saved to: /Users/kenfasano/Scripts/ScreenArt/Images/TransformedImages/moonwater_isro-A.jpg
2026-03-23 02:51:54,394 - INFO - [pipeline.py:136] - "KaleidoscopeTransformer","cx_off=-0.11,cy_off=-0.12,segments=4"
2026-03-23 02:51:54,480 - INFO - [pipeline.py:248] - [Grade: C] Saved to: /Users/kenfasano/Scripts/ScreenArt/Images/TransformedImages/LDN1251_1098c-C.png
2026-03-23 02:51:55,069 - INFO - [pipeline.py:136] - "PixelSortTransformer","direction=cols,high=0.85,low=0.33,sort_key=brightness"
2026-03-23 02:51:55,107 - INFO - [pipeline.py:136] - "DataMoshTransformer","intensity=0.01"
2026-03-23 02:51:55,128 - INFO - [pipeline.py:248] - [Grade: A] Saved to: /Users/kenfasano/Scripts/ScreenArt/Images/TransformedImages/nasa_earth_1_Cape_Town_True_Color-A.jpeg
2026-03-23 02:51:55,269 - INFO - [pipeline.py:136] - "OilPaintingTransformer","dyn_ratio=5,size=6"
2026-03-23 02:51:55,485 - INFO - [pipeline.py:136] - "WatercolorTransformer","scale=0.85,style=psychedelic"
2026-03-23 02:51:55,520 - INFO - [pipeline.py:136] - "FractalWarpTransformer","iter=1,scale=0.05"
2026-03-23 02:51:55,535 - INFO - [pipeline.py:248] - [Grade: C] Saved to: /Users/kenfasano/Scripts/ScreenArt/Images/TransformedImages/nasa_earth_4_Rio_de_Janeiro_Surface_Temp_Day-C.jpeg
2026-03-23 02:51:55,579 - INFO - [pipeline.py:136] - "FisheyeTransformer","shape=oval,strength=0.62,zoom=1.09"
2026-03-23 02:51:55,617 - INFO - [pipeline.py:136] - "DataMoshTransformer","intensity=0.02"
2026-03-23 02:51:55,637 - INFO - [pipeline.py:248] - [Grade: A] Saved to: /Users/kenfasano/Scripts/ScreenArt/Images/TransformedImages/nasa_earth_3_Sao_Paulo_Vegetation_False_Color-A.jpeg
2026-03-23 02:51:55,655 - INFO - [pipeline.py:136] - "PosterizationTransformer","levels=4"
2026-03-23 02:51:55,689 - INFO - [pipeline.py:136] - "HalftoneTransformer","size=2"
2026-03-23 02:51:55,700 - INFO - [pipeline.py:248] - [Grade: A] Saved to: /Users/kenfasano/Scripts/ScreenArt/Images/TransformedImages/noaa_goes_1_se_Day_Night_Cloud_Micro-A.jpeg
2026-03-23 02:51:55,877 - INFO - [pipeline.py:136] - "KaleidoscopeTransformer","cx_off=0.19,cy_off=-0.19,segments=8"
2026-03-23 02:51:55,924 - INFO - [pipeline.py:248] - [Grade: A] Saved to: /Users/kenfasano/Scripts/ScreenArt/Images/TransformedImages/Bochum-O-A.jpeg
2026-03-23 02:51:56,079 - INFO - [pipeline.py:136] - "FlipWilsonTransformer","keep=top_right,narrow=0.33"
2026-03-23 02:51:56,106 - INFO - [pipeline.py:248] - [Grade: A] Saved to: /Users/kenfasano/Scripts/ScreenArt/Images/TransformedImages/Stary_Br-A.jpeg
2026-03-23 02:51:56,277 - INFO - [pipeline.py:136] - "ThermalImagingTransformer","thermal=True"
2026-03-23 02:51:56,333 - INFO - [pipeline.py:248] - [Grade: B] Saved to: /Users/kenfasano/Scripts/ScreenArt/Images/TransformedImages/Number_3-B.jpeg
2026-03-23 02:51:56,402 - INFO - [pipeline.py:136] - "ThermalImagingTransformer","thermal=True"
2026-03-23 02:51:56,699 - INFO - [pipeline.py:136] - "WheelTransformer","blend=lighter,copies=3"
2026-03-23 02:51:56,723 - INFO - [pipeline.py:248] - [Grade: A] Saved to: /Users/kenfasano/Scripts/ScreenArt/Images/TransformedImages/Pressefo-A.jpeg
2026-03-23 02:51:56,781 - INFO - [pipeline.py:136] - "PosterizationTransformer","levels=4"
2026-03-23 02:51:56,876 - INFO - [pipeline.py:136] - "ThermalImagingTransformer","thermal=True"
2026-03-23 02:51:56,997 - INFO - [pipeline.py:136] - "FluidWarpTransformer","alpha=18.67,sigma=7.40"
2026-03-23 02:51:57,046 - INFO - [pipeline.py:248] - [Grade: A] Saved to: /Users/kenfasano/Scripts/ScreenArt/Images/TransformedImages/ND_Eiche-A.jpeg
2026-03-23 02:51:57,093 - INFO - [pipeline.py:136] - "HalftoneTransformer","size=2"
2026-03-23 02:51:57,195 - INFO - [pipeline.py:136] - "OilPaintingTransformer","dyn_ratio=4,size=7"
2026-03-23 02:51:57,209 - INFO - [pipeline.py:248] - [Grade: A] Saved to: /Users/kenfasano/Scripts/ScreenArt/Images/TransformedImages/Djemaa_el_Fna__-A.jpeg
2026-03-23 02:51:57,338 - INFO - [pipeline.py:136] - "PixelSortTransformer","direction=cols,high=0.77,low=0.18,sort_key=brightness"
2026-03-23 02:51:57,356 - INFO - [pipeline.py:248] - [Grade: C] Saved to: /Users/kenfasano/Scripts/ScreenArt/Images/TransformedImages/lojong_2-C-scatter.jpeg
2026-03-23 02:51:57,387 - INFO - [pipeline.py:136] - "RadialWarpTransformer","radius=0.25,strength=102.48790726593595,45.4553830113739,116.73088380549095,style=push,pull,push"
2026-03-23 02:51:57,405 - INFO - [pipeline.py:248] - [Grade: C] Saved to: /Users/kenfasano/Scripts/ScreenArt/Images/TransformedImages/lojong_3-C-hero.jpeg
2026-03-23 02:51:57,446 - INFO - [pipeline.py:136] - "GlitchWarpTransformer","intensity=0.01"
2026-03-23 02:51:57,472 - INFO - [pipeline.py:136] - "FisheyeTransformer","shape=circle,strength=0.67,zoom=1.07"
2026-03-23 02:51:57,507 - INFO - [pipeline.py:136] - "FractalWarpTransformer","iter=1,scale=0.05"
2026-03-23 02:51:57,527 - INFO - [pipeline.py:248] - [Grade: C] Saved to: /Users/kenfasano/Scripts/ScreenArt/Images/TransformedImages/lojong_8-C-columns.jpeg
2026-03-23 02:51:57,572 - INFO - [pipeline.py:136] - "DataMoshTransformer","intensity=0.01"
2026-03-23 02:51:57,591 - INFO - [pipeline.py:248] - [Grade: C] Saved to: /Users/kenfasano/Scripts/ScreenArt/Images/TransformedImages/lojong_4-C-scatter.jpeg
2026-03-23 02:51:57,636 - INFO - [pipeline.py:136] - "ThermalImagingTransformer","thermal=True"
2026-03-23 02:51:57,664 - INFO - [pipeline.py:136] - "GlitchWarpTransformer","intensity=0.01"
2026-03-23 02:51:57,712 - INFO - [pipeline.py:136] - "HalftoneTransformer","size=2"
2026-03-23 02:51:57,825 - INFO - [pipeline.py:136] - "PixelSortTransformer","direction=cols,high=0.83,low=0.13,sort_key=blue"
2026-03-23 02:51:57,843 - INFO - [pipeline.py:248] - [Grade: A] Saved to: /Users/kenfasano/Scripts/ScreenArt/Images/TransformedImages/lojong_5-A-scatter.jpeg
2026-03-23 02:51:57,973 - INFO - [pipeline.py:136] - "OilPaintingTransformer","dyn_ratio=7,size=6"
2026-03-23 02:51:57,991 - INFO - [pipeline.py:248] - [Grade: C] Saved to: /Users/kenfasano/Scripts/ScreenArt/Images/TransformedImages/lojong_9-C-scatter.jpeg
2026-03-23 02:51:58,036 - INFO - [pipeline.py:136] - "ThermalImagingTransformer","thermal=True"
2026-03-23 02:51:58,090 - INFO - [pipeline.py:136] - "MeltMorphTransformer","intensity=0.50"
2026-03-23 02:51:58,109 - INFO - [pipeline.py:248] - [Grade: A] Saved to: /Users/kenfasano/Scripts/ScreenArt/Images/TransformedImages/lojong_6-A-scatter.jpeg
2026-03-23 02:51:58,168 - INFO - [pipeline.py:136] - "HalftoneTransformer","size=2"
2026-03-23 02:51:58,182 - INFO - [pipeline.py:136] - "ColormapTransformer","map=autumn"
2026-03-23 02:51:58,425 - INFO - [pipeline.py:136] - "VoronoiTransformer","edge_blend=1,num_points=184"
2026-03-23 02:51:58,444 - INFO - [pipeline.py:248] - [Grade: A] Saved to: /Users/kenfasano/Scripts/ScreenArt/Images/TransformedImages/lojong_7-A-hero.jpeg
2026-03-23 02:51:58,480 - INFO - [pipeline.py:136] - "GlitchWarpTransformer","intensity=0.01"
2026-03-23 02:51:58,576 - INFO - [pipeline.py:136] - "PixelSortTransformer","direction=rows,high=0.58,low=0.15,sort_key=green"
2026-03-23 02:51:58,686 - INFO - [pipeline.py:136] - "WheelTransformer","blend=lighter,copies=3"
2026-03-23 02:51:58,707 - INFO - [pipeline.py:248] - [Grade: A] Saved to: /Users/kenfasano/Scripts/ScreenArt/Images/TransformedImages/lojong_0-A-scatter.jpeg
2026-03-23 02:51:58,741 - INFO - [pipeline.py:136] - "RadialWarpTransformer","radius=0.25,strength=45.77604063080085,94.35212156867487,133.48720054177676,style=pull,push,push"
2026-03-23 02:51:58,760 - INFO - [pipeline.py:248] - [Grade: A] Saved to: /Users/kenfasano/Scripts/ScreenArt/Images/TransformedImages/lojong_1-A-scatter.jpeg
2026-03-23 02:51:58,816 - INFO - [pipeline.py:136] - "ThermalImagingTransformer","thermal=True"
2026-03-23 02:51:58,829 - INFO - [pipeline.py:136] - "ColormapTransformer","map=spring"
2026-03-23 02:51:58,851 - INFO - [pipeline.py:248] - [Grade: A] Saved to: /Users/kenfasano/Scripts/ScreenArt/Images/TransformedImages/psalms_131-A-columns.jpeg
2026-03-23 02:51:58,894 - INFO - [pipeline.py:136] - "FractalWarpTransformer","iter=1,scale=0.05"
2026-03-23 02:51:58,912 - INFO - [pipeline.py:248] - [Grade: A] Saved to: /Users/kenfasano/Scripts/ScreenArt/Images/TransformedImages/psalms_82-A-scatter.jpeg
2026-03-23 02:51:58,934 - INFO - [pipeline.py:136] - "ColormapTransformer","map=summer"
2026-03-23 02:51:58,953 - INFO - [pipeline.py:248] - [Grade: A] Saved to: /Users/kenfasano/Scripts/ScreenArt/Images/TransformedImages/psalms_110-A-scatter.jpeg
2026-03-23 02:51:58,996 - INFO - [pipeline.py:136] - "FractalWarpTransformer","iter=1,scale=0.05"
2026-03-23 02:51:59,023 - INFO - [pipeline.py:136] - "FisheyeTransformer","shape=oval,strength=0.33,zoom=1.08"
2026-03-23 02:51:59,036 - INFO - [pipeline.py:136] - "PosterizationTransformer","levels=4"
2026-03-23 02:51:59,063 - INFO - [pipeline.py:136] - "ChromaticAberrationTransformer","angle=119.80,edge_fade=1,shift=9.60"
2026-03-23 02:51:59,082 - INFO - [pipeline.py:248] - [Grade: C] Saved to: /Users/kenfasano/Scripts/ScreenArt/Images/TransformedImages/psalms_123-C-hero.jpeg
2026-03-23 02:51:59,129 - INFO - [pipeline.py:136] - "FractalWarpTransformer","iter=1,scale=0.05"
2026-03-23 02:51:59,234 - INFO - [pipeline.py:136] - "WheelTransformer","blend=lighter,copies=3"
2026-03-23 02:51:59,271 - INFO - [pipeline.py:136] - "ThermalImagingTransformer","thermal=True"
2026-03-23 02:51:59,290 - INFO - [pipeline.py:248] - [Grade: A] Saved to: /Users/kenfasano/Scripts/ScreenArt/Images/TransformedImages/psalms_5-A-tile.jpeg
2026-03-23 02:51:59,337 - INFO - [pipeline.py:136] - "FractalWarpTransformer","iter=1,scale=0.05"
2026-03-23 02:51:59,357 - INFO - [pipeline.py:136] - "RadialWarpTransformer","radius=0.25,strength=86.6575697307583,138.625425646481,style=push,push"
2026-03-23 02:51:59,378 - INFO - [pipeline.py:248] - [Grade: A] Saved to: /Users/kenfasano/Scripts/ScreenArt/Images/TransformedImages/psalms_52-A-tile.jpeg
2026-03-23 02:51:59,776 - INFO - [pipeline.py:136] - "VoronoiTransformer","edge_blend=1,num_points=308"
2026-03-23 02:51:59,790 - INFO - [pipeline.py:136] - "PosterizationTransformer","levels=4"
2026-03-23 02:51:59,911 - INFO - [pipeline.py:136] - "OilPaintingTransformer","dyn_ratio=8,size=5"
2026-03-23 02:51:59,929 - INFO - [pipeline.py:248] - [Grade: A] Saved to: /Users/kenfasano/Scripts/ScreenArt/Images/TransformedImages/psalms_144-A-scatter.jpeg
2026-03-23 02:51:59,951 - INFO - [pipeline.py:136] - "ColormapTransformer","map=ocean"
2026-03-23 02:52:00,290 - INFO - [pipeline.py:136] - "VoronoiTransformer","edge_blend=1,num_points=269"
2026-03-23 02:52:00,309 - INFO - [pipeline.py:248] - [Grade: A] Saved to: /Users/kenfasano/Scripts/ScreenArt/Images/TransformedImages/psalms_22-A-scatter.jpeg
2026-03-23 02:52:00,324 - INFO - [pipeline.py:136] - "ThermalImagingTransformer","thermal=True"
2026-03-23 02:52:00,356 - INFO - [pipeline.py:136] - "WheelTransformer","blend=lighter,copies=3"
2026-03-23 02:52:00,372 - INFO - [pipeline.py:136] - "MeltMorphTransformer","intensity=0.50"
2026-03-23 02:52:00,380 - INFO - [pipeline.py:248] - [Grade: A] Saved to: /Users/kenfasano/Scripts/ScreenArt/Images/TransformedImages/peripheral_drift_18-A.jpeg
2026-03-23 02:52:00,388 - INFO - [pipeline.py:136] - "ColormapTransformer","map=hsv"
2026-03-23 02:52:00,421 - INFO - [pipeline.py:136] - "FlipWilsonTransformer","keep=top_right,narrow=0.33"
2026-03-23 02:52:00,460 - INFO - [pipeline.py:136] - "VoronoiTransformer","edge_blend=1,num_points=74"
2026-03-23 02:52:00,466 - INFO - [pipeline.py:248] - [Grade: A] Saved to: /Users/kenfasano/Scripts/ScreenArt/Images/TransformedImages/peripheral_drift_2-A.jpeg
2026-03-23 02:52:00,477 - INFO - [pipeline.py:136] - "RadialWarpTransformer","radius=0.25,strength=117.0050884861932,114.67049551360844,style=pull,pull"
2026-03-23 02:52:00,481 - INFO - [pipeline.py:136] - "PosterizationTransformer","levels=4"
2026-03-23 02:52:00,520 - INFO - [pipeline.py:136] - "OilPaintingTransformer","dyn_ratio=2,size=6"
2026-03-23 02:52:00,526 - INFO - [pipeline.py:248] - [Grade: A] Saved to: /Users/kenfasano/Scripts/ScreenArt/Images/TransformedImages/peripheral_drift_14-A.jpeg
2026-03-23 02:52:00,538 - INFO - [pipeline.py:136] - "FisheyeTransformer","shape=circle,strength=0.34,zoom=0.91"
2026-03-23 02:52:00,551 - INFO - [pipeline.py:136] - "FluidWarpTransformer","alpha=18.21,sigma=5.59"
2026-03-23 02:52:00,673 - INFO - [pipeline.py:136] - "VoronoiTransformer","edge_blend=1,num_points=305"
2026-03-23 02:52:00,681 - INFO - [pipeline.py:248] - [Grade: A] Saved to: /Users/kenfasano/Scripts/ScreenArt/Images/TransformedImages/peripheral_drift_15-A.jpeg
2026-03-23 02:52:00,701 - INFO - [pipeline.py:136] - "MeltMorphTransformer","intensity=0.50"
2026-03-23 02:52:00,713 - INFO - [pipeline.py:136] - "DataMoshTransformer","intensity=0.02"
2026-03-23 02:52:00,721 - INFO - [pipeline.py:248] - [Grade: A] Saved to: /Users/kenfasano/Scripts/ScreenArt/Images/TransformedImages/peripheral_drift_3-A.jpeg
2026-03-23 02:52:00,731 - INFO - [pipeline.py:136] - "FisheyeTransformer","shape=oval,strength=0.78,zoom=0.99"
2026-03-23 02:52:00,742 - INFO - [pipeline.py:136] - "FluidWarpTransformer","alpha=11.43,sigma=4.14"
2026-03-23 02:52:00,775 - INFO - [pipeline.py:136] - "FlipWilsonTransformer","keep=top_right,narrow=0.33"
2026-03-23 02:52:00,782 - INFO - [pipeline.py:248] - [Grade: A] Saved to: /Users/kenfasano/Scripts/ScreenArt/Images/TransformedImages/peripheral_drift_19-A.jpeg
2026-03-23 02:52:00,801 - INFO - [pipeline.py:136] - "MeltMorphTransformer","intensity=0.50"
2026-03-23 02:52:00,806 - INFO - [pipeline.py:136] - "ColormapTransformer","map=cool"
2026-03-23 02:52:00,812 - INFO - [pipeline.py:136] - "RadialWarpTransformer","radius=0.25,strength=126.82132227565835,style=push"
2026-03-23 02:52:00,843 - INFO - [pipeline.py:136] - "WheelTransformer","blend=lighter,copies=3"
2026-03-23 02:52:00,850 - INFO - [pipeline.py:248] - [Grade: A] Saved to: /Users/kenfasano/Scripts/ScreenArt/Images/TransformedImages/peripheral_drift_12-A.jpeg
2026-03-23 02:52:00,888 - INFO - [pipeline.py:136] - "FlipWilsonTransformer","keep=top_right,narrow=0.33"
2026-03-23 02:52:00,899 - INFO - [pipeline.py:136] - "DataMoshTransformer","intensity=0.02"
2026-03-23 02:52:00,907 - INFO - [pipeline.py:248] - [Grade: A] Saved to: /Users/kenfasano/Scripts/ScreenArt/Images/TransformedImages/peripheral_drift_8-A.jpeg
2026-03-23 02:52:00,942 - INFO - [pipeline.py:136] - "FlipWilsonTransformer","keep=top_right,narrow=0.33"
2026-03-23 02:52:00,992 - INFO - [pipeline.py:136] - "PixelSortTransformer","direction=cols,high=0.71,low=0.23,sort_key=red"
2026-03-23 02:52:01,006 - INFO - [pipeline.py:136] - "HalftoneTransformer","size=2"
2026-03-23 02:52:01,012 - INFO - [pipeline.py:248] - [Grade: A] Saved to: /Users/kenfasano/Scripts/ScreenArt/Images/TransformedImages/peripheral_drift_4-A.jpeg
2026-03-23 02:52:01,044 - INFO - [pipeline.py:136] - "WheelTransformer","blend=lighter,copies=3"
2026-03-23 02:52:01,160 - INFO - [pipeline.py:136] - "VoronoiTransformer","edge_blend=1,num_points=290"
2026-03-23 02:52:01,166 - INFO - [pipeline.py:136] - "RadialWarpTransformer","radius=0.25,strength=101.26954447736442,style=push"
2026-03-23 02:52:01,177 - INFO - [pipeline.py:136] - "ThermalImagingTransformer","thermal=True"
2026-03-23 02:52:01,184 - INFO - [pipeline.py:248] - [Grade: A] Saved to: /Users/kenfasano/Scripts/ScreenArt/Images/TransformedImages/peripheral_drift_5-A.jpeg
2026-03-23 02:52:01,200 - INFO - [pipeline.py:136] - "FractalWarpTransformer","iter=1,scale=0.05"
2026-03-23 02:52:01,206 - INFO - [pipeline.py:248] - [Grade: A] Saved to: /Users/kenfasano/Scripts/ScreenArt/Images/TransformedImages/peripheral_drift_9-A.jpeg
2026-03-23 02:52:01,213 - INFO - [pipeline.py:136] - "PosterizationTransformer","levels=4"
2026-03-23 02:52:01,221 - INFO - [pipeline.py:136] - "GlitchWarpTransformer","intensity=0.01"
2026-03-23 02:52:01,239 - INFO - [pipeline.py:136] - "KaleidoscopeTransformer","cx_off=0.18,cy_off=-0.13,segments=8"
2026-03-23 02:52:01,291 - INFO - [pipeline.py:136] - "VoronoiTransformer","edge_blend=1,num_points=111"
2026-03-23 02:52:01,297 - INFO - [pipeline.py:248] - [Grade: A] Saved to: /Users/kenfasano/Scripts/ScreenArt/Images/TransformedImages/peripheral_drift_13-A.jpeg
2026-03-23 02:52:01,346 - INFO - [pipeline.py:136] - "PixelSortTransformer","direction=cols,high=0.57,low=0.13,sort_key=green"
2026-03-23 02:52:01,353 - INFO - [pipeline.py:248] - [Grade: A] Saved to: /Users/kenfasano/Scripts/ScreenArt/Images/TransformedImages/peripheral_drift_10-A.jpeg
2026-03-23 02:52:01,386 - INFO - [pipeline.py:136] - "WheelTransformer","blend=lighter,copies=3"
2026-03-23 02:52:01,390 - INFO - [pipeline.py:136] - "PosterizationTransformer","levels=4"
2026-03-23 02:52:01,406 - INFO - [pipeline.py:136] - "KaleidoscopeTransformer","cx_off=-0.13,cy_off=-0.20,segments=12"
2026-03-23 02:52:01,414 - INFO - [pipeline.py:248] - [Grade: A] Saved to: /Users/kenfasano/Scripts/ScreenArt/Images/TransformedImages/peripheral_drift_6-A.jpeg
2026-03-23 02:52:01,430 - INFO - [pipeline.py:136] - "SwirlWarpTransformer","strength=1.50"
2026-03-23 02:52:01,441 - INFO - [pipeline.py:136] - "FractalWarpTransformer","iter=1,scale=0.05"
2026-03-23 02:52:01,452 - INFO - [pipeline.py:136] - "FluidWarpTransformer","alpha=11.99,sigma=3.51"
2026-03-23 02:52:01,462 - INFO - [pipeline.py:136] - "RadialWarpTransformer","radius=0.25,strength=63.31976595539173,48.85060604504847,43.85437937867368,style=push,push,push"
2026-03-23 02:52:01,469 - INFO - [pipeline.py:248] - [Grade: A] Saved to: /Users/kenfasano/Scripts/ScreenArt/Images/TransformedImages/peripheral_drift_7-A.jpeg
2026-03-23 02:52:01,488 - INFO - [pipeline.py:136] - "KaleidoscopeTransformer","cx_off=-0.16,cy_off=-0.08,segments=8"
2026-03-23 02:52:01,500 - INFO - [pipeline.py:136] - "SwirlWarpTransformer","strength=1.50"
2026-03-23 02:52:01,506 - INFO - [pipeline.py:248] - [Grade: A] Saved to: /Users/kenfasano/Scripts/ScreenArt/Images/TransformedImages/peripheral_drift_11-A.jpeg
2026-03-23 02:52:01,641 - INFO - [pipeline.py:136] - "VoronoiTransformer","edge_blend=1,num_points=334"
2026-03-23 02:52:01,673 - INFO - [pipeline.py:136] - "FlipWilsonTransformer","keep=top_right,narrow=0.33"
2026-03-23 02:52:01,677 - INFO - [pipeline.py:136] - "PosterizationTransformer","levels=4"
2026-03-23 02:52:01,684 - INFO - [pipeline.py:248] - [Grade: A] Saved to: /Users/kenfasano/Scripts/ScreenArt/Images/TransformedImages/peripheral_drift_20-A.jpeg
2026-03-23 02:52:01,702 - INFO - [pipeline.py:136] - "HalftoneTransformer","size=2"
2026-03-23 02:52:01,712 - INFO - [pipeline.py:136] - "FractalWarpTransformer","iter=1,scale=0.05"
2026-03-23 02:52:01,718 - INFO - [pipeline.py:248] - [Grade: A] Saved to: /Users/kenfasano/Scripts/ScreenArt/Images/TransformedImages/peripheral_drift_16-A.jpeg
2026-03-23 02:52:01,730 - INFO - [pipeline.py:136] - "GlitchWarpTransformer","intensity=0.01"
2026-03-23 02:52:01,737 - INFO - [pipeline.py:136] - "FisheyeTransformer","shape=circle,strength=0.30,zoom=1.11"
2026-03-23 02:52:01,749 - INFO - [pipeline.py:136] - "SwirlWarpTransformer","strength=1.50"
2026-03-23 02:52:01,756 - INFO - [pipeline.py:248] - [Grade: A] Saved to: /Users/kenfasano/Scripts/ScreenArt/Images/TransformedImages/peripheral_drift_17-A.jpeg
2026-03-23 02:52:01,771 - INFO - [pipeline.py:136] - "SwirlWarpTransformer","strength=1.50"
2026-03-23 02:52:01,779 - INFO - [pipeline.py:136] - "GlitchWarpTransformer","intensity=0.01"
2026-03-23 02:52:01,787 - INFO - [pipeline.py:248] - [Grade: A] Saved to: /Users/kenfasano/Scripts/ScreenArt/Images/TransformedImages/peripheral_drift_1-A.jpeg
2026-03-23 02:52:01,787 - INFO - [main.py:186] - WatercolorTransformer
2026-03-23 02:52:01,787 - INFO - [main.py:186] - VoronoiTransformer
2026-03-23 02:52:01,787 - INFO - [main.py:186] - OilPaintingTransformer
2026-03-23 02:52:01,787 - INFO - [main.py:186] - PixelSortTransformer
2026-03-23 02:52:01,787 - INFO - [main.py:186] - WheelTransformer
2026-03-23 02:52:01,787 - INFO - [main.py:186] - FlipWilsonTransformer
2026-03-23 02:52:01,787 - INFO - [main.py:186] - ThermalImagingTransformer
2026-03-23 02:52:01,787 - INFO - [main.py:186] - KaleidoscopeTransformer
2026-03-23 02:52:01,787 - INFO - [main.py:186] - FluidWarpTransformer
2026-03-23 02:52:01,787 - INFO - [main.py:186] - MeltMorphTransformer
2026-03-23 02:52:01,787 - INFO - [main.py:186] - HalftoneTransformer
2026-03-23 02:52:01,787 - INFO - [main.py:186] - FractalWarpTransformer
2026-03-23 02:52:01,788 - INFO - [main.py:186] - DataMoshTransformer
2026-03-23 02:52:01,788 - INFO - [main.py:186] - ChromaticAberrationTransformer
2026-03-23 02:52:01,788 - INFO - [main.py:186] - GlitchWarpTransformer
2026-03-23 02:52:01,788 - INFO - [main.py:186] - FisheyeTransformer
2026-03-23 02:52:01,788 - INFO - [main.py:186] - RadialWarpTransformer
2026-03-23 02:52:01,788 - INFO - [main.py:186] - SwirlWarpTransformer
2026-03-23 02:52:01,788 - INFO - [main.py:186] - PosterizationTransformer
2026-03-23 02:52:01,788 - INFO - [main.py:186] - ColormapTransformer
2026-03-23 02:52:01,788 - INFO - [main.py:229] - 27s@02:52 ✓
Accepted: 73
Rejected: 2
---
Bible                      ->  5259ms
Wiki                       ->  4336ms
Lojong                     ->  3200ms
Nasa                       ->  1421ms
NasaMapGenerator           ->  1120ms
GoesGenerator              ->   581ms
Bubbles                    ->   513ms
PeripheralDriftIllusion    ->   294ms
Cubes                      ->   273ms
---
WatercolorTransformer            -> Min:   216ms | Avg:   216ms | Max:   216ms
VoronoiTransformer               -> Min:    38ms | Avg:   167ms | Max:   390ms
OilPaintingTransformer           -> Min:    39ms | Avg:   109ms | Max:   134ms
PixelSortTransformer             -> Min:     6ms | Avg:   107ms | Max:   575ms
WheelTransformer                 -> Min:    30ms | Avg:    94ms | Max:   297ms
FlipWilsonTransformer            -> Min:    32ms | Avg:    71ms | Max:   140ms
ThermalImagingTransformer        -> Min:    11ms | Avg:    47ms | Max:   143ms
KaleidoscopeTransformer          -> Min:    16ms | Avg:    45ms | Max:   146ms
FluidWarpTransformer             -> Min:    11ms | Avg:    39ms | Max:   121ms
MeltMorphTransformer             -> Min:    17ms | Avg:    34ms | Max:    60ms
HalftoneTransformer              -> Min:     6ms | Avg:    30ms | Max:    48ms
FractalWarpTransformer           -> Min:    11ms | Avg:    29ms | Max:    38ms
DataMoshTransformer              -> Min:     9ms | Avg:    25ms | Max:    38ms
ChromaticAberrationTransformer   -> Min:     9ms | Avg:    22ms | Max:    28ms
GlitchWarpTransformer            -> Min:     7ms | Avg:    20ms | Max:    30ms
FisheyeTransformer               -> Min:     7ms | Avg:    17ms | Max:    31ms
RadialWarpTransformer            -> Min:     6ms | Avg:    14ms | Max:    25ms
SwirlWarpTransformer             -> Min:    10ms | Avg:    12ms | Max:    14ms
PosterizationTransformer         -> Min:     4ms | Avg:    12ms | Max:    31ms
ColormapTransformer              -> Min:     5ms | Avg:    11ms | Max:    14ms
