2026-03-12 11:49:17,096 - INFO - [pipeline.py:47] - "FractalWarpTransformer","iter=1,scale=0.05"
2026-03-12 11:49:17,145 - INFO - [pipeline.py:47] - "DataMoshTransformer","intensity=0.02"
2026-03-12 11:49:17,159 - INFO - [pipeline.py:47] - "PosterizationTransformer","levels=4"
2026-03-12 11:49:17,191 - INFO - [pipeline.py:47] - "TritoneTransformer","highlight=#dbaca5,mid=#437ca2,shadow=#7a3cc7"
2026-03-12 11:49:17,209 - INFO - [pipeline.py:154] - [Grade: C] Saved to: /Users/kenfasano/Scripts/ScreenArt/Images/TransformedImages/bubbles_4-C.jpeg
2026-03-12 11:49:17,248 - INFO - [pipeline.py:47] - "GlitchWarpTransformer","intensity=0.01"
2026-03-12 11:49:17,262 - INFO - [pipeline.py:47] - "PosterizationTransformer","levels=4"
2026-03-12 11:49:17,282 - INFO - [pipeline.py:154] - [Grade: B] Saved to: /Users/kenfasano/Scripts/ScreenArt/Images/TransformedImages/bubbles_8-B.jpeg
2026-03-12 11:49:17,328 - INFO - [pipeline.py:47] - "SwirlWarpTransformer","strength=1.50"
2026-03-12 11:49:17,391 - INFO - [pipeline.py:47] - "AnamorphicTransformer","intensity=0.0,0.2,0.4,0.6,0.8,thresh=80"
2026-03-12 11:49:17,448 - INFO - [pipeline.py:47] - "MeltMorphTransformer","intensity=0.50"
2026-03-12 11:49:17,479 - INFO - [pipeline.py:47] - "ThreeDExtrusionTransformer","ambient=0.33,intensity=0.50"
2026-03-12 11:49:17,494 - INFO - [pipeline.py:154] - [Grade: F] Saved to: /Users/kenfasano/Scripts/ScreenArt/Images/Rejected/bubbles_9-F.jpeg
2026-03-12 11:49:17,519 - INFO - [pipeline.py:47] - "PosterizationTransformer","levels=4"
2026-03-12 11:49:17,557 - INFO - [pipeline.py:47] - "WheelTransformer","blend=normal,copies=4"
2026-03-12 11:49:17,615 - INFO - [pipeline.py:47] - "MeltMorphTransformer","intensity=0.50"
2026-03-12 11:49:17,646 - INFO - [pipeline.py:47] - "ThreeDExtrusionTransformer","ambient=0.29,intensity=0.50"
2026-03-12 11:49:17,662 - INFO - [pipeline.py:154] - [Grade: F] Saved to: /Users/kenfasano/Scripts/ScreenArt/Images/Rejected/bubbles_5-F.jpeg
2026-03-12 11:49:17,724 - INFO - [pipeline.py:47] - "MeltMorphTransformer","intensity=0.50"
2026-03-12 11:49:17,741 - INFO - [pipeline.py:154] - [Grade: A] Saved to: /Users/kenfasano/Scripts/ScreenArt/Images/TransformedImages/bubbles_2-A.jpeg
2026-03-12 11:49:17,772 - INFO - [pipeline.py:47] - "RadialWarpTransformer","radius=0.25,strength=111.99702327895284,68.35682323974703,122.87981611082196,style=push,push,push"
2026-03-12 11:49:17,993 - INFO - [pipeline.py:47] - "WatercolorTransformer","scale=0.85,style=monet"
2026-03-12 11:49:18,003 - INFO - [pipeline.py:47] - "InvertRGBTransformer","blend=0.63"
2026-03-12 11:49:18,032 - INFO - [pipeline.py:47] - "GlitchWarpTransformer","intensity=0.01"
2026-03-12 11:49:18,052 - INFO - [pipeline.py:154] - [Grade: C] Saved to: /Users/kenfasano/Scripts/ScreenArt/Images/TransformedImages/bubbles_3-C.jpeg
2026-03-12 11:49:18,098 - INFO - [pipeline.py:47] - "SwirlWarpTransformer","strength=1.50"
2026-03-12 11:49:18,132 - INFO - [pipeline.py:47] - "FractalWarpTransformer","iter=1,scale=0.05"
2026-03-12 11:49:18,148 - INFO - [pipeline.py:154] - [Grade: A] Saved to: /Users/kenfasano/Scripts/ScreenArt/Images/TransformedImages/bubbles_10-A.jpeg
2026-03-12 11:49:18,218 - INFO - [pipeline.py:47] - "AnamorphicTransformer","intensity=0.0,0.2,0.4,0.6,0.8,thresh=80"
2026-03-12 11:49:18,235 - INFO - [pipeline.py:154] - [Grade: F] Saved to: /Users/kenfasano/Scripts/ScreenArt/Images/Rejected/bubbles_1-F.jpeg
2026-03-12 11:49:18,351 - INFO - [pipeline.py:47] - "FlipWilsonTransformer","keep=bottom_right,narrow=0.42"
2026-03-12 11:49:18,381 - INFO - [pipeline.py:47] - "TritoneTransformer","highlight=#d69f2e,mid=#286afb,shadow=#1c9876"
2026-03-12 11:49:18,397 - INFO - [pipeline.py:154] - [Grade: F] Saved to: /Users/kenfasano/Scripts/ScreenArt/Images/Rejected/bubbles_6-F.jpeg
2026-03-12 11:49:18,510 - INFO - [pipeline.py:47] - "XrayTransformer","colors=64"
2026-03-12 11:49:18,551 - INFO - [pipeline.py:47] - "AnamorphicTransformer","intensity=0.0,0.2,0.4,0.6,0.8,thresh=80"
2026-03-12 11:49:18,567 - INFO - [pipeline.py:154] - [Grade: C] Saved to: /Users/kenfasano/Scripts/ScreenArt/Images/TransformedImages/bubbles_7-C.jpeg
2026-03-12 11:49:18,613 - INFO - [pipeline.py:47] - "SwirlWarpTransformer","strength=1.50"
2026-03-12 11:49:18,714 - INFO - [pipeline.py:47] - "FlipWilsonTransformer","keep=bottom_right,narrow=0.42"
2026-03-12 11:49:18,731 - INFO - [pipeline.py:154] - [Grade: A] Saved to: /Users/kenfasano/Scripts/ScreenArt/Images/TransformedImages/cubes_2-A.jpeg
2026-03-12 11:49:18,754 - INFO - [pipeline.py:47] - "ColormapTransformer","map=ocean"
2026-03-12 11:49:18,786 - INFO - [pipeline.py:47] - "GlitchWarpTransformer","intensity=0.01"
2026-03-12 11:49:18,826 - INFO - [pipeline.py:47] - "DataMoshTransformer","intensity=0.01"
2026-03-12 11:49:18,860 - INFO - [pipeline.py:47] - "WheelTransformer","blend=normal,copies=4"
2026-03-12 11:49:18,878 - INFO - [pipeline.py:154] - [Grade: A] Saved to: /Users/kenfasano/Scripts/ScreenArt/Images/TransformedImages/cubes_3-A.jpeg
2026-03-12 11:49:18,925 - INFO - [pipeline.py:47] - "DataMoshTransformer","intensity=0.02"
2026-03-12 11:49:19,148 - INFO - [pipeline.py:47] - "WatercolorTransformer","scale=0.85,style=psychedelic"
2026-03-12 11:49:19,165 - INFO - [pipeline.py:154] - [Grade: A] Saved to: /Users/kenfasano/Scripts/ScreenArt/Images/TransformedImages/cubes_4-A.jpeg
2026-03-12 11:49:19,211 - INFO - [pipeline.py:47] - "SwirlWarpTransformer","strength=1.50"
2026-03-12 11:49:19,242 - INFO - [pipeline.py:47] - "ThreeDExtrusionTransformer","ambient=0.34,intensity=0.50"
2026-03-12 11:49:19,258 - INFO - [pipeline.py:154] - [Grade: F] Saved to: /Users/kenfasano/Scripts/ScreenArt/Images/Rejected/cubes_5-F.jpeg
2026-03-12 11:49:19,295 - INFO - [pipeline.py:47] - "ThreeDExtrusionTransformer","ambient=0.60,intensity=0.50"
2026-03-12 11:49:19,329 - INFO - [pipeline.py:47] - "FluidWarpTransformer","alpha=5.59,sigma=3.04"
2026-03-12 11:49:19,345 - INFO - [pipeline.py:154] - [Grade: A] Saved to: /Users/kenfasano/Scripts/ScreenArt/Images/TransformedImages/cubes_6-A.jpeg
2026-03-12 11:49:19,417 - INFO - [pipeline.py:47] - "AnamorphicTransformer","intensity=0.0,0.2,0.4,0.6,0.8,thresh=80"
2026-03-12 11:49:19,632 - INFO - [pipeline.py:47] - "WatercolorTransformer","scale=0.85,style=psychedelic"
2026-03-12 11:49:19,669 - INFO - [pipeline.py:47] - "SwirlWarpTransformer","strength=1.50"
2026-03-12 11:49:19,706 - INFO - [pipeline.py:47] - "DataMoshTransformer","intensity=0.02"
2026-03-12 11:49:19,722 - INFO - [pipeline.py:154] - [Grade: C] Saved to: /Users/kenfasano/Scripts/ScreenArt/Images/TransformedImages/cubes_1-C.jpeg
2026-03-12 11:49:19,736 - INFO - [pipeline.py:47] - "RadialWarpTransformer","radius=0.25,strength=37.45790095085054,style=pull"
2026-03-12 11:49:19,742 - INFO - [pipeline.py:47] - "PosterizationTransformer","levels=4"
2026-03-12 11:49:19,751 - INFO - [pipeline.py:154] - [Grade: A] Saved to: /Users/kenfasano/Scripts/ScreenArt/Images/TransformedImages/Cycle-Panel-1024px-A.jpg
2026-03-12 11:49:19,758 - INFO - [pipeline.py:47] - "PosterizationTransformer","levels=4"
2026-03-12 11:49:19,764 - INFO - [pipeline.py:154] - [Grade: B] Saved to: /Users/kenfasano/Scripts/ScreenArt/Images/TransformedImages/Pluto2010_gralakF33_900-B.jpg
2026-03-12 11:49:19,886 - INFO - [pipeline.py:47] - "WatercolorTransformer","scale=0.85,style=monet"
2026-03-12 11:49:19,900 - INFO - [pipeline.py:47] - "GlitchWarpTransformer","intensity=0.01"
2026-03-12 11:49:19,910 - INFO - [pipeline.py:154] - [Grade: A] Saved to: /Users/kenfasano/Scripts/ScreenArt/Images/TransformedImages/ic405s_2block1024-A.jpg
2026-03-12 11:49:19,918 - INFO - [pipeline.py:47] - "ThermalImagingTransformer","thermal=True"
2026-03-12 11:49:19,921 - INFO - [pipeline.py:154] - [Grade: A] Saved to: /Users/kenfasano/Scripts/ScreenArt/Images/TransformedImages/dr6_spitzer-A.jpg
2026-03-12 11:49:19,933 - INFO - [pipeline.py:47] - "ThermalImagingTransformer","thermal=True"
2026-03-12 11:49:19,938 - INFO - [pipeline.py:154] - [Grade: A] Saved to: /Users/kenfasano/Scripts/ScreenArt/Images/TransformedImages/mice_hst-A.jpg
2026-03-12 11:49:19,954 - INFO - [pipeline.py:47] - "FluidWarpTransformer","alpha=18.70,sigma=1.27"
2026-03-12 11:49:19,991 - INFO - [pipeline.py:47] - "FlipWilsonTransformer","keep=bottom_right,narrow=0.42"
2026-03-12 11:49:20,005 - INFO - [pipeline.py:47] - "DataMoshTransformer","intensity=0.01"
2026-03-12 11:49:20,019 - INFO - [pipeline.py:47] - "FractalWarpTransformer","iter=1,scale=0.05"
2026-03-12 11:49:20,026 - INFO - [pipeline.py:154] - [Grade: A] Saved to: /Users/kenfasano/Scripts/ScreenArt/Images/TransformedImages/GumMountain_WangJin_1080-A.jpg
2026-03-12 11:49:20,060 - INFO - [pipeline.py:47] - "WheelTransformer","blend=normal,copies=4"
2026-03-12 11:49:20,063 - INFO - [pipeline.py:47] - "InvertRGBTransformer","blend=0.57"
2026-03-12 11:49:20,076 - INFO - [pipeline.py:47] - "ThermalImagingTransformer","thermal=True"
2026-03-12 11:49:20,088 - INFO - [pipeline.py:47] - "AnamorphicTransformer","intensity=0.0,0.2,0.4,0.6,0.8,thresh=80"
2026-03-12 11:49:20,095 - INFO - [pipeline.py:154] - [Grade: B] Saved to: /Users/kenfasano/Scripts/ScreenArt/Images/TransformedImages/LDN1251gualco1024-B.JPG
2026-03-12 11:49:20,134 - INFO - [pipeline.py:47] - "WatercolorTransformer","scale=0.85,style=psychedelic"
2026-03-12 11:49:20,137 - INFO - [pipeline.py:154] - [Grade: C] Saved to: /Users/kenfasano/Scripts/ScreenArt/Images/TransformedImages/saturn3play_wienerroither_c-C.jpg
2026-03-12 11:49:20,149 - INFO - [pipeline.py:47] - "FisheyeTransformer","shape=oval,strength=0.47,zoom=1.09"
2026-03-12 11:49:20,167 - INFO - [pipeline.py:47] - "MeltMorphTransformer","intensity=0.50"
2026-03-12 11:49:20,172 - INFO - [pipeline.py:154] - [Grade: F] Saved to: /Users/kenfasano/Scripts/ScreenArt/Images/Rejected/FirstMoonset-SHonda1024-F.jpg
2026-03-12 11:49:20,186 - INFO - [pipeline.py:47] - "ThermalImagingTransformer","thermal=True"
2026-03-12 11:49:20,212 - INFO - [pipeline.py:47] - "DuotoneTransformer","highlight=#c75d34,shadow=#836fe6"
2026-03-12 11:49:20,226 - INFO - [pipeline.py:47] - "AnamorphicTransformer","intensity=0.0,0.2,0.4,0.6,0.8,thresh=80"
2026-03-12 11:49:20,231 - INFO - [pipeline.py:154] - [Grade: B] Saved to: /Users/kenfasano/Scripts/ScreenArt/Images/TransformedImages/w5_spitzer_900-B.jpg
2026-03-12 11:49:20,292 - INFO - [pipeline.py:47] - "AnamorphicTransformer","intensity=0.0,0.2,0.4,0.6,0.8,thresh=80"
2026-03-12 11:49:20,307 - INFO - [pipeline.py:47] - "ThermalImagingTransformer","thermal=True"
2026-03-12 11:49:20,313 - INFO - [pipeline.py:154] - [Grade: C] Saved to: /Users/kenfasano/Scripts/ScreenArt/Images/TransformedImages/ChristmasTree-ConeNebula-CumeadaObservatoryDSA-net1100-C.jpg
2026-03-12 11:49:20,355 - INFO - [pipeline.py:47] - "TritoneTransformer","highlight=#7dc707,mid=#4fce04,shadow=#27e155"
2026-03-12 11:49:20,373 - INFO - [pipeline.py:154] - [Grade: F] Saved to: /Users/kenfasano/Scripts/ScreenArt/Images/Rejected/nasa_earth_1_Mumbai_True_Color-F.jpeg
2026-03-12 11:49:20,546 - INFO - [pipeline.py:47] - "WatercolorTransformer","scale=0.85,style=psychedelic"
2026-03-12 11:49:20,559 - INFO - [pipeline.py:154] - [Grade: A] Saved to: /Users/kenfasano/Scripts/ScreenArt/Images/TransformedImages/noaa_goes_1_se_Sandwich_RGB-A.jpeg
2026-03-12 11:49:20,710 - INFO - [pipeline.py:47] - "ThreeDExtrusionTransformer","ambient=0.54,intensity=0.50"
2026-03-12 11:49:20,936 - INFO - [pipeline.py:47] - "XrayTransformer","colors=128"
2026-03-12 11:49:20,969 - INFO - [pipeline.py:154] - [Grade: B] Saved to: /Users/kenfasano/Scripts/ScreenArt/Images/TransformedImages/lossless-page1--B.jpeg
2026-03-12 11:49:21,044 - INFO - [pipeline.py:47] - "AnamorphicTransformer","intensity=0.0,0.2,0.4,0.6,0.8,thresh=80"
2026-03-12 11:49:21,057 - INFO - [pipeline.py:154] - [Grade: F] Saved to: /Users/kenfasano/Scripts/ScreenArt/Images/Rejected/1280px-Gołąbki_-F.jpeg
2026-03-12 11:49:21,092 - INFO - [pipeline.py:47] - "RadialWarpTransformer","radius=0.25,strength=125.57775261714642,style=push"
2026-03-12 11:49:21,209 - INFO - [pipeline.py:47] - "FlipWilsonTransformer","keep=bottom_right,narrow=0.42"
2026-03-12 11:49:21,234 - INFO - [pipeline.py:154] - [Grade: A] Saved to: /Users/kenfasano/Scripts/ScreenArt/Images/TransformedImages/Jermuk_W-A.jpeg
2026-03-12 11:49:21,306 - INFO - [pipeline.py:47] - "SwirlWarpTransformer","strength=1.50"
2026-03-12 11:49:21,324 - INFO - [pipeline.py:47] - "PosterizationTransformer","levels=4"
2026-03-12 11:49:21,373 - INFO - [pipeline.py:47] - "DataMoshTransformer","intensity=0.01"
2026-03-12 11:49:21,428 - INFO - [pipeline.py:47] - "FractalWarpTransformer","iter=1,scale=0.05"
2026-03-12 11:49:21,453 - INFO - [pipeline.py:154] - [Grade: A] Saved to: /Users/kenfasano/Scripts/ScreenArt/Images/TransformedImages/Avenue_V-A.jpeg
2026-03-12 11:49:22,040 - INFO - [pipeline.py:47] - "WatercolorTransformer","scale=0.85,style=monet"
2026-03-12 11:49:22,140 - INFO - [pipeline.py:47] - "SwirlWarpTransformer","strength=1.50"
2026-03-12 11:49:22,184 - INFO - [pipeline.py:154] - [Grade: A] Saved to: /Users/kenfasano/Scripts/ScreenArt/Images/TransformedImages/West_Hig-A.jpeg
2026-03-12 11:49:22,243 - INFO - [pipeline.py:47] - "WheelTransformer","blend=normal,copies=4"
2026-03-12 11:49:22,307 - INFO - [pipeline.py:47] - "HalftoneTransformer","size=2"
2026-03-12 11:49:22,329 - INFO - [pipeline.py:154] - [Grade: A] Saved to: /Users/kenfasano/Scripts/ScreenArt/Images/TransformedImages/Cemita_d-A.jpeg
2026-03-12 11:49:22,371 - INFO - [pipeline.py:47] - "ThermalImagingTransformer","thermal=True"
2026-03-12 11:49:22,592 - INFO - [pipeline.py:47] - "WatercolorTransformer","scale=0.85,style=monet"
2026-03-12 11:49:22,608 - INFO - [pipeline.py:154] - [Grade: B] Saved to: /Users/kenfasano/Scripts/ScreenArt/Images/TransformedImages/lojong_2-B-hero.jpeg
2026-03-12 11:49:22,654 - INFO - [pipeline.py:47] - "SwirlWarpTransformer","strength=1.50"
2026-03-12 11:49:22,677 - INFO - [pipeline.py:47] - "RadialWarpTransformer","radius=0.25,strength=100.34157242903318,95.88696295828008,109.06701308022147,style=pull,pull,pull"
2026-03-12 11:49:22,714 - INFO - [pipeline.py:47] - "ThermalImagingTransformer","thermal=True"
2026-03-12 11:49:22,733 - INFO - [pipeline.py:154] - [Grade: A] Saved to: /Users/kenfasano/Scripts/ScreenArt/Images/TransformedImages/lojong_3-A-hero.jpeg
2026-03-12 11:49:22,755 - INFO - [pipeline.py:47] - "InvertRGBTransformer","blend=0.84"
2026-03-12 11:49:22,793 - INFO - [pipeline.py:47] - "ThermalImagingTransformer","thermal=True"
2026-03-12 11:49:22,812 - INFO - [pipeline.py:154] - [Grade: A] Saved to: /Users/kenfasano/Scripts/ScreenArt/Images/TransformedImages/lojong_8-A-tile.jpeg
2026-03-12 11:49:22,926 - INFO - [pipeline.py:47] - "DuotoneTransformer","highlight=#873a86,shadow=#2ccd4f"
2026-03-12 11:49:22,964 - INFO - [pipeline.py:47] - "ThermalImagingTransformer","thermal=True"
2026-03-12 11:49:23,007 - INFO - [pipeline.py:47] - "SwirlWarpTransformer","strength=1.50"
2026-03-12 11:49:23,025 - INFO - [pipeline.py:154] - [Grade: A] Saved to: /Users/kenfasano/Scripts/ScreenArt/Images/TransformedImages/lojong_4-A-tile.jpeg
2026-03-12 11:49:23,087 - INFO - [pipeline.py:47] - "HalftoneTransformer","size=2"
2026-03-12 11:49:23,101 - INFO - [pipeline.py:47] - "ColormapTransformer","map=hot"
2026-03-12 11:49:23,118 - INFO - [pipeline.py:154] - [Grade: A] Saved to: /Users/kenfasano/Scripts/ScreenArt/Images/TransformedImages/lojong_5-A-columns.jpeg
2026-03-12 11:49:23,139 - INFO - [pipeline.py:47] - "ColormapTransformer","map=hot"
2026-03-12 11:49:23,150 - INFO - [pipeline.py:47] - "InvertRGBTransformer","blend=0.84"
2026-03-12 11:49:23,217 - INFO - [pipeline.py:47] - "XrayTransformer","colors=64"
2026-03-12 11:49:23,257 - INFO - [pipeline.py:47] - "SwirlWarpTransformer","strength=1.50"
2026-03-12 11:49:23,273 - INFO - [pipeline.py:154] - [Grade: F] Saved to: /Users/kenfasano/Scripts/ScreenArt/Images/Rejected/lojong_9-F-scatter.jpeg
2026-03-12 11:49:23,292 - INFO - [pipeline.py:47] - "InvertRGBTransformer","blend=0.61"
2026-03-12 11:49:23,309 - INFO - [pipeline.py:154] - [Grade: F] Saved to: /Users/kenfasano/Scripts/ScreenArt/Images/Rejected/lojong_6-F-tile.jpeg
2026-03-12 11:49:23,341 - INFO - [pipeline.py:47] - "RadialWarpTransformer","radius=0.25,strength=50.739153388504754,style=pull"
2026-03-12 11:49:23,358 - INFO - [pipeline.py:154] - [Grade: A] Saved to: /Users/kenfasano/Scripts/ScreenArt/Images/TransformedImages/lojong_7-A-tile.jpeg
2026-03-12 11:49:23,384 - INFO - [pipeline.py:47] - "ColormapTransformer","map=rainbow"
2026-03-12 11:49:23,411 - INFO - [pipeline.py:154] - [Grade: A] Saved to: /Users/kenfasano/Scripts/ScreenArt/Images/TransformedImages/lojong_0-A-columns.jpeg
2026-03-12 11:49:23,436 - INFO - [pipeline.py:47] - "PosterizationTransformer","levels=4"
2026-03-12 11:49:23,473 - INFO - [pipeline.py:47] - "ThermalImagingTransformer","thermal=True"
2026-03-12 11:49:23,501 - INFO - [pipeline.py:47] - "FisheyeTransformer","shape=oval,strength=0.21,zoom=1.10"
2026-03-12 11:49:23,609 - INFO - [pipeline.py:47] - "DuotoneTransformer","highlight=#4077e3,shadow=#43284a"
2026-03-12 11:49:23,626 - INFO - [pipeline.py:154] - [Grade: A] Saved to: /Users/kenfasano/Scripts/ScreenArt/Images/TransformedImages/lojong_1-A-scatter.jpeg
2026-03-12 11:49:23,687 - INFO - [pipeline.py:47] - "AnamorphicTransformer","intensity=0.0,0.2,0.4,0.6,0.8,thresh=80"
2026-03-12 11:49:23,702 - INFO - [pipeline.py:154] - [Grade: A] Saved to: /Users/kenfasano/Scripts/ScreenArt/Images/TransformedImages/psalms_56-A-hero.jpeg
2026-03-12 11:49:23,747 - INFO - [pipeline.py:47] - "SwirlWarpTransformer","strength=1.50"
2026-03-12 11:49:23,801 - INFO - [pipeline.py:47] - "MeltMorphTransformer","intensity=0.50"
2026-03-12 11:49:23,860 - INFO - [pipeline.py:47] - "AnamorphicTransformer","intensity=0.0,0.2,0.4,0.6,0.8,thresh=80"
2026-03-12 11:49:23,876 - INFO - [pipeline.py:154] - [Grade: B] Saved to: /Users/kenfasano/Scripts/ScreenArt/Images/TransformedImages/psalms_17-B-tile.jpeg
2026-03-12 11:49:23,911 - INFO - [pipeline.py:47] - "FluidWarpTransformer","alpha=10.23,sigma=0.52"
2026-03-12 11:49:24,136 - INFO - [pipeline.py:47] - "WatercolorTransformer","scale=0.85,style=monet"
2026-03-12 11:49:24,152 - INFO - [pipeline.py:154] - [Grade: F] Saved to: /Users/kenfasano/Scripts/ScreenArt/Images/Rejected/psalms_127-F-scatter.jpeg
2026-03-12 11:49:24,184 - INFO - [pipeline.py:47] - "FisheyeTransformer","shape=circle,strength=0.26,zoom=1.06"
2026-03-12 11:49:24,231 - INFO - [pipeline.py:47] - "SwirlWarpTransformer","strength=1.50"
2026-03-12 11:49:24,286 - INFO - [pipeline.py:47] - "MeltMorphTransformer","intensity=0.50"
2026-03-12 11:49:24,335 - INFO - [pipeline.py:47] - "FluidWarpTransformer","alpha=0.59,sigma=6.86"
2026-03-12 11:49:24,355 - INFO - [pipeline.py:154] - [Grade: B] Saved to: /Users/kenfasano/Scripts/ScreenArt/Images/TransformedImages/psalms_110-B-columns.jpeg
2026-03-12 11:49:24,387 - INFO - [pipeline.py:47] - "RadialWarpTransformer","radius=0.25,strength=136.02071081594605,82.89505734037812,style=pull,push"
2026-03-12 11:49:24,406 - INFO - [pipeline.py:154] - [Grade: C] Saved to: /Users/kenfasano/Scripts/ScreenArt/Images/TransformedImages/psalms_50-C-hero.jpeg
2026-03-12 11:49:24,426 - INFO - [pipeline.py:47] - "PosterizationTransformer","levels=4"
2026-03-12 11:49:24,476 - INFO - [pipeline.py:47] - "FluidWarpTransformer","alpha=11.86,sigma=7.67"
2026-03-12 11:49:24,527 - INFO - [pipeline.py:47] - "HalftoneTransformer","size=2"
2026-03-12 11:49:24,563 - INFO - [pipeline.py:47] - "FractalWarpTransformer","iter=1,scale=0.05"
2026-03-12 11:49:24,578 - INFO - [pipeline.py:154] - [Grade: F] Saved to: /Users/kenfasano/Scripts/ScreenArt/Images/Rejected/psalms_11-F-hero.jpeg
2026-03-12 11:49:24,623 - INFO - [pipeline.py:47] - "DataMoshTransformer","intensity=0.02"
2026-03-12 11:49:24,654 - INFO - [pipeline.py:47] - "TritoneTransformer","highlight=#b3e1c8,mid=#da053b,shadow=#780a53"
2026-03-12 11:49:24,664 - INFO - [pipeline.py:47] - "InvertRGBTransformer","blend=0.52"
2026-03-12 11:49:24,692 - INFO - [pipeline.py:47] - "GlitchWarpTransformer","intensity=0.01"
2026-03-12 11:49:24,707 - INFO - [pipeline.py:154] - [Grade: F] Saved to: /Users/kenfasano/Scripts/ScreenArt/Images/Rejected/psalms_92-F-tile.jpeg
2026-03-12 11:49:24,740 - INFO - [pipeline.py:47] - "RadialWarpTransformer","radius=0.25,strength=138.88144067485703,72.317629121371,131.98384753271722,style=push,pull,push"
2026-03-12 11:49:24,806 - INFO - [pipeline.py:47] - "AnamorphicTransformer","intensity=0.0,0.2,0.4,0.6,0.8,thresh=80"
2026-03-12 11:49:24,820 - INFO - [pipeline.py:47] - "ColormapTransformer","map=spring"
2026-03-12 11:49:24,833 - INFO - [pipeline.py:47] - "PosterizationTransformer","levels=4"
2026-03-12 11:49:24,850 - INFO - [pipeline.py:154] - [Grade: A] Saved to: /Users/kenfasano/Scripts/ScreenArt/Images/TransformedImages/psalms_29-A-columns.jpeg
2026-03-12 11:49:24,903 - INFO - [pipeline.py:47] - "HalftoneTransformer","size=2"
2026-03-12 11:49:24,940 - INFO - [pipeline.py:47] - "DataMoshTransformer","intensity=0.01"
2026-03-12 11:49:24,956 - INFO - [pipeline.py:154] - [Grade: A] Saved to: /Users/kenfasano/Scripts/ScreenArt/Images/TransformedImages/psalms_148-A-scatter.jpeg
2026-03-12 11:49:25,058 - INFO - [pipeline.py:47] - "DuotoneTransformer","highlight=#d18368,shadow=#d0f1e8"
2026-03-12 11:49:25,076 - INFO - [pipeline.py:154] - [Grade: C] Saved to: /Users/kenfasano/Scripts/ScreenArt/Images/TransformedImages/psalms_149-C-columns.jpeg
2026-03-12 11:49:25,108 - INFO - [pipeline.py:47] - "DuotoneTransformer","highlight=#28e028,shadow=#f98cfa"
2026-03-12 11:49:25,115 - INFO - [pipeline.py:154] - [Grade: C] Saved to: /Users/kenfasano/Scripts/ScreenArt/Images/TransformedImages/peripheral_drift_2-C.jpeg
2026-03-12 11:49:25,135 - INFO - [pipeline.py:47] - "MeltMorphTransformer","intensity=0.50"
2026-03-12 11:49:25,141 - INFO - [pipeline.py:154] - [Grade: A] Saved to: /Users/kenfasano/Scripts/ScreenArt/Images/TransformedImages/peripheral_drift_3-A.jpeg
2026-03-12 11:49:25,220 - INFO - [pipeline.py:47] - "XrayTransformer","colors=64"
2026-03-12 11:49:25,231 - INFO - [pipeline.py:47] - "FractalWarpTransformer","iter=1,scale=0.05"
2026-03-12 11:49:25,243 - INFO - [pipeline.py:47] - "DataMoshTransformer","intensity=0.01"
2026-03-12 11:49:25,253 - INFO - [pipeline.py:154] - [Grade: C] Saved to: /Users/kenfasano/Scripts/ScreenArt/Images/TransformedImages/peripheral_drift_1-C.jpeg
2026-03-12 11:49:25,253 - INFO - [main.py:196] - WatercolorTransformer
2026-03-12 11:49:25,253 - INFO - [main.py:196] - XrayTransformer
2026-03-12 11:49:25,253 - INFO - [main.py:196] - FlipWilsonTransformer
2026-03-12 11:49:25,253 - INFO - [main.py:196] - DuotoneTransformer
2026-03-12 11:49:25,253 - INFO - [main.py:196] - HalftoneTransformer
2026-03-12 11:49:25,253 - INFO - [main.py:196] - AnamorphicTransformer
2026-03-12 11:49:25,253 - INFO - [main.py:196] - SwirlWarpTransformer
2026-03-12 11:49:25,253 - INFO - [main.py:196] - MeltMorphTransformer
2026-03-12 11:49:25,253 - INFO - [main.py:196] - ThreeDExtrusionTransformer
2026-03-12 11:49:25,253 - INFO - [main.py:196] - DataMoshTransformer
2026-03-12 11:49:25,253 - INFO - [main.py:196] - FluidWarpTransformer
2026-03-12 11:49:25,253 - INFO - [main.py:196] - WheelTransformer
2026-03-12 11:49:25,253 - INFO - [main.py:196] - FractalWarpTransformer
2026-03-12 11:49:25,253 - INFO - [main.py:196] - TritoneTransformer
2026-03-12 11:49:25,253 - INFO - [main.py:196] - GlitchWarpTransformer
2026-03-12 11:49:25,253 - INFO - [main.py:196] - ThermalImagingTransformer
2026-03-12 11:49:25,253 - INFO - [main.py:196] - RadialWarpTransformer
2026-03-12 11:49:25,253 - INFO - [main.py:196] - FisheyeTransformer
2026-03-12 11:49:25,253 - INFO - [main.py:196] - ColormapTransformer
2026-03-12 11:49:25,253 - INFO - [main.py:196] - PosterizationTransformer
2026-03-12 11:49:25,253 - INFO - [main.py:196] - InvertRGBTransformer
2026-03-12 11:49:25,253 - INFO - [main.py:239] - 34s@11:49 ✓
Accepted: 45
Rejected: 13
---
Wiki                       -> 17071ms
Bible                      ->  4268ms
Lojong                     ->  2269ms
Nasa                       ->  1112ms
Cubes                      ->   478ms
GoesGenerator              ->   468ms
NasaMapGenerator           ->   339ms
Bubbles                    ->   325ms
PeripheralDriftIllusion    ->    46ms
---
WatercolorTransformer      -> Min:    37ms | Avg:   220ms | Max:   564ms
XrayTransformer            -> Min:    67ms | Avg:   118ms | Max:   226ms
FlipWilsonTransformer      -> Min:    37ms | Avg:    91ms | Max:   117ms
DuotoneTransformer         -> Min:    26ms | Avg:    71ms | Max:   108ms
HalftoneTransformer        -> Min:    47ms | Avg:    54ms | Max:    63ms
AnamorphicTransformer      -> Min:    12ms | Avg:    49ms | Max:    69ms
SwirlWarpTransformer       -> Min:    37ms | Avg:    46ms | Max:   100ms
MeltMorphTransformer       -> Min:    17ms | Avg:    44ms | Max:    58ms
ThreeDExtrusionTransformer -> Min:    30ms | Avg:    37ms | Max:    63ms
DataMoshTransformer        -> Min:    12ms | Avg:    35ms | Max:    50ms
FluidWarpTransformer       -> Min:    11ms | Avg:    34ms | Max:    50ms
WheelTransformer           -> Min:    11ms | Avg:    32ms | Max:    46ms
FractalWarpTransformer     -> Min:    11ms | Avg:    32ms | Max:    54ms
TritoneTransformer         -> Min:    30ms | Avg:    31ms | Max:    32ms
GlitchWarpTransformer      -> Min:    14ms | Avg:    26ms | Max:    32ms
ThermalImagingTransformer  -> Min:     6ms | Avg:    24ms | Max:    39ms
RadialWarpTransformer      -> Min:    10ms | Avg:    20ms | Max:    23ms
FisheyeTransformer         -> Min:     7ms | Avg:    19ms | Max:    28ms
ColormapTransformer        -> Min:    13ms | Avg:    14ms | Max:    15ms
PosterizationTransformer   -> Min:     3ms | Avg:    12ms | Max:    18ms
InvertRGBTransformer       -> Min:     3ms | Avg:     9ms | Max:    13ms
