2026-04-04 16:45:47,752 - INFO - [mandala_draw.py:291] - mandala_draw: generated 3/3
2026-04-04 16:45:53,502 - INFO - [wiki.py:74] - Wiki eye query: human eye close-up photography
2026-04-04 16:45:54,790 - INFO - [pipeline.py:122] - "WatercolorTransformer","scale=0.85,style=monet"
2026-04-04 16:45:54,809 - INFO - [pipeline.py:236] - [Grade: B] Saved to: /Users/kenfasano/Scripts/ScreenArt/Images/TransformedImages/psalms_21-B-scatter_58b8.jpeg
2026-04-04 16:45:55,017 - INFO - [pipeline.py:122] - "WheelTransformer","blend=add,copies=5"
2026-04-04 16:45:55,035 - INFO - [pipeline.py:122] - "RadialWarpTransformer","radius=0.25,strength=139.44609924897787,style=pull"
2026-04-04 16:45:55,073 - INFO - [pipeline.py:122] - "DataMoshTransformer","intensity=0.01"
2026-04-04 16:45:55,093 - INFO - [pipeline.py:236] - [Grade: A] Saved to: /Users/kenfasano/Scripts/ScreenArt/Images/TransformedImages/psalms_77-A-hero_126d.jpeg
2026-04-04 16:45:55,127 - INFO - [pipeline.py:122] - "ChromaticAberrationTransformer","angle=145.30,edge_fade=1,shift=5.20"
2026-04-04 16:45:55,184 - INFO - [pipeline.py:122] - "FlipWilsonTransformer","keep=bottom,narrow=0.45"
2026-04-04 16:45:55,203 - INFO - [pipeline.py:236] - [Grade: C] Saved to: /Users/kenfasano/Scripts/ScreenArt/Images/TransformedImages/psalms_66-C-tile_90e7.jpeg
2026-04-04 16:45:55,248 - INFO - [pipeline.py:122] - "DataMoshTransformer","intensity=0.01"
2026-04-04 16:45:55,267 - INFO - [pipeline.py:236] - [Grade: C] Saved to: /Users/kenfasano/Scripts/ScreenArt/Images/TransformedImages/psalms_11-C-hero_3ce1.jpeg
2026-04-04 16:45:55,289 - INFO - [pipeline.py:122] - "ColormapTransformer","map=cool"
2026-04-04 16:45:55,319 - INFO - [pipeline.py:122] - "FisheyeTransformer","shape=oval,strength=0.80,zoom=0.93"
2026-04-04 16:45:55,373 - INFO - [pipeline.py:122] - "MeltMorphTransformer","intensity=0.50"
2026-04-04 16:45:55,398 - INFO - [pipeline.py:122] - "ChromaticAberrationTransformer","angle=18.00,edge_fade=1,shift=6.30"
2026-04-04 16:45:55,419 - INFO - [pipeline.py:236] - [Grade: A] Saved to: /Users/kenfasano/Scripts/ScreenArt/Images/TransformedImages/psalms_10-A-tile_af0a.jpeg
2026-04-04 16:45:55,466 - INFO - [pipeline.py:122] - "ThermalImagingTransformer","thermal=True"
2026-04-04 16:45:55,513 - INFO - [pipeline.py:122] - "HalftoneTransformer","size=2"
2026-04-04 16:45:55,534 - INFO - [pipeline.py:122] - "RadialWarpTransformer","radius=0.25,strength=71.34671661563877,93.07107347583768,style=pull,pull"
2026-04-04 16:45:55,749 - INFO - [pipeline.py:122] - "WatercolorTransformer","scale=0.85,style=psychedelic"
2026-04-04 16:45:55,766 - INFO - [pipeline.py:236] - [Grade: A] Saved to: /Users/kenfasano/Scripts/ScreenArt/Images/TransformedImages/bubbles_4-A_0c5e.jpeg
2026-04-04 16:45:55,806 - INFO - [pipeline.py:122] - "FisheyeTransformer","shape=circle,strength=0.68,zoom=0.98"
2026-04-04 16:45:55,821 - INFO - [pipeline.py:122] - "PosterizationTransformer","levels=4"
2026-04-04 16:45:55,841 - INFO - [pipeline.py:236] - [Grade: A] Saved to: /Users/kenfasano/Scripts/ScreenArt/Images/TransformedImages/bubbles_5-A_0915.jpeg
2026-04-04 16:45:55,873 - INFO - [pipeline.py:122] - "RadialWarpTransformer","radius=0.25,strength=60.05408210455772,104.93471546242279,style=pull,pull"
2026-04-04 16:45:55,891 - INFO - [pipeline.py:236] - [Grade: C] Saved to: /Users/kenfasano/Scripts/ScreenArt/Images/TransformedImages/bubbles_2-C_629b.jpeg
2026-04-04 16:45:55,914 - INFO - [pipeline.py:122] - "ColormapTransformer","map=ocean"
2026-04-04 16:45:55,936 - INFO - [pipeline.py:236] - [Grade: A] Saved to: /Users/kenfasano/Scripts/ScreenArt/Images/TransformedImages/bubbles_3-A_5b0e.jpeg
2026-04-04 16:45:55,970 - INFO - [pipeline.py:122] - "FisheyeTransformer","shape=circle,strength=0.57,zoom=0.86"
2026-04-04 16:45:55,992 - INFO - [pipeline.py:236] - [Grade: F] Saved to: /Users/kenfasano/Scripts/ScreenArt/Images/Rejected/bubbles_1-F_9e8c.jpeg
2026-04-04 16:45:56,016 - INFO - [pipeline.py:122] - "RadialWarpTransformer","radius=0.25,strength=62.67659431680462,style=push"
2026-04-04 16:45:56,055 - INFO - [pipeline.py:122] - "SwirlWarpTransformer","strength=1.50"
2026-04-04 16:45:56,090 - INFO - [pipeline.py:122] - "FluidWarpTransformer","alpha=0.97,sigma=3.01"
2026-04-04 16:45:56,116 - INFO - [pipeline.py:122] - "ChromaticAberrationTransformer","angle=44.60,edge_fade=1,shift=14.60"
2026-04-04 16:45:56,134 - INFO - [pipeline.py:236] - [Grade: B] Saved to: /Users/kenfasano/Scripts/ScreenArt/Images/TransformedImages/cubes_2-B_3507.jpeg
2026-04-04 16:45:56,192 - INFO - [pipeline.py:122] - "KaleidoscopeTransformer","cx_off=-0.19,cy_off=0.16,segments=4"
2026-04-04 16:45:56,249 - INFO - [pipeline.py:122] - "FlipWilsonTransformer","keep=bottom,narrow=0.45"
2026-04-04 16:45:56,435 - INFO - [pipeline.py:122] - "WheelTransformer","blend=add,copies=5"
2026-04-04 16:45:56,486 - INFO - [pipeline.py:122] - "HalftoneTransformer","size=2"
2026-04-04 16:45:56,503 - INFO - [pipeline.py:236] - [Grade: A] Saved to: /Users/kenfasano/Scripts/ScreenArt/Images/TransformedImages/cubes_3-A_3a66.jpeg
2026-04-04 16:45:56,726 - INFO - [pipeline.py:122] - "WatercolorTransformer","scale=0.85,style=psychedelic"
2026-04-04 16:45:56,761 - INFO - [pipeline.py:122] - "ThermalImagingTransformer","thermal=True"
2026-04-04 16:45:56,784 - INFO - [pipeline.py:122] - "FisheyeTransformer","shape=circle,strength=0.59,zoom=1.01"
2026-04-04 16:45:56,823 - INFO - [pipeline.py:122] - "SwirlWarpTransformer","strength=1.50"
2026-04-04 16:45:56,842 - INFO - [pipeline.py:236] - [Grade: A] Saved to: /Users/kenfasano/Scripts/ScreenArt/Images/TransformedImages/cubes_1-A_aacb.jpeg
2026-04-04 16:45:56,881 - INFO - [pipeline.py:122] - "FractalWarpTransformer","iter=1,scale=0.05"
2026-04-04 16:45:56,915 - INFO - [pipeline.py:122] - "HalftoneTransformer","size=2"
2026-04-04 16:45:56,924 - INFO - [pipeline.py:122] - "PosterizationTransformer","levels=4"
2026-04-04 16:45:56,949 - INFO - [pipeline.py:122] - "ThermalImagingTransformer","thermal=True"
2026-04-04 16:45:56,963 - INFO - [pipeline.py:236] - [Grade: C] Saved to: /Users/kenfasano/Scripts/ScreenArt/Images/TransformedImages/noaa_goes_1_se_GeoColor-C_1058.jpeg
2026-04-04 16:45:57,006 - INFO - [pipeline.py:122] - "FluidWarpTransformer","alpha=11.54,sigma=6.41"
2026-04-04 16:45:57,015 - INFO - [pipeline.py:122] - "PosterizationTransformer","levels=4"
2026-04-04 16:45:57,034 - INFO - [pipeline.py:122] - "GlitchWarpTransformer","intensity=0.01"
2026-04-04 16:45:57,044 - INFO - [pipeline.py:122] - "ColormapTransformer","map=winter"
2026-04-04 16:45:57,059 - INFO - [pipeline.py:236] - [Grade: A] Saved to: /Users/kenfasano/Scripts/ScreenArt/Images/TransformedImages/noaa_goes_2_se_Day_Night_Cloud_Micro-A_3958.jpeg
2026-04-04 16:45:57,137 - INFO - [pipeline.py:122] - "PixelSortTransformer","direction=cols,high=0.71,low=0.29,sort_key=blue"
2026-04-04 16:45:57,160 - INFO - [pipeline.py:122] - "FisheyeTransformer","shape=circle,strength=0.65,zoom=1.07"
2026-04-04 16:45:57,184 - INFO - [pipeline.py:122] - "OilPaintingTransformer","dyn_ratio=3,size=4"
2026-04-04 16:45:57,202 - INFO - [pipeline.py:236] - [Grade: F] Saved to: /Users/kenfasano/Scripts/ScreenArt/Images/Rejected/lojong_2-F-hero_9101.jpeg
2026-04-04 16:45:57,417 - INFO - [pipeline.py:122] - "WatercolorTransformer","scale=0.85,style=psychedelic"
2026-04-04 16:45:57,453 - INFO - [pipeline.py:122] - "ThermalImagingTransformer","thermal=True"
2026-04-04 16:45:57,470 - INFO - [pipeline.py:236] - [Grade: A] Saved to: /Users/kenfasano/Scripts/ScreenArt/Images/TransformedImages/lojong_3-A-scatter_5af7.jpeg
2026-04-04 16:45:57,502 - INFO - [pipeline.py:122] - "FisheyeTransformer","shape=oval,strength=0.40,zoom=0.92"
2026-04-04 16:45:57,520 - INFO - [pipeline.py:236] - [Grade: F] Saved to: /Users/kenfasano/Scripts/ScreenArt/Images/Rejected/lojong_4-F-scatter_b92f.jpeg
2026-04-04 16:45:57,565 - INFO - [pipeline.py:122] - "SwirlWarpTransformer","strength=1.50"
2026-04-04 16:45:57,613 - INFO - [pipeline.py:122] - "HalftoneTransformer","size=2"
2026-04-04 16:45:57,630 - INFO - [pipeline.py:236] - [Grade: C] Saved to: /Users/kenfasano/Scripts/ScreenArt/Images/TransformedImages/lojong_0-C-hero_1f76.jpeg
2026-04-04 16:45:57,673 - INFO - [pipeline.py:122] - "FractalWarpTransformer","iter=1,scale=0.05"
2026-04-04 16:45:57,885 - INFO - [pipeline.py:122] - "WatercolorTransformer","scale=0.85,style=psychedelic"
2026-04-04 16:45:57,933 - INFO - [pipeline.py:122] - "HalftoneTransformer","size=2"
2026-04-04 16:45:57,949 - INFO - [pipeline.py:236] - [Grade: C] Saved to: /Users/kenfasano/Scripts/ScreenArt/Images/TransformedImages/lojong_1-C-hero_f524.jpeg
2026-04-04 16:45:57,980 - INFO - [pipeline.py:122] - "PosterizationTransformer","levels=4"
2026-04-04 16:45:58,024 - INFO - [pipeline.py:122] - "FractalWarpTransformer","iter=1,scale=0.05"
2026-04-04 16:45:58,074 - INFO - [pipeline.py:122] - "FluidWarpTransformer","alpha=11.80,sigma=5.44"
2026-04-04 16:45:58,093 - INFO - [pipeline.py:236] - [Grade: A] Saved to: /Users/kenfasano/Scripts/ScreenArt/Images/TransformedImages/mandala_draw_1-A_7318.jpeg
2026-04-04 16:45:58,134 - INFO - [pipeline.py:122] - "GlitchWarpTransformer","intensity=0.01"
2026-04-04 16:45:58,155 - INFO - [pipeline.py:236] - [Grade: A] Saved to: /Users/kenfasano/Scripts/ScreenArt/Images/TransformedImages/mandala_draw_0-A_6ac8.jpeg
2026-04-04 16:45:58,178 - INFO - [pipeline.py:122] - "PosterizationTransformer","levels=4"
2026-04-04 16:45:58,197 - INFO - [pipeline.py:236] - [Grade: A] Saved to: /Users/kenfasano/Scripts/ScreenArt/Images/TransformedImages/mandala_draw_2-A_e72a.jpeg
2026-04-04 16:45:58,223 - INFO - [pipeline.py:122] - "PosterizationTransformer","levels=4"
2026-04-04 16:45:58,246 - INFO - [pipeline.py:122] - "FisheyeTransformer","shape=circle,strength=0.66,zoom=1.13"
2026-04-04 16:45:58,266 - INFO - [pipeline.py:236] - [Grade: A] Saved to: /Users/kenfasano/Scripts/ScreenArt/Images/TransformedImages/nasa_earth_3_Mumbai_Vegetation_False_Color-A_7d75.jpeg
2026-04-04 16:45:58,315 - INFO - [pipeline.py:122] - "DataMoshTransformer","intensity=0.02"
2026-04-04 16:45:58,362 - INFO - [pipeline.py:122] - "HalftoneTransformer","size=2"
2026-04-04 16:45:58,416 - INFO - [pipeline.py:122] - "KaleidoscopeTransformer","cx_off=0.19,cy_off=0.01,segments=8"
2026-04-04 16:45:58,437 - INFO - [pipeline.py:236] - [Grade: A] Saved to: /Users/kenfasano/Scripts/ScreenArt/Images/TransformedImages/nasa_earth_1_Manila_True_Color-A_eb34.jpeg
2026-04-04 16:45:58,446 - INFO - [pipeline.py:122] - "RadialWarpTransformer","radius=0.25,strength=114.99691541280504,51.778535005932255,style=push,pull"
2026-04-04 16:45:58,453 - INFO - [pipeline.py:236] - [Grade: B] Saved to: /Users/kenfasano/Scripts/ScreenArt/Images/TransformedImages/tutulemma_tezel-B_20ed.jpg
2026-04-04 16:45:58,485 - INFO - [pipeline.py:122] - "OilPaintingTransformer","dyn_ratio=7,size=8"
2026-04-04 16:45:58,490 - INFO - [pipeline.py:122] - "ColormapTransformer","map=rainbow"
2026-04-04 16:45:58,498 - INFO - [pipeline.py:236] - [Grade: A] Saved to: /Users/kenfasano/Scripts/ScreenArt/Images/TransformedImages/20161015WhitbyAbbey360Panorama1024-A_ee1b.jpg
2026-04-04 16:45:58,647 - INFO - [pipeline.py:122] - "VoronoiTransformer","edge_blend=1,num_points=269"
2026-04-04 16:45:58,655 - INFO - [pipeline.py:236] - [Grade: A] Saved to: /Users/kenfasano/Scripts/ScreenArt/Images/TransformedImages/LarsMilkyWay_Larnaout_960-A_74fe.jpg
2026-04-04 16:45:58,664 - INFO - [pipeline.py:122] - "GlitchWarpTransformer","intensity=0.01"
2026-04-04 16:45:58,669 - INFO - [pipeline.py:236] - [Grade: A] Saved to: /Users/kenfasano/Scripts/ScreenArt/Images/TransformedImages/NaturalSpiralsS-A_1661.jpg
2026-04-04 16:45:58,675 - INFO - [pipeline.py:122] - "FisheyeTransformer","shape=oval,strength=0.38,zoom=1.02"
2026-04-04 16:45:58,684 - INFO - [pipeline.py:122] - "MeltMorphTransformer","intensity=0.50"
2026-04-04 16:45:58,688 - INFO - [pipeline.py:236] - [Grade: B] Saved to: /Users/kenfasano/Scripts/ScreenArt/Images/TransformedImages/CorradoMultipleMoon-B_8203.jpg
2026-04-04 16:45:58,775 - INFO - [pipeline.py:122] - "WatercolorTransformer","scale=0.85,style=psychedelic"
2026-04-04 16:45:58,787 - INFO - [pipeline.py:122] - "ThermalImagingTransformer","thermal=True"
2026-04-04 16:45:58,857 - INFO - [pipeline.py:122] - "PixelSortTransformer","direction=rows,high=0.59,low=0.13,sort_key=saturation"
2026-04-04 16:45:58,866 - INFO - [pipeline.py:236] - [Grade: A] Saved to: /Users/kenfasano/Scripts/ScreenArt/Images/TransformedImages/iss059e019043_1024-A_38f6.jpg
2026-04-04 16:45:58,881 - INFO - [pipeline.py:122] - "RadialWarpTransformer","radius=0.25,strength=101.10074537102811,style=push"
2026-04-04 16:45:58,891 - INFO - [pipeline.py:236] - [Grade: A] Saved to: /Users/kenfasano/Scripts/ScreenArt/Images/TransformedImages/CrabNebula_Hubble_960-A_ba8f.jpg
2026-04-04 16:45:58,907 - INFO - [pipeline.py:122] - "ChromaticAberrationTransformer","angle=225.70,edge_fade=1,shift=17.90"
2026-04-04 16:45:58,992 - INFO - [pipeline.py:122] - "WatercolorTransformer","scale=0.85,style=psychedelic"
2026-04-04 16:45:59,057 - INFO - [pipeline.py:122] - "WheelTransformer","blend=add,copies=5"
2026-04-04 16:45:59,101 - INFO - [pipeline.py:122] - "PixelSortTransformer","direction=cols,high=0.65,low=0.06,sort_key=brightness"
2026-04-04 16:45:59,108 - INFO - [pipeline.py:236] - [Grade: A] Saved to: /Users/kenfasano/Scripts/ScreenArt/Images/TransformedImages/tafreshi_MG_3456Pc2s-A_0fc3.jpg
2026-04-04 16:45:59,139 - INFO - [pipeline.py:122] - "ThermalImagingTransformer","thermal=True"
2026-04-04 16:45:59,183 - INFO - [pipeline.py:122] - "VoronoiTransformer","edge_blend=1,num_points=90"
2026-04-04 16:45:59,190 - INFO - [pipeline.py:236] - [Grade: A] Saved to: /Users/kenfasano/Scripts/ScreenArt/Images/TransformedImages/MOSAICO_IC443YSH2_249HaSHO_1024r-A_c3bf.jpg
2026-04-04 16:45:59,206 - INFO - [pipeline.py:122] - "OilPaintingTransformer","dyn_ratio=8,size=5"
2026-04-04 16:45:59,281 - INFO - [pipeline.py:122] - "WatercolorTransformer","scale=0.85,style=monet"
2026-04-04 16:45:59,288 - INFO - [pipeline.py:236] - [Grade: A] Saved to: /Users/kenfasano/Scripts/ScreenArt/Images/TransformedImages/HorseFlame_Priego_960-A_52fc.jpg
2026-04-04 16:45:59,317 - INFO - [pipeline.py:122] - "OilPaintingTransformer","dyn_ratio=3,size=7"
2026-04-04 16:45:59,340 - INFO - [pipeline.py:122] - "MeltMorphTransformer","intensity=0.50"
2026-04-04 16:45:59,349 - INFO - [pipeline.py:236] - [Grade: A] Saved to: /Users/kenfasano/Scripts/ScreenArt/Images/TransformedImages/MagneticOrion_EsoSofia_960-A_24bb.jpg
2026-04-04 16:45:59,441 - INFO - [pipeline.py:122] - "KaleidoscopeTransformer","cx_off=-0.03,cy_off=0.01,segments=6"
2026-04-04 16:45:59,475 - INFO - [pipeline.py:122] - "FractalWarpTransformer","iter=1,scale=0.05"
2026-04-04 16:45:59,495 - INFO - [pipeline.py:236] - [Grade: A] Saved to: /Users/kenfasano/Scripts/ScreenArt/Images/TransformedImages/peace_0-A_ce91.jpeg
2026-04-04 16:45:59,531 - INFO - [pipeline.py:122] - "RadialWarpTransformer","radius=0.25,strength=69.24031757928832,125.69030564596368,84.1995247889994,style=pull,push,push"
2026-04-04 16:45:59,550 - INFO - [pipeline.py:236] - [Grade: C] Saved to: /Users/kenfasano/Scripts/ScreenArt/Images/TransformedImages/peace_1-C_d141.jpeg
2026-04-04 16:45:59,600 - INFO - [pipeline.py:122] - "DataMoshTransformer","intensity=0.02"
2026-04-04 16:45:59,828 - INFO - [pipeline.py:122] - "PixelSortTransformer","direction=cols,high=0.68,low=0.10,sort_key=brightness"
2026-04-04 16:45:59,842 - INFO - [pipeline.py:122] - "PosterizationTransformer","levels=4"
2026-04-04 16:45:59,861 - INFO - [pipeline.py:236] - [Grade: C] Saved to: /Users/kenfasano/Scripts/ScreenArt/Images/TransformedImages/peace_2-C_cc39.jpeg
2026-04-04 16:46:00,061 - INFO - [pipeline.py:122] - "VoronoiTransformer","edge_blend=1,num_points=127"
2026-04-04 16:46:00,116 - INFO - [pipeline.py:122] - "KaleidoscopeTransformer","cx_off=0.18,cy_off=0.01,segments=8"
2026-04-04 16:46:00,140 - INFO - [pipeline.py:122] - "FisheyeTransformer","shape=circle,strength=0.49,zoom=1.10"
2026-04-04 16:46:00,156 - INFO - [pipeline.py:122] - "RadialWarpTransformer","radius=0.25,strength=98.76276469656014,style=pull"
2026-04-04 16:46:00,172 - INFO - [pipeline.py:236] - [Grade: A] Saved to: /Users/kenfasano/Scripts/ScreenArt/Images/TransformedImages/peace_3-A_fcf4.jpeg
2026-04-04 16:46:00,192 - INFO - [pipeline.py:122] - "KaleidoscopeTransformer","cx_off=0.13,cy_off=-0.08,segments=6"
2026-04-04 16:46:00,204 - INFO - [pipeline.py:122] - "ThermalImagingTransformer","thermal=True"
2026-04-04 16:46:00,237 - INFO - [pipeline.py:122] - "PixelSortTransformer","direction=cols,high=0.64,low=0.06,sort_key=blue"
2026-04-04 16:46:00,251 - INFO - [pipeline.py:122] - "HalftoneTransformer","size=2"
2026-04-04 16:46:00,257 - INFO - [pipeline.py:236] - [Grade: A] Saved to: /Users/kenfasano/Scripts/ScreenArt/Images/TransformedImages/peripheral_drift_2-A_9d22.jpeg
2026-04-04 16:46:00,272 - INFO - [pipeline.py:122] - "SwirlWarpTransformer","strength=1.50"
2026-04-04 16:46:00,280 - INFO - [pipeline.py:122] - "ChromaticAberrationTransformer","angle=266.60,edge_fade=1,shift=7.10"
2026-04-04 16:46:00,290 - INFO - [pipeline.py:122] - "RadialWarpTransformer","radius=0.25,strength=109.87773627825229,63.322059050167184,135.2654033443119,style=pull,push,push"
2026-04-04 16:46:00,375 - INFO - [pipeline.py:122] - "VoronoiTransformer","edge_blend=1,num_points=206"
2026-04-04 16:46:00,381 - INFO - [pipeline.py:236] - [Grade: A] Saved to: /Users/kenfasano/Scripts/ScreenArt/Images/TransformedImages/peripheral_drift_3-A_6b21.jpeg
2026-04-04 16:46:00,398 - INFO - [pipeline.py:122] - "HalftoneTransformer","size=2"
2026-04-04 16:46:00,409 - INFO - [pipeline.py:122] - "FractalWarpTransformer","iter=1,scale=0.05"
2026-04-04 16:46:00,415 - INFO - [pipeline.py:236] - [Grade: A] Saved to: /Users/kenfasano/Scripts/ScreenArt/Images/TransformedImages/peripheral_drift_8-A_42c6.jpeg
2026-04-04 16:46:00,424 - INFO - [pipeline.py:122] - "FisheyeTransformer","shape=circle,strength=0.48,zoom=0.95"
2026-04-04 16:46:00,432 - INFO - [pipeline.py:236] - [Grade: A] Saved to: /Users/kenfasano/Scripts/ScreenArt/Images/TransformedImages/peripheral_drift_4-A_b9b6.jpeg
2026-04-04 16:46:00,452 - INFO - [pipeline.py:122] - "OilPaintingTransformer","dyn_ratio=1,size=7"
2026-04-04 16:46:00,460 - INFO - [pipeline.py:122] - "GlitchWarpTransformer","intensity=0.01"
2026-04-04 16:46:00,472 - INFO - [pipeline.py:122] - "ThermalImagingTransformer","thermal=True"
2026-04-04 16:46:00,489 - INFO - [pipeline.py:122] - "KaleidoscopeTransformer","cx_off=-0.11,cy_off=0.18,segments=8"
2026-04-04 16:46:00,498 - INFO - [pipeline.py:236] - [Grade: B] Saved to: /Users/kenfasano/Scripts/ScreenArt/Images/TransformedImages/peripheral_drift_5-B_2a9a.jpeg
2026-04-04 16:46:00,517 - INFO - [pipeline.py:122] - "KaleidoscopeTransformer","cx_off=-0.01,cy_off=0.14,segments=12"
2026-04-04 16:46:00,523 - INFO - [pipeline.py:236] - [Grade: A] Saved to: /Users/kenfasano/Scripts/ScreenArt/Images/TransformedImages/peripheral_drift_9-A_0d35.jpeg
2026-04-04 16:46:00,530 - INFO - [pipeline.py:122] - "PosterizationTransformer","levels=4"
2026-04-04 16:46:00,537 - INFO - [pipeline.py:122] - "FisheyeTransformer","shape=oval,strength=0.60,zoom=0.87"
2026-04-04 16:46:00,545 - INFO - [pipeline.py:122] - "ChromaticAberrationTransformer","angle=178.40,edge_fade=1,shift=13.40"
2026-04-04 16:46:00,561 - INFO - [pipeline.py:122] - "MeltMorphTransformer","intensity=0.50"
2026-04-04 16:46:00,568 - INFO - [pipeline.py:236] - [Grade: A] Saved to: /Users/kenfasano/Scripts/ScreenArt/Images/TransformedImages/peripheral_drift_10-A_033a.jpeg
2026-04-04 16:46:00,587 - INFO - [pipeline.py:122] - "MeltMorphTransformer","intensity=0.50"
2026-04-04 16:46:00,594 - INFO - [pipeline.py:236] - [Grade: A] Saved to: /Users/kenfasano/Scripts/ScreenArt/Images/TransformedImages/peripheral_drift_6-A_0273.jpeg
2026-04-04 16:46:00,619 - INFO - [pipeline.py:122] - "PixelSortTransformer","direction=rows,high=0.59,low=0.11,sort_key=green"
2026-04-04 16:46:00,635 - INFO - [pipeline.py:122] - "MeltMorphTransformer","intensity=0.50"
2026-04-04 16:46:00,701 - INFO - [pipeline.py:122] - "WatercolorTransformer","scale=0.85,style=psychedelic"
2026-04-04 16:46:00,708 - INFO - [pipeline.py:236] - [Grade: A] Saved to: /Users/kenfasano/Scripts/ScreenArt/Images/TransformedImages/peripheral_drift_7-A_bd92.jpeg
2026-04-04 16:46:00,715 - INFO - [pipeline.py:122] - "ColormapTransformer","map=autumn"
2026-04-04 16:46:00,719 - INFO - [pipeline.py:122] - "PosterizationTransformer","levels=4"
2026-04-04 16:46:00,726 - INFO - [pipeline.py:236] - [Grade: A] Saved to: /Users/kenfasano/Scripts/ScreenArt/Images/TransformedImages/peripheral_drift_1-A_730b.jpeg
2026-04-04 16:46:00,739 - INFO - [pipeline.py:122] - "ColormapTransformer","map=spring"
2026-04-04 16:46:00,750 - INFO - [pipeline.py:122] - "RadialWarpTransformer","radius=0.25,strength=116.74952424566158,48.05714555765114,132.95272197519884,style=push,pull,push"
2026-04-04 16:46:00,773 - INFO - [pipeline.py:122] - "MeltMorphTransformer","intensity=0.50"
2026-04-04 16:46:00,846 - INFO - [pipeline.py:122] - "WheelTransformer","blend=add,copies=5"
2026-04-04 16:46:00,854 - INFO - [pipeline.py:236] - [Grade: A] Saved to: /Users/kenfasano/Scripts/ScreenArt/Images/TransformedImages/static_mandala_0-A_843e.jpeg
2026-04-04 16:46:01,246 - INFO - [pipeline.py:122] - "MeltMorphTransformer","intensity=0.50"
2026-04-04 16:46:01,573 - INFO - [pipeline.py:122] - "KaleidoscopeTransformer","cx_off=0.08,cy_off=-0.03,segments=12"
2026-04-04 16:46:01,663 - INFO - [pipeline.py:236] - [Grade: B] Saved to: /Users/kenfasano/Scripts/ScreenArt/Images/TransformedImages/static_mandala_1-B_38ad.jpeg
2026-04-04 16:46:01,680 - INFO - [pipeline.py:122] - "FlipWilsonTransformer","keep=bottom,narrow=0.45"
2026-04-04 16:46:01,686 - INFO - [pipeline.py:122] - "RadialWarpTransformer","radius=0.25,strength=47.22355577521957,127.14183485676703,55.15152631711416,style=push,push,pull"
2026-04-04 16:46:01,691 - INFO - [pipeline.py:122] - "OilPaintingTransformer","dyn_ratio=7,size=3"
2026-04-04 16:46:01,697 - INFO - [pipeline.py:236] - [Grade: B] Saved to: /Users/kenfasano/Scripts/ScreenArt/Images/TransformedImages/static_mandala_2-B_876b.jpeg
2026-04-04 16:46:01,720 - INFO - [pipeline.py:122] - "RadialWarpTransformer","radius=0.25,strength=127.43190799083135,36.51634977800949,style=pull,pull"
2026-04-04 16:46:01,735 - INFO - [pipeline.py:122] - "ChromaticAberrationTransformer","angle=317.50,edge_fade=1,shift=15.60"
2026-04-04 16:46:01,764 - INFO - [pipeline.py:122] - "KaleidoscopeTransformer","cx_off=-0.19,cy_off=-0.13,segments=8"
2026-04-04 16:46:01,855 - INFO - [pipeline.py:122] - "PixelSortTransformer","direction=rows,high=0.69,low=0.30,sort_key=brightness"
2026-04-04 16:46:01,867 - INFO - [pipeline.py:236] - [Grade: A] Saved to: /Users/kenfasano/Scripts/ScreenArt/Images/TransformedImages/Blaues_Auge_Iri-A_3b7c.jpeg
2026-04-04 16:46:01,916 - INFO - [pipeline.py:122] - "ThermalImagingTransformer","thermal=True"
2026-04-04 16:46:01,937 - INFO - [pipeline.py:236] - [Grade: A] Saved to: /Users/kenfasano/Scripts/ScreenArt/Images/TransformedImages/Human_ey-A_d76c.jpeg
2026-04-04 16:46:01,996 - INFO - [pipeline.py:122] - "ThermalImagingTransformer","thermal=True"
2026-04-04 16:46:02,023 - INFO - [pipeline.py:236] - [Grade: A] Saved to: /Users/kenfasano/Scripts/ScreenArt/Images/TransformedImages/Eye__117-A_9b88.jpeg
2026-04-04 16:46:02,089 - INFO - [pipeline.py:122] - "ThermalImagingTransformer","thermal=True"
2026-04-04 16:46:02,133 - INFO - [pipeline.py:122] - "MeltMorphTransformer","intensity=0.50"
2026-04-04 16:46:02,292 - INFO - [pipeline.py:122] - "WheelTransformer","blend=add,copies=5"
2026-04-04 16:46:02,309 - INFO - [pipeline.py:236] - [Grade: A] Saved to: /Users/kenfasano/Scripts/ScreenArt/Images/TransformedImages/Blue_eye_Stephe-A_5c2d.jpeg
2026-04-04 16:46:02,336 - INFO - [pipeline.py:122] - "PosterizationTransformer","levels=4"
2026-04-04 16:46:02,365 - INFO - [pipeline.py:122] - "FisheyeTransformer","shape=oval,strength=0.42,zoom=0.93"
2026-04-04 16:46:02,380 - INFO - [pipeline.py:122] - "ColormapTransformer","map=winter"
2026-04-04 16:46:02,405 - INFO - [pipeline.py:236] - [Grade: A] Saved to: /Users/kenfasano/Scripts/ScreenArt/Images/TransformedImages/202501_迷-A_ad2b.jpeg
2026-04-04 16:46:02,410 - INFO - [pipeline.py:122] - "GlitchWarpTransformer","intensity=0.01"
2026-04-04 16:46:02,413 - INFO - [pipeline.py:236] - [Grade: A] Saved to: /Users/kenfasano/Scripts/ScreenArt/Images/TransformedImages/Army_Photograph-A_4e91.jpeg
2026-04-04 16:46:02,478 - INFO - [pipeline.py:122] - "FluidWarpTransformer","alpha=6.77,sigma=6.46"
2026-04-04 16:46:02,502 - INFO - [pipeline.py:236] - [Grade: A] Saved to: /Users/kenfasano/Scripts/ScreenArt/Images/TransformedImages/Plexippu-A_c12d.jpeg
2026-04-04 16:46:02,540 - INFO - [pipeline.py:122] - "OilPaintingTransformer","dyn_ratio=4,size=3"
2026-04-04 16:46:02,557 - INFO - [pipeline.py:122] - "PosterizationTransformer","levels=4"
2026-04-04 16:46:02,582 - INFO - [pipeline.py:236] - [Grade: A] Saved to: /Users/kenfasano/Scripts/ScreenArt/Images/TransformedImages/Eye_Cosm-A_7de1.jpeg
2026-04-04 16:46:02,583 - INFO - [main.py:195] - WatercolorTransformer
2026-04-04 16:46:02,583 - INFO - [main.py:195] - WheelTransformer
2026-04-04 16:46:02,583 - INFO - [main.py:195] - VoronoiTransformer
2026-04-04 16:46:02,583 - INFO - [main.py:195] - PixelSortTransformer
2026-04-04 16:46:02,583 - INFO - [main.py:195] - KaleidoscopeTransformer
2026-04-04 16:46:02,583 - INFO - [main.py:195] - MeltMorphTransformer
2026-04-04 16:46:02,583 - INFO - [main.py:195] - FluidWarpTransformer
2026-04-04 16:46:02,583 - INFO - [main.py:195] - FlipWilsonTransformer
2026-04-04 16:46:02,583 - INFO - [main.py:195] - HalftoneTransformer
2026-04-04 16:46:02,583 - INFO - [main.py:195] - DataMoshTransformer
2026-04-04 16:46:02,583 - INFO - [main.py:195] - SwirlWarpTransformer
2026-04-04 16:46:02,583 - INFO - [main.py:195] - FractalWarpTransformer
2026-04-04 16:46:02,583 - INFO - [main.py:195] - ThermalImagingTransformer
2026-04-04 16:46:02,583 - INFO - [main.py:195] - FisheyeTransformer
2026-04-04 16:46:02,583 - INFO - [main.py:195] - OilPaintingTransformer
2026-04-04 16:46:02,583 - INFO - [main.py:195] - ChromaticAberrationTransformer
2026-04-04 16:46:02,583 - INFO - [main.py:195] - RadialWarpTransformer
2026-04-04 16:46:02,583 - INFO - [main.py:195] - GlitchWarpTransformer
2026-04-04 16:46:02,583 - INFO - [main.py:195] - PosterizationTransformer
2026-04-04 16:46:02,583 - INFO - [main.py:195] - ColormapTransformer
2026-04-04 16:46:02,583 - INFO - [main.py:238] - 20s@16:46 ✓
Accepted: 58
Rejected: 3
---
Peace                      ->  3942ms
Bible                      ->  3605ms
Nasa                       ->  1453ms
Lojong                     ->  1288ms
Wiki                       ->  1057ms
GoesGenerator              ->   522ms
Bubbles                    ->   292ms
NasaMapGenerator           ->   174ms
PeripheralDriftIllusion    ->   149ms
Cubes                      ->   135ms
MandalaDraw                ->    26ms
StaticMandala              ->     3ms
---
WatercolorTransformer            -> Min:    66ms | Avg:   153ms | Max:   230ms
WheelTransformer                 -> Min:    65ms | Avg:   136ms | Max:   199ms
VoronoiTransformer               -> Min:    44ms | Avg:   113ms | Max:   187ms
PixelSortTransformer             -> Min:    22ms | Avg:    80ms | Max:   227ms
KaleidoscopeTransformer          -> Min:    16ms | Avg:    70ms | Max:   326ms
MeltMorphTransformer             -> Min:     9ms | Avg:    59ms | Max:   332ms
FluidWarpTransformer             -> Min:    31ms | Avg:    42ms | Max:    54ms
FlipWilsonTransformer            -> Min:    12ms | Avg:    42ms | Max:    57ms
HalftoneTransformer              -> Min:    14ms | Avg:    38ms | Max:    51ms
DataMoshTransformer              -> Min:    37ms | Avg:    38ms | Max:    39ms
SwirlWarpTransformer             -> Min:    11ms | Avg:    32ms | Max:    39ms
FractalWarpTransformer           -> Min:    10ms | Avg:    30ms | Max:    44ms
ThermalImagingTransformer        -> Min:    11ms | Avg:    28ms | Max:    50ms
FisheyeTransformer               -> Min:     5ms | Avg:    21ms | Max:    32ms
OilPaintingTransformer           -> Min:     4ms | Avg:    18ms | Max:    25ms
ChromaticAberrationTransformer   -> Min:     8ms | Avg:    17ms | Max:    27ms
RadialWarpTransformer            -> Min:     6ms | Avg:    14ms | Max:    23ms
GlitchWarpTransformer            -> Min:     3ms | Avg:    13ms | Max:    32ms
PosterizationTransformer         -> Min:     4ms | Avg:    12ms | Max:    20ms
ColormapTransformer              -> Min:     5ms | Avg:    10ms | Max:    15ms
