2026-03-15 10:22:51,793 - INFO - [pipeline.py:136] - "FractalWarpTransformer","iter=1,scale=0.05"
2026-03-15 10:22:51,806 - INFO - [pipeline.py:136] - "ColormapTransformer","map=pink"
2026-03-15 10:22:51,902 - INFO - [pipeline.py:136] - "OilPaintingTransformer","dyn_ratio=2,size=3"
2026-03-15 10:22:51,918 - INFO - [pipeline.py:136] - "PosterizationTransformer","levels=4"
2026-03-15 10:22:51,936 - INFO - [pipeline.py:248] - [Grade: C] Saved to: /Users/kenfasano/Scripts/ScreenArt/Images/TransformedImages/bubbles_4-C.jpeg
2026-03-15 10:22:51,970 - INFO - [pipeline.py:136] - "StippleTransformer","bg=black,dot_radius=5,jitter=1,spacing=17"
2026-03-15 10:22:52,028 - INFO - [pipeline.py:136] - "HalftoneTransformer","size=2"
2026-03-15 10:22:52,063 - INFO - [pipeline.py:136] - "FractalWarpTransformer","iter=1,scale=0.05"
2026-03-15 10:22:52,242 - INFO - [pipeline.py:136] - "WheelTransformer","blend=lighter,copies=5"
2026-03-15 10:22:52,258 - INFO - [pipeline.py:248] - [Grade: F] Saved to: /Users/kenfasano/Scripts/ScreenArt/Images/Rejected/bubbles_8-F.jpeg
2026-03-15 10:22:52,444 - INFO - [pipeline.py:136] - "WheelTransformer","blend=lighter,copies=5"
2026-03-15 10:22:52,552 - INFO - [pipeline.py:136] - "PixelSortTransformer","direction=rows,high=0.87,low=0.16,sort_key=brightness"
2026-03-15 10:22:52,586 - INFO - [pipeline.py:136] - "FractalWarpTransformer","iter=1,scale=0.05"
2026-03-15 10:22:52,603 - INFO - [pipeline.py:248] - [Grade: A] Saved to: /Users/kenfasano/Scripts/ScreenArt/Images/TransformedImages/bubbles_9-A.jpeg
2026-03-15 10:22:52,623 - INFO - [pipeline.py:136] - "PosterizationTransformer","levels=4"
2026-03-15 10:22:52,641 - INFO - [pipeline.py:248] - [Grade: C] Saved to: /Users/kenfasano/Scripts/ScreenArt/Images/TransformedImages/bubbles_5-C.jpeg
2026-03-15 10:22:52,678 - INFO - [pipeline.py:136] - "FisheyeTransformer","shape=oval,strength=0.31,zoom=1.08"
2026-03-15 10:22:52,727 - INFO - [pipeline.py:136] - "HalftoneTransformer","size=2"
2026-03-15 10:22:52,744 - INFO - [pipeline.py:248] - [Grade: A] Saved to: /Users/kenfasano/Scripts/ScreenArt/Images/TransformedImages/bubbles_2-A.jpeg
2026-03-15 10:22:52,789 - INFO - [pipeline.py:136] - "SwirlWarpTransformer","strength=1.50"
2026-03-15 10:22:52,812 - INFO - [pipeline.py:136] - "FisheyeTransformer","shape=oval,strength=0.53,zoom=1.12"
2026-03-15 10:22:52,840 - INFO - [pipeline.py:136] - "GlitchWarpTransformer","intensity=0.01"
2026-03-15 10:22:53,015 - INFO - [pipeline.py:136] - "WheelTransformer","blend=lighter,copies=5"
2026-03-15 10:22:53,033 - INFO - [pipeline.py:248] - [Grade: A] Saved to: /Users/kenfasano/Scripts/ScreenArt/Images/TransformedImages/bubbles_3-A.jpeg
2026-03-15 10:22:53,054 - INFO - [pipeline.py:136] - "PosterizationTransformer","levels=4"
2026-03-15 10:22:53,089 - INFO - [pipeline.py:136] - "ThermalImagingTransformer","thermal=True"
2026-03-15 10:22:53,142 - INFO - [pipeline.py:136] - "MeltMorphTransformer","intensity=0.50"
2026-03-15 10:22:53,180 - INFO - [pipeline.py:136] - "SwirlWarpTransformer","strength=1.50"
2026-03-15 10:22:53,200 - INFO - [pipeline.py:248] - [Grade: A] Saved to: /Users/kenfasano/Scripts/ScreenArt/Images/TransformedImages/bubbles_10-A.jpeg
2026-03-15 10:22:53,384 - INFO - [pipeline.py:136] - "WheelTransformer","blend=lighter,copies=5"
2026-03-15 10:22:53,420 - INFO - [pipeline.py:136] - "DataMoshTransformer","intensity=0.01"
2026-03-15 10:22:53,474 - INFO - [pipeline.py:136] - "MeltMorphTransformer","intensity=0.50"
2026-03-15 10:22:53,570 - INFO - [pipeline.py:136] - "FlipWilsonTransformer","keep=bottom_right,narrow=0.46"
2026-03-15 10:22:53,589 - INFO - [pipeline.py:248] - [Grade: C] Saved to: /Users/kenfasano/Scripts/ScreenArt/Images/TransformedImages/bubbles_1-C.jpeg
2026-03-15 10:22:53,772 - INFO - [pipeline.py:136] - "WheelTransformer","blend=lighter,copies=5"
2026-03-15 10:22:53,790 - INFO - [pipeline.py:248] - [Grade: B] Saved to: /Users/kenfasano/Scripts/ScreenArt/Images/TransformedImages/bubbles_6-B.jpeg
2026-03-15 10:22:53,810 - INFO - [pipeline.py:136] - "ColormapTransformer","map=summer"
2026-03-15 10:22:53,829 - INFO - [pipeline.py:248] - [Grade: C] Saved to: /Users/kenfasano/Scripts/ScreenArt/Images/TransformedImages/bubbles_7-C.jpeg
2026-03-15 10:22:53,887 - INFO - [pipeline.py:136] - "KaleidoscopeTransformer","cx_off=0.14,cy_off=-0.13,segments=6"
2026-03-15 10:22:53,912 - INFO - [pipeline.py:136] - "ChromaticAberrationTransformer","angle=114.30,edge_fade=1,shift=7.80"
2026-03-15 10:22:53,966 - INFO - [pipeline.py:136] - "MeltMorphTransformer","intensity=0.50"
2026-03-15 10:22:53,983 - INFO - [pipeline.py:248] - [Grade: A] Saved to: /Users/kenfasano/Scripts/ScreenArt/Images/TransformedImages/cubes_2-A.jpeg
2026-03-15 10:22:54,027 - INFO - [pipeline.py:136] - "ThermalImagingTransformer","thermal=True"
2026-03-15 10:22:54,077 - INFO - [pipeline.py:136] - "KaleidoscopeTransformer","cx_off=-0.17,cy_off=-0.15,segments=8"
2026-03-15 10:22:54,094 - INFO - [pipeline.py:248] - [Grade: A] Saved to: /Users/kenfasano/Scripts/ScreenArt/Images/TransformedImages/cubes_3-A.jpeg
2026-03-15 10:22:54,129 - INFO - [pipeline.py:136] - "GlitchWarpTransformer","intensity=0.01"
2026-03-15 10:22:54,146 - INFO - [pipeline.py:248] - [Grade: A] Saved to: /Users/kenfasano/Scripts/ScreenArt/Images/TransformedImages/cubes_4-A.jpeg
2026-03-15 10:22:54,184 - INFO - [pipeline.py:136] - "FluidWarpTransformer","alpha=8.38,sigma=1.70"
2026-03-15 10:22:54,232 - INFO - [pipeline.py:136] - "HalftoneTransformer","size=2"
2026-03-15 10:22:54,245 - INFO - [pipeline.py:136] - "ColormapTransformer","map=spring"
2026-03-15 10:22:54,285 - INFO - [pipeline.py:136] - "SwirlWarpTransformer","strength=1.50"
2026-03-15 10:22:54,302 - INFO - [pipeline.py:248] - [Grade: A] Saved to: /Users/kenfasano/Scripts/ScreenArt/Images/TransformedImages/cubes_5-A.jpeg
2026-03-15 10:22:54,364 - INFO - [pipeline.py:136] - "MeltMorphTransformer","intensity=0.50"
2026-03-15 10:22:54,398 - INFO - [pipeline.py:136] - "FluidWarpTransformer","alpha=13.05,sigma=2.39"
2026-03-15 10:22:54,411 - INFO - [pipeline.py:136] - "PosterizationTransformer","levels=4"
2026-03-15 10:22:54,621 - INFO - [pipeline.py:136] - "WatercolorTransformer","scale=0.85,style=psychedelic"
2026-03-15 10:22:54,639 - INFO - [pipeline.py:248] - [Grade: B] Saved to: /Users/kenfasano/Scripts/ScreenArt/Images/TransformedImages/cubes_6-B.jpeg
2026-03-15 10:22:54,820 - INFO - [pipeline.py:136] - "WheelTransformer","blend=lighter,copies=5"
2026-03-15 10:22:54,838 - INFO - [pipeline.py:248] - [Grade: A] Saved to: /Users/kenfasano/Scripts/ScreenArt/Images/TransformedImages/cubes_1-A.jpeg
2026-03-15 10:22:54,876 - INFO - [pipeline.py:136] - "VoronoiTransformer","edge_blend=1,num_points=187"
2026-03-15 10:22:54,879 - INFO - [pipeline.py:248] - [Grade: A] Saved to: /Users/kenfasano/Scripts/ScreenArt/Images/TransformedImages/m31_gendler-A.jpg
2026-03-15 10:22:54,895 - INFO - [pipeline.py:136] - "FluidWarpTransformer","alpha=6.68,sigma=6.30"
2026-03-15 10:22:54,902 - INFO - [pipeline.py:248] - [Grade: A] Saved to: /Users/kenfasano/Scripts/ScreenArt/Images/TransformedImages/lroc_wac_nearside800-A.jpg
2026-03-15 10:22:54,910 - INFO - [pipeline.py:136] - "ColormapTransformer","map=hot"
2026-03-15 10:22:54,920 - INFO - [pipeline.py:136] - "GlitchWarpTransformer","intensity=0.01"
2026-03-15 10:22:54,934 - INFO - [pipeline.py:136] - "ThermalImagingTransformer","thermal=True"
2026-03-15 10:22:54,942 - INFO - [pipeline.py:248] - [Grade: B] Saved to: /Users/kenfasano/Scripts/ScreenArt/Images/TransformedImages/m42HSO_gonzalez_960-B.jpg
2026-03-15 10:22:54,953 - INFO - [pipeline.py:136] - "FractalWarpTransformer","iter=1,scale=0.05"
2026-03-15 10:22:54,956 - INFO - [pipeline.py:136] - "PosterizationTransformer","levels=4"
2026-03-15 10:22:54,965 - INFO - [pipeline.py:136] - "HalftoneTransformer","size=2"
2026-03-15 10:22:54,969 - INFO - [pipeline.py:136] - "ColormapTransformer","map=hsv"
2026-03-15 10:22:54,974 - INFO - [pipeline.py:248] - [Grade: A] Saved to: /Users/kenfasano/Scripts/ScreenArt/Images/TransformedImages/scenicmilkyway3_hepburn-A.jpg
2026-03-15 10:22:54,999 - INFO - [pipeline.py:136] - "MeltMorphTransformer","intensity=0.50"
2026-03-15 10:22:55,024 - INFO - [pipeline.py:136] - "StippleTransformer","bg=white,dot_radius=3,jitter=1,spacing=8"
2026-03-15 10:22:55,032 - INFO - [pipeline.py:136] - "FisheyeTransformer","shape=circle,strength=0.61,zoom=0.94"
2026-03-15 10:22:55,043 - INFO - [pipeline.py:136] - "GlitchWarpTransformer","intensity=0.01"
2026-03-15 10:22:55,051 - INFO - [pipeline.py:248] - [Grade: C] Saved to: /Users/kenfasano/Scripts/ScreenArt/Images/TransformedImages/Mermaid_Corke_1080-C.jpg
2026-03-15 10:22:55,062 - INFO - [pipeline.py:136] - "ChromaticAberrationTransformer","angle=334.40,edge_fade=1,shift=5.50"
2026-03-15 10:22:55,068 - INFO - [pipeline.py:136] - "FisheyeTransformer","shape=circle,strength=0.45,zoom=1.10"
2026-03-15 10:22:55,080 - INFO - [pipeline.py:136] - "HalftoneTransformer","size=2"
2026-03-15 10:22:55,105 - INFO - [pipeline.py:136] - "FlipWilsonTransformer","keep=bottom_right,narrow=0.46"
2026-03-15 10:22:55,110 - INFO - [pipeline.py:248] - [Grade: C] Saved to: /Users/kenfasano/Scripts/ScreenArt/Images/TransformedImages/NGC7822_goldmanWeb4s_cr900-C.jpg
2026-03-15 10:22:55,129 - INFO - [pipeline.py:136] - "FluidWarpTransformer","alpha=19.62,sigma=7.64"
2026-03-15 10:22:55,136 - INFO - [pipeline.py:248] - [Grade: C] Saved to: /Users/kenfasano/Scripts/ScreenArt/Images/TransformedImages/Venus_Radu-Mihai_MG_3429_1067px-C.jpg
2026-03-15 10:22:55,392 - INFO - [pipeline.py:136] - "PixelSortTransformer","direction=rows,high=0.91,low=0.34,sort_key=saturation"
2026-03-15 10:22:55,400 - INFO - [pipeline.py:248] - [Grade: A] Saved to: /Users/kenfasano/Scripts/ScreenArt/Images/TransformedImages/multiWcrab_lg1024c-A.jpg
2026-03-15 10:22:55,431 - INFO - [pipeline.py:136] - "HalftoneTransformer","size=2"
2026-03-15 10:22:55,438 - INFO - [pipeline.py:248] - [Grade: C] Saved to: /Users/kenfasano/Scripts/ScreenArt/Images/TransformedImages/NGC1055_MP_1024c-C.jpg
2026-03-15 10:22:55,450 - INFO - [pipeline.py:136] - "GlitchWarpTransformer","intensity=0.01"
2026-03-15 10:22:55,463 - INFO - [pipeline.py:136] - "SwirlWarpTransformer","strength=1.50"
2026-03-15 10:22:55,492 - INFO - [pipeline.py:136] - "OilPaintingTransformer","dyn_ratio=7,size=3"
2026-03-15 10:22:55,497 - INFO - [pipeline.py:248] - [Grade: A] Saved to: /Users/kenfasano/Scripts/ScreenArt/Images/TransformedImages/darksun_lafferty_960-A.jpg
2026-03-15 10:22:55,537 - INFO - [pipeline.py:136] - "GlitchWarpTransformer","intensity=0.01"
2026-03-15 10:22:55,575 - INFO - [pipeline.py:136] - "DataMoshTransformer","intensity=0.02"
2026-03-15 10:22:55,672 - INFO - [pipeline.py:136] - "FlipWilsonTransformer","keep=bottom_right,narrow=0.46"
2026-03-15 10:22:55,773 - INFO - [pipeline.py:136] - "StippleTransformer","bg=white,dot_radius=3,jitter=1,spacing=6"
2026-03-15 10:22:55,795 - INFO - [pipeline.py:248] - [Grade: F] Saved to: /Users/kenfasano/Scripts/ScreenArt/Images/Rejected/nasa_earth_1_Manila_True_Color-F.jpeg
2026-03-15 10:22:56,037 - INFO - [pipeline.py:136] - "VoronoiTransformer","edge_blend=1,num_points=260"
2026-03-15 10:22:56,050 - INFO - [pipeline.py:248] - [Grade: A] Saved to: /Users/kenfasano/Scripts/ScreenArt/Images/TransformedImages/noaa_goes_1_se_Air_Mass-A.jpeg
2026-03-15 10:22:56,088 - INFO - [pipeline.py:136] - "PosterizationTransformer","levels=4"
2026-03-15 10:22:56,112 - INFO - [pipeline.py:248] - [Grade: A] Saved to: /Users/kenfasano/Scripts/ScreenArt/Images/TransformedImages/thumbnai-A.jpeg
2026-03-15 10:22:56,283 - INFO - [pipeline.py:136] - "VoronoiTransformer","edge_blend=1,num_points=107"
2026-03-15 10:22:56,307 - INFO - [pipeline.py:136] - "ChromaticAberrationTransformer","angle=277.80,edge_fade=1,shift=12.80"
2026-03-15 10:22:56,341 - INFO - [pipeline.py:136] - "FractalWarpTransformer","iter=1,scale=0.05"
2026-03-15 10:22:56,441 - INFO - [pipeline.py:136] - "FlipWilsonTransformer","keep=bottom_right,narrow=0.46"
2026-03-15 10:22:56,458 - INFO - [pipeline.py:248] - [Grade: A] Saved to: /Users/kenfasano/Scripts/ScreenArt/Images/TransformedImages/G-BADZ-A.jpeg
2026-03-15 10:22:56,534 - INFO - [pipeline.py:136] - "DataMoshTransformer","intensity=0.01"
2026-03-15 10:22:56,595 - INFO - [pipeline.py:136] - "FractalWarpTransformer","iter=1,scale=0.05"
2026-03-15 10:22:56,670 - INFO - [pipeline.py:136] - "KaleidoscopeTransformer","cx_off=-0.06,cy_off=0.16,segments=6"
2026-03-15 10:22:56,696 - INFO - [pipeline.py:248] - [Grade: A] Saved to: /Users/kenfasano/Scripts/ScreenArt/Images/TransformedImages/J1-_jour-A.jpeg
2026-03-15 10:22:56,826 - INFO - [pipeline.py:136] - "SwirlWarpTransformer","strength=1.50"
2026-03-15 10:22:56,953 - INFO - [pipeline.py:136] - "KaleidoscopeTransformer","cx_off=0.04,cy_off=0.12,segments=4"
2026-03-15 10:22:56,996 - INFO - [pipeline.py:248] - [Grade: B] Saved to: /Users/kenfasano/Scripts/ScreenArt/Images/TransformedImages/Dix_pièc-B.jpeg
2026-03-15 10:22:57,103 - INFO - [pipeline.py:136] - "WheelTransformer","blend=lighter,copies=5"
2026-03-15 10:22:57,115 - INFO - [pipeline.py:248] - [Grade: A] Saved to: /Users/kenfasano/Scripts/ScreenArt/Images/TransformedImages/960px-Rene_raki-A.jpeg
2026-03-15 10:22:57,183 - INFO - [pipeline.py:136] - "SwirlWarpTransformer","strength=1.50"
2026-03-15 10:22:57,210 - INFO - [pipeline.py:248] - [Grade: A] Saved to: /Users/kenfasano/Scripts/ScreenArt/Images/TransformedImages/Khana_Mi-A.jpeg
2026-03-15 10:22:57,539 - INFO - [pipeline.py:136] - "PixelSortTransformer","direction=rows,high=0.92,low=0.25,sort_key=saturation"
2026-03-15 10:22:57,636 - INFO - [pipeline.py:136] - "FlipWilsonTransformer","keep=bottom_right,narrow=0.46"
2026-03-15 10:22:57,656 - INFO - [pipeline.py:248] - [Grade: A] Saved to: /Users/kenfasano/Scripts/ScreenArt/Images/TransformedImages/lojong_2-A-hero.jpeg
2026-03-15 10:22:57,710 - INFO - [pipeline.py:136] - "ThermalImagingTransformer","thermal=True"
2026-03-15 10:22:57,747 - INFO - [pipeline.py:136] - "DataMoshTransformer","intensity=0.01"
2026-03-15 10:22:57,771 - INFO - [pipeline.py:136] - "RadialWarpTransformer","radius=0.25,strength=38.38488521947203,136.21523614786986,74.17234311210639,style=pull,pull,pull"
2026-03-15 10:22:57,792 - INFO - [pipeline.py:248] - [Grade: C] Saved to: /Users/kenfasano/Scripts/ScreenArt/Images/TransformedImages/lojong_3-C-columns.jpeg
2026-03-15 10:22:57,824 - INFO - [pipeline.py:136] - "ChromaticAberrationTransformer","angle=126.90,edge_fade=1,shift=16.30"
2026-03-15 10:22:57,924 - INFO - [pipeline.py:136] - "VoronoiTransformer","edge_blend=1,num_points=60"
2026-03-15 10:22:58,036 - INFO - [pipeline.py:136] - "OilPaintingTransformer","dyn_ratio=8,size=5"
2026-03-15 10:22:58,089 - INFO - [pipeline.py:136] - "MeltMorphTransformer","intensity=0.50"
2026-03-15 10:22:58,106 - INFO - [pipeline.py:248] - [Grade: A] Saved to: /Users/kenfasano/Scripts/ScreenArt/Images/TransformedImages/lojong_8-A-scatter.jpeg
2026-03-15 10:22:58,127 - INFO - [pipeline.py:136] - "ColormapTransformer","map=hot"
2026-03-15 10:22:58,165 - INFO - [pipeline.py:136] - "SwirlWarpTransformer","strength=1.50"
2026-03-15 10:22:58,184 - INFO - [pipeline.py:248] - [Grade: A] Saved to: /Users/kenfasano/Scripts/ScreenArt/Images/TransformedImages/lojong_4-A-columns.jpeg
2026-03-15 10:22:58,209 - INFO - [pipeline.py:136] - "RadialWarpTransformer","radius=0.25,strength=137.741833828518,style=pull"
2026-03-15 10:22:58,385 - INFO - [pipeline.py:136] - "WheelTransformer","blend=lighter,copies=5"
2026-03-15 10:22:58,405 - INFO - [pipeline.py:248] - [Grade: A] Saved to: /Users/kenfasano/Scripts/ScreenArt/Images/TransformedImages/lojong_5-A-tile.jpeg
2026-03-15 10:22:58,444 - INFO - [pipeline.py:136] - "GlitchWarpTransformer","intensity=0.01"
2026-03-15 10:22:58,622 - INFO - [pipeline.py:136] - "WheelTransformer","blend=lighter,copies=5"
2026-03-15 10:22:58,656 - INFO - [pipeline.py:136] - "FractalWarpTransformer","iter=1,scale=0.05"
2026-03-15 10:22:58,758 - INFO - [pipeline.py:136] - "OilPaintingTransformer","dyn_ratio=4,size=4"
2026-03-15 10:22:58,777 - INFO - [pipeline.py:248] - [Grade: A] Saved to: /Users/kenfasano/Scripts/ScreenArt/Images/TransformedImages/lojong_9-A-columns.jpeg
2026-03-15 10:22:58,887 - INFO - [pipeline.py:136] - "FlipWilsonTransformer","keep=bottom_right,narrow=0.46"
2026-03-15 10:22:58,924 - INFO - [pipeline.py:136] - "SwirlWarpTransformer","strength=1.50"
2026-03-15 10:22:58,946 - INFO - [pipeline.py:248] - [Grade: A] Saved to: /Users/kenfasano/Scripts/ScreenArt/Images/TransformedImages/lojong_6-A-columns.jpeg
2026-03-15 10:22:59,078 - INFO - [pipeline.py:136] - "PixelSortTransformer","direction=rows,high=0.69,low=0.13,sort_key=brightness"
2026-03-15 10:22:59,091 - INFO - [pipeline.py:136] - "ColormapTransformer","map=autumn"
2026-03-15 10:22:59,128 - INFO - [pipeline.py:136] - "ThermalImagingTransformer","thermal=True"
2026-03-15 10:22:59,153 - INFO - [pipeline.py:136] - "ChromaticAberrationTransformer","angle=356.60,edge_fade=1,shift=17.90"
2026-03-15 10:22:59,172 - INFO - [pipeline.py:248] - [Grade: A] Saved to: /Users/kenfasano/Scripts/ScreenArt/Images/TransformedImages/lojong_7-A-columns.jpeg
2026-03-15 10:22:59,216 - INFO - [pipeline.py:136] - "ThermalImagingTransformer","thermal=True"
2026-03-15 10:22:59,233 - INFO - [pipeline.py:248] - [Grade: C] Saved to: /Users/kenfasano/Scripts/ScreenArt/Images/TransformedImages/lojong_0-C-tile.jpeg
2026-03-15 10:22:59,252 - INFO - [pipeline.py:136] - "PosterizationTransformer","levels=4"
2026-03-15 10:22:59,269 - INFO - [pipeline.py:248] - [Grade: F] Saved to: /Users/kenfasano/Scripts/ScreenArt/Images/Rejected/lojong_1-F-hero.jpeg
2026-03-15 10:22:59,320 - INFO - [pipeline.py:136] - "SwirlWarpTransformer","strength=1.50"
2026-03-15 10:22:59,348 - INFO - [pipeline.py:136] - "GlitchWarpTransformer","intensity=0.01"
2026-03-15 10:22:59,370 - INFO - [pipeline.py:248] - [Grade: A] Saved to: /Users/kenfasano/Scripts/ScreenArt/Images/TransformedImages/psalms_93-A-columns.jpeg
2026-03-15 10:22:59,428 - INFO - [pipeline.py:136] - "HalftoneTransformer","size=2"
2026-03-15 10:22:59,466 - INFO - [pipeline.py:136] - "SwirlWarpTransformer","strength=1.50"
2026-03-15 10:22:59,520 - INFO - [pipeline.py:136] - "MeltMorphTransformer","intensity=0.50"
2026-03-15 10:22:59,554 - INFO - [pipeline.py:136] - "FractalWarpTransformer","iter=1,scale=0.05"
2026-03-15 10:22:59,571 - INFO - [pipeline.py:248] - [Grade: A] Saved to: /Users/kenfasano/Scripts/ScreenArt/Images/TransformedImages/psalms_71-A-tile.jpeg
2026-03-15 10:22:59,615 - INFO - [pipeline.py:136] - "FractalWarpTransformer","iter=1,scale=0.05"
2026-03-15 10:22:59,866 - INFO - [pipeline.py:136] - "VoronoiTransformer","edge_blend=1,num_points=192"
2026-03-15 10:22:59,884 - INFO - [pipeline.py:248] - [Grade: A] Saved to: /Users/kenfasano/Scripts/ScreenArt/Images/TransformedImages/psalms_72-A-scatter.jpeg
2026-03-15 10:22:59,926 - INFO - [pipeline.py:136] - "FractalWarpTransformer","iter=1,scale=0.05"
2026-03-15 10:22:59,945 - INFO - [pipeline.py:248] - [Grade: C] Saved to: /Users/kenfasano/Scripts/ScreenArt/Images/TransformedImages/psalms_64-C-tile.jpeg
2026-03-15 10:22:59,992 - INFO - [pipeline.py:136] - "DataMoshTransformer","intensity=0.01"
2026-03-15 10:23:00,027 - INFO - [pipeline.py:136] - "FractalWarpTransformer","iter=1,scale=0.05"
2026-03-15 10:23:00,047 - INFO - [pipeline.py:136] - "RadialWarpTransformer","radius=0.25,strength=113.02255424561362,68.28786095930465,style=pull,pull"
2026-03-15 10:23:00,067 - INFO - [pipeline.py:248] - [Grade: A] Saved to: /Users/kenfasano/Scripts/ScreenArt/Images/TransformedImages/psalms_33-A-tile.jpeg
2026-03-15 10:23:00,101 - INFO - [pipeline.py:136] - "ChromaticAberrationTransformer","angle=191.10,edge_fade=1,shift=13.80"
2026-03-15 10:23:00,212 - INFO - [pipeline.py:136] - "OilPaintingTransformer","dyn_ratio=6,size=3"
2026-03-15 10:23:00,227 - INFO - [pipeline.py:136] - "PosterizationTransformer","levels=4"
2026-03-15 10:23:00,266 - INFO - [pipeline.py:136] - "SwirlWarpTransformer","strength=1.50"
2026-03-15 10:23:00,283 - INFO - [pipeline.py:248] - [Grade: A] Saved to: /Users/kenfasano/Scripts/ScreenArt/Images/TransformedImages/psalms_142-A-scatter.jpeg
2026-03-15 10:23:00,304 - INFO - [pipeline.py:136] - "ColormapTransformer","map=jet"
2026-03-15 10:23:00,328 - INFO - [pipeline.py:136] - "RadialWarpTransformer","radius=0.25,strength=44.56988442018809,98.1437803566998,79.85105494798623,style=pull,pull,push"
2026-03-15 10:23:00,365 - INFO - [pipeline.py:136] - "FractalWarpTransformer","iter=1,scale=0.05"
2026-03-15 10:23:00,393 - INFO - [pipeline.py:136] - "GlitchWarpTransformer","intensity=0.01"
2026-03-15 10:23:00,414 - INFO - [pipeline.py:248] - [Grade: C] Saved to: /Users/kenfasano/Scripts/ScreenArt/Images/TransformedImages/psalms_133-C-tile.jpeg
2026-03-15 10:23:00,457 - INFO - [pipeline.py:136] - "FractalWarpTransformer","iter=1,scale=0.05"
2026-03-15 10:23:00,470 - INFO - [pipeline.py:136] - "PosterizationTransformer","levels=4"
2026-03-15 10:23:00,596 - INFO - [pipeline.py:136] - "OilPaintingTransformer","dyn_ratio=5,size=7"
2026-03-15 10:23:00,613 - INFO - [pipeline.py:248] - [Grade: C] Saved to: /Users/kenfasano/Scripts/ScreenArt/Images/TransformedImages/psalms_148-C-hero.jpeg
2026-03-15 10:23:00,796 - INFO - [pipeline.py:136] - "WheelTransformer","blend=lighter,copies=5"
2026-03-15 10:23:00,907 - INFO - [pipeline.py:136] - "OilPaintingTransformer","dyn_ratio=8,size=4"
2026-03-15 10:23:00,925 - INFO - [pipeline.py:248] - [Grade: A] Saved to: /Users/kenfasano/Scripts/ScreenArt/Images/TransformedImages/psalms_96-A-tile.jpeg
2026-03-15 10:23:00,993 - INFO - [pipeline.py:136] - "WatercolorTransformer","scale=0.85,style=monet"
2026-03-15 10:23:00,998 - INFO - [pipeline.py:136] - "ColormapTransformer","map=bone"
2026-03-15 10:23:01,028 - INFO - [pipeline.py:136] - "FlipWilsonTransformer","keep=bottom_right,narrow=0.46"
2026-03-15 10:23:01,043 - INFO - [pipeline.py:136] - "FractalWarpTransformer","iter=1,scale=0.05"
2026-03-15 10:23:01,048 - INFO - [pipeline.py:248] - [Grade: A] Saved to: /Users/kenfasano/Scripts/ScreenArt/Images/TransformedImages/peripheral_drift_2-A.jpeg
2026-03-15 10:23:01,061 - INFO - [pipeline.py:136] - "GlitchWarpTransformer","intensity=0.01"
2026-03-15 10:23:01,069 - INFO - [pipeline.py:136] - "ChromaticAberrationTransformer","angle=148.60,edge_fade=1,shift=5.60"
2026-03-15 10:23:01,086 - INFO - [pipeline.py:136] - "KaleidoscopeTransformer","cx_off=0.05,cy_off=-0.11,segments=8"
2026-03-15 10:23:01,117 - INFO - [pipeline.py:136] - "FlipWilsonTransformer","keep=bottom_right,narrow=0.46"
2026-03-15 10:23:01,124 - INFO - [pipeline.py:248] - [Grade: A] Saved to: /Users/kenfasano/Scripts/ScreenArt/Images/TransformedImages/peripheral_drift_3-A.jpeg
2026-03-15 10:23:01,137 - INFO - [pipeline.py:136] - "FractalWarpTransformer","iter=1,scale=0.05"
2026-03-15 10:23:01,143 - INFO - [pipeline.py:248] - [Grade: A] Saved to: /Users/kenfasano/Scripts/ScreenArt/Images/TransformedImages/peripheral_drift_1-A.jpeg
2026-03-15 10:23:01,144 - INFO - [main.py:188] - PixelSortTransformer
2026-03-15 10:23:01,144 - INFO - [main.py:188] - WheelTransformer
2026-03-15 10:23:01,144 - INFO - [main.py:188] - VoronoiTransformer
2026-03-15 10:23:01,144 - INFO - [main.py:188] - WatercolorTransformer
2026-03-15 10:23:01,144 - INFO - [main.py:188] - OilPaintingTransformer
2026-03-15 10:23:01,144 - INFO - [main.py:188] - FlipWilsonTransformer
2026-03-15 10:23:01,144 - INFO - [main.py:188] - KaleidoscopeTransformer
2026-03-15 10:23:01,144 - INFO - [main.py:188] - StippleTransformer
2026-03-15 10:23:01,144 - INFO - [main.py:188] - MeltMorphTransformer
2026-03-15 10:23:01,144 - INFO - [main.py:188] - SwirlWarpTransformer
2026-03-15 10:23:01,144 - INFO - [main.py:188] - DataMoshTransformer
2026-03-15 10:23:01,144 - INFO - [main.py:188] - HalftoneTransformer
2026-03-15 10:23:01,144 - INFO - [main.py:188] - ThermalImagingTransformer
2026-03-15 10:23:01,144 - INFO - [main.py:188] - FractalWarpTransformer
2026-03-15 10:23:01,144 - INFO - [main.py:188] - FluidWarpTransformer
2026-03-15 10:23:01,144 - INFO - [main.py:188] - RadialWarpTransformer
2026-03-15 10:23:01,144 - INFO - [main.py:188] - GlitchWarpTransformer
2026-03-15 10:23:01,144 - INFO - [main.py:188] - ChromaticAberrationTransformer
2026-03-15 10:23:01,144 - INFO - [main.py:188] - FisheyeTransformer
2026-03-15 10:23:01,144 - INFO - [main.py:188] - PosterizationTransformer
2026-03-15 10:23:01,144 - INFO - [main.py:188] - ColormapTransformer
2026-03-15 10:23:01,145 - INFO - [main.py:231] - 23s@10:23 ✓
Accepted: 53
Rejected: 3
---
Bible                      ->  5736ms
Wiki                       ->  3533ms
Lojong                     ->  2618ms
Nasa                       ->   987ms
GoesGenerator              ->   530ms
Bubbles                    ->   445ms
Cubes                      ->   203ms
NasaMapGenerator           ->    52ms
PeripheralDriftIllusion    ->    44ms
---
PixelSortTransformer             -> Min:   108ms | Avg:   200ms | Max:   320ms
WheelTransformer                 -> Min:   102ms | Avg:   169ms | Max:   179ms
VoronoiTransformer               -> Min:    36ms | Avg:   156ms | Max:   251ms
WatercolorTransformer            -> Min:    65ms | Avg:   137ms | Max:   210ms
OilPaintingTransformer           -> Min:    29ms | Avg:    98ms | Max:   126ms
FlipWilsonTransformer            -> Min:    25ms | Avg:    71ms | Max:   100ms
KaleidoscopeTransformer          -> Min:    17ms | Avg:    64ms | Max:   127ms
StippleTransformer               -> Min:    25ms | Avg:    51ms | Max:   100ms
MeltMorphTransformer             -> Min:    22ms | Avg:    49ms | Max:    55ms
SwirlWarpTransformer             -> Min:    13ms | Avg:    42ms | Max:    97ms
DataMoshTransformer              -> Min:    36ms | Avg:    41ms | Max:    59ms
HalftoneTransformer              -> Min:     9ms | Avg:    35ms | Max:    58ms
ThermalImagingTransformer        -> Min:    14ms | Avg:    33ms | Max:    42ms
FractalWarpTransformer           -> Min:     8ms | Avg:    32ms | Max:    61ms
FluidWarpTransformer             -> Min:    13ms | Avg:    23ms | Max:    34ms
RadialWarpTransformer            -> Min:    16ms | Avg:    21ms | Max:    24ms
GlitchWarpTransformer            -> Min:     8ms | Avg:    20ms | Max:    28ms
ChromaticAberrationTransformer   -> Min:     7ms | Avg:    20ms | Max:    25ms
FisheyeTransformer               -> Min:     6ms | Avg:    17ms | Max:    30ms
PosterizationTransformer         -> Min:     2ms | Avg:    13ms | Max:    25ms
ColormapTransformer              -> Min:     4ms | Avg:    10ms | Max:    14ms
