2026-03-13 20:36:00,756 - INFO - [pipeline.py:136] - "WheelTransformer","blend=normal,copies=3"
2026-03-13 20:36:00,773 - INFO - [pipeline.py:229] - [Grade: F] Saved to: /Users/kenfasano/Scripts/ScreenArt/Images/Rejected/bubbles_4-F.jpeg
2026-03-13 20:36:00,823 - INFO - [pipeline.py:136] - "SwirlWarpTransformer","strength=1.50"
2026-03-13 20:36:00,839 - INFO - [pipeline.py:229] - [Grade: F] Saved to: /Users/kenfasano/Scripts/ScreenArt/Images/Rejected/bubbles_8-F.jpeg
2026-03-13 20:36:00,880 - INFO - [pipeline.py:136] - "FractalWarpTransformer","iter=1,scale=0.05"
2026-03-13 20:36:00,896 - INFO - [pipeline.py:229] - [Grade: C] Saved to: /Users/kenfasano/Scripts/ScreenArt/Images/TransformedImages/bubbles_9-C.jpeg
2026-03-13 20:36:00,941 - INFO - [pipeline.py:136] - "FisheyeTransformer","shape=circle,strength=0.58,zoom=0.87"
2026-03-13 20:36:00,958 - INFO - [pipeline.py:229] - [Grade: F] Saved to: /Users/kenfasano/Scripts/ScreenArt/Images/Rejected/bubbles_5-F.jpeg
2026-03-13 20:36:00,979 - INFO - [pipeline.py:136] - "PosterizationTransformer","levels=4"
2026-03-13 20:36:01,017 - INFO - [pipeline.py:136] - "SwirlWarpTransformer","strength=1.50"
2026-03-13 20:36:01,054 - INFO - [pipeline.py:136] - "FractalWarpTransformer","iter=1,scale=0.05"
2026-03-13 20:36:01,083 - INFO - [pipeline.py:136] - "GlitchWarpTransformer","intensity=0.01"
2026-03-13 20:36:01,101 - INFO - [pipeline.py:229] - [Grade: B] Saved to: /Users/kenfasano/Scripts/ScreenArt/Images/TransformedImages/bubbles_2-B.jpeg
2026-03-13 20:36:01,122 - INFO - [pipeline.py:136] - "ColormapTransformer","map=pink"
2026-03-13 20:36:01,180 - INFO - [pipeline.py:136] - "MeltMorphTransformer","intensity=0.50"
2026-03-13 20:36:01,218 - INFO - [pipeline.py:136] - "SwirlWarpTransformer","strength=1.50"
2026-03-13 20:36:01,236 - INFO - [pipeline.py:229] - [Grade: C] Saved to: /Users/kenfasano/Scripts/ScreenArt/Images/TransformedImages/bubbles_3-C.jpeg
2026-03-13 20:36:01,303 - INFO - [pipeline.py:136] - "FlipWilsonTransformer","keep=bottom,narrow=0.24"
2026-03-13 20:36:01,316 - INFO - [pipeline.py:136] - "PosterizationTransformer","levels=4"
2026-03-13 20:36:01,333 - INFO - [pipeline.py:229] - [Grade: A] Saved to: /Users/kenfasano/Scripts/ScreenArt/Images/TransformedImages/bubbles_10-A.jpeg
2026-03-13 20:36:01,357 - INFO - [pipeline.py:136] - "RadialWarpTransformer","radius=0.25,strength=60.5676495141615,style=push"
2026-03-13 20:36:01,373 - INFO - [pipeline.py:229] - [Grade: C] Saved to: /Users/kenfasano/Scripts/ScreenArt/Images/TransformedImages/bubbles_1-C.jpeg
2026-03-13 20:36:01,409 - INFO - [pipeline.py:136] - "GlitchWarpTransformer","intensity=0.01"
2026-03-13 20:36:01,422 - INFO - [pipeline.py:136] - "PosterizationTransformer","levels=4"
2026-03-13 20:36:01,478 - INFO - [pipeline.py:136] - "MeltMorphTransformer","intensity=0.50"
2026-03-13 20:36:01,526 - INFO - [pipeline.py:136] - "HalftoneTransformer","size=2"
2026-03-13 20:36:01,542 - INFO - [pipeline.py:229] - [Grade: F] Saved to: /Users/kenfasano/Scripts/ScreenArt/Images/Rejected/bubbles_6-F.jpeg
2026-03-13 20:36:01,603 - INFO - [pipeline.py:136] - "MeltMorphTransformer","intensity=0.50"
2026-03-13 20:36:01,626 - INFO - [pipeline.py:136] - "FisheyeTransformer","shape=circle,strength=0.45,zoom=1.09"
2026-03-13 20:36:01,664 - INFO - [pipeline.py:136] - "DataMoshTransformer","intensity=0.02"
2026-03-13 20:36:01,681 - INFO - [pipeline.py:229] - [Grade: A] Saved to: /Users/kenfasano/Scripts/ScreenArt/Images/TransformedImages/bubbles_7-A.jpeg
2026-03-13 20:36:01,763 - INFO - [pipeline.py:136] - "XrayTransformer","colors=256"
2026-03-13 20:36:01,801 - INFO - [pipeline.py:136] - "SwirlWarpTransformer","strength=1.50"
2026-03-13 20:36:01,814 - INFO - [pipeline.py:136] - "PosterizationTransformer","levels=4"
2026-03-13 20:36:02,027 - INFO - [pipeline.py:136] - "WatercolorTransformer","scale=0.85,style=monet"
2026-03-13 20:36:02,043 - INFO - [pipeline.py:229] - [Grade: B] Saved to: /Users/kenfasano/Scripts/ScreenArt/Images/TransformedImages/cubes_2-B.jpeg
2026-03-13 20:36:02,151 - INFO - [pipeline.py:136] - "WheelTransformer","blend=normal,copies=3"
2026-03-13 20:36:02,176 - INFO - [pipeline.py:136] - "FisheyeTransformer","shape=circle,strength=0.31,zoom=1.00"
2026-03-13 20:36:02,225 - INFO - [pipeline.py:136] - "FluidWarpTransformer","alpha=6.01,sigma=7.46"
2026-03-13 20:36:02,279 - INFO - [pipeline.py:136] - "MeltMorphTransformer","intensity=0.50"
2026-03-13 20:36:02,295 - INFO - [pipeline.py:229] - [Grade: A] Saved to: /Users/kenfasano/Scripts/ScreenArt/Images/TransformedImages/cubes_3-A.jpeg
2026-03-13 20:36:02,355 - INFO - [pipeline.py:136] - "MeltMorphTransformer","intensity=0.50"
2026-03-13 20:36:02,417 - INFO - [pipeline.py:136] - "FlipWilsonTransformer","keep=bottom,narrow=0.24"
2026-03-13 20:36:02,465 - INFO - [pipeline.py:136] - "HalftoneTransformer","size=2"
2026-03-13 20:36:02,480 - INFO - [pipeline.py:229] - [Grade: A] Saved to: /Users/kenfasano/Scripts/ScreenArt/Images/TransformedImages/cubes_4-A.jpeg
2026-03-13 20:36:02,524 - INFO - [pipeline.py:136] - "SwirlWarpTransformer","strength=1.50"
2026-03-13 20:36:02,541 - INFO - [pipeline.py:229] - [Grade: A] Saved to: /Users/kenfasano/Scripts/ScreenArt/Images/TransformedImages/cubes_5-A.jpeg
2026-03-13 20:36:02,571 - INFO - [pipeline.py:136] - "FisheyeTransformer","shape=oval,strength=0.41,zoom=1.01"
2026-03-13 20:36:02,587 - INFO - [pipeline.py:229] - [Grade: A] Saved to: /Users/kenfasano/Scripts/ScreenArt/Images/TransformedImages/cubes_6-A.jpeg
2026-03-13 20:36:02,658 - INFO - [pipeline.py:136] - "FlipWilsonTransformer","keep=bottom,narrow=0.24"
2026-03-13 20:36:02,696 - INFO - [pipeline.py:136] - "SwirlWarpTransformer","strength=1.50"
2026-03-13 20:36:02,709 - INFO - [pipeline.py:136] - "PosterizationTransformer","levels=4"
2026-03-13 20:36:02,742 - INFO - [pipeline.py:136] - "FractalWarpTransformer","iter=1,scale=0.05"
2026-03-13 20:36:02,758 - INFO - [pipeline.py:229] - [Grade: A] Saved to: /Users/kenfasano/Scripts/ScreenArt/Images/TransformedImages/cubes_1-A.jpeg
2026-03-13 20:36:02,775 - INFO - [pipeline.py:136] - "ThermalImagingTransformer","thermal=True"
2026-03-13 20:36:02,779 - INFO - [pipeline.py:136] - "PosterizationTransformer","levels=4"
2026-03-13 20:36:02,788 - INFO - [pipeline.py:229] - [Grade: A] Saved to: /Users/kenfasano/Scripts/ScreenArt/Images/TransformedImages/GreatComet1680_verschuier_960-A.jpg
2026-03-13 20:36:02,807 - INFO - [pipeline.py:136] - "ThermalImagingTransformer","thermal=True"
2026-03-13 20:36:02,814 - INFO - [pipeline.py:229] - [Grade: A] Saved to: /Users/kenfasano/Scripts/ScreenArt/Images/TransformedImages/cheshirecat_chandra_comp1024c-A.jpg
2026-03-13 20:36:02,836 - INFO - [pipeline.py:136] - "SwirlWarpTransformer","strength=1.50"
2026-03-13 20:36:02,908 - INFO - [pipeline.py:136] - "WatercolorTransformer","scale=0.85,style=psychedelic"
2026-03-13 20:36:02,918 - INFO - [pipeline.py:136] - "ThreeDExtrusionTransformer","ambient=0.51,intensity=0.50"
2026-03-13 20:36:02,923 - INFO - [pipeline.py:229] - [Grade: C] Saved to: /Users/kenfasano/Scripts/ScreenArt/Images/TransformedImages/noctilucentNeowisePaoly600h-C.jpg
2026-03-13 20:36:02,933 - INFO - [pipeline.py:136] - "FisheyeTransformer","shape=oval,strength=0.37,zoom=0.87"
2026-03-13 20:36:02,939 - INFO - [pipeline.py:229] - [Grade: C] Saved to: /Users/kenfasano/Scripts/ScreenArt/Images/TransformedImages/rosette_andreo-C.jpg
2026-03-13 20:36:02,956 - INFO - [pipeline.py:136] - "DataMoshTransformer","intensity=0.02"
2026-03-13 20:36:02,962 - INFO - [pipeline.py:229] - [Grade: A] Saved to: /Users/kenfasano/Scripts/ScreenArt/Images/TransformedImages/NGC6726_Schedler_960-A.jpg
2026-03-13 20:36:02,988 - INFO - [pipeline.py:136] - "FluidWarpTransformer","alpha=1.42,sigma=5.27"
2026-03-13 20:36:03,011 - INFO - [pipeline.py:136] - "HalftoneTransformer","size=2"
2026-03-13 20:36:03,029 - INFO - [pipeline.py:136] - "ThermalImagingTransformer","thermal=True"
2026-03-13 20:36:03,044 - INFO - [pipeline.py:136] - "GlitchWarpTransformer","intensity=0.01"
2026-03-13 20:36:03,054 - INFO - [pipeline.py:229] - [Grade: A] Saved to: /Users/kenfasano/Scripts/ScreenArt/Images/TransformedImages/hyperion_cassini_1024-A.jpg
2026-03-13 20:36:03,095 - INFO - [pipeline.py:136] - "WheelTransformer","blend=normal,copies=3"
2026-03-13 20:36:03,111 - INFO - [pipeline.py:136] - "SwirlWarpTransformer","strength=1.50"
2026-03-13 20:36:03,118 - INFO - [pipeline.py:229] - [Grade: B] Saved to: /Users/kenfasano/Scripts/ScreenArt/Images/TransformedImages/Ghost_Wood_960-B.jpg
2026-03-13 20:36:03,129 - INFO - [pipeline.py:136] - "FlipWilsonTransformer","keep=bottom,narrow=0.24"
2026-03-13 20:36:03,132 - INFO - [pipeline.py:229] - [Grade: A] Saved to: /Users/kenfasano/Scripts/ScreenArt/Images/TransformedImages/orion_iras-A.jpg
2026-03-13 20:36:03,150 - INFO - [pipeline.py:136] - "ThermalImagingTransformer","thermal=True"
2026-03-13 20:36:03,158 - INFO - [pipeline.py:136] - "RadialWarpTransformer","radius=0.25,strength=129.16752759393148,48.81161713041289,style=push,pull"
2026-03-13 20:36:03,165 - INFO - [pipeline.py:229] - [Grade: A] Saved to: /Users/kenfasano/Scripts/ScreenArt/Images/TransformedImages/RingPeaks_Cassini_960-A.jpg
2026-03-13 20:36:03,169 - INFO - [pipeline.py:136] - "RadialWarpTransformer","radius=0.25,strength=54.570731332773875,64.511320022594,style=push,pull"
2026-03-13 20:36:03,175 - INFO - [pipeline.py:136] - "MeltMorphTransformer","intensity=0.50"
2026-03-13 20:36:03,176 - INFO - [pipeline.py:136] - "ColormapTransformer","map=hot"
2026-03-13 20:36:03,179 - INFO - [pipeline.py:229] - [Grade: B] Saved to: /Users/kenfasano/Scripts/ScreenArt/Images/TransformedImages/galaxysky_2mass-B.jpg
2026-03-13 20:36:03,192 - INFO - [pipeline.py:136] - "SwirlWarpTransformer","strength=1.50"
2026-03-13 20:36:03,202 - INFO - [pipeline.py:136] - "DataMoshTransformer","intensity=0.02"
2026-03-13 20:36:03,207 - INFO - [pipeline.py:136] - "RadialWarpTransformer","radius=0.25,strength=46.58474214055299,style=pull"
2026-03-13 20:36:03,213 - INFO - [pipeline.py:229] - [Grade: C] Saved to: /Users/kenfasano/Scripts/ScreenArt/Images/TransformedImages/NGC4038_ssro900-C.jpg
2026-03-13 20:36:03,273 - INFO - [pipeline.py:136] - "HalftoneTransformer","size=2"
2026-03-13 20:36:03,312 - INFO - [pipeline.py:136] - "SwirlWarpTransformer","strength=1.50"
2026-03-13 20:36:03,354 - INFO - [pipeline.py:136] - "DataMoshTransformer","intensity=0.02"
2026-03-13 20:36:03,456 - INFO - [pipeline.py:136] - "WheelTransformer","blend=normal,copies=3"
2026-03-13 20:36:03,475 - INFO - [pipeline.py:229] - [Grade: A] Saved to: /Users/kenfasano/Scripts/ScreenArt/Images/TransformedImages/nasa_earth_1_Jakarta_True_Color-A.jpeg
2026-03-13 20:36:03,504 - INFO - [pipeline.py:136] - "GlitchWarpTransformer","intensity=0.01"
2026-03-13 20:36:03,526 - INFO - [pipeline.py:136] - "FluidWarpTransformer","alpha=14.30,sigma=2.11"
2026-03-13 20:36:03,544 - INFO - [pipeline.py:136] - "FisheyeTransformer","shape=circle,strength=0.77,zoom=1.14"
2026-03-13 20:36:03,683 - INFO - [pipeline.py:136] - "XrayTransformer","colors=128"
2026-03-13 20:36:03,695 - INFO - [pipeline.py:229] - [Grade: A] Saved to: /Users/kenfasano/Scripts/ScreenArt/Images/TransformedImages/noaa_goes_1_se_GeoColor-A.jpeg
2026-03-13 20:36:03,768 - INFO - [pipeline.py:136] - "HalftoneTransformer","size=2"
2026-03-13 20:36:03,816 - INFO - [pipeline.py:136] - "FluidWarpTransformer","alpha=12.43,sigma=6.33"
2026-03-13 20:36:03,907 - INFO - [pipeline.py:136] - "XrayTransformer","colors=128"
2026-03-13 20:36:03,927 - INFO - [pipeline.py:229] - [Grade: A] Saved to: /Users/kenfasano/Scripts/ScreenArt/Images/TransformedImages/Pellizza-A.jpeg
2026-03-13 20:36:03,994 - INFO - [pipeline.py:136] - "XrayTransformer","colors=256"
2026-03-13 20:36:04,002 - INFO - [pipeline.py:229] - [Grade: A] Saved to: /Users/kenfasano/Scripts/ScreenArt/Images/TransformedImages/960px-EDDI_11wk-A.jpeg
2026-03-13 20:36:04,153 - INFO - [pipeline.py:136] - "FluidWarpTransformer","alpha=18.46,sigma=5.52"
2026-03-13 20:36:04,183 - INFO - [pipeline.py:136] - "ColormapTransformer","map=hot"
2026-03-13 20:36:04,229 - INFO - [pipeline.py:229] - [Grade: A] Saved to: /Users/kenfasano/Scripts/ScreenArt/Images/TransformedImages/Thanjai_-A.jpeg
2026-03-13 20:36:04,262 - INFO - [pipeline.py:136] - "ColormapTransformer","map=rainbow"
2026-03-13 20:36:04,295 - INFO - [pipeline.py:229] - [Grade: A] Saved to: /Users/kenfasano/Scripts/ScreenArt/Images/TransformedImages/1280px-Victoria-A.jpeg
2026-03-13 20:36:04,358 - INFO - [pipeline.py:136] - "FractalWarpTransformer","iter=1,scale=0.05"
2026-03-13 20:36:04,484 - INFO - [pipeline.py:136] - "WheelTransformer","blend=normal,copies=3"
2026-03-13 20:36:04,524 - INFO - [pipeline.py:136] - "GlitchWarpTransformer","intensity=0.01"
2026-03-13 20:36:04,552 - INFO - [pipeline.py:229] - [Grade: B] Saved to: /Users/kenfasano/Scripts/ScreenArt/Images/TransformedImages/Footpath-B.jpeg
2026-03-13 20:36:04,594 - INFO - [pipeline.py:136] - "FractalWarpTransformer","iter=1,scale=0.05"
2026-03-13 20:36:04,693 - INFO - [pipeline.py:136] - "WheelTransformer","blend=normal,copies=3"
2026-03-13 20:36:04,746 - INFO - [pipeline.py:136] - "MeltMorphTransformer","intensity=0.50"
2026-03-13 20:36:04,762 - INFO - [pipeline.py:229] - [Grade: A] Saved to: /Users/kenfasano/Scripts/ScreenArt/Images/TransformedImages/lojong_2-A-hero.jpeg
2026-03-13 20:36:04,941 - INFO - [pipeline.py:136] - "XrayTransformer","colors=128"
2026-03-13 20:36:05,001 - INFO - [pipeline.py:136] - "FlipWilsonTransformer","keep=bottom,narrow=0.24"
2026-03-13 20:36:05,014 - INFO - [pipeline.py:136] - "ColormapTransformer","map=jet"
2026-03-13 20:36:05,034 - INFO - [pipeline.py:229] - [Grade: B] Saved to: /Users/kenfasano/Scripts/ScreenArt/Images/TransformedImages/lojong_3-B-columns.jpeg
2026-03-13 20:36:05,080 - INFO - [pipeline.py:136] - "SwirlWarpTransformer","strength=1.50"
2026-03-13 20:36:05,179 - INFO - [pipeline.py:136] - "WheelTransformer","blend=normal,copies=3"
2026-03-13 20:36:05,195 - INFO - [pipeline.py:229] - [Grade: A] Saved to: /Users/kenfasano/Scripts/ScreenArt/Images/TransformedImages/lojong_8-A-scatter.jpeg
2026-03-13 20:36:05,240 - INFO - [pipeline.py:136] - "DataMoshTransformer","intensity=0.02"
2026-03-13 20:36:05,277 - INFO - [pipeline.py:136] - "ThermalImagingTransformer","thermal=True"
2026-03-13 20:36:05,294 - INFO - [pipeline.py:229] - [Grade: B] Saved to: /Users/kenfasano/Scripts/ScreenArt/Images/TransformedImages/lojong_4-B-tile.jpeg
2026-03-13 20:36:05,334 - INFO - [pipeline.py:136] - "FractalWarpTransformer","iter=1,scale=0.05"
2026-03-13 20:36:05,371 - INFO - [pipeline.py:136] - "DataMoshTransformer","intensity=0.01"
2026-03-13 20:36:05,386 - INFO - [pipeline.py:229] - [Grade: A] Saved to: /Users/kenfasano/Scripts/ScreenArt/Images/TransformedImages/lojong_5-A-scatter.jpeg
2026-03-13 20:36:05,493 - INFO - [pipeline.py:136] - "WheelTransformer","blend=normal,copies=3"
2026-03-13 20:36:05,526 - INFO - [pipeline.py:136] - "FractalWarpTransformer","iter=1,scale=0.05"
2026-03-13 20:36:05,544 - INFO - [pipeline.py:229] - [Grade: A] Saved to: /Users/kenfasano/Scripts/ScreenArt/Images/TransformedImages/lojong_9-A-hero.jpeg
2026-03-13 20:36:05,588 - INFO - [pipeline.py:136] - "DataMoshTransformer","intensity=0.02"
2026-03-13 20:36:05,636 - INFO - [pipeline.py:136] - "HalftoneTransformer","size=2"
2026-03-13 20:36:05,738 - INFO - [pipeline.py:136] - "WheelTransformer","blend=normal,copies=3"
2026-03-13 20:36:05,754 - INFO - [pipeline.py:229] - [Grade: A] Saved to: /Users/kenfasano/Scripts/ScreenArt/Images/TransformedImages/lojong_6-A-scatter.jpeg
2026-03-13 20:36:05,808 - INFO - [pipeline.py:136] - "HalftoneTransformer","size=2"
2026-03-13 20:36:05,824 - INFO - [pipeline.py:229] - [Grade: C] Saved to: /Users/kenfasano/Scripts/ScreenArt/Images/TransformedImages/lojong_7-C-scatter.jpeg
2026-03-13 20:36:05,859 - INFO - [pipeline.py:136] - "GlitchWarpTransformer","intensity=0.01"
2026-03-13 20:36:05,897 - INFO - [pipeline.py:136] - "SwirlWarpTransformer","strength=1.50"
2026-03-13 20:36:05,944 - INFO - [pipeline.py:136] - "HalftoneTransformer","size=2"
2026-03-13 20:36:06,003 - INFO - [pipeline.py:136] - "FlipWilsonTransformer","keep=bottom,narrow=0.24"
2026-03-13 20:36:06,018 - INFO - [pipeline.py:229] - [Grade: A] Saved to: /Users/kenfasano/Scripts/ScreenArt/Images/TransformedImages/lojong_0-A-hero.jpeg
2026-03-13 20:36:06,075 - INFO - [pipeline.py:136] - "HalftoneTransformer","size=2"
2026-03-13 20:36:06,110 - INFO - [pipeline.py:136] - "FractalWarpTransformer","iter=1,scale=0.05"
2026-03-13 20:36:06,125 - INFO - [pipeline.py:229] - [Grade: A] Saved to: /Users/kenfasano/Scripts/ScreenArt/Images/TransformedImages/lojong_1-A-scatter.jpeg
2026-03-13 20:36:06,172 - INFO - [pipeline.py:136] - "SwirlWarpTransformer","strength=1.50"
2026-03-13 20:36:06,196 - INFO - [pipeline.py:136] - "FisheyeTransformer","shape=oval,strength=0.20,zoom=0.90"
2026-03-13 20:36:06,219 - INFO - [pipeline.py:136] - "RadialWarpTransformer","radius=0.25,strength=35.29453476482992,127.84404486228473,77.29088764308642,style=pull,pull,push"
2026-03-13 20:36:06,253 - INFO - [pipeline.py:136] - "FractalWarpTransformer","iter=1,scale=0.05"
2026-03-13 20:36:06,269 - INFO - [pipeline.py:229] - [Grade: A] Saved to: /Users/kenfasano/Scripts/ScreenArt/Images/TransformedImages/psalms_83-A-hero.jpeg
2026-03-13 20:36:06,494 - INFO - [pipeline.py:136] - "WatercolorTransformer","scale=0.85,style=monet"
2026-03-13 20:36:06,592 - INFO - [pipeline.py:136] - "WheelTransformer","blend=normal,copies=3"
2026-03-13 20:36:06,626 - INFO - [pipeline.py:136] - "FractalWarpTransformer","iter=1,scale=0.05"
2026-03-13 20:36:06,643 - INFO - [pipeline.py:229] - [Grade: A] Saved to: /Users/kenfasano/Scripts/ScreenArt/Images/TransformedImages/psalms_21-A-tile.jpeg
2026-03-13 20:36:06,863 - INFO - [pipeline.py:136] - "WatercolorTransformer","scale=0.85,style=psychedelic"
2026-03-13 20:36:06,890 - INFO - [pipeline.py:136] - "FisheyeTransformer","shape=circle,strength=0.49,zoom=0.93"
2026-03-13 20:36:06,925 - INFO - [pipeline.py:136] - "FluidWarpTransformer","alpha=12.29,sigma=1.84"
2026-03-13 20:36:06,942 - INFO - [pipeline.py:229] - [Grade: F] Saved to: /Users/kenfasano/Scripts/ScreenArt/Images/Rejected/psalms_41-F-scatter.jpeg
2026-03-13 20:36:06,990 - INFO - [pipeline.py:136] - "ThermalImagingTransformer","thermal=True"
2026-03-13 20:36:07,018 - INFO - [pipeline.py:136] - "GlitchWarpTransformer","intensity=0.01"
2026-03-13 20:36:07,036 - INFO - [pipeline.py:229] - [Grade: A] Saved to: /Users/kenfasano/Scripts/ScreenArt/Images/TransformedImages/psalms_7-A-tile.jpeg
2026-03-13 20:36:07,075 - INFO - [pipeline.py:136] - "FisheyeTransformer","shape=circle,strength=0.46,zoom=0.99"
2026-03-13 20:36:07,092 - INFO - [pipeline.py:229] - [Grade: F] Saved to: /Users/kenfasano/Scripts/ScreenArt/Images/Rejected/psalms_70-F-tile.jpeg
2026-03-13 20:36:07,138 - INFO - [pipeline.py:136] - "DataMoshTransformer","intensity=0.01"
2026-03-13 20:36:07,162 - INFO - [pipeline.py:136] - "RadialWarpTransformer","radius=0.25,strength=90.58000313267172,84.05490626779152,113.93884522685218,style=pull,pull,push"
2026-03-13 20:36:07,377 - INFO - [pipeline.py:136] - "WatercolorTransformer","scale=0.85,style=psychedelic"
2026-03-13 20:36:07,390 - INFO - [pipeline.py:136] - "PosterizationTransformer","levels=4"
2026-03-13 20:36:07,407 - INFO - [pipeline.py:229] - [Grade: A] Saved to: /Users/kenfasano/Scripts/ScreenArt/Images/TransformedImages/psalms_120-A-scatter.jpeg
2026-03-13 20:36:07,428 - INFO - [pipeline.py:136] - "PosterizationTransformer","levels=4"
2026-03-13 20:36:07,475 - INFO - [pipeline.py:136] - "HalftoneTransformer","size=2"
2026-03-13 20:36:07,574 - INFO - [pipeline.py:136] - "WheelTransformer","blend=normal,copies=3"
2026-03-13 20:36:07,597 - INFO - [pipeline.py:136] - "RadialWarpTransformer","radius=0.25,strength=71.90043797717905,97.4139762592812,74.77716117556719,style=push,push,pull"
2026-03-13 20:36:07,613 - INFO - [pipeline.py:229] - [Grade: A] Saved to: /Users/kenfasano/Scripts/ScreenArt/Images/TransformedImages/psalms_115-A-scatter.jpeg
2026-03-13 20:36:07,644 - INFO - [pipeline.py:136] - "RadialWarpTransformer","radius=0.25,strength=54.37472033627087,123.61149381367449,67.92420777635311,style=pull,pull,pull"
2026-03-13 20:36:07,672 - INFO - [pipeline.py:136] - "GlitchWarpTransformer","intensity=0.01"
2026-03-13 20:36:07,890 - INFO - [pipeline.py:136] - "WatercolorTransformer","scale=0.85,style=monet"
2026-03-13 20:36:07,927 - INFO - [pipeline.py:136] - "DataMoshTransformer","intensity=0.02"
2026-03-13 20:36:07,944 - INFO - [pipeline.py:229] - [Grade: A] Saved to: /Users/kenfasano/Scripts/ScreenArt/Images/TransformedImages/psalms_32-A-tile.jpeg
2026-03-13 20:36:07,976 - INFO - [pipeline.py:136] - "FisheyeTransformer","shape=circle,strength=0.26,zoom=0.99"
2026-03-13 20:36:08,014 - INFO - [pipeline.py:136] - "SwirlWarpTransformer","strength=1.50"
2026-03-13 20:36:08,037 - INFO - [pipeline.py:136] - "RadialWarpTransformer","radius=0.25,strength=73.81527344337607,40.849791302969784,124.90114280708588,style=pull,pull,push"
2026-03-13 20:36:08,086 - INFO - [pipeline.py:136] - "HalftoneTransformer","size=2"
2026-03-13 20:36:08,103 - INFO - [pipeline.py:229] - [Grade: C] Saved to: /Users/kenfasano/Scripts/ScreenArt/Images/TransformedImages/psalms_14-C-hero.jpeg
2026-03-13 20:36:08,322 - INFO - [pipeline.py:136] - "WatercolorTransformer","scale=0.85,style=monet"
2026-03-13 20:36:08,338 - INFO - [pipeline.py:229] - [Grade: F] Saved to: /Users/kenfasano/Scripts/ScreenArt/Images/Rejected/psalms_38-F-hero.jpeg
2026-03-13 20:36:08,349 - INFO - [pipeline.py:136] - "RadialWarpTransformer","radius=0.25,strength=119.92196710306374,113.9540107001204,style=push,pull"
2026-03-13 20:36:08,363 - INFO - [pipeline.py:136] - "HalftoneTransformer","size=2"
2026-03-13 20:36:08,381 - INFO - [pipeline.py:136] - "FlipWilsonTransformer","keep=bottom,narrow=0.24"
2026-03-13 20:36:08,409 - INFO - [pipeline.py:136] - "WheelTransformer","blend=normal,copies=3"
2026-03-13 20:36:08,415 - INFO - [pipeline.py:229] - [Grade: A] Saved to: /Users/kenfasano/Scripts/ScreenArt/Images/TransformedImages/peripheral_drift_2-A.jpeg
2026-03-13 20:36:08,421 - INFO - [pipeline.py:136] - "PosterizationTransformer","levels=4"
2026-03-13 20:36:08,429 - INFO - [pipeline.py:136] - "RadialWarpTransformer","radius=0.25,strength=55.6440260777241,87.93494171600115,style=pull,push"
2026-03-13 20:36:08,435 - INFO - [pipeline.py:229] - [Grade: A] Saved to: /Users/kenfasano/Scripts/ScreenArt/Images/TransformedImages/peripheral_drift_3-A.jpeg
2026-03-13 20:36:08,449 - INFO - [pipeline.py:136] - "DataMoshTransformer","intensity=0.02"
2026-03-13 20:36:08,455 - INFO - [pipeline.py:229] - [Grade: A] Saved to: /Users/kenfasano/Scripts/ScreenArt/Images/TransformedImages/peripheral_drift_1-A.jpeg
2026-03-13 20:36:08,455 - INFO - [main.py:196] - WatercolorTransformer
2026-03-13 20:36:08,455 - INFO - [main.py:196] - XrayTransformer
2026-03-13 20:36:08,455 - INFO - [main.py:196] - WheelTransformer
2026-03-13 20:36:08,455 - INFO - [main.py:196] - FluidWarpTransformer
2026-03-13 20:36:08,455 - INFO - [main.py:196] - MeltMorphTransformer
2026-03-13 20:36:08,455 - INFO - [main.py:196] - FlipWilsonTransformer
2026-03-13 20:36:08,455 - INFO - [main.py:196] - HalftoneTransformer
2026-03-13 20:36:08,455 - INFO - [main.py:196] - FractalWarpTransformer
2026-03-13 20:36:08,455 - INFO - [main.py:196] - SwirlWarpTransformer
2026-03-13 20:36:08,455 - INFO - [main.py:196] - DataMoshTransformer
2026-03-13 20:36:08,455 - INFO - [main.py:196] - GlitchWarpTransformer
2026-03-13 20:36:08,455 - INFO - [main.py:196] - FisheyeTransformer
2026-03-13 20:36:08,455 - INFO - [main.py:196] - ThermalImagingTransformer
2026-03-13 20:36:08,455 - INFO - [main.py:196] - ColormapTransformer
2026-03-13 20:36:08,455 - INFO - [main.py:196] - RadialWarpTransformer
2026-03-13 20:36:08,455 - INFO - [main.py:196] - PosterizationTransformer
2026-03-13 20:36:08,455 - INFO - [main.py:196] - ThreeDExtrusionTransformer
2026-03-13 20:36:08,455 - INFO - [main.py:239] - 23s@20:36 ✓
Accepted: 50
Rejected: 7
---
Bible                      ->  6684ms
Wiki                       ->  3295ms
GoesGenerator              ->  2283ms
Lojong                     ->  1900ms
Nasa                       ->   840ms
Bubbles                    ->   545ms
Cubes                      ->   180ms
NasaMapGenerator           ->    71ms
PeripheralDriftIllusion    ->    46ms
---
WatercolorTransformer      -> Min:    72ms | Avg:   194ms | Max:   217ms
XrayTransformer            -> Min:    57ms | Avg:   107ms | Max:   172ms
WheelTransformer           -> Min:    28ms | Avg:    91ms | Max:   126ms
FluidWarpTransformer       -> Min:    21ms | Avg:    49ms | Max:   121ms
MeltMorphTransformer       -> Min:     6ms | Avg:    48ms | Max:    58ms
FlipWilsonTransformer      -> Min:     9ms | Avg:    47ms | Max:    64ms
HalftoneTransformer        -> Min:    15ms | Avg:    44ms | Max:    61ms
FractalWarpTransformer     -> Min:    34ms | Avg:    36ms | Max:    47ms
SwirlWarpTransformer       -> Min:    10ms | Avg:    33ms | Max:    42ms
DataMoshTransformer        -> Min:    10ms | Avg:    30ms | Max:    42ms
GlitchWarpTransformer      -> Min:    15ms | Avg:    27ms | Max:    41ms
FisheyeTransformer         -> Min:     6ms | Avg:    24ms | Max:    38ms
ThermalImagingTransformer  -> Min:    13ms | Avg:    23ms | Max:    38ms
ColormapTransformer        -> Min:     1ms | Avg:    15ms | Max:    30ms
RadialWarpTransformer      -> Min:     2ms | Avg:    15ms | Max:    24ms
PosterizationTransformer   -> Min:     4ms | Avg:    11ms | Max:    13ms
ThreeDExtrusionTransformer -> Min:     9ms | Avg:     9ms | Max:     9ms
