2026-03-13 21:04:16,967 - INFO - [pipeline.py:136] - "ThermalImagingTransformer","thermal=True"
2026-03-13 21:04:16,981 - INFO - [pipeline.py:136] - "ColormapTransformer","map=ocean"
2026-03-13 21:04:17,030 - INFO - [pipeline.py:136] - "SwirlWarpTransformer","strength=1.50"
2026-03-13 21:04:17,061 - INFO - [pipeline.py:136] - "GlitchWarpTransformer","intensity=0.01"
2026-03-13 21:04:17,082 - INFO - [pipeline.py:229] - [Grade: A] Saved to: /Users/kenfasano/Scripts/ScreenArt/Images/TransformedImages/bubbles_4-A.jpeg
2026-03-13 21:04:17,210 - INFO - [pipeline.py:136] - "WheelTransformer","blend=add,copies=3"
2026-03-13 21:04:17,238 - INFO - [pipeline.py:136] - "GlitchWarpTransformer","intensity=0.01"
2026-03-13 21:04:17,286 - INFO - [pipeline.py:136] - "FisheyeTransformer","shape=circle,strength=0.43,zoom=0.87"
2026-03-13 21:04:17,323 - INFO - [pipeline.py:136] - "FractalWarpTransformer","iter=1,scale=0.05"
2026-03-13 21:04:17,339 - INFO - [pipeline.py:229] - [Grade: C] Saved to: /Users/kenfasano/Scripts/ScreenArt/Images/TransformedImages/bubbles_8-C.jpeg
2026-03-13 21:04:17,385 - INFO - [pipeline.py:136] - "DataMoshTransformer","intensity=0.01"
2026-03-13 21:04:17,421 - INFO - [pipeline.py:136] - "FractalWarpTransformer","iter=1,scale=0.05"
2026-03-13 21:04:17,438 - INFO - [pipeline.py:229] - [Grade: C] Saved to: /Users/kenfasano/Scripts/ScreenArt/Images/TransformedImages/bubbles_9-C.jpeg
2026-03-13 21:04:17,485 - INFO - [pipeline.py:136] - "ThermalImagingTransformer","thermal=True"
2026-03-13 21:04:17,542 - INFO - [pipeline.py:136] - "MeltMorphTransformer","intensity=0.50"
2026-03-13 21:04:17,554 - INFO - [pipeline.py:136] - "ColormapTransformer","map=cool"
2026-03-13 21:04:17,603 - INFO - [pipeline.py:136] - "HalftoneTransformer","size=2"
2026-03-13 21:04:17,619 - INFO - [pipeline.py:229] - [Grade: A] Saved to: /Users/kenfasano/Scripts/ScreenArt/Images/TransformedImages/bubbles_5-A.jpeg
2026-03-13 21:04:17,736 - INFO - [pipeline.py:136] - "FlipWilsonTransformer","keep=bottom_left,narrow=0.27"
2026-03-13 21:04:17,753 - INFO - [pipeline.py:229] - [Grade: C] Saved to: /Users/kenfasano/Scripts/ScreenArt/Images/TransformedImages/bubbles_2-C.jpeg
2026-03-13 21:04:17,799 - INFO - [pipeline.py:136] - "DataMoshTransformer","intensity=0.02"
2026-03-13 21:04:17,820 - INFO - [pipeline.py:136] - "RadialWarpTransformer","radius=0.25,strength=130.83777230487394,128.23837482332067,style=pull,push"
2026-03-13 21:04:17,846 - INFO - [pipeline.py:136] - "FisheyeTransformer","shape=circle,strength=0.75,zoom=0.94"
2026-03-13 21:04:17,984 - INFO - [pipeline.py:136] - "XrayTransformer","colors=64"
2026-03-13 21:04:18,002 - INFO - [pipeline.py:229] - [Grade: C] Saved to: /Users/kenfasano/Scripts/ScreenArt/Images/TransformedImages/bubbles_3-C.jpeg
2026-03-13 21:04:18,126 - INFO - [pipeline.py:136] - "WheelTransformer","blend=add,copies=3"
2026-03-13 21:04:18,154 - INFO - [pipeline.py:136] - "GlitchWarpTransformer","intensity=0.01"
2026-03-13 21:04:18,190 - INFO - [pipeline.py:136] - "ThermalImagingTransformer","thermal=True"
2026-03-13 21:04:18,289 - INFO - [pipeline.py:136] - "XrayTransformer","colors=128"
2026-03-13 21:04:18,306 - INFO - [pipeline.py:229] - [Grade: A] Saved to: /Users/kenfasano/Scripts/ScreenArt/Images/TransformedImages/bubbles_10-A.jpeg
2026-03-13 21:04:18,351 - INFO - [pipeline.py:136] - "ThermalImagingTransformer","thermal=True"
2026-03-13 21:04:18,368 - INFO - [pipeline.py:229] - [Grade: A] Saved to: /Users/kenfasano/Scripts/ScreenArt/Images/TransformedImages/bubbles_1-A.jpeg
2026-03-13 21:04:18,424 - INFO - [pipeline.py:136] - "HalftoneTransformer","size=2"
2026-03-13 21:04:18,441 - INFO - [pipeline.py:229] - [Grade: A] Saved to: /Users/kenfasano/Scripts/ScreenArt/Images/TransformedImages/bubbles_6-A.jpeg
2026-03-13 21:04:18,487 - INFO - [pipeline.py:136] - "DataMoshTransformer","intensity=0.02"
2026-03-13 21:04:18,505 - INFO - [pipeline.py:229] - [Grade: A] Saved to: /Users/kenfasano/Scripts/ScreenArt/Images/TransformedImages/bubbles_7-A.jpeg
2026-03-13 21:04:18,562 - INFO - [pipeline.py:136] - "HalftoneTransformer","size=2"
2026-03-13 21:04:18,601 - INFO - [pipeline.py:136] - "FractalWarpTransformer","iter=1,scale=0.05"
2026-03-13 21:04:18,630 - INFO - [pipeline.py:136] - "GlitchWarpTransformer","intensity=0.01"
2026-03-13 21:04:18,645 - INFO - [pipeline.py:136] - "ColormapTransformer","map=rainbow"
2026-03-13 21:04:18,664 - INFO - [pipeline.py:229] - [Grade: A] Saved to: /Users/kenfasano/Scripts/ScreenArt/Images/TransformedImages/cubes_2-A.jpeg
2026-03-13 21:04:18,687 - INFO - [pipeline.py:136] - "PosterizationTransformer","levels=4"
2026-03-13 21:04:18,725 - INFO - [pipeline.py:136] - "ThermalImagingTransformer","thermal=True"
2026-03-13 21:04:18,739 - INFO - [pipeline.py:136] - "ColormapTransformer","map=cool"
2026-03-13 21:04:18,781 - INFO - [pipeline.py:136] - "SwirlWarpTransformer","strength=1.50"
2026-03-13 21:04:18,799 - INFO - [pipeline.py:229] - [Grade: C] Saved to: /Users/kenfasano/Scripts/ScreenArt/Images/TransformedImages/cubes_3-C.jpeg
2026-03-13 21:04:18,835 - INFO - [pipeline.py:136] - "GlitchWarpTransformer","intensity=0.01"
2026-03-13 21:04:19,063 - INFO - [pipeline.py:136] - "WatercolorTransformer","scale=0.85,style=psychedelic"
2026-03-13 21:04:19,169 - INFO - [pipeline.py:136] - "FlipWilsonTransformer","keep=bottom_left,narrow=0.27"
2026-03-13 21:04:19,207 - INFO - [pipeline.py:136] - "SwirlWarpTransformer","strength=1.50"
2026-03-13 21:04:19,225 - INFO - [pipeline.py:229] - [Grade: C] Saved to: /Users/kenfasano/Scripts/ScreenArt/Images/TransformedImages/cubes_4-C.jpeg
2026-03-13 21:04:19,261 - INFO - [pipeline.py:136] - "GlitchWarpTransformer","intensity=0.01"
2026-03-13 21:04:19,302 - INFO - [pipeline.py:136] - "SwirlWarpTransformer","strength=1.50"
2026-03-13 21:04:19,421 - INFO - [pipeline.py:136] - "XrayTransformer","colors=256"
2026-03-13 21:04:19,640 - INFO - [pipeline.py:136] - "WatercolorTransformer","scale=0.85,style=monet"
2026-03-13 21:04:19,657 - INFO - [pipeline.py:229] - [Grade: B] Saved to: /Users/kenfasano/Scripts/ScreenArt/Images/TransformedImages/cubes_5-B.jpeg
2026-03-13 21:04:19,676 - INFO - [pipeline.py:136] - "ColormapTransformer","map=rainbow"
2026-03-13 21:04:19,716 - INFO - [pipeline.py:136] - "SwirlWarpTransformer","strength=1.50"
2026-03-13 21:04:19,765 - INFO - [pipeline.py:136] - "HalftoneTransformer","size=2"
2026-03-13 21:04:19,783 - INFO - [pipeline.py:229] - [Grade: A] Saved to: /Users/kenfasano/Scripts/ScreenArt/Images/TransformedImages/cubes_6-A.jpeg
2026-03-13 21:04:19,821 - INFO - [pipeline.py:136] - "GlitchWarpTransformer","intensity=0.01"
2026-03-13 21:04:19,869 - INFO - [pipeline.py:136] - "HalftoneTransformer","size=2"
2026-03-13 21:04:20,263 - INFO - [pipeline.py:136] - "WatercolorTransformer","scale=0.85,style=monet"
2026-03-13 21:04:20,319 - INFO - [pipeline.py:136] - "DataMoshTransformer","intensity=0.01"
2026-03-13 21:04:20,340 - INFO - [pipeline.py:229] - [Grade: C] Saved to: /Users/kenfasano/Scripts/ScreenArt/Images/TransformedImages/cubes_1-C.jpeg
2026-03-13 21:04:20,386 - INFO - [pipeline.py:136] - "SwirlWarpTransformer","strength=1.50"
2026-03-13 21:04:20,404 - INFO - [pipeline.py:136] - "HalftoneTransformer","size=2"
2026-03-13 21:04:20,416 - INFO - [pipeline.py:136] - "ThreeDExtrusionTransformer","ambient=0.43,intensity=0.50"
2026-03-13 21:04:20,437 - INFO - [pipeline.py:136] - "MeltMorphTransformer","intensity=0.50"
2026-03-13 21:04:20,445 - INFO - [pipeline.py:229] - [Grade: C] Saved to: /Users/kenfasano/Scripts/ScreenArt/Images/TransformedImages/TauHerMeteors_Lyu_1080-C.jpg
2026-03-13 21:04:20,455 - INFO - [pipeline.py:136] - "ColormapTransformer","map=winter"
2026-03-13 21:04:20,463 - INFO - [pipeline.py:229] - [Grade: A] Saved to: /Users/kenfasano/Scripts/ScreenArt/Images/TransformedImages/hyperion3_cassini_900-A.jpg
2026-03-13 21:04:20,489 - INFO - [pipeline.py:136] - "WheelTransformer","blend=add,copies=3"
2026-03-13 21:04:20,495 - INFO - [pipeline.py:136] - "GlitchWarpTransformer","intensity=0.01"
2026-03-13 21:04:20,498 - INFO - [pipeline.py:136] - "PosterizationTransformer","levels=4"
2026-03-13 21:04:20,502 - INFO - [pipeline.py:229] - [Grade: A] Saved to: /Users/kenfasano/Scripts/ScreenArt/Images/TransformedImages/issMegantic_poulin_800-A.jpg
2026-03-13 21:04:20,531 - INFO - [pipeline.py:136] - "FisheyeTransformer","shape=circle,strength=0.60,zoom=0.93"
2026-03-13 21:04:20,537 - INFO - [pipeline.py:229] - [Grade: C] Saved to: /Users/kenfasano/Scripts/ScreenArt/Images/TransformedImages/N3169N3166Final1024-C.jpg
2026-03-13 21:04:20,563 - INFO - [pipeline.py:136] - "AnamorphicTransformer","intensity=0.0,0.2,0.4,0.6,0.8,thresh=80"
2026-03-13 21:04:20,577 - INFO - [pipeline.py:136] - "SwirlWarpTransformer","strength=1.50"
2026-03-13 21:04:20,586 - INFO - [pipeline.py:136] - "RadialWarpTransformer","radius=0.25,strength=39.78390602545655,91.95460436436275,101.45542903161324,style=push,pull,push"
2026-03-13 21:04:20,592 - INFO - [pipeline.py:229] - [Grade: F] Saved to: /Users/kenfasano/Scripts/ScreenArt/Images/Rejected/heart_hancock_960-F.jpg
2026-03-13 21:04:20,625 - INFO - [pipeline.py:136] - "AnamorphicTransformer","intensity=0.0,0.2,0.4,0.6,0.8,thresh=80"
2026-03-13 21:04:20,632 - INFO - [pipeline.py:229] - [Grade: B] Saved to: /Users/kenfasano/Scripts/ScreenArt/Images/TransformedImages/HorseShoeSky_Lane_960-B.jpg
2026-03-13 21:04:20,665 - INFO - [pipeline.py:136] - "ThreeDExtrusionTransformer","ambient=0.48,intensity=0.50"
2026-03-13 21:04:20,683 - INFO - [pipeline.py:136] - "FractalWarpTransformer","iter=1,scale=0.05"
2026-03-13 21:04:20,693 - INFO - [pipeline.py:229] - [Grade: C] Saved to: /Users/kenfasano/Scripts/ScreenArt/Images/TransformedImages/Luna-Tycho-Clavius-high1024-C.jpg
2026-03-13 21:04:20,712 - INFO - [pipeline.py:136] - "ColormapTransformer","map=jet"
2026-03-13 21:04:20,725 - INFO - [pipeline.py:136] - "SwirlWarpTransformer","strength=1.50"
2026-03-13 21:04:20,788 - INFO - [pipeline.py:229] - [Grade: B] Saved to: /Users/kenfasano/Scripts/ScreenArt/Images/TransformedImages/2025rbsAnnotated1024-B.png
2026-03-13 21:04:20,809 - INFO - [pipeline.py:136] - "HalftoneTransformer","size=2"
2026-03-13 21:04:20,819 - INFO - [pipeline.py:136] - "GlitchWarpTransformer","intensity=0.01"
2026-03-13 21:04:20,828 - INFO - [pipeline.py:136] - "RadialWarpTransformer","radius=0.25,strength=105.01572457935865,36.41720028861965,38.469173114978595,style=pull,pull,pull"
2026-03-13 21:04:20,848 - INFO - [pipeline.py:136] - "XrayTransformer","colors=128"
2026-03-13 21:04:20,854 - INFO - [pipeline.py:229] - [Grade: A] Saved to: /Users/kenfasano/Scripts/ScreenArt/Images/TransformedImages/PartialEclipse_Andrada_960-A.jpg
2026-03-13 21:04:20,868 - INFO - [pipeline.py:136] - "MeltMorphTransformer","intensity=0.50"
2026-03-13 21:04:20,872 - INFO - [pipeline.py:136] - "RadialWarpTransformer","radius=0.25,strength=132.5223111371248,style=push"
2026-03-13 21:04:20,921 - INFO - [pipeline.py:136] - "WatercolorTransformer","scale=0.85,style=psychedelic"
2026-03-13 21:04:20,925 - INFO - [pipeline.py:229] - [Grade: C] Saved to: /Users/kenfasano/Scripts/ScreenArt/Images/TransformedImages/A2151LRGB_hallas_c800-C.jpg
2026-03-13 21:04:20,932 - INFO - [pipeline.py:136] - "PosterizationTransformer","levels=4"
2026-03-13 21:04:20,963 - INFO - [pipeline.py:136] - "FlipWilsonTransformer","keep=bottom_left,narrow=0.27"
2026-03-13 21:04:20,969 - INFO - [pipeline.py:229] - [Grade: A] Saved to: /Users/kenfasano/Scripts/ScreenArt/Images/TransformedImages/XRCF1_smith900-A.jpg
2026-03-13 21:04:21,033 - INFO - [pipeline.py:136] - "HalftoneTransformer","size=2"
2026-03-13 21:04:21,070 - INFO - [pipeline.py:136] - "FractalWarpTransformer","iter=1,scale=0.05"
2026-03-13 21:04:21,088 - INFO - [pipeline.py:229] - [Grade: A] Saved to: /Users/kenfasano/Scripts/ScreenArt/Images/TransformedImages/nasa_earth_1_Sydney_True_Color-A.jpeg
2026-03-13 21:04:21,110 - INFO - [pipeline.py:136] - "PosterizationTransformer","levels=4"
2026-03-13 21:04:21,139 - INFO - [pipeline.py:136] - "FractalWarpTransformer","iter=1,scale=0.05"
2026-03-13 21:04:21,154 - INFO - [pipeline.py:136] - "RadialWarpTransformer","radius=0.25,strength=78.75639737880851,style=push"
2026-03-13 21:04:21,168 - INFO - [pipeline.py:229] - [Grade: A] Saved to: /Users/kenfasano/Scripts/ScreenArt/Images/TransformedImages/noaa_goes_1_se_Day_Night_Cloud_Micro-A.jpeg
2026-03-13 21:04:21,210 - INFO - [pipeline.py:136] - "MeltMorphTransformer","intensity=0.50"
2026-03-13 21:04:21,218 - INFO - [pipeline.py:136] - "PosterizationTransformer","levels=4"
2026-03-13 21:04:21,232 - INFO - [pipeline.py:229] - [Grade: B] Saved to: /Users/kenfasano/Scripts/ScreenArt/Images/TransformedImages/1280px-St_Peter-B.jpeg
2026-03-13 21:04:21,324 - INFO - [pipeline.py:136] - "WatercolorTransformer","scale=0.85,style=monet"
2026-03-13 21:04:21,363 - INFO - [pipeline.py:136] - "WheelTransformer","blend=add,copies=3"
2026-03-13 21:04:21,446 - INFO - [pipeline.py:136] - "XrayTransformer","colors=128"
2026-03-13 21:04:21,452 - INFO - [pipeline.py:229] - [Grade: A] Saved to: /Users/kenfasano/Scripts/ScreenArt/Images/TransformedImages/960px-2013-07-0-A.jpeg
2026-03-13 21:04:21,454 - INFO - [pipeline.py:136] - "PosterizationTransformer","levels=4"
2026-03-13 21:04:21,457 - INFO - [pipeline.py:136] - "DataMoshTransformer","intensity=0.02"
2026-03-13 21:04:21,465 - INFO - [pipeline.py:136] - "FlipWilsonTransformer","keep=bottom_left,narrow=0.27"
2026-03-13 21:04:21,468 - INFO - [pipeline.py:136] - "HalftoneTransformer","size=2"
2026-03-13 21:04:21,470 - INFO - [pipeline.py:229] - [Grade: A] Saved to: /Users/kenfasano/Scripts/ScreenArt/Images/TransformedImages/500px-Curtiss_A-A.jpeg
2026-03-13 21:04:21,601 - INFO - [pipeline.py:136] - "MeltMorphTransformer","intensity=0.50"
2026-03-13 21:04:21,627 - INFO - [pipeline.py:229] - [Grade: B] Saved to: /Users/kenfasano/Scripts/ScreenArt/Images/TransformedImages/67131-Es-B.jpeg
2026-03-13 21:04:21,676 - INFO - [pipeline.py:136] - "DataMoshTransformer","intensity=0.02"
2026-03-13 21:04:21,791 - INFO - [pipeline.py:136] - "WheelTransformer","blend=add,copies=3"
2026-03-13 21:04:21,839 - INFO - [pipeline.py:136] - "FluidWarpTransformer","alpha=10.01,sigma=6.42"
2026-03-13 21:04:21,893 - INFO - [pipeline.py:136] - "MeltMorphTransformer","intensity=0.50"
2026-03-13 21:04:21,914 - INFO - [pipeline.py:229] - [Grade: A] Saved to: /Users/kenfasano/Scripts/ScreenArt/Images/TransformedImages/lojong_2-A-hero.jpeg
2026-03-13 21:04:21,966 - INFO - [pipeline.py:136] - "FractalWarpTransformer","iter=1,scale=0.05"
2026-03-13 21:04:21,986 - INFO - [pipeline.py:229] - [Grade: A] Saved to: /Users/kenfasano/Scripts/ScreenArt/Images/TransformedImages/lojong_3-A-columns.jpeg
2026-03-13 21:04:22,116 - INFO - [pipeline.py:136] - "WheelTransformer","blend=add,copies=3"
2026-03-13 21:04:22,339 - INFO - [pipeline.py:136] - "WatercolorTransformer","scale=0.85,style=psychedelic"
2026-03-13 21:04:22,366 - INFO - [pipeline.py:136] - "GlitchWarpTransformer","intensity=0.01"
2026-03-13 21:04:22,384 - INFO - [pipeline.py:136] - "RadialWarpTransformer","radius=0.25,strength=65.80414087695256,style=pull"
2026-03-13 21:04:22,402 - INFO - [pipeline.py:229] - [Grade: A] Saved to: /Users/kenfasano/Scripts/ScreenArt/Images/TransformedImages/lojong_8-A-columns.jpeg
2026-03-13 21:04:22,475 - INFO - [pipeline.py:136] - "MeltMorphTransformer","intensity=0.50"
2026-03-13 21:04:22,525 - INFO - [pipeline.py:136] - "SwirlWarpTransformer","strength=1.50"
2026-03-13 21:04:22,545 - INFO - [pipeline.py:229] - [Grade: C] Saved to: /Users/kenfasano/Scripts/ScreenArt/Images/TransformedImages/lojong_4-C-columns.jpeg
2026-03-13 21:04:22,577 - INFO - [pipeline.py:136] - "RadialWarpTransformer","radius=0.25,strength=84.16410113720471,120.90524328918886,style=pull,pull"
2026-03-13 21:04:22,633 - INFO - [pipeline.py:136] - "MeltMorphTransformer","intensity=0.50"
2026-03-13 21:04:22,651 - INFO - [pipeline.py:229] - [Grade: A] Saved to: /Users/kenfasano/Scripts/ScreenArt/Images/TransformedImages/lojong_5-A-columns.jpeg
2026-03-13 21:04:22,775 - INFO - [pipeline.py:136] - "WheelTransformer","blend=add,copies=3"
2026-03-13 21:04:22,809 - INFO - [pipeline.py:136] - "FractalWarpTransformer","iter=1,scale=0.05"
2026-03-13 21:04:22,827 - INFO - [pipeline.py:229] - [Grade: A] Saved to: /Users/kenfasano/Scripts/ScreenArt/Images/TransformedImages/lojong_9-A-columns.jpeg
2026-03-13 21:04:22,872 - INFO - [pipeline.py:136] - "FractalWarpTransformer","iter=1,scale=0.05"
2026-03-13 21:04:22,910 - INFO - [pipeline.py:136] - "DataMoshTransformer","intensity=0.02"
2026-03-13 21:04:22,959 - INFO - [pipeline.py:136] - "HalftoneTransformer","size=2"
2026-03-13 21:04:23,013 - INFO - [pipeline.py:136] - "MeltMorphTransformer","intensity=0.50"
2026-03-13 21:04:23,033 - INFO - [pipeline.py:229] - [Grade: A] Saved to: /Users/kenfasano/Scripts/ScreenArt/Images/TransformedImages/lojong_6-A-tile.jpeg
2026-03-13 21:04:23,079 - INFO - [pipeline.py:136] - "ThermalImagingTransformer","thermal=True"
2026-03-13 21:04:23,107 - INFO - [pipeline.py:136] - "GlitchWarpTransformer","intensity=0.01"
2026-03-13 21:04:23,125 - INFO - [pipeline.py:229] - [Grade: A] Saved to: /Users/kenfasano/Scripts/ScreenArt/Images/TransformedImages/lojong_7-A-scatter.jpeg
2026-03-13 21:04:23,181 - INFO - [pipeline.py:136] - "HalftoneTransformer","size=2"
2026-03-13 21:04:23,197 - INFO - [pipeline.py:229] - [Grade: C] Saved to: /Users/kenfasano/Scripts/ScreenArt/Images/TransformedImages/lojong_0-C-tile.jpeg
2026-03-13 21:04:23,254 - INFO - [pipeline.py:136] - "AnamorphicTransformer","intensity=0.0,0.2,0.4,0.6,0.8,thresh=80"
2026-03-13 21:04:23,268 - INFO - [pipeline.py:136] - "PosterizationTransformer","levels=4"
2026-03-13 21:04:23,285 - INFO - [pipeline.py:229] - [Grade: B] Saved to: /Users/kenfasano/Scripts/ScreenArt/Images/TransformedImages/lojong_1-B-tile.jpeg
2026-03-13 21:04:23,407 - INFO - [pipeline.py:136] - "FlipWilsonTransformer","keep=bottom_left,narrow=0.27"
2026-03-13 21:04:23,443 - INFO - [pipeline.py:136] - "FractalWarpTransformer","iter=1,scale=0.05"
2026-03-13 21:04:23,497 - INFO - [pipeline.py:136] - "MeltMorphTransformer","intensity=0.50"
2026-03-13 21:04:23,609 - INFO - [pipeline.py:136] - "WheelTransformer","blend=add,copies=3"
2026-03-13 21:04:23,627 - INFO - [pipeline.py:229] - [Grade: A] Saved to: /Users/kenfasano/Scripts/ScreenArt/Images/TransformedImages/psalms_111-A-columns.jpeg
2026-03-13 21:04:23,865 - INFO - [pipeline.py:136] - "WatercolorTransformer","scale=0.85,style=monet"
2026-03-13 21:04:23,978 - INFO - [pipeline.py:136] - "XrayTransformer","colors=128"
2026-03-13 21:04:24,019 - INFO - [pipeline.py:136] - "SwirlWarpTransformer","strength=1.50"
2026-03-13 21:04:24,071 - INFO - [pipeline.py:136] - "HalftoneTransformer","size=2"
2026-03-13 21:04:24,088 - INFO - [pipeline.py:229] - [Grade: A] Saved to: /Users/kenfasano/Scripts/ScreenArt/Images/TransformedImages/psalms_95-A-tile.jpeg
2026-03-13 21:04:24,128 - INFO - [pipeline.py:136] - "FisheyeTransformer","shape=circle,strength=0.31,zoom=1.02"
2026-03-13 21:04:24,141 - INFO - [pipeline.py:136] - "ColormapTransformer","map=autumn"
2026-03-13 21:04:24,179 - INFO - [pipeline.py:136] - "ThermalImagingTransformer","thermal=True"
2026-03-13 21:04:24,199 - INFO - [pipeline.py:229] - [Grade: B] Saved to: /Users/kenfasano/Scripts/ScreenArt/Images/TransformedImages/psalms_21-B-tile.jpeg
2026-03-13 21:04:24,247 - INFO - [pipeline.py:136] - "SwirlWarpTransformer","strength=1.50"
2026-03-13 21:04:24,312 - INFO - [pipeline.py:136] - "AnamorphicTransformer","intensity=0.0,0.2,0.4,0.6,0.8,thresh=80"
2026-03-13 21:04:24,347 - INFO - [pipeline.py:136] - "FractalWarpTransformer","iter=1,scale=0.05"
2026-03-13 21:04:24,381 - INFO - [pipeline.py:136] - "ThermalImagingTransformer","thermal=True"
2026-03-13 21:04:24,398 - INFO - [pipeline.py:229] - [Grade: B] Saved to: /Users/kenfasano/Scripts/ScreenArt/Images/TransformedImages/psalms_46-B-columns.jpeg
2026-03-13 21:04:24,424 - INFO - [pipeline.py:136] - "PosterizationTransformer","levels=4"
2026-03-13 21:04:24,452 - INFO - [pipeline.py:136] - "GlitchWarpTransformer","intensity=0.01"
2026-03-13 21:04:24,500 - INFO - [pipeline.py:136] - "HalftoneTransformer","size=2"
2026-03-13 21:04:24,519 - INFO - [pipeline.py:229] - [Grade: A] Saved to: /Users/kenfasano/Scripts/ScreenArt/Images/TransformedImages/psalms_141-A-columns.jpeg
2026-03-13 21:04:24,575 - INFO - [pipeline.py:136] - "HalftoneTransformer","size=2"
2026-03-13 21:04:24,629 - INFO - [pipeline.py:136] - "MeltMorphTransformer","intensity=0.50"
2026-03-13 21:04:24,653 - INFO - [pipeline.py:136] - "RadialWarpTransformer","radius=0.25,strength=120.71755711930633,55.597965513919846,122.77520628478256,style=pull,push,pull"
2026-03-13 21:04:24,864 - INFO - [pipeline.py:136] - "WatercolorTransformer","scale=0.85,style=psychedelic"
2026-03-13 21:04:24,880 - INFO - [pipeline.py:229] - [Grade: F] Saved to: /Users/kenfasano/Scripts/ScreenArt/Images/Rejected/psalms_68-F-tile.jpeg
2026-03-13 21:04:24,926 - INFO - [pipeline.py:136] - "DataMoshTransformer","intensity=0.01"
2026-03-13 21:04:25,033 - INFO - [pipeline.py:136] - "FlipWilsonTransformer","keep=bottom_left,narrow=0.27"
2026-03-13 21:04:25,069 - INFO - [pipeline.py:136] - "FractalWarpTransformer","iter=1,scale=0.05"
2026-03-13 21:04:25,087 - INFO - [pipeline.py:229] - [Grade: A] Saved to: /Users/kenfasano/Scripts/ScreenArt/Images/TransformedImages/psalms_102-A-scatter.jpeg
2026-03-13 21:04:25,150 - INFO - [pipeline.py:136] - "MeltMorphTransformer","intensity=0.50"
2026-03-13 21:04:25,168 - INFO - [pipeline.py:229] - [Grade: A] Saved to: /Users/kenfasano/Scripts/ScreenArt/Images/TransformedImages/psalms_73-A-tile.jpeg
2026-03-13 21:04:25,190 - INFO - [pipeline.py:136] - "PosterizationTransformer","levels=4"
2026-03-13 21:04:25,209 - INFO - [pipeline.py:229] - [Grade: A] Saved to: /Users/kenfasano/Scripts/ScreenArt/Images/TransformedImages/psalms_81-A-scatter.jpeg
2026-03-13 21:04:25,232 - INFO - [pipeline.py:136] - "ColormapTransformer","map=autumn"
2026-03-13 21:04:25,251 - INFO - [pipeline.py:229] - [Grade: C] Saved to: /Users/kenfasano/Scripts/ScreenArt/Images/TransformedImages/psalms_75-C-tile.jpeg
2026-03-13 21:04:25,325 - INFO - [pipeline.py:136] - "WatercolorTransformer","scale=0.85,style=psychedelic"
2026-03-13 21:04:25,358 - INFO - [pipeline.py:136] - "FlipWilsonTransformer","keep=bottom_left,narrow=0.27"
2026-03-13 21:04:25,364 - INFO - [pipeline.py:229] - [Grade: C] Saved to: /Users/kenfasano/Scripts/ScreenArt/Images/TransformedImages/peripheral_drift_2-C.jpeg
2026-03-13 21:04:25,372 - INFO - [pipeline.py:136] - "ColormapTransformer","map=winter"
2026-03-13 21:04:25,381 - INFO - [pipeline.py:136] - "GlitchWarpTransformer","intensity=0.01"
2026-03-13 21:04:25,391 - INFO - [pipeline.py:136] - "RadialWarpTransformer","radius=0.25,strength=92.70801036025634,135.0413934125638,105.0494332177849,style=pull,pull,pull"
2026-03-13 21:04:25,402 - INFO - [pipeline.py:136] - "ThermalImagingTransformer","thermal=True"
2026-03-13 21:04:25,408 - INFO - [pipeline.py:229] - [Grade: A] Saved to: /Users/kenfasano/Scripts/ScreenArt/Images/TransformedImages/peripheral_drift_3-A.jpeg
2026-03-13 21:04:25,446 - INFO - [pipeline.py:136] - "FlipWilsonTransformer","keep=bottom_left,narrow=0.27"
2026-03-13 21:04:25,456 - INFO - [pipeline.py:136] - "RadialWarpTransformer","radius=0.25,strength=62.71302424743551,130.52410682464185,78.10489840099874,style=push,pull,pull"
2026-03-13 21:04:25,461 - INFO - [pipeline.py:229] - [Grade: A] Saved to: /Users/kenfasano/Scripts/ScreenArt/Images/TransformedImages/peripheral_drift_1-A.jpeg
2026-03-13 21:04:25,462 - INFO - [main.py:196] - WatercolorTransformer
2026-03-13 21:04:25,462 - INFO - [main.py:196] - XrayTransformer
2026-03-13 21:04:25,462 - INFO - [main.py:196] - WheelTransformer
2026-03-13 21:04:25,462 - INFO - [main.py:196] - FlipWilsonTransformer
2026-03-13 21:04:25,462 - INFO - [main.py:196] - MeltMorphTransformer
2026-03-13 21:04:25,462 - INFO - [main.py:196] - FluidWarpTransformer
2026-03-13 21:04:25,462 - INFO - [main.py:196] - HalftoneTransformer
2026-03-13 21:04:25,462 - INFO - [main.py:196] - AnamorphicTransformer
2026-03-13 21:04:25,462 - INFO - [main.py:196] - DataMoshTransformer
2026-03-13 21:04:25,462 - INFO - [main.py:196] - SwirlWarpTransformer
2026-03-13 21:04:25,462 - INFO - [main.py:196] - ThermalImagingTransformer
2026-03-13 21:04:25,462 - INFO - [main.py:196] - FractalWarpTransformer
2026-03-13 21:04:25,462 - INFO - [main.py:196] - FisheyeTransformer
2026-03-13 21:04:25,462 - INFO - [main.py:196] - GlitchWarpTransformer
2026-03-13 21:04:25,462 - INFO - [main.py:196] - ThreeDExtrusionTransformer
2026-03-13 21:04:25,462 - INFO - [main.py:196] - RadialWarpTransformer
2026-03-13 21:04:25,462 - INFO - [main.py:196] - ColormapTransformer
2026-03-13 21:04:25,462 - INFO - [main.py:196] - PosterizationTransformer
2026-03-13 21:04:25,463 - INFO - [main.py:239] - 23s@21:04 ✓
Accepted: 54
Rejected: 2
---
Bible                      ->  6482ms
Lojong                     ->  2430ms
Wiki                       ->  1817ms
GoesGenerator              ->  1493ms
Nasa                       ->  1172ms
Bubbles                    ->   648ms
Cubes                      ->   326ms
NasaMapGenerator           ->   190ms
PeripheralDriftIllusion    ->    53ms
---
WatercolorTransformer      -> Min:    49ms | Avg:   189ms | Max:   394ms
XrayTransformer            -> Min:    19ms | Avg:    95ms | Max:   138ms
WheelTransformer           -> Min:    24ms | Avg:    95ms | Max:   122ms
FlipWilsonTransformer      -> Min:     7ms | Avg:    66ms | Max:   107ms
MeltMorphTransformer       -> Min:    11ms | Avg:    50ms | Max:    85ms
FluidWarpTransformer       -> Min:    47ms | Avg:    47ms | Max:    47ms
HalftoneTransformer        -> Min:     3ms | Avg:    41ms | Max:    52ms
AnamorphicTransformer      -> Min:    22ms | Avg:    40ms | Max:    64ms
DataMoshTransformer        -> Min:     2ms | Avg:    36ms | Max:    56ms
SwirlWarpTransformer       -> Min:    13ms | Avg:    35ms | Max:    50ms
ThermalImagingTransformer  -> Min:    12ms | Avg:    35ms | Max:    41ms
FractalWarpTransformer     -> Min:    18ms | Avg:    34ms | Max:    42ms
FisheyeTransformer         -> Min:     9ms | Avg:    28ms | Max:    48ms
GlitchWarpTransformer      -> Min:     6ms | Avg:    24ms | Max:    31ms
ThreeDExtrusionTransformer -> Min:    12ms | Avg:    14ms | Max:    16ms
RadialWarpTransformer      -> Min:     4ms | Avg:    14ms | Max:    24ms
ColormapTransformer        -> Min:     4ms | Avg:    11ms | Max:    15ms
PosterizationTransformer   -> Min:     1ms | Avg:     9ms | Max:    14ms
