2026-03-08 13:13:58,971 - INFO - [pipeline.py:113] - [Grade: A] Saved to: /Users/kenfasano/Scripts/ScreenArt/Images/TransformedImages/art_20260308_131358.png
2026-03-08 13:13:59,168 - INFO - [pipeline.py:113] - [Grade: C] Saved to: /Users/kenfasano/Scripts/ScreenArt/Images/TransformedImages/art_20260308_131359.png
2026-03-08 13:13:59,373 - INFO - [pipeline.py:113] - [Grade: C] Saved to: /Users/kenfasano/Scripts/ScreenArt/Images/TransformedImages/art_20260308_131359.png
2026-03-08 13:13:59,560 - INFO - [pipeline.py:113] - [Grade: A] Saved to: /Users/kenfasano/Scripts/ScreenArt/Images/TransformedImages/art_20260308_131359.png
2026-03-08 13:13:59,737 - INFO - [pipeline.py:113] - [Grade: C] Saved to: /Users/kenfasano/Scripts/ScreenArt/Images/TransformedImages/art_20260308_131359.png
2026-03-08 13:13:59,917 - INFO - [pipeline.py:113] - [Grade: A] Saved to: /Users/kenfasano/Scripts/ScreenArt/Images/TransformedImages/art_20260308_131359.png
2026-03-08 13:14:00,095 - INFO - [pipeline.py:113] - [Grade: C] Saved to: /Users/kenfasano/Scripts/ScreenArt/Images/TransformedImages/art_20260308_131400.png
2026-03-08 13:14:00,281 - INFO - [pipeline.py:113] - [Grade: B] Saved to: /Users/kenfasano/Scripts/ScreenArt/Images/TransformedImages/art_20260308_131400.png
2026-03-08 13:14:00,462 - INFO - [pipeline.py:113] - [Grade: F] Saved to: /Users/kenfasano/Scripts/ScreenArt/Images/Rejected/art_20260308_131400.png
2026-03-08 13:14:00,649 - INFO - [pipeline.py:113] - [Grade: C] Saved to: /Users/kenfasano/Scripts/ScreenArt/Images/TransformedImages/art_20260308_131400.png
2026-03-08 13:14:00,830 - INFO - [pipeline.py:113] - [Grade: A] Saved to: /Users/kenfasano/Scripts/ScreenArt/Images/TransformedImages/art_20260308_131400.png
2026-03-08 13:14:00,986 - INFO - [pipeline.py:113] - [Grade: C] Saved to: /Users/kenfasano/Scripts/ScreenArt/Images/TransformedImages/art_20260308_131400.png
2026-03-08 13:14:01,164 - INFO - [pipeline.py:113] - [Grade: F] Saved to: /Users/kenfasano/Scripts/ScreenArt/Images/Rejected/art_20260308_131401.png
2026-03-08 13:14:01,331 - INFO - [pipeline.py:113] - [Grade: F] Saved to: /Users/kenfasano/Scripts/ScreenArt/Images/Rejected/art_20260308_131401.png
2026-03-08 13:14:01,501 - INFO - [pipeline.py:113] - [Grade: C] Saved to: /Users/kenfasano/Scripts/ScreenArt/Images/TransformedImages/art_20260308_131401.png
2026-03-08 13:14:01,672 - INFO - [pipeline.py:113] - [Grade: C] Saved to: /Users/kenfasano/Scripts/ScreenArt/Images/TransformedImages/art_20260308_131401.png
2026-03-08 13:14:01,735 - INFO - [pipeline.py:113] - [Grade: F] Saved to: /Users/kenfasano/Scripts/ScreenArt/Images/Rejected/art_20260308_131401.png
2026-03-08 13:14:01,824 - INFO - [pipeline.py:113] - [Grade: F] Saved to: /Users/kenfasano/Scripts/ScreenArt/Images/Rejected/art_20260308_131401.png
2026-03-08 13:14:01,884 - INFO - [pipeline.py:113] - [Grade: F] Saved to: /Users/kenfasano/Scripts/ScreenArt/Images/Rejected/art_20260308_131401.png
2026-03-08 13:14:01,979 - INFO - [pipeline.py:113] - [Grade: F] Saved to: /Users/kenfasano/Scripts/ScreenArt/Images/Rejected/art_20260308_131401.png
2026-03-08 13:14:02,034 - INFO - [pipeline.py:113] - [Grade: F] Saved to: /Users/kenfasano/Scripts/ScreenArt/Images/Rejected/art_20260308_131402.png
2026-03-08 13:14:02,112 - INFO - [pipeline.py:113] - [Grade: F] Saved to: /Users/kenfasano/Scripts/ScreenArt/Images/Rejected/art_20260308_131402.png
2026-03-08 13:14:02,182 - INFO - [pipeline.py:113] - [Grade: F] Saved to: /Users/kenfasano/Scripts/ScreenArt/Images/Rejected/art_20260308_131402.png
2026-03-08 13:14:02,284 - INFO - [pipeline.py:113] - [Grade: F] Saved to: /Users/kenfasano/Scripts/ScreenArt/Images/Rejected/art_20260308_131402.png
2026-03-08 13:14:02,337 - INFO - [pipeline.py:113] - [Grade: F] Saved to: /Users/kenfasano/Scripts/ScreenArt/Images/Rejected/art_20260308_131402.png
2026-03-08 13:14:02,400 - INFO - [pipeline.py:113] - [Grade: F] Saved to: /Users/kenfasano/Scripts/ScreenArt/Images/Rejected/art_20260308_131402.png
2026-03-08 13:14:02,446 - INFO - [pipeline.py:113] - [Grade: F] Saved to: /Users/kenfasano/Scripts/ScreenArt/Images/Rejected/art_20260308_131402.png
2026-03-08 13:14:02,571 - INFO - [pipeline.py:113] - [Grade: F] Saved to: /Users/kenfasano/Scripts/ScreenArt/Images/Rejected/art_20260308_131402.png
2026-03-08 13:14:02,628 - INFO - [pipeline.py:113] - [Grade: F] Saved to: /Users/kenfasano/Scripts/ScreenArt/Images/Rejected/art_20260308_131402.png
2026-03-08 13:14:03,037 - INFO - [pipeline.py:113] - [Grade: F] Saved to: /Users/kenfasano/Scripts/ScreenArt/Images/Rejected/art_20260308_131402.png
2026-03-08 13:14:03,197 - INFO - [pipeline.py:113] - [Grade: F] Saved to: /Users/kenfasano/Scripts/ScreenArt/Images/Rejected/art_20260308_131403.png
2026-03-08 13:14:03,438 - INFO - [pipeline.py:113] - [Grade: F] Saved to: /Users/kenfasano/Scripts/ScreenArt/Images/Rejected/art_20260308_131403.png
2026-03-08 13:14:03,627 - INFO - [pipeline.py:113] - [Grade: F] Saved to: /Users/kenfasano/Scripts/ScreenArt/Images/Rejected/art_20260308_131403.png
2026-03-08 13:14:03,684 - INFO - [pipeline.py:113] - [Grade: F] Saved to: /Users/kenfasano/Scripts/ScreenArt/Images/Rejected/art_20260308_131403.png
2026-03-08 13:14:03,910 - INFO - [pipeline.py:113] - [Grade: F] Saved to: /Users/kenfasano/Scripts/ScreenArt/Images/Rejected/art_20260308_131403.png
2026-03-08 13:14:04,088 - INFO - [pipeline.py:113] - [Grade: F] Saved to: /Users/kenfasano/Scripts/ScreenArt/Images/Rejected/art_20260308_131404.png
2026-03-08 13:14:04,309 - INFO - [pipeline.py:113] - [Grade: F] Saved to: /Users/kenfasano/Scripts/ScreenArt/Images/Rejected/art_20260308_131404.png
2026-03-08 13:14:04,558 - INFO - [pipeline.py:113] - [Grade: F] Saved to: /Users/kenfasano/Scripts/ScreenArt/Images/Rejected/art_20260308_131404.png
2026-03-08 13:14:04,710 - INFO - [pipeline.py:113] - [Grade: F] Saved to: /Users/kenfasano/Scripts/ScreenArt/Images/Rejected/art_20260308_131404.png
2026-03-08 13:14:04,940 - INFO - [pipeline.py:113] - [Grade: F] Saved to: /Users/kenfasano/Scripts/ScreenArt/Images/Rejected/art_20260308_131404.png
2026-03-08 13:14:04,964 - INFO - [pipeline.py:113] - [Grade: F] Saved to: /Users/kenfasano/Scripts/ScreenArt/Images/Rejected/art_20260308_131404.png
2026-03-08 13:14:05,215 - INFO - [pipeline.py:113] - [Grade: F] Saved to: /Users/kenfasano/Scripts/ScreenArt/Images/Rejected/art_20260308_131405.png
2026-03-08 13:14:05,398 - INFO - [pipeline.py:113] - [Grade: F] Saved to: /Users/kenfasano/Scripts/ScreenArt/Images/Rejected/art_20260308_131405.png
2026-03-08 13:14:05,519 - INFO - [pipeline.py:113] - [Grade: F] Saved to: /Users/kenfasano/Scripts/ScreenArt/Images/Rejected/art_20260308_131405.png
2026-03-08 13:14:05,648 - INFO - [pipeline.py:113] - [Grade: F] Saved to: /Users/kenfasano/Scripts/ScreenArt/Images/Rejected/art_20260308_131405.png
2026-03-08 13:14:05,773 - INFO - [pipeline.py:113] - [Grade: F] Saved to: /Users/kenfasano/Scripts/ScreenArt/Images/Rejected/art_20260308_131405.png
2026-03-08 13:14:05,894 - INFO - [pipeline.py:113] - [Grade: F] Saved to: /Users/kenfasano/Scripts/ScreenArt/Images/Rejected/art_20260308_131405.png
2026-03-08 13:14:06,021 - INFO - [pipeline.py:113] - [Grade: F] Saved to: /Users/kenfasano/Scripts/ScreenArt/Images/Rejected/art_20260308_131405.png
2026-03-08 13:14:06,140 - INFO - [pipeline.py:113] - [Grade: F] Saved to: /Users/kenfasano/Scripts/ScreenArt/Images/Rejected/art_20260308_131406.png
2026-03-08 13:14:06,268 - INFO - [pipeline.py:113] - [Grade: F] Saved to: /Users/kenfasano/Scripts/ScreenArt/Images/Rejected/art_20260308_131406.png
2026-03-08 13:14:06,388 - INFO - [pipeline.py:113] - [Grade: F] Saved to: /Users/kenfasano/Scripts/ScreenArt/Images/Rejected/art_20260308_131406.png
2026-03-08 13:14:06,523 - INFO - [pipeline.py:113] - [Grade: F] Saved to: /Users/kenfasano/Scripts/ScreenArt/Images/Rejected/art_20260308_131406.png
2026-03-08 13:14:06,647 - INFO - [pipeline.py:113] - [Grade: F] Saved to: /Users/kenfasano/Scripts/ScreenArt/Images/Rejected/art_20260308_131406.png
2026-03-08 13:14:06,775 - INFO - [pipeline.py:113] - [Grade: F] Saved to: /Users/kenfasano/Scripts/ScreenArt/Images/Rejected/art_20260308_131406.png
2026-03-08 13:14:06,902 - INFO - [pipeline.py:113] - [Grade: F] Saved to: /Users/kenfasano/Scripts/ScreenArt/Images/Rejected/art_20260308_131406.png
2026-03-08 13:14:07,026 - INFO - [pipeline.py:113] - [Grade: F] Saved to: /Users/kenfasano/Scripts/ScreenArt/Images/Rejected/art_20260308_131406.png
2026-03-08 13:14:07,159 - INFO - [pipeline.py:113] - [Grade: F] Saved to: /Users/kenfasano/Scripts/ScreenArt/Images/Rejected/art_20260308_131407.png
2026-03-08 13:14:07,292 - INFO - [pipeline.py:113] - [Grade: F] Saved to: /Users/kenfasano/Scripts/ScreenArt/Images/Rejected/art_20260308_131407.png
2026-03-08 13:14:07,454 - INFO - [pipeline.py:113] - [Grade: F] Saved to: /Users/kenfasano/Scripts/ScreenArt/Images/Rejected/art_20260308_131407.png
2026-03-08 13:14:07,596 - INFO - [pipeline.py:113] - [Grade: F] Saved to: /Users/kenfasano/Scripts/ScreenArt/Images/Rejected/art_20260308_131407.png
2026-03-08 13:14:07,723 - INFO - [pipeline.py:113] - [Grade: F] Saved to: /Users/kenfasano/Scripts/ScreenArt/Images/Rejected/art_20260308_131407.png
2026-03-08 13:14:07,857 - INFO - [pipeline.py:113] - [Grade: F] Saved to: /Users/kenfasano/Scripts/ScreenArt/Images/Rejected/art_20260308_131407.png
2026-03-08 13:14:07,986 - INFO - [pipeline.py:113] - [Grade: F] Saved to: /Users/kenfasano/Scripts/ScreenArt/Images/Rejected/art_20260308_131407.png
2026-03-08 13:14:08,211 - INFO - [pipeline.py:113] - [Grade: F] Saved to: /Users/kenfasano/Scripts/ScreenArt/Images/Rejected/art_20260308_131408.png
2026-03-08 13:14:08,427 - INFO - [pipeline.py:113] - [Grade: F] Saved to: /Users/kenfasano/Scripts/ScreenArt/Images/Rejected/art_20260308_131408.png
2026-03-08 13:14:08,645 - INFO - [pipeline.py:113] - [Grade: F] Saved to: /Users/kenfasano/Scripts/ScreenArt/Images/Rejected/art_20260308_131408.png
2026-03-08 13:14:08,862 - INFO - [pipeline.py:113] - [Grade: F] Saved to: /Users/kenfasano/Scripts/ScreenArt/Images/Rejected/art_20260308_131408.png
2026-03-08 13:14:09,076 - INFO - [pipeline.py:113] - [Grade: F] Saved to: /Users/kenfasano/Scripts/ScreenArt/Images/Rejected/art_20260308_131409.png
2026-03-08 13:14:09,287 - INFO - [pipeline.py:113] - [Grade: F] Saved to: /Users/kenfasano/Scripts/ScreenArt/Images/Rejected/art_20260308_131409.png
2026-03-08 13:14:09,498 - INFO - [pipeline.py:113] - [Grade: F] Saved to: /Users/kenfasano/Scripts/ScreenArt/Images/Rejected/art_20260308_131409.png
2026-03-08 13:14:09,708 - INFO - [pipeline.py:113] - [Grade: F] Saved to: /Users/kenfasano/Scripts/ScreenArt/Images/Rejected/art_20260308_131409.png
2026-03-08 13:14:09,923 - INFO - [pipeline.py:113] - [Grade: F] Saved to: /Users/kenfasano/Scripts/ScreenArt/Images/Rejected/art_20260308_131409.png
2026-03-08 13:14:09,971 - INFO - [pipeline.py:113] - [Grade: F] Saved to: /Users/kenfasano/Scripts/ScreenArt/Images/Rejected/art_20260308_131409.png
2026-03-08 13:14:10,021 - INFO - [pipeline.py:113] - [Grade: C] Saved to: /Users/kenfasano/Scripts/ScreenArt/Images/TransformedImages/art_20260308_131409.png
2026-03-08 13:14:10,070 - INFO - [pipeline.py:113] - [Grade: C] Saved to: /Users/kenfasano/Scripts/ScreenArt/Images/TransformedImages/art_20260308_131410.png
2026-03-08 13:14:10,346 - INFO - [pipeline.py:113] - [Grade: B] Saved to: /Users/kenfasano/Scripts/ScreenArt/Images/TransformedImages/art_20260308_131410.png
2026-03-08 13:14:10,588 - INFO - [pipeline.py:113] - [Grade: C] Saved to: /Users/kenfasano/Scripts/ScreenArt/Images/TransformedImages/art_20260308_131410.png
2026-03-08 13:14:10,837 - INFO - [pipeline.py:113] - [Grade: A] Saved to: /Users/kenfasano/Scripts/ScreenArt/Images/TransformedImages/art_20260308_131410.png
2026-03-08 13:14:11,083 - INFO - [pipeline.py:113] - [Grade: B] Saved to: /Users/kenfasano/Scripts/ScreenArt/Images/TransformedImages/art_20260308_131411.png
2026-03-08 13:14:11,293 - INFO - [pipeline.py:113] - [Grade: A] Saved to: /Users/kenfasano/Scripts/ScreenArt/Images/TransformedImages/art_20260308_131411.png
2026-03-08 13:14:11,498 - INFO - [pipeline.py:113] - [Grade: F] Saved to: /Users/kenfasano/Scripts/ScreenArt/Images/Rejected/art_20260308_131411.png
2026-03-08 13:14:11,693 - INFO - [pipeline.py:113] - [Grade: F] Saved to: /Users/kenfasano/Scripts/ScreenArt/Images/Rejected/art_20260308_131411.png
2026-03-08 13:14:11,890 - INFO - [pipeline.py:113] - [Grade: C] Saved to: /Users/kenfasano/Scripts/ScreenArt/Images/TransformedImages/art_20260308_131411.png
2026-03-08 13:14:12,092 - INFO - [pipeline.py:113] - [Grade: F] Saved to: /Users/kenfasano/Scripts/ScreenArt/Images/Rejected/art_20260308_131412.png
2026-03-08 13:14:12,279 - INFO - [pipeline.py:113] - [Grade: F] Saved to: /Users/kenfasano/Scripts/ScreenArt/Images/Rejected/art_20260308_131412.png
2026-03-08 13:14:12,279 - INFO - [main.py:201] - DuotoneTransformer
2026-03-08 13:14:12,279 - INFO - [main.py:201] - WatercolorTransformer
2026-03-08 13:14:12,279 - INFO - [main.py:201] - MeltMorphTransformer
2026-03-08 13:14:12,279 - INFO - [main.py:201] - AnamorphicTransformer
2026-03-08 13:14:12,279 - INFO - [main.py:201] - FluidWarpTransformer
2026-03-08 13:14:12,279 - INFO - [main.py:201] - FlipWilsonTransformer
2026-03-08 13:14:12,279 - INFO - [main.py:201] - SwirlWarpTransformer
2026-03-08 13:14:12,279 - INFO - [main.py:201] - FractalWarpTransformer
2026-03-08 13:14:12,279 - INFO - [main.py:201] - ThreeDExtrusionTransformer
2026-03-08 13:14:12,279 - INFO - [main.py:201] - ThermalImagingTransformer
2026-03-08 13:14:12,279 - INFO - [main.py:201] - TritoneTransformer
2026-03-08 13:14:12,279 - INFO - [main.py:201] - ColormapTransformer
2026-03-08 13:14:12,279 - INFO - [main.py:201] - HalftoneTransformer
2026-03-08 13:14:12,279 - INFO - [main.py:201] - FisheyeTransformer
2026-03-08 13:14:12,279 - INFO - [main.py:201] - RadialWarpTransformer
2026-03-08 13:14:12,279 - INFO - [main.py:201] - InvertRGBTransformer
2026-03-08 13:14:12,279 - INFO - [main.py:244] - 20s@13:14 ✓
Accepted: 21
Rejected: 64
---
Wiki                       ->  2985ms
Nasa                       ->   959ms
GoesGenerator              ->   541ms
Bible                      ->   483ms
Cubes                      ->   459ms
Lojong                     ->   330ms
KochSnowflake              ->   283ms
Bubbles                    ->   245ms
Hilbert                    ->   154ms
NasaMapGenerator           ->    45ms
PeripheralDriftIllusion    ->    42ms
---
DuotoneTransformer         -> Min:    84ms | Avg:    87ms | Max:    96ms
WatercolorTransformer      -> Min:    76ms | Avg:    79ms | Max:    82ms
MeltMorphTransformer       -> Min:     8ms | Avg:    64ms | Max:   142ms
AnamorphicTransformer      -> Min:    48ms | Avg:    56ms | Max:    66ms
FluidWarpTransformer       -> Min:     7ms | Avg:    48ms | Max:   129ms
FlipWilsonTransformer      -> Min:    19ms | Avg:    47ms | Max:    65ms
SwirlWarpTransformer       -> Min:    42ms | Avg:    45ms | Max:    52ms
FractalWarpTransformer     -> Min:    34ms | Avg:    36ms | Max:    42ms
ThreeDExtrusionTransformer -> Min:    30ms | Avg:    31ms | Max:    40ms
ThermalImagingTransformer  -> Min:    26ms | Avg:    27ms | Max:    30ms
TritoneTransformer         -> Min:    21ms | Avg:    21ms | Max:    21ms
ColormapTransformer        -> Min:    11ms | Avg:    11ms | Max:    11ms
HalftoneTransformer        -> Min:     7ms | Avg:    10ms | Max:    14ms
FisheyeTransformer         -> Min:     6ms | Avg:     8ms | Max:    12ms
RadialWarpTransformer      -> Min:     4ms | Avg:     6ms | Max:     9ms
InvertRGBTransformer       -> Min:     0ms | Avg:     1ms | Max:     3ms
