2026-03-08 20:04:11,988 - INFO - [pipeline.py:44] - MeltMorphTransformer
2026-03-08 20:04:12,047 - INFO - [pipeline.py:44] - FluidWarpTransformer
2026-03-08 20:04:12,136 - INFO - [pipeline.py:117] - [Grade: C] Saved to: /Users/kenfasano/Scripts/ScreenArt/Images/TransformedImages/bubbles_4-C.jpeg
2026-03-08 20:04:12,145 - INFO - [pipeline.py:44] - InvertRGBTransformer
2026-03-08 20:04:12,146 - INFO - [pipeline.py:44] - GlitchWarpTransformer
2026-03-08 20:04:12,188 - INFO - [pipeline.py:117] - [Grade: F] Saved to: /Users/kenfasano/Scripts/ScreenArt/Images/Rejected/bubbles_8-F.jpeg
2026-03-08 20:04:12,196 - INFO - [pipeline.py:44] - WheelTransformer
2026-03-08 20:04:12,409 - INFO - [pipeline.py:117] - [Grade: B] Saved to: /Users/kenfasano/Scripts/ScreenArt/Images/TransformedImages/bubbles_9-B.jpeg
2026-03-08 20:04:12,420 - INFO - [pipeline.py:44] - WatercolorTransformer
2026-03-08 20:04:12,522 - INFO - [pipeline.py:117] - [Grade: C] Saved to: /Users/kenfasano/Scripts/ScreenArt/Images/TransformedImages/bubbles_5-C.jpeg
2026-03-08 20:04:12,530 - INFO - [pipeline.py:44] - ThermalImagingTransformer
2026-03-08 20:04:12,556 - INFO - [pipeline.py:44] - FluidWarpTransformer
2026-03-08 20:04:12,641 - INFO - [pipeline.py:117] - [Grade: F] Saved to: /Users/kenfasano/Scripts/ScreenArt/Images/Rejected/bubbles_2-F.jpeg
2026-03-08 20:04:12,650 - INFO - [pipeline.py:44] - FractalWarpTransformer
2026-03-08 20:04:12,687 - INFO - [pipeline.py:44] - AnamorphicTransformer
2026-03-08 20:04:12,747 - INFO - [pipeline.py:44] - MeltMorphTransformer
2026-03-08 20:04:12,816 - INFO - [pipeline.py:117] - [Grade: B] Saved to: /Users/kenfasano/Scripts/ScreenArt/Images/TransformedImages/bubbles_3-B.jpeg
2026-03-08 20:04:12,824 - INFO - [pipeline.py:44] - WheelTransformer
2026-03-08 20:04:13,014 - INFO - [pipeline.py:44] - DataMoshTransformer
2026-03-08 20:04:13,068 - INFO - [pipeline.py:117] - [Grade: B] Saved to: /Users/kenfasano/Scripts/ScreenArt/Images/TransformedImages/bubbles_10-B.jpeg
2026-03-08 20:04:13,077 - INFO - [pipeline.py:44] - ThreeDExtrusionTransformer
2026-03-08 20:04:13,107 - INFO - [pipeline.py:44] - DataMoshTransformer
2026-03-08 20:04:13,143 - INFO - [pipeline.py:44] - ColormapTransformer
2026-03-08 20:04:13,154 - INFO - [pipeline.py:44] - DuotoneTransformer
2026-03-08 20:04:13,251 - INFO - [pipeline.py:117] - [Grade: B] Saved to: /Users/kenfasano/Scripts/ScreenArt/Images/TransformedImages/bubbles_1-B.jpeg
2026-03-08 20:04:13,260 - INFO - [pipeline.py:44] - InvertRGBTransformer
2026-03-08 20:04:13,261 - INFO - [pipeline.py:44] - ThreeDExtrusionTransformer
2026-03-08 20:04:13,305 - INFO - [pipeline.py:117] - [Grade: F] Saved to: /Users/kenfasano/Scripts/ScreenArt/Images/Rejected/bubbles_6-F.jpeg
2026-03-08 20:04:13,314 - INFO - [pipeline.py:44] - DataMoshTransformer
2026-03-08 20:04:13,350 - INFO - [pipeline.py:44] - FluidWarpTransformer
2026-03-08 20:04:13,415 - INFO - [pipeline.py:44] - ThreeDExtrusionTransformer
2026-03-08 20:04:13,462 - INFO - [pipeline.py:117] - [Grade: F] Saved to: /Users/kenfasano/Scripts/ScreenArt/Images/Rejected/bubbles_7-F.jpeg
2026-03-08 20:04:13,470 - INFO - [pipeline.py:44] - XrayTransformer
2026-03-08 20:04:13,581 - INFO - [pipeline.py:44] - FluidWarpTransformer
2026-03-08 20:04:13,609 - INFO - [pipeline.py:44] - FractalWarpTransformer
2026-03-08 20:04:13,659 - INFO - [pipeline.py:117] - [Grade: F] Saved to: /Users/kenfasano/Scripts/ScreenArt/Images/Rejected/cubes_2-F.jpeg
2026-03-08 20:04:13,667 - INFO - [pipeline.py:44] - FisheyeTransformer
2026-03-08 20:04:13,695 - INFO - [pipeline.py:44] - GlitchWarpTransformer
2026-03-08 20:04:13,738 - INFO - [pipeline.py:117] - [Grade: C] Saved to: /Users/kenfasano/Scripts/ScreenArt/Images/TransformedImages/cubes_3-C.jpeg
2026-03-08 20:04:13,746 - INFO - [pipeline.py:44] - SwirlWarpTransformer
2026-03-08 20:04:13,788 - INFO - [pipeline.py:44] - DuotoneTransformer
2026-03-08 20:04:13,865 - INFO - [pipeline.py:44] - HalftoneTransformer
2026-03-08 20:04:13,895 - INFO - [pipeline.py:44] - FractalWarpTransformer
2026-03-08 20:04:13,944 - INFO - [pipeline.py:117] - [Grade: F] Saved to: /Users/kenfasano/Scripts/ScreenArt/Images/Rejected/cubes_4-F.jpeg
2026-03-08 20:04:13,953 - INFO - [pipeline.py:44] - ThreeDExtrusionTransformer
2026-03-08 20:04:13,983 - INFO - [pipeline.py:44] - FluidWarpTransformer
2026-03-08 20:04:14,012 - INFO - [pipeline.py:44] - FlipWilsonTransformer
2026-03-08 20:04:14,076 - INFO - [pipeline.py:44] - GlitchWarpTransformer
2026-03-08 20:04:14,120 - INFO - [pipeline.py:117] - [Grade: F] Saved to: /Users/kenfasano/Scripts/ScreenArt/Images/Rejected/cubes_5-F.jpeg
2026-03-08 20:04:14,128 - INFO - [pipeline.py:44] - HalftoneTransformer
2026-03-08 20:04:14,158 - INFO - [pipeline.py:44] - DataMoshTransformer
2026-03-08 20:04:14,208 - INFO - [pipeline.py:117] - [Grade: F] Saved to: /Users/kenfasano/Scripts/ScreenArt/Images/Rejected/cubes_6-F.jpeg
2026-03-08 20:04:14,216 - INFO - [pipeline.py:44] - WatercolorTransformer
2026-03-08 20:04:14,298 - INFO - [pipeline.py:44] - HalftoneTransformer
2026-03-08 20:04:14,342 - INFO - [pipeline.py:117] - [Grade: F] Saved to: /Users/kenfasano/Scripts/ScreenArt/Images/Rejected/cubes_1-F.jpeg
2026-03-08 20:04:14,344 - INFO - [pipeline.py:44] - FlipWilsonTransformer
2026-03-08 20:04:14,359 - INFO - [pipeline.py:117] - [Grade: B] Saved to: /Users/kenfasano/Scripts/ScreenArt/Images/TransformedImages/a17anaglyph_vanMeijgaarden_c34-B.jpg
2026-03-08 20:04:14,361 - INFO - [pipeline.py:44] - WheelTransformer
2026-03-08 20:04:14,399 - INFO - [pipeline.py:44] - DataMoshTransformer
2026-03-08 20:04:14,406 - INFO - [pipeline.py:44] - ThreeDExtrusionTransformer
2026-03-08 20:04:14,412 - INFO - [pipeline.py:44] - SwirlWarpTransformer
2026-03-08 20:04:14,426 - INFO - [pipeline.py:117] - [Grade: F] Saved to: /Users/kenfasano/Scripts/ScreenArt/Images/Rejected/M31_hallas800-F.jpg
2026-03-08 20:04:14,427 - INFO - [pipeline.py:44] - WatercolorTransformer
2026-03-08 20:04:14,439 - INFO - [pipeline.py:44] - ThreeDExtrusionTransformer
2026-03-08 20:04:14,443 - INFO - [pipeline.py:44] - DuotoneTransformer
2026-03-08 20:04:14,456 - INFO - [pipeline.py:117] - [Grade: B] Saved to: /Users/kenfasano/Scripts/ScreenArt/Images/TransformedImages/ngc1970s_jacobsen_c1-B.jpg
2026-03-08 20:04:14,461 - INFO - [pipeline.py:44] - FisheyeTransformer
2026-03-08 20:04:14,479 - INFO - [pipeline.py:117] - [Grade: A] Saved to: /Users/kenfasano/Scripts/ScreenArt/Images/TransformedImages/NorthSaturn_Cassini_960-A.jpg
2026-03-08 20:04:14,511 - INFO - [pipeline.py:44] - WheelTransformer
2026-03-08 20:04:14,608 - INFO - [pipeline.py:117] - [Grade: A] Saved to: /Users/kenfasano/Scripts/ScreenArt/Images/TransformedImages/RSPuppis_Hubble_rba1024-A.jpg
2026-03-08 20:04:14,610 - INFO - [pipeline.py:44] - DuotoneTransformer
2026-03-08 20:04:14,626 - INFO - [pipeline.py:44] - RadialWarpTransformer
2026-03-08 20:04:14,633 - INFO - [pipeline.py:117] - [Grade: F] Saved to: /Users/kenfasano/Scripts/ScreenArt/Images/Rejected/eclipseshirt_haake800-F.jpg
2026-03-08 20:04:14,636 - INFO - [pipeline.py:44] - TritoneTransformer
2026-03-08 20:04:14,657 - INFO - [pipeline.py:117] - [Grade: F] Saved to: /Users/kenfasano/Scripts/ScreenArt/Images/Rejected/SupernovaLens_webb_960-F.jpg
2026-03-08 20:04:14,658 - INFO - [pipeline.py:44] - MeltMorphTransformer
2026-03-08 20:04:14,667 - INFO - [pipeline.py:44] - FluidWarpTransformer
2026-03-08 20:04:14,681 - INFO - [pipeline.py:44] - FlipWilsonTransformer
2026-03-08 20:04:14,694 - INFO - [pipeline.py:117] - [Grade: C] Saved to: /Users/kenfasano/Scripts/ScreenArt/Images/TransformedImages/etrunkcomp_sst_c1-C.jpg
2026-03-08 20:04:14,695 - INFO - [pipeline.py:44] - GlitchWarpTransformer
2026-03-08 20:04:14,699 - INFO - [pipeline.py:44] - PosterizationTransformer
2026-03-08 20:04:14,700 - INFO - [pipeline.py:44] - ColormapTransformer
2026-03-08 20:04:14,701 - INFO - [pipeline.py:44] - RadialWarpTransformer
2026-03-08 20:04:14,706 - INFO - [pipeline.py:117] - [Grade: F] Saved to: /Users/kenfasano/Scripts/ScreenArt/Images/Rejected/m57ring_hst-F.jpg
2026-03-08 20:04:14,711 - INFO - [pipeline.py:44] - XrayTransformer
2026-03-08 20:04:14,813 - INFO - [pipeline.py:44] - SwirlWarpTransformer
2026-03-08 20:04:14,845 - INFO - [pipeline.py:117] - [Grade: C] Saved to: /Users/kenfasano/Scripts/ScreenArt/Images/TransformedImages/NLCcloudsallover_heden-C.jpg
2026-03-08 20:04:14,865 - INFO - [pipeline.py:44] - XrayTransformer
2026-03-08 20:04:14,984 - INFO - [pipeline.py:117] - [Grade: F] Saved to: /Users/kenfasano/Scripts/ScreenArt/Images/Rejected/IC434NM900-F.jpg
2026-03-08 20:04:14,996 - INFO - [pipeline.py:44] - ThreeDExtrusionTransformer
2026-03-08 20:04:15,026 - INFO - [pipeline.py:44] - HalftoneTransformer
2026-03-08 20:04:15,056 - INFO - [pipeline.py:44] - FluidWarpTransformer
2026-03-08 20:04:15,111 - INFO - [pipeline.py:44] - ThermalImagingTransformer
2026-03-08 20:04:15,155 - INFO - [pipeline.py:117] - [Grade: F] Saved to: /Users/kenfasano/Scripts/ScreenArt/Images/Rejected/nasa_earth_1_London_True_Color-F.jpeg
2026-03-08 20:04:15,165 - INFO - [pipeline.py:44] - SwirlWarpTransformer
2026-03-08 20:04:15,195 - INFO - [pipeline.py:44] - ThreeDExtrusionTransformer
2026-03-08 20:04:15,231 - INFO - [pipeline.py:117] - [Grade: C] Saved to: /Users/kenfasano/Scripts/ScreenArt/Images/TransformedImages/noaa_goes_1_se_Day_Night_Cloud_Micro-C.jpeg
2026-03-08 20:04:15,244 - INFO - [pipeline.py:44] - GlitchWarpTransformer
2026-03-08 20:04:15,276 - INFO - [pipeline.py:44] - FlipWilsonTransformer
2026-03-08 20:04:15,351 - INFO - [pipeline.py:44] - DuotoneTransformer
2026-03-08 20:04:15,448 - INFO - [pipeline.py:44] - XrayTransformer
2026-03-08 20:04:15,625 - INFO - [pipeline.py:117] - [Grade: F] Saved to: /Users/kenfasano/Scripts/ScreenArt/Images/Rejected/2007_Old-F.jpeg
2026-03-08 20:04:15,636 - INFO - [pipeline.py:44] - DataMoshTransformer
2026-03-08 20:04:15,682 - INFO - [pipeline.py:44] - ThreeDExtrusionTransformer
2026-03-08 20:04:15,749 - INFO - [pipeline.py:117] - [Grade: F] Saved to: /Users/kenfasano/Scripts/ScreenArt/Images/Rejected/Flickr_--F.jpeg
2026-03-08 20:04:15,780 - INFO - [pipeline.py:44] - PosterizationTransformer
2026-03-08 20:04:15,802 - INFO - [pipeline.py:44] - AnamorphicTransformer
2026-03-08 20:04:15,913 - INFO - [pipeline.py:44] - MeltMorphTransformer
2026-03-08 20:04:16,065 - INFO - [pipeline.py:44] - WheelTransformer
2026-03-08 20:04:16,597 - INFO - [pipeline.py:117] - [Grade: F] Saved to: /Users/kenfasano/Scripts/ScreenArt/Images/Rejected/Ece_Ergi-F.jpeg
2026-03-08 20:04:16,599 - INFO - [pipeline.py:44] - FluidWarpTransformer
2026-03-08 20:04:16,609 - INFO - [pipeline.py:117] - [Grade: C] Saved to: /Users/kenfasano/Scripts/ScreenArt/Images/TransformedImages/Fireavi02_85-C.jpeg
2026-03-08 20:04:16,618 - INFO - [pipeline.py:44] - MeltMorphTransformer
2026-03-08 20:04:16,698 - INFO - [pipeline.py:117] - [Grade: A] Saved to: /Users/kenfasano/Scripts/ScreenArt/Images/TransformedImages/Freshman-A.jpeg
2026-03-08 20:04:16,712 - INFO - [pipeline.py:44] - XrayTransformer
2026-03-08 20:04:16,896 - INFO - [pipeline.py:44] - InvertRGBTransformer
2026-03-08 20:04:16,897 - INFO - [pipeline.py:44] - DataMoshTransformer
2026-03-08 20:04:16,970 - INFO - [pipeline.py:117] - [Grade: F] Saved to: /Users/kenfasano/Scripts/ScreenArt/Images/Rejected/St._John-F.jpeg
2026-03-08 20:04:16,977 - INFO - [pipeline.py:44] - RadialWarpTransformer
2026-03-08 20:04:16,992 - INFO - [pipeline.py:44] - ThreeDExtrusionTransformer
2026-03-08 20:04:17,024 - INFO - [pipeline.py:44] - InvertRGBTransformer
2026-03-08 20:04:17,025 - INFO - [pipeline.py:44] - HalftoneTransformer
2026-03-08 20:04:17,071 - INFO - [pipeline.py:117] - [Grade: F] Saved to: /Users/kenfasano/Scripts/ScreenArt/Images/Rejected/lojong_2-F.jpeg
2026-03-08 20:04:17,077 - INFO - [pipeline.py:44] - MeltMorphTransformer
2026-03-08 20:04:17,131 - INFO - [pipeline.py:44] - TritoneTransformer
2026-03-08 20:04:17,176 - INFO - [pipeline.py:117] - [Grade: F] Saved to: /Users/kenfasano/Scripts/ScreenArt/Images/Rejected/lojong_3-F.jpeg
2026-03-08 20:04:17,182 - INFO - [pipeline.py:44] - FractalWarpTransformer
2026-03-08 20:04:17,217 - INFO - [pipeline.py:44] - ThermalImagingTransformer
2026-03-08 20:04:17,244 - INFO - [pipeline.py:44] - WatercolorTransformer
2026-03-08 20:04:17,335 - INFO - [pipeline.py:117] - [Grade: F] Saved to: /Users/kenfasano/Scripts/ScreenArt/Images/Rejected/lojong_8-F.jpeg
2026-03-08 20:04:17,341 - INFO - [pipeline.py:44] - InvertRGBTransformer
2026-03-08 20:04:17,343 - INFO - [pipeline.py:44] - HalftoneTransformer
2026-03-08 20:04:17,372 - INFO - [pipeline.py:44] - SwirlWarpTransformer
2026-03-08 20:04:17,415 - INFO - [pipeline.py:44] - ThreeDExtrusionTransformer
2026-03-08 20:04:17,459 - INFO - [pipeline.py:117] - [Grade: F] Saved to: /Users/kenfasano/Scripts/ScreenArt/Images/Rejected/lojong_4-F.jpeg
2026-03-08 20:04:17,465 - INFO - [pipeline.py:44] - WatercolorTransformer
2026-03-08 20:04:17,543 - INFO - [pipeline.py:44] - SwirlWarpTransformer
2026-03-08 20:04:17,585 - INFO - [pipeline.py:44] - FisheyeTransformer
2026-03-08 20:04:17,607 - INFO - [pipeline.py:44] - AnamorphicTransformer
2026-03-08 20:04:17,680 - INFO - [pipeline.py:117] - [Grade: A] Saved to: /Users/kenfasano/Scripts/ScreenArt/Images/TransformedImages/lojong_5-A.jpeg
2026-03-08 20:04:17,686 - INFO - [pipeline.py:44] - DuotoneTransformer
2026-03-08 20:04:17,762 - INFO - [pipeline.py:44] - ThreeDExtrusionTransformer
2026-03-08 20:04:17,792 - INFO - [pipeline.py:44] - ColormapTransformer
2026-03-08 20:04:17,803 - INFO - [pipeline.py:44] - PosterizationTransformer
2026-03-08 20:04:17,823 - INFO - [pipeline.py:117] - [Grade: F] Saved to: /Users/kenfasano/Scripts/ScreenArt/Images/Rejected/lojong_9-F.jpeg
2026-03-08 20:04:17,828 - INFO - [pipeline.py:44] - XrayTransformer
2026-03-08 20:04:17,895 - INFO - [pipeline.py:44] - WatercolorTransformer
2026-03-08 20:04:17,986 - INFO - [pipeline.py:117] - [Grade: F] Saved to: /Users/kenfasano/Scripts/ScreenArt/Images/Rejected/lojong_6-F.jpeg
2026-03-08 20:04:17,993 - INFO - [pipeline.py:44] - XrayTransformer
2026-03-08 20:04:18,074 - INFO - [pipeline.py:44] - HalftoneTransformer
2026-03-08 20:04:18,120 - INFO - [pipeline.py:117] - [Grade: F] Saved to: /Users/kenfasano/Scripts/ScreenArt/Images/Rejected/lojong_7-F.jpeg
2026-03-08 20:04:18,125 - INFO - [pipeline.py:44] - TritoneTransformer
2026-03-08 20:04:18,154 - INFO - [pipeline.py:44] - GlitchWarpTransformer
2026-03-08 20:04:18,181 - INFO - [pipeline.py:44] - RadialWarpTransformer
2026-03-08 20:04:18,210 - INFO - [pipeline.py:117] - [Grade: C] Saved to: /Users/kenfasano/Scripts/ScreenArt/Images/TransformedImages/lojong_0-C.jpeg
2026-03-08 20:04:18,216 - INFO - [pipeline.py:44] - XrayTransformer
2026-03-08 20:04:18,283 - INFO - [pipeline.py:44] - SwirlWarpTransformer
2026-03-08 20:04:18,325 - INFO - [pipeline.py:44] - ThreeDExtrusionTransformer
2026-03-08 20:04:18,355 - INFO - [pipeline.py:44] - ColormapTransformer
2026-03-08 20:04:18,381 - INFO - [pipeline.py:117] - [Grade: F] Saved to: /Users/kenfasano/Scripts/ScreenArt/Images/Rejected/lojong_1-F.jpeg
2026-03-08 20:04:18,388 - INFO - [pipeline.py:44] - WheelTransformer
2026-03-08 20:04:18,586 - INFO - [pipeline.py:44] - MeltMorphTransformer
2026-03-08 20:04:18,641 - INFO - [pipeline.py:44] - XrayTransformer
2026-03-08 20:04:18,773 - INFO - [pipeline.py:44] - GlitchWarpTransformer
2026-03-08 20:04:18,817 - INFO - [pipeline.py:117] - [Grade: F] Saved to: /Users/kenfasano/Scripts/ScreenArt/Images/Rejected/psalms_17-F.jpeg
2026-03-08 20:04:18,825 - INFO - [pipeline.py:44] - RadialWarpTransformer
2026-03-08 20:04:18,838 - INFO - [pipeline.py:44] - FractalWarpTransformer
2026-03-08 20:04:18,889 - INFO - [pipeline.py:117] - [Grade: C] Saved to: /Users/kenfasano/Scripts/ScreenArt/Images/TransformedImages/psalms_76-C.jpeg
2026-03-08 20:04:18,896 - INFO - [pipeline.py:44] - DuotoneTransformer
2026-03-08 20:04:18,989 - INFO - [pipeline.py:117] - [Grade: C] Saved to: /Users/kenfasano/Scripts/ScreenArt/Images/TransformedImages/psalms_100-C.jpeg
2026-03-08 20:04:18,995 - INFO - [pipeline.py:44] - AnamorphicTransformer
2026-03-08 20:04:19,038 - INFO - [pipeline.py:44] - WatercolorTransformer
2026-03-08 20:04:19,115 - INFO - [pipeline.py:44] - ThermalImagingTransformer
2026-03-08 20:04:19,141 - INFO - [pipeline.py:44] - HalftoneTransformer
2026-03-08 20:04:19,187 - INFO - [pipeline.py:117] - [Grade: F] Saved to: /Users/kenfasano/Scripts/ScreenArt/Images/Rejected/psalms_123-F.jpeg
2026-03-08 20:04:19,194 - INFO - [pipeline.py:44] - DataMoshTransformer
2026-03-08 20:04:19,229 - INFO - [pipeline.py:44] - ThermalImagingTransformer
2026-03-08 20:04:19,274 - INFO - [pipeline.py:117] - [Grade: C] Saved to: /Users/kenfasano/Scripts/ScreenArt/Images/TransformedImages/psalms_114-C.jpeg
2026-03-08 20:04:19,281 - INFO - [pipeline.py:44] - DataMoshTransformer
2026-03-08 20:04:19,318 - INFO - [pipeline.py:44] - WheelTransformer
2026-03-08 20:04:19,507 - INFO - [pipeline.py:44] - MeltMorphTransformer
2026-03-08 20:04:19,560 - INFO - [pipeline.py:44] - ColormapTransformer
2026-03-08 20:04:19,587 - INFO - [pipeline.py:117] - [Grade: F] Saved to: /Users/kenfasano/Scripts/ScreenArt/Images/Rejected/psalms_65-F.jpeg
2026-03-08 20:04:19,593 - INFO - [pipeline.py:44] - FlipWilsonTransformer
2026-03-08 20:04:19,653 - INFO - [pipeline.py:44] - SwirlWarpTransformer
2026-03-08 20:04:19,711 - INFO - [pipeline.py:117] - [Grade: F] Saved to: /Users/kenfasano/Scripts/ScreenArt/Images/Rejected/psalms_134-F.jpeg
2026-03-08 20:04:19,719 - INFO - [pipeline.py:44] - TritoneTransformer
2026-03-08 20:04:19,747 - INFO - [pipeline.py:44] - HalftoneTransformer
2026-03-08 20:04:19,793 - INFO - [pipeline.py:117] - [Grade: F] Saved to: /Users/kenfasano/Scripts/ScreenArt/Images/Rejected/psalms_19-F.jpeg
2026-03-08 20:04:19,800 - INFO - [pipeline.py:44] - AnamorphicTransformer
2026-03-08 20:04:19,866 - INFO - [pipeline.py:44] - WheelTransformer
2026-03-08 20:04:20,073 - INFO - [pipeline.py:117] - [Grade: F] Saved to: /Users/kenfasano/Scripts/ScreenArt/Images/Rejected/psalms_145-F.jpeg
2026-03-08 20:04:20,080 - INFO - [pipeline.py:44] - SwirlWarpTransformer
2026-03-08 20:04:20,139 - INFO - [pipeline.py:117] - [Grade: F] Saved to: /Users/kenfasano/Scripts/ScreenArt/Images/Rejected/psalms_80-F.jpeg
2026-03-08 20:04:20,142 - INFO - [pipeline.py:44] - InvertRGBTransformer
2026-03-08 20:04:20,147 - INFO - [pipeline.py:117] - [Grade: F] Saved to: /Users/kenfasano/Scripts/ScreenArt/Images/Rejected/peripheral_drift_2-F.jpeg
2026-03-08 20:04:20,151 - INFO - [pipeline.py:44] - FlipWilsonTransformer
2026-03-08 20:04:20,170 - INFO - [pipeline.py:44] - FractalWarpTransformer
2026-03-08 20:04:20,187 - INFO - [pipeline.py:117] - [Grade: C] Saved to: /Users/kenfasano/Scripts/ScreenArt/Images/TransformedImages/peripheral_drift_3-C.jpeg
2026-03-08 20:04:20,190 - INFO - [pipeline.py:44] - PosterizationTransformer
2026-03-08 20:04:20,192 - INFO - [pipeline.py:44] - HalftoneTransformer
2026-03-08 20:04:20,201 - INFO - [pipeline.py:44] - XrayTransformer
2026-03-08 20:04:20,215 - INFO - [pipeline.py:44] - AnamorphicTransformer
2026-03-08 20:04:20,233 - INFO - [pipeline.py:117] - [Grade: F] Saved to: /Users/kenfasano/Scripts/ScreenArt/Images/Rejected/peripheral_drift_1-F.jpeg
2026-03-08 20:04:20,239 - INFO - [pipeline.py:44] - MeltMorphTransformer
2026-03-08 20:04:20,291 - INFO - [pipeline.py:44] - ColormapTransformer
2026-03-08 20:04:20,302 - INFO - [pipeline.py:44] - DataMoshTransformer
2026-03-08 20:04:20,353 - INFO - [pipeline.py:117] - [Grade: C] Saved to: /Users/kenfasano/Scripts/ScreenArt/Images/TransformedImages/koch_snowflake_4_4-C.jpeg
2026-03-08 20:04:20,359 - INFO - [pipeline.py:44] - FractalWarpTransformer
2026-03-08 20:04:20,393 - INFO - [pipeline.py:44] - ThreeDExtrusionTransformer
2026-03-08 20:04:20,423 - INFO - [pipeline.py:44] - ThermalImagingTransformer
2026-03-08 20:04:20,450 - INFO - [pipeline.py:44] - HalftoneTransformer
2026-03-08 20:04:20,495 - INFO - [pipeline.py:117] - [Grade: F] Saved to: /Users/kenfasano/Scripts/ScreenArt/Images/Rejected/koch_snowflake_4_5-F.jpeg
2026-03-08 20:04:20,501 - INFO - [pipeline.py:44] - WheelTransformer
2026-03-08 20:04:20,689 - INFO - [pipeline.py:44] - XrayTransformer
2026-03-08 20:04:20,774 - INFO - [pipeline.py:44] - FluidWarpTransformer
2026-03-08 20:04:20,863 - INFO - [pipeline.py:117] - [Grade: F] Saved to: /Users/kenfasano/Scripts/ScreenArt/Images/Rejected/koch_snowflake_4_2-F.jpeg
2026-03-08 20:04:20,868 - INFO - [pipeline.py:44] - FractalWarpTransformer
2026-03-08 20:04:20,903 - INFO - [pipeline.py:44] - GlitchWarpTransformer
2026-03-08 20:04:20,930 - INFO - [pipeline.py:44] - FlipWilsonTransformer
2026-03-08 20:04:20,989 - INFO - [pipeline.py:44] - FluidWarpTransformer
2026-03-08 20:04:21,047 - INFO - [pipeline.py:117] - [Grade: B] Saved to: /Users/kenfasano/Scripts/ScreenArt/Images/TransformedImages/koch_snowflake_4_3-B.jpeg
2026-03-08 20:04:21,054 - INFO - [pipeline.py:44] - WheelTransformer
2026-03-08 20:04:21,242 - INFO - [pipeline.py:44] - DataMoshTransformer
2026-03-08 20:04:21,295 - INFO - [pipeline.py:117] - [Grade: A] Saved to: /Users/kenfasano/Scripts/ScreenArt/Images/TransformedImages/koch_snowflake_4_1-A.jpeg
2026-03-08 20:04:21,303 - INFO - [pipeline.py:44] - PosterizationTransformer
2026-03-08 20:04:21,308 - INFO - [pipeline.py:44] - SwirlWarpTransformer
2026-03-08 20:04:21,350 - INFO - [pipeline.py:44] - FractalWarpTransformer
2026-03-08 20:04:21,400 - INFO - [pipeline.py:117] - [Grade: F] Saved to: /Users/kenfasano/Scripts/ScreenArt/Images/Rejected/hilbert_5-F.jpg
2026-03-08 20:04:21,412 - INFO - [pipeline.py:44] - XrayTransformer
2026-03-08 20:04:21,513 - INFO - [pipeline.py:44] - ThreeDExtrusionTransformer
2026-03-08 20:04:21,558 - INFO - [pipeline.py:117] - [Grade: F] Saved to: /Users/kenfasano/Scripts/ScreenArt/Images/Rejected/hilbert_4-F.jpg
2026-03-08 20:04:21,565 - INFO - [pipeline.py:44] - ThermalImagingTransformer
2026-03-08 20:04:21,592 - INFO - [pipeline.py:44] - SwirlWarpTransformer
2026-03-08 20:04:21,651 - INFO - [pipeline.py:117] - [Grade: F] Saved to: /Users/kenfasano/Scripts/ScreenArt/Images/Rejected/hilbert_1-F.jpg
2026-03-08 20:04:21,658 - INFO - [pipeline.py:44] - DuotoneTransformer
2026-03-08 20:04:21,749 - INFO - [pipeline.py:117] - [Grade: C] Saved to: /Users/kenfasano/Scripts/ScreenArt/Images/TransformedImages/hilbert_3-C.jpg
2026-03-08 20:04:21,760 - INFO - [pipeline.py:44] - DataMoshTransformer
2026-03-08 20:04:21,796 - INFO - [pipeline.py:44] - FluidWarpTransformer
2026-03-08 20:04:21,869 - INFO - [pipeline.py:44] - FractalWarpTransformer
2026-03-08 20:04:21,920 - INFO - [pipeline.py:117] - [Grade: B] Saved to: /Users/kenfasano/Scripts/ScreenArt/Images/TransformedImages/hilbert_2-B.jpg
2026-03-08 20:04:21,920 - INFO - [main.py:196] - WheelTransformer
2026-03-08 20:04:21,920 - INFO - [main.py:196] - XrayTransformer
2026-03-08 20:04:21,920 - INFO - [main.py:196] - WatercolorTransformer
2026-03-08 20:04:21,920 - INFO - [main.py:196] - DuotoneTransformer
2026-03-08 20:04:21,920 - INFO - [main.py:196] - MeltMorphTransformer
2026-03-08 20:04:21,920 - INFO - [main.py:196] - AnamorphicTransformer
2026-03-08 20:04:21,920 - INFO - [main.py:196] - FluidWarpTransformer
2026-03-08 20:04:21,920 - INFO - [main.py:196] - FlipWilsonTransformer
2026-03-08 20:04:21,920 - INFO - [main.py:196] - SwirlWarpTransformer
2026-03-08 20:04:21,920 - INFO - [main.py:196] - DataMoshTransformer
2026-03-08 20:04:21,920 - INFO - [main.py:196] - FractalWarpTransformer
2026-03-08 20:04:21,920 - INFO - [main.py:196] - HalftoneTransformer
2026-03-08 20:04:21,920 - INFO - [main.py:196] - ThreeDExtrusionTransformer
2026-03-08 20:04:21,920 - INFO - [main.py:196] - ThermalImagingTransformer
2026-03-08 20:04:21,920 - INFO - [main.py:196] - TritoneTransformer
2026-03-08 20:04:21,920 - INFO - [main.py:196] - GlitchWarpTransformer
2026-03-08 20:04:21,920 - INFO - [main.py:196] - FisheyeTransformer
2026-03-08 20:04:21,920 - INFO - [main.py:196] - ColormapTransformer
2026-03-08 20:04:21,920 - INFO - [main.py:196] - RadialWarpTransformer
2026-03-08 20:04:21,920 - INFO - [main.py:196] - PosterizationTransformer
2026-03-08 20:04:21,921 - INFO - [main.py:196] - InvertRGBTransformer
2026-03-08 20:04:21,921 - INFO - [main.py:239] - 18s@20:04 ✓
Accepted: 27
Rejected: 41
---
Wiki                       ->  4995ms
GoesGenerator              ->   960ms
Nasa                       ->   797ms
Cubes                      ->   484ms
Bible                      ->   396ms
Lojong                     ->   307ms
KochSnowflake              ->   306ms
Bubbles                    ->   284ms
Hilbert                    ->    62ms
PeripheralDriftIllusion    ->    51ms
NasaMapGenerator           ->    36ms
---
WheelTransformer           -> Min:    37ms | Avg:   194ms | Max:   487ms
XrayTransformer            -> Min:    14ms | Avg:   101ms | Max:   184ms
WatercolorTransformer      -> Min:    11ms | Avg:    69ms | Max:    85ms
DuotoneTransformer         -> Min:    10ms | Avg:    63ms | Max:    96ms
MeltMorphTransformer       -> Min:     8ms | Avg:    60ms | Max:   152ms
AnamorphicTransformer      -> Min:    13ms | Avg:    58ms | Max:   111ms
FluidWarpTransformer       -> Min:     7ms | Avg:    48ms | Max:    73ms
FlipWilsonTransformer      -> Min:    10ms | Avg:    42ms | Max:    75ms
SwirlWarpTransformer       -> Min:     9ms | Avg:    36ms | Max:    42ms
DataMoshTransformer        -> Min:     7ms | Avg:    35ms | Max:    54ms
FractalWarpTransformer     -> Min:    11ms | Avg:    32ms | Max:    38ms
HalftoneTransformer        -> Min:     9ms | Avg:    28ms | Max:    31ms
ThreeDExtrusionTransformer -> Min:     4ms | Avg:    27ms | Max:    42ms
ThermalImagingTransformer  -> Min:    26ms | Avg:    27ms | Max:    28ms
TritoneTransformer         -> Min:    13ms | Avg:    25ms | Max:    30ms
GlitchWarpTransformer      -> Min:     4ms | Avg:    25ms | Max:    32ms
FisheyeTransformer         -> Min:     9ms | Avg:    20ms | Max:    27ms
ColormapTransformer        -> Min:     2ms | Avg:     9ms | Max:    12ms
RadialWarpTransformer      -> Min:     2ms | Avg:     9ms | Max:    15ms
PosterizationTransformer   -> Min:     1ms | Avg:     6ms | Max:    22ms
InvertRGBTransformer       -> Min:     0ms | Avg:     1ms | Max:     1ms
