2026-03-23 16:54:30,161 - INFO - [pipeline.py:136] - "FractalWarpTransformer","iter=1,scale=0.05"
2026-03-23 16:54:30,211 - INFO - [pipeline.py:136] - "DataMoshTransformer","intensity=0.01"
2026-03-23 16:54:30,245 - INFO - [pipeline.py:248] - [Grade: C] Saved to: /home/kenfasano/mac/Scripts/ScreenArt/Images/TransformedImages/bubbles_4-C.jpeg
2026-03-23 16:54:30,514 - INFO - [pipeline.py:136] - "WatercolorTransformer","scale=0.85,style=psychedelic"
2026-03-23 16:54:30,538 - INFO - [pipeline.py:248] - [Grade: F] Saved to: /home/kenfasano/mac/Scripts/ScreenArt/Images/Rejected/bubbles_8-F.jpeg
2026-03-23 16:54:30,634 - INFO - [pipeline.py:136] - "HalftoneTransformer","size=2"
2026-03-23 16:54:30,676 - INFO - [pipeline.py:136] - "DataMoshTransformer","intensity=0.02"
2026-03-23 16:54:30,714 - INFO - [pipeline.py:248] - [Grade: A] Saved to: /home/kenfasano/mac/Scripts/ScreenArt/Images/TransformedImages/bubbles_9-A.jpeg
2026-03-23 16:54:30,746 - INFO - [pipeline.py:136] - "PosterizationTransformer","levels=4"
2026-03-23 16:54:30,755 - INFO - [pipeline.py:136] - "ColormapTransformer","map=rainbow"
2026-03-23 16:54:30,811 - INFO - [pipeline.py:136] - "FlipWilsonTransformer","keep=bottom,narrow=0.24"
2026-03-23 16:54:30,841 - INFO - [pipeline.py:136] - "ThermalImagingTransformer","thermal=True"
2026-03-23 16:54:30,888 - INFO - [pipeline.py:248] - [Grade: C] Saved to: /home/kenfasano/mac/Scripts/ScreenArt/Images/TransformedImages/bubbles_5-C.jpeg
2026-03-23 16:54:30,976 - INFO - [pipeline.py:136] - "HalftoneTransformer","size=2"
2026-03-23 16:54:31,010 - INFO - [pipeline.py:136] - "FractalWarpTransformer","iter=1,scale=0.05"
2026-03-23 16:54:31,054 - INFO - [pipeline.py:136] - "WheelTransformer","blend=add,copies=4"
2026-03-23 16:54:31,097 - INFO - [pipeline.py:136] - "OilPaintingTransformer","dyn_ratio=1,size=6"
2026-03-23 16:54:31,130 - INFO - [pipeline.py:248] - [Grade: A] Saved to: /home/kenfasano/mac/Scripts/ScreenArt/Images/TransformedImages/bubbles_2-A.jpeg
2026-03-23 16:54:31,154 - INFO - [pipeline.py:136] - "PosterizationTransformer","levels=4"
2026-03-23 16:54:31,163 - INFO - [pipeline.py:136] - "ColormapTransformer","map=hsv"
2026-03-23 16:54:31,198 - INFO - [pipeline.py:136] - "OilPaintingTransformer","dyn_ratio=1,size=5"
2026-03-23 16:54:31,234 - INFO - [pipeline.py:248] - [Grade: F] Saved to: /home/kenfasano/mac/Scripts/ScreenArt/Images/Rejected/bubbles_3-F.jpeg
2026-03-23 16:54:31,255 - INFO - [pipeline.py:136] - "ColormapTransformer","map=ocean"
2026-03-23 16:54:31,309 - INFO - [pipeline.py:248] - [Grade: A] Saved to: /home/kenfasano/mac/Scripts/ScreenArt/Images/TransformedImages/bubbles_10-A.jpeg
2026-03-23 16:54:31,341 - INFO - [pipeline.py:136] - "RadialWarpTransformer","radius=0.25,strength=56.67057900038856,style=push"
2026-03-23 16:54:31,349 - INFO - [pipeline.py:136] - "ColormapTransformer","map=winter"
2026-03-23 16:54:31,403 - INFO - [pipeline.py:136] - "SwirlWarpTransformer","strength=1.50"
2026-03-23 16:54:31,453 - INFO - [pipeline.py:248] - [Grade: C] Saved to: /home/kenfasano/mac/Scripts/ScreenArt/Images/TransformedImages/bubbles_1-C.jpeg
2026-03-23 16:54:31,505 - INFO - [pipeline.py:136] - "ThermalImagingTransformer","thermal=True"
2026-03-23 16:54:31,512 - INFO - [pipeline.py:136] - "ColormapTransformer","map=rainbow"
2026-03-23 16:54:31,571 - INFO - [pipeline.py:248] - [Grade: A] Saved to: /home/kenfasano/mac/Scripts/ScreenArt/Images/TransformedImages/bubbles_6-A.jpeg
2026-03-23 16:54:31,625 - INFO - [pipeline.py:136] - "WheelTransformer","blend=add,copies=4"
2026-03-23 16:54:31,657 - INFO - [pipeline.py:136] - "ThermalImagingTransformer","thermal=True"
2026-03-23 16:54:31,805 - INFO - [pipeline.py:136] - "PixelSortTransformer","direction=cols,high=0.88,low=0.10,sort_key=blue"
2026-03-23 16:54:31,858 - INFO - [pipeline.py:248] - [Grade: A] Saved to: /home/kenfasano/mac/Scripts/ScreenArt/Images/TransformedImages/bubbles_7-A.jpeg
2026-03-23 16:54:31,894 - INFO - [pipeline.py:136] - "PosterizationTransformer","levels=4"
2026-03-23 16:54:31,970 - INFO - [pipeline.py:136] - "MeltMorphTransformer","intensity=0.50"
2026-03-23 16:54:32,025 - INFO - [pipeline.py:136] - "FlipWilsonTransformer","keep=bottom,narrow=0.24"
2026-03-23 16:54:32,077 - INFO - [pipeline.py:136] - "WheelTransformer","blend=add,copies=4"
2026-03-23 16:54:32,119 - INFO - [pipeline.py:248] - [Grade: A] Saved to: /home/kenfasano/mac/Scripts/ScreenArt/Images/TransformedImages/cubes_2-A.jpeg
2026-03-23 16:54:32,189 - INFO - [pipeline.py:136] - "DataMoshTransformer","intensity=0.01"
2026-03-23 16:54:32,262 - INFO - [pipeline.py:136] - "MeltMorphTransformer","intensity=0.50"
2026-03-23 16:54:32,296 - INFO - [pipeline.py:136] - "ThermalImagingTransformer","thermal=True"
2026-03-23 16:54:32,344 - INFO - [pipeline.py:136] - "OilPaintingTransformer","dyn_ratio=8,size=6"
2026-03-23 16:54:32,381 - INFO - [pipeline.py:248] - [Grade: A] Saved to: /home/kenfasano/mac/Scripts/ScreenArt/Images/TransformedImages/cubes_3-A.jpeg
2026-03-23 16:54:32,409 - INFO - [pipeline.py:136] - "OilPaintingTransformer","dyn_ratio=8,size=3"
2026-03-23 16:54:32,438 - INFO - [pipeline.py:136] - "ThermalImagingTransformer","thermal=True"
2026-03-23 16:54:32,493 - INFO - [pipeline.py:136] - "KaleidoscopeTransformer","cx_off=-0.17,cy_off=-0.16,segments=8"
2026-03-23 16:54:32,502 - INFO - [pipeline.py:136] - "PosterizationTransformer","levels=4"
2026-03-23 16:54:32,535 - INFO - [pipeline.py:248] - [Grade: A] Saved to: /home/kenfasano/mac/Scripts/ScreenArt/Images/TransformedImages/cubes_4-A.jpeg
2026-03-23 16:54:32,629 - INFO - [pipeline.py:136] - "HalftoneTransformer","size=2"
2026-03-23 16:54:32,669 - INFO - [pipeline.py:136] - "DataMoshTransformer","intensity=0.01"
2026-03-23 16:54:32,714 - INFO - [pipeline.py:136] - "FluidWarpTransformer","alpha=2.32,sigma=4.73"
2026-03-23 16:54:32,748 - INFO - [pipeline.py:136] - "FractalWarpTransformer","iter=1,scale=0.05"
2026-03-23 16:54:32,773 - INFO - [pipeline.py:248] - [Grade: A] Saved to: /home/kenfasano/mac/Scripts/ScreenArt/Images/TransformedImages/cubes_5-A.jpeg
2026-03-23 16:54:32,846 - INFO - [pipeline.py:136] - "KaleidoscopeTransformer","cx_off=-0.04,cy_off=-0.13,segments=12"
2026-03-23 16:54:32,887 - INFO - [pipeline.py:136] - "DataMoshTransformer","intensity=0.01"
2026-03-23 16:54:32,931 - INFO - [pipeline.py:136] - "FisheyeTransformer","shape=circle,strength=0.64,zoom=0.91"
2026-03-23 16:54:32,966 - INFO - [pipeline.py:248] - [Grade: A] Saved to: /home/kenfasano/mac/Scripts/ScreenArt/Images/TransformedImages/cubes_6-A.jpeg
2026-03-23 16:54:32,998 - INFO - [pipeline.py:136] - "PosterizationTransformer","levels=4"
2026-03-23 16:54:33,045 - INFO - [pipeline.py:136] - "FisheyeTransformer","shape=oval,strength=0.66,zoom=0.87"
2026-03-23 16:54:33,120 - INFO - [pipeline.py:136] - "MeltMorphTransformer","intensity=0.50"
2026-03-23 16:54:33,143 - INFO - [pipeline.py:248] - [Grade: A] Saved to: /home/kenfasano/mac/Scripts/ScreenArt/Images/TransformedImages/cubes_1-A.jpeg
2026-03-23 16:54:33,169 - INFO - [pipeline.py:136] - "ChromaticAberrationTransformer","angle=274.60,edge_fade=1,shift=5.20"
2026-03-23 16:54:33,187 - INFO - [pipeline.py:248] - [Grade: A] Saved to: /home/kenfasano/mac/Scripts/ScreenArt/Images/TransformedImages/MoonRays_Byurakan1412px-A.jpg
2026-03-23 16:54:33,265 - INFO - [pipeline.py:136] - "PixelSortTransformer","direction=cols,high=0.90,low=0.24,sort_key=saturation"
2026-03-23 16:54:33,274 - INFO - [pipeline.py:136] - "GlitchWarpTransformer","intensity=0.01"
2026-03-23 16:54:33,288 - INFO - [pipeline.py:248] - [Grade: A] Saved to: /home/kenfasano/mac/Scripts/ScreenArt/Images/TransformedImages/MoonVenus_heden600-A.jpg
2026-03-23 16:54:33,300 - INFO - [pipeline.py:136] - "FractalWarpTransformer","iter=1,scale=0.05"
2026-03-23 16:54:33,308 - INFO - [pipeline.py:248] - [Grade: C] Saved to: /home/kenfasano/mac/Scripts/ScreenArt/Images/TransformedImages/sun2_trace-C.jpg
2026-03-23 16:54:33,330 - INFO - [pipeline.py:136] - "ThermalImagingTransformer","thermal=True"
2026-03-23 16:54:33,350 - INFO - [pipeline.py:248] - [Grade: C] Saved to: /home/kenfasano/mac/Scripts/ScreenArt/Images/TransformedImages/GalCenRadioArc_MeerKat_1080-C.jpg
2026-03-23 16:54:33,418 - INFO - [pipeline.py:136] - "PixelSortTransformer","direction=rows,high=0.64,low=0.13,sort_key=brightness"
2026-03-23 16:54:33,433 - INFO - [pipeline.py:136] - "FlipWilsonTransformer","keep=bottom,narrow=0.24"
2026-03-23 16:54:33,443 - INFO - [pipeline.py:136] - "FluidWarpTransformer","alpha=2.86,sigma=0.93"
2026-03-23 16:54:33,458 - INFO - [pipeline.py:248] - [Grade: C] Saved to: /home/kenfasano/mac/Scripts/ScreenArt/Images/TransformedImages/shuttleplume_sts134_900-C.jpg
2026-03-23 16:54:33,470 - INFO - [pipeline.py:136] - "WheelTransformer","blend=add,copies=4"
2026-03-23 16:54:33,477 - INFO - [pipeline.py:136] - "FractalWarpTransformer","iter=1,scale=0.05"
2026-03-23 16:54:33,486 - INFO - [pipeline.py:136] - "HalftoneTransformer","size=2"
2026-03-23 16:54:33,494 - INFO - [pipeline.py:248] - [Grade: A] Saved to: /home/kenfasano/mac/Scripts/ScreenArt/Images/TransformedImages/JupiterVesta052407_westlake720-A.jpg
2026-03-23 16:54:33,516 - INFO - [pipeline.py:136] - "FlipWilsonTransformer","keep=bottom,narrow=0.24"
2026-03-23 16:54:33,520 - INFO - [pipeline.py:136] - "OilPaintingTransformer","dyn_ratio=6,size=3"
2026-03-23 16:54:33,541 - INFO - [pipeline.py:248] - [Grade: B] Saved to: /home/kenfasano/mac/Scripts/ScreenArt/Images/TransformedImages/clusters_2_ritter900-B.jpg
2026-03-23 16:54:33,554 - INFO - [pipeline.py:136] - "ColormapTransformer","map=bone"
2026-03-23 16:54:33,579 - INFO - [pipeline.py:248] - [Grade: A] Saved to: /home/kenfasano/mac/Scripts/ScreenArt/Images/TransformedImages/Lobster_Mohr_1080-A.jpg
2026-03-23 16:54:33,609 - INFO - [pipeline.py:136] - "FisheyeTransformer","shape=circle,strength=0.33,zoom=1.00"
2026-03-23 16:54:33,625 - INFO - [pipeline.py:248] - [Grade: C] Saved to: /home/kenfasano/mac/Scripts/ScreenArt/Images/TransformedImages/Lericque-Simon-nlc06072016-3-ok_1467777140_1152c-C.jpg
2026-03-23 16:54:33,656 - INFO - [pipeline.py:136] - "FractalWarpTransformer","iter=1,scale=0.05"
2026-03-23 16:54:33,670 - INFO - [pipeline.py:136] - "FluidWarpTransformer","alpha=0.18,sigma=5.16"
2026-03-23 16:54:33,683 - INFO - [pipeline.py:136] - "SwirlWarpTransformer","strength=1.50"
2026-03-23 16:54:33,687 - INFO - [pipeline.py:136] - "RadialWarpTransformer","radius=0.25,strength=119.31790637645182,style=pull"
2026-03-23 16:54:33,709 - INFO - [pipeline.py:248] - [Grade: A] Saved to: /home/kenfasano/mac/Scripts/ScreenArt/Images/TransformedImages/AuroraMarbles-sTafreshi1045-A.jpg
2026-03-23 16:54:33,731 - INFO - [pipeline.py:136] - "FlipWilsonTransformer","keep=bottom,narrow=0.24"
2026-03-23 16:54:33,744 - INFO - [pipeline.py:248] - [Grade: B] Saved to: /home/kenfasano/mac/Scripts/ScreenArt/Images/TransformedImages/N00172886_92_beltramini900-B.jpg
2026-03-23 16:54:33,817 - INFO - [pipeline.py:136] - "FlipWilsonTransformer","keep=bottom,narrow=0.24"
2026-03-23 16:54:33,851 - INFO - [pipeline.py:136] - "GlitchWarpTransformer","intensity=0.01"
2026-03-23 16:54:33,874 - INFO - [pipeline.py:248] - [Grade: A] Saved to: /home/kenfasano/mac/Scripts/ScreenArt/Images/TransformedImages/nasa_earth_4_Sydney_Surface_Temp_Day-A.jpeg
2026-03-23 16:54:33,897 - INFO - [pipeline.py:136] - "RadialWarpTransformer","radius=0.25,strength=84.71602911422531,style=pull"
2026-03-23 16:54:33,979 - INFO - [pipeline.py:136] - "MeltMorphTransformer","intensity=0.50"
2026-03-23 16:54:34,026 - INFO - [pipeline.py:136] - "KaleidoscopeTransformer","cx_off=-0.06,cy_off=0.03,segments=8"
2026-03-23 16:54:34,042 - INFO - [pipeline.py:248] - [Grade: F] Saved to: /home/kenfasano/mac/Scripts/ScreenArt/Images/Rejected/nasa_earth_2_Kinshasa_Night_Lights-F.jpeg
2026-03-23 16:54:34,091 - INFO - [pipeline.py:136] - "RadialWarpTransformer","radius=0.25,strength=122.34155019805755,128.06096299728526,48.31098850357898,style=push,pull,pull"
2026-03-23 16:54:34,145 - INFO - [pipeline.py:136] - "KaleidoscopeTransformer","cx_off=0.07,cy_off=-0.17,segments=4"
2026-03-23 16:54:34,218 - INFO - [pipeline.py:136] - "MeltMorphTransformer","intensity=0.50"
2026-03-23 16:54:34,253 - INFO - [pipeline.py:136] - "FractalWarpTransformer","iter=1,scale=0.05"
2026-03-23 16:54:34,308 - INFO - [pipeline.py:248] - [Grade: A] Saved to: /home/kenfasano/mac/Scripts/ScreenArt/Images/TransformedImages/nasa_earth_3_Tokyo_Vegetation_False_Color-A.jpeg
2026-03-23 16:54:34,414 - INFO - [pipeline.py:136] - "HalftoneTransformer","size=2"
2026-03-23 16:54:34,446 - INFO - [pipeline.py:136] - "ThermalImagingTransformer","thermal=True"
2026-03-23 16:54:34,539 - INFO - [pipeline.py:248] - [Grade: A] Saved to: /home/kenfasano/mac/Scripts/ScreenArt/Images/TransformedImages/nasa_earth_1_Lagos_True_Color-A.jpeg
2026-03-23 16:54:34,666 - INFO - [pipeline.py:136] - "PixelSortTransformer","direction=rows,high=0.77,low=0.15,sort_key=green"
2026-03-23 16:54:34,700 - INFO - [pipeline.py:136] - "WheelTransformer","blend=add,copies=4"
2026-03-23 16:54:34,737 - INFO - [pipeline.py:136] - "KaleidoscopeTransformer","cx_off=0.03,cy_off=0.09,segments=6"
2026-03-23 16:54:34,769 - INFO - [pipeline.py:248] - [Grade: A] Saved to: /home/kenfasano/mac/Scripts/ScreenArt/Images/TransformedImages/noaa_goes_1_se_Dust-A.jpeg
2026-03-23 16:54:34,863 - INFO - [pipeline.py:136] - "FluidWarpTransformer","alpha=18.14,sigma=1.01"
2026-03-23 16:54:34,936 - INFO - [pipeline.py:136] - "FlipWilsonTransformer","keep=bottom,narrow=0.24"
2026-03-23 16:54:35,028 - INFO - [pipeline.py:248] - [Grade: A] Saved to: /home/kenfasano/mac/Scripts/ScreenArt/Images/TransformedImages/Rue_Dist-A.jpeg
2026-03-23 16:54:35,141 - INFO - [pipeline.py:136] - "ThermalImagingTransformer","thermal=True"
2026-03-23 16:54:35,280 - INFO - [pipeline.py:136] - "KaleidoscopeTransformer","cx_off=0.10,cy_off=-0.01,segments=8"
2026-03-23 16:54:35,390 - INFO - [pipeline.py:136] - "SwirlWarpTransformer","strength=1.50"
2026-03-23 16:54:35,520 - INFO - [pipeline.py:136] - "FisheyeTransformer","shape=oval,strength=0.35,zoom=1.14"
2026-03-23 16:54:35,591 - INFO - [pipeline.py:248] - [Grade: B] Saved to: /home/kenfasano/mac/Scripts/ScreenArt/Images/TransformedImages/The_Dublin_Prog-B.jpeg
2026-03-23 16:54:35,621 - INFO - [pipeline.py:136] - "PosterizationTransformer","levels=4"
2026-03-23 16:54:35,681 - INFO - [pipeline.py:136] - "HalftoneTransformer","size=2"
2026-03-23 16:54:35,716 - INFO - [pipeline.py:136] - "WheelTransformer","blend=add,copies=4"
2026-03-23 16:54:35,761 - INFO - [pipeline.py:248] - [Grade: A] Saved to: /home/kenfasano/mac/Scripts/ScreenArt/Images/TransformedImages/स_त__नद_-A.jpeg
2026-03-23 16:54:35,775 - INFO - [pipeline.py:136] - "GlitchWarpTransformer","intensity=0.01"
2026-03-23 16:54:35,807 - INFO - [pipeline.py:136] - "VoronoiTransformer","edge_blend=1,num_points=126"
2026-03-23 16:54:35,814 - INFO - [pipeline.py:136] - "FluidWarpTransformer","alpha=4.17,sigma=4.24"
2026-03-23 16:54:35,819 - INFO - [pipeline.py:136] - "ThermalImagingTransformer","thermal=True"
2026-03-23 16:54:35,834 - INFO - [pipeline.py:248] - [Grade: B] Saved to: /home/kenfasano/mac/Scripts/ScreenArt/Images/TransformedImages/Sir_James_Paget-B.jpeg
2026-03-23 16:54:35,980 - INFO - [pipeline.py:136] - "MeltMorphTransformer","intensity=0.50"
2026-03-23 16:54:36,083 - INFO - [pipeline.py:248] - [Grade: A] Saved to: /home/kenfasano/mac/Scripts/ScreenArt/Images/TransformedImages/Notopleu-A.jpeg
2026-03-23 16:54:36,284 - INFO - [pipeline.py:136] - "FlipWilsonTransformer","keep=bottom,narrow=0.24"
2026-03-23 16:54:36,596 - INFO - [pipeline.py:136] - "MeltMorphTransformer","intensity=0.50"
2026-03-23 16:54:36,786 - INFO - [pipeline.py:248] - [Grade: A] Saved to: /home/kenfasano/mac/Scripts/ScreenArt/Images/TransformedImages/AdminCon-A.jpeg
2026-03-23 16:54:37,046 - INFO - [pipeline.py:136] - "WatercolorTransformer","scale=0.85,style=psychedelic"
2026-03-23 16:54:37,139 - INFO - [pipeline.py:136] - "PixelSortTransformer","direction=rows,high=0.62,low=0.06,sort_key=brightness"
2026-03-23 16:54:37,169 - INFO - [pipeline.py:248] - [Grade: C] Saved to: /home/kenfasano/mac/Scripts/ScreenArt/Images/TransformedImages/lojong_2-C-columns.jpeg
2026-03-23 16:54:37,216 - INFO - [pipeline.py:136] - "GlitchWarpTransformer","intensity=0.01"
2026-03-23 16:54:37,589 - INFO - [pipeline.py:136] - "VoronoiTransformer","edge_blend=1,num_points=298"
2026-03-23 16:54:37,799 - INFO - [pipeline.py:136] - "PixelSortTransformer","direction=cols,high=0.80,low=0.22,sort_key=brightness"
2026-03-23 16:54:37,857 - INFO - [pipeline.py:136] - "DataMoshTransformer","intensity=0.02"
2026-03-23 16:54:37,907 - INFO - [pipeline.py:248] - [Grade: A] Saved to: /home/kenfasano/mac/Scripts/ScreenArt/Images/TransformedImages/lojong_3-A-columns.jpeg
2026-03-23 16:54:37,979 - INFO - [pipeline.py:136] - "SwirlWarpTransformer","strength=1.50"
2026-03-23 16:54:38,020 - INFO - [pipeline.py:136] - "WheelTransformer","blend=add,copies=4"
2026-03-23 16:54:38,050 - INFO - [pipeline.py:136] - "ThermalImagingTransformer","thermal=True"
2026-03-23 16:54:38,078 - INFO - [pipeline.py:248] - [Grade: A] Saved to: /home/kenfasano/mac/Scripts/ScreenArt/Images/TransformedImages/lojong_8-A-columns.jpeg
2026-03-23 16:54:38,115 - INFO - [pipeline.py:136] - "RadialWarpTransformer","radius=0.25,strength=75.75126023950324,128.0511306737433,style=pull,push"
2026-03-23 16:54:38,789 - INFO - [pipeline.py:136] - "PixelSortTransformer","direction=cols,high=0.73,low=0.20,sort_key=saturation"
2026-03-23 16:54:38,873 - INFO - [pipeline.py:136] - "HalftoneTransformer","size=2"
2026-03-23 16:54:38,928 - INFO - [pipeline.py:136] - "FlipWilsonTransformer","keep=bottom,narrow=0.24"
2026-03-23 16:54:38,977 - INFO - [pipeline.py:248] - [Grade: C] Saved to: /home/kenfasano/mac/Scripts/ScreenArt/Images/TransformedImages/lojong_4-C-tile.jpeg
2026-03-23 16:54:39,076 - INFO - [pipeline.py:136] - "MeltMorphTransformer","intensity=0.50"
2026-03-23 16:54:39,136 - INFO - [pipeline.py:248] - [Grade: A] Saved to: /home/kenfasano/mac/Scripts/ScreenArt/Images/TransformedImages/lojong_5-A-scatter.jpeg
2026-03-23 16:54:39,214 - INFO - [pipeline.py:136] - "FlipWilsonTransformer","keep=bottom,narrow=0.24"
2026-03-23 16:54:39,261 - INFO - [pipeline.py:136] - "WheelTransformer","blend=add,copies=4"
2026-03-23 16:54:39,502 - INFO - [pipeline.py:136] - "PixelSortTransformer","direction=cols,high=0.68,low=0.23,sort_key=green"
2026-03-23 16:54:39,562 - INFO - [pipeline.py:248] - [Grade: A] Saved to: /home/kenfasano/mac/Scripts/ScreenArt/Images/TransformedImages/lojong_9-A-scatter.jpeg
2026-03-23 16:54:39,623 - INFO - [pipeline.py:136] - "WheelTransformer","blend=add,copies=4"
2026-03-23 16:54:39,664 - INFO - [pipeline.py:136] - "FractalWarpTransformer","iter=1,scale=0.05"
2026-03-23 16:54:39,674 - INFO - [pipeline.py:136] - "ColormapTransformer","map=spring"
2026-03-23 16:54:39,732 - INFO - [pipeline.py:136] - "FlipWilsonTransformer","keep=bottom,narrow=0.24"
2026-03-23 16:54:39,798 - INFO - [pipeline.py:248] - [Grade: A] Saved to: /home/kenfasano/mac/Scripts/ScreenArt/Images/TransformedImages/lojong_6-A-hero.jpeg
2026-03-23 16:54:39,859 - INFO - [pipeline.py:136] - "FluidWarpTransformer","alpha=9.93,sigma=3.25"
2026-03-23 16:54:40,077 - INFO - [pipeline.py:136] - "VoronoiTransformer","edge_blend=1,num_points=164"
2026-03-23 16:54:40,099 - INFO - [pipeline.py:136] - "RadialWarpTransformer","radius=0.25,strength=56.13428186330971,80.02695646498191,style=pull,pull"
2026-03-23 16:54:40,135 - INFO - [pipeline.py:248] - [Grade: A] Saved to: /home/kenfasano/mac/Scripts/ScreenArt/Images/TransformedImages/lojong_7-A-hero.jpeg
2026-03-23 16:54:40,361 - INFO - [pipeline.py:136] - "PixelSortTransformer","direction=cols,high=0.90,low=0.31,sort_key=brightness"
2026-03-23 16:54:40,385 - INFO - [pipeline.py:136] - "RadialWarpTransformer","radius=0.25,strength=131.35714806078175,109.03591814090255,style=push,push"
2026-03-23 16:54:40,415 - INFO - [pipeline.py:136] - "GlitchWarpTransformer","intensity=0.01"
2026-03-23 16:54:40,459 - INFO - [pipeline.py:248] - [Grade: C] Saved to: /home/kenfasano/mac/Scripts/ScreenArt/Images/TransformedImages/lojong_0-C-tile.jpeg
2026-03-23 16:54:40,491 - INFO - [pipeline.py:136] - "PosterizationTransformer","levels=4"
2026-03-23 16:54:40,566 - INFO - [pipeline.py:248] - [Grade: A] Saved to: /home/kenfasano/mac/Scripts/ScreenArt/Images/TransformedImages/lojong_1-A-tile.jpeg
2026-03-23 16:54:40,621 - INFO - [pipeline.py:136] - "OilPaintingTransformer","dyn_ratio=2,size=4"
2026-03-23 16:54:40,652 - INFO - [pipeline.py:136] - "ThermalImagingTransformer","thermal=True"
2026-03-23 16:54:40,705 - INFO - [pipeline.py:248] - [Grade: A] Saved to: /home/kenfasano/mac/Scripts/ScreenArt/Images/TransformedImages/psalms_130-A-scatter.jpeg
2026-03-23 16:54:41,032 - INFO - [pipeline.py:136] - "VoronoiTransformer","edge_blend=1,num_points=250"
2026-03-23 16:54:41,060 - INFO - [pipeline.py:136] - "ChromaticAberrationTransformer","angle=58.50,edge_fade=1,shift=17.40"
2026-03-23 16:54:41,068 - INFO - [pipeline.py:136] - "PosterizationTransformer","levels=4"
2026-03-23 16:54:41,126 - INFO - [pipeline.py:248] - [Grade: A] Saved to: /home/kenfasano/mac/Scripts/ScreenArt/Images/TransformedImages/psalms_61-A-tile.jpeg
2026-03-23 16:54:41,380 - INFO - [pipeline.py:136] - "VoronoiTransformer","edge_blend=1,num_points=176"
2026-03-23 16:54:41,422 - INFO - [pipeline.py:248] - [Grade: A] Saved to: /home/kenfasano/mac/Scripts/ScreenArt/Images/TransformedImages/psalms_10-A-scatter.jpeg
2026-03-23 16:54:41,449 - INFO - [pipeline.py:136] - "ColormapTransformer","map=jet"
2026-03-23 16:54:42,051 - INFO - [pipeline.py:136] - "PixelSortTransformer","direction=cols,high=0.85,low=0.16,sort_key=green"
2026-03-23 16:54:42,294 - INFO - [pipeline.py:136] - "WatercolorTransformer","scale=0.85,style=monet"
2026-03-23 16:54:42,374 - INFO - [pipeline.py:248] - [Grade: A] Saved to: /home/kenfasano/mac/Scripts/ScreenArt/Images/TransformedImages/psalms_26-A-tile.jpeg
2026-03-23 16:54:42,476 - INFO - [pipeline.py:136] - "HalftoneTransformer","size=2"
2026-03-23 16:54:42,549 - INFO - [pipeline.py:136] - "PixelSortTransformer","direction=rows,high=0.92,low=0.05,sort_key=brightness"
2026-03-23 16:54:42,574 - INFO - [pipeline.py:248] - [Grade: F] Saved to: /home/kenfasano/mac/Scripts/ScreenArt/Images/Rejected/psalms_48-F-tile.jpeg
2026-03-23 16:54:42,638 - INFO - [pipeline.py:136] - "WheelTransformer","blend=add,copies=4"
2026-03-23 16:54:42,691 - INFO - [pipeline.py:248] - [Grade: A] Saved to: /home/kenfasano/mac/Scripts/ScreenArt/Images/TransformedImages/psalms_142-A-tile.jpeg
2026-03-23 16:54:42,761 - INFO - [pipeline.py:136] - "SwirlWarpTransformer","strength=1.50"
2026-03-23 16:54:42,778 - INFO - [pipeline.py:136] - "RadialWarpTransformer","radius=0.25,strength=40.03362714561209,70.31199800402257,style=push,pull"
2026-03-23 16:54:43,094 - INFO - [pipeline.py:136] - "PixelSortTransformer","direction=rows,high=0.88,low=0.05,sort_key=saturation"
2026-03-23 16:54:43,144 - INFO - [pipeline.py:248] - [Grade: C] Saved to: /home/kenfasano/mac/Scripts/ScreenArt/Images/TransformedImages/psalms_114-C-tile.jpeg
2026-03-23 16:54:43,190 - INFO - [pipeline.py:136] - "ChromaticAberrationTransformer","angle=294.80,edge_fade=1,shift=5.00"
2026-03-23 16:54:43,268 - INFO - [pipeline.py:136] - "OilPaintingTransformer","dyn_ratio=3,size=8"
2026-03-23 16:54:43,679 - INFO - [pipeline.py:136] - "VoronoiTransformer","edge_blend=1,num_points=326"
2026-03-23 16:54:43,724 - INFO - [pipeline.py:136] - "WheelTransformer","blend=add,copies=4"
2026-03-23 16:54:43,778 - INFO - [pipeline.py:248] - [Grade: A] Saved to: /home/kenfasano/mac/Scripts/ScreenArt/Images/TransformedImages/psalms_129-A-scatter.jpeg
2026-03-23 16:54:43,829 - INFO - [pipeline.py:136] - "ChromaticAberrationTransformer","angle=259.20,edge_fade=1,shift=16.00"
2026-03-23 16:54:43,872 - INFO - [pipeline.py:136] - "FisheyeTransformer","shape=oval,strength=0.22,zoom=1.10"
2026-03-23 16:54:43,885 - INFO - [pipeline.py:136] - "ColormapTransformer","map=hsv"
2026-03-23 16:54:43,919 - INFO - [pipeline.py:136] - "GlitchWarpTransformer","intensity=0.01"
2026-03-23 16:54:43,998 - INFO - [pipeline.py:248] - [Grade: A] Saved to: /home/kenfasano/mac/Scripts/ScreenArt/Images/TransformedImages/psalms_19-A-columns.jpeg
2026-03-23 16:54:44,024 - INFO - [pipeline.py:136] - "ThermalImagingTransformer","thermal=True"
2026-03-23 16:54:44,032 - INFO - [pipeline.py:136] - "RadialWarpTransformer","radius=0.25,strength=95.498808917058,48.28080836205322,style=pull,push"
2026-03-23 16:54:44,044 - INFO - [pipeline.py:136] - "FractalWarpTransformer","iter=1,scale=0.05"
2026-03-23 16:54:44,046 - INFO - [pipeline.py:136] - "PosterizationTransformer","levels=4"
2026-03-23 16:54:44,064 - INFO - [pipeline.py:248] - [Grade: A] Saved to: /home/kenfasano/mac/Scripts/ScreenArt/Images/TransformedImages/peripheral_drift_18-A.jpeg
2026-03-23 16:54:44,073 - INFO - [pipeline.py:136] - "ColormapTransformer","map=autumn"
2026-03-23 16:54:44,088 - INFO - [pipeline.py:136] - "KaleidoscopeTransformer","cx_off=-0.03,cy_off=-0.05,segments=8"
2026-03-23 16:54:44,102 - INFO - [pipeline.py:248] - [Grade: A] Saved to: /home/kenfasano/mac/Scripts/ScreenArt/Images/TransformedImages/peripheral_drift_2-A.jpeg
2026-03-23 16:54:44,120 - INFO - [pipeline.py:136] - "ThermalImagingTransformer","thermal=True"
2026-03-23 16:54:44,136 - INFO - [pipeline.py:136] - "KaleidoscopeTransformer","cx_off=0.15,cy_off=-0.07,segments=12"
2026-03-23 16:54:44,155 - INFO - [pipeline.py:136] - "OilPaintingTransformer","dyn_ratio=5,size=7"
2026-03-23 16:54:44,164 - INFO - [pipeline.py:136] - "GlitchWarpTransformer","intensity=0.01"
2026-03-23 16:54:44,185 - INFO - [pipeline.py:248] - [Grade: B] Saved to: /home/kenfasano/mac/Scripts/ScreenArt/Images/TransformedImages/peripheral_drift_14-B.jpeg
2026-03-23 16:54:44,201 - INFO - [pipeline.py:136] - "FluidWarpTransformer","alpha=5.50,sigma=1.02"
2026-03-23 16:54:44,212 - INFO - [pipeline.py:136] - "FractalWarpTransformer","iter=1,scale=0.05"
2026-03-23 16:54:44,225 - INFO - [pipeline.py:136] - "DataMoshTransformer","intensity=0.02"
2026-03-23 16:54:44,242 - INFO - [pipeline.py:248] - [Grade: A] Saved to: /home/kenfasano/mac/Scripts/ScreenArt/Images/TransformedImages/peripheral_drift_15-A.jpeg
2026-03-23 16:54:44,260 - INFO - [pipeline.py:136] - "FractalWarpTransformer","iter=1,scale=0.05"
2026-03-23 16:54:44,274 - INFO - [pipeline.py:136] - "SwirlWarpTransformer","strength=1.50"
2026-03-23 16:54:44,285 - INFO - [pipeline.py:248] - [Grade: A] Saved to: /home/kenfasano/mac/Scripts/ScreenArt/Images/TransformedImages/peripheral_drift_3-A.jpeg
2026-03-23 16:54:44,298 - INFO - [pipeline.py:136] - "PosterizationTransformer","levels=4"
2026-03-23 16:54:44,305 - INFO - [pipeline.py:136] - "ChromaticAberrationTransformer","angle=279.60,edge_fade=1,shift=16.50"
2026-03-23 16:54:44,317 - INFO - [pipeline.py:136] - "DataMoshTransformer","intensity=0.01"
2026-03-23 16:54:44,344 - INFO - [pipeline.py:248] - [Grade: A] Saved to: /home/kenfasano/mac/Scripts/ScreenArt/Images/TransformedImages/peripheral_drift_19-A.jpeg
2026-03-23 16:54:44,363 - INFO - [pipeline.py:136] - "FluidWarpTransformer","alpha=14.30,sigma=3.11"
2026-03-23 16:54:44,404 - INFO - [pipeline.py:136] - "PixelSortTransformer","direction=cols,high=0.59,low=0.31,sort_key=saturation"
2026-03-23 16:54:44,426 - INFO - [pipeline.py:136] - "MeltMorphTransformer","intensity=0.50"
2026-03-23 16:54:44,493 - INFO - [pipeline.py:136] - "WatercolorTransformer","scale=0.85,style=monet"
2026-03-23 16:54:44,508 - INFO - [pipeline.py:248] - [Grade: A] Saved to: /home/kenfasano/mac/Scripts/ScreenArt/Images/TransformedImages/peripheral_drift_12-A.jpeg
2026-03-23 16:54:44,525 - INFO - [pipeline.py:136] - "ThermalImagingTransformer","thermal=True"
2026-03-23 16:54:44,569 - INFO - [pipeline.py:136] - "VoronoiTransformer","edge_blend=1,num_points=85"
2026-03-23 16:54:44,591 - INFO - [pipeline.py:136] - "MeltMorphTransformer","intensity=0.50"
2026-03-23 16:54:44,604 - INFO - [pipeline.py:136] - "WheelTransformer","blend=add,copies=4"
2026-03-23 16:54:44,624 - INFO - [pipeline.py:248] - [Grade: A] Saved to: /home/kenfasano/mac/Scripts/ScreenArt/Images/TransformedImages/peripheral_drift_8-A.jpeg
2026-03-23 16:54:44,736 - INFO - [pipeline.py:136] - "VoronoiTransformer","edge_blend=1,num_points=251"
2026-03-23 16:54:44,756 - INFO - [pipeline.py:248] - [Grade: A] Saved to: /home/kenfasano/mac/Scripts/ScreenArt/Images/TransformedImages/peripheral_drift_4-A.jpeg
2026-03-23 16:54:44,775 - INFO - [pipeline.py:136] - "SwirlWarpTransformer","strength=1.50"
2026-03-23 16:54:44,784 - INFO - [pipeline.py:136] - "GlitchWarpTransformer","intensity=0.01"
2026-03-23 16:54:44,801 - INFO - [pipeline.py:136] - "FlipWilsonTransformer","keep=bottom,narrow=0.24"
2026-03-23 16:54:44,816 - INFO - [pipeline.py:136] - "KaleidoscopeTransformer","cx_off=0.11,cy_off=0.02,segments=6"
2026-03-23 16:54:44,833 - INFO - [pipeline.py:248] - [Grade: A] Saved to: /home/kenfasano/mac/Scripts/ScreenArt/Images/TransformedImages/peripheral_drift_5-A.jpeg
2026-03-23 16:54:44,852 - INFO - [pipeline.py:136] - "SwirlWarpTransformer","strength=1.50"
2026-03-23 16:54:44,865 - INFO - [pipeline.py:136] - "DataMoshTransformer","intensity=0.02"
2026-03-23 16:54:44,881 - INFO - [pipeline.py:248] - [Grade: A] Saved to: /home/kenfasano/mac/Scripts/ScreenArt/Images/TransformedImages/peripheral_drift_9-A.jpeg
2026-03-23 16:54:44,977 - INFO - [pipeline.py:136] - "PixelSortTransformer","direction=rows,high=0.84,low=0.23,sort_key=blue"
2026-03-23 16:54:44,986 - INFO - [pipeline.py:136] - "GlitchWarpTransformer","intensity=0.01"
2026-03-23 16:54:45,014 - INFO - [pipeline.py:248] - [Grade: A] Saved to: /home/kenfasano/mac/Scripts/ScreenArt/Images/TransformedImages/peripheral_drift_13-A.jpeg
2026-03-23 16:54:45,034 - INFO - [pipeline.py:136] - "FluidWarpTransformer","alpha=14.75,sigma=4.19"
2026-03-23 16:54:45,050 - INFO - [pipeline.py:136] - "FlipWilsonTransformer","keep=bottom,narrow=0.24"
2026-03-23 16:54:45,068 - INFO - [pipeline.py:136] - "HalftoneTransformer","size=2"
2026-03-23 16:54:45,079 - INFO - [pipeline.py:248] - [Grade: A] Saved to: /home/kenfasano/mac/Scripts/ScreenArt/Images/TransformedImages/peripheral_drift_10-A.jpeg
2026-03-23 16:54:45,100 - INFO - [pipeline.py:136] - "KaleidoscopeTransformer","cx_off=-0.15,cy_off=0.07,segments=4"
2026-03-23 16:54:45,109 - INFO - [pipeline.py:136] - "RadialWarpTransformer","radius=0.25,strength=77.3277198134343,94.28349535992436,77.1909392508469,style=push,push,pull"
2026-03-23 16:54:45,121 - INFO - [pipeline.py:136] - "FluidWarpTransformer","alpha=1.07,sigma=3.73"
2026-03-23 16:54:45,132 - INFO - [pipeline.py:136] - "FisheyeTransformer","shape=oval,strength=0.63,zoom=0.86"
2026-03-23 16:54:45,151 - INFO - [pipeline.py:248] - [Grade: A] Saved to: /home/kenfasano/mac/Scripts/ScreenArt/Images/TransformedImages/peripheral_drift_6-A.jpeg
2026-03-23 16:54:45,180 - INFO - [pipeline.py:136] - "FluidWarpTransformer","alpha=0.96,sigma=7.94"
2026-03-23 16:54:45,185 - INFO - [pipeline.py:136] - "RadialWarpTransformer","radius=0.25,strength=113.52043746278909,style=push"
2026-03-23 16:54:45,202 - INFO - [pipeline.py:248] - [Grade: A] Saved to: /home/kenfasano/mac/Scripts/ScreenArt/Images/TransformedImages/peripheral_drift_7-A.jpeg
2026-03-23 16:54:45,224 - INFO - [pipeline.py:136] - "KaleidoscopeTransformer","cx_off=-0.13,cy_off=-0.18,segments=4"
2026-03-23 16:54:45,234 - INFO - [pipeline.py:136] - "GlitchWarpTransformer","intensity=0.01"
2026-03-23 16:54:45,251 - INFO - [pipeline.py:248] - [Grade: A] Saved to: /home/kenfasano/mac/Scripts/ScreenArt/Images/TransformedImages/peripheral_drift_11-A.jpeg
2026-03-23 16:54:45,272 - INFO - [pipeline.py:136] - "DataMoshTransformer","intensity=0.02"
2026-03-23 16:54:45,280 - INFO - [pipeline.py:136] - "ChromaticAberrationTransformer","angle=339.30,edge_fade=1,shift=8.30"
2026-03-23 16:54:45,293 - INFO - [pipeline.py:136] - "OilPaintingTransformer","dyn_ratio=1,size=5"
2026-03-23 16:54:45,310 - INFO - [pipeline.py:248] - [Grade: A] Saved to: /home/kenfasano/mac/Scripts/ScreenArt/Images/TransformedImages/peripheral_drift_20-A.jpeg
2026-03-23 16:54:45,327 - INFO - [pipeline.py:136] - "RadialWarpTransformer","radius=0.25,strength=134.22836238177717,69.13127040364503,95.0214224397852,style=push,pull,push"
2026-03-23 16:54:45,338 - INFO - [pipeline.py:136] - "FractalWarpTransformer","iter=1,scale=0.05"
2026-03-23 16:54:45,350 - INFO - [pipeline.py:136] - "SwirlWarpTransformer","strength=1.50"
2026-03-23 16:54:45,360 - INFO - [pipeline.py:136] - "GlitchWarpTransformer","intensity=0.01"
2026-03-23 16:54:45,377 - INFO - [pipeline.py:248] - [Grade: A] Saved to: /home/kenfasano/mac/Scripts/ScreenArt/Images/TransformedImages/peripheral_drift_16-A.jpeg
2026-03-23 16:54:45,388 - INFO - [pipeline.py:136] - "RadialWarpTransformer","radius=0.25,strength=83.0317584253984,style=pull"
2026-03-23 16:54:45,406 - INFO - [pipeline.py:136] - "HalftoneTransformer","size=2"
2026-03-23 16:54:45,413 - INFO - [pipeline.py:136] - "ChromaticAberrationTransformer","angle=263.80,edge_fade=1,shift=13.30"
2026-03-23 16:54:45,543 - INFO - [pipeline.py:136] - "VoronoiTransformer","edge_blend=1,num_points=333"
2026-03-23 16:54:45,554 - INFO - [pipeline.py:248] - [Grade: A] Saved to: /home/kenfasano/mac/Scripts/ScreenArt/Images/TransformedImages/peripheral_drift_17-A.jpeg
2026-03-23 16:54:45,571 - INFO - [pipeline.py:136] - "ThermalImagingTransformer","thermal=True"
2026-03-23 16:54:45,638 - INFO - [pipeline.py:136] - "WatercolorTransformer","scale=0.85,style=psychedelic"
2026-03-23 16:54:45,677 - INFO - [pipeline.py:136] - "PixelSortTransformer","direction=cols,high=0.86,low=0.08,sort_key=blue"
2026-03-23 16:54:45,696 - INFO - [pipeline.py:248] - [Grade: A] Saved to: /home/kenfasano/mac/Scripts/ScreenArt/Images/TransformedImages/peripheral_drift_1-A.jpeg
2026-03-23 16:54:45,696 - INFO - [main.py:186] - VoronoiTransformer
2026-03-23 16:54:45,697 - INFO - [main.py:186] - PixelSortTransformer
2026-03-23 16:54:45,697 - INFO - [main.py:186] - WatercolorTransformer
2026-03-23 16:54:45,697 - INFO - [main.py:186] - MeltMorphTransformer
2026-03-23 16:54:45,698 - INFO - [main.py:186] - HalftoneTransformer
2026-03-23 16:54:45,698 - INFO - [main.py:186] - FlipWilsonTransformer
2026-03-23 16:54:45,698 - INFO - [main.py:186] - FisheyeTransformer
2026-03-23 16:54:45,698 - INFO - [main.py:186] - KaleidoscopeTransformer
2026-03-23 16:54:45,699 - INFO - [main.py:186] - WheelTransformer
2026-03-23 16:54:45,699 - INFO - [main.py:186] - SwirlWarpTransformer
2026-03-23 16:54:45,699 - INFO - [main.py:186] - DataMoshTransformer
2026-03-23 16:54:45,699 - INFO - [main.py:186] - OilPaintingTransformer
2026-03-23 16:54:45,699 - INFO - [main.py:186] - ThermalImagingTransformer
2026-03-23 16:54:45,700 - INFO - [main.py:186] - FractalWarpTransformer
2026-03-23 16:54:45,700 - INFO - [main.py:186] - FluidWarpTransformer
2026-03-23 16:54:45,700 - INFO - [main.py:186] - ChromaticAberrationTransformer
2026-03-23 16:54:45,700 - INFO - [main.py:186] - GlitchWarpTransformer
2026-03-23 16:54:45,701 - INFO - [main.py:186] - RadialWarpTransformer
2026-03-23 16:54:45,701 - INFO - [main.py:186] - PosterizationTransformer
2026-03-23 16:54:45,701 - INFO - [main.py:186] - ColormapTransformer
2026-03-23 16:54:45,704 - INFO - [main.py:229] - 38s@16:54 ✓
Accepted: 73
Rejected: 4
---
Bible                      ->  7188ms
Lojong                     ->  5821ms
Wiki                       ->  4459ms
NasaMapGenerator           ->  1773ms
GoesGenerator              ->  1065ms
Nasa                       ->   999ms
Bubbles                    ->   794ms
PeripheralDriftIllusion    ->   435ms
Cubes                      ->   236ms
---
VoronoiTransformer               -> Min:    31ms | Avg:   207ms | Max:   412ms
PixelSortTransformer             -> Min:    38ms | Avg:   198ms | Max:   673ms
WatercolorTransformer            -> Min:    66ms | Avg:   173ms | Max:   250ms
MeltMorphTransformer             -> Min:    21ms | Avg:    93ms | Max:   312ms
HalftoneTransformer              -> Min:     9ms | Avg:    59ms | Max:    85ms
FlipWilsonTransformer            -> Min:    13ms | Avg:    51ms | Max:   172ms
FisheyeTransformer               -> Min:    11ms | Avg:    48ms | Max:   129ms
KaleidoscopeTransformer          -> Min:    14ms | Avg:    42ms | Max:   138ms
WheelTransformer                 -> Min:     6ms | Avg:    38ms | Max:    52ms
SwirlWarpTransformer             -> Min:    12ms | Avg:    37ms | Max:   110ms
DataMoshTransformer              -> Min:    12ms | Avg:    34ms | Max:    60ms
OilPaintingTransformer           -> Min:     4ms | Avg:    31ms | Max:    78ms
ThermalImagingTransformer        -> Min:     4ms | Avg:    26ms | Max:    85ms
FractalWarpTransformer           -> Min:     5ms | Avg:    24ms | Max:    81ms
FluidWarpTransformer             -> Min:     7ms | Avg:    22ms | Max:    59ms
ChromaticAberrationTransformer   -> Min:     6ms | Avg:    17ms | Max:    33ms
GlitchWarpTransformer            -> Min:     5ms | Avg:    17ms | Max:    34ms
RadialWarpTransformer            -> Min:     4ms | Avg:    14ms | Max:    26ms
PosterizationTransformer         -> Min:     2ms | Avg:    11ms | Max:    21ms
ColormapTransformer              -> Min:     2ms | Avg:     7ms | Max:    13ms
