2026-03-08 19:52:44,278 - INFO - [pipeline.py:44] - DataMoshTransformer
2026-03-08 19:52:44,317 - INFO - [pipeline.py:44] - TritoneTransformer
2026-03-08 19:52:44,347 - INFO - [pipeline.py:44] - WheelTransformer
2026-03-08 19:52:44,562 - INFO - [pipeline.py:117] - [Grade: F] Saved to: /Users/kenfasano/Scripts/ScreenArt/Images/Rejected/bubbles_4-F.jpeg
2026-03-08 19:52:44,569 - INFO - [pipeline.py:44] - ThreeDExtrusionTransformer
2026-03-08 19:52:44,606 - INFO - [pipeline.py:44] - GlitchWarpTransformer
2026-03-08 19:52:44,633 - INFO - [pipeline.py:44] - WheelTransformer
2026-03-08 19:52:44,823 - INFO - [pipeline.py:44] - ThermalImagingTransformer
2026-03-08 19:52:44,867 - INFO - [pipeline.py:117] - [Grade: F] Saved to: /Users/kenfasano/Scripts/ScreenArt/Images/Rejected/bubbles_8-F.jpeg
2026-03-08 19:52:44,875 - INFO - [pipeline.py:44] - PosterizationTransformer
2026-03-08 19:52:44,883 - INFO - [pipeline.py:44] - GlitchWarpTransformer
2026-03-08 19:52:44,926 - INFO - [pipeline.py:117] - [Grade: F] Saved to: /Users/kenfasano/Scripts/ScreenArt/Images/Rejected/bubbles_9-F.jpeg
2026-03-08 19:52:44,934 - INFO - [pipeline.py:44] - ThermalImagingTransformer
2026-03-08 19:52:44,961 - INFO - [pipeline.py:44] - InvertRGBTransformer
2026-03-08 19:52:44,962 - INFO - [pipeline.py:44] - FluidWarpTransformer
2026-03-08 19:52:45,028 - INFO - [pipeline.py:44] - TritoneTransformer
2026-03-08 19:52:45,072 - INFO - [pipeline.py:117] - [Grade: F] Saved to: /Users/kenfasano/Scripts/ScreenArt/Images/Rejected/bubbles_5-F.jpeg
2026-03-08 19:52:45,081 - INFO - [pipeline.py:44] - FisheyeTransformer
2026-03-08 19:52:45,111 - INFO - [pipeline.py:44] - XrayTransformer
2026-03-08 19:52:45,262 - INFO - [pipeline.py:117] - [Grade: F] Saved to: /Users/kenfasano/Scripts/ScreenArt/Images/Rejected/bubbles_2-F.jpeg
2026-03-08 19:52:45,270 - INFO - [pipeline.py:44] - HalftoneTransformer
2026-03-08 19:52:45,304 - INFO - [pipeline.py:44] - WheelTransformer
2026-03-08 19:52:45,493 - INFO - [pipeline.py:44] - FractalWarpTransformer
2026-03-08 19:52:45,529 - INFO - [pipeline.py:44] - SwirlWarpTransformer
2026-03-08 19:52:45,586 - INFO - [pipeline.py:117] - [Grade: F] Saved to: /Users/kenfasano/Scripts/ScreenArt/Images/Rejected/bubbles_3-F.jpeg
2026-03-08 19:52:45,594 - INFO - [pipeline.py:44] - FisheyeTransformer
2026-03-08 19:52:45,618 - INFO - [pipeline.py:44] - ThermalImagingTransformer
2026-03-08 19:52:45,644 - INFO - [pipeline.py:44] - MeltMorphTransformer
2026-03-08 19:52:45,697 - INFO - [pipeline.py:44] - FluidWarpTransformer
2026-03-08 19:52:45,742 - INFO - [pipeline.py:117] - [Grade: F] Saved to: /Users/kenfasano/Scripts/ScreenArt/Images/Rejected/bubbles_10-F.jpeg
2026-03-08 19:52:45,750 - INFO - [pipeline.py:44] - ThreeDExtrusionTransformer
2026-03-08 19:52:45,781 - INFO - [pipeline.py:44] - InvertRGBTransformer
2026-03-08 19:52:45,797 - INFO - [pipeline.py:117] - [Grade: F] Saved to: /Users/kenfasano/Scripts/ScreenArt/Images/Rejected/bubbles_1-F.jpeg
2026-03-08 19:52:45,805 - INFO - [pipeline.py:44] - WheelTransformer
2026-03-08 19:52:45,992 - INFO - [pipeline.py:44] - ColormapTransformer
2026-03-08 19:52:46,003 - INFO - [pipeline.py:44] - HalftoneTransformer
2026-03-08 19:52:46,033 - INFO - [pipeline.py:44] - GlitchWarpTransformer
2026-03-08 19:52:46,075 - INFO - [pipeline.py:117] - [Grade: F] Saved to: /Users/kenfasano/Scripts/ScreenArt/Images/Rejected/bubbles_6-F.jpeg
2026-03-08 19:52:46,083 - INFO - [pipeline.py:44] - WheelTransformer
2026-03-08 19:52:46,271 - INFO - [pipeline.py:44] - TritoneTransformer
2026-03-08 19:52:46,300 - INFO - [pipeline.py:44] - FractalWarpTransformer
2026-03-08 19:52:46,335 - INFO - [pipeline.py:44] - DataMoshTransformer
2026-03-08 19:52:46,386 - INFO - [pipeline.py:117] - [Grade: C] Saved to: /Users/kenfasano/Scripts/ScreenArt/Images/TransformedImages/bubbles_7-C.jpeg
2026-03-08 19:52:46,394 - INFO - [pipeline.py:44] - RadialWarpTransformer
2026-03-08 19:52:46,408 - INFO - [pipeline.py:44] - FluidWarpTransformer
2026-03-08 19:52:46,477 - INFO - [pipeline.py:44] - PosterizationTransformer
2026-03-08 19:52:46,497 - INFO - [pipeline.py:117] - [Grade: F] Saved to: /Users/kenfasano/Scripts/ScreenArt/Images/Rejected/cubes_2-F.jpeg
2026-03-08 19:52:46,504 - INFO - [pipeline.py:44] - WheelTransformer
2026-03-08 19:52:46,691 - INFO - [pipeline.py:44] - ThreeDExtrusionTransformer
2026-03-08 19:52:46,721 - INFO - [pipeline.py:44] - XrayTransformer
2026-03-08 19:52:46,792 - INFO - [pipeline.py:117] - [Grade: F] Saved to: /Users/kenfasano/Scripts/ScreenArt/Images/Rejected/cubes_3-F.jpeg
2026-03-08 19:52:46,800 - INFO - [pipeline.py:44] - FisheyeTransformer
2026-03-08 19:52:46,825 - INFO - [pipeline.py:44] - HalftoneTransformer
2026-03-08 19:52:46,855 - INFO - [pipeline.py:44] - FluidWarpTransformer
2026-03-08 19:52:46,956 - INFO - [pipeline.py:117] - [Grade: F] Saved to: /Users/kenfasano/Scripts/ScreenArt/Images/Rejected/cubes_4-F.jpeg
2026-03-08 19:52:46,963 - INFO - [pipeline.py:44] - DataMoshTransformer
2026-03-08 19:52:47,015 - INFO - [pipeline.py:117] - [Grade: C] Saved to: /Users/kenfasano/Scripts/ScreenArt/Images/TransformedImages/cubes_5-C.jpeg
2026-03-08 19:52:47,023 - INFO - [pipeline.py:44] - RadialWarpTransformer
2026-03-08 19:52:47,036 - INFO - [pipeline.py:44] - ColormapTransformer
2026-03-08 19:52:47,047 - INFO - [pipeline.py:44] - FlipWilsonTransformer
2026-03-08 19:52:47,104 - INFO - [pipeline.py:44] - InvertRGBTransformer
2026-03-08 19:52:47,120 - INFO - [pipeline.py:117] - [Grade: F] Saved to: /Users/kenfasano/Scripts/ScreenArt/Images/Rejected/cubes_6-F.jpeg
2026-03-08 19:52:47,128 - INFO - [pipeline.py:44] - XrayTransformer
2026-03-08 19:52:47,247 - INFO - [pipeline.py:44] - FlipWilsonTransformer
2026-03-08 19:52:47,302 - INFO - [pipeline.py:44] - ThermalImagingTransformer
2026-03-08 19:52:47,345 - INFO - [pipeline.py:117] - [Grade: F] Saved to: /Users/kenfasano/Scripts/ScreenArt/Images/Rejected/cubes_1-F.jpeg
2026-03-08 19:52:47,347 - INFO - [pipeline.py:44] - ColormapTransformer
2026-03-08 19:52:47,348 - INFO - [pipeline.py:44] - ThermalImagingTransformer
2026-03-08 19:52:47,352 - INFO - [pipeline.py:44] - FluidWarpTransformer
2026-03-08 19:52:47,359 - INFO - [pipeline.py:44] - RadialWarpTransformer
2026-03-08 19:52:47,365 - INFO - [pipeline.py:117] - [Grade: A] Saved to: /Users/kenfasano/Scripts/ScreenArt/Images/TransformedImages/planeteclipse_spitzer-A.jpg
2026-03-08 19:52:47,367 - INFO - [pipeline.py:44] - InvertRGBTransformer
2026-03-08 19:52:47,367 - INFO - [pipeline.py:44] - MeltMorphTransformer
2026-03-08 19:52:47,372 - INFO - [pipeline.py:44] - ColormapTransformer
2026-03-08 19:52:47,375 - INFO - [pipeline.py:117] - [Grade: F] Saved to: /Users/kenfasano/Scripts/ScreenArt/Images/Rejected/m31red_spitzer-F.jpg
2026-03-08 19:52:47,377 - INFO - [pipeline.py:44] - XrayTransformer
2026-03-08 19:52:47,422 - INFO - [pipeline.py:44] - RadialWarpTransformer
2026-03-08 19:52:47,425 - INFO - [pipeline.py:44] - HalftoneTransformer
2026-03-08 19:52:47,430 - INFO - [pipeline.py:44] - SwirlWarpTransformer
2026-03-08 19:52:47,442 - INFO - [pipeline.py:117] - [Grade: F] Saved to: /Users/kenfasano/Scripts/ScreenArt/Images/Rejected/ngc4449_hst_c720-F.jpg
2026-03-08 19:52:47,473 - INFO - [pipeline.py:44] - FractalWarpTransformer
2026-03-08 19:52:47,489 - INFO - [pipeline.py:44] - InvertRGBTransformer
2026-03-08 19:52:47,496 - INFO - [pipeline.py:117] - [Grade: F] Saved to: /Users/kenfasano/Scripts/ScreenArt/Images/Rejected/Trifid1024-F.jpg
2026-03-08 19:52:47,513 - INFO - [pipeline.py:44] - MeltMorphTransformer
2026-03-08 19:52:47,539 - INFO - [pipeline.py:44] - RadialWarpTransformer
2026-03-08 19:52:47,560 - INFO - [pipeline.py:117] - [Grade: C] Saved to: /Users/kenfasano/Scripts/ScreenArt/Images/TransformedImages/LittleplanetGalibier-CamilleNIEL1024-C.jpg
2026-03-08 19:52:47,562 - INFO - [pipeline.py:44] - InvertRGBTransformer
2026-03-08 19:52:47,562 - INFO - [pipeline.py:44] - MeltMorphTransformer
2026-03-08 19:52:47,577 - INFO - [pipeline.py:44] - TritoneTransformer
2026-03-08 19:52:47,585 - INFO - [pipeline.py:44] - WatercolorTransformer
2026-03-08 19:52:47,610 - INFO - [pipeline.py:117] - [Grade: F] Saved to: /Users/kenfasano/Scripts/ScreenArt/Images/Rejected/DistortedSunrise_Chasiotis_1080-F.jpg
2026-03-08 19:52:47,611 - INFO - [pipeline.py:44] - FluidWarpTransformer
2026-03-08 19:52:47,624 - INFO - [pipeline.py:44] - DataMoshTransformer
2026-03-08 19:52:47,630 - INFO - [pipeline.py:44] - WatercolorTransformer
2026-03-08 19:52:47,647 - INFO - [pipeline.py:117] - [Grade: A] Saved to: /Users/kenfasano/Scripts/ScreenArt/Images/TransformedImages/m33_noao-A.jpg
2026-03-08 19:52:47,654 - INFO - [pipeline.py:44] - PosterizationTransformer
2026-03-08 19:52:47,666 - INFO - [pipeline.py:117] - [Grade: F] Saved to: /Users/kenfasano/Scripts/ScreenArt/Images/Rejected/DragonAurora_Zhang_960-F.jpg
2026-03-08 19:52:47,668 - INFO - [pipeline.py:44] - ThreeDExtrusionTransformer
2026-03-08 19:52:47,673 - INFO - [pipeline.py:44] - FisheyeTransformer
2026-03-08 19:52:47,679 - INFO - [pipeline.py:117] - [Grade: F] Saved to: /Users/kenfasano/Scripts/ScreenArt/Images/Rejected/proximacen1_aao-F.jpg
2026-03-08 19:52:47,683 - INFO - [pipeline.py:44] - PosterizationTransformer
2026-03-08 19:52:47,685 - INFO - [pipeline.py:44] - WatercolorTransformer
2026-03-08 19:52:47,716 - INFO - [pipeline.py:44] - MeltMorphTransformer
2026-03-08 19:52:47,737 - INFO - [pipeline.py:44] - WheelTransformer
2026-03-08 19:52:47,813 - INFO - [pipeline.py:117] - [Grade: F] Saved to: /Users/kenfasano/Scripts/ScreenArt/Images/Rejected/DragonsEgg_Prangley_960-F.jpg
2026-03-08 19:52:47,824 - INFO - [pipeline.py:44] - ThermalImagingTransformer
2026-03-08 19:52:47,851 - INFO - [pipeline.py:44] - RadialWarpTransformer
2026-03-08 19:52:47,864 - INFO - [pipeline.py:44] - FractalWarpTransformer
2026-03-08 19:52:47,898 - INFO - [pipeline.py:44] - FluidWarpTransformer
2026-03-08 19:52:47,961 - INFO - [pipeline.py:117] - [Grade: B] Saved to: /Users/kenfasano/Scripts/ScreenArt/Images/TransformedImages/nasa_earth_1_Shanghai_True_Color-B.jpeg
2026-03-08 19:52:47,968 - INFO - [pipeline.py:44] - DuotoneTransformer
2026-03-08 19:52:48,031 - INFO - [pipeline.py:44] - FractalWarpTransformer
2026-03-08 19:52:48,055 - INFO - [pipeline.py:44] - InvertRGBTransformer
2026-03-08 19:52:48,066 - INFO - [pipeline.py:117] - [Grade: F] Saved to: /Users/kenfasano/Scripts/ScreenArt/Images/Rejected/noaa_goes_1_se_Fire_Temperature-F.jpeg
2026-03-08 19:52:48,093 - INFO - [pipeline.py:44] - ThreeDExtrusionTransformer
2026-03-08 19:52:48,175 - INFO - [pipeline.py:44] - FisheyeTransformer
2026-03-08 19:52:48,246 - INFO - [pipeline.py:44] - FluidWarpTransformer
2026-03-08 19:52:48,461 - INFO - [pipeline.py:117] - [Grade: F] Saved to: /Users/kenfasano/Scripts/ScreenArt/Images/Rejected/Stralsun-F.jpeg
2026-03-08 19:52:48,470 - INFO - [pipeline.py:44] - AnamorphicTransformer
2026-03-08 19:52:48,566 - INFO - [pipeline.py:117] - [Grade: F] Saved to: /Users/kenfasano/Scripts/ScreenArt/Images/Rejected/2020-01--F.jpeg
2026-03-08 19:52:48,575 - INFO - [pipeline.py:44] - AnamorphicTransformer
2026-03-08 19:52:48,619 - INFO - [pipeline.py:44] - WheelTransformer
2026-03-08 19:52:48,778 - INFO - [pipeline.py:44] - XrayTransformer
2026-03-08 19:52:48,926 - INFO - [pipeline.py:117] - [Grade: F] Saved to: /Users/kenfasano/Scripts/ScreenArt/Images/Rejected/Praha__l-F.jpeg
2026-03-08 19:52:48,954 - INFO - [pipeline.py:44] - GlitchWarpTransformer
2026-03-08 19:52:49,021 - INFO - [pipeline.py:44] - DuotoneTransformer
2026-03-08 19:52:49,268 - INFO - [pipeline.py:44] - FisheyeTransformer
2026-03-08 19:52:49,380 - INFO - [pipeline.py:117] - [Grade: B] Saved to: /Users/kenfasano/Scripts/ScreenArt/Images/TransformedImages/Ameryka_-B.jpeg
2026-03-08 19:52:49,401 - INFO - [pipeline.py:44] - XrayTransformer
2026-03-08 19:52:49,675 - INFO - [pipeline.py:44] - FisheyeTransformer
2026-03-08 19:52:49,724 - INFO - [pipeline.py:44] - ColormapTransformer
2026-03-08 19:52:49,778 - INFO - [pipeline.py:117] - [Grade: F] Saved to: /Users/kenfasano/Scripts/ScreenArt/Images/Rejected/Reel_273-F.jpeg
2026-03-08 19:52:49,786 - INFO - [pipeline.py:44] - TritoneTransformer
2026-03-08 19:52:49,816 - INFO - [pipeline.py:44] - MeltMorphTransformer
2026-03-08 19:52:49,884 - INFO - [pipeline.py:117] - [Grade: F] Saved to: /Users/kenfasano/Scripts/ScreenArt/Images/Rejected/lojong_2-F.jpeg
2026-03-08 19:52:49,890 - INFO - [pipeline.py:44] - WheelTransformer
2026-03-08 19:52:50,077 - INFO - [pipeline.py:44] - PosterizationTransformer
2026-03-08 19:52:50,082 - INFO - [pipeline.py:44] - FluidWarpTransformer
2026-03-08 19:52:50,172 - INFO - [pipeline.py:117] - [Grade: F] Saved to: /Users/kenfasano/Scripts/ScreenArt/Images/Rejected/lojong_3-F.jpeg
2026-03-08 19:52:50,179 - INFO - [pipeline.py:44] - SwirlWarpTransformer
2026-03-08 19:52:50,221 - INFO - [pipeline.py:44] - FractalWarpTransformer
2026-03-08 19:52:50,255 - INFO - [pipeline.py:44] - WheelTransformer
2026-03-08 19:52:50,442 - INFO - [pipeline.py:44] - WatercolorTransformer
2026-03-08 19:52:50,534 - INFO - [pipeline.py:117] - [Grade: C] Saved to: /Users/kenfasano/Scripts/ScreenArt/Images/TransformedImages/lojong_8-C.jpeg
2026-03-08 19:52:50,540 - INFO - [pipeline.py:44] - SwirlWarpTransformer
2026-03-08 19:52:50,582 - INFO - [pipeline.py:44] - DuotoneTransformer
2026-03-08 19:52:50,686 - INFO - [pipeline.py:117] - [Grade: B] Saved to: /Users/kenfasano/Scripts/ScreenArt/Images/TransformedImages/lojong_4-B.jpeg
2026-03-08 19:52:50,693 - INFO - [pipeline.py:44] - TritoneTransformer
2026-03-08 19:52:50,723 - INFO - [pipeline.py:44] - HalftoneTransformer
2026-03-08 19:52:50,752 - INFO - [pipeline.py:44] - PosterizationTransformer
2026-03-08 19:52:50,772 - INFO - [pipeline.py:117] - [Grade: F] Saved to: /Users/kenfasano/Scripts/ScreenArt/Images/Rejected/lojong_5-F.jpeg
2026-03-08 19:52:50,778 - INFO - [pipeline.py:44] - GlitchWarpTransformer
2026-03-08 19:52:50,806 - INFO - [pipeline.py:44] - DataMoshTransformer
2026-03-08 19:52:50,858 - INFO - [pipeline.py:117] - [Grade: F] Saved to: /Users/kenfasano/Scripts/ScreenArt/Images/Rejected/lojong_9-F.jpeg
2026-03-08 19:52:50,864 - INFO - [pipeline.py:44] - DuotoneTransformer
2026-03-08 19:52:50,968 - INFO - [pipeline.py:117] - [Grade: B] Saved to: /Users/kenfasano/Scripts/ScreenArt/Images/TransformedImages/lojong_6-B.jpeg
2026-03-08 19:52:50,975 - INFO - [pipeline.py:44] - DataMoshTransformer
2026-03-08 19:52:51,026 - INFO - [pipeline.py:117] - [Grade: F] Saved to: /Users/kenfasano/Scripts/ScreenArt/Images/Rejected/lojong_7-F.jpeg
2026-03-08 19:52:51,033 - INFO - [pipeline.py:44] - SwirlWarpTransformer
2026-03-08 19:52:51,075 - INFO - [pipeline.py:44] - PosterizationTransformer
2026-03-08 19:52:51,080 - INFO - [pipeline.py:44] - ThreeDExtrusionTransformer
2026-03-08 19:52:51,126 - INFO - [pipeline.py:117] - [Grade: F] Saved to: /Users/kenfasano/Scripts/ScreenArt/Images/Rejected/lojong_0-F.jpeg
2026-03-08 19:52:51,132 - INFO - [pipeline.py:44] - WatercolorTransformer
2026-03-08 19:52:51,209 - INFO - [pipeline.py:44] - ThreeDExtrusionTransformer
2026-03-08 19:52:51,255 - INFO - [pipeline.py:117] - [Grade: F] Saved to: /Users/kenfasano/Scripts/ScreenArt/Images/Rejected/lojong_1-F.jpeg
2026-03-08 19:52:51,262 - INFO - [pipeline.py:44] - FractalWarpTransformer
2026-03-08 19:52:51,300 - INFO - [pipeline.py:44] - SwirlWarpTransformer
2026-03-08 19:52:51,362 - INFO - [pipeline.py:117] - [Grade: F] Saved to: /Users/kenfasano/Scripts/ScreenArt/Images/Rejected/psalms_95-F.jpeg
2026-03-08 19:52:51,370 - INFO - [pipeline.py:44] - FisheyeTransformer
2026-03-08 19:52:51,393 - INFO - [pipeline.py:44] - MeltMorphTransformer
2026-03-08 19:52:51,446 - INFO - [pipeline.py:44] - DataMoshTransformer
2026-03-08 19:52:51,483 - INFO - [pipeline.py:44] - FluidWarpTransformer
2026-03-08 19:52:51,587 - INFO - [pipeline.py:117] - [Grade: F] Saved to: /Users/kenfasano/Scripts/ScreenArt/Images/Rejected/psalms_20-F.jpeg
2026-03-08 19:52:51,595 - INFO - [pipeline.py:44] - DuotoneTransformer
2026-03-08 19:52:51,683 - INFO - [pipeline.py:44] - GlitchWarpTransformer
2026-03-08 19:52:51,710 - INFO - [pipeline.py:44] - XrayTransformer
2026-03-08 19:52:51,793 - INFO - [pipeline.py:117] - [Grade: F] Saved to: /Users/kenfasano/Scripts/ScreenArt/Images/Rejected/psalms_36-F.jpeg
2026-03-08 19:52:51,800 - INFO - [pipeline.py:44] - RadialWarpTransformer
2026-03-08 19:52:51,817 - INFO - [pipeline.py:44] - FisheyeTransformer
2026-03-08 19:52:51,841 - INFO - [pipeline.py:44] - ColormapTransformer
2026-03-08 19:52:51,852 - INFO - [pipeline.py:44] - DuotoneTransformer
2026-03-08 19:52:51,956 - INFO - [pipeline.py:117] - [Grade: C] Saved to: /Users/kenfasano/Scripts/ScreenArt/Images/TransformedImages/psalms_10-C.jpeg
2026-03-08 19:52:51,963 - INFO - [pipeline.py:44] - FluidWarpTransformer
2026-03-08 19:52:52,051 - INFO - [pipeline.py:44] - FlipWilsonTransformer
2026-03-08 19:52:52,108 - INFO - [pipeline.py:44] - ColormapTransformer
2026-03-08 19:52:52,119 - INFO - [pipeline.py:44] - SwirlWarpTransformer
2026-03-08 19:52:52,178 - INFO - [pipeline.py:117] - [Grade: C] Saved to: /Users/kenfasano/Scripts/ScreenArt/Images/TransformedImages/psalms_71-C.jpeg
2026-03-08 19:52:52,189 - INFO - [pipeline.py:44] - WheelTransformer
2026-03-08 19:52:52,376 - INFO - [pipeline.py:44] - ThreeDExtrusionTransformer
2026-03-08 19:52:52,425 - INFO - [pipeline.py:117] - [Grade: B] Saved to: /Users/kenfasano/Scripts/ScreenArt/Images/TransformedImages/psalms_25-B.jpeg
2026-03-08 19:52:52,431 - INFO - [pipeline.py:44] - ColormapTransformer
2026-03-08 19:52:52,442 - INFO - [pipeline.py:44] - SwirlWarpTransformer
2026-03-08 19:52:52,485 - INFO - [pipeline.py:44] - WheelTransformer
2026-03-08 19:52:52,672 - INFO - [pipeline.py:44] - FlipWilsonTransformer
2026-03-08 19:52:52,744 - INFO - [pipeline.py:117] - [Grade: B] Saved to: /Users/kenfasano/Scripts/ScreenArt/Images/TransformedImages/psalms_123-B.jpeg
2026-03-08 19:52:52,750 - INFO - [pipeline.py:44] - XrayTransformer
2026-03-08 19:52:52,842 - INFO - [pipeline.py:44] - MeltMorphTransformer
2026-03-08 19:52:52,895 - INFO - [pipeline.py:44] - FlipWilsonTransformer
2026-03-08 19:52:52,950 - INFO - [pipeline.py:44] - FractalWarpTransformer
2026-03-08 19:52:53,001 - INFO - [pipeline.py:117] - [Grade: F] Saved to: /Users/kenfasano/Scripts/ScreenArt/Images/Rejected/psalms_4-F.jpeg
2026-03-08 19:52:53,009 - INFO - [pipeline.py:44] - InvertRGBTransformer
2026-03-08 19:52:53,010 - INFO - [pipeline.py:44] - GlitchWarpTransformer
2026-03-08 19:52:53,053 - INFO - [pipeline.py:117] - [Grade: F] Saved to: /Users/kenfasano/Scripts/ScreenArt/Images/Rejected/psalms_63-F.jpeg
2026-03-08 19:52:53,060 - INFO - [pipeline.py:44] - TritoneTransformer
2026-03-08 19:52:53,089 - INFO - [pipeline.py:44] - XrayTransformer
2026-03-08 19:52:53,135 - INFO - [pipeline.py:44] - AnamorphicTransformer
2026-03-08 19:52:53,176 - INFO - [pipeline.py:44] - FlipWilsonTransformer
2026-03-08 19:52:53,246 - INFO - [pipeline.py:117] - [Grade: F] Saved to: /Users/kenfasano/Scripts/ScreenArt/Images/Rejected/psalms_145-F.jpeg
2026-03-08 19:52:53,251 - INFO - [pipeline.py:44] - FluidWarpTransformer
2026-03-08 19:52:53,280 - INFO - [pipeline.py:117] - [Grade: C] Saved to: /Users/kenfasano/Scripts/ScreenArt/Images/TransformedImages/peripheral_drift_2-C.jpeg
2026-03-08 19:52:53,284 - INFO - [pipeline.py:44] - PosterizationTransformer
2026-03-08 19:52:53,286 - INFO - [pipeline.py:44] - FlipWilsonTransformer
2026-03-08 19:52:53,303 - INFO - [pipeline.py:44] - FisheyeTransformer
2026-03-08 19:52:53,309 - INFO - [pipeline.py:44] - ThermalImagingTransformer
2026-03-08 19:52:53,323 - INFO - [pipeline.py:117] - [Grade: F] Saved to: /Users/kenfasano/Scripts/ScreenArt/Images/Rejected/peripheral_drift_3-F.jpeg
2026-03-08 19:52:53,326 - INFO - [pipeline.py:44] - AnamorphicTransformer
2026-03-08 19:52:53,344 - INFO - [pipeline.py:44] - FractalWarpTransformer
2026-03-08 19:52:53,354 - INFO - [pipeline.py:44] - FluidWarpTransformer
2026-03-08 19:52:53,378 - INFO - [pipeline.py:44] - InvertRGBTransformer
2026-03-08 19:52:53,384 - INFO - [pipeline.py:117] - [Grade: F] Saved to: /Users/kenfasano/Scripts/ScreenArt/Images/Rejected/peripheral_drift_1-F.jpeg
2026-03-08 19:52:53,391 - INFO - [pipeline.py:44] - InvertRGBTransformer
2026-03-08 19:52:53,392 - INFO - [pipeline.py:44] - DataMoshTransformer
2026-03-08 19:52:53,442 - INFO - [pipeline.py:117] - [Grade: F] Saved to: /Users/kenfasano/Scripts/ScreenArt/Images/Rejected/koch_snowflake_4_4-F.jpeg
2026-03-08 19:52:53,448 - INFO - [pipeline.py:44] - ThreeDExtrusionTransformer
2026-03-08 19:52:53,479 - INFO - [pipeline.py:44] - AnamorphicTransformer
2026-03-08 19:52:53,553 - INFO - [pipeline.py:117] - [Grade: F] Saved to: /Users/kenfasano/Scripts/ScreenArt/Images/Rejected/koch_snowflake_4_5-F.jpeg
2026-03-08 19:52:53,559 - INFO - [pipeline.py:44] - InvertRGBTransformer
2026-03-08 19:52:53,560 - INFO - [pipeline.py:44] - ThreeDExtrusionTransformer
2026-03-08 19:52:53,591 - INFO - [pipeline.py:44] - XrayTransformer
2026-03-08 19:52:53,652 - INFO - [pipeline.py:117] - [Grade: F] Saved to: /Users/kenfasano/Scripts/ScreenArt/Images/Rejected/koch_snowflake_4_2-F.jpeg
2026-03-08 19:52:53,658 - INFO - [pipeline.py:44] - FisheyeTransformer
2026-03-08 19:52:53,681 - INFO - [pipeline.py:44] - WheelTransformer
2026-03-08 19:52:53,885 - INFO - [pipeline.py:117] - [Grade: A] Saved to: /Users/kenfasano/Scripts/ScreenArt/Images/TransformedImages/koch_snowflake_4_3-A.jpeg
2026-03-08 19:52:53,892 - INFO - [pipeline.py:44] - DuotoneTransformer
2026-03-08 19:52:53,980 - INFO - [pipeline.py:44] - WheelTransformer
2026-03-08 19:52:54,167 - INFO - [pipeline.py:44] - DataMoshTransformer
2026-03-08 19:52:54,219 - INFO - [pipeline.py:117] - [Grade: A] Saved to: /Users/kenfasano/Scripts/ScreenArt/Images/TransformedImages/koch_snowflake_4_1-A.jpeg
2026-03-08 19:52:54,227 - INFO - [pipeline.py:44] - ThreeDExtrusionTransformer
2026-03-08 19:52:54,257 - INFO - [pipeline.py:44] - RadialWarpTransformer
2026-03-08 19:52:54,274 - INFO - [pipeline.py:44] - ThermalImagingTransformer
2026-03-08 19:52:54,300 - INFO - [pipeline.py:44] - XrayTransformer
2026-03-08 19:52:54,363 - INFO - [pipeline.py:117] - [Grade: F] Saved to: /Users/kenfasano/Scripts/ScreenArt/Images/Rejected/hilbert_5-F.jpg
2026-03-08 19:52:54,377 - INFO - [pipeline.py:44] - FisheyeTransformer
2026-03-08 19:52:54,400 - INFO - [pipeline.py:44] - FractalWarpTransformer
2026-03-08 19:52:54,435 - INFO - [pipeline.py:44] - AnamorphicTransformer
2026-03-08 19:52:54,521 - INFO - [pipeline.py:117] - [Grade: B] Saved to: /Users/kenfasano/Scripts/ScreenArt/Images/TransformedImages/hilbert_4-B.jpg
2026-03-08 19:52:54,532 - INFO - [pipeline.py:44] - PosterizationTransformer
2026-03-08 19:52:54,537 - INFO - [pipeline.py:44] - WatercolorTransformer
2026-03-08 19:52:54,613 - INFO - [pipeline.py:44] - WheelTransformer
2026-03-08 19:52:54,800 - INFO - [pipeline.py:44] - FluidWarpTransformer
2026-03-08 19:52:54,844 - INFO - [pipeline.py:117] - [Grade: F] Saved to: /Users/kenfasano/Scripts/ScreenArt/Images/Rejected/hilbert_1-F.jpg
2026-03-08 19:52:54,855 - INFO - [pipeline.py:44] - TritoneTransformer
2026-03-08 19:52:54,885 - INFO - [pipeline.py:44] - GlitchWarpTransformer
2026-03-08 19:52:54,912 - INFO - [pipeline.py:44] - MeltMorphTransformer
2026-03-08 19:52:54,980 - INFO - [pipeline.py:117] - [Grade: F] Saved to: /Users/kenfasano/Scripts/ScreenArt/Images/Rejected/hilbert_3-F.jpg
2026-03-08 19:52:54,991 - INFO - [pipeline.py:44] - TritoneTransformer
2026-03-08 19:52:55,021 - INFO - [pipeline.py:44] - XrayTransformer
2026-03-08 19:52:55,067 - INFO - [pipeline.py:44] - InvertRGBTransformer
2026-03-08 19:52:55,083 - INFO - [pipeline.py:117] - [Grade: F] Saved to: /Users/kenfasano/Scripts/ScreenArt/Images/Rejected/hilbert_2-F.jpg
2026-03-08 19:52:55,083 - INFO - [main.py:196] - WheelTransformer
2026-03-08 19:52:55,083 - INFO - [main.py:196] - DuotoneTransformer
2026-03-08 19:52:55,083 - INFO - [main.py:196] - XrayTransformer
2026-03-08 19:52:55,083 - INFO - [main.py:196] - FluidWarpTransformer
2026-03-08 19:52:55,083 - INFO - [main.py:196] - AnamorphicTransformer
2026-03-08 19:52:55,083 - INFO - [main.py:196] - FlipWilsonTransformer
2026-03-08 19:52:55,083 - INFO - [main.py:196] - WatercolorTransformer
2026-03-08 19:52:55,083 - INFO - [main.py:196] - SwirlWarpTransformer
2026-03-08 19:52:55,083 - INFO - [main.py:196] - MeltMorphTransformer
2026-03-08 19:52:55,083 - INFO - [main.py:196] - ThreeDExtrusionTransformer
2026-03-08 19:52:55,083 - INFO - [main.py:196] - DataMoshTransformer
2026-03-08 19:52:55,083 - INFO - [main.py:196] - GlitchWarpTransformer
2026-03-08 19:52:55,083 - INFO - [main.py:196] - FisheyeTransformer
2026-03-08 19:52:55,083 - INFO - [main.py:196] - FractalWarpTransformer
2026-03-08 19:52:55,083 - INFO - [main.py:196] - TritoneTransformer
2026-03-08 19:52:55,083 - INFO - [main.py:196] - HalftoneTransformer
2026-03-08 19:52:55,083 - INFO - [main.py:196] - ThermalImagingTransformer
2026-03-08 19:52:55,084 - INFO - [main.py:196] - RadialWarpTransformer
2026-03-08 19:52:55,084 - INFO - [main.py:196] - ColormapTransformer
2026-03-08 19:52:55,084 - INFO - [main.py:196] - PosterizationTransformer
2026-03-08 19:52:55,084 - INFO - [main.py:196] - InvertRGBTransformer
2026-03-08 19:52:55,084 - INFO - [main.py:239] - 19s@19:52 ✓
Accepted: 18
Rejected: 48
---
Wiki                       ->  4660ms
Nasa                       ->  1066ms
GoesGenerator              ->   563ms
Cubes                      ->   477ms
Bible                      ->   447ms
Lojong                     ->   320ms
KochSnowflake              ->   253ms
Bubbles                    ->   241ms
Hilbert                    ->    84ms
PeripheralDriftIllusion    ->    50ms
NasaMapGenerator           ->    46ms
---
WheelTransformer           -> Min:    69ms | Avg:   178ms | Max:   200ms
DuotoneTransformer         -> Min:    62ms | Avg:   107ms | Max:   247ms
XrayTransformer            -> Min:    44ms | Avg:    92ms | Max:   274ms
FluidWarpTransformer       -> Min:     7ms | Avg:    58ms | Max:   177ms
AnamorphicTransformer      -> Min:    18ms | Avg:    51ms | Max:    76ms
FlipWilsonTransformer      -> Min:    17ms | Avg:    50ms | Max:    57ms
WatercolorTransformer      -> Min:    13ms | Avg:    49ms | Max:    78ms
SwirlWarpTransformer       -> Min:     8ms | Avg:    38ms | Max:    45ms
MeltMorphTransformer       -> Min:     5ms | Avg:    37ms | Max:    53ms
ThreeDExtrusionTransformer -> Min:     5ms | Avg:    33ms | Max:    81ms
DataMoshTransformer        -> Min:     6ms | Avg:    33ms | Max:    39ms
GlitchWarpTransformer      -> Min:    27ms | Avg:    32ms | Max:    67ms
FisheyeTransformer         -> Min:     3ms | Avg:    31ms | Max:    71ms
FractalWarpTransformer     -> Min:    11ms | Avg:    30ms | Max:    37ms
TritoneTransformer         -> Min:     8ms | Avg:    27ms | Max:    30ms
HalftoneTransformer        -> Min:     5ms | Avg:    26ms | Max:    34ms
ThermalImagingTransformer  -> Min:     4ms | Avg:    21ms | Max:    27ms
RadialWarpTransformer      -> Min:     3ms | Avg:    11ms | Max:    17ms
ColormapTransformer        -> Min:     1ms | Avg:    10ms | Max:    22ms
PosterizationTransformer   -> Min:     1ms | Avg:     4ms | Max:     7ms
InvertRGBTransformer       -> Min:     0ms | Avg:     1ms | Max:     1ms
