2026-04-02 16:33:25,788 - INFO - [mandala_draw.py:291] - mandala_draw: generated 3/3
2026-04-02 16:33:59,827 - INFO - [pipeline.py:136] - "FractalWarpTransformer","iter=1,scale=0.05"
2026-04-02 16:33:59,870 - INFO - [pipeline.py:136] - "FluidWarpTransformer","alpha=4.67,sigma=4.44"
2026-04-02 16:33:59,883 - INFO - [pipeline.py:136] - "ColormapTransformer","map=winter"
2026-04-02 16:33:59,906 - INFO - [pipeline.py:250] - [Grade: A] Saved to: /Users/kenfasano/Scripts/ScreenArt/Images/TransformedImages/psalms_150-A-hero_33b2.jpeg
2026-04-02 16:33:59,964 - INFO - [pipeline.py:136] - "WheelTransformer","blend=add,copies=4"
2026-04-02 16:34:00,013 - INFO - [pipeline.py:136] - "FisheyeTransformer","shape=oval,strength=0.76,zoom=0.90"
2026-04-02 16:34:00,034 - INFO - [pipeline.py:250] - [Grade: B] Saved to: /Users/kenfasano/Scripts/ScreenArt/Images/TransformedImages/psalms_37-B-scatter_a4d6.jpeg
2026-04-02 16:34:00,099 - INFO - [pipeline.py:136] - "KaleidoscopeTransformer","cx_off=0.16,cy_off=-0.19,segments=4"
2026-04-02 16:34:00,120 - INFO - [pipeline.py:250] - [Grade: C] Saved to: /Users/kenfasano/Scripts/ScreenArt/Images/TransformedImages/psalms_61-C-scatter_6c34.jpeg
2026-04-02 16:34:00,263 - INFO - [pipeline.py:136] - "VoronoiTransformer","edge_blend=1,num_points=83"
2026-04-02 16:34:00,318 - INFO - [pipeline.py:136] - "HalftoneTransformer","size=2"
2026-04-02 16:34:00,336 - INFO - [pipeline.py:250] - [Grade: A] Saved to: /Users/kenfasano/Scripts/ScreenArt/Images/TransformedImages/psalms_36-A-tile_f275.jpeg
2026-04-02 16:34:00,396 - INFO - [pipeline.py:136] - "HalftoneTransformer","size=2"
2026-04-02 16:34:00,435 - INFO - [pipeline.py:136] - "DataMoshTransformer","intensity=0.01"
2026-04-02 16:34:00,479 - INFO - [pipeline.py:136] - "WheelTransformer","blend=add,copies=4"
2026-04-02 16:34:00,534 - INFO - [pipeline.py:136] - "KaleidoscopeTransformer","cx_off=-0.17,cy_off=0.13,segments=12"
2026-04-02 16:34:00,551 - INFO - [pipeline.py:250] - [Grade: A] Saved to: /Users/kenfasano/Scripts/ScreenArt/Images/TransformedImages/psalms_4-A-scatter_1317.jpeg
2026-04-02 16:34:00,587 - INFO - [pipeline.py:136] - "GlitchWarpTransformer","intensity=0.01"
2026-04-02 16:34:00,605 - INFO - [pipeline.py:250] - [Grade: C] Saved to: /Users/kenfasano/Scripts/ScreenArt/Images/TransformedImages/bubbles_4-C_80c2.jpeg
2026-04-02 16:34:00,652 - INFO - [pipeline.py:136] - "ThermalImagingTransformer","thermal=True"
2026-04-02 16:34:00,703 - INFO - [pipeline.py:136] - "HalftoneTransformer","size=2"
2026-04-02 16:34:00,721 - INFO - [pipeline.py:250] - [Grade: A] Saved to: /Users/kenfasano/Scripts/ScreenArt/Images/TransformedImages/bubbles_5-A_2262.jpeg
2026-04-02 16:34:00,780 - INFO - [pipeline.py:136] - "FluidWarpTransformer","alpha=3.76,sigma=6.89"
2026-04-02 16:34:00,795 - INFO - [pipeline.py:136] - "ColormapTransformer","map=rainbow"
2026-04-02 16:34:00,842 - INFO - [pipeline.py:136] - "WheelTransformer","blend=add,copies=4"
2026-04-02 16:34:00,864 - INFO - [pipeline.py:250] - [Grade: A] Saved to: /Users/kenfasano/Scripts/ScreenArt/Images/TransformedImages/bubbles_2-A_6303.jpeg
2026-04-02 16:34:00,900 - INFO - [pipeline.py:136] - "GlitchWarpTransformer","intensity=0.01"
2026-04-02 16:34:00,919 - INFO - [pipeline.py:250] - [Grade: A] Saved to: /Users/kenfasano/Scripts/ScreenArt/Images/TransformedImages/bubbles_3-A_5a15.jpeg
2026-04-02 16:34:00,964 - INFO - [pipeline.py:136] - "FractalWarpTransformer","iter=1,scale=0.05"
2026-04-02 16:34:01,090 - INFO - [pipeline.py:136] - "PixelSortTransformer","direction=cols,high=0.87,low=0.22,sort_key=blue"
2026-04-02 16:34:01,119 - INFO - [pipeline.py:136] - "FisheyeTransformer","shape=oval,strength=0.70,zoom=0.93"
2026-04-02 16:34:01,141 - INFO - [pipeline.py:136] - "RadialWarpTransformer","radius=0.25,strength=132.2504111574891,132.07375193760845,style=pull,pull"
2026-04-02 16:34:01,160 - INFO - [pipeline.py:250] - [Grade: A] Saved to: /Users/kenfasano/Scripts/ScreenArt/Images/TransformedImages/bubbles_1-A_ec63.jpeg
2026-04-02 16:34:01,222 - INFO - [pipeline.py:136] - "MeltMorphTransformer","intensity=0.50"
2026-04-02 16:34:01,240 - INFO - [pipeline.py:250] - [Grade: A] Saved to: /Users/kenfasano/Scripts/ScreenArt/Images/TransformedImages/cubes_2-A_718f.jpeg
2026-04-02 16:34:01,275 - INFO - [pipeline.py:136] - "ChromaticAberrationTransformer","angle=301.40,edge_fade=1,shift=17.50"
2026-04-02 16:34:01,310 - INFO - [pipeline.py:136] - "FractalWarpTransformer","iter=1,scale=0.05"
2026-04-02 16:34:01,328 - INFO - [pipeline.py:250] - [Grade: A] Saved to: /Users/kenfasano/Scripts/ScreenArt/Images/TransformedImages/cubes_3-A_b268.jpeg
2026-04-02 16:34:01,361 - INFO - [pipeline.py:136] - "ChromaticAberrationTransformer","angle=327.20,edge_fade=1,shift=9.60"
2026-04-02 16:34:01,381 - INFO - [pipeline.py:136] - "RadialWarpTransformer","radius=0.25,strength=121.35579902256265,110.0321588327618,style=pull,pull"
2026-04-02 16:34:01,407 - INFO - [pipeline.py:136] - "FisheyeTransformer","shape=circle,strength=0.46,zoom=0.94"
2026-04-02 16:34:01,444 - INFO - [pipeline.py:136] - "DataMoshTransformer","intensity=0.01"
2026-04-02 16:34:01,464 - INFO - [pipeline.py:250] - [Grade: A] Saved to: /Users/kenfasano/Scripts/ScreenArt/Images/TransformedImages/cubes_1-A_c47b.jpeg
2026-04-02 16:34:01,507 - INFO - [pipeline.py:136] - "FractalWarpTransformer","iter=1,scale=0.05"
2026-04-02 16:34:01,548 - INFO - [pipeline.py:136] - "FlipWilsonTransformer","keep=right,narrow=0.46"
2026-04-02 16:34:01,567 - INFO - [pipeline.py:136] - "RadialWarpTransformer","radius=0.25,strength=72.37174217184497,59.73262883015795,style=push,pull"
2026-04-02 16:34:01,642 - INFO - [pipeline.py:136] - "PixelSortTransformer","direction=cols,high=0.81,low=0.20,sort_key=green"
2026-04-02 16:34:01,656 - INFO - [pipeline.py:250] - [Grade: A] Saved to: /Users/kenfasano/Scripts/ScreenArt/Images/TransformedImages/noaa_goes_1_se_Dust-A_8fff.jpeg
2026-04-02 16:34:01,708 - INFO - [pipeline.py:136] - "FlipWilsonTransformer","keep=right,narrow=0.46"
2026-04-02 16:34:01,723 - INFO - [pipeline.py:250] - [Grade: A] Saved to: /Users/kenfasano/Scripts/ScreenArt/Images/TransformedImages/noaa_goes_2_se_Day_Night_Cloud_Micro-A_0dfa.jpeg
2026-04-02 16:34:01,745 - INFO - [pipeline.py:136] - "PosterizationTransformer","levels=4"
2026-04-02 16:34:01,836 - INFO - [pipeline.py:136] - "PixelSortTransformer","direction=cols,high=0.78,low=0.35,sort_key=brightness"
2026-04-02 16:34:01,864 - INFO - [pipeline.py:136] - "ChromaticAberrationTransformer","angle=25.60,edge_fade=1,shift=11.90"
2026-04-02 16:34:01,884 - INFO - [pipeline.py:250] - [Grade: A] Saved to: /Users/kenfasano/Scripts/ScreenArt/Images/TransformedImages/lojong_2-A-columns_6afb.jpeg
2026-04-02 16:34:01,906 - INFO - [pipeline.py:136] - "PosterizationTransformer","levels=4"
2026-04-02 16:34:01,933 - INFO - [pipeline.py:136] - "GlitchWarpTransformer","intensity=0.01"
2026-04-02 16:34:01,975 - INFO - [pipeline.py:136] - "FluidWarpTransformer","alpha=6.04,sigma=5.05"
2026-04-02 16:34:01,994 - INFO - [pipeline.py:250] - [Grade: A] Saved to: /Users/kenfasano/Scripts/ScreenArt/Images/TransformedImages/lojong_3-A-tile_11d0.jpeg
2026-04-02 16:34:02,021 - INFO - [pipeline.py:136] - "PosterizationTransformer","levels=4"
2026-04-02 16:34:02,048 - INFO - [pipeline.py:136] - "GlitchWarpTransformer","intensity=0.01"
2026-04-02 16:34:02,070 - INFO - [pipeline.py:250] - [Grade: B] Saved to: /Users/kenfasano/Scripts/ScreenArt/Images/TransformedImages/lojong_4-B-columns_bf02.jpeg
2026-04-02 16:34:02,101 - INFO - [pipeline.py:136] - "RadialWarpTransformer","radius=0.25,strength=136.669298201044,132.15046831259022,97.83373078794145,style=pull,push,push"
2026-04-02 16:34:02,195 - INFO - [pipeline.py:136] - "PixelSortTransformer","direction=rows,high=0.81,low=0.09,sort_key=brightness"
2026-04-02 16:34:02,434 - INFO - [pipeline.py:136] - "VoronoiTransformer","edge_blend=1,num_points=178"
2026-04-02 16:34:02,470 - INFO - [pipeline.py:136] - "FractalWarpTransformer","iter=1,scale=0.05"
2026-04-02 16:34:02,488 - INFO - [pipeline.py:250] - [Grade: C] Saved to: /Users/kenfasano/Scripts/ScreenArt/Images/TransformedImages/lojong_0-C-tile_1384.jpeg
2026-04-02 16:34:02,534 - INFO - [pipeline.py:136] - "SwirlWarpTransformer","strength=1.50"
2026-04-02 16:34:02,561 - INFO - [pipeline.py:136] - "GlitchWarpTransformer","intensity=0.01"
2026-04-02 16:34:02,580 - INFO - [pipeline.py:250] - [Grade: C] Saved to: /Users/kenfasano/Scripts/ScreenArt/Images/TransformedImages/lojong_1-C-tile_7970.jpeg
2026-04-02 16:34:02,610 - INFO - [pipeline.py:136] - "PosterizationTransformer","levels=4"
2026-04-02 16:34:02,670 - INFO - [pipeline.py:136] - "HalftoneTransformer","size=2"
2026-04-02 16:34:02,712 - INFO - [pipeline.py:136] - "ThermalImagingTransformer","thermal=True"
2026-04-02 16:34:02,764 - INFO - [pipeline.py:136] - "WheelTransformer","blend=add,copies=4"
2026-04-02 16:34:02,783 - INFO - [pipeline.py:250] - [Grade: A] Saved to: /Users/kenfasano/Scripts/ScreenArt/Images/TransformedImages/mandala_draw_1-A_3efb.jpeg
2026-04-02 16:34:02,812 - INFO - [pipeline.py:136] - "RadialWarpTransformer","radius=0.25,strength=55.10738907517387,style=push"
2026-04-02 16:34:02,833 - INFO - [pipeline.py:250] - [Grade: A] Saved to: /Users/kenfasano/Scripts/ScreenArt/Images/TransformedImages/mandala_draw_0-A_0fdd.jpeg
2026-04-02 16:34:02,897 - INFO - [pipeline.py:136] - "SwirlWarpTransformer","strength=1.50"
2026-04-02 16:34:02,965 - INFO - [pipeline.py:136] - "MeltMorphTransformer","intensity=0.50"
2026-04-02 16:34:02,994 - INFO - [pipeline.py:136] - "PixelSortTransformer","direction=rows,high=0.59,low=0.32,sort_key=green"
2026-04-02 16:34:03,025 - INFO - [pipeline.py:136] - "ChromaticAberrationTransformer","angle=189.80,edge_fade=1,shift=4.00"
2026-04-02 16:34:03,046 - INFO - [pipeline.py:250] - [Grade: A] Saved to: /Users/kenfasano/Scripts/ScreenArt/Images/TransformedImages/mandala_draw_2-A_d486.jpeg
2026-04-02 16:34:03,259 - INFO - [pipeline.py:136] - "WatercolorTransformer","scale=0.85,style=monet"
2026-04-02 16:34:03,289 - INFO - [pipeline.py:136] - "ThermalImagingTransformer","thermal=True"
2026-04-02 16:34:03,305 - INFO - [pipeline.py:250] - [Grade: F] Saved to: /Users/kenfasano/Scripts/ScreenArt/Images/Rejected/nasa_earth_2_Osaka_Night_Lights-F_bfc7.jpeg
2026-04-02 16:34:03,370 - INFO - [pipeline.py:136] - "MeltMorphTransformer","intensity=0.50"
2026-04-02 16:34:03,389 - INFO - [pipeline.py:250] - [Grade: A] Saved to: /Users/kenfasano/Scripts/ScreenArt/Images/TransformedImages/nasa_earth_1_Istanbul_True_Color-A_9a9c.jpeg
2026-04-02 16:34:03,413 - INFO - [pipeline.py:136] - "ColormapTransformer","map=bone"
2026-04-02 16:34:03,432 - INFO - [pipeline.py:250] - [Grade: A] Saved to: /Users/kenfasano/Scripts/ScreenArt/Images/TransformedImages/nasa_earth_3_Lagos_Vegetation_False_Color-A_8faf.jpeg
2026-04-02 16:34:03,440 - INFO - [pipeline.py:136] - "RadialWarpTransformer","radius=0.25,strength=128.23262905700312,44.394029683400845,68.29047623886648,style=pull,push,push"
2026-04-02 16:34:03,448 - INFO - [pipeline.py:136] - "ThermalImagingTransformer","thermal=True"
2026-04-02 16:34:03,455 - INFO - [pipeline.py:136] - "WheelTransformer","blend=add,copies=4"
2026-04-02 16:34:03,460 - INFO - [pipeline.py:250] - [Grade: A] Saved to: /Users/kenfasano/Scripts/ScreenArt/Images/TransformedImages/B-Mira-Headc720-A_3f50.jpg
2026-04-02 16:34:03,466 - INFO - [pipeline.py:136] - "GlitchWarpTransformer","intensity=0.01"
2026-04-02 16:34:03,472 - INFO - [pipeline.py:136] - "ThermalImagingTransformer","thermal=True"
2026-04-02 16:34:03,479 - INFO - [pipeline.py:136] - "SwirlWarpTransformer","strength=1.50"
2026-04-02 16:34:03,482 - INFO - [pipeline.py:136] - "ColormapTransformer","map=hsv"
2026-04-02 16:34:03,487 - INFO - [pipeline.py:250] - [Grade: B] Saved to: /Users/kenfasano/Scripts/ScreenArt/Images/TransformedImages/draco3_heutz_f50-B_4ad3.jpg
2026-04-02 16:34:03,503 - INFO - [pipeline.py:136] - "DataMoshTransformer","intensity=0.01"
2026-04-02 16:34:03,508 - INFO - [pipeline.py:136] - "ColormapTransformer","map=summer"
2026-04-02 16:34:03,514 - INFO - [pipeline.py:136] - "RadialWarpTransformer","radius=0.25,strength=69.25413843513581,style=push"
2026-04-02 16:34:03,531 - INFO - [pipeline.py:136] - "KaleidoscopeTransformer","cx_off=-0.08,cy_off=-0.14,segments=8"
2026-04-02 16:34:03,539 - INFO - [pipeline.py:250] - [Grade: A] Saved to: /Users/kenfasano/Scripts/ScreenArt/Images/TransformedImages/SunPillar_Cohea_960-A_8119.jpg
2026-04-02 16:34:03,569 - INFO - [pipeline.py:136] - "KaleidoscopeTransformer","cx_off=0.10,cy_off=-0.10,segments=8"
2026-04-02 16:34:03,580 - INFO - [pipeline.py:136] - "FluidWarpTransformer","alpha=6.10,sigma=0.89"
2026-04-02 16:34:03,593 - INFO - [pipeline.py:136] - "DataMoshTransformer","intensity=0.01"
2026-04-02 16:34:03,611 - INFO - [pipeline.py:136] - "WheelTransformer","blend=add,copies=4"
2026-04-02 16:34:03,618 - INFO - [pipeline.py:250] - [Grade: A] Saved to: /Users/kenfasano/Scripts/ScreenArt/Images/TransformedImages/NGC1532Meunier1024-A_58da.jpg
2026-04-02 16:34:03,625 - INFO - [pipeline.py:136] - "WheelTransformer","blend=add,copies=4"
2026-04-02 16:34:03,630 - INFO - [pipeline.py:136] - "FluidWarpTransformer","alpha=11.18,sigma=6.47"
2026-04-02 16:34:03,633 - INFO - [pipeline.py:250] - [Grade: A] Saved to: /Users/kenfasano/Scripts/ScreenArt/Images/TransformedImages/perseidaurora_westlake-A_6843.jpg
2026-04-02 16:34:03,641 - INFO - [pipeline.py:136] - "PosterizationTransformer","levels=4"
2026-04-02 16:34:03,660 - INFO - [pipeline.py:136] - "FlipWilsonTransformer","keep=right,narrow=0.46"
2026-04-02 16:34:03,668 - INFO - [pipeline.py:250] - [Grade: A] Saved to: /Users/kenfasano/Scripts/ScreenArt/Images/TransformedImages/starrynight2010_warner-A_32e1.jpg
2026-04-02 16:34:03,699 - INFO - [pipeline.py:136] - "HalftoneTransformer","size=2"
2026-04-02 16:34:03,707 - INFO - [pipeline.py:250] - [Grade: A] Saved to: /Users/kenfasano/Scripts/ScreenArt/Images/TransformedImages/Dolphin_Pleiades_960-A_d1e0.jpg
2026-04-02 16:34:03,740 - INFO - [pipeline.py:136] - "HalftoneTransformer","size=2"
2026-04-02 16:34:03,757 - INFO - [pipeline.py:136] - "MeltMorphTransformer","intensity=0.50"
2026-04-02 16:34:03,831 - INFO - [pipeline.py:136] - "WatercolorTransformer","scale=0.85,style=monet"
2026-04-02 16:34:03,837 - INFO - [pipeline.py:250] - [Grade: B] Saved to: /Users/kenfasano/Scripts/ScreenArt/Images/TransformedImages/lrg_gabany_M42_2025_1024-B_64fc.jpg
2026-04-02 16:34:03,849 - INFO - [pipeline.py:136] - "DataMoshTransformer","intensity=0.02"
2026-04-02 16:34:03,852 - INFO - [pipeline.py:136] - "PosterizationTransformer","levels=4"
2026-04-02 16:34:03,865 - INFO - [pipeline.py:136] - "MeltMorphTransformer","intensity=0.50"
2026-04-02 16:34:03,870 - INFO - [pipeline.py:250] - [Grade: A] Saved to: /Users/kenfasano/Scripts/ScreenArt/Images/TransformedImages/PSP_007769_9010_IRB_Stickney800-A_3739.jpg
2026-04-02 16:34:03,884 - INFO - [pipeline.py:136] - "HalftoneTransformer","size=2"
2026-04-02 16:34:03,898 - INFO - [pipeline.py:136] - "KaleidoscopeTransformer","cx_off=0.19,cy_off=-0.11,segments=12"
2026-04-02 16:34:03,907 - INFO - [pipeline.py:136] - "OilPaintingTransformer","dyn_ratio=3,size=5"
2026-04-02 16:34:03,911 - INFO - [pipeline.py:250] - [Grade: A] Saved to: /Users/kenfasano/Scripts/ScreenArt/Images/TransformedImages/ngc2264_spitzer-A_59cd.jpg
2026-04-02 16:34:03,925 - INFO - [pipeline.py:136] - "FractalWarpTransformer","iter=1,scale=0.05"
2026-04-02 16:34:03,931 - INFO - [pipeline.py:250] - [Grade: A] Saved to: /Users/kenfasano/Scripts/ScreenArt/Images/TransformedImages/Kepler90Illustration_Kepler_1080-A_c6a5.jpg
2026-04-02 16:34:03,992 - INFO - [pipeline.py:136] - "WheelTransformer","blend=add,copies=4"
2026-04-02 16:34:04,220 - INFO - [pipeline.py:136] - "WatercolorTransformer","scale=0.85,style=psychedelic"
2026-04-02 16:34:04,276 - INFO - [pipeline.py:136] - "FlipWilsonTransformer","keep=right,narrow=0.46"
2026-04-02 16:34:04,323 - INFO - [pipeline.py:136] - "FluidWarpTransformer","alpha=2.81,sigma=6.65"
2026-04-02 16:34:04,342 - INFO - [pipeline.py:250] - [Grade: B] Saved to: /Users/kenfasano/Scripts/ScreenArt/Images/TransformedImages/peace_0-B_3907.jpeg
2026-04-02 16:34:04,393 - INFO - [pipeline.py:136] - "DataMoshTransformer","intensity=0.02"
2026-04-02 16:34:04,448 - INFO - [pipeline.py:136] - "FlipWilsonTransformer","keep=right,narrow=0.46"
2026-04-02 16:34:04,491 - INFO - [pipeline.py:136] - "WheelTransformer","blend=add,copies=4"
2026-04-02 16:34:04,511 - INFO - [pipeline.py:250] - [Grade: A] Saved to: /Users/kenfasano/Scripts/ScreenArt/Images/TransformedImages/peace_1-A_a69a.jpeg
2026-04-02 16:34:04,544 - INFO - [pipeline.py:136] - "RadialWarpTransformer","radius=0.25,strength=66.9315987170194,98.68692515221547,style=pull,pull"
2026-04-02 16:34:04,587 - INFO - [pipeline.py:136] - "WheelTransformer","blend=add,copies=4"
2026-04-02 16:34:04,607 - INFO - [pipeline.py:250] - [Grade: A] Saved to: /Users/kenfasano/Scripts/ScreenArt/Images/TransformedImages/peace_2-A_d749.jpeg
2026-04-02 16:34:04,649 - INFO - [pipeline.py:136] - "GlitchWarpTransformer","intensity=0.01"
2026-04-02 16:34:04,684 - INFO - [pipeline.py:136] - "FractalWarpTransformer","iter=1,scale=0.05"
2026-04-02 16:34:04,724 - INFO - [pipeline.py:136] - "ThermalImagingTransformer","thermal=True"
2026-04-02 16:34:04,737 - INFO - [pipeline.py:136] - "ColormapTransformer","map=winter"
2026-04-02 16:34:04,760 - INFO - [pipeline.py:250] - [Grade: B] Saved to: /Users/kenfasano/Scripts/ScreenArt/Images/TransformedImages/peace_3-B_ee1f.jpeg
2026-04-02 16:34:04,798 - INFO - [pipeline.py:136] - "PixelSortTransformer","direction=rows,high=0.79,low=0.12,sort_key=red"
2026-04-02 16:34:04,808 - INFO - [pipeline.py:136] - "FractalWarpTransformer","iter=1,scale=0.05"
2026-04-02 16:34:04,815 - INFO - [pipeline.py:250] - [Grade: A] Saved to: /Users/kenfasano/Scripts/ScreenArt/Images/TransformedImages/peripheral_drift_2-A_31ae.jpeg
2026-04-02 16:34:04,822 - INFO - [pipeline.py:136] - "PosterizationTransformer","levels=4"
2026-04-02 16:34:04,832 - INFO - [pipeline.py:136] - "FluidWarpTransformer","alpha=15.24,sigma=1.79"
2026-04-02 16:34:04,838 - INFO - [pipeline.py:250] - [Grade: A] Saved to: /Users/kenfasano/Scripts/ScreenArt/Images/TransformedImages/peripheral_drift_3-A_d123.jpeg
2026-04-02 16:34:04,858 - INFO - [pipeline.py:136] - "MeltMorphTransformer","intensity=0.50"
2026-04-02 16:34:04,865 - INFO - [pipeline.py:250] - [Grade: A] Saved to: /Users/kenfasano/Scripts/ScreenArt/Images/TransformedImages/peripheral_drift_8-A_0941.jpeg
2026-04-02 16:34:04,964 - INFO - [pipeline.py:136] - "VoronoiTransformer","edge_blend=1,num_points=233"
2026-04-02 16:34:04,971 - INFO - [pipeline.py:250] - [Grade: A] Saved to: /Users/kenfasano/Scripts/ScreenArt/Images/TransformedImages/peripheral_drift_4-A_57fa.jpeg
2026-04-02 16:34:04,979 - INFO - [pipeline.py:136] - "ColormapTransformer","map=rainbow"
2026-04-02 16:34:04,995 - INFO - [pipeline.py:136] - "KaleidoscopeTransformer","cx_off=0.04,cy_off=-0.19,segments=4"
2026-04-02 16:34:05,007 - INFO - [pipeline.py:136] - "SwirlWarpTransformer","strength=1.50"
2026-04-02 16:34:05,014 - INFO - [pipeline.py:250] - [Grade: A] Saved to: /Users/kenfasano/Scripts/ScreenArt/Images/TransformedImages/peripheral_drift_5-A_31cb.jpeg
2026-04-02 16:34:05,027 - INFO - [pipeline.py:136] - "RadialWarpTransformer","radius=0.25,strength=119.94294602842533,137.5485061077506,75.20870599413094,style=push,push,pull"
2026-04-02 16:34:05,035 - INFO - [pipeline.py:136] - "ChromaticAberrationTransformer","angle=165.40,edge_fade=1,shift=12.60"
2026-04-02 16:34:05,049 - INFO - [pipeline.py:136] - "WheelTransformer","blend=add,copies=4"
2026-04-02 16:34:05,055 - INFO - [pipeline.py:250] - [Grade: A] Saved to: /Users/kenfasano/Scripts/ScreenArt/Images/TransformedImages/peripheral_drift_9-A_a2fe.jpeg
2026-04-02 16:34:05,067 - INFO - [pipeline.py:136] - "FisheyeTransformer","shape=oval,strength=0.64,zoom=0.97"
2026-04-02 16:34:05,081 - INFO - [pipeline.py:136] - "HalftoneTransformer","size=2"
2026-04-02 16:34:05,225 - INFO - [pipeline.py:136] - "VoronoiTransformer","edge_blend=1,num_points=332"
2026-04-02 16:34:05,290 - INFO - [pipeline.py:136] - "WatercolorTransformer","scale=0.85,style=psychedelic"
2026-04-02 16:34:05,296 - INFO - [pipeline.py:250] - [Grade: C] Saved to: /Users/kenfasano/Scripts/ScreenArt/Images/TransformedImages/peripheral_drift_10-C_e0ca.jpeg
2026-04-02 16:34:05,314 - INFO - [pipeline.py:136] - "HalftoneTransformer","size=2"
2026-04-02 16:34:05,322 - INFO - [pipeline.py:136] - "GlitchWarpTransformer","intensity=0.01"
2026-04-02 16:34:05,333 - INFO - [pipeline.py:136] - "DataMoshTransformer","intensity=0.01"
2026-04-02 16:34:05,339 - INFO - [pipeline.py:250] - [Grade: A] Saved to: /Users/kenfasano/Scripts/ScreenArt/Images/TransformedImages/peripheral_drift_6-A_fd56.jpeg
2026-04-02 16:34:05,353 - INFO - [pipeline.py:136] - "FractalWarpTransformer","iter=1,scale=0.05"
2026-04-02 16:34:05,368 - INFO - [pipeline.py:136] - "WheelTransformer","blend=add,copies=4"
2026-04-02 16:34:05,381 - INFO - [pipeline.py:136] - "FluidWarpTransformer","alpha=16.27,sigma=6.36"
2026-04-02 16:34:05,398 - INFO - [pipeline.py:136] - "KaleidoscopeTransformer","cx_off=0.07,cy_off=0.18,segments=4"
2026-04-02 16:34:05,403 - INFO - [pipeline.py:250] - [Grade: C] Saved to: /Users/kenfasano/Scripts/ScreenArt/Images/TransformedImages/peripheral_drift_7-C_861c.jpeg
2026-04-02 16:34:05,424 - INFO - [pipeline.py:136] - "FlipWilsonTransformer","keep=right,narrow=0.46"
2026-04-02 16:34:05,432 - INFO - [pipeline.py:136] - "GlitchWarpTransformer","intensity=0.01"
2026-04-02 16:34:05,437 - INFO - [pipeline.py:136] - "ColormapTransformer","map=rainbow"
2026-04-02 16:34:05,451 - INFO - [pipeline.py:136] - "WheelTransformer","blend=add,copies=4"
2026-04-02 16:34:05,458 - INFO - [pipeline.py:250] - [Grade: A] Saved to: /Users/kenfasano/Scripts/ScreenArt/Images/TransformedImages/peripheral_drift_1-A_4402.jpeg
2026-04-02 16:34:05,475 - INFO - [pipeline.py:136] - "ColormapTransformer","map=pink"
2026-04-02 16:34:05,500 - INFO - [pipeline.py:136] - "KaleidoscopeTransformer","cx_off=-0.09,cy_off=-0.18,segments=6"
2026-04-02 16:34:05,511 - INFO - [pipeline.py:136] - "RadialWarpTransformer","radius=0.25,strength=71.69686110137377,102.38922445497968,style=pull,push"
2026-04-02 16:34:05,523 - INFO - [pipeline.py:250] - [Grade: C] Saved to: /Users/kenfasano/Scripts/ScreenArt/Images/TransformedImages/static_mandala_0-C_3706.jpeg
2026-04-02 16:34:05,693 - INFO - [pipeline.py:136] - "FractalWarpTransformer","iter=1,scale=0.05"
2026-04-02 16:34:05,868 - INFO - [pipeline.py:136] - "HalftoneTransformer","size=2"
2026-04-02 16:34:06,036 - INFO - [pipeline.py:136] - "MeltMorphTransformer","intensity=0.50"
2026-04-02 16:34:06,211 - INFO - [pipeline.py:136] - "FlipWilsonTransformer","keep=right,narrow=0.46"
2026-04-02 16:34:06,268 - INFO - [pipeline.py:250] - [Grade: A] Saved to: /Users/kenfasano/Scripts/ScreenArt/Images/TransformedImages/static_mandala_1-A_1562.jpeg
2026-04-02 16:34:06,384 - INFO - [pipeline.py:136] - "HalftoneTransformer","size=2"
2026-04-02 16:34:06,410 - INFO - [pipeline.py:136] - "ColormapTransformer","map=bone"
2026-04-02 16:34:06,480 - INFO - [pipeline.py:136] - "FractalWarpTransformer","iter=1,scale=0.05"
2026-04-02 16:34:06,557 - INFO - [pipeline.py:136] - "ThermalImagingTransformer","thermal=True"
2026-04-02 16:34:06,600 - INFO - [pipeline.py:250] - [Grade: B] Saved to: /Users/kenfasano/Scripts/ScreenArt/Images/TransformedImages/static_mandala_2-B_1bff.jpeg
2026-04-02 16:34:06,673 - INFO - [pipeline.py:136] - "FluidWarpTransformer","alpha=5.82,sigma=6.09"
2026-04-02 16:34:06,711 - INFO - [pipeline.py:136] - "OilPaintingTransformer","dyn_ratio=1,size=5"
2026-04-02 16:34:06,735 - INFO - [pipeline.py:250] - [Grade: A] Saved to: /Users/kenfasano/Scripts/ScreenArt/Images/TransformedImages/Havana_--A_1000.jpeg
2026-04-02 16:34:07,208 - INFO - [pipeline.py:136] - "VoronoiTransformer","edge_blend=1,num_points=318"
2026-04-02 16:34:07,230 - INFO - [pipeline.py:136] - "OilPaintingTransformer","dyn_ratio=8,size=3"
2026-04-02 16:34:07,340 - INFO - [pipeline.py:136] - "PixelSortTransformer","direction=rows,high=0.65,low=0.23,sort_key=saturation"
2026-04-02 16:34:07,384 - INFO - [pipeline.py:136] - "DataMoshTransformer","intensity=0.01"
2026-04-02 16:34:07,406 - INFO - [pipeline.py:250] - [Grade: A] Saved to: /Users/kenfasano/Scripts/ScreenArt/Images/TransformedImages/Mühlebac-A_0730.jpeg
2026-04-02 16:34:07,442 - INFO - [pipeline.py:136] - "FluidWarpTransformer","alpha=8.13,sigma=1.55"
2026-04-02 16:34:07,459 - INFO - [pipeline.py:136] - "RadialWarpTransformer","radius=0.25,strength=66.44794410584811,96.49044190389235,58.08708989238637,style=push,push,push"
2026-04-02 16:34:07,476 - INFO - [pipeline.py:250] - [Grade: A] Saved to: /Users/kenfasano/Scripts/ScreenArt/Images/TransformedImages/Almaš_ce-A_367a.jpeg
2026-04-02 16:34:07,504 - INFO - [pipeline.py:136] - "ColormapTransformer","map=bone"
2026-04-02 16:34:07,548 - INFO - [pipeline.py:136] - "DataMoshTransformer","intensity=0.02"
2026-04-02 16:34:07,577 - INFO - [pipeline.py:136] - "OilPaintingTransformer","dyn_ratio=2,size=4"
2026-04-02 16:34:07,601 - INFO - [pipeline.py:250] - [Grade: A] Saved to: /Users/kenfasano/Scripts/ScreenArt/Images/TransformedImages/Smrkovec-A_665d.jpeg
2026-04-02 16:34:07,684 - INFO - [pipeline.py:136] - "HalftoneTransformer","size=2"
2026-04-02 16:34:07,709 - INFO - [pipeline.py:250] - [Grade: A] Saved to: /Users/kenfasano/Scripts/ScreenArt/Images/TransformedImages/Kratie__-A_19eb.jpeg
2026-04-02 16:34:07,752 - INFO - [pipeline.py:136] - "GlitchWarpTransformer","intensity=0.01"
2026-04-02 16:34:07,767 - INFO - [pipeline.py:136] - "PosterizationTransformer","levels=4"
2026-04-02 16:34:07,809 - INFO - [pipeline.py:136] - "ThermalImagingTransformer","thermal=True"
2026-04-02 16:34:07,832 - INFO - [pipeline.py:250] - [Grade: B] Saved to: /Users/kenfasano/Scripts/ScreenArt/Images/TransformedImages/Buda_Ruska_-_pa-B_794b.jpeg
2026-04-02 16:34:07,970 - INFO - [pipeline.py:136] - "OilPaintingTransformer","dyn_ratio=8,size=7"
2026-04-02 16:34:08,022 - INFO - [pipeline.py:136] - "RadialWarpTransformer","radius=0.25,strength=61.167641196466164,60.000146613186374,56.745013610538024,style=push,pull,pull"
2026-04-02 16:34:08,067 - INFO - [pipeline.py:250] - [Grade: A] Saved to: /Users/kenfasano/Scripts/ScreenArt/Images/TransformedImages/Le_cabinet_des_-A_c5f8.jpeg
2026-04-02 16:34:08,351 - INFO - [pipeline.py:136] - "WatercolorTransformer","scale=0.85,style=psychedelic"
2026-04-02 16:34:08,402 - INFO - [pipeline.py:136] - "SwirlWarpTransformer","strength=1.50"
2026-04-02 16:34:08,425 - INFO - [pipeline.py:250] - [Grade: B] Saved to: /Users/kenfasano/Scripts/ScreenArt/Images/TransformedImages/133_Burg-B_7662.jpeg
2026-04-02 16:34:08,425 - INFO - [main.py:195] - VoronoiTransformer
2026-04-02 16:34:08,425 - INFO - [main.py:195] - WatercolorTransformer
2026-04-02 16:34:08,425 - INFO - [main.py:195] - PixelSortTransformer
2026-04-02 16:34:08,425 - INFO - [main.py:195] - FlipWilsonTransformer
2026-04-02 16:34:08,425 - INFO - [main.py:195] - MeltMorphTransformer
2026-04-02 16:34:08,425 - INFO - [main.py:195] - HalftoneTransformer
2026-04-02 16:34:08,425 - INFO - [main.py:195] - FractalWarpTransformer
2026-04-02 16:34:08,425 - INFO - [main.py:195] - OilPaintingTransformer
2026-04-02 16:34:08,425 - INFO - [main.py:195] - ThermalImagingTransformer
2026-04-02 16:34:08,425 - INFO - [main.py:195] - SwirlWarpTransformer
2026-04-02 16:34:08,425 - INFO - [main.py:195] - WheelTransformer
2026-04-02 16:34:08,425 - INFO - [main.py:195] - FluidWarpTransformer
2026-04-02 16:34:08,425 - INFO - [main.py:195] - KaleidoscopeTransformer
2026-04-02 16:34:08,425 - INFO - [main.py:195] - FisheyeTransformer
2026-04-02 16:34:08,425 - INFO - [main.py:195] - DataMoshTransformer
2026-04-02 16:34:08,425 - INFO - [main.py:195] - ChromaticAberrationTransformer
2026-04-02 16:34:08,425 - INFO - [main.py:195] - GlitchWarpTransformer
2026-04-02 16:34:08,425 - INFO - [main.py:195] - RadialWarpTransformer
2026-04-02 16:34:08,425 - INFO - [main.py:195] - PosterizationTransformer
2026-04-02 16:34:08,425 - INFO - [main.py:195] - ColormapTransformer
2026-04-02 16:34:08,426 - INFO - [main.py:238] - 48s@16:34 ✓
Accepted: 61
Rejected: 1
---
Wiki                       -> 27318ms
Peace                      ->  4419ms
Bible                      ->  3589ms
Nasa                       ->  1204ms
Lojong                     ->   836ms
NasaMapGenerator           ->   828ms
GoesGenerator              ->   546ms
Bubbles                    ->   275ms
PeripheralDriftIllusion    ->   153ms
Cubes                      ->    93ms
MandalaDraw                ->    26ms
StaticMandala              ->     8ms
---
VoronoiTransformer               -> Min:    96ms | Avg:   214ms | Max:   462ms
WatercolorTransformer            -> Min:    65ms | Avg:   168ms | Max:   268ms
PixelSortTransformer             -> Min:    28ms | Avg:    80ms | Max:   127ms
FlipWilsonTransformer            -> Min:    17ms | Avg:    58ms | Max:   174ms
MeltMorphTransformer             -> Min:    13ms | Avg:    56ms | Max:   168ms
HalftoneTransformer              -> Min:    11ms | Avg:    52ms | Max:   175ms
FractalWarpTransformer           -> Min:    10ms | Avg:    42ms | Max:   124ms
OilPaintingTransformer           -> Min:     9ms | Avg:    42ms | Max:   110ms
ThermalImagingTransformer        -> Min:     6ms | Avg:    35ms | Max:    76ms
SwirlWarpTransformer             -> Min:     7ms | Avg:    33ms | Max:    56ms
WheelTransformer                 -> Min:     5ms | Avg:    31ms | Max:    52ms
FluidWarpTransformer             -> Min:     5ms | Avg:    30ms | Max:    54ms
KaleidoscopeTransformer          -> Min:    13ms | Avg:    28ms | Max:    55ms
FisheyeTransformer               -> Min:     7ms | Avg:    27ms | Max:    49ms
DataMoshTransformer              -> Min:     9ms | Avg:    27ms | Max:    44ms
ChromaticAberrationTransformer   -> Min:     8ms | Avg:    24ms | Max:    31ms
GlitchWarpTransformer            -> Min:     4ms | Avg:    22ms | Max:    32ms
RadialWarpTransformer            -> Min:     4ms | Avg:    19ms | Max:    51ms
PosterizationTransformer         -> Min:     3ms | Avg:    11ms | Max:    22ms
ColormapTransformer              -> Min:     2ms | Avg:    11ms | Max:    26ms
