2026-04-02 14:00:11,803 - INFO - [mandala_draw.py:291] - mandala_draw: generated 3/3
2026-04-02 14:00:22,160 - INFO - [pipeline.py:136] - "VoronoiTransformer","edge_blend=1,num_points=151"
2026-04-02 14:00:22,180 - INFO - [pipeline.py:250] - [Grade: A] Saved to: /Users/kenfasano/Scripts/ScreenArt/Images/TransformedImages/psalms_27-A-scatter_4f6c.jpeg
2026-04-02 14:00:22,235 - INFO - [pipeline.py:136] - "FluidWarpTransformer","alpha=7.55,sigma=4.61"
2026-04-02 14:00:22,439 - INFO - [pipeline.py:136] - "VoronoiTransformer","edge_blend=1,num_points=143"
2026-04-02 14:00:22,453 - INFO - [pipeline.py:136] - "ColormapTransformer","map=spring"
2026-04-02 14:00:22,474 - INFO - [pipeline.py:250] - [Grade: A] Saved to: /Users/kenfasano/Scripts/ScreenArt/Images/TransformedImages/psalms_51-A-scatter_37cd.jpeg
2026-04-02 14:00:22,527 - INFO - [pipeline.py:136] - "SwirlWarpTransformer","strength=1.50"
2026-04-02 14:00:22,573 - INFO - [pipeline.py:136] - "FluidWarpTransformer","alpha=8.69,sigma=5.57"
2026-04-02 14:00:22,611 - INFO - [pipeline.py:136] - "DataMoshTransformer","intensity=0.01"
2026-04-02 14:00:22,632 - INFO - [pipeline.py:250] - [Grade: A] Saved to: /Users/kenfasano/Scripts/ScreenArt/Images/TransformedImages/psalms_135-A-scatter_1603.jpeg
2026-04-02 14:00:22,653 - INFO - [pipeline.py:136] - "PosterizationTransformer","levels=4"
2026-04-02 14:00:22,836 - INFO - [pipeline.py:136] - "WheelTransformer","blend=lighter,copies=5"
2026-04-02 14:00:22,889 - INFO - [pipeline.py:136] - "KaleidoscopeTransformer","cx_off=-0.10,cy_off=-0.04,segments=8"
2026-04-02 14:00:22,928 - INFO - [pipeline.py:136] - "SwirlWarpTransformer","strength=1.50"
2026-04-02 14:00:22,950 - INFO - [pipeline.py:250] - [Grade: C] Saved to: /Users/kenfasano/Scripts/ScreenArt/Images/TransformedImages/psalms_129-C-tile_2e02.jpeg
2026-04-02 14:00:23,015 - INFO - [pipeline.py:136] - "KaleidoscopeTransformer","cx_off=-0.15,cy_off=0.03,segments=12"
2026-04-02 14:00:23,035 - INFO - [pipeline.py:250] - [Grade: C] Saved to: /Users/kenfasano/Scripts/ScreenArt/Images/TransformedImages/psalms_81-C-columns_ca41.jpeg
2026-04-02 14:00:23,073 - INFO - [pipeline.py:136] - "FluidWarpTransformer","alpha=14.55,sigma=1.01"
2026-04-02 14:00:23,111 - INFO - [pipeline.py:136] - "DataMoshTransformer","intensity=0.02"
2026-04-02 14:00:23,161 - INFO - [pipeline.py:136] - "HalftoneTransformer","size=2"
2026-04-02 14:00:23,178 - INFO - [pipeline.py:250] - [Grade: A] Saved to: /Users/kenfasano/Scripts/ScreenArt/Images/TransformedImages/bubbles_4-A_24af.jpeg
2026-04-02 14:00:23,234 - INFO - [pipeline.py:136] - "HalftoneTransformer","size=2"
2026-04-02 14:00:23,408 - INFO - [pipeline.py:136] - "WheelTransformer","blend=lighter,copies=5"
2026-04-02 14:00:23,422 - INFO - [pipeline.py:136] - "PosterizationTransformer","levels=4"
2026-04-02 14:00:23,458 - INFO - [pipeline.py:136] - "DataMoshTransformer","intensity=0.01"
2026-04-02 14:00:23,475 - INFO - [pipeline.py:250] - [Grade: C] Saved to: /Users/kenfasano/Scripts/ScreenArt/Images/TransformedImages/bubbles_5-C_1b16.jpeg
2026-04-02 14:00:23,509 - INFO - [pipeline.py:136] - "GlitchWarpTransformer","intensity=0.01"
2026-04-02 14:00:23,527 - INFO - [pipeline.py:250] - [Grade: C] Saved to: /Users/kenfasano/Scripts/ScreenArt/Images/TransformedImages/bubbles_2-C_4466.jpeg
2026-04-02 14:00:23,548 - INFO - [pipeline.py:136] - "PosterizationTransformer","levels=4"
2026-04-02 14:00:23,575 - INFO - [pipeline.py:136] - "ChromaticAberrationTransformer","angle=323.00,edge_fade=1,shift=9.90"
2026-04-02 14:00:23,592 - INFO - [pipeline.py:250] - [Grade: A] Saved to: /Users/kenfasano/Scripts/ScreenArt/Images/TransformedImages/bubbles_3-A_ae94.jpeg
2026-04-02 14:00:23,635 - INFO - [pipeline.py:136] - "FractalWarpTransformer","iter=1,scale=0.05"
2026-04-02 14:00:23,684 - INFO - [pipeline.py:136] - "FluidWarpTransformer","alpha=14.30,sigma=7.48"
2026-04-02 14:00:23,909 - INFO - [pipeline.py:136] - "WatercolorTransformer","scale=0.85,style=monet"
2026-04-02 14:00:23,945 - INFO - [pipeline.py:136] - "ThermalImagingTransformer","thermal=True"
2026-04-02 14:00:23,965 - INFO - [pipeline.py:250] - [Grade: A] Saved to: /Users/kenfasano/Scripts/ScreenArt/Images/TransformedImages/bubbles_1-A_2efb.jpeg
2026-04-02 14:00:24,020 - INFO - [pipeline.py:136] - "HalftoneTransformer","size=2"
2026-04-02 14:00:24,051 - INFO - [pipeline.py:136] - "FisheyeTransformer","shape=circle,strength=0.57,zoom=0.90"
2026-04-02 14:00:24,092 - INFO - [pipeline.py:136] - "PixelSortTransformer","direction=rows,high=0.76,low=0.18,sort_key=brightness"
2026-04-02 14:00:24,127 - INFO - [pipeline.py:136] - "ThermalImagingTransformer","thermal=True"
2026-04-02 14:00:24,144 - INFO - [pipeline.py:250] - [Grade: A] Saved to: /Users/kenfasano/Scripts/ScreenArt/Images/TransformedImages/cubes_2-A_f604.jpeg
2026-04-02 14:00:24,369 - INFO - [pipeline.py:136] - "WatercolorTransformer","scale=0.85,style=psychedelic"
2026-04-02 14:00:24,387 - INFO - [pipeline.py:250] - [Grade: C] Saved to: /Users/kenfasano/Scripts/ScreenArt/Images/TransformedImages/cubes_3-C_a4f4.jpeg
2026-04-02 14:00:24,432 - INFO - [pipeline.py:136] - "FluidWarpTransformer","alpha=11.45,sigma=4.27"
2026-04-02 14:00:24,543 - INFO - [pipeline.py:136] - "FlipWilsonTransformer","keep=top_left,narrow=0.22"
2026-04-02 14:00:24,560 - INFO - [pipeline.py:250] - [Grade: A] Saved to: /Users/kenfasano/Scripts/ScreenArt/Images/TransformedImages/cubes_1-A_9a3c.jpeg
2026-04-02 14:00:24,651 - INFO - [pipeline.py:136] - "FlipWilsonTransformer","keep=top_left,narrow=0.22"
2026-04-02 14:00:24,665 - INFO - [pipeline.py:250] - [Grade: A] Saved to: /Users/kenfasano/Scripts/ScreenArt/Images/TransformedImages/noaa_goes_1_se_Dust-A_1f01.jpeg
2026-04-02 14:00:24,788 - INFO - [pipeline.py:136] - "WheelTransformer","blend=lighter,copies=5"
2026-04-02 14:00:24,806 - INFO - [pipeline.py:136] - "ChromaticAberrationTransformer","angle=24.90,edge_fade=1,shift=7.40"
2026-04-02 14:00:24,881 - INFO - [pipeline.py:136] - "FlipWilsonTransformer","keep=top_left,narrow=0.22"
2026-04-02 14:00:24,898 - INFO - [pipeline.py:136] - "OilPaintingTransformer","dyn_ratio=5,size=4"
2026-04-02 14:00:24,912 - INFO - [pipeline.py:250] - [Grade: A] Saved to: /Users/kenfasano/Scripts/ScreenArt/Images/TransformedImages/noaa_goes_2_se_Day_Night_Cloud_Micro-A_58a1.jpeg
2026-04-02 14:00:24,932 - INFO - [pipeline.py:136] - "ColormapTransformer","map=ocean"
2026-04-02 14:00:24,971 - INFO - [pipeline.py:136] - "SwirlWarpTransformer","strength=1.50"
2026-04-02 14:00:24,991 - INFO - [pipeline.py:136] - "RadialWarpTransformer","radius=0.25,strength=139.46193101169962,88.17814349216327,style=pull,pull"
2026-04-02 14:00:25,009 - INFO - [pipeline.py:250] - [Grade: C] Saved to: /Users/kenfasano/Scripts/ScreenArt/Images/TransformedImages/lojong_2-C-tile_15c4.jpeg
2026-04-02 14:00:25,042 - INFO - [pipeline.py:136] - "ChromaticAberrationTransformer","angle=125.30,edge_fade=1,shift=6.80"
2026-04-02 14:00:25,149 - INFO - [pipeline.py:136] - "FlipWilsonTransformer","keep=top_left,narrow=0.22"
2026-04-02 14:00:25,368 - INFO - [pipeline.py:136] - "WatercolorTransformer","scale=0.85,style=monet"
2026-04-02 14:00:25,754 - INFO - [pipeline.py:136] - "VoronoiTransformer","edge_blend=1,num_points=293"
2026-04-02 14:00:25,773 - INFO - [pipeline.py:250] - [Grade: A] Saved to: /Users/kenfasano/Scripts/ScreenArt/Images/TransformedImages/lojong_3-A-hero_c8cb.jpeg
2026-04-02 14:00:25,808 - INFO - [pipeline.py:136] - "GlitchWarpTransformer","intensity=0.01"
2026-04-02 14:00:25,921 - INFO - [pipeline.py:136] - "PixelSortTransformer","direction=rows,high=0.58,low=0.14,sort_key=blue"
2026-04-02 14:00:26,202 - INFO - [pipeline.py:136] - "VoronoiTransformer","edge_blend=1,num_points=218"
2026-04-02 14:00:26,222 - INFO - [pipeline.py:250] - [Grade: A] Saved to: /Users/kenfasano/Scripts/ScreenArt/Images/TransformedImages/lojong_4-A-tile_16a6.jpeg
2026-04-02 14:00:26,440 - INFO - [pipeline.py:136] - "WatercolorTransformer","scale=0.85,style=monet"
2026-04-02 14:00:26,458 - INFO - [pipeline.py:250] - [Grade: F] Saved to: /Users/kenfasano/Scripts/ScreenArt/Images/Rejected/lojong_0-F-scatter_7ce7.jpeg
2026-04-02 14:00:26,546 - INFO - [pipeline.py:136] - "PixelSortTransformer","direction=rows,high=0.93,low=0.12,sort_key=brightness"
2026-04-02 14:00:26,569 - INFO - [pipeline.py:136] - "RadialWarpTransformer","radius=0.25,strength=90.67264098504099,76.7488936136871,127.77085089542292,style=pull,push,pull"
2026-04-02 14:00:26,618 - INFO - [pipeline.py:136] - "FluidWarpTransformer","alpha=11.42,sigma=6.94"
2026-04-02 14:00:26,671 - INFO - [pipeline.py:136] - "MeltMorphTransformer","intensity=0.50"
2026-04-02 14:00:26,689 - INFO - [pipeline.py:250] - [Grade: F] Saved to: /Users/kenfasano/Scripts/ScreenArt/Images/Rejected/lojong_1-F-hero_c4c0.jpeg
2026-04-02 14:00:26,766 - INFO - [pipeline.py:136] - "KaleidoscopeTransformer","cx_off=-0.14,cy_off=0.09,segments=8"
2026-04-02 14:00:26,787 - INFO - [pipeline.py:250] - [Grade: A] Saved to: /Users/kenfasano/Scripts/ScreenArt/Images/TransformedImages/mandala_draw_1-A_0823.jpeg
2026-04-02 14:00:26,947 - INFO - [pipeline.py:136] - "PixelSortTransformer","direction=cols,high=0.55,low=0.08,sort_key=blue"
2026-04-02 14:00:26,967 - INFO - [pipeline.py:250] - [Grade: A] Saved to: /Users/kenfasano/Scripts/ScreenArt/Images/TransformedImages/mandala_draw_0-A_577e.jpeg
2026-04-02 14:00:27,022 - INFO - [pipeline.py:136] - "DataMoshTransformer","intensity=0.02"
2026-04-02 14:00:27,099 - INFO - [pipeline.py:136] - "PixelSortTransformer","direction=rows,high=0.79,low=0.28,sort_key=blue"
2026-04-02 14:00:27,131 - INFO - [pipeline.py:136] - "ChromaticAberrationTransformer","angle=313.80,edge_fade=1,shift=4.60"
2026-04-02 14:00:27,174 - INFO - [pipeline.py:136] - "FractalWarpTransformer","iter=1,scale=0.05"
2026-04-02 14:00:27,195 - INFO - [pipeline.py:250] - [Grade: C] Saved to: /Users/kenfasano/Scripts/ScreenArt/Images/TransformedImages/mandala_draw_2-C_8274.jpeg
2026-04-02 14:00:27,235 - INFO - [pipeline.py:136] - "FractalWarpTransformer","iter=1,scale=0.05"
2026-04-02 14:00:27,250 - INFO - [pipeline.py:250] - [Grade: F] Saved to: /Users/kenfasano/Scripts/ScreenArt/Images/Rejected/nasa_earth_2_Shanghai_Night_Lights-F_040c.jpeg
2026-04-02 14:00:27,289 - INFO - [pipeline.py:136] - "GlitchWarpTransformer","intensity=0.01"
2026-04-02 14:00:27,341 - INFO - [pipeline.py:136] - "MeltMorphTransformer","intensity=0.50"
2026-04-02 14:00:27,534 - INFO - [pipeline.py:136] - "PixelSortTransformer","direction=rows,high=0.82,low=0.33,sort_key=red"
2026-04-02 14:00:27,555 - INFO - [pipeline.py:250] - [Grade: A] Saved to: /Users/kenfasano/Scripts/ScreenArt/Images/TransformedImages/nasa_earth_3_Dhaka_Vegetation_False_Color-A_f0a8.jpeg
2026-04-02 14:00:27,593 - INFO - [pipeline.py:136] - "GlitchWarpTransformer","intensity=0.01"
2026-04-02 14:00:27,620 - INFO - [pipeline.py:136] - "ChromaticAberrationTransformer","angle=151.40,edge_fade=1,shift=8.60"
2026-04-02 14:00:27,727 - INFO - [pipeline.py:136] - "FlipWilsonTransformer","keep=top_left,narrow=0.22"
2026-04-02 14:00:27,775 - INFO - [pipeline.py:136] - "HalftoneTransformer","size=2"
2026-04-02 14:00:27,794 - INFO - [pipeline.py:250] - [Grade: A] Saved to: /Users/kenfasano/Scripts/ScreenArt/Images/TransformedImages/nasa_earth_1_Paris_True_Color-A_66d9.jpeg
2026-04-02 14:00:27,867 - INFO - [pipeline.py:136] - "WheelTransformer","blend=lighter,copies=5"
2026-04-02 14:00:27,876 - INFO - [pipeline.py:250] - [Grade: C] Saved to: /Users/kenfasano/Scripts/ScreenArt/Images/TransformedImages/Venus-ISSsingleframe1100c-C_c968.jpeg
2026-04-02 14:00:27,886 - INFO - [pipeline.py:136] - "FisheyeTransformer","shape=oval,strength=0.52,zoom=1.11"
2026-04-02 14:00:27,920 - INFO - [pipeline.py:136] - "FlipWilsonTransformer","keep=top_left,narrow=0.22"
2026-04-02 14:00:27,987 - INFO - [pipeline.py:136] - "WatercolorTransformer","scale=0.85,style=psychedelic"
2026-04-02 14:00:27,994 - INFO - [pipeline.py:250] - [Grade: B] Saved to: /Users/kenfasano/Scripts/ScreenArt/Images/TransformedImages/sunspectrum_noao_960-B_640c.jpg
2026-04-02 14:00:28,013 - INFO - [pipeline.py:136] - "WheelTransformer","blend=lighter,copies=5"
2026-04-02 14:00:28,019 - INFO - [pipeline.py:136] - "HalftoneTransformer","size=2"
2026-04-02 14:00:28,022 - INFO - [pipeline.py:136] - "FisheyeTransformer","shape=oval,strength=0.48,zoom=0.91"
2026-04-02 14:00:28,026 - INFO - [pipeline.py:136] - "FluidWarpTransformer","alpha=16.29,sigma=3.64"
2026-04-02 14:00:28,029 - INFO - [pipeline.py:250] - [Grade: B] Saved to: /Users/kenfasano/Scripts/ScreenArt/Images/TransformedImages/solarsail_msfc-B_e98c.jpg
2026-04-02 14:00:28,037 - INFO - [pipeline.py:136] - "OilPaintingTransformer","dyn_ratio=2,size=4"
2026-04-02 14:00:28,047 - INFO - [pipeline.py:136] - "HalftoneTransformer","size=2"
2026-04-02 14:00:28,052 - INFO - [pipeline.py:250] - [Grade: A] Saved to: /Users/kenfasano/Scripts/ScreenArt/Images/TransformedImages/starrynight_vangogh-A_28bd.jpg
2026-04-02 14:00:28,066 - INFO - [pipeline.py:136] - "GlitchWarpTransformer","intensity=0.01"
2026-04-02 14:00:28,074 - INFO - [pipeline.py:250] - [Grade: C] Saved to: /Users/kenfasano/Scripts/ScreenArt/Images/TransformedImages/marsAnalemma_b_900-C_bc1c.jpg
2026-04-02 14:00:28,096 - INFO - [pipeline.py:136] - "FractalWarpTransformer","iter=1,scale=0.05"
2026-04-02 14:00:28,105 - INFO - [pipeline.py:250] - [Grade: A] Saved to: /Users/kenfasano/Scripts/ScreenArt/Images/TransformedImages/northamerica_ir_960-A_866e.jpg
2026-04-02 14:00:28,129 - INFO - [pipeline.py:136] - "ChromaticAberrationTransformer","angle=332.50,edge_fade=1,shift=9.40"
2026-04-02 14:00:28,150 - INFO - [pipeline.py:136] - "FisheyeTransformer","shape=oval,strength=0.68,zoom=1.07"
2026-04-02 14:00:28,186 - INFO - [pipeline.py:136] - "KaleidoscopeTransformer","cx_off=0.15,cy_off=-0.20,segments=8"
2026-04-02 14:00:28,195 - INFO - [pipeline.py:136] - "PosterizationTransformer","levels=4"
2026-04-02 14:00:28,208 - INFO - [pipeline.py:250] - [Grade: A] Saved to: /Users/kenfasano/Scripts/ScreenArt/Images/TransformedImages/JetIss_Schmauss_960-A_4394.jpg
2026-04-02 14:00:28,224 - INFO - [pipeline.py:136] - "DataMoshTransformer","intensity=0.02"
2026-04-02 14:00:28,247 - INFO - [pipeline.py:136] - "PixelSortTransformer","direction=cols,high=0.73,low=0.30,sort_key=green"
2026-04-02 14:00:28,254 - INFO - [pipeline.py:250] - [Grade: C] Saved to: /Users/kenfasano/Scripts/ScreenArt/Images/TransformedImages/m89_hanson_960-C_e766.jpg
2026-04-02 14:00:28,263 - INFO - [pipeline.py:136] - "FisheyeTransformer","shape=circle,strength=0.54,zoom=0.87"
2026-04-02 14:00:28,271 - INFO - [pipeline.py:136] - "FluidWarpTransformer","alpha=0.39,sigma=1.79"
2026-04-02 14:00:28,280 - INFO - [pipeline.py:136] - "FractalWarpTransformer","iter=1,scale=0.05"
2026-04-02 14:00:28,289 - INFO - [pipeline.py:136] - "ThermalImagingTransformer","thermal=True"
2026-04-02 14:00:28,295 - INFO - [pipeline.py:250] - [Grade: C] Saved to: /Users/kenfasano/Scripts/ScreenArt/Images/TransformedImages/mastsharp_curiosity_960-C_96be.jpg
2026-04-02 14:00:28,304 - INFO - [pipeline.py:136] - "FractalWarpTransformer","iter=1,scale=0.05"
2026-04-02 14:00:28,309 - INFO - [pipeline.py:136] - "ChromaticAberrationTransformer","angle=148.80,edge_fade=1,shift=4.90"
2026-04-02 14:00:28,318 - INFO - [pipeline.py:136] - "HalftoneTransformer","size=2"
2026-04-02 14:00:28,322 - INFO - [pipeline.py:136] - "FisheyeTransformer","shape=oval,strength=0.33,zoom=1.00"
2026-04-02 14:00:28,326 - INFO - [pipeline.py:250] - [Grade: C] Saved to: /Users/kenfasano/Scripts/ScreenArt/Images/TransformedImages/lander2panel_hirisephoenix-C_df17.jpg
2026-04-02 14:00:28,342 - INFO - [pipeline.py:136] - "RadialWarpTransformer","radius=0.25,strength=74.04840934084089,style=pull"
2026-04-02 14:00:28,350 - INFO - [pipeline.py:250] - [Grade: C] Saved to: /Users/kenfasano/Scripts/ScreenArt/Images/TransformedImages/Soul_Colombari_960-C_bd10.jpg
2026-04-02 14:00:28,396 - INFO - [pipeline.py:136] - "ChromaticAberrationTransformer","angle=12.70,edge_fade=1,shift=15.10"
2026-04-02 14:00:28,426 - INFO - [pipeline.py:136] - "GlitchWarpTransformer","intensity=0.01"
2026-04-02 14:00:28,539 - INFO - [pipeline.py:136] - "FlipWilsonTransformer","keep=top_left,narrow=0.22"
2026-04-02 14:00:28,577 - INFO - [pipeline.py:136] - "DataMoshTransformer","intensity=0.02"
2026-04-02 14:00:28,597 - INFO - [pipeline.py:250] - [Grade: C] Saved to: /Users/kenfasano/Scripts/ScreenArt/Images/TransformedImages/peace_0-C_d956.jpeg
2026-04-02 14:00:28,648 - INFO - [pipeline.py:136] - "SwirlWarpTransformer","strength=1.50"
2026-04-02 14:00:28,668 - INFO - [pipeline.py:250] - [Grade: C] Saved to: /Users/kenfasano/Scripts/ScreenArt/Images/TransformedImages/peace_1-C_da1c.jpeg
2026-04-02 14:00:28,782 - INFO - [pipeline.py:136] - "PixelSortTransformer","direction=cols,high=0.73,low=0.12,sort_key=blue"
2026-04-02 14:00:28,801 - INFO - [pipeline.py:250] - [Grade: A] Saved to: /Users/kenfasano/Scripts/ScreenArt/Images/TransformedImages/peace_2-A_9224.jpeg
2026-04-02 14:00:28,840 - INFO - [pipeline.py:136] - "GlitchWarpTransformer","intensity=0.01"
2026-04-02 14:00:28,853 - INFO - [pipeline.py:136] - "ColormapTransformer","map=autumn"
2026-04-02 14:00:29,027 - INFO - [pipeline.py:136] - "WheelTransformer","blend=lighter,copies=5"
2026-04-02 14:00:29,044 - INFO - [pipeline.py:136] - "RadialWarpTransformer","radius=0.25,strength=79.03697431231348,style=pull"
2026-04-02 14:00:29,068 - INFO - [pipeline.py:250] - [Grade: B] Saved to: /Users/kenfasano/Scripts/ScreenArt/Images/TransformedImages/peace_3-B_547a.jpeg
2026-04-02 14:00:29,081 - INFO - [pipeline.py:136] - "GlitchWarpTransformer","intensity=0.01"
2026-04-02 14:00:29,088 - INFO - [pipeline.py:250] - [Grade: B] Saved to: /Users/kenfasano/Scripts/ScreenArt/Images/TransformedImages/peripheral_drift_2-B_0f00.jpeg
2026-04-02 14:00:29,097 - INFO - [pipeline.py:136] - "OilPaintingTransformer","dyn_ratio=5,size=3"
2026-04-02 14:00:29,131 - INFO - [pipeline.py:136] - "FlipWilsonTransformer","keep=top_left,narrow=0.22"
2026-04-02 14:00:29,139 - INFO - [pipeline.py:136] - "GlitchWarpTransformer","intensity=0.01"
2026-04-02 14:00:29,205 - INFO - [pipeline.py:136] - "WatercolorTransformer","scale=0.85,style=monet"
2026-04-02 14:00:29,212 - INFO - [pipeline.py:250] - [Grade: A] Saved to: /Users/kenfasano/Scripts/ScreenArt/Images/TransformedImages/peripheral_drift_3-A_47b6.jpeg
2026-04-02 14:00:29,223 - INFO - [pipeline.py:136] - "RadialWarpTransformer","radius=0.25,strength=109.27072932073278,136.1012897408082,style=pull,pull"
2026-04-02 14:00:29,238 - INFO - [pipeline.py:136] - "HalftoneTransformer","size=2"
2026-04-02 14:00:29,243 - INFO - [pipeline.py:250] - [Grade: A] Saved to: /Users/kenfasano/Scripts/ScreenArt/Images/TransformedImages/peripheral_drift_8-A_e2c6.jpeg
2026-04-02 14:00:29,254 - INFO - [pipeline.py:136] - "ChromaticAberrationTransformer","angle=125.60,edge_fade=1,shift=14.30"
2026-04-02 14:00:29,260 - INFO - [pipeline.py:250] - [Grade: A] Saved to: /Users/kenfasano/Scripts/ScreenArt/Images/TransformedImages/peripheral_drift_4-A_2f2f.jpeg
2026-04-02 14:00:29,274 - INFO - [pipeline.py:136] - "FractalWarpTransformer","iter=1,scale=0.05"
2026-04-02 14:00:29,281 - INFO - [pipeline.py:250] - [Grade: A] Saved to: /Users/kenfasano/Scripts/ScreenArt/Images/TransformedImages/peripheral_drift_5-A_9c0e.jpeg
2026-04-02 14:00:29,293 - INFO - [pipeline.py:136] - "OilPaintingTransformer","dyn_ratio=8,size=4"
2026-04-02 14:00:29,304 - INFO - [pipeline.py:136] - "DataMoshTransformer","intensity=0.01"
2026-04-02 14:00:29,412 - INFO - [pipeline.py:136] - "VoronoiTransformer","edge_blend=1,num_points=265"
2026-04-02 14:00:29,466 - INFO - [pipeline.py:136] - "PixelSortTransformer","direction=cols,high=0.61,low=0.16,sort_key=red"
2026-04-02 14:00:29,473 - INFO - [pipeline.py:250] - [Grade: A] Saved to: /Users/kenfasano/Scripts/ScreenArt/Images/TransformedImages/peripheral_drift_9-A_abc9.jpeg
2026-04-02 14:00:29,486 - INFO - [pipeline.py:136] - "FractalWarpTransformer","iter=1,scale=0.05"
2026-04-02 14:00:29,535 - INFO - [pipeline.py:136] - "WheelTransformer","blend=lighter,copies=5"
2026-04-02 14:00:29,543 - INFO - [pipeline.py:136] - "GlitchWarpTransformer","intensity=0.01"
2026-04-02 14:00:29,550 - INFO - [pipeline.py:250] - [Grade: A] Saved to: /Users/kenfasano/Scripts/ScreenArt/Images/TransformedImages/peripheral_drift_10-A_e075.jpeg
2026-04-02 14:00:29,587 - INFO - [pipeline.py:136] - "FlipWilsonTransformer","keep=top_left,narrow=0.22"
2026-04-02 14:00:29,653 - INFO - [pipeline.py:136] - "PixelSortTransformer","direction=cols,high=0.63,low=0.08,sort_key=brightness"
2026-04-02 14:00:29,661 - INFO - [pipeline.py:136] - "RadialWarpTransformer","radius=0.25,strength=37.58871007473306,130.34750999218426,style=push,pull"
2026-04-02 14:00:29,669 - INFO - [pipeline.py:136] - "GlitchWarpTransformer","intensity=0.01"
2026-04-02 14:00:29,676 - INFO - [pipeline.py:250] - [Grade: B] Saved to: /Users/kenfasano/Scripts/ScreenArt/Images/TransformedImages/peripheral_drift_6-B_110b.jpeg
2026-04-02 14:00:29,683 - INFO - [pipeline.py:136] - "PosterizationTransformer","levels=4"
2026-04-02 14:00:29,693 - INFO - [pipeline.py:136] - "RadialWarpTransformer","radius=0.25,strength=40.43181484482771,127.95469811550238,73.81637091765052,style=push,push,pull"
2026-04-02 14:00:29,699 - INFO - [pipeline.py:250] - [Grade: A] Saved to: /Users/kenfasano/Scripts/ScreenArt/Images/TransformedImages/peripheral_drift_7-A_59a4.jpeg
2026-04-02 14:00:29,719 - INFO - [pipeline.py:136] - "KaleidoscopeTransformer","cx_off=0.12,cy_off=-0.14,segments=6"
2026-04-02 14:00:29,735 - INFO - [pipeline.py:136] - "MeltMorphTransformer","intensity=0.50"
2026-04-02 14:00:29,743 - INFO - [pipeline.py:136] - "ChromaticAberrationTransformer","angle=312.30,edge_fade=1,shift=13.10"
2026-04-02 14:00:29,749 - INFO - [pipeline.py:250] - [Grade: A] Saved to: /Users/kenfasano/Scripts/ScreenArt/Images/TransformedImages/peripheral_drift_1-A_d2fd.jpeg
2026-04-02 14:00:31,338 - INFO - [pipeline.py:136] - "PixelSortTransformer","direction=cols,high=0.78,low=0.16,sort_key=green"
2026-04-02 14:00:31,470 - INFO - [pipeline.py:136] - "FluidWarpTransformer","alpha=11.33,sigma=2.39"
2026-04-02 14:00:31,578 - INFO - [pipeline.py:136] - "ThermalImagingTransformer","thermal=True"
2026-04-02 14:00:31,715 - INFO - [pipeline.py:136] - "OilPaintingTransformer","dyn_ratio=6,size=7"
2026-04-02 14:00:31,774 - INFO - [pipeline.py:250] - [Grade: B] Saved to: /Users/kenfasano/Scripts/ScreenArt/Images/TransformedImages/static_mandala_0-B_a223.jpeg
2026-04-02 14:00:32,122 - INFO - [pipeline.py:136] - "WheelTransformer","blend=lighter,copies=5"
2026-04-02 14:00:32,146 - INFO - [pipeline.py:136] - "PosterizationTransformer","levels=4"
2026-04-02 14:00:32,188 - INFO - [pipeline.py:250] - [Grade: A] Saved to: /Users/kenfasano/Scripts/ScreenArt/Images/TransformedImages/static_mandala_1-A_f1ac.jpeg
2026-04-02 14:00:32,414 - INFO - [pipeline.py:136] - "PixelSortTransformer","direction=rows,high=0.88,low=0.29,sort_key=red"
2026-04-02 14:00:32,425 - INFO - [pipeline.py:136] - "FisheyeTransformer","shape=circle,strength=0.27,zoom=0.97"
2026-04-02 14:00:32,431 - INFO - [pipeline.py:136] - "PosterizationTransformer","levels=4"
2026-04-02 14:00:32,456 - INFO - [pipeline.py:136] - "KaleidoscopeTransformer","cx_off=-0.14,cy_off=-0.02,segments=8"
2026-04-02 14:00:32,469 - INFO - [pipeline.py:250] - [Grade: A] Saved to: /Users/kenfasano/Scripts/ScreenArt/Images/TransformedImages/static_mandala_2-A_bd44.jpeg
2026-04-02 14:00:32,480 - INFO - [pipeline.py:136] - "ColormapTransformer","map=autumn"
2026-04-02 14:00:32,494 - INFO - [pipeline.py:136] - "KaleidoscopeTransformer","cx_off=0.08,cy_off=0.03,segments=12"
2026-04-02 14:00:32,507 - INFO - [pipeline.py:136] - "HalftoneTransformer","size=2"
2026-04-02 14:00:32,513 - INFO - [pipeline.py:250] - [Grade: A] Saved to: /Users/kenfasano/Scripts/ScreenArt/Images/TransformedImages/CRI_Tobias_Bola-A_b6cc.jpeg
2026-04-02 14:00:32,564 - INFO - [pipeline.py:136] - "ColormapTransformer","map=autumn"
2026-04-02 14:00:32,691 - INFO - [pipeline.py:136] - "MeltMorphTransformer","intensity=0.50"
2026-04-02 14:00:32,739 - INFO - [pipeline.py:136] - "RadialWarpTransformer","radius=0.25,strength=111.10718320421235,46.142209811509346,style=push,push"
2026-04-02 14:00:32,791 - INFO - [pipeline.py:250] - [Grade: B] Saved to: /Users/kenfasano/Scripts/ScreenArt/Images/TransformedImages/Boston_H-B_96d5.jpeg
2026-04-02 14:00:32,837 - INFO - [pipeline.py:136] - "RadialWarpTransformer","radius=0.25,strength=95.83046766994067,39.552508206172675,78.83172765669715,style=pull,push,push"
2026-04-02 14:00:32,859 - INFO - [pipeline.py:250] - [Grade: F] Saved to: /Users/kenfasano/Scripts/ScreenArt/Images/Rejected/ISS053-E-F_167c.jpeg
2026-04-02 14:00:32,887 - INFO - [pipeline.py:136] - "PosterizationTransformer","levels=4"
2026-04-02 14:00:32,910 - INFO - [pipeline.py:250] - [Grade: A] Saved to: /Users/kenfasano/Scripts/ScreenArt/Images/TransformedImages/ISS047-E-A_c9d3.jpeg
2026-04-02 14:00:32,911 - INFO - [main.py:195] - VoronoiTransformer
2026-04-02 14:00:32,911 - INFO - [main.py:195] - PixelSortTransformer
2026-04-02 14:00:32,911 - INFO - [main.py:195] - WatercolorTransformer
2026-04-02 14:00:32,911 - INFO - [main.py:195] - WheelTransformer
2026-04-02 14:00:32,911 - INFO - [main.py:195] - FlipWilsonTransformer
2026-04-02 14:00:32,911 - INFO - [main.py:195] - MeltMorphTransformer
2026-04-02 14:00:32,911 - INFO - [main.py:195] - ThermalImagingTransformer
2026-04-02 14:00:32,911 - INFO - [main.py:195] - FluidWarpTransformer
2026-04-02 14:00:32,911 - INFO - [main.py:195] - SwirlWarpTransformer
2026-04-02 14:00:32,911 - INFO - [main.py:195] - KaleidoscopeTransformer
2026-04-02 14:00:32,911 - INFO - [main.py:195] - OilPaintingTransformer
2026-04-02 14:00:32,911 - INFO - [main.py:195] - DataMoshTransformer
2026-04-02 14:00:32,911 - INFO - [main.py:195] - HalftoneTransformer
2026-04-02 14:00:32,911 - INFO - [main.py:195] - FractalWarpTransformer
2026-04-02 14:00:32,911 - INFO - [main.py:195] - ChromaticAberrationTransformer
2026-04-02 14:00:32,911 - INFO - [main.py:195] - GlitchWarpTransformer
2026-04-02 14:00:32,911 - INFO - [main.py:195] - RadialWarpTransformer
2026-04-02 14:00:32,911 - INFO - [main.py:195] - ColormapTransformer
2026-04-02 14:00:32,911 - INFO - [main.py:195] - PosterizationTransformer
2026-04-02 14:00:32,911 - INFO - [main.py:195] - FisheyeTransformer
2026-04-02 14:00:32,911 - INFO - [main.py:238] - 26s@14:00 ✓
Accepted: 54
Rejected: 4
---
Wiki                       ->  4268ms
Peace                      ->  3824ms
Bible                      ->  3113ms
Nasa                       ->  1099ms
Lojong                     ->   807ms
NasaMapGenerator           ->   735ms
GoesGenerator              ->   707ms
Bubbles                    ->   261ms
PeripheralDriftIllusion    ->   149ms
Cubes                      ->    92ms
MandalaDraw                ->    28ms
StaticMandala              ->     8ms
---
VoronoiTransformer               -> Min:   108ms | Avg:   239ms | Max:   386ms
PixelSortTransformer             -> Min:    24ms | Avg:   221ms | Max:  1539ms
WatercolorTransformer            -> Min:    66ms | Avg:   168ms | Max:   224ms
WheelTransformer                 -> Min:    19ms | Avg:   136ms | Max:   313ms
FlipWilsonTransformer            -> Min:    33ms | Avg:    77ms | Max:   113ms
MeltMorphTransformer             -> Min:    16ms | Avg:    62ms | Max:   127ms
ThermalImagingTransformer        -> Min:     9ms | Avg:    47ms | Max:   108ms
FluidWarpTransformer             -> Min:     4ms | Avg:    45ms | Max:   132ms
SwirlWarpTransformer             -> Min:    39ms | Avg:    40ms | Max:    43ms
KaleidoscopeTransformer          -> Min:    14ms | Avg:    38ms | Max:    68ms
OilPaintingTransformer           -> Min:     6ms | Avg:    35ms | Max:   136ms
DataMoshTransformer              -> Min:    11ms | Avg:    32ms | Max:    47ms
HalftoneTransformer              -> Min:     5ms | Avg:    27ms | Max:    50ms
FractalWarpTransformer           -> Min:     7ms | Avg:    21ms | Max:    43ms
ChromaticAberrationTransformer   -> Min:     5ms | Avg:    20ms | Max:    34ms
GlitchWarpTransformer            -> Min:     8ms | Avg:    19ms | Max:    30ms
RadialWarpTransformer            -> Min:     6ms | Avg:    19ms | Max:    48ms
ColormapTransformer              -> Min:     4ms | Avg:    14ms | Max:    28ms
PosterizationTransformer         -> Min:     4ms | Avg:    12ms | Max:    24ms
FisheyeTransformer               -> Min:     3ms | Avg:    12ms | Max:    31ms
