2026-03-14 13:56:07,227 - INFO - [pipeline.py:137] - "WheelTransformer","blend=add,copies=3"
2026-03-14 13:56:07,247 - INFO - [pipeline.py:137] - "PosterizationTransformer","levels=4"
2026-03-14 13:56:07,285 - INFO - [pipeline.py:137] - "FluidWarpTransformer","alpha=13.71,sigma=1.37"
2026-03-14 13:56:07,331 - INFO - [pipeline.py:137] - "DataMoshTransformer","intensity=0.02"
2026-03-14 13:56:07,351 - INFO - [pipeline.py:243] - [Grade: A] Saved to: /Users/kenfasano/Scripts/ScreenArt/Images/TransformedImages/bubbles_4-A.jpeg
2026-03-14 13:56:07,401 - INFO - [pipeline.py:137] - "SwirlWarpTransformer","strength=1.50"
2026-03-14 13:56:07,588 - INFO - [pipeline.py:137] - "PixelSortTransformer","direction=cols,high=0.68,low=0.14,sort_key=brightness"
2026-03-14 13:56:07,618 - INFO - [pipeline.py:137] - "GlitchWarpTransformer","intensity=0.01"
2026-03-14 13:56:07,637 - INFO - [pipeline.py:243] - [Grade: A] Saved to: /Users/kenfasano/Scripts/ScreenArt/Images/TransformedImages/bubbles_8-A.jpeg
2026-03-14 13:56:07,680 - INFO - [pipeline.py:137] - "FractalWarpTransformer","iter=1,scale=0.05"
2026-03-14 13:56:07,709 - INFO - [pipeline.py:137] - "GlitchWarpTransformer","intensity=0.01"
2026-03-14 13:56:08,075 - INFO - [pipeline.py:137] - "PixelSortTransformer","direction=cols,high=0.55,low=0.15,sort_key=blue"
2026-03-14 13:56:08,092 - INFO - [pipeline.py:243] - [Grade: A] Saved to: /Users/kenfasano/Scripts/ScreenArt/Images/TransformedImages/bubbles_9-A.jpeg
2026-03-14 13:56:08,126 - INFO - [pipeline.py:137] - "GlitchWarpTransformer","intensity=0.01"
2026-03-14 13:56:08,143 - INFO - [pipeline.py:243] - [Grade: A] Saved to: /Users/kenfasano/Scripts/ScreenArt/Images/TransformedImages/bubbles_5-A.jpeg
2026-03-14 13:56:08,188 - INFO - [pipeline.py:137] - "DataMoshTransformer","intensity=0.01"
2026-03-14 13:56:08,225 - INFO - [pipeline.py:137] - "ThermalImagingTransformer","thermal=True"
2026-03-14 13:56:08,340 - INFO - [pipeline.py:137] - "WheelTransformer","blend=add,copies=3"
2026-03-14 13:56:08,378 - INFO - [pipeline.py:137] - "SwirlWarpTransformer","strength=1.50"
2026-03-14 13:56:08,397 - INFO - [pipeline.py:243] - [Grade: A] Saved to: /Users/kenfasano/Scripts/ScreenArt/Images/TransformedImages/bubbles_2-A.jpeg
2026-03-14 13:56:08,500 - INFO - [pipeline.py:137] - "FlipWilsonTransformer","keep=top_right,narrow=0.47"
2026-03-14 13:56:08,535 - INFO - [pipeline.py:137] - "ThermalImagingTransformer","thermal=True"
2026-03-14 13:56:08,561 - INFO - [pipeline.py:137] - "ChromaticAberrationTransformer","angle=233.00,edge_fade=1,shift=6.70"
2026-03-14 13:56:08,612 - INFO - [pipeline.py:137] - "HalftoneTransformer","size=2"
2026-03-14 13:56:08,629 - INFO - [pipeline.py:243] - [Grade: A] Saved to: /Users/kenfasano/Scripts/ScreenArt/Images/TransformedImages/bubbles_3-A.jpeg
2026-03-14 13:56:08,749 - INFO - [pipeline.py:137] - "WheelTransformer","blend=add,copies=3"
2026-03-14 13:56:08,783 - INFO - [pipeline.py:137] - "FractalWarpTransformer","iter=1,scale=0.05"
2026-03-14 13:56:08,800 - INFO - [pipeline.py:243] - [Grade: A] Saved to: /Users/kenfasano/Scripts/ScreenArt/Images/TransformedImages/bubbles_10-A.jpeg
2026-03-14 13:56:08,974 - INFO - [pipeline.py:137] - "PixelSortTransformer","direction=cols,high=0.67,low=0.13,sort_key=brightness"
2026-03-14 13:56:09,014 - INFO - [pipeline.py:137] - "FluidWarpTransformer","alpha=7.46,sigma=4.67"
2026-03-14 13:56:09,031 - INFO - [pipeline.py:243] - [Grade: A] Saved to: /Users/kenfasano/Scripts/ScreenArt/Images/TransformedImages/bubbles_1-A.jpeg
2026-03-14 13:56:09,058 - INFO - [pipeline.py:137] - "RadialWarpTransformer","radius=0.25,strength=38.96393448007282,47.00874385266853,style=push,pull"
2026-03-14 13:56:09,074 - INFO - [pipeline.py:243] - [Grade: F] Saved to: /Users/kenfasano/Scripts/ScreenArt/Images/Rejected/bubbles_6-F.jpeg
2026-03-14 13:56:09,192 - INFO - [pipeline.py:137] - "WheelTransformer","blend=add,copies=3"
2026-03-14 13:56:09,229 - INFO - [pipeline.py:137] - "DataMoshTransformer","intensity=0.01"
2026-03-14 13:56:09,247 - INFO - [pipeline.py:243] - [Grade: A] Saved to: /Users/kenfasano/Scripts/ScreenArt/Images/TransformedImages/bubbles_7-A.jpeg
2026-03-14 13:56:09,269 - INFO - [pipeline.py:137] - "PosterizationTransformer","levels=4"
2026-03-14 13:56:09,307 - INFO - [pipeline.py:137] - "DataMoshTransformer","intensity=0.01"
2026-03-14 13:56:09,374 - INFO - [pipeline.py:137] - "OilPaintingTransformer","dyn_ratio=5,size=8"
2026-03-14 13:56:09,390 - INFO - [pipeline.py:243] - [Grade: A] Saved to: /Users/kenfasano/Scripts/ScreenArt/Images/TransformedImages/cubes_2-A.jpeg
2026-03-14 13:56:09,423 - INFO - [pipeline.py:137] - "GlitchWarpTransformer","intensity=0.01"
2026-03-14 13:56:09,448 - INFO - [pipeline.py:137] - "ChromaticAberrationTransformer","angle=307.20,edge_fade=1,shift=14.00"
2026-03-14 13:56:09,465 - INFO - [pipeline.py:243] - [Grade: A] Saved to: /Users/kenfasano/Scripts/ScreenArt/Images/TransformedImages/cubes_3-A.jpeg
2026-03-14 13:56:09,507 - INFO - [pipeline.py:137] - "FluidWarpTransformer","alpha=12.75,sigma=3.14"
2026-03-14 13:56:09,523 - INFO - [pipeline.py:243] - [Grade: A] Saved to: /Users/kenfasano/Scripts/ScreenArt/Images/TransformedImages/cubes_4-A.jpeg
2026-03-14 13:56:09,566 - INFO - [pipeline.py:137] - "ThermalImagingTransformer","thermal=True"
2026-03-14 13:56:09,617 - INFO - [pipeline.py:137] - "KaleidoscopeTransformer","cx_off=-0.02,cy_off=-0.01,segments=12"
2026-03-14 13:56:09,642 - INFO - [pipeline.py:137] - "OilPaintingTransformer","dyn_ratio=8,size=4"
2026-03-14 13:56:09,839 - INFO - [pipeline.py:137] - "WheelTransformer","blend=add,copies=3"
2026-03-14 13:56:09,861 - INFO - [pipeline.py:243] - [Grade: A] Saved to: /Users/kenfasano/Scripts/ScreenArt/Images/TransformedImages/cubes_5-A.jpeg
2026-03-14 13:56:09,897 - INFO - [pipeline.py:137] - "GlitchWarpTransformer","intensity=0.01"
2026-03-14 13:56:10,113 - INFO - [pipeline.py:137] - "WatercolorTransformer","scale=0.85,style=psychedelic"
2026-03-14 13:56:10,130 - INFO - [pipeline.py:243] - [Grade: A] Saved to: /Users/kenfasano/Scripts/ScreenArt/Images/TransformedImages/cubes_6-A.jpeg
2026-03-14 13:56:10,249 - INFO - [pipeline.py:137] - "WheelTransformer","blend=add,copies=3"
2026-03-14 13:56:10,262 - INFO - [pipeline.py:137] - "PosterizationTransformer","levels=4"
2026-03-14 13:56:10,311 - INFO - [pipeline.py:137] - "HalftoneTransformer","size=2"
2026-03-14 13:56:10,368 - INFO - [pipeline.py:137] - "PixelSortTransformer","direction=rows,high=0.87,low=0.32,sort_key=green"
2026-03-14 13:56:10,383 - INFO - [pipeline.py:243] - [Grade: A] Saved to: /Users/kenfasano/Scripts/ScreenArt/Images/TransformedImages/cubes_1-A.jpeg
2026-03-14 13:56:10,396 - INFO - [pipeline.py:137] - "PosterizationTransformer","levels=4"
2026-03-14 13:56:10,441 - INFO - [pipeline.py:137] - "WheelTransformer","blend=add,copies=3"
2026-03-14 13:56:10,484 - INFO - [pipeline.py:137] - "FlipWilsonTransformer","keep=top_right,narrow=0.47"
2026-03-14 13:56:10,507 - INFO - [pipeline.py:137] - "KaleidoscopeTransformer","cx_off=0.16,cy_off=0.13,segments=12"
2026-03-14 13:56:10,515 - INFO - [pipeline.py:243] - [Grade: A] Saved to: /Users/kenfasano/Scripts/ScreenArt/Images/TransformedImages/LeluVDB141_1rot1024-A.jpg
2026-03-14 13:56:10,537 - INFO - [pipeline.py:137] - "RadialWarpTransformer","radius=0.25,strength=89.55526926713645,97.81680717899152,style=push,pull"
2026-03-14 13:56:10,553 - INFO - [pipeline.py:137] - "DataMoshTransformer","intensity=0.01"
2026-03-14 13:56:10,575 - INFO - [pipeline.py:137] - "MeltMorphTransformer","intensity=0.50"
2026-03-14 13:56:10,584 - INFO - [pipeline.py:243] - [Grade: A] Saved to: /Users/kenfasano/Scripts/ScreenArt/Images/TransformedImages/noirlab2204a_1024-A.jpg
2026-03-14 13:56:10,590 - INFO - [pipeline.py:137] - "FisheyeTransformer","shape=oval,strength=0.31,zoom=1.02"
2026-03-14 13:56:10,626 - INFO - [pipeline.py:137] - "WatercolorTransformer","scale=0.85,style=monet"
2026-03-14 13:56:10,629 - INFO - [pipeline.py:243] - [Grade: F] Saved to: /Users/kenfasano/Scripts/ScreenArt/Images/Rejected/ngc1309friends_hst_c52-F.jpg
2026-03-14 13:56:10,659 - INFO - [pipeline.py:137] - "FisheyeTransformer","shape=oval,strength=0.69,zoom=0.96"
2026-03-14 13:56:10,668 - INFO - [pipeline.py:243] - [Grade: C] Saved to: /Users/kenfasano/Scripts/ScreenArt/Images/TransformedImages/ARP316_1024-C.jpg
2026-03-14 13:56:10,676 - INFO - [pipeline.py:137] - "FluidWarpTransformer","alpha=1.88,sigma=0.86"
2026-03-14 13:56:10,680 - INFO - [pipeline.py:243] - [Grade: A] Saved to: /Users/kenfasano/Scripts/ScreenArt/Images/TransformedImages/m33_tvdavis_c65-A.jpg
2026-03-14 13:56:10,694 - INFO - [pipeline.py:137] - "SwirlWarpTransformer","strength=1.50"
2026-03-14 13:56:10,699 - INFO - [pipeline.py:243] - [Grade: A] Saved to: /Users/kenfasano/Scripts/ScreenArt/Images/TransformedImages/lunararcs_caxete_960-A.jpg
2026-03-14 13:56:10,716 - INFO - [pipeline.py:137] - "StippleTransformer","bg=white,dot_radius=3,jitter=1,spacing=9"
2026-03-14 13:56:10,730 - INFO - [pipeline.py:137] - "KaleidoscopeTransformer","cx_off=0.03,cy_off=0.08,segments=8"
2026-03-14 13:56:10,850 - INFO - [pipeline.py:137] - "PixelSortTransformer","direction=cols,high=0.67,low=0.05,sort_key=brightness"
2026-03-14 13:56:10,855 - INFO - [pipeline.py:137] - "OilPaintingTransformer","dyn_ratio=3,size=3"
2026-03-14 13:56:10,861 - INFO - [pipeline.py:243] - [Grade: C] Saved to: /Users/kenfasano/Scripts/ScreenArt/Images/TransformedImages/ngc2218_hst-C.jpg
2026-03-14 13:56:10,887 - INFO - [pipeline.py:137] - "ChromaticAberrationTransformer","angle=73.30,edge_fade=1,shift=6.30"
2026-03-14 13:56:10,905 - INFO - [pipeline.py:137] - "StippleTransformer","bg=black,dot_radius=4,jitter=1,spacing=12"
2026-03-14 13:56:10,919 - INFO - [pipeline.py:137] - "GlitchWarpTransformer","intensity=0.01"
2026-03-14 13:56:10,947 - INFO - [pipeline.py:243] - [Grade: B] Saved to: /Users/kenfasano/Scripts/ScreenArt/Images/TransformedImages/dinkinesh-firstlook-llorri-B.png
2026-03-14 13:56:10,962 - INFO - [pipeline.py:137] - "ColormapTransformer","map=summer"
2026-03-14 13:56:10,999 - INFO - [pipeline.py:137] - "FlipWilsonTransformer","keep=top_right,narrow=0.47"
2026-03-14 13:56:11,007 - INFO - [pipeline.py:243] - [Grade: A] Saved to: /Users/kenfasano/Scripts/ScreenArt/Images/TransformedImages/M33RIFAstiBenintende1024-A.jpg
2026-03-14 13:56:11,017 - INFO - [pipeline.py:137] - "OilPaintingTransformer","dyn_ratio=3,size=6"
2026-03-14 13:56:11,020 - INFO - [pipeline.py:243] - [Grade: A] Saved to: /Users/kenfasano/Scripts/ScreenArt/Images/TransformedImages/encke_holloway-A.jpg
2026-03-14 13:56:11,026 - INFO - [pipeline.py:137] - "FisheyeTransformer","shape=circle,strength=0.20,zoom=0.97"
2026-03-14 13:56:11,035 - INFO - [pipeline.py:137] - "SwirlWarpTransformer","strength=1.50"
2026-03-14 13:56:11,044 - INFO - [pipeline.py:137] - "FluidWarpTransformer","alpha=13.24,sigma=7.05"
2026-03-14 13:56:11,050 - INFO - [pipeline.py:137] - "GlitchWarpTransformer","intensity=0.01"
2026-03-14 13:56:11,054 - INFO - [pipeline.py:243] - [Grade: A] Saved to: /Users/kenfasano/Scripts/ScreenArt/Images/TransformedImages/magstream_nrao-A.jpg
2026-03-14 13:56:11,114 - INFO - [pipeline.py:137] - "HalftoneTransformer","size=2"
2026-03-14 13:56:11,139 - INFO - [pipeline.py:137] - "ChromaticAberrationTransformer","angle=182.90,edge_fade=1,shift=8.20"
2026-03-14 13:56:11,173 - INFO - [pipeline.py:137] - "FractalWarpTransformer","iter=1,scale=0.05"
2026-03-14 13:56:11,215 - INFO - [pipeline.py:137] - "FluidWarpTransformer","alpha=10.34,sigma=5.43"
2026-03-14 13:56:11,234 - INFO - [pipeline.py:243] - [Grade: A] Saved to: /Users/kenfasano/Scripts/ScreenArt/Images/TransformedImages/nasa_earth_1_Rio_de_Janeiro_True_Color-A.jpeg
2026-03-14 13:56:11,320 - INFO - [pipeline.py:137] - "FlipWilsonTransformer","keep=top_right,narrow=0.47"
2026-03-14 13:56:11,354 - INFO - [pipeline.py:137] - "HalftoneTransformer","size=2"
2026-03-14 13:56:11,378 - INFO - [pipeline.py:137] - "FractalWarpTransformer","iter=1,scale=0.05"
2026-03-14 13:56:11,388 - INFO - [pipeline.py:243] - [Grade: A] Saved to: /Users/kenfasano/Scripts/ScreenArt/Images/TransformedImages/noaa_goes_1_se_Dust-A.jpeg
2026-03-14 13:56:11,544 - INFO - [pipeline.py:137] - "DataMoshTransformer","intensity=0.01"
2026-03-14 13:56:11,800 - INFO - [pipeline.py:137] - "FlipWilsonTransformer","keep=top_right,narrow=0.47"
2026-03-14 13:56:12,159 - INFO - [pipeline.py:137] - "VoronoiTransformer","edge_blend=1,num_points=90"
2026-03-14 13:56:12,252 - INFO - [pipeline.py:137] - "ThermalImagingTransformer","thermal=True"
2026-03-14 13:56:12,296 - INFO - [pipeline.py:243] - [Grade: A] Saved to: /Users/kenfasano/Scripts/ScreenArt/Images/TransformedImages/Hainstad-A.jpeg
2026-03-14 13:56:13,217 - INFO - [pipeline.py:137] - "PixelSortTransformer","direction=rows,high=0.79,low=0.27,sort_key=brightness"
2026-03-14 13:56:13,256 - INFO - [pipeline.py:137] - "GlitchWarpTransformer","intensity=0.01"
2026-03-14 13:56:13,286 - INFO - [pipeline.py:243] - [Grade: B] Saved to: /Users/kenfasano/Scripts/ScreenArt/Images/TransformedImages/Cirences-B.jpeg
2026-03-14 13:56:13,373 - INFO - [pipeline.py:137] - "MeltMorphTransformer","intensity=0.50"
2026-03-14 13:56:13,398 - INFO - [pipeline.py:243] - [Grade: A] Saved to: /Users/kenfasano/Scripts/ScreenArt/Images/TransformedImages/Wupperta-A.jpeg
2026-03-14 13:56:13,534 - INFO - [pipeline.py:137] - "FlipWilsonTransformer","keep=top_right,narrow=0.47"
2026-03-14 13:56:13,668 - INFO - [pipeline.py:137] - "WheelTransformer","blend=add,copies=3"
2026-03-14 13:56:13,692 - INFO - [pipeline.py:137] - "RadialWarpTransformer","radius=0.25,strength=80.45862506417035,89.00307239404081,style=push,push"
2026-03-14 13:56:13,715 - INFO - [pipeline.py:243] - [Grade: A] Saved to: /Users/kenfasano/Scripts/ScreenArt/Images/TransformedImages/20230571-A.jpeg
2026-03-14 13:56:13,988 - INFO - [pipeline.py:137] - "WheelTransformer","blend=add,copies=3"
2026-03-14 13:56:14,064 - INFO - [pipeline.py:137] - "FisheyeTransformer","shape=oval,strength=0.37,zoom=1.01"
2026-03-14 13:56:14,365 - INFO - [pipeline.py:137] - "VoronoiTransformer","edge_blend=1,num_points=82"
2026-03-14 13:56:14,455 - INFO - [pipeline.py:137] - "DataMoshTransformer","intensity=0.01"
2026-03-14 13:56:14,492 - INFO - [pipeline.py:243] - [Grade: B] Saved to: /Users/kenfasano/Scripts/ScreenArt/Images/TransformedImages/Lake_Arp-B.jpeg
2026-03-14 13:56:14,830 - INFO - [pipeline.py:137] - "WatercolorTransformer","scale=0.85,style=monet"
2026-03-14 13:56:14,852 - INFO - [pipeline.py:243] - [Grade: C] Saved to: /Users/kenfasano/Scripts/ScreenArt/Images/TransformedImages/47019-Ba-C.jpeg
2026-03-14 13:56:14,885 - INFO - [pipeline.py:137] - "StippleTransformer","bg=black,dot_radius=6,jitter=1,spacing=23"
2026-03-14 13:56:14,905 - INFO - [pipeline.py:243] - [Grade: A] Saved to: /Users/kenfasano/Scripts/ScreenArt/Images/TransformedImages/lojong_2-A-scatter.jpeg
2026-03-14 13:56:15,015 - INFO - [pipeline.py:137] - "FlipWilsonTransformer","keep=top_right,narrow=0.47"
2026-03-14 13:56:15,049 - INFO - [pipeline.py:137] - "OilPaintingTransformer","dyn_ratio=4,size=5"
2026-03-14 13:56:15,083 - INFO - [pipeline.py:137] - "FractalWarpTransformer","iter=1,scale=0.05"
2026-03-14 13:56:15,109 - INFO - [pipeline.py:137] - "FisheyeTransformer","shape=oval,strength=0.25,zoom=1.14"
2026-03-14 13:56:15,131 - INFO - [pipeline.py:243] - [Grade: A] Saved to: /Users/kenfasano/Scripts/ScreenArt/Images/TransformedImages/lojong_3-A-columns.jpeg
2026-03-14 13:56:15,542 - INFO - [pipeline.py:137] - "PixelSortTransformer","direction=cols,high=0.67,low=0.11,sort_key=blue"
2026-03-14 13:56:15,579 - INFO - [pipeline.py:137] - "SwirlWarpTransformer","strength=1.50"
2026-03-14 13:56:15,613 - INFO - [pipeline.py:137] - "FractalWarpTransformer","iter=1,scale=0.05"
2026-03-14 13:56:15,666 - INFO - [pipeline.py:137] - "KaleidoscopeTransformer","cx_off=0.12,cy_off=-0.18,segments=12"
2026-03-14 13:56:15,686 - INFO - [pipeline.py:243] - [Grade: A] Saved to: /Users/kenfasano/Scripts/ScreenArt/Images/TransformedImages/lojong_8-A-scatter.jpeg
2026-03-14 13:56:15,808 - INFO - [pipeline.py:137] - "WheelTransformer","blend=add,copies=3"
2026-03-14 13:56:15,842 - INFO - [pipeline.py:137] - "FractalWarpTransformer","iter=1,scale=0.05"
2026-03-14 13:56:15,904 - INFO - [pipeline.py:137] - "AnamorphicTransformer","intensity=0.0,0.2,0.4,0.6,0.8,thresh=80"
2026-03-14 13:56:15,957 - INFO - [pipeline.py:137] - "MeltMorphTransformer","intensity=0.50"
2026-03-14 13:56:15,974 - INFO - [pipeline.py:243] - [Grade: A] Saved to: /Users/kenfasano/Scripts/ScreenArt/Images/TransformedImages/lojong_4-A-tile.jpeg
2026-03-14 13:56:16,014 - INFO - [pipeline.py:137] - "OilPaintingTransformer","dyn_ratio=5,size=5"
2026-03-14 13:56:16,030 - INFO - [pipeline.py:243] - [Grade: B] Saved to: /Users/kenfasano/Scripts/ScreenArt/Images/TransformedImages/lojong_5-B-tile.jpeg
2026-03-14 13:56:16,075 - INFO - [pipeline.py:137] - "SwirlWarpTransformer","strength=1.50"
2026-03-14 13:56:16,088 - INFO - [pipeline.py:137] - "ColormapTransformer","map=ocean"
2026-03-14 13:56:16,107 - INFO - [pipeline.py:243] - [Grade: B] Saved to: /Users/kenfasano/Scripts/ScreenArt/Images/TransformedImages/lojong_9-B-columns.jpeg
2026-03-14 13:56:16,168 - INFO - [pipeline.py:137] - "HalftoneTransformer","size=2"
2026-03-14 13:56:16,205 - INFO - [pipeline.py:137] - "DataMoshTransformer","intensity=0.01"
2026-03-14 13:56:16,223 - INFO - [pipeline.py:243] - [Grade: A] Saved to: /Users/kenfasano/Scripts/ScreenArt/Images/TransformedImages/lojong_6-A-tile.jpeg
2026-03-14 13:56:16,258 - INFO - [pipeline.py:137] - "RadialWarpTransformer","radius=0.25,strength=46.96569615586931,126.25371090749262,83.45784739939091,style=pull,push,push"
2026-03-14 13:56:16,307 - INFO - [pipeline.py:137] - "HalftoneTransformer","size=2"
2026-03-14 13:56:16,324 - INFO - [pipeline.py:243] - [Grade: A] Saved to: /Users/kenfasano/Scripts/ScreenArt/Images/TransformedImages/lojong_7-A-hero.jpeg
2026-03-14 13:56:16,384 - INFO - [pipeline.py:137] - "MeltMorphTransformer","intensity=0.50"
2026-03-14 13:56:16,397 - INFO - [pipeline.py:137] - "ColormapTransformer","map=spring"
2026-03-14 13:56:16,413 - INFO - [pipeline.py:137] - "RadialWarpTransformer","radius=0.25,strength=112.41267201416275,style=push"
2026-03-14 13:56:16,430 - INFO - [pipeline.py:243] - [Grade: C] Saved to: /Users/kenfasano/Scripts/ScreenArt/Images/TransformedImages/lojong_0-C-hero.jpeg
2026-03-14 13:56:16,549 - INFO - [pipeline.py:137] - "WheelTransformer","blend=add,copies=3"
2026-03-14 13:56:16,567 - INFO - [pipeline.py:243] - [Grade: A] Saved to: /Users/kenfasano/Scripts/ScreenArt/Images/TransformedImages/lojong_1-A-tile.jpeg
2026-03-14 13:56:16,797 - INFO - [pipeline.py:137] - "WatercolorTransformer","scale=0.85,style=psychedelic"
2026-03-14 13:56:16,816 - INFO - [pipeline.py:243] - [Grade: C] Saved to: /Users/kenfasano/Scripts/ScreenArt/Images/TransformedImages/psalms_146-C-tile.jpeg
2026-03-14 13:56:17,285 - INFO - [pipeline.py:137] - "PixelSortTransformer","direction=rows,high=0.70,low=0.14,sort_key=brightness"
2026-03-14 13:56:17,305 - INFO - [pipeline.py:243] - [Grade: A] Saved to: /Users/kenfasano/Scripts/ScreenArt/Images/TransformedImages/psalms_21-A-columns.jpeg
2026-03-14 13:56:17,430 - INFO - [pipeline.py:137] - "WheelTransformer","blend=add,copies=3"
2026-03-14 13:56:17,466 - INFO - [pipeline.py:137] - "ThermalImagingTransformer","thermal=True"
2026-03-14 13:56:17,500 - INFO - [pipeline.py:137] - "FractalWarpTransformer","iter=1,scale=0.05"
2026-03-14 13:56:17,518 - INFO - [pipeline.py:243] - [Grade: A] Saved to: /Users/kenfasano/Scripts/ScreenArt/Images/TransformedImages/psalms_82-A-scatter.jpeg
2026-03-14 13:56:17,636 - INFO - [pipeline.py:137] - "WheelTransformer","blend=add,copies=3"
2026-03-14 13:56:17,654 - INFO - [pipeline.py:243] - [Grade: A] Saved to: /Users/kenfasano/Scripts/ScreenArt/Images/TransformedImages/psalms_57-A-hero.jpeg
2026-03-14 13:56:17,675 - INFO - [pipeline.py:137] - "PosterizationTransformer","levels=4"
2026-03-14 13:56:17,786 - INFO - [pipeline.py:137] - "WheelTransformer","blend=add,copies=3"
2026-03-14 13:56:18,019 - INFO - [pipeline.py:137] - "VoronoiTransformer","edge_blend=1,num_points=176"
2026-03-14 13:56:18,036 - INFO - [pipeline.py:243] - [Grade: A] Saved to: /Users/kenfasano/Scripts/ScreenArt/Images/TransformedImages/psalms_89-A-hero.jpeg
2026-03-14 13:56:18,057 - INFO - [pipeline.py:137] - "PosterizationTransformer","levels=4"
2026-03-14 13:56:18,390 - INFO - [pipeline.py:137] - "VoronoiTransformer","edge_blend=1,num_points=261"
2026-03-14 13:56:18,429 - INFO - [pipeline.py:137] - "FractalWarpTransformer","iter=1,scale=0.05"
2026-03-14 13:56:18,448 - INFO - [pipeline.py:243] - [Grade: A] Saved to: /Users/kenfasano/Scripts/ScreenArt/Images/TransformedImages/psalms_27-A-tile.jpeg
2026-03-14 13:56:18,499 - INFO - [pipeline.py:137] - "ThermalImagingTransformer","thermal=True"
2026-03-14 13:56:18,527 - INFO - [pipeline.py:137] - "GlitchWarpTransformer","intensity=0.01"
2026-03-14 13:56:18,639 - INFO - [pipeline.py:137] - "WheelTransformer","blend=add,copies=3"
2026-03-14 13:56:18,659 - INFO - [pipeline.py:243] - [Grade: A] Saved to: /Users/kenfasano/Scripts/ScreenArt/Images/TransformedImages/psalms_25-A-scatter.jpeg
2026-03-14 13:56:18,694 - INFO - [pipeline.py:137] - "GlitchWarpTransformer","intensity=0.01"
2026-03-14 13:56:18,720 - INFO - [pipeline.py:137] - "ChromaticAberrationTransformer","angle=3.60,edge_fade=1,shift=16.50"
2026-03-14 13:56:18,733 - INFO - [pipeline.py:137] - "ColormapTransformer","map=summer"
2026-03-14 13:56:18,746 - INFO - [pipeline.py:137] - "PosterizationTransformer","levels=4"
2026-03-14 13:56:18,764 - INFO - [pipeline.py:243] - [Grade: B] Saved to: /Users/kenfasano/Scripts/ScreenArt/Images/TransformedImages/psalms_13-B-scatter.jpeg
2026-03-14 13:56:18,787 - INFO - [pipeline.py:137] - "ColormapTransformer","map=hot"
2026-03-14 13:56:18,806 - INFO - [pipeline.py:243] - [Grade: B] Saved to: /Users/kenfasano/Scripts/ScreenArt/Images/TransformedImages/psalms_129-B-columns.jpeg
2026-03-14 13:56:18,865 - INFO - [pipeline.py:137] - "ThermalImagingTransformer","thermal=True"
2026-03-14 13:56:18,945 - INFO - [pipeline.py:137] - "StippleTransformer","bg=complement,dot_radius=3,jitter=1,spacing=7"
2026-03-14 13:56:18,983 - INFO - [pipeline.py:137] - "SwirlWarpTransformer","strength=1.50"
2026-03-14 13:56:19,211 - INFO - [pipeline.py:137] - "WatercolorTransformer","scale=0.85,style=psychedelic"
2026-03-14 13:56:19,236 - INFO - [pipeline.py:243] - [Grade: A] Saved to: /Users/kenfasano/Scripts/ScreenArt/Images/TransformedImages/psalms_63-A-columns.jpeg
2026-03-14 13:56:19,264 - INFO - [pipeline.py:137] - "ThermalImagingTransformer","thermal=True"
2026-03-14 13:56:19,276 - INFO - [pipeline.py:137] - "DataMoshTransformer","intensity=0.02"
2026-03-14 13:56:19,282 - INFO - [pipeline.py:243] - [Grade: B] Saved to: /Users/kenfasano/Scripts/ScreenArt/Images/TransformedImages/peripheral_drift_2-B.jpeg
2026-03-14 13:56:19,302 - INFO - [pipeline.py:137] - "KaleidoscopeTransformer","cx_off=-0.19,cy_off=0.06,segments=4"
2026-03-14 13:56:19,309 - INFO - [pipeline.py:137] - "FisheyeTransformer","shape=circle,strength=0.72,zoom=0.96"
2026-03-14 13:56:19,379 - INFO - [pipeline.py:137] - "WatercolorTransformer","scale=0.85,style=monet"
2026-03-14 13:56:19,385 - INFO - [pipeline.py:243] - [Grade: A] Saved to: /Users/kenfasano/Scripts/ScreenArt/Images/TransformedImages/peripheral_drift_3-A.jpeg
2026-03-14 13:56:19,393 - INFO - [pipeline.py:137] - "PosterizationTransformer","levels=4"
2026-03-14 13:56:19,398 - INFO - [pipeline.py:243] - [Grade: A] Saved to: /Users/kenfasano/Scripts/ScreenArt/Images/TransformedImages/peripheral_drift_1-A.jpeg
2026-03-14 13:56:19,399 - INFO - [main.py:196] - PixelSortTransformer
2026-03-14 13:56:19,399 - INFO - [main.py:196] - VoronoiTransformer
2026-03-14 13:56:19,399 - INFO - [main.py:196] - WatercolorTransformer
2026-03-14 13:56:19,399 - INFO - [main.py:196] - WheelTransformer
2026-03-14 13:56:19,399 - INFO - [main.py:196] - FlipWilsonTransformer
2026-03-14 13:56:19,399 - INFO - [main.py:196] - AnamorphicTransformer
2026-03-14 13:56:19,399 - INFO - [main.py:196] - MeltMorphTransformer
2026-03-14 13:56:19,399 - INFO - [main.py:196] - DataMoshTransformer
2026-03-14 13:56:19,399 - INFO - [main.py:196] - HalftoneTransformer
2026-03-14 13:56:19,399 - INFO - [main.py:196] - ThermalImagingTransformer
2026-03-14 13:56:19,399 - INFO - [main.py:196] - FractalWarpTransformer
2026-03-14 13:56:19,399 - INFO - [main.py:196] - StippleTransformer
2026-03-14 13:56:19,399 - INFO - [main.py:196] - KaleidoscopeTransformer
2026-03-14 13:56:19,399 - INFO - [main.py:196] - SwirlWarpTransformer
2026-03-14 13:56:19,399 - INFO - [main.py:196] - OilPaintingTransformer
2026-03-14 13:56:19,399 - INFO - [main.py:196] - FluidWarpTransformer
2026-03-14 13:56:19,399 - INFO - [main.py:196] - GlitchWarpTransformer
2026-03-14 13:56:19,399 - INFO - [main.py:196] - ChromaticAberrationTransformer
2026-03-14 13:56:19,399 - INFO - [main.py:196] - FisheyeTransformer
2026-03-14 13:56:19,399 - INFO - [main.py:196] - RadialWarpTransformer
2026-03-14 13:56:19,399 - INFO - [main.py:196] - PosterizationTransformer
2026-03-14 13:56:19,399 - INFO - [main.py:196] - ColormapTransformer
2026-03-14 13:56:19,399 - INFO - [main.py:239] - 31s@13:56 ✓
Accepted: 56
Rejected: 2
---
Wiki                       ->  8518ms
Bible                      ->  5951ms
Lojong                     ->  2275ms
GoesGenerator              ->  1309ms
Nasa                       ->   790ms
Bubbles                    ->   422ms
Cubes                      ->   187ms
NasaMapGenerator           ->    58ms
PeripheralDriftIllusion    ->    48ms
---
PixelSortTransformer             -> Min:    57ms | Avg:   332ms | Max:   903ms
VoronoiTransformer               -> Min:   233ms | Avg:   306ms | Max:   359ms
WatercolorTransformer            -> Min:    36ms | Avg:   177ms | Max:   290ms
WheelTransformer                 -> Min:    44ms | Avg:   125ms | Max:   252ms
FlipWilsonTransformer            -> Min:    36ms | Avg:   104ms | Max:   256ms
AnamorphicTransformer            -> Min:    61ms | Avg:    61ms | Max:    61ms
MeltMorphTransformer             -> Min:    23ms | Avg:    50ms | Max:    72ms
DataMoshTransformer              -> Min:    12ms | Avg:    49ms | Max:   125ms
HalftoneTransformer              -> Min:    34ms | Avg:    47ms | Max:    51ms
ThermalImagingTransformer        -> Min:    13ms | Avg:    41ms | Max:    93ms
FractalWarpTransformer           -> Min:    24ms | Avg:    34ms | Max:    40ms
StippleTransformer               -> Min:    14ms | Avg:    33ms | Max:    80ms
KaleidoscopeTransformer          -> Min:    14ms | Avg:    31ms | Max:    53ms
SwirlWarpTransformer             -> Min:     8ms | Avg:    30ms | Max:    43ms
OilPaintingTransformer           -> Min:     5ms | Avg:    29ms | Max:    66ms
FluidWarpTransformer             -> Min:     6ms | Avg:    28ms | Max:    41ms
GlitchWarpTransformer            -> Min:     5ms | Avg:    25ms | Max:    39ms
ChromaticAberrationTransformer   -> Min:    13ms | Avg:    23ms | Max:    25ms
FisheyeTransformer               -> Min:     4ms | Avg:    22ms | Max:    76ms
RadialWarpTransformer            -> Min:    10ms | Avg:    19ms | Max:    25ms
PosterizationTransformer         -> Min:     4ms | Avg:    12ms | Max:    20ms
ColormapTransformer              -> Min:     5ms | Avg:    11ms | Max:    13ms
