2026-03-28 17:02:42,941 - INFO - [mandala_draw.py:291] - mandala_draw: generated 3/3
2026-03-28 17:02:55,821 - INFO - [pipeline.py:136] - "KaleidoscopeTransformer","cx_off=0.03,cy_off=-0.20,segments=6"
2026-03-28 17:02:55,862 - INFO - [pipeline.py:136] - "SwirlWarpTransformer","strength=1.50"
2026-03-28 17:02:55,905 - INFO - [pipeline.py:136] - "DataMoshTransformer","intensity=0.02"
2026-03-28 17:02:55,922 - INFO - [pipeline.py:250] - [Grade: F] Saved to: /Users/kenfasano/Scripts/ScreenArt/Images/Rejected/psalms_60-F-hero_a2cb.jpeg
2026-03-28 17:02:56,208 - INFO - [pipeline.py:136] - "VoronoiTransformer","edge_blend=1,num_points=202"
2026-03-28 17:02:56,236 - INFO - [pipeline.py:136] - "GlitchWarpTransformer","intensity=0.01"
2026-03-28 17:02:56,272 - INFO - [pipeline.py:136] - "ThermalImagingTransformer","thermal=True"
2026-03-28 17:02:56,287 - INFO - [pipeline.py:136] - "PosterizationTransformer","levels=4"
2026-03-28 17:02:56,308 - INFO - [pipeline.py:250] - [Grade: F] Saved to: /Users/kenfasano/Scripts/ScreenArt/Images/Rejected/psalms_98-F-hero_078e.jpeg
2026-03-28 17:02:56,420 - INFO - [pipeline.py:136] - "FlipWilsonTransformer","keep=top_left,narrow=0.42"
2026-03-28 17:02:56,638 - INFO - [pipeline.py:136] - "PixelSortTransformer","direction=cols,high=0.56,low=0.15,sort_key=saturation"
2026-03-28 17:02:56,751 - INFO - [pipeline.py:136] - "WheelTransformer","blend=add,copies=3"
2026-03-28 17:02:56,804 - INFO - [pipeline.py:136] - "KaleidoscopeTransformer","cx_off=-0.06,cy_off=-0.03,segments=8"
2026-03-28 17:02:56,821 - INFO - [pipeline.py:250] - [Grade: A] Saved to: /Users/kenfasano/Scripts/ScreenArt/Images/TransformedImages/psalms_106-A-scatter_62bf.jpeg
2026-03-28 17:02:56,856 - INFO - [pipeline.py:136] - "GlitchWarpTransformer","intensity=0.01"
2026-03-28 17:02:56,873 - INFO - [pipeline.py:250] - [Grade: A] Saved to: /Users/kenfasano/Scripts/ScreenArt/Images/TransformedImages/psalms_110-A-scatter_19fd.jpeg
2026-03-28 17:02:56,910 - INFO - [pipeline.py:136] - "GlitchWarpTransformer","intensity=0.01"
2026-03-28 17:02:57,132 - INFO - [pipeline.py:136] - "WatercolorTransformer","scale=0.85,style=psychedelic"
2026-03-28 17:02:57,184 - INFO - [pipeline.py:136] - "FluidWarpTransformer","alpha=1.01,sigma=7.60"
2026-03-28 17:02:57,284 - INFO - [pipeline.py:136] - "FlipWilsonTransformer","keep=top_left,narrow=0.42"
2026-03-28 17:02:57,303 - INFO - [pipeline.py:250] - [Grade: F] Saved to: /Users/kenfasano/Scripts/ScreenArt/Images/Rejected/psalms_64-F-tile_92fc.jpeg
2026-03-28 17:02:57,346 - INFO - [pipeline.py:136] - "FractalWarpTransformer","iter=1,scale=0.05"
2026-03-28 17:02:57,399 - INFO - [pipeline.py:136] - "MeltMorphTransformer","intensity=0.50"
2026-03-28 17:02:57,510 - INFO - [pipeline.py:136] - "WheelTransformer","blend=add,copies=3"
2026-03-28 17:02:57,528 - INFO - [pipeline.py:250] - [Grade: A] Saved to: /Users/kenfasano/Scripts/ScreenArt/Images/TransformedImages/psalms_87-A-scatter_ed44.jpeg
2026-03-28 17:02:57,580 - INFO - [pipeline.py:136] - "FluidWarpTransformer","alpha=3.59,sigma=5.21"
2026-03-28 17:02:57,599 - INFO - [pipeline.py:250] - [Grade: C] Saved to: /Users/kenfasano/Scripts/ScreenArt/Images/TransformedImages/psalms_143-C-tile_3c99.jpeg
2026-03-28 17:02:57,632 - INFO - [pipeline.py:136] - "ChromaticAberrationTransformer","angle=83.10,edge_fade=1,shift=13.90"
2026-03-28 17:02:57,743 - INFO - [pipeline.py:136] - "WheelTransformer","blend=add,copies=3"
2026-03-28 17:02:57,961 - INFO - [pipeline.py:136] - "WatercolorTransformer","scale=0.85,style=psychedelic"
2026-03-28 17:02:58,011 - INFO - [pipeline.py:136] - "FluidWarpTransformer","alpha=3.20,sigma=7.91"
2026-03-28 17:02:58,029 - INFO - [pipeline.py:250] - [Grade: C] Saved to: /Users/kenfasano/Scripts/ScreenArt/Images/TransformedImages/psalms_23-C-hero_b9e0.jpeg
2026-03-28 17:02:58,054 - INFO - [pipeline.py:136] - "PosterizationTransformer","levels=4"
2026-03-28 17:02:58,107 - INFO - [pipeline.py:136] - "MeltMorphTransformer","intensity=0.50"
2026-03-28 17:02:58,131 - INFO - [pipeline.py:136] - "RadialWarpTransformer","radius=0.25,strength=80.43942738445935,51.20185749323366,136.0065727055293,style=push,push,pull"
2026-03-28 17:02:58,173 - INFO - [pipeline.py:136] - "FluidWarpTransformer","alpha=6.78,sigma=4.83"
2026-03-28 17:02:58,193 - INFO - [pipeline.py:250] - [Grade: C] Saved to: /Users/kenfasano/Scripts/ScreenArt/Images/TransformedImages/psalms_96-C-columns_15e3.jpeg
2026-03-28 17:02:58,225 - INFO - [pipeline.py:136] - "RadialWarpTransformer","radius=0.25,strength=77.80675082728793,71.66472846222138,127.58016771246372,style=push,pull,push"
2026-03-28 17:02:58,238 - INFO - [pipeline.py:136] - "PosterizationTransformer","levels=4"
2026-03-28 17:02:58,256 - INFO - [pipeline.py:250] - [Grade: A] Saved to: /Users/kenfasano/Scripts/ScreenArt/Images/TransformedImages/bubbles_4-A_1616.jpeg
2026-03-28 17:02:58,309 - INFO - [pipeline.py:136] - "OilPaintingTransformer","dyn_ratio=7,size=6"
2026-03-28 17:02:58,346 - INFO - [pipeline.py:136] - "DataMoshTransformer","intensity=0.01"
2026-03-28 17:02:58,375 - INFO - [pipeline.py:136] - "FisheyeTransformer","shape=circle,strength=0.34,zoom=1.03"
2026-03-28 17:02:58,393 - INFO - [pipeline.py:250] - [Grade: B] Saved to: /Users/kenfasano/Scripts/ScreenArt/Images/TransformedImages/bubbles_8-B_6035.jpeg
2026-03-28 17:02:58,499 - INFO - [pipeline.py:136] - "FlipWilsonTransformer","keep=top_left,narrow=0.42"
2026-03-28 17:02:58,522 - INFO - [pipeline.py:136] - "FisheyeTransformer","shape=oval,strength=0.52,zoom=0.92"
2026-03-28 17:02:58,802 - INFO - [pipeline.py:136] - "PixelSortTransformer","direction=cols,high=0.82,low=0.10,sort_key=saturation"
2026-03-28 17:02:58,840 - INFO - [pipeline.py:136] - "DataMoshTransformer","intensity=0.02"
2026-03-28 17:02:58,858 - INFO - [pipeline.py:250] - [Grade: C] Saved to: /Users/kenfasano/Scripts/ScreenArt/Images/TransformedImages/bubbles_9-C_7440.jpeg
2026-03-28 17:02:58,913 - INFO - [pipeline.py:136] - "HalftoneTransformer","size=2"
2026-03-28 17:02:58,947 - INFO - [pipeline.py:136] - "ThermalImagingTransformer","thermal=True"
2026-03-28 17:02:58,963 - INFO - [pipeline.py:250] - [Grade: A] Saved to: /Users/kenfasano/Scripts/ScreenArt/Images/TransformedImages/bubbles_5-A_c0b6.jpeg
2026-03-28 17:02:59,009 - INFO - [pipeline.py:136] - "SwirlWarpTransformer","strength=1.50"
2026-03-28 17:02:59,027 - INFO - [pipeline.py:250] - [Grade: C] Saved to: /Users/kenfasano/Scripts/ScreenArt/Images/TransformedImages/bubbles_2-C_f5c3.jpeg
2026-03-28 17:02:59,124 - INFO - [pipeline.py:136] - "PixelSortTransformer","direction=cols,high=0.83,low=0.24,sort_key=brightness"
2026-03-28 17:02:59,224 - INFO - [pipeline.py:136] - "FlipWilsonTransformer","keep=top_left,narrow=0.42"
2026-03-28 17:02:59,241 - INFO - [pipeline.py:250] - [Grade: C] Saved to: /Users/kenfasano/Scripts/ScreenArt/Images/TransformedImages/bubbles_3-C_68d1.jpeg
2026-03-28 17:02:59,361 - INFO - [pipeline.py:136] - "WheelTransformer","blend=add,copies=3"
2026-03-28 17:02:59,466 - INFO - [pipeline.py:136] - "FlipWilsonTransformer","keep=top_left,narrow=0.42"
2026-03-28 17:02:59,503 - INFO - [pipeline.py:136] - "FractalWarpTransformer","iter=1,scale=0.05"
2026-03-28 17:02:59,523 - INFO - [pipeline.py:250] - [Grade: A] Saved to: /Users/kenfasano/Scripts/ScreenArt/Images/TransformedImages/bubbles_10-A_71e5.jpeg
2026-03-28 17:02:59,562 - INFO - [pipeline.py:136] - "ChromaticAberrationTransformer","angle=282.30,edge_fade=1,shift=7.20"
2026-03-28 17:02:59,617 - INFO - [pipeline.py:136] - "FluidWarpTransformer","alpha=11.15,sigma=7.28"
2026-03-28 17:02:59,658 - INFO - [pipeline.py:136] - "OilPaintingTransformer","dyn_ratio=8,size=5"
2026-03-28 17:02:59,699 - INFO - [pipeline.py:136] - "DataMoshTransformer","intensity=0.02"
2026-03-28 17:02:59,718 - INFO - [pipeline.py:250] - [Grade: C] Saved to: /Users/kenfasano/Scripts/ScreenArt/Images/TransformedImages/bubbles_1-C_3045.jpeg
2026-03-28 17:02:59,769 - INFO - [pipeline.py:136] - "DataMoshTransformer","intensity=0.02"
2026-03-28 17:02:59,868 - INFO - [pipeline.py:136] - "PixelSortTransformer","direction=rows,high=0.81,low=0.30,sort_key=brightness"
2026-03-28 17:02:59,889 - INFO - [pipeline.py:250] - [Grade: A] Saved to: /Users/kenfasano/Scripts/ScreenArt/Images/TransformedImages/bubbles_6-A_db70.jpeg
2026-03-28 17:02:59,932 - INFO - [pipeline.py:136] - "GlitchWarpTransformer","intensity=0.01"
2026-03-28 17:02:59,961 - INFO - [pipeline.py:136] - "ChromaticAberrationTransformer","angle=162.90,edge_fade=1,shift=15.60"
2026-03-28 17:02:59,981 - INFO - [pipeline.py:250] - [Grade: A] Saved to: /Users/kenfasano/Scripts/ScreenArt/Images/TransformedImages/bubbles_7-A_f132.jpeg
2026-03-28 17:03:00,024 - INFO - [pipeline.py:136] - "FractalWarpTransformer","iter=1,scale=0.05"
2026-03-28 17:03:00,050 - INFO - [pipeline.py:136] - "RadialWarpTransformer","radius=0.25,strength=109.76660263831505,style=pull"
2026-03-28 17:03:00,088 - INFO - [pipeline.py:136] - "ThermalImagingTransformer","thermal=True"
2026-03-28 17:03:00,106 - INFO - [pipeline.py:250] - [Grade: A] Saved to: /Users/kenfasano/Scripts/ScreenArt/Images/TransformedImages/cubes_2-A_4f4e.jpeg
2026-03-28 17:03:00,141 - INFO - [pipeline.py:136] - "RadialWarpTransformer","radius=0.25,strength=57.602669800945286,37.138468361916644,101.47575076696786,style=push,pull,pull"
2026-03-28 17:03:00,200 - INFO - [pipeline.py:136] - "PixelSortTransformer","direction=cols,high=0.80,low=0.34,sort_key=brightness"
2026-03-28 17:03:00,231 - INFO - [pipeline.py:136] - "ChromaticAberrationTransformer","angle=143.20,edge_fade=1,shift=17.50"
2026-03-28 17:03:00,250 - INFO - [pipeline.py:250] - [Grade: A] Saved to: /Users/kenfasano/Scripts/ScreenArt/Images/TransformedImages/cubes_3-A_f993.jpeg
2026-03-28 17:03:00,285 - INFO - [pipeline.py:136] - "GlitchWarpTransformer","intensity=0.01"
2026-03-28 17:03:00,324 - INFO - [pipeline.py:136] - "ThermalImagingTransformer","thermal=True"
2026-03-28 17:03:00,441 - INFO - [pipeline.py:136] - "FlipWilsonTransformer","keep=top_left,narrow=0.42"
2026-03-28 17:03:00,471 - INFO - [pipeline.py:250] - [Grade: A] Saved to: /Users/kenfasano/Scripts/ScreenArt/Images/TransformedImages/cubes_4-A_afe4.jpeg
2026-03-28 17:03:00,596 - INFO - [pipeline.py:136] - "WheelTransformer","blend=add,copies=3"
2026-03-28 17:03:00,613 - INFO - [pipeline.py:250] - [Grade: A] Saved to: /Users/kenfasano/Scripts/ScreenArt/Images/TransformedImages/cubes_5-A_955a.jpeg
2026-03-28 17:03:00,836 - INFO - [pipeline.py:136] - "WatercolorTransformer","scale=0.85,style=psychedelic"
2026-03-28 17:03:00,854 - INFO - [pipeline.py:250] - [Grade: C] Saved to: /Users/kenfasano/Scripts/ScreenArt/Images/TransformedImages/cubes_6-C_1d6b.jpeg
2026-03-28 17:03:00,966 - INFO - [pipeline.py:136] - "FlipWilsonTransformer","keep=top_left,narrow=0.42"
2026-03-28 17:03:00,984 - INFO - [pipeline.py:250] - [Grade: A] Saved to: /Users/kenfasano/Scripts/ScreenArt/Images/TransformedImages/cubes_1-A_9ada.jpeg
2026-03-28 17:03:01,010 - INFO - [pipeline.py:136] - "GlitchWarpTransformer","intensity=0.01"
2026-03-28 17:03:01,023 - INFO - [pipeline.py:250] - [Grade: B] Saved to: /Users/kenfasano/Scripts/ScreenArt/Images/TransformedImages/noaa_goes_1_se_Air_Mass-B_82da.jpeg
2026-03-28 17:03:01,054 - INFO - [pipeline.py:136] - "ChromaticAberrationTransformer","angle=111.80,edge_fade=1,shift=13.70"
2026-03-28 17:03:01,168 - INFO - [pipeline.py:136] - "WheelTransformer","blend=add,copies=3"
2026-03-28 17:03:01,274 - INFO - [pipeline.py:136] - "PixelSortTransformer","direction=cols,high=0.92,low=0.07,sort_key=brightness"
2026-03-28 17:03:01,312 - INFO - [pipeline.py:136] - "FluidWarpTransformer","alpha=13.60,sigma=4.20"
2026-03-28 17:03:01,329 - INFO - [pipeline.py:250] - [Grade: A] Saved to: /Users/kenfasano/Scripts/ScreenArt/Images/TransformedImages/lojong_2-A-scatter_a85f.jpeg
2026-03-28 17:03:01,364 - INFO - [pipeline.py:136] - "FisheyeTransformer","shape=oval,strength=0.75,zoom=1.14"
2026-03-28 17:03:01,398 - INFO - [pipeline.py:136] - "FractalWarpTransformer","iter=1,scale=0.05"
2026-03-28 17:03:01,737 - INFO - [pipeline.py:136] - "PixelSortTransformer","direction=cols,high=0.85,low=0.30,sort_key=saturation"
2026-03-28 17:03:01,762 - INFO - [pipeline.py:136] - "RadialWarpTransformer","radius=0.25,strength=76.98349410162913,110.83304665987656,137.31793129447402,style=push,pull,pull"
2026-03-28 17:03:01,782 - INFO - [pipeline.py:250] - [Grade: C] Saved to: /Users/kenfasano/Scripts/ScreenArt/Images/TransformedImages/lojong_3-C-columns_70d1.jpeg
2026-03-28 17:03:01,856 - INFO - [pipeline.py:136] - "HalftoneTransformer","size=2"
2026-03-28 17:03:01,979 - INFO - [pipeline.py:136] - "WheelTransformer","blend=add,copies=3"
2026-03-28 17:03:02,033 - INFO - [pipeline.py:136] - "ThermalImagingTransformer","thermal=True"
2026-03-28 17:03:02,054 - INFO - [pipeline.py:250] - [Grade: A] Saved to: /Users/kenfasano/Scripts/ScreenArt/Images/TransformedImages/lojong_8-A-columns_186c.jpeg
2026-03-28 17:03:02,083 - INFO - [pipeline.py:136] - "RadialWarpTransformer","radius=0.25,strength=85.4892455247977,67.89782986664406,style=pull,pull"
2026-03-28 17:03:02,347 - INFO - [pipeline.py:136] - "VoronoiTransformer","edge_blend=1,num_points=189"
2026-03-28 17:03:02,360 - INFO - [pipeline.py:136] - "ColormapTransformer","map=ocean"
2026-03-28 17:03:02,378 - INFO - [pipeline.py:250] - [Grade: A] Saved to: /Users/kenfasano/Scripts/ScreenArt/Images/TransformedImages/lojong_4-A-columns_f469.jpeg
2026-03-28 17:03:02,425 - INFO - [pipeline.py:136] - "ThermalImagingTransformer","thermal=True"
2026-03-28 17:03:02,486 - INFO - [pipeline.py:136] - "FluidWarpTransformer","alpha=7.31,sigma=2.82"
2026-03-28 17:03:02,523 - INFO - [pipeline.py:136] - "DataMoshTransformer","intensity=0.01"
2026-03-28 17:03:02,541 - INFO - [pipeline.py:250] - [Grade: B] Saved to: /Users/kenfasano/Scripts/ScreenArt/Images/TransformedImages/lojong_5-B-hero_55df.jpeg
2026-03-28 17:03:02,571 - INFO - [pipeline.py:136] - "FisheyeTransformer","shape=oval,strength=0.41,zoom=0.88"
2026-03-28 17:03:02,594 - INFO - [pipeline.py:136] - "RadialWarpTransformer","radius=0.25,strength=49.797348269843724,38.19068538723478,138.26890966379864,style=pull,pull,push"
2026-03-28 17:03:02,612 - INFO - [pipeline.py:250] - [Grade: C] Saved to: /Users/kenfasano/Scripts/ScreenArt/Images/TransformedImages/lojong_9-C-tile_862f.jpeg
2026-03-28 17:03:02,678 - INFO - [pipeline.py:136] - "MeltMorphTransformer","intensity=0.50"
2026-03-28 17:03:02,705 - INFO - [pipeline.py:136] - "GlitchWarpTransformer","intensity=0.01"
2026-03-28 17:03:02,730 - INFO - [pipeline.py:136] - "ChromaticAberrationTransformer","angle=15.90,edge_fade=1,shift=9.20"
2026-03-28 17:03:02,753 - INFO - [pipeline.py:250] - [Grade: B] Saved to: /Users/kenfasano/Scripts/ScreenArt/Images/TransformedImages/lojong_6-B-columns_726f.jpeg
2026-03-28 17:03:02,859 - INFO - [pipeline.py:136] - "FlipWilsonTransformer","keep=top_left,narrow=0.42"
2026-03-28 17:03:02,879 - INFO - [pipeline.py:250] - [Grade: A] Saved to: /Users/kenfasano/Scripts/ScreenArt/Images/TransformedImages/lojong_7-A-scatter_ec79.jpeg
2026-03-28 17:03:02,913 - INFO - [pipeline.py:136] - "GlitchWarpTransformer","intensity=0.01"
2026-03-28 17:03:03,131 - INFO - [pipeline.py:136] - "WatercolorTransformer","scale=0.85,style=psychedelic"
2026-03-28 17:03:03,150 - INFO - [pipeline.py:250] - [Grade: F] Saved to: /Users/kenfasano/Scripts/ScreenArt/Images/Rejected/lojong_0-F-tile_0302.jpeg
2026-03-28 17:03:03,194 - INFO - [pipeline.py:136] - "OilPaintingTransformer","dyn_ratio=8,size=5"
2026-03-28 17:03:03,232 - INFO - [pipeline.py:136] - "SwirlWarpTransformer","strength=1.50"
2026-03-28 17:03:03,245 - INFO - [pipeline.py:136] - "ColormapTransformer","map=hot"
2026-03-28 17:03:03,281 - INFO - [pipeline.py:136] - "ThermalImagingTransformer","thermal=True"
2026-03-28 17:03:03,301 - INFO - [pipeline.py:250] - [Grade: A] Saved to: /Users/kenfasano/Scripts/ScreenArt/Images/TransformedImages/lojong_1-A-columns_993a.jpeg
2026-03-28 17:03:03,356 - INFO - [pipeline.py:136] - "FractalWarpTransformer","iter=1,scale=0.05"
2026-03-28 17:03:03,388 - INFO - [pipeline.py:136] - "GlitchWarpTransformer","intensity=0.01"
2026-03-28 17:03:03,403 - INFO - [pipeline.py:136] - "ColormapTransformer","map=hsv"
2026-03-28 17:03:03,423 - INFO - [pipeline.py:250] - [Grade: F] Saved to: /Users/kenfasano/Scripts/ScreenArt/Images/Rejected/mandala_draw_1-F_a6e8.jpeg
2026-03-28 17:03:03,475 - INFO - [pipeline.py:136] - "DataMoshTransformer","intensity=0.01"
2026-03-28 17:03:03,605 - INFO - [pipeline.py:136] - "WheelTransformer","blend=add,copies=3"
2026-03-28 17:03:03,647 - INFO - [pipeline.py:136] - "ThermalImagingTransformer","thermal=True"
2026-03-28 17:03:03,667 - INFO - [pipeline.py:250] - [Grade: C] Saved to: /Users/kenfasano/Scripts/ScreenArt/Images/TransformedImages/mandala_draw_0-C_7750.jpeg
2026-03-28 17:03:03,719 - INFO - [pipeline.py:136] - "SwirlWarpTransformer","strength=1.50"
2026-03-28 17:03:03,762 - INFO - [pipeline.py:136] - "FluidWarpTransformer","alpha=19.48,sigma=3.76"
2026-03-28 17:03:03,794 - INFO - [pipeline.py:136] - "GlitchWarpTransformer","intensity=0.01"
2026-03-28 17:03:03,849 - INFO - [pipeline.py:136] - "PixelSortTransformer","direction=rows,high=0.78,low=0.34,sort_key=green"
2026-03-28 17:03:03,870 - INFO - [pipeline.py:250] - [Grade: A] Saved to: /Users/kenfasano/Scripts/ScreenArt/Images/TransformedImages/mandala_draw_2-A_cfe6.jpeg
2026-03-28 17:03:04,083 - INFO - [pipeline.py:136] - "WatercolorTransformer","scale=0.85,style=psychedelic"
2026-03-28 17:03:04,197 - INFO - [pipeline.py:136] - "WheelTransformer","blend=add,copies=3"
2026-03-28 17:03:04,213 - INFO - [pipeline.py:250] - [Grade: F] Saved to: /Users/kenfasano/Scripts/ScreenArt/Images/Rejected/nasa_earth_2_Los_Angeles_Night_Lights-F_6952.jpeg
2026-03-28 17:03:04,338 - INFO - [pipeline.py:136] - "WheelTransformer","blend=add,copies=3"
2026-03-28 17:03:04,438 - INFO - [pipeline.py:136] - "FlipWilsonTransformer","keep=top_left,narrow=0.42"
2026-03-28 17:03:04,456 - INFO - [pipeline.py:250] - [Grade: A] Saved to: /Users/kenfasano/Scripts/ScreenArt/Images/TransformedImages/nasa_earth_1_Dhaka_True_Color-A_8355.jpeg
2026-03-28 17:03:04,505 - INFO - [pipeline.py:136] - "SwirlWarpTransformer","strength=1.50"
2026-03-28 17:03:04,525 - INFO - [pipeline.py:250] - [Grade: A] Saved to: /Users/kenfasano/Scripts/ScreenArt/Images/TransformedImages/nasa_earth_3_Mumbai_Vegetation_False_Color-A_a944.jpeg
2026-03-28 17:03:04,643 - INFO - [pipeline.py:136] - "WheelTransformer","blend=add,copies=3"
2026-03-28 17:03:04,659 - INFO - [pipeline.py:250] - [Grade: A] Saved to: /Users/kenfasano/Scripts/ScreenArt/Images/TransformedImages/nasa_earth_4_Osaka_Surface_Temp_Day-A_0788.jpeg
2026-03-28 17:03:04,670 - INFO - [pipeline.py:136] - "ThermalImagingTransformer","thermal=True"
2026-03-28 17:03:04,675 - INFO - [pipeline.py:136] - "GlitchWarpTransformer","intensity=0.01"
2026-03-28 17:03:04,680 - INFO - [pipeline.py:250] - [Grade: A] Saved to: /Users/kenfasano/Scripts/ScreenArt/Images/TransformedImages/gcenterbump_fermi_960-A_7b37.jpg
2026-03-28 17:03:04,696 - INFO - [pipeline.py:136] - "FlipWilsonTransformer","keep=top_left,narrow=0.42"
2026-03-28 17:03:04,699 - INFO - [pipeline.py:250] - [Grade: A] Saved to: /Users/kenfasano/Scripts/ScreenArt/Images/TransformedImages/jupredspot_vg2-A_d0a9.jpg
2026-03-28 17:03:04,733 - INFO - [pipeline.py:136] - "RadialWarpTransformer","radius=0.25,strength=137.24770290360317,44.492298384541954,90.14412587560079,style=push,push,pull"
2026-03-28 17:03:04,742 - INFO - [pipeline.py:250] - [Grade: A] Saved to: /Users/kenfasano/Scripts/ScreenArt/Images/TransformedImages/OmegaNebulaGrandMesaObservatory2023_1024-A_1efc.jpg
2026-03-28 17:03:04,758 - INFO - [pipeline.py:136] - "FluidWarpTransformer","alpha=19.46,sigma=3.52"
2026-03-28 17:03:04,767 - INFO - [pipeline.py:136] - "ChromaticAberrationTransformer","angle=233.50,edge_fade=1,shift=11.10"
2026-03-28 17:03:04,774 - INFO - [pipeline.py:136] - "FisheyeTransformer","shape=circle,strength=0.34,zoom=0.85"
2026-03-28 17:03:04,791 - INFO - [pipeline.py:136] - "KaleidoscopeTransformer","cx_off=0.16,cy_off=0.12,segments=8"
2026-03-28 17:03:04,798 - INFO - [pipeline.py:250] - [Grade: A] Saved to: /Users/kenfasano/Scripts/ScreenArt/Images/TransformedImages/casa_main_960-A_8939.jpg
2026-03-28 17:03:04,890 - INFO - [pipeline.py:136] - "VoronoiTransformer","edge_blend=1,num_points=294"
2026-03-28 17:03:04,900 - INFO - [pipeline.py:136] - "PixelSortTransformer","direction=cols,high=0.63,low=0.33,sort_key=brightness"
2026-03-28 17:03:04,905 - INFO - [pipeline.py:136] - "RadialWarpTransformer","radius=0.25,strength=49.37431470079238,style=pull"
2026-03-28 17:03:04,909 - INFO - [pipeline.py:250] - [Grade: A] Saved to: /Users/kenfasano/Scripts/ScreenArt/Images/TransformedImages/LuneVenusMK_brunier_c800-A_c923.jpg
2026-03-28 17:03:04,934 - INFO - [pipeline.py:136] - "ChromaticAberrationTransformer","angle=347.30,edge_fade=1,shift=9.70"
2026-03-28 17:03:04,944 - INFO - [pipeline.py:250] - [Grade: C] Saved to: /Users/kenfasano/Scripts/ScreenArt/Images/TransformedImages/NGC7814withSN2021rhuChart32_1024-C_1348.jpg
2026-03-28 17:03:04,950 - INFO - [pipeline.py:136] - "DataMoshTransformer","intensity=0.02"
2026-03-28 17:03:04,953 - INFO - [pipeline.py:136] - "ChromaticAberrationTransformer","angle=346.80,edge_fade=1,shift=12.10"
2026-03-28 17:03:04,957 - INFO - [pipeline.py:250] - [Grade: A] Saved to: /Users/kenfasano/Scripts/ScreenArt/Images/TransformedImages/io_walkerNH520-A_2f2e.jpg
2026-03-28 17:03:04,961 - INFO - [pipeline.py:136] - "ColormapTransformer","map=ocean"
2026-03-28 17:03:04,964 - INFO - [pipeline.py:136] - "FisheyeTransformer","shape=circle,strength=0.29,zoom=0.95"
2026-03-28 17:03:04,972 - INFO - [pipeline.py:136] - "KaleidoscopeTransformer","cx_off=-0.18,cy_off=0.10,segments=6"
2026-03-28 17:03:04,977 - INFO - [pipeline.py:136] - "RadialWarpTransformer","radius=0.25,strength=52.39138148708703,133.77493589213677,42.473834318684986,style=pull,push,push"
2026-03-28 17:03:04,981 - INFO - [pipeline.py:250] - [Grade: A] Saved to: /Users/kenfasano/Scripts/ScreenArt/Images/TransformedImages/ngc2997_vlt-A_53ba.jpg
2026-03-28 17:03:05,010 - INFO - [pipeline.py:136] - "MeltMorphTransformer","intensity=0.50"
2026-03-28 17:03:05,018 - INFO - [pipeline.py:136] - "RadialWarpTransformer","radius=0.25,strength=116.80213677531594,73.41587745592578,style=pull,push"
2026-03-28 17:03:05,024 - INFO - [pipeline.py:250] - [Grade: C] Saved to: /Users/kenfasano/Scripts/ScreenArt/Images/TransformedImages/OrionTrees123019Westlake1024-C_60a3.jpg
2026-03-28 17:03:05,038 - INFO - [pipeline.py:136] - "SwirlWarpTransformer","strength=1.50"
2026-03-28 17:03:05,052 - INFO - [pipeline.py:136] - "HalftoneTransformer","size=2"
2026-03-28 17:03:05,084 - INFO - [pipeline.py:136] - "WheelTransformer","blend=add,copies=3"
2026-03-28 17:03:05,090 - INFO - [pipeline.py:250] - [Grade: A] Saved to: /Users/kenfasano/Scripts/ScreenArt/Images/TransformedImages/auroraemeteors_boardman_1080-A_8483.jpg
2026-03-28 17:03:05,119 - INFO - [pipeline.py:136] - "ThermalImagingTransformer","thermal=True"
2026-03-28 17:03:05,132 - INFO - [pipeline.py:250] - [Grade: A] Saved to: /Users/kenfasano/Scripts/ScreenArt/Images/TransformedImages/BaikalBubbles_Makeeva_960-A_cb5a.jpg
2026-03-28 17:03:05,259 - INFO - [pipeline.py:136] - "WheelTransformer","blend=add,copies=3"
2026-03-28 17:03:05,422 - INFO - [pipeline.py:136] - "PixelSortTransformer","direction=rows,high=0.68,low=0.26,sort_key=saturation"
2026-03-28 17:03:05,441 - INFO - [pipeline.py:250] - [Grade: A] Saved to: /Users/kenfasano/Scripts/ScreenArt/Images/TransformedImages/peace_0-A_a952.jpeg
2026-03-28 17:03:05,491 - INFO - [pipeline.py:136] - "SwirlWarpTransformer","strength=1.50"
2026-03-28 17:03:05,528 - INFO - [pipeline.py:136] - "DataMoshTransformer","intensity=0.01"
2026-03-28 17:03:05,562 - INFO - [pipeline.py:136] - "FractalWarpTransformer","iter=1,scale=0.05"
2026-03-28 17:03:05,587 - INFO - [pipeline.py:136] - "ChromaticAberrationTransformer","angle=117.00,edge_fade=1,shift=9.90"
2026-03-28 17:03:05,606 - INFO - [pipeline.py:250] - [Grade: A] Saved to: /Users/kenfasano/Scripts/ScreenArt/Images/TransformedImages/peace_1-A_457b.jpeg
2026-03-28 17:03:05,653 - INFO - [pipeline.py:136] - "DataMoshTransformer","intensity=0.01"
2026-03-28 17:03:05,718 - INFO - [pipeline.py:136] - "OilPaintingTransformer","dyn_ratio=8,size=8"
2026-03-28 17:03:05,735 - INFO - [pipeline.py:250] - [Grade: C] Saved to: /Users/kenfasano/Scripts/ScreenArt/Images/TransformedImages/peace_2-C_ce0a.jpeg
2026-03-28 17:03:06,170 - INFO - [pipeline.py:136] - "VoronoiTransformer","edge_blend=1,num_points=315"
2026-03-28 17:03:06,206 - INFO - [pipeline.py:136] - "ThermalImagingTransformer","thermal=True"
2026-03-28 17:03:06,224 - INFO - [pipeline.py:250] - [Grade: C] Saved to: /Users/kenfasano/Scripts/ScreenArt/Images/TransformedImages/peace_3-C_a920.jpeg
2026-03-28 17:03:06,241 - INFO - [pipeline.py:136] - "SwirlWarpTransformer","strength=1.50"
2026-03-28 17:03:06,247 - INFO - [pipeline.py:250] - [Grade: A] Saved to: /Users/kenfasano/Scripts/ScreenArt/Images/TransformedImages/peripheral_drift_18-A_a991.jpeg
2026-03-28 17:03:06,254 - INFO - [pipeline.py:136] - "PosterizationTransformer","levels=4"
2026-03-28 17:03:06,261 - INFO - [pipeline.py:250] - [Grade: A] Saved to: /Users/kenfasano/Scripts/ScreenArt/Images/TransformedImages/peripheral_drift_2-A_4f4f.jpeg
2026-03-28 17:03:06,307 - INFO - [pipeline.py:136] - "VoronoiTransformer","edge_blend=1,num_points=88"
2026-03-28 17:03:06,321 - INFO - [pipeline.py:136] - "HalftoneTransformer","size=2"
2026-03-28 17:03:06,325 - INFO - [pipeline.py:136] - "PosterizationTransformer","levels=4"
2026-03-28 17:03:06,336 - INFO - [pipeline.py:136] - "DataMoshTransformer","intensity=0.02"
2026-03-28 17:03:06,342 - INFO - [pipeline.py:250] - [Grade: A] Saved to: /Users/kenfasano/Scripts/ScreenArt/Images/TransformedImages/peripheral_drift_14-A_8ce0.jpeg
2026-03-28 17:03:06,356 - INFO - [pipeline.py:136] - "ThermalImagingTransformer","thermal=True"
2026-03-28 17:03:06,363 - INFO - [pipeline.py:136] - "RadialWarpTransformer","radius=0.25,strength=126.28986454505517,style=pull"
2026-03-28 17:03:06,370 - INFO - [pipeline.py:250] - [Grade: C] Saved to: /Users/kenfasano/Scripts/ScreenArt/Images/TransformedImages/peripheral_drift_15-C_f06c.jpeg
2026-03-28 17:03:06,385 - INFO - [pipeline.py:136] - "FractalWarpTransformer","iter=1,scale=0.05"
2026-03-28 17:03:06,391 - INFO - [pipeline.py:250] - [Grade: A] Saved to: /Users/kenfasano/Scripts/ScreenArt/Images/TransformedImages/peripheral_drift_3-A_03b1.jpeg
2026-03-28 17:03:06,403 - INFO - [pipeline.py:136] - "OilPaintingTransformer","dyn_ratio=3,size=4"
2026-03-28 17:03:06,410 - INFO - [pipeline.py:250] - [Grade: A] Saved to: /Users/kenfasano/Scripts/ScreenArt/Images/TransformedImages/peripheral_drift_19-A_840f.jpeg
2026-03-28 17:03:06,430 - INFO - [pipeline.py:136] - "KaleidoscopeTransformer","cx_off=-0.03,cy_off=-0.04,segments=12"
2026-03-28 17:03:06,437 - INFO - [pipeline.py:136] - "ChromaticAberrationTransformer","angle=350.20,edge_fade=1,shift=7.60"
2026-03-28 17:03:06,470 - INFO - [pipeline.py:136] - "WheelTransformer","blend=add,copies=3"
2026-03-28 17:03:06,513 - INFO - [pipeline.py:136] - "PixelSortTransformer","direction=cols,high=0.61,low=0.09,sort_key=red"
2026-03-28 17:03:06,520 - INFO - [pipeline.py:250] - [Grade: A] Saved to: /Users/kenfasano/Scripts/ScreenArt/Images/TransformedImages/peripheral_drift_12-A_3131.jpeg
2026-03-28 17:03:06,568 - INFO - [pipeline.py:136] - "VoronoiTransformer","edge_blend=1,num_points=93"
2026-03-28 17:03:06,576 - INFO - [pipeline.py:136] - "ChromaticAberrationTransformer","angle=278.50,edge_fade=1,shift=8.90"
2026-03-28 17:03:06,583 - INFO - [pipeline.py:250] - [Grade: A] Saved to: /Users/kenfasano/Scripts/ScreenArt/Images/TransformedImages/peripheral_drift_8-A_eb88.jpeg
2026-03-28 17:03:06,619 - INFO - [pipeline.py:136] - "WheelTransformer","blend=add,copies=3"
2026-03-28 17:03:06,626 - INFO - [pipeline.py:250] - [Grade: A] Saved to: /Users/kenfasano/Scripts/ScreenArt/Images/TransformedImages/peripheral_drift_4-A_2ce7.jpeg
2026-03-28 17:03:06,633 - INFO - [pipeline.py:136] - "PosterizationTransformer","levels=4"
2026-03-28 17:03:06,639 - INFO - [pipeline.py:250] - [Grade: A] Saved to: /Users/kenfasano/Scripts/ScreenArt/Images/TransformedImages/peripheral_drift_5-A_5974.jpeg
2026-03-28 17:03:06,655 - INFO - [pipeline.py:136] - "ThermalImagingTransformer","thermal=True"
2026-03-28 17:03:06,666 - INFO - [pipeline.py:136] - "SwirlWarpTransformer","strength=1.50"
2026-03-28 17:03:06,673 - INFO - [pipeline.py:250] - [Grade: C] Saved to: /Users/kenfasano/Scripts/ScreenArt/Images/TransformedImages/peripheral_drift_9-C_6603.jpeg
2026-03-28 17:03:06,709 - INFO - [pipeline.py:136] - "WheelTransformer","blend=add,copies=3"
2026-03-28 17:03:06,716 - INFO - [pipeline.py:250] - [Grade: A] Saved to: /Users/kenfasano/Scripts/ScreenArt/Images/TransformedImages/peripheral_drift_13-A_731c.jpeg
2026-03-28 17:03:06,729 - INFO - [pipeline.py:136] - "DataMoshTransformer","intensity=0.01"
2026-03-28 17:03:06,796 - INFO - [pipeline.py:136] - "WatercolorTransformer","scale=0.85,style=psychedelic"
2026-03-28 17:03:06,800 - INFO - [pipeline.py:136] - "PosterizationTransformer","levels=4"
2026-03-28 17:03:06,806 - INFO - [pipeline.py:136] - "FisheyeTransformer","shape=circle,strength=0.48,zoom=0.87"
2026-03-28 17:03:06,813 - INFO - [pipeline.py:250] - [Grade: A] Saved to: /Users/kenfasano/Scripts/ScreenArt/Images/TransformedImages/peripheral_drift_10-A_4d0b.jpeg
2026-03-28 17:03:06,905 - INFO - [pipeline.py:136] - "VoronoiTransformer","edge_blend=1,num_points=211"
2026-03-28 17:03:06,912 - INFO - [pipeline.py:250] - [Grade: A] Saved to: /Users/kenfasano/Scripts/ScreenArt/Images/TransformedImages/peripheral_drift_6-A_58ed.jpeg
2026-03-28 17:03:06,922 - INFO - [pipeline.py:136] - "RadialWarpTransformer","radius=0.25,strength=130.28030328015097,88.68058687386602,style=pull,pull"
2026-03-28 17:03:06,929 - INFO - [pipeline.py:250] - [Grade: A] Saved to: /Users/kenfasano/Scripts/ScreenArt/Images/TransformedImages/peripheral_drift_7-A_6b84.jpeg
2026-03-28 17:03:06,963 - INFO - [pipeline.py:136] - "FlipWilsonTransformer","keep=top_left,narrow=0.42"
2026-03-28 17:03:06,968 - INFO - [pipeline.py:136] - "ColormapTransformer","map=summer"
2026-03-28 17:03:06,972 - INFO - [pipeline.py:136] - "PosterizationTransformer","levels=4"
2026-03-28 17:03:06,988 - INFO - [pipeline.py:136] - "MeltMorphTransformer","intensity=0.50"
2026-03-28 17:03:06,995 - INFO - [pipeline.py:250] - [Grade: A] Saved to: /Users/kenfasano/Scripts/ScreenArt/Images/TransformedImages/peripheral_drift_11-A_955f.jpeg
2026-03-28 17:03:07,010 - INFO - [pipeline.py:136] - "FluidWarpTransformer","alpha=9.16,sigma=3.49"
2026-03-28 17:03:07,042 - INFO - [pipeline.py:136] - "FlipWilsonTransformer","keep=top_left,narrow=0.42"
2026-03-28 17:03:07,046 - INFO - [pipeline.py:136] - "PosterizationTransformer","levels=4"
2026-03-28 17:03:07,057 - INFO - [pipeline.py:136] - "ThermalImagingTransformer","thermal=True"
2026-03-28 17:03:07,065 - INFO - [pipeline.py:250] - [Grade: A] Saved to: /Users/kenfasano/Scripts/ScreenArt/Images/TransformedImages/peripheral_drift_20-A_14d3.jpeg
2026-03-28 17:03:07,081 - INFO - [pipeline.py:136] - "HalftoneTransformer","size=2"
2026-03-28 17:03:07,093 - INFO - [pipeline.py:136] - "FluidWarpTransformer","alpha=14.92,sigma=4.98"
2026-03-28 17:03:07,097 - INFO - [pipeline.py:136] - "PosterizationTransformer","levels=4"
2026-03-28 17:03:07,103 - INFO - [pipeline.py:250] - [Grade: A] Saved to: /Users/kenfasano/Scripts/ScreenArt/Images/TransformedImages/peripheral_drift_16-A_2fe3.jpeg
2026-03-28 17:03:07,124 - INFO - [pipeline.py:136] - "MeltMorphTransformer","intensity=0.50"
2026-03-28 17:03:07,227 - INFO - [pipeline.py:136] - "VoronoiTransformer","edge_blend=1,num_points=245"
2026-03-28 17:03:07,234 - INFO - [pipeline.py:250] - [Grade: A] Saved to: /Users/kenfasano/Scripts/ScreenArt/Images/TransformedImages/peripheral_drift_17-A_ff29.jpeg
2026-03-28 17:03:07,251 - INFO - [pipeline.py:136] - "HalftoneTransformer","size=2"
2026-03-28 17:03:07,394 - INFO - [pipeline.py:136] - "VoronoiTransformer","edge_blend=1,num_points=319"
2026-03-28 17:03:07,403 - INFO - [pipeline.py:136] - "GlitchWarpTransformer","intensity=0.01"
2026-03-28 17:03:07,511 - INFO - [pipeline.py:136] - "PixelSortTransformer","direction=cols,high=0.79,low=0.11,sort_key=brightness"
2026-03-28 17:03:07,517 - INFO - [pipeline.py:250] - [Grade: A] Saved to: /Users/kenfasano/Scripts/ScreenArt/Images/TransformedImages/peripheral_drift_1-A_c42e.jpeg
2026-03-28 17:03:07,536 - INFO - [pipeline.py:136] - "OilPaintingTransformer","dyn_ratio=7,size=4"
2026-03-28 17:03:07,553 - INFO - [pipeline.py:136] - "ThermalImagingTransformer","thermal=True"
2026-03-28 17:03:07,560 - INFO - [pipeline.py:136] - "ColormapTransformer","map=cool"
2026-03-28 17:03:07,575 - INFO - [pipeline.py:136] - "DataMoshTransformer","intensity=0.01"
2026-03-28 17:03:07,585 - INFO - [pipeline.py:250] - [Grade: C] Saved to: /Users/kenfasano/Scripts/ScreenArt/Images/TransformedImages/static_mandala_0-C_88bd.jpeg
2026-03-28 17:03:07,588 - INFO - [pipeline.py:136] - "ChromaticAberrationTransformer","angle=13.80,edge_fade=1,shift=16.70"
2026-03-28 17:03:07,589 - INFO - [pipeline.py:136] - "RadialWarpTransformer","radius=0.25,strength=51.99146444378232,119.551970822198,89.76133559309866,style=push,push,pull"
2026-03-28 17:03:07,590 - INFO - [pipeline.py:136] - "PosterizationTransformer","levels=4"
2026-03-28 17:03:07,593 - INFO - [pipeline.py:250] - [Grade: B] Saved to: /Users/kenfasano/Scripts/ScreenArt/Images/TransformedImages/static_mandala_1-B_0589.jpeg
2026-03-28 17:03:07,610 - INFO - [pipeline.py:136] - "ChromaticAberrationTransformer","angle=148.00,edge_fade=1,shift=8.70"
2026-03-28 17:03:07,623 - INFO - [pipeline.py:136] - "GlitchWarpTransformer","intensity=0.01"
2026-03-28 17:03:07,644 - INFO - [pipeline.py:136] - "HalftoneTransformer","size=2"
2026-03-28 17:03:07,826 - INFO - [pipeline.py:136] - "VoronoiTransformer","edge_blend=1,num_points=318"
2026-03-28 17:03:07,834 - INFO - [pipeline.py:250] - [Grade: A] Saved to: /Users/kenfasano/Scripts/ScreenArt/Images/TransformedImages/static_mandala_4-A_7a2c.jpeg
2026-03-28 17:03:07,866 - INFO - [pipeline.py:136] - "OilPaintingTransformer","dyn_ratio=5,size=6"
2026-03-28 17:03:07,873 - INFO - [pipeline.py:136] - "PosterizationTransformer","levels=4"
2026-03-28 17:03:07,901 - INFO - [pipeline.py:136] - "KaleidoscopeTransformer","cx_off=0.13,cy_off=-0.18,segments=8"
2026-03-28 17:03:07,953 - INFO - [pipeline.py:136] - "FlipWilsonTransformer","keep=top_left,narrow=0.42"
2026-03-28 17:03:07,966 - INFO - [pipeline.py:250] - [Grade: A] Saved to: /Users/kenfasano/Scripts/ScreenArt/Images/TransformedImages/static_mandala_5-A_a83a.jpeg
2026-03-28 17:03:08,069 - INFO - [pipeline.py:136] - "GlitchWarpTransformer","intensity=0.01"
2026-03-28 17:03:08,122 - INFO - [pipeline.py:250] - [Grade: B] Saved to: /Users/kenfasano/Scripts/ScreenArt/Images/TransformedImages/static_mandala_2-B_a8b1.jpeg
2026-03-28 17:03:08,137 - INFO - [pipeline.py:136] - "DataMoshTransformer","intensity=0.01"
2026-03-28 17:03:08,145 - INFO - [pipeline.py:250] - [Grade: B] Saved to: /Users/kenfasano/Scripts/ScreenArt/Images/TransformedImages/static_mandala_3-B_95a0.jpeg
2026-03-28 17:03:08,178 - INFO - [pipeline.py:136] - "ColormapTransformer","map=ocean"
2026-03-28 17:03:08,207 - INFO - [pipeline.py:250] - [Grade: B] Saved to: /Users/kenfasano/Scripts/ScreenArt/Images/TransformedImages/Müritz-N-B_57d2.jpeg
2026-03-28 17:03:08,248 - INFO - [pipeline.py:136] - "GlitchWarpTransformer","intensity=0.01"
2026-03-28 17:03:08,304 - INFO - [pipeline.py:136] - "KaleidoscopeTransformer","cx_off=-0.07,cy_off=0.03,segments=4"
2026-03-28 17:03:08,325 - INFO - [pipeline.py:250] - [Grade: B] Saved to: /Users/kenfasano/Scripts/ScreenArt/Images/TransformedImages/Roman_co-B_be3a.jpeg
2026-03-28 17:03:08,342 - INFO - [pipeline.py:136] - "WheelTransformer","blend=add,copies=3"
2026-03-28 17:03:08,346 - INFO - [pipeline.py:250] - [Grade: A] Saved to: /Users/kenfasano/Scripts/ScreenArt/Images/TransformedImages/Shops_on_The_Pa-A_d192.jpeg
2026-03-28 17:03:08,401 - INFO - [pipeline.py:136] - "SwirlWarpTransformer","strength=1.50"
2026-03-28 17:03:08,417 - INFO - [pipeline.py:136] - "PosterizationTransformer","levels=4"
2026-03-28 17:03:08,477 - INFO - [pipeline.py:136] - "HalftoneTransformer","size=2"
2026-03-28 17:03:08,497 - INFO - [pipeline.py:250] - [Grade: A] Saved to: /Users/kenfasano/Scripts/ScreenArt/Images/TransformedImages/Con_la_S-A_fa18.jpeg
2026-03-28 17:03:08,658 - INFO - [pipeline.py:136] - "FluidWarpTransformer","alpha=19.84,sigma=5.70"
2026-03-28 17:03:08,734 - INFO - [pipeline.py:136] - "GlitchWarpTransformer","intensity=0.01"
2026-03-28 17:03:08,787 - INFO - [pipeline.py:250] - [Grade: A] Saved to: /Users/kenfasano/Scripts/ScreenArt/Images/TransformedImages/Jewish_A-A_7a10.jpeg
2026-03-28 17:03:08,788 - INFO - [main.py:195] - WatercolorTransformer
2026-03-28 17:03:08,788 - INFO - [main.py:195] - VoronoiTransformer
2026-03-28 17:03:08,788 - INFO - [main.py:195] - PixelSortTransformer
2026-03-28 17:03:08,788 - INFO - [main.py:195] - WheelTransformer
2026-03-28 17:03:08,788 - INFO - [main.py:195] - FlipWilsonTransformer
2026-03-28 17:03:08,788 - INFO - [main.py:195] - FluidWarpTransformer
2026-03-28 17:03:08,788 - INFO - [main.py:195] - MeltMorphTransformer
2026-03-28 17:03:08,788 - INFO - [main.py:195] - KaleidoscopeTransformer
2026-03-28 17:03:08,788 - INFO - [main.py:195] - FractalWarpTransformer
2026-03-28 17:03:08,788 - INFO - [main.py:195] - OilPaintingTransformer
2026-03-28 17:03:08,788 - INFO - [main.py:195] - SwirlWarpTransformer
2026-03-28 17:03:08,788 - INFO - [main.py:195] - HalftoneTransformer
2026-03-28 17:03:08,788 - INFO - [main.py:195] - GlitchWarpTransformer
2026-03-28 17:03:08,788 - INFO - [main.py:195] - DataMoshTransformer
2026-03-28 17:03:08,788 - INFO - [main.py:195] - ThermalImagingTransformer
2026-03-28 17:03:08,788 - INFO - [main.py:195] - ChromaticAberrationTransformer
2026-03-28 17:03:08,788 - INFO - [main.py:195] - FisheyeTransformer
2026-03-28 17:03:08,788 - INFO - [main.py:195] - RadialWarpTransformer
2026-03-28 17:03:08,788 - INFO - [main.py:195] - ColormapTransformer
2026-03-28 17:03:08,788 - INFO - [main.py:195] - PosterizationTransformer
2026-03-28 17:03:08,788 - INFO - [main.py:238] - 35s@17:03 ✓
Accepted: 83
Rejected: 6
---
Wiki                       ->  6673ms
Bible                      ->  5248ms
Peace                      ->  3363ms
Lojong                     ->  2550ms
NasaMapGenerator           ->  1593ms
Nasa                       ->   832ms
GoesGenerator              ->   697ms
Bubbles                    ->   493ms
PeripheralDriftIllusion    ->   317ms
Cubes                      ->   194ms
MandalaDraw                ->    26ms
StaticMandala              ->     4ms
---
WatercolorTransformer            -> Min:    66ms | Avg:   191ms | Max:   222ms
VoronoiTransformer               -> Min:    44ms | Avg:   166ms | Max:   422ms
PixelSortTransformer             -> Min:    10ms | Avg:   130ms | Max:   338ms
WheelTransformer                 -> Min:    16ms | Avg:    90ms | Max:   130ms
FlipWilsonTransformer            -> Min:    14ms | Avg:    81ms | Max:   117ms
FluidWarpTransformer             -> Min:    10ms | Avg:    45ms | Max:   125ms
MeltMorphTransformer             -> Min:    16ms | Avg:    35ms | Max:    53ms
KaleidoscopeTransformer          -> Min:     8ms | Avg:    34ms | Max:    64ms
FractalWarpTransformer           -> Min:    11ms | Avg:    33ms | Max:    46ms
OilPaintingTransformer           -> Min:     8ms | Avg:    33ms | Max:    64ms
SwirlWarpTransformer             -> Min:    11ms | Avg:    32ms | Max:    45ms
HalftoneTransformer              -> Min:    14ms | Avg:    31ms | Max:    62ms
GlitchWarpTransformer            -> Min:     5ms | Avg:    30ms | Max:    75ms
DataMoshTransformer              -> Min:     5ms | Avg:    29ms | Max:    44ms
ThermalImagingTransformer        -> Min:     8ms | Avg:    29ms | Max:    54ms
ChromaticAberrationTransformer   -> Min:     2ms | Avg:    18ms | Max:    31ms
FisheyeTransformer               -> Min:     3ms | Avg:    17ms | Max:    29ms
RadialWarpTransformer            -> Min:     2ms | Avg:    15ms | Max:    28ms
ColormapTransformer              -> Min:     2ms | Avg:    10ms | Max:    15ms
PosterizationTransformer         -> Min:     1ms | Avg:     7ms | Max:    15ms
