2026-04-04 11:15:04,170 - INFO - [mandala_draw.py:291] - mandala_draw: generated 3/3
2026-04-04 11:15:09,073 - INFO - [wiki.py:58] - Wiki: random
2026-04-04 11:15:13,354 - INFO - [pipeline.py:136] - "SwirlWarpTransformer","strength=1.50"
2026-04-04 11:15:13,377 - INFO - [pipeline.py:136] - "RadialWarpTransformer","radius=0.25,strength=110.59754474051387,47.41330147080202,style=pull,pull"
2026-04-04 11:15:13,438 - INFO - [pipeline.py:136] - "MeltMorphTransformer","intensity=0.50"
2026-04-04 11:15:13,476 - INFO - [pipeline.py:136] - "ThermalImagingTransformer","thermal=True"
2026-04-04 11:15:13,495 - INFO - [pipeline.py:250] - [Grade: A] Saved to: /Users/kenfasano/Scripts/ScreenArt/Images/TransformedImages/psalms_121-A-scatter_1810.jpeg
2026-04-04 11:15:13,562 - INFO - [pipeline.py:136] - "KaleidoscopeTransformer","cx_off=-0.11,cy_off=-0.16,segments=12"
2026-04-04 11:15:13,597 - INFO - [pipeline.py:136] - "FractalWarpTransformer","iter=1,scale=0.05"
2026-04-04 11:15:13,610 - INFO - [pipeline.py:136] - "ColormapTransformer","map=cool"
2026-04-04 11:15:13,777 - INFO - [pipeline.py:136] - "VoronoiTransformer","edge_blend=1,num_points=116"
2026-04-04 11:15:13,795 - INFO - [pipeline.py:250] - [Grade: A] Saved to: /Users/kenfasano/Scripts/ScreenArt/Images/TransformedImages/psalms_51-A-columns_b892.jpeg
2026-04-04 11:15:13,819 - INFO - [pipeline.py:136] - "RadialWarpTransformer","radius=0.25,strength=88.43952653343104,style=pull"
2026-04-04 11:15:13,879 - INFO - [pipeline.py:136] - "FlipWilsonTransformer","keep=bottom,narrow=0.28"
2026-04-04 11:15:13,940 - INFO - [pipeline.py:136] - "HalftoneTransformer","size=2"
2026-04-04 11:15:14,164 - INFO - [pipeline.py:136] - "WatercolorTransformer","scale=0.85,style=monet"
2026-04-04 11:15:14,181 - INFO - [pipeline.py:250] - [Grade: C] Saved to: /Users/kenfasano/Scripts/ScreenArt/Images/TransformedImages/psalms_103-C-scatter_5124.jpeg
2026-04-04 11:15:14,226 - INFO - [pipeline.py:136] - "ThermalImagingTransformer","thermal=True"
2026-04-04 11:15:14,239 - INFO - [pipeline.py:136] - "ColormapTransformer","map=hot"
2026-04-04 11:15:14,258 - INFO - [pipeline.py:250] - [Grade: C] Saved to: /Users/kenfasano/Scripts/ScreenArt/Images/TransformedImages/psalms_133-C-hero_1a68.jpeg
2026-04-04 11:15:14,429 - INFO - [pipeline.py:136] - "WheelTransformer","blend=normal,copies=5"
2026-04-04 11:15:14,472 - INFO - [pipeline.py:136] - "OilPaintingTransformer","dyn_ratio=3,size=6"
2026-04-04 11:15:14,495 - INFO - [pipeline.py:136] - "RadialWarpTransformer","radius=0.25,strength=106.15670428532142,120.44391140372781,43.71677012078976,style=push,pull,push"
2026-04-04 11:15:14,512 - INFO - [pipeline.py:250] - [Grade: B] Saved to: /Users/kenfasano/Scripts/ScreenArt/Images/TransformedImages/psalms_18-B-scatter_4309.jpeg
2026-04-04 11:15:14,558 - INFO - [pipeline.py:136] - "SwirlWarpTransformer","strength=1.50"
2026-04-04 11:15:14,586 - INFO - [pipeline.py:136] - "ChromaticAberrationTransformer","angle=59.60,edge_fade=1,shift=8.80"
2026-04-04 11:15:14,604 - INFO - [pipeline.py:250] - [Grade: F] Saved to: /Users/kenfasano/Scripts/ScreenArt/Images/Rejected/bubbles_4-F_e752.jpeg
2026-04-04 11:15:14,776 - INFO - [pipeline.py:136] - "WheelTransformer","blend=normal,copies=5"
2026-04-04 11:15:14,804 - INFO - [pipeline.py:136] - "FisheyeTransformer","shape=circle,strength=0.46,zoom=0.95"
2026-04-04 11:15:14,822 - INFO - [pipeline.py:250] - [Grade: C] Saved to: /Users/kenfasano/Scripts/ScreenArt/Images/TransformedImages/bubbles_5-C_db34.jpeg
2026-04-04 11:15:14,890 - INFO - [pipeline.py:136] - "PixelSortTransformer","direction=rows,high=0.71,low=0.22,sort_key=brightness"
2026-04-04 11:15:14,926 - INFO - [pipeline.py:136] - "DataMoshTransformer","intensity=0.01"
2026-04-04 11:15:14,944 - INFO - [pipeline.py:250] - [Grade: A] Saved to: /Users/kenfasano/Scripts/ScreenArt/Images/TransformedImages/bubbles_2-A_2892.jpeg
2026-04-04 11:15:15,009 - INFO - [pipeline.py:136] - "FlipWilsonTransformer","keep=bottom,narrow=0.28"
2026-04-04 11:15:15,026 - INFO - [pipeline.py:250] - [Grade: C] Saved to: /Users/kenfasano/Scripts/ScreenArt/Images/TransformedImages/bubbles_3-C_622f.jpeg
2026-04-04 11:15:15,262 - INFO - [pipeline.py:136] - "WatercolorTransformer","scale=0.85,style=psychedelic"
2026-04-04 11:15:15,289 - INFO - [pipeline.py:136] - "PixelSortTransformer","direction=cols,high=0.81,low=0.17,sort_key=red"
2026-04-04 11:15:15,323 - INFO - [pipeline.py:136] - "FractalWarpTransformer","iter=1,scale=0.05"
2026-04-04 11:15:15,369 - INFO - [pipeline.py:136] - "FluidWarpTransformer","alpha=13.29,sigma=6.40"
2026-04-04 11:15:15,387 - INFO - [pipeline.py:250] - [Grade: B] Saved to: /Users/kenfasano/Scripts/ScreenArt/Images/TransformedImages/bubbles_1-B_be32.jpeg
2026-04-04 11:15:15,606 - INFO - [pipeline.py:136] - "WatercolorTransformer","scale=0.85,style=monet"
2026-04-04 11:15:15,769 - INFO - [pipeline.py:136] - "PixelSortTransformer","direction=rows,high=0.95,low=0.30,sort_key=saturation"
2026-04-04 11:15:15,803 - INFO - [pipeline.py:136] - "FractalWarpTransformer","iter=1,scale=0.05"
2026-04-04 11:15:15,831 - INFO - [pipeline.py:136] - "FluidWarpTransformer","alpha=0.09,sigma=0.72"
2026-04-04 11:15:15,849 - INFO - [pipeline.py:250] - [Grade: A] Saved to: /Users/kenfasano/Scripts/ScreenArt/Images/TransformedImages/cubes_2-A_ba9e.jpeg
2026-04-04 11:15:15,929 - INFO - [pipeline.py:136] - "OilPaintingTransformer","dyn_ratio=2,size=8"
2026-04-04 11:15:15,945 - INFO - [pipeline.py:250] - [Grade: A] Saved to: /Users/kenfasano/Scripts/ScreenArt/Images/TransformedImages/cubes_3-A_f363.jpeg
2026-04-04 11:15:15,996 - INFO - [pipeline.py:136] - "PixelSortTransformer","direction=rows,high=0.78,low=0.19,sort_key=green"
2026-04-04 11:15:16,009 - INFO - [pipeline.py:136] - "ColormapTransformer","map=summer"
2026-04-04 11:15:16,021 - INFO - [pipeline.py:136] - "PosterizationTransformer","levels=4"
2026-04-04 11:15:16,189 - INFO - [pipeline.py:136] - "WheelTransformer","blend=normal,copies=5"
2026-04-04 11:15:16,207 - INFO - [pipeline.py:250] - [Grade: A] Saved to: /Users/kenfasano/Scripts/ScreenArt/Images/TransformedImages/cubes_1-A_b520.jpeg
2026-04-04 11:15:16,322 - INFO - [pipeline.py:136] - "WheelTransformer","blend=normal,copies=5"
2026-04-04 11:15:16,509 - INFO - [pipeline.py:136] - "PixelSortTransformer","direction=rows,high=0.64,low=0.31,sort_key=red"
2026-04-04 11:15:16,607 - INFO - [pipeline.py:136] - "VoronoiTransformer","edge_blend=1,num_points=94"
2026-04-04 11:15:16,635 - INFO - [pipeline.py:136] - "SwirlWarpTransformer","strength=1.50"
2026-04-04 11:15:16,648 - INFO - [pipeline.py:250] - [Grade: A] Saved to: /Users/kenfasano/Scripts/ScreenArt/Images/TransformedImages/noaa_goes_1_se_GeoColor-A_f22d.jpeg
2026-04-04 11:15:16,691 - INFO - [pipeline.py:136] - "HalftoneTransformer","size=2"
2026-04-04 11:15:16,703 - INFO - [pipeline.py:250] - [Grade: A] Saved to: /Users/kenfasano/Scripts/ScreenArt/Images/TransformedImages/noaa_goes_2_se_Fire_Temperature-A_62e2.jpeg
2026-04-04 11:15:16,742 - INFO - [pipeline.py:136] - "FractalWarpTransformer","iter=1,scale=0.05"
2026-04-04 11:15:16,800 - INFO - [pipeline.py:136] - "FlipWilsonTransformer","keep=bottom,narrow=0.28"
2026-04-04 11:15:16,817 - INFO - [pipeline.py:250] - [Grade: C] Saved to: /Users/kenfasano/Scripts/ScreenArt/Images/TransformedImages/lojong_2-C-scatter_cbcc.jpeg
2026-04-04 11:15:16,850 - INFO - [pipeline.py:136] - "FisheyeTransformer","shape=oval,strength=0.52,zoom=0.90"
2026-04-04 11:15:16,873 - INFO - [pipeline.py:136] - "RadialWarpTransformer","radius=0.25,strength=38.50189947424203,120.03572446280661,90.60975643432408,style=pull,pull,push"
2026-04-04 11:15:16,891 - INFO - [pipeline.py:250] - [Grade: C] Saved to: /Users/kenfasano/Scripts/ScreenArt/Images/TransformedImages/lojong_3-C-columns_fab1.jpeg
2026-04-04 11:15:17,068 - INFO - [pipeline.py:136] - "WheelTransformer","blend=normal,copies=5"
2026-04-04 11:15:17,090 - INFO - [pipeline.py:250] - [Grade: A] Saved to: /Users/kenfasano/Scripts/ScreenArt/Images/TransformedImages/lojong_4-A-hero_a065.jpeg
2026-04-04 11:15:17,129 - INFO - [pipeline.py:136] - "FisheyeTransformer","shape=oval,strength=0.51,zoom=1.07"
2026-04-04 11:15:17,189 - INFO - [pipeline.py:136] - "OilPaintingTransformer","dyn_ratio=8,size=6"
2026-04-04 11:15:17,250 - INFO - [pipeline.py:250] - [Grade: F] Saved to: /Users/kenfasano/Scripts/ScreenArt/Images/Rejected/lojong_0-F-scatter_c9db.jpeg
2026-04-04 11:15:17,492 - INFO - [pipeline.py:136] - "WatercolorTransformer","scale=0.85,style=psychedelic"
2026-04-04 11:15:17,538 - INFO - [pipeline.py:136] - "OilPaintingTransformer","dyn_ratio=6,size=6"
2026-04-04 11:15:17,557 - INFO - [pipeline.py:250] - [Grade: F] Saved to: /Users/kenfasano/Scripts/ScreenArt/Images/Rejected/lojong_1-F-columns_5249.jpeg
2026-04-04 11:15:17,589 - INFO - [pipeline.py:136] - "PosterizationTransformer","levels=4"
2026-04-04 11:15:17,609 - INFO - [pipeline.py:250] - [Grade: A] Saved to: /Users/kenfasano/Scripts/ScreenArt/Images/TransformedImages/mandala_draw_1-A_1c1b.jpeg
2026-04-04 11:15:17,632 - INFO - [pipeline.py:136] - "ColormapTransformer","map=bone"
2026-04-04 11:15:17,654 - INFO - [pipeline.py:250] - [Grade: C] Saved to: /Users/kenfasano/Scripts/ScreenArt/Images/TransformedImages/mandala_draw_0-C_dcb1.jpeg
2026-04-04 11:15:17,677 - INFO - [pipeline.py:136] - "ColormapTransformer","map=autumn"
2026-04-04 11:15:17,693 - INFO - [pipeline.py:136] - "PosterizationTransformer","levels=4"
2026-04-04 11:15:17,715 - INFO - [pipeline.py:250] - [Grade: C] Saved to: /Users/kenfasano/Scripts/ScreenArt/Images/TransformedImages/mandala_draw_2-C_4ed0.jpeg
2026-04-04 11:15:17,974 - INFO - [pipeline.py:136] - "WatercolorTransformer","scale=0.85,style=monet"
2026-04-04 11:15:17,993 - INFO - [pipeline.py:250] - [Grade: A] Saved to: /Users/kenfasano/Scripts/ScreenArt/Images/TransformedImages/nasa_earth_1_Shanghai_True_Color-A_deb1.jpeg
2026-04-04 11:15:18,189 - INFO - [pipeline.py:136] - "WheelTransformer","blend=normal,copies=5"
2026-04-04 11:15:18,247 - INFO - [pipeline.py:136] - "OilPaintingTransformer","dyn_ratio=2,size=7"
2026-04-04 11:15:18,275 - INFO - [pipeline.py:136] - "ChromaticAberrationTransformer","angle=323.10,edge_fade=1,shift=16.80"
2026-04-04 11:15:18,296 - INFO - [pipeline.py:250] - [Grade: A] Saved to: /Users/kenfasano/Scripts/ScreenArt/Images/TransformedImages/nasa_earth_3_Dhaka_Vegetation_False_Color-A_cc19.jpeg
2026-04-04 11:15:18,319 - INFO - [pipeline.py:136] - "ThermalImagingTransformer","thermal=True"
2026-04-04 11:15:18,324 - INFO - [pipeline.py:136] - "ColormapTransformer","map=hsv"
2026-04-04 11:15:18,341 - INFO - [pipeline.py:136] - "FluidWarpTransformer","alpha=13.13,sigma=5.19"
2026-04-04 11:15:18,349 - INFO - [pipeline.py:136] - "OilPaintingTransformer","dyn_ratio=8,size=3"
2026-04-04 11:15:18,359 - INFO - [pipeline.py:250] - [Grade: A] Saved to: /Users/kenfasano/Scripts/ScreenArt/Images/TransformedImages/ROLIS_descent_image900-A_020d.jpg
2026-04-04 11:15:18,401 - INFO - [pipeline.py:136] - "VoronoiTransformer","edge_blend=1,num_points=202"
2026-04-04 11:15:18,405 - INFO - [pipeline.py:136] - "FisheyeTransformer","shape=oval,strength=0.59,zoom=1.14"
2026-04-04 11:15:18,410 - INFO - [pipeline.py:250] - [Grade: A] Saved to: /Users/kenfasano/Scripts/ScreenArt/Images/TransformedImages/ngc346_hst_c25-A_0d7c.jpg
2026-04-04 11:15:18,428 - INFO - [pipeline.py:136] - "DataMoshTransformer","intensity=0.01"
2026-04-04 11:15:18,437 - INFO - [pipeline.py:250] - [Grade: C] Saved to: /Users/kenfasano/Scripts/ScreenArt/Images/TransformedImages/bluesun_friedman-C_f9a7.jpg
2026-04-04 11:15:18,477 - INFO - [pipeline.py:136] - "SwirlWarpTransformer","strength=1.50"
2026-04-04 11:15:18,498 - INFO - [pipeline.py:136] - "DataMoshTransformer","intensity=0.02"
2026-04-04 11:15:18,512 - INFO - [pipeline.py:250] - [Grade: A] Saved to: /Users/kenfasano/Scripts/ScreenArt/Images/TransformedImages/Chokshi_DSC7584_Panorama_c1024-A_94a9.jpg
2026-04-04 11:15:18,534 - INFO - [pipeline.py:136] - "DataMoshTransformer","intensity=0.02"
2026-04-04 11:15:18,540 - INFO - [pipeline.py:136] - "ColormapTransformer","map=winter"
2026-04-04 11:15:18,552 - INFO - [pipeline.py:250] - [Grade: A] Saved to: /Users/kenfasano/Scripts/ScreenArt/Images/TransformedImages/StairwayToMilkyway_Marcin_1080-A_7004.jpg
2026-04-04 11:15:18,589 - INFO - [pipeline.py:136] - "FlipWilsonTransformer","keep=bottom,narrow=0.28"
2026-04-04 11:15:18,609 - INFO - [pipeline.py:136] - "SwirlWarpTransformer","strength=1.50"
2026-04-04 11:15:18,627 - INFO - [pipeline.py:136] - "DataMoshTransformer","intensity=0.01"
2026-04-04 11:15:18,817 - INFO - [pipeline.py:136] - "VoronoiTransformer","edge_blend=1,num_points=296"
2026-04-04 11:15:18,826 - INFO - [pipeline.py:250] - [Grade: C] Saved to: /Users/kenfasano/Scripts/ScreenArt/Images/TransformedImages/mars_saturn_m22_2018_03_31dp1096-C_0d0d.jpg
2026-04-04 11:15:18,836 - INFO - [pipeline.py:136] - "ThermalImagingTransformer","thermal=True"
2026-04-04 11:15:18,843 - INFO - [pipeline.py:136] - "FluidWarpTransformer","alpha=1.23,sigma=3.90"
2026-04-04 11:15:18,916 - INFO - [pipeline.py:136] - "PixelSortTransformer","direction=rows,high=0.77,low=0.22,sort_key=green"
2026-04-04 11:15:18,932 - INFO - [pipeline.py:250] - [Grade: A] Saved to: /Users/kenfasano/Scripts/ScreenArt/Images/TransformedImages/chasmata_viking_full-A_7d4f.jpg
2026-04-04 11:15:19,161 - INFO - [pipeline.py:136] - "VoronoiTransformer","edge_blend=1,num_points=297"
2026-04-04 11:15:19,173 - INFO - [pipeline.py:250] - [Grade: C] Saved to: /Users/kenfasano/Scripts/ScreenArt/Images/TransformedImages/HH49_Webb_960-C_703f.jpg
2026-04-04 11:15:19,188 - INFO - [pipeline.py:136] - "FisheyeTransformer","shape=oval,strength=0.68,zoom=0.98"
2026-04-04 11:15:19,205 - INFO - [pipeline.py:136] - "SwirlWarpTransformer","strength=1.50"
2026-04-04 11:15:19,271 - INFO - [pipeline.py:136] - "WheelTransformer","blend=normal,copies=5"
2026-04-04 11:15:19,280 - INFO - [pipeline.py:250] - [Grade: A] Saved to: /Users/kenfasano/Scripts/ScreenArt/Images/TransformedImages/ngc6823_waid_1080-A_89ec.jpg
2026-04-04 11:15:19,293 - INFO - [pipeline.py:136] - "ColormapTransformer","map=hsv"
2026-04-04 11:15:19,319 - INFO - [pipeline.py:136] - "ThermalImagingTransformer","thermal=True"
2026-04-04 11:15:19,337 - INFO - [pipeline.py:136] - "GlitchWarpTransformer","intensity=0.01"
2026-04-04 11:15:19,352 - INFO - [pipeline.py:250] - [Grade: C] Saved to: /Users/kenfasano/Scripts/ScreenArt/Images/TransformedImages/photo95cielaustral1024-C_e7f6.jpg
2026-04-04 11:15:19,415 - INFO - [pipeline.py:136] - "ThermalImagingTransformer","thermal=True"
2026-04-04 11:15:19,438 - INFO - [pipeline.py:250] - [Grade: C] Saved to: /Users/kenfasano/Scripts/ScreenArt/Images/TransformedImages/peace_0-C_803b.jpeg
2026-04-04 11:15:19,479 - INFO - [pipeline.py:136] - "GlitchWarpTransformer","intensity=0.01"
2026-04-04 11:15:19,517 - INFO - [pipeline.py:136] - "FractalWarpTransformer","iter=1,scale=0.05"
2026-04-04 11:15:19,537 - INFO - [pipeline.py:250] - [Grade: C] Saved to: /Users/kenfasano/Scripts/ScreenArt/Images/TransformedImages/peace_1-C_007d.jpeg
2026-04-04 11:15:19,601 - INFO - [pipeline.py:136] - "HalftoneTransformer","size=2"
2026-04-04 11:15:19,639 - INFO - [pipeline.py:136] - "ThermalImagingTransformer","thermal=True"
2026-04-04 11:15:19,657 - INFO - [pipeline.py:250] - [Grade: C] Saved to: /Users/kenfasano/Scripts/ScreenArt/Images/TransformedImages/peace_2-C_df24.jpeg
2026-04-04 11:15:19,725 - INFO - [pipeline.py:136] - "ThermalImagingTransformer","thermal=True"
2026-04-04 11:15:19,753 - INFO - [pipeline.py:136] - "GlitchWarpTransformer","intensity=0.01"
2026-04-04 11:15:19,766 - INFO - [pipeline.py:136] - "ColormapTransformer","map=cool"
2026-04-04 11:15:19,805 - INFO - [pipeline.py:136] - "DataMoshTransformer","intensity=0.01"
2026-04-04 11:15:19,832 - INFO - [pipeline.py:250] - [Grade: C] Saved to: /Users/kenfasano/Scripts/ScreenArt/Images/TransformedImages/peace_3-C_67dd.jpeg
2026-04-04 11:15:19,852 - INFO - [pipeline.py:136] - "MeltMorphTransformer","intensity=0.50"
2026-04-04 11:15:19,872 - INFO - [pipeline.py:136] - "FlipWilsonTransformer","keep=bottom,narrow=0.28"
2026-04-04 11:15:19,884 - INFO - [pipeline.py:136] - "DataMoshTransformer","intensity=0.02"
2026-04-04 11:15:19,892 - INFO - [pipeline.py:250] - [Grade: A] Saved to: /Users/kenfasano/Scripts/ScreenArt/Images/TransformedImages/peripheral_drift_2-A_d7e9.jpeg
2026-04-04 11:15:19,908 - INFO - [pipeline.py:136] - "SwirlWarpTransformer","strength=1.50"
2026-04-04 11:15:19,916 - INFO - [pipeline.py:136] - "FisheyeTransformer","shape=circle,strength=0.43,zoom=1.06"
2026-04-04 11:15:19,923 - INFO - [pipeline.py:250] - [Grade: A] Saved to: /Users/kenfasano/Scripts/ScreenArt/Images/TransformedImages/peripheral_drift_3-A_163c.jpeg
2026-04-04 11:15:19,975 - INFO - [pipeline.py:136] - "WheelTransformer","blend=normal,copies=5"
2026-04-04 11:15:19,982 - INFO - [pipeline.py:250] - [Grade: A] Saved to: /Users/kenfasano/Scripts/ScreenArt/Images/TransformedImages/peripheral_drift_8-A_4857.jpeg
2026-04-04 11:15:19,999 - INFO - [pipeline.py:136] - "SwirlWarpTransformer","strength=1.50"
2026-04-04 11:15:20,018 - INFO - [pipeline.py:136] - "FlipWilsonTransformer","keep=bottom,narrow=0.28"
2026-04-04 11:15:20,027 - INFO - [pipeline.py:250] - [Grade: A] Saved to: /Users/kenfasano/Scripts/ScreenArt/Images/TransformedImages/peripheral_drift_4-A_4c0d.jpeg
2026-04-04 11:15:20,109 - INFO - [pipeline.py:136] - "WatercolorTransformer","scale=0.85,style=monet"
2026-04-04 11:15:20,121 - INFO - [pipeline.py:136] - "DataMoshTransformer","intensity=0.02"
2026-04-04 11:15:20,142 - INFO - [pipeline.py:136] - "OilPaintingTransformer","dyn_ratio=2,size=7"
2026-04-04 11:15:20,160 - INFO - [pipeline.py:136] - "MeltMorphTransformer","intensity=0.50"
2026-04-04 11:15:20,175 - INFO - [pipeline.py:250] - [Grade: A] Saved to: /Users/kenfasano/Scripts/ScreenArt/Images/TransformedImages/peripheral_drift_5-A_522e.jpeg
2026-04-04 11:15:20,267 - INFO - [pipeline.py:136] - "VoronoiTransformer","edge_blend=1,num_points=168"
2026-04-04 11:15:20,276 - INFO - [pipeline.py:136] - "GlitchWarpTransformer","intensity=0.01"
2026-04-04 11:15:20,283 - INFO - [pipeline.py:136] - "FisheyeTransformer","shape=circle,strength=0.78,zoom=1.07"
2026-04-04 11:15:20,377 - INFO - [pipeline.py:136] - "PixelSortTransformer","direction=cols,high=0.56,low=0.12,sort_key=red"
2026-04-04 11:15:20,384 - INFO - [pipeline.py:250] - [Grade: A] Saved to: /Users/kenfasano/Scripts/ScreenArt/Images/TransformedImages/peripheral_drift_9-A_1ba5.jpeg
2026-04-04 11:15:20,397 - INFO - [pipeline.py:136] - "ChromaticAberrationTransformer","angle=347.40,edge_fade=1,shift=6.40"
2026-04-04 11:15:20,470 - INFO - [pipeline.py:136] - "WatercolorTransformer","scale=0.85,style=monet"
2026-04-04 11:15:20,484 - INFO - [pipeline.py:250] - [Grade: A] Saved to: /Users/kenfasano/Scripts/ScreenArt/Images/TransformedImages/peripheral_drift_10-A_dd5a.jpeg
2026-04-04 11:15:20,502 - INFO - [pipeline.py:136] - "ChromaticAberrationTransformer","angle=173.10,edge_fade=1,shift=8.70"
2026-04-04 11:15:20,514 - INFO - [pipeline.py:250] - [Grade: A] Saved to: /Users/kenfasano/Scripts/ScreenArt/Images/TransformedImages/peripheral_drift_6-A_b153.jpeg
2026-04-04 11:15:20,538 - INFO - [pipeline.py:136] - "HalftoneTransformer","size=2"
2026-04-04 11:15:20,546 - INFO - [pipeline.py:250] - [Grade: A] Saved to: /Users/kenfasano/Scripts/ScreenArt/Images/TransformedImages/peripheral_drift_7-A_3933.jpeg
2026-04-04 11:15:20,556 - INFO - [pipeline.py:136] - "ColormapTransformer","map=ocean"
2026-04-04 11:15:20,565 - INFO - [pipeline.py:136] - "FisheyeTransformer","shape=oval,strength=0.59,zoom=0.94"
2026-04-04 11:15:20,586 - INFO - [pipeline.py:136] - "KaleidoscopeTransformer","cx_off=-0.06,cy_off=-0.12,segments=4"
2026-04-04 11:15:20,596 - INFO - [pipeline.py:136] - "ChromaticAberrationTransformer","angle=216.20,edge_fade=1,shift=16.00"
2026-04-04 11:15:20,604 - INFO - [pipeline.py:250] - [Grade: A] Saved to: /Users/kenfasano/Scripts/ScreenArt/Images/TransformedImages/peripheral_drift_1-A_2d21.jpeg
2026-04-04 11:15:22,374 - INFO - [pipeline.py:136] - "PixelSortTransformer","direction=rows,high=0.77,low=0.28,sort_key=saturation"
2026-04-04 11:15:22,521 - INFO - [pipeline.py:250] - [Grade: A] Saved to: /Users/kenfasano/Scripts/ScreenArt/Images/TransformedImages/static_mandala_0-A_cf59.jpeg
2026-04-04 11:15:23,044 - INFO - [pipeline.py:136] - "WheelTransformer","blend=normal,copies=5"
2026-04-04 11:15:23,106 - INFO - [pipeline.py:250] - [Grade: A] Saved to: /Users/kenfasano/Scripts/ScreenArt/Images/TransformedImages/static_mandala_1-A_f05b.jpeg
2026-04-04 11:15:23,217 - INFO - [pipeline.py:136] - "ThermalImagingTransformer","thermal=True"
2026-04-04 11:15:23,524 - INFO - [pipeline.py:136] - "VoronoiTransformer","edge_blend=1,num_points=81"
2026-04-04 11:15:23,553 - INFO - [pipeline.py:136] - "PosterizationTransformer","levels=4"
2026-04-04 11:15:23,599 - INFO - [pipeline.py:136] - "RadialWarpTransformer","radius=0.25,strength=129.82673436508645,123.40246355024033,style=push,push"
2026-04-04 11:15:23,629 - INFO - [pipeline.py:250] - [Grade: A] Saved to: /Users/kenfasano/Scripts/ScreenArt/Images/TransformedImages/static_mandala_2-A_c437.jpeg
2026-04-04 11:15:23,822 - INFO - [pipeline.py:136] - "FluidWarpTransformer","alpha=18.66,sigma=5.34"
2026-04-04 11:15:23,891 - INFO - [pipeline.py:250] - [Grade: C] Saved to: /Users/kenfasano/Scripts/ScreenArt/Images/TransformedImages/The_Sale-C_7e3a.jpeg
2026-04-04 11:15:23,913 - INFO - [pipeline.py:136] - "PosterizationTransformer","levels=4"
2026-04-04 11:15:23,933 - INFO - [pipeline.py:250] - [Grade: B] Saved to: /Users/kenfasano/Scripts/ScreenArt/Images/TransformedImages/Knokke_Nieuwe_H-B_091a.jpeg
2026-04-04 11:15:24,106 - INFO - [pipeline.py:136] - "FlipWilsonTransformer","keep=bottom,narrow=0.28"
2026-04-04 11:15:24,708 - INFO - [pipeline.py:136] - "WatercolorTransformer","scale=0.85,style=psychedelic"
2026-04-04 11:15:24,804 - INFO - [pipeline.py:136] - "DataMoshTransformer","intensity=0.02"
2026-04-04 11:15:24,843 - INFO - [pipeline.py:250] - [Grade: A] Saved to: /Users/kenfasano/Scripts/ScreenArt/Images/TransformedImages/Hinweisz-A_b426.jpeg
2026-04-04 11:15:24,923 - INFO - [pipeline.py:136] - "HalftoneTransformer","size=2"
2026-04-04 11:15:24,947 - INFO - [pipeline.py:250] - [Grade: A] Saved to: /Users/kenfasano/Scripts/ScreenArt/Images/TransformedImages/Alone__1-A_61c5.jpeg
2026-04-04 11:15:25,003 - INFO - [pipeline.py:136] - "ColormapTransformer","map=jet"
2026-04-04 11:15:25,372 - INFO - [pipeline.py:136] - "WheelTransformer","blend=normal,copies=5"
2026-04-04 11:15:25,434 - INFO - [pipeline.py:136] - "OilPaintingTransformer","dyn_ratio=8,size=4"
2026-04-04 11:15:25,566 - INFO - [pipeline.py:136] - "MeltMorphTransformer","intensity=0.50"
2026-04-04 11:15:25,618 - INFO - [pipeline.py:250] - [Grade: A] Saved to: /Users/kenfasano/Scripts/ScreenArt/Images/TransformedImages/The_Town-A_29ae.jpeg
2026-04-04 11:15:25,644 - INFO - [pipeline.py:136] - "PosterizationTransformer","levels=4"
2026-04-04 11:15:25,685 - INFO - [pipeline.py:136] - "FluidWarpTransformer","alpha=6.62,sigma=2.89"
2026-04-04 11:15:25,950 - INFO - [pipeline.py:136] - "WatercolorTransformer","scale=0.85,style=psychedelic"
2026-04-04 11:15:25,982 - INFO - [pipeline.py:136] - "OilPaintingTransformer","dyn_ratio=3,size=4"
2026-04-04 11:15:26,003 - INFO - [pipeline.py:250] - [Grade: C] Saved to: /Users/kenfasano/Scripts/ScreenArt/Images/TransformedImages/Ciottolo-C_f564.jpeg
2026-04-04 11:15:26,003 - INFO - [main.py:195] - PixelSortTransformer
2026-04-04 11:15:26,003 - INFO - [main.py:195] - WatercolorTransformer
2026-04-04 11:15:26,003 - INFO - [main.py:195] - WheelTransformer
2026-04-04 11:15:26,003 - INFO - [main.py:195] - VoronoiTransformer
2026-04-04 11:15:26,003 - INFO - [main.py:195] - FlipWilsonTransformer
2026-04-04 11:15:26,003 - INFO - [main.py:195] - MeltMorphTransformer
2026-04-04 11:15:26,003 - INFO - [main.py:195] - FluidWarpTransformer
2026-04-04 11:15:26,003 - INFO - [main.py:195] - HalftoneTransformer
2026-04-04 11:15:26,003 - INFO - [main.py:195] - OilPaintingTransformer
2026-04-04 11:15:26,003 - INFO - [main.py:195] - ThermalImagingTransformer
2026-04-04 11:15:26,003 - INFO - [main.py:195] - KaleidoscopeTransformer
2026-04-04 11:15:26,003 - INFO - [main.py:195] - FractalWarpTransformer
2026-04-04 11:15:26,003 - INFO - [main.py:195] - DataMoshTransformer
2026-04-04 11:15:26,003 - INFO - [main.py:195] - SwirlWarpTransformer
2026-04-04 11:15:26,003 - INFO - [main.py:195] - RadialWarpTransformer
2026-04-04 11:15:26,003 - INFO - [main.py:195] - GlitchWarpTransformer
2026-04-04 11:15:26,003 - INFO - [main.py:195] - PosterizationTransformer
2026-04-04 11:15:26,003 - INFO - [main.py:195] - ChromaticAberrationTransformer
2026-04-04 11:15:26,003 - INFO - [main.py:195] - FisheyeTransformer
2026-04-04 11:15:26,003 - INFO - [main.py:195] - ColormapTransformer
2026-04-04 11:15:26,004 - INFO - [main.py:238] - 27s@11:15 ✓
Accepted: 55
Rejected: 3
---
Wiki                       ->  4301ms
Peace                      ->  3447ms
Bible                      ->  2999ms
Lojong                     ->  1375ms
Nasa                       ->  1092ms
GoesGenerator              ->   552ms
Bubbles                    ->   297ms
PeripheralDriftIllusion    ->   160ms
Cubes                      ->    96ms
NasaMapGenerator           ->    66ms
MandalaDraw                ->    25ms
StaticMandala              ->     9ms
---
PixelSortTransformer             -> Min:    28ms | Avg:   290ms | Max:  1671ms
WatercolorTransformer            -> Min:    73ms | Avg:   240ms | Max:   601ms
WheelTransformer                 -> Min:    49ms | Avg:   192ms | Max:   486ms
VoronoiTransformer               -> Min:    41ms | Avg:   159ms | Max:   307ms
FlipWilsonTransformer            -> Min:    20ms | Avg:    57ms | Max:   155ms
MeltMorphTransformer             -> Min:    17ms | Avg:    57ms | Max:   132ms
FluidWarpTransformer             -> Min:     7ms | Avg:    49ms | Max:   154ms
HalftoneTransformer              -> Min:    19ms | Avg:    46ms | Max:    68ms
OilPaintingTransformer           -> Min:     8ms | Avg:    45ms | Max:    74ms
ThermalImagingTransformer        -> Min:     7ms | Avg:    39ms | Max:    84ms
KaleidoscopeTransformer          -> Min:    20ms | Avg:    37ms | Max:    53ms
FractalWarpTransformer           -> Min:    34ms | Avg:    35ms | Max:    37ms
DataMoshTransformer              -> Min:    12ms | Avg:    29ms | Max:    96ms
SwirlWarpTransformer             -> Min:    12ms | Avg:    27ms | Max:    64ms
RadialWarpTransformer            -> Min:    16ms | Avg:    26ms | Max:    46ms
GlitchWarpTransformer            -> Min:     8ms | Avg:    21ms | Max:    29ms
PosterizationTransformer         -> Min:    10ms | Avg:    18ms | Max:    28ms
ChromaticAberrationTransformer   -> Min:     9ms | Avg:    17ms | Max:    28ms
FisheyeTransformer               -> Min:     4ms | Avg:    15ms | Max:    32ms
ColormapTransformer              -> Min:     5ms | Avg:    13ms | Max:    33ms
