2026-03-13 09:05:15,793 - INFO - [pipeline.py:47] - "WatercolorTransformer","scale=0.85,style=psychedelic"
2026-03-13 09:05:15,812 - INFO - [pipeline.py:154] - [Grade: A] Saved to: /Users/kenfasano/Scripts/ScreenArt/Images/TransformedImages/bubbles_4-A.jpeg
2026-03-13 09:05:15,922 - INFO - [pipeline.py:47] - "XrayTransformer","colors=128"
2026-03-13 09:05:15,963 - INFO - [pipeline.py:47] - "AnamorphicTransformer","intensity=0.0,0.2,0.4,0.6,0.8,thresh=80"
2026-03-13 09:05:15,979 - INFO - [pipeline.py:154] - [Grade: A] Saved to: /Users/kenfasano/Scripts/ScreenArt/Images/TransformedImages/bubbles_8-A.jpeg
2026-03-13 09:05:16,025 - INFO - [pipeline.py:47] - "ThermalImagingTransformer","thermal=True"
2026-03-13 09:05:16,042 - INFO - [pipeline.py:154] - [Grade: A] Saved to: /Users/kenfasano/Scripts/ScreenArt/Images/TransformedImages/bubbles_9-A.jpeg
2026-03-13 09:05:16,084 - INFO - [pipeline.py:47] - "WheelTransformer","blend=normal,copies=4"
2026-03-13 09:05:16,140 - INFO - [pipeline.py:47] - "HalftoneTransformer","size=2"
2026-03-13 09:05:16,190 - INFO - [pipeline.py:47] - "XrayTransformer","colors=128"
2026-03-13 09:05:16,208 - INFO - [pipeline.py:47] - "RadialWarpTransformer","radius=0.25,strength=97.30715321757992,style=pull"
2026-03-13 09:05:16,225 - INFO - [pipeline.py:154] - [Grade: F] Saved to: /Users/kenfasano/Scripts/ScreenArt/Images/Rejected/bubbles_5-F.jpeg
2026-03-13 09:05:16,268 - INFO - [pipeline.py:47] - "ThreeDExtrusionTransformer","ambient=0.35,intensity=0.50"
2026-03-13 09:05:16,326 - INFO - [pipeline.py:47] - "FlipWilsonTransformer","keep=left,narrow=0.42"
2026-03-13 09:05:16,343 - INFO - [pipeline.py:154] - [Grade: F] Saved to: /Users/kenfasano/Scripts/ScreenArt/Images/Rejected/bubbles_2-F.jpeg
2026-03-13 09:05:16,400 - INFO - [pipeline.py:47] - "HalftoneTransformer","size=2"
2026-03-13 09:05:16,457 - INFO - [pipeline.py:47] - "FlipWilsonTransformer","keep=left,narrow=0.42"
2026-03-13 09:05:16,473 - INFO - [pipeline.py:154] - [Grade: A] Saved to: /Users/kenfasano/Scripts/ScreenArt/Images/TransformedImages/bubbles_3-A.jpeg
2026-03-13 09:05:16,536 - INFO - [pipeline.py:47] - "MeltMorphTransformer","intensity=0.50"
2026-03-13 09:05:16,620 - INFO - [pipeline.py:47] - "DuotoneTransformer","highlight=#c7b4d8,shadow=#5ab52b"
2026-03-13 09:05:16,640 - INFO - [pipeline.py:47] - "RadialWarpTransformer","radius=0.25,strength=100.19172494211317,130.4736340532284,style=push,push"
2026-03-13 09:05:16,657 - INFO - [pipeline.py:154] - [Grade: C] Saved to: /Users/kenfasano/Scripts/ScreenArt/Images/TransformedImages/bubbles_10-C.jpeg
2026-03-13 09:05:16,713 - INFO - [pipeline.py:47] - "HalftoneTransformer","size=2"
2026-03-13 09:05:16,725 - INFO - [pipeline.py:47] - "InvertRGBTransformer","blend=0.84"
2026-03-13 09:05:16,748 - INFO - [pipeline.py:47] - "RadialWarpTransformer","radius=0.25,strength=70.83823899745902,45.901871202013716,style=push,pull"
2026-03-13 09:05:16,764 - INFO - [pipeline.py:154] - [Grade: A] Saved to: /Users/kenfasano/Scripts/ScreenArt/Images/TransformedImages/bubbles_1-A.jpeg
2026-03-13 09:05:16,800 - INFO - [pipeline.py:47] - "GlitchWarpTransformer","intensity=0.01"
2026-03-13 09:05:16,818 - INFO - [pipeline.py:154] - [Grade: A] Saved to: /Users/kenfasano/Scripts/ScreenArt/Images/TransformedImages/bubbles_6-A.jpeg
2026-03-13 09:05:16,860 - INFO - [pipeline.py:47] - "WheelTransformer","blend=normal,copies=4"
2026-03-13 09:05:16,897 - INFO - [pipeline.py:47] - "ThermalImagingTransformer","thermal=True"
2026-03-13 09:05:16,924 - INFO - [pipeline.py:47] - "GlitchWarpTransformer","intensity=0.01"
2026-03-13 09:05:16,963 - INFO - [pipeline.py:47] - "DataMoshTransformer","intensity=0.01"
2026-03-13 09:05:16,981 - INFO - [pipeline.py:154] - [Grade: B] Saved to: /Users/kenfasano/Scripts/ScreenArt/Images/TransformedImages/bubbles_7-B.jpeg
2026-03-13 09:05:17,020 - INFO - [pipeline.py:47] - "TritoneTransformer","highlight=#772af6,mid=#6638d6,shadow=#40a6ca"
2026-03-13 09:05:17,051 - INFO - [pipeline.py:47] - "FisheyeTransformer","shape=circle,strength=0.33,zoom=0.99"
2026-03-13 09:05:17,068 - INFO - [pipeline.py:154] - [Grade: F] Saved to: /Users/kenfasano/Scripts/ScreenArt/Images/Rejected/cubes_2-F.jpeg
2026-03-13 09:05:17,119 - INFO - [pipeline.py:47] - "FluidWarpTransformer","alpha=14.74,sigma=5.81"
2026-03-13 09:05:17,136 - INFO - [pipeline.py:154] - [Grade: A] Saved to: /Users/kenfasano/Scripts/ScreenArt/Images/TransformedImages/cubes_3-A.jpeg
2026-03-13 09:05:17,156 - INFO - [pipeline.py:47] - "PosterizationTransformer","levels=4"
2026-03-13 09:05:17,196 - INFO - [pipeline.py:47] - "FractalWarpTransformer","iter=1,scale=0.05"
2026-03-13 09:05:17,230 - INFO - [pipeline.py:47] - "WheelTransformer","blend=normal,copies=4"
2026-03-13 09:05:17,265 - INFO - [pipeline.py:47] - "FluidWarpTransformer","alpha=15.83,sigma=3.04"
2026-03-13 09:05:17,282 - INFO - [pipeline.py:154] - [Grade: A] Saved to: /Users/kenfasano/Scripts/ScreenArt/Images/TransformedImages/cubes_4-A.jpeg
2026-03-13 09:05:17,510 - INFO - [pipeline.py:47] - "WatercolorTransformer","scale=0.85,style=monet"
2026-03-13 09:05:17,527 - INFO - [pipeline.py:154] - [Grade: A] Saved to: /Users/kenfasano/Scripts/ScreenArt/Images/TransformedImages/cubes_5-A.jpeg
2026-03-13 09:05:17,587 - INFO - [pipeline.py:47] - "AnamorphicTransformer","intensity=0.0,0.2,0.4,0.6,0.8,thresh=80"
2026-03-13 09:05:17,618 - INFO - [pipeline.py:47] - "FisheyeTransformer","shape=circle,strength=0.55,zoom=1.12"
2026-03-13 09:05:17,634 - INFO - [pipeline.py:154] - [Grade: F] Saved to: /Users/kenfasano/Scripts/ScreenArt/Images/Rejected/cubes_6-F.jpeg
2026-03-13 09:05:17,656 - INFO - [pipeline.py:47] - "ColormapTransformer","map=jet"
2026-03-13 09:05:17,687 - INFO - [pipeline.py:47] - "TritoneTransformer","highlight=#549ffc,mid=#faca78,shadow=#a1e1bb"
2026-03-13 09:05:17,707 - INFO - [pipeline.py:47] - "RadialWarpTransformer","radius=0.25,strength=110.24244852966122,97.99700948452906,style=push,push"
2026-03-13 09:05:17,740 - INFO - [pipeline.py:47] - "ThreeDExtrusionTransformer","ambient=0.48,intensity=0.50"
2026-03-13 09:05:17,759 - INFO - [pipeline.py:154] - [Grade: C] Saved to: /Users/kenfasano/Scripts/ScreenArt/Images/TransformedImages/cubes_1-C.jpeg
2026-03-13 09:05:17,775 - INFO - [pipeline.py:47] - "FractalWarpTransformer","iter=1,scale=0.05"
2026-03-13 09:05:17,779 - INFO - [pipeline.py:47] - "InvertRGBTransformer","blend=0.60"
2026-03-13 09:05:17,790 - INFO - [pipeline.py:47] - "DataMoshTransformer","intensity=0.01"
2026-03-13 09:05:17,802 - INFO - [pipeline.py:47] - "ThermalImagingTransformer","thermal=True"
2026-03-13 09:05:17,809 - INFO - [pipeline.py:154] - [Grade: A] Saved to: /Users/kenfasano/Scripts/ScreenArt/Images/TransformedImages/PartialLunarItaly_Mezzio_1080-A.jpg
2026-03-13 09:05:17,818 - INFO - [pipeline.py:47] - "PosterizationTransformer","levels=4"
2026-03-13 09:05:17,825 - INFO - [pipeline.py:154] - [Grade: A] Saved to: /Users/kenfasano/Scripts/ScreenArt/Images/TransformedImages/tardigrade_eyeofscience_960-A.jpg
2026-03-13 09:05:17,851 - INFO - [pipeline.py:47] - "GlitchWarpTransformer","intensity=0.01"
2026-03-13 09:05:17,864 - INFO - [pipeline.py:47] - "FractalWarpTransformer","iter=1,scale=0.05"
2026-03-13 09:05:17,894 - INFO - [pipeline.py:47] - "DuotoneTransformer","highlight=#9c3d07,shadow=#0edd52"
2026-03-13 09:05:17,900 - INFO - [pipeline.py:154] - [Grade: F] Saved to: /Users/kenfasano/Scripts/ScreenArt/Images/Rejected/SpottyBrisbaneSunriseMudge_1024px-F.jpg
2026-03-13 09:05:17,908 - INFO - [pipeline.py:47] - "PosterizationTransformer","levels=4"
2026-03-13 09:05:17,911 - INFO - [pipeline.py:47] - "InvertRGBTransformer","blend=0.50"
2026-03-13 09:05:17,927 - INFO - [pipeline.py:47] - "FluidWarpTransformer","alpha=2.31,sigma=7.17"
2026-03-13 09:05:17,932 - INFO - [pipeline.py:154] - [Grade: F] Saved to: /Users/kenfasano/Scripts/ScreenArt/Images/Rejected/Horsehead_CFHT_960-F.jpg
2026-03-13 09:05:17,945 - INFO - [pipeline.py:47] - "FisheyeTransformer","shape=circle,strength=0.38,zoom=0.98"
2026-03-13 09:05:17,955 - INFO - [pipeline.py:47] - "GlitchWarpTransformer","intensity=0.01"
2026-03-13 09:05:17,963 - INFO - [pipeline.py:154] - [Grade: A] Saved to: /Users/kenfasano/Scripts/ScreenArt/Images/TransformedImages/VolcanicConjunction_Sojuel_1080-A.jpg
2026-03-13 09:05:17,996 - INFO - [pipeline.py:47] - "MeltMorphTransformer","intensity=0.50"
2026-03-13 09:05:18,005 - INFO - [pipeline.py:154] - [Grade: A] Saved to: /Users/kenfasano/Scripts/ScreenArt/Images/TransformedImages/NGC6357schedler_S2HaO3_25-A.jpg
2026-03-13 09:05:18,021 - INFO - [pipeline.py:47] - "ThreeDExtrusionTransformer","ambient=0.30,intensity=0.50"
2026-03-13 09:05:18,031 - INFO - [pipeline.py:47] - "TritoneTransformer","highlight=#898814,mid=#22ce6d,shadow=#1145f8"
2026-03-13 09:05:18,048 - INFO - [pipeline.py:47] - "FluidWarpTransformer","alpha=7.89,sigma=7.36"
2026-03-13 09:05:18,054 - INFO - [pipeline.py:154] - [Grade: F] Saved to: /Users/kenfasano/Scripts/ScreenArt/Images/Rejected/MoonRays_Byurakan1412px-F.jpg
2026-03-13 09:05:18,073 - INFO - [pipeline.py:47] - "SwirlWarpTransformer","strength=1.50"
2026-03-13 09:05:18,086 - INFO - [pipeline.py:47] - "FluidWarpTransformer","alpha=17.73,sigma=3.68"
2026-03-13 09:05:18,093 - INFO - [pipeline.py:154] - [Grade: A] Saved to: /Users/kenfasano/Scripts/ScreenArt/Images/TransformedImages/RedSprites_Broady_960-A.jpg
2026-03-13 09:05:18,144 - INFO - [pipeline.py:47] - "AnamorphicTransformer","intensity=0.0,0.2,0.4,0.6,0.8,thresh=80"
2026-03-13 09:05:18,158 - INFO - [pipeline.py:154] - [Grade: B] Saved to: /Users/kenfasano/Scripts/ScreenArt/Images/TransformedImages/fairypillar_hubble_900-B.jpg
2026-03-13 09:05:18,172 - INFO - [pipeline.py:47] - "SwirlWarpTransformer","strength=1.50"
2026-03-13 09:05:18,182 - INFO - [pipeline.py:47] - "WheelTransformer","blend=normal,copies=4"
2026-03-13 09:05:18,186 - INFO - [pipeline.py:47] - "PosterizationTransformer","levels=4"
2026-03-13 09:05:18,197 - INFO - [pipeline.py:47] - "ThermalImagingTransformer","thermal=True"
2026-03-13 09:05:18,202 - INFO - [pipeline.py:154] - [Grade: A] Saved to: /Users/kenfasano/Scripts/ScreenArt/Images/TransformedImages/ngc3190_hstlegacy-A.jpg
2026-03-13 09:05:18,228 - INFO - [pipeline.py:47] - "MeltMorphTransformer","intensity=0.50"
2026-03-13 09:05:18,238 - INFO - [pipeline.py:47] - "GlitchWarpTransformer","intensity=0.01"
2026-03-13 09:05:18,248 - INFO - [pipeline.py:154] - [Grade: A] Saved to: /Users/kenfasano/Scripts/ScreenArt/Images/TransformedImages/2017SuperMoonAlpsSuperga1024-A.jpg
2026-03-13 09:05:18,495 - INFO - [pipeline.py:47] - "WatercolorTransformer","scale=0.85,style=psychedelic"
2026-03-13 09:05:18,512 - INFO - [pipeline.py:154] - [Grade: C] Saved to: /Users/kenfasano/Scripts/ScreenArt/Images/TransformedImages/nasa_earth_1_Karachi_True_Color-C.jpeg
2026-03-13 09:05:18,562 - INFO - [pipeline.py:47] - "FlipWilsonTransformer","keep=left,narrow=0.42"
2026-03-13 09:05:18,590 - INFO - [pipeline.py:47] - "DataMoshTransformer","intensity=0.01"
2026-03-13 09:05:18,602 - INFO - [pipeline.py:154] - [Grade: B] Saved to: /Users/kenfasano/Scripts/ScreenArt/Images/TransformedImages/noaa_goes_1_se_Day_Night_Cloud_Micro-B.jpeg
2026-03-13 09:05:18,607 - INFO - [pipeline.py:47] - "FractalWarpTransformer","iter=1,scale=0.05"
2026-03-13 09:05:18,608 - INFO - [pipeline.py:47] - "PosterizationTransformer","levels=4"
2026-03-13 09:05:18,611 - INFO - [pipeline.py:47] - "ThermalImagingTransformer","thermal=True"
2026-03-13 09:05:18,613 - INFO - [pipeline.py:154] - [Grade: B] Saved to: /Users/kenfasano/Scripts/ScreenArt/Images/TransformedImages/500px-March_Hai-B.jpeg
2026-03-13 09:05:18,617 - INFO - [pipeline.py:47] - "ThreeDExtrusionTransformer","ambient=0.34,intensity=0.50"
2026-03-13 09:05:18,620 - INFO - [pipeline.py:47] - "DataMoshTransformer","intensity=0.01"
2026-03-13 09:05:18,622 - INFO - [pipeline.py:154] - [Grade: B] Saved to: /Users/kenfasano/Scripts/ScreenArt/Images/TransformedImages/500px-_The_retu-B.jpeg
2026-03-13 09:05:18,637 - INFO - [pipeline.py:47] - "PosterizationTransformer","levels=4"
2026-03-13 09:05:18,655 - INFO - [pipeline.py:47] - "TritoneTransformer","highlight=#543abc,mid=#07accd,shadow=#56ba24"
2026-03-13 09:05:18,679 - INFO - [pipeline.py:47] - "ThermalImagingTransformer","thermal=True"
2026-03-13 09:05:18,697 - INFO - [pipeline.py:47] - "FisheyeTransformer","shape=circle,strength=0.80,zoom=1.01"
2026-03-13 09:05:18,708 - INFO - [pipeline.py:154] - [Grade: A] Saved to: /Users/kenfasano/Scripts/ScreenArt/Images/TransformedImages/1280px-Поделки_-A.jpeg
2026-03-13 09:05:18,829 - INFO - [pipeline.py:47] - "DuotoneTransformer","highlight=#60b8f9,shadow=#12140f"
2026-03-13 09:05:18,874 - INFO - [pipeline.py:47] - "DataMoshTransformer","intensity=0.02"
2026-03-13 09:05:18,897 - INFO - [pipeline.py:154] - [Grade: A] Saved to: /Users/kenfasano/Scripts/ScreenArt/Images/TransformedImages/2015-02--A.jpeg
2026-03-13 09:05:18,950 - INFO - [pipeline.py:47] - "FluidWarpTransformer","alpha=11.09,sigma=1.36"
2026-03-13 09:05:19,130 - INFO - [pipeline.py:47] - "XrayTransformer","colors=256"
2026-03-13 09:05:19,164 - INFO - [pipeline.py:47] - "FisheyeTransformer","shape=oval,strength=0.45,zoom=0.94"
2026-03-13 09:05:19,187 - INFO - [pipeline.py:154] - [Grade: A] Saved to: /Users/kenfasano/Scripts/ScreenArt/Images/TransformedImages/King_Kon-A.jpeg
2026-03-13 09:05:19,220 - INFO - [pipeline.py:47] - "MeltMorphTransformer","intensity=0.50"
2026-03-13 09:05:19,230 - INFO - [pipeline.py:154] - [Grade: B] Saved to: /Users/kenfasano/Scripts/ScreenArt/Images/TransformedImages/1280px-In_Searc-B.jpeg
2026-03-13 09:05:19,264 - INFO - [pipeline.py:47] - "GlitchWarpTransformer","intensity=0.01"
2026-03-13 09:05:19,301 - INFO - [pipeline.py:47] - "ThermalImagingTransformer","thermal=True"
2026-03-13 09:05:19,318 - INFO - [pipeline.py:154] - [Grade: B] Saved to: /Users/kenfasano/Scripts/ScreenArt/Images/TransformedImages/lojong_2-B-hero.jpeg
2026-03-13 09:05:19,343 - INFO - [pipeline.py:47] - "RadialWarpTransformer","radius=0.25,strength=65.02610338322962,style=pull"
2026-03-13 09:05:19,360 - INFO - [pipeline.py:154] - [Grade: A] Saved to: /Users/kenfasano/Scripts/ScreenArt/Images/TransformedImages/lojong_3-A-columns.jpeg
2026-03-13 09:05:19,403 - INFO - [pipeline.py:47] - "ThreeDExtrusionTransformer","ambient=0.33,intensity=0.50"
2026-03-13 09:05:19,491 - INFO - [pipeline.py:47] - "DuotoneTransformer","highlight=#50c0a8,shadow=#fea074"
2026-03-13 09:05:19,510 - INFO - [pipeline.py:154] - [Grade: F] Saved to: /Users/kenfasano/Scripts/ScreenArt/Images/Rejected/lojong_8-F-columns.jpeg
2026-03-13 09:05:19,551 - INFO - [pipeline.py:47] - "ThreeDExtrusionTransformer","ambient=0.32,intensity=0.50"
2026-03-13 09:05:19,591 - INFO - [pipeline.py:47] - "SwirlWarpTransformer","strength=1.50"
2026-03-13 09:05:19,622 - INFO - [pipeline.py:47] - "TritoneTransformer","highlight=#227ec8,mid=#6ada6d,shadow=#3ce741"
2026-03-13 09:05:19,650 - INFO - [pipeline.py:47] - "GlitchWarpTransformer","intensity=0.01"
2026-03-13 09:05:19,666 - INFO - [pipeline.py:154] - [Grade: F] Saved to: /Users/kenfasano/Scripts/ScreenArt/Images/Rejected/lojong_4-F-columns.jpeg
2026-03-13 09:05:19,711 - INFO - [pipeline.py:47] - "DataMoshTransformer","intensity=0.02"
2026-03-13 09:05:19,751 - INFO - [pipeline.py:47] - "ThermalImagingTransformer","thermal=True"
2026-03-13 09:05:19,779 - INFO - [pipeline.py:47] - "GlitchWarpTransformer","intensity=0.01"
2026-03-13 09:05:19,994 - INFO - [pipeline.py:47] - "WatercolorTransformer","scale=0.85,style=psychedelic"
2026-03-13 09:05:20,012 - INFO - [pipeline.py:154] - [Grade: B] Saved to: /Users/kenfasano/Scripts/ScreenArt/Images/TransformedImages/lojong_5-B-tile.jpeg
2026-03-13 09:05:20,149 - INFO - [pipeline.py:47] - "XrayTransformer","colors=64"
2026-03-13 09:05:20,167 - INFO - [pipeline.py:154] - [Grade: C] Saved to: /Users/kenfasano/Scripts/ScreenArt/Images/TransformedImages/lojong_9-C-hero.jpeg
2026-03-13 09:05:20,275 - INFO - [pipeline.py:47] - "XrayTransformer","colors=64"
2026-03-13 09:05:20,291 - INFO - [pipeline.py:154] - [Grade: F] Saved to: /Users/kenfasano/Scripts/ScreenArt/Images/Rejected/lojong_6-F-scatter.jpeg
2026-03-13 09:05:20,328 - INFO - [pipeline.py:47] - "TritoneTransformer","highlight=#b6f909,mid=#fb2278,shadow=#54ef81"
2026-03-13 09:05:20,368 - INFO - [pipeline.py:47] - "SwirlWarpTransformer","strength=1.50"
2026-03-13 09:05:20,413 - INFO - [pipeline.py:47] - "FluidWarpTransformer","alpha=2.07,sigma=6.06"
2026-03-13 09:05:20,441 - INFO - [pipeline.py:47] - "GlitchWarpTransformer","intensity=0.01"
2026-03-13 09:05:20,457 - INFO - [pipeline.py:154] - [Grade: C] Saved to: /Users/kenfasano/Scripts/ScreenArt/Images/TransformedImages/lojong_7-C-hero.jpeg
2026-03-13 09:05:20,502 - INFO - [pipeline.py:47] - "DataMoshTransformer","intensity=0.01"
2026-03-13 09:05:20,550 - INFO - [pipeline.py:47] - "HalftoneTransformer","size=2"
2026-03-13 09:05:20,603 - INFO - [pipeline.py:47] - "AnamorphicTransformer","intensity=0.0,0.2,0.4,0.6,0.8,thresh=80"
2026-03-13 09:05:20,620 - INFO - [pipeline.py:154] - [Grade: A] Saved to: /Users/kenfasano/Scripts/ScreenArt/Images/TransformedImages/lojong_0-A-tile.jpeg
2026-03-13 09:05:20,669 - INFO - [pipeline.py:47] - "DataMoshTransformer","intensity=0.01"
2026-03-13 09:05:20,700 - INFO - [pipeline.py:47] - "TritoneTransformer","highlight=#20a3a6,mid=#05f4e2,shadow=#839109"
2026-03-13 09:05:20,752 - INFO - [pipeline.py:47] - "FluidWarpTransformer","alpha=4.15,sigma=7.73"
2026-03-13 09:05:20,769 - INFO - [pipeline.py:154] - [Grade: C] Saved to: /Users/kenfasano/Scripts/ScreenArt/Images/TransformedImages/lojong_1-C-hero.jpeg
2026-03-13 09:05:20,818 - INFO - [pipeline.py:47] - "FractalWarpTransformer","iter=1,scale=0.05"
2026-03-13 09:05:20,854 - INFO - [pipeline.py:47] - "DataMoshTransformer","intensity=0.01"
2026-03-13 09:05:20,867 - INFO - [pipeline.py:47] - "ColormapTransformer","map=jet"
2026-03-13 09:05:20,935 - INFO - [pipeline.py:47] - "FlipWilsonTransformer","keep=left,narrow=0.42"
2026-03-13 09:05:20,958 - INFO - [pipeline.py:154] - [Grade: B] Saved to: /Users/kenfasano/Scripts/ScreenArt/Images/TransformedImages/psalms_1-B-columns.jpeg
2026-03-13 09:05:21,051 - INFO - [pipeline.py:47] - "DuotoneTransformer","highlight=#369a76,shadow=#bfc989"
2026-03-13 09:05:21,067 - INFO - [pipeline.py:154] - [Grade: F] Saved to: /Users/kenfasano/Scripts/ScreenArt/Images/Rejected/psalms_76-F-hero.jpeg
2026-03-13 09:05:21,130 - INFO - [pipeline.py:47] - "FlipWilsonTransformer","keep=left,narrow=0.42"
2026-03-13 09:05:21,147 - INFO - [pipeline.py:154] - [Grade: C] Saved to: /Users/kenfasano/Scripts/ScreenArt/Images/TransformedImages/psalms_98-C-hero.jpeg
2026-03-13 09:05:21,212 - INFO - [pipeline.py:47] - "AnamorphicTransformer","intensity=0.0,0.2,0.4,0.6,0.8,thresh=80"
2026-03-13 09:05:21,222 - INFO - [pipeline.py:47] - "InvertRGBTransformer","blend=0.51"
2026-03-13 09:05:21,238 - INFO - [pipeline.py:154] - [Grade: F] Saved to: /Users/kenfasano/Scripts/ScreenArt/Images/Rejected/psalms_50-F-scatter.jpeg
2026-03-13 09:05:21,277 - INFO - [pipeline.py:47] - "WheelTransformer","blend=normal,copies=4"
2026-03-13 09:05:21,288 - INFO - [pipeline.py:47] - "InvertRGBTransformer","blend=0.78"
2026-03-13 09:05:21,304 - INFO - [pipeline.py:154] - [Grade: F] Saved to: /Users/kenfasano/Scripts/ScreenArt/Images/Rejected/psalms_85-F-hero.jpeg
2026-03-13 09:05:21,348 - INFO - [pipeline.py:47] - "FractalWarpTransformer","iter=1,scale=0.05"
2026-03-13 09:05:21,386 - INFO - [pipeline.py:47] - "DataMoshTransformer","intensity=0.02"
2026-03-13 09:05:21,400 - INFO - [pipeline.py:47] - "ColormapTransformer","map=spring"
2026-03-13 09:05:21,431 - INFO - [pipeline.py:47] - "TritoneTransformer","highlight=#0d0a05,mid=#7b0274,shadow=#bdb20a"
2026-03-13 09:05:21,447 - INFO - [pipeline.py:154] - [Grade: C] Saved to: /Users/kenfasano/Scripts/ScreenArt/Images/TransformedImages/psalms_5-C-hero.jpeg
2026-03-13 09:05:21,495 - INFO - [pipeline.py:47] - "SwirlWarpTransformer","strength=1.50"
2026-03-13 09:05:21,521 - INFO - [pipeline.py:47] - "FisheyeTransformer","shape=circle,strength=0.45,zoom=1.00"
2026-03-13 09:05:21,561 - INFO - [pipeline.py:47] - "DataMoshTransformer","intensity=0.02"
2026-03-13 09:05:21,600 - INFO - [pipeline.py:47] - "FractalWarpTransformer","iter=1,scale=0.05"
2026-03-13 09:05:21,616 - INFO - [pipeline.py:154] - [Grade: A] Saved to: /Users/kenfasano/Scripts/ScreenArt/Images/TransformedImages/psalms_29-A-tile.jpeg
2026-03-13 09:05:21,650 - INFO - [pipeline.py:47] - "RadialWarpTransformer","radius=0.25,strength=54.251097852340806,54.37781480579096,103.3509442291462,style=pull,pull,pull"
2026-03-13 09:05:21,706 - INFO - [pipeline.py:47] - "FlipWilsonTransformer","keep=left,narrow=0.42"
2026-03-13 09:05:21,932 - INFO - [pipeline.py:47] - "WatercolorTransformer","scale=0.85,style=psychedelic"
2026-03-13 09:05:22,015 - INFO - [pipeline.py:47] - "DuotoneTransformer","highlight=#4e1c40,shadow=#53f68f"
2026-03-13 09:05:22,032 - INFO - [pipeline.py:154] - [Grade: F] Saved to: /Users/kenfasano/Scripts/ScreenArt/Images/Rejected/psalms_9-F-tile.jpeg
2026-03-13 09:05:22,072 - INFO - [pipeline.py:47] - "WheelTransformer","blend=normal,copies=4"
2026-03-13 09:05:22,187 - INFO - [pipeline.py:47] - "XrayTransformer","colors=256"
2026-03-13 09:05:22,205 - INFO - [pipeline.py:154] - [Grade: B] Saved to: /Users/kenfasano/Scripts/ScreenArt/Images/TransformedImages/psalms_142-B-hero.jpeg
2026-03-13 09:05:22,225 - INFO - [pipeline.py:47] - "PosterizationTransformer","levels=4"
2026-03-13 09:05:22,242 - INFO - [pipeline.py:154] - [Grade: A] Saved to: /Users/kenfasano/Scripts/ScreenArt/Images/TransformedImages/psalms_109-A-scatter.jpeg
2026-03-13 09:05:22,255 - INFO - [pipeline.py:47] - "FractalWarpTransformer","iter=1,scale=0.05"
2026-03-13 09:05:22,261 - INFO - [pipeline.py:154] - [Grade: A] Saved to: /Users/kenfasano/Scripts/ScreenArt/Images/TransformedImages/peripheral_drift_2-A.jpeg
2026-03-13 09:05:22,268 - INFO - [pipeline.py:47] - "PosterizationTransformer","levels=4"
2026-03-13 09:05:22,273 - INFO - [pipeline.py:154] - [Grade: A] Saved to: /Users/kenfasano/Scripts/ScreenArt/Images/TransformedImages/peripheral_drift_3-A.jpeg
2026-03-13 09:05:22,293 - INFO - [pipeline.py:47] - "MeltMorphTransformer","intensity=0.50"
2026-03-13 09:05:22,304 - INFO - [pipeline.py:47] - "FractalWarpTransformer","iter=1,scale=0.05"
2026-03-13 09:05:22,314 - INFO - [pipeline.py:47] - "ThreeDExtrusionTransformer","ambient=0.55,intensity=0.50"
2026-03-13 09:05:22,318 - INFO - [pipeline.py:47] - "PosterizationTransformer","levels=4"
2026-03-13 09:05:22,323 - INFO - [pipeline.py:154] - [Grade: A] Saved to: /Users/kenfasano/Scripts/ScreenArt/Images/TransformedImages/peripheral_drift_1-A.jpeg
2026-03-13 09:05:22,324 - INFO - [main.py:196] - WatercolorTransformer
2026-03-13 09:05:22,324 - INFO - [main.py:196] - XrayTransformer
2026-03-13 09:05:22,324 - INFO - [main.py:196] - DuotoneTransformer
2026-03-13 09:05:22,324 - INFO - [main.py:196] - FlipWilsonTransformer
2026-03-13 09:05:22,324 - INFO - [main.py:196] - HalftoneTransformer
2026-03-13 09:05:22,324 - INFO - [main.py:196] - AnamorphicTransformer
2026-03-13 09:05:22,324 - INFO - [main.py:196] - FluidWarpTransformer
2026-03-13 09:05:22,324 - INFO - [main.py:196] - DataMoshTransformer
2026-03-13 09:05:22,324 - INFO - [main.py:196] - WheelTransformer
2026-03-13 09:05:22,324 - INFO - [main.py:196] - SwirlWarpTransformer
2026-03-13 09:05:22,324 - INFO - [main.py:196] - MeltMorphTransformer
2026-03-13 09:05:22,324 - INFO - [main.py:196] - TritoneTransformer
2026-03-13 09:05:22,324 - INFO - [main.py:196] - ThermalImagingTransformer
2026-03-13 09:05:22,324 - INFO - [main.py:196] - FisheyeTransformer
2026-03-13 09:05:22,324 - INFO - [main.py:196] - FractalWarpTransformer
2026-03-13 09:05:22,324 - INFO - [main.py:196] - GlitchWarpTransformer
2026-03-13 09:05:22,324 - INFO - [main.py:196] - ThreeDExtrusionTransformer
2026-03-13 09:05:22,324 - INFO - [main.py:196] - RadialWarpTransformer
2026-03-13 09:05:22,324 - INFO - [main.py:196] - ColormapTransformer
2026-03-13 09:05:22,324 - INFO - [main.py:196] - InvertRGBTransformer
2026-03-13 09:05:22,324 - INFO - [main.py:196] - PosterizationTransformer
2026-03-13 09:05:22,324 - INFO - [main.py:239] - 18s@09:05 ✓
Accepted: 44
Rejected: 14
---
Bible                      ->  6009ms
Wiki                       ->  1994ms
Lojong                     ->  1923ms
Nasa                       ->   749ms
GoesGenerator              ->   539ms
Cubes                      ->   505ms
Bubbles                    ->   262ms
NasaMapGenerator           ->    52ms
PeripheralDriftIllusion    ->    46ms
---
WatercolorTransformer      -> Min:   215ms | Avg:   228ms | Max:   244ms
XrayTransformer            -> Min:    50ms | Avg:   113ms | Max:   180ms
DuotoneTransformer         -> Min:    30ms | Avg:    79ms | Max:   108ms
FlipWilsonTransformer      -> Min:    41ms | Avg:    56ms | Max:    68ms
HalftoneTransformer        -> Min:    48ms | Avg:    50ms | Max:    56ms
AnamorphicTransformer      -> Min:    40ms | Avg:    49ms | Max:    57ms
FluidWarpTransformer       -> Min:    13ms | Avg:    33ms | Max:    52ms
DataMoshTransformer        -> Min:     3ms | Avg:    32ms | Max:    45ms
WheelTransformer           -> Min:    10ms | Avg:    29ms | Max:    33ms
SwirlWarpTransformer       -> Min:    12ms | Avg:    29ms | Max:    40ms
MeltMorphTransformer       -> Min:    17ms | Avg:    29ms | Max:    54ms
TritoneTransformer         -> Min:    10ms | Avg:    27ms | Max:    31ms
ThermalImagingTransformer  -> Min:     3ms | Avg:    25ms | Max:    39ms
FisheyeTransformer         -> Min:     9ms | Avg:    24ms | Max:    33ms
FractalWarpTransformer     -> Min:     3ms | Avg:    22ms | Max:    40ms
GlitchWarpTransformer      -> Min:     9ms | Avg:    22ms | Max:    28ms
ThreeDExtrusionTransformer -> Min:     2ms | Avg:    22ms | Max:    34ms
RadialWarpTransformer      -> Min:    17ms | Avg:    20ms | Max:    24ms
ColormapTransformer        -> Min:    13ms | Avg:    14ms | Max:    14ms
InvertRGBTransformer       -> Min:     3ms | Avg:     8ms | Max:    12ms
PosterizationTransformer   -> Min:     1ms | Avg:     6ms | Max:    14ms
