2026-03-14 13:36:53,518 - INFO - [pipeline.py:137] - "HalftoneTransformer","size=2"
2026-03-14 13:36:53,536 - INFO - [pipeline.py:243] - [Grade: A] Saved to: /Users/kenfasano/Scripts/ScreenArt/Images/TransformedImages/bubbles_4-A.jpeg
2026-03-14 13:36:53,557 - INFO - [pipeline.py:137] - "PosterizationTransformer","levels=4"
2026-03-14 13:36:53,899 - INFO - [pipeline.py:137] - "VoronoiTransformer","edge_blend=1,num_points=270"
2026-03-14 13:36:53,937 - INFO - [pipeline.py:137] - "FractalWarpTransformer","iter=1,scale=0.05"
2026-03-14 13:36:53,952 - INFO - [pipeline.py:243] - [Grade: F] Saved to: /Users/kenfasano/Scripts/ScreenArt/Images/Rejected/bubbles_8-F.jpeg
2026-03-14 13:36:54,000 - INFO - [pipeline.py:137] - "WheelTransformer","blend=lighter,copies=4"
2026-03-14 13:36:54,017 - INFO - [pipeline.py:243] - [Grade: B] Saved to: /Users/kenfasano/Scripts/ScreenArt/Images/TransformedImages/bubbles_9-B.jpeg
2026-03-14 13:36:54,062 - INFO - [pipeline.py:137] - "FisheyeTransformer","shape=oval,strength=0.46,zoom=0.98"
2026-03-14 13:36:54,114 - INFO - [pipeline.py:137] - "KaleidoscopeTransformer","cx_off=-0.07,cy_off=0.09,segments=8"
2026-03-14 13:36:54,297 - INFO - [pipeline.py:137] - "PixelSortTransformer","direction=cols,high=0.63,low=0.22,sort_key=saturation"
2026-03-14 13:36:54,314 - INFO - [pipeline.py:243] - [Grade: C] Saved to: /Users/kenfasano/Scripts/ScreenArt/Images/TransformedImages/bubbles_5-C.jpeg
2026-03-14 13:36:54,359 - INFO - [pipeline.py:137] - "WheelTransformer","blend=lighter,copies=4"
2026-03-14 13:36:54,375 - INFO - [pipeline.py:243] - [Grade: F] Saved to: /Users/kenfasano/Scripts/ScreenArt/Images/Rejected/bubbles_2-F.jpeg
2026-03-14 13:36:54,422 - INFO - [pipeline.py:137] - "WheelTransformer","blend=lighter,copies=4"
2026-03-14 13:36:54,440 - INFO - [pipeline.py:137] - "OilPaintingTransformer","dyn_ratio=2,size=3"
2026-03-14 13:36:54,469 - INFO - [pipeline.py:137] - "StippleTransformer","bg=black,dot_radius=6,jitter=1,spacing=17"
2026-03-14 13:36:54,520 - INFO - [pipeline.py:137] - "HalftoneTransformer","size=2"
2026-03-14 13:36:54,536 - INFO - [pipeline.py:243] - [Grade: F] Saved to: /Users/kenfasano/Scripts/ScreenArt/Images/Rejected/bubbles_3-F.jpeg
2026-03-14 13:36:54,580 - INFO - [pipeline.py:137] - "DataMoshTransformer","intensity=0.02"
2026-03-14 13:36:54,628 - INFO - [pipeline.py:137] - "HalftoneTransformer","size=2"
2026-03-14 13:36:54,644 - INFO - [pipeline.py:243] - [Grade: F] Saved to: /Users/kenfasano/Scripts/ScreenArt/Images/Rejected/bubbles_10-F.jpeg
2026-03-14 13:36:54,664 - INFO - [pipeline.py:137] - "PosterizationTransformer","levels=4"
2026-03-14 13:36:54,705 - INFO - [pipeline.py:137] - "OilPaintingTransformer","dyn_ratio=1,size=6"
2026-03-14 13:36:54,721 - INFO - [pipeline.py:243] - [Grade: B] Saved to: /Users/kenfasano/Scripts/ScreenArt/Images/TransformedImages/bubbles_1-B.jpeg
2026-03-14 13:36:54,765 - INFO - [pipeline.py:137] - "DataMoshTransformer","intensity=0.01"
2026-03-14 13:36:55,022 - INFO - [pipeline.py:137] - "VoronoiTransformer","edge_blend=1,num_points=196"
2026-03-14 13:36:55,054 - INFO - [pipeline.py:137] - "FluidWarpTransformer","alpha=14.71,sigma=2.35"
2026-03-14 13:36:55,107 - INFO - [pipeline.py:137] - "KaleidoscopeTransformer","cx_off=0.06,cy_off=0.18,segments=8"
2026-03-14 13:36:55,123 - INFO - [pipeline.py:243] - [Grade: C] Saved to: /Users/kenfasano/Scripts/ScreenArt/Images/TransformedImages/bubbles_6-C.jpeg
2026-03-14 13:36:55,169 - INFO - [pipeline.py:137] - "WheelTransformer","blend=lighter,copies=4"
2026-03-14 13:36:55,182 - INFO - [pipeline.py:137] - "ColormapTransformer","map=cool"
2026-03-14 13:36:55,199 - INFO - [pipeline.py:243] - [Grade: F] Saved to: /Users/kenfasano/Scripts/ScreenArt/Images/Rejected/bubbles_7-F.jpeg
2026-03-14 13:36:55,219 - INFO - [pipeline.py:137] - "ColormapTransformer","map=winter"
2026-03-14 13:36:55,235 - INFO - [pipeline.py:137] - "RadialWarpTransformer","radius=0.25,strength=57.12130411728788,style=pull"
2026-03-14 13:36:55,293 - INFO - [pipeline.py:137] - "MeltMorphTransformer","intensity=0.50"
2026-03-14 13:36:55,321 - INFO - [pipeline.py:137] - "ChromaticAberrationTransformer","angle=301.90,edge_fade=1,shift=13.90"
2026-03-14 13:36:55,338 - INFO - [pipeline.py:243] - [Grade: A] Saved to: /Users/kenfasano/Scripts/ScreenArt/Images/TransformedImages/cubes_2-A.jpeg
2026-03-14 13:36:55,371 - INFO - [pipeline.py:137] - "GlitchWarpTransformer","intensity=0.01"
2026-03-14 13:36:55,384 - INFO - [pipeline.py:137] - "PosterizationTransformer","levels=4"
2026-03-14 13:36:55,438 - INFO - [pipeline.py:137] - "MeltMorphTransformer","intensity=0.50"
2026-03-14 13:36:55,538 - INFO - [pipeline.py:137] - "FlipWilsonTransformer","keep=top_left,narrow=0.47"
2026-03-14 13:36:55,555 - INFO - [pipeline.py:243] - [Grade: A] Saved to: /Users/kenfasano/Scripts/ScreenArt/Images/TransformedImages/cubes_3-A.jpeg
2026-03-14 13:36:55,599 - INFO - [pipeline.py:137] - "SwirlWarpTransformer","strength=1.50"
2026-03-14 13:36:55,696 - INFO - [pipeline.py:137] - "FlipWilsonTransformer","keep=top_left,narrow=0.47"
2026-03-14 13:36:55,758 - INFO - [pipeline.py:137] - "StippleTransformer","bg=black,dot_radius=2,jitter=1,spacing=8"
2026-03-14 13:36:55,796 - INFO - [pipeline.py:137] - "WheelTransformer","blend=lighter,copies=4"
2026-03-14 13:36:55,814 - INFO - [pipeline.py:243] - [Grade: F] Saved to: /Users/kenfasano/Scripts/ScreenArt/Images/Rejected/cubes_4-F.jpeg
2026-03-14 13:36:55,876 - INFO - [pipeline.py:137] - "MeltMorphTransformer","intensity=0.50"
2026-03-14 13:36:55,912 - INFO - [pipeline.py:137] - "StippleTransformer","bg=white,dot_radius=5,jitter=1,spacing=14"
2026-03-14 13:36:55,935 - INFO - [pipeline.py:243] - [Grade: C] Saved to: /Users/kenfasano/Scripts/ScreenArt/Images/TransformedImages/cubes_5-C.jpeg
2026-03-14 13:36:55,965 - INFO - [pipeline.py:137] - "RadialWarpTransformer","radius=0.25,strength=109.02270520404247,58.96375423389174,132.10541289505943,style=push,pull,pull"
2026-03-14 13:36:55,992 - INFO - [pipeline.py:137] - "GlitchWarpTransformer","intensity=0.01"
2026-03-14 13:36:56,031 - INFO - [pipeline.py:137] - "SwirlWarpTransformer","strength=1.50"
2026-03-14 13:36:56,049 - INFO - [pipeline.py:243] - [Grade: A] Saved to: /Users/kenfasano/Scripts/ScreenArt/Images/TransformedImages/cubes_6-A.jpeg
2026-03-14 13:36:56,111 - INFO - [pipeline.py:137] - "MeltMorphTransformer","intensity=0.50"
2026-03-14 13:36:56,127 - INFO - [pipeline.py:243] - [Grade: A] Saved to: /Users/kenfasano/Scripts/ScreenArt/Images/TransformedImages/cubes_1-A.jpeg
2026-03-14 13:36:56,158 - INFO - [pipeline.py:137] - "FlipWilsonTransformer","keep=top_left,narrow=0.47"
2026-03-14 13:36:56,168 - INFO - [pipeline.py:137] - "DataMoshTransformer","intensity=0.02"
2026-03-14 13:36:56,173 - INFO - [pipeline.py:243] - [Grade: C] Saved to: /Users/kenfasano/Scripts/ScreenArt/Images/TransformedImages/mercuryvenus_desmars-C.jpg
2026-03-14 13:36:56,201 - INFO - [pipeline.py:137] - "StippleTransformer","bg=white,dot_radius=3,jitter=1,spacing=9"
2026-03-14 13:36:56,209 - INFO - [pipeline.py:243] - [Grade: F] Saved to: /Users/kenfasano/Scripts/ScreenArt/Images/Rejected/Galassiainunagoccia1024-F.jpg
2026-03-14 13:36:56,231 - INFO - [pipeline.py:137] - "StippleTransformer","bg=white,dot_radius=2,jitter=1,spacing=8"
2026-03-14 13:36:56,239 - INFO - [pipeline.py:243] - [Grade: F] Saved to: /Users/kenfasano/Scripts/ScreenArt/Images/Rejected/BhShredder_NASA_1080-F.jpg
2026-03-14 13:36:56,285 - INFO - [pipeline.py:137] - "VoronoiTransformer","edge_blend=1,num_points=83"
2026-03-14 13:36:56,298 - INFO - [pipeline.py:137] - "WheelTransformer","blend=lighter,copies=4"
2026-03-14 13:36:56,303 - INFO - [pipeline.py:243] - [Grade: A] Saved to: /Users/kenfasano/Scripts/ScreenArt/Images/TransformedImages/makemakeguess_eso_960-A.jpg
2026-03-14 13:36:56,321 - INFO - [pipeline.py:137] - "SwirlWarpTransformer","strength=1.50"
2026-03-14 13:36:56,327 - INFO - [pipeline.py:137] - "PosterizationTransformer","levels=4"
2026-03-14 13:36:56,410 - INFO - [pipeline.py:137] - "WatercolorTransformer","scale=0.85,style=monet"
2026-03-14 13:36:56,417 - INFO - [pipeline.py:243] - [Grade: A] Saved to: /Users/kenfasano/Scripts/ScreenArt/Images/TransformedImages/Ghost_Wood_960-A.jpg
2026-03-14 13:36:56,492 - INFO - [pipeline.py:137] - "PixelSortTransformer","direction=cols,high=0.79,low=0.12,sort_key=blue"
2026-03-14 13:36:56,495 - INFO - [pipeline.py:243] - [Grade: A] Saved to: /Users/kenfasano/Scripts/ScreenArt/Images/TransformedImages/lunokhod-A.jpg
2026-03-14 13:36:56,606 - INFO - [pipeline.py:137] - "WatercolorTransformer","scale=0.85,style=monet"
2026-03-14 13:36:56,630 - INFO - [pipeline.py:137] - "MeltMorphTransformer","intensity=0.50"
2026-03-14 13:36:56,646 - INFO - [pipeline.py:137] - "ThermalImagingTransformer","thermal=True"
2026-03-14 13:36:56,663 - INFO - [pipeline.py:137] - "WheelTransformer","blend=lighter,copies=4"
2026-03-14 13:36:56,671 - INFO - [pipeline.py:243] - [Grade: B] Saved to: /Users/kenfasano/Scripts/ScreenArt/Images/TransformedImages/liciacube_leia_l0_1664234215_00000_01_c-B.jpg
2026-03-14 13:36:56,684 - INFO - [pipeline.py:137] - "PosterizationTransformer","levels=4"
2026-03-14 13:36:56,703 - INFO - [pipeline.py:137] - "KaleidoscopeTransformer","cx_off=-0.07,cy_off=0.20,segments=12"
2026-03-14 13:36:56,708 - INFO - [pipeline.py:243] - [Grade: F] Saved to: /Users/kenfasano/Scripts/ScreenArt/Images/Rejected/20141008tleBaldridge001h990-F.jpg
2026-03-14 13:36:56,721 - INFO - [pipeline.py:137] - "GlitchWarpTransformer","intensity=0.01"
2026-03-14 13:36:56,727 - INFO - [pipeline.py:243] - [Grade: A] Saved to: /Users/kenfasano/Scripts/ScreenArt/Images/TransformedImages/McWay_andreo_960-A.jpg
2026-03-14 13:36:56,750 - INFO - [pipeline.py:137] - "FisheyeTransformer","shape=circle,strength=0.57,zoom=0.96"
2026-03-14 13:36:56,779 - INFO - [pipeline.py:137] - "MeltMorphTransformer","intensity=0.50"
2026-03-14 13:36:56,792 - INFO - [pipeline.py:137] - "RadialWarpTransformer","radius=0.25,strength=135.1362929609781,111.86397008255284,style=push,pull"
2026-03-14 13:36:56,809 - INFO - [pipeline.py:137] - "StippleTransformer","bg=complement,dot_radius=5,jitter=1,spacing=13"
2026-03-14 13:36:56,821 - INFO - [pipeline.py:243] - [Grade: A] Saved to: /Users/kenfasano/Scripts/ScreenArt/Images/TransformedImages/HubbleVarOrig_Carnegie_960-A.jpg
2026-03-14 13:36:56,864 - INFO - [pipeline.py:137] - "DataMoshTransformer","intensity=0.02"
2026-03-14 13:36:56,880 - INFO - [pipeline.py:243] - [Grade: F] Saved to: /Users/kenfasano/Scripts/ScreenArt/Images/Rejected/nasa_earth_1_Osaka_True_Color-F.jpeg
2026-03-14 13:36:56,914 - INFO - [pipeline.py:137] - "StippleTransformer","bg=white,dot_radius=3,jitter=1,spacing=12"
2026-03-14 13:36:56,938 - INFO - [pipeline.py:137] - "OilPaintingTransformer","dyn_ratio=3,size=5"
2026-03-14 13:36:56,953 - INFO - [pipeline.py:243] - [Grade: F] Saved to: /Users/kenfasano/Scripts/ScreenArt/Images/Rejected/noaa_goes_1_se_Day_Night_Cloud_Micro-F.jpeg
2026-03-14 13:36:56,969 - INFO - [pipeline.py:137] - "FractalWarpTransformer","iter=1,scale=0.05"
2026-03-14 13:36:57,199 - INFO - [pipeline.py:137] - "PixelSortTransformer","direction=cols,high=0.95,low=0.21,sort_key=green"
2026-03-14 13:36:57,212 - INFO - [pipeline.py:137] - "SwirlWarpTransformer","strength=1.50"
2026-03-14 13:36:57,245 - INFO - [pipeline.py:137] - "FlipWilsonTransformer","keep=top_left,narrow=0.47"
2026-03-14 13:36:57,252 - INFO - [pipeline.py:243] - [Grade: A] Saved to: /Users/kenfasano/Scripts/ScreenArt/Images/TransformedImages/960px-2015_08_0-A.jpeg
2026-03-14 13:36:57,321 - INFO - [pipeline.py:137] - "SwirlWarpTransformer","strength=1.50"
2026-03-14 13:36:57,345 - INFO - [pipeline.py:243] - [Grade: A] Saved to: /Users/kenfasano/Scripts/ScreenArt/Images/TransformedImages/American-A.jpeg
2026-03-14 13:36:57,443 - INFO - [pipeline.py:137] - "RadialWarpTransformer","radius=0.25,strength=37.82250940488585,43.032252193582856,106.2737603200534,style=pull,push,push"
2026-03-14 13:36:57,486 - INFO - [pipeline.py:243] - [Grade: A] Saved to: /Users/kenfasano/Scripts/ScreenArt/Images/TransformedImages/Zoltarz_-A.jpeg
2026-03-14 13:36:57,523 - INFO - [pipeline.py:137] - "RadialWarpTransformer","radius=0.25,strength=133.17389631904265,style=pull"
2026-03-14 13:36:57,554 - INFO - [pipeline.py:137] - "FisheyeTransformer","shape=oval,strength=0.61,zoom=0.93"
2026-03-14 13:36:57,596 - INFO - [pipeline.py:137] - "FluidWarpTransformer","alpha=12.04,sigma=3.25"
2026-03-14 13:36:57,617 - INFO - [pipeline.py:243] - [Grade: A] Saved to: /Users/kenfasano/Scripts/ScreenArt/Images/TransformedImages/St_Alban-A.jpeg
2026-03-14 13:36:57,665 - INFO - [pipeline.py:137] - "GlitchWarpTransformer","intensity=0.01"
2026-03-14 13:36:57,690 - INFO - [pipeline.py:243] - [Grade: A] Saved to: /Users/kenfasano/Scripts/ScreenArt/Images/TransformedImages/Naturpar-A.jpeg
2026-03-14 13:36:57,754 - INFO - [pipeline.py:137] - "KaleidoscopeTransformer","cx_off=0.10,cy_off=0.09,segments=8"
2026-03-14 13:36:58,121 - INFO - [pipeline.py:137] - "VoronoiTransformer","edge_blend=1,num_points=290"
2026-03-14 13:36:58,141 - INFO - [pipeline.py:137] - "RadialWarpTransformer","radius=0.25,strength=71.56088348801778,73.11470232006138,style=pull,push"
2026-03-14 13:36:58,160 - INFO - [pipeline.py:243] - [Grade: A] Saved to: /Users/kenfasano/Scripts/ScreenArt/Images/TransformedImages/lojong_2-A-scatter.jpeg
2026-03-14 13:36:58,204 - INFO - [pipeline.py:137] - "FractalWarpTransformer","iter=1,scale=0.05"
2026-03-14 13:36:58,248 - INFO - [pipeline.py:137] - "DataMoshTransformer","intensity=0.02"
2026-03-14 13:36:58,469 - INFO - [pipeline.py:137] - "WatercolorTransformer","scale=0.85,style=psychedelic"
2026-03-14 13:36:58,482 - INFO - [pipeline.py:137] - "PosterizationTransformer","levels=4"
2026-03-14 13:36:58,500 - INFO - [pipeline.py:243] - [Grade: A] Saved to: /Users/kenfasano/Scripts/ScreenArt/Images/TransformedImages/lojong_3-A-hero.jpeg
2026-03-14 13:36:58,520 - INFO - [pipeline.py:137] - "PosterizationTransformer","levels=4"
2026-03-14 13:36:58,548 - INFO - [pipeline.py:137] - "GlitchWarpTransformer","intensity=0.01"
2026-03-14 13:36:58,565 - INFO - [pipeline.py:243] - [Grade: C] Saved to: /Users/kenfasano/Scripts/ScreenArt/Images/TransformedImages/lojong_8-C-tile.jpeg
2026-03-14 13:36:58,625 - INFO - [pipeline.py:137] - "AnamorphicTransformer","intensity=0.0,0.2,0.4,0.6,0.8,thresh=80"
2026-03-14 13:36:58,663 - INFO - [pipeline.py:137] - "WheelTransformer","blend=lighter,copies=4"
2026-03-14 13:36:58,684 - INFO - [pipeline.py:137] - "RadialWarpTransformer","radius=0.25,strength=121.49533922233961,47.53188334600483,style=push,pull"
2026-03-14 13:36:58,700 - INFO - [pipeline.py:243] - [Grade: A] Saved to: /Users/kenfasano/Scripts/ScreenArt/Images/TransformedImages/lojong_4-A-columns.jpeg
2026-03-14 13:36:58,745 - INFO - [pipeline.py:137] - "WheelTransformer","blend=lighter,copies=4"
2026-03-14 13:36:58,809 - INFO - [pipeline.py:137] - "OilPaintingTransformer","dyn_ratio=8,size=8"
2026-03-14 13:36:58,827 - INFO - [pipeline.py:243] - [Grade: A] Saved to: /Users/kenfasano/Scripts/ScreenArt/Images/TransformedImages/lojong_5-A-columns.jpeg
2026-03-14 13:36:58,853 - INFO - [pipeline.py:137] - "StippleTransformer","bg=complement,dot_radius=6,jitter=1,spacing=23"
2026-03-14 13:36:58,867 - INFO - [pipeline.py:137] - "ColormapTransformer","map=jet"
2026-03-14 13:36:58,888 - INFO - [pipeline.py:243] - [Grade: B] Saved to: /Users/kenfasano/Scripts/ScreenArt/Images/TransformedImages/lojong_9-B-hero.jpeg
2026-03-14 13:36:58,908 - INFO - [pipeline.py:137] - "ColormapTransformer","map=pink"
2026-03-14 13:36:58,925 - INFO - [pipeline.py:243] - [Grade: C] Saved to: /Users/kenfasano/Scripts/ScreenArt/Images/TransformedImages/lojong_6-C-tile.jpeg
2026-03-14 13:36:59,136 - INFO - [pipeline.py:137] - "PixelSortTransformer","direction=rows,high=0.78,low=0.34,sort_key=blue"
2026-03-14 13:36:59,155 - INFO - [pipeline.py:243] - [Grade: C] Saved to: /Users/kenfasano/Scripts/ScreenArt/Images/TransformedImages/lojong_7-C-columns.jpeg
2026-03-14 13:36:59,216 - INFO - [pipeline.py:137] - "MeltMorphTransformer","intensity=0.50"
2026-03-14 13:36:59,240 - INFO - [pipeline.py:137] - "RadialWarpTransformer","radius=0.25,strength=62.43281288716803,81.08458090941531,66.25887810702676,style=pull,pull,pull"
2026-03-14 13:36:59,305 - INFO - [pipeline.py:137] - "AnamorphicTransformer","intensity=0.0,0.2,0.4,0.6,0.8,thresh=80"
2026-03-14 13:36:59,353 - INFO - [pipeline.py:137] - "HalftoneTransformer","size=2"
2026-03-14 13:36:59,369 - INFO - [pipeline.py:243] - [Grade: A] Saved to: /Users/kenfasano/Scripts/ScreenArt/Images/TransformedImages/lojong_0-A-hero.jpeg
2026-03-14 13:36:59,403 - INFO - [pipeline.py:137] - "GlitchWarpTransformer","intensity=0.01"
2026-03-14 13:36:59,419 - INFO - [pipeline.py:243] - [Grade: A] Saved to: /Users/kenfasano/Scripts/ScreenArt/Images/TransformedImages/lojong_1-A-tile.jpeg
2026-03-14 13:36:59,440 - INFO - [pipeline.py:137] - "PosterizationTransformer","levels=4"
2026-03-14 13:36:59,453 - INFO - [pipeline.py:137] - "ColormapTransformer","map=spring"
2026-03-14 13:36:59,593 - INFO - [pipeline.py:137] - "PixelSortTransformer","direction=cols,high=0.64,low=0.29,sort_key=brightness"
2026-03-14 13:36:59,621 - INFO - [pipeline.py:137] - "GlitchWarpTransformer","intensity=0.01"
2026-03-14 13:36:59,639 - INFO - [pipeline.py:243] - [Grade: C] Saved to: /Users/kenfasano/Scripts/ScreenArt/Images/TransformedImages/psalms_83-C-hero.jpeg
2026-03-14 13:36:59,844 - INFO - [pipeline.py:137] - "VoronoiTransformer","edge_blend=1,num_points=145"
2026-03-14 13:36:59,869 - INFO - [pipeline.py:137] - "ChromaticAberrationTransformer","angle=47.80,edge_fade=1,shift=14.50"
2026-03-14 13:37:00,220 - INFO - [pipeline.py:137] - "PixelSortTransformer","direction=rows,high=0.69,low=0.10,sort_key=brightness"
2026-03-14 13:37:00,255 - INFO - [pipeline.py:137] - "FractalWarpTransformer","iter=1,scale=0.05"
2026-03-14 13:37:00,273 - INFO - [pipeline.py:243] - [Grade: A] Saved to: /Users/kenfasano/Scripts/ScreenArt/Images/TransformedImages/psalms_7-A-hero.jpeg
2026-03-14 13:37:00,700 - INFO - [pipeline.py:137] - "PixelSortTransformer","direction=cols,high=0.70,low=0.33,sort_key=red"
2026-03-14 13:37:00,741 - INFO - [pipeline.py:137] - "ThermalImagingTransformer","thermal=True"
2026-03-14 13:37:00,754 - INFO - [pipeline.py:137] - "ColormapTransformer","map=jet"
2026-03-14 13:37:00,777 - INFO - [pipeline.py:243] - [Grade: B] Saved to: /Users/kenfasano/Scripts/ScreenArt/Images/TransformedImages/psalms_27-B-tile.jpeg
2026-03-14 13:37:00,827 - INFO - [pipeline.py:137] - "FluidWarpTransformer","alpha=8.47,sigma=5.02"
2026-03-14 13:37:01,052 - INFO - [pipeline.py:137] - "WatercolorTransformer","scale=0.85,style=psychedelic"
2026-03-14 13:37:01,074 - INFO - [pipeline.py:137] - "RadialWarpTransformer","radius=0.25,strength=96.01358155351261,116.93969158824952,style=pull,push"
2026-03-14 13:37:01,266 - INFO - [pipeline.py:137] - "VoronoiTransformer","edge_blend=1,num_points=132"
2026-03-14 13:37:01,284 - INFO - [pipeline.py:243] - [Grade: A] Saved to: /Users/kenfasano/Scripts/ScreenArt/Images/TransformedImages/psalms_51-A-scatter.jpeg
2026-03-14 13:37:01,306 - INFO - [pipeline.py:137] - "ColormapTransformer","map=pink"
2026-03-14 13:37:01,324 - INFO - [pipeline.py:243] - [Grade: C] Saved to: /Users/kenfasano/Scripts/ScreenArt/Images/TransformedImages/psalms_64-C-scatter.jpeg
2026-03-14 13:37:01,367 - INFO - [pipeline.py:137] - "FractalWarpTransformer","iter=1,scale=0.05"
2026-03-14 13:37:01,586 - INFO - [pipeline.py:137] - "WatercolorTransformer","scale=0.85,style=monet"
2026-03-14 13:37:01,603 - INFO - [pipeline.py:137] - "RadialWarpTransformer","radius=0.25,strength=48.075333873550676,style=pull"
2026-03-14 13:37:01,630 - INFO - [pipeline.py:137] - "ChromaticAberrationTransformer","angle=125.40,edge_fade=1,shift=9.00"
2026-03-14 13:37:01,648 - INFO - [pipeline.py:243] - [Grade: A] Saved to: /Users/kenfasano/Scripts/ScreenArt/Images/TransformedImages/psalms_44-A-scatter.jpeg
2026-03-14 13:37:01,706 - INFO - [pipeline.py:137] - "HalftoneTransformer","size=2"
2026-03-14 13:37:01,723 - INFO - [pipeline.py:243] - [Grade: A] Saved to: /Users/kenfasano/Scripts/ScreenArt/Images/TransformedImages/psalms_28-A-columns.jpeg
2026-03-14 13:37:01,747 - INFO - [pipeline.py:137] - "ColormapTransformer","map=hot"
2026-03-14 13:37:01,784 - INFO - [pipeline.py:137] - "FluidWarpTransformer","alpha=11.97,sigma=3.50"
2026-03-14 13:37:01,805 - INFO - [pipeline.py:243] - [Grade: A] Saved to: /Users/kenfasano/Scripts/ScreenArt/Images/TransformedImages/psalms_109-A-scatter.jpeg
2026-03-14 13:37:01,850 - INFO - [pipeline.py:137] - "FractalWarpTransformer","iter=1,scale=0.05"
2026-03-14 13:37:01,867 - INFO - [pipeline.py:243] - [Grade: A] Saved to: /Users/kenfasano/Scripts/ScreenArt/Images/TransformedImages/psalms_148-A-columns.jpeg
2026-03-14 13:37:01,875 - INFO - [pipeline.py:137] - "PosterizationTransformer","levels=4"
2026-03-14 13:37:01,887 - INFO - [pipeline.py:137] - "SwirlWarpTransformer","strength=1.50"
2026-03-14 13:37:01,892 - INFO - [pipeline.py:243] - [Grade: A] Saved to: /Users/kenfasano/Scripts/ScreenArt/Images/TransformedImages/peripheral_drift_2-A.jpeg
2026-03-14 13:37:01,902 - INFO - [pipeline.py:137] - "FisheyeTransformer","shape=oval,strength=0.28,zoom=1.02"
2026-03-14 13:37:01,908 - INFO - [pipeline.py:243] - [Grade: A] Saved to: /Users/kenfasano/Scripts/ScreenArt/Images/TransformedImages/peripheral_drift_3-A.jpeg
2026-03-14 13:37:01,918 - INFO - [pipeline.py:137] - "FisheyeTransformer","shape=oval,strength=0.35,zoom=0.99"
2026-03-14 13:37:01,927 - INFO - [pipeline.py:137] - "FluidWarpTransformer","alpha=11.07,sigma=1.41"
2026-03-14 13:37:01,932 - INFO - [pipeline.py:137] - "ColormapTransformer","map=cool"
2026-03-14 13:37:01,944 - INFO - [pipeline.py:137] - "WheelTransformer","blend=lighter,copies=4"
2026-03-14 13:37:01,950 - INFO - [pipeline.py:243] - [Grade: A] Saved to: /Users/kenfasano/Scripts/ScreenArt/Images/TransformedImages/peripheral_drift_1-A.jpeg
2026-03-14 13:37:01,950 - INFO - [main.py:196] - VoronoiTransformer
2026-03-14 13:37:01,951 - INFO - [main.py:196] - PixelSortTransformer
2026-03-14 13:37:01,951 - INFO - [main.py:196] - WatercolorTransformer
2026-03-14 13:37:01,951 - INFO - [main.py:196] - FlipWilsonTransformer
2026-03-14 13:37:01,951 - INFO - [main.py:196] - AnamorphicTransformer
2026-03-14 13:37:01,951 - INFO - [main.py:196] - HalftoneTransformer
2026-03-14 13:37:01,951 - INFO - [main.py:196] - MeltMorphTransformer
2026-03-14 13:37:01,951 - INFO - [main.py:196] - KaleidoscopeTransformer
2026-03-14 13:37:01,951 - INFO - [main.py:196] - OilPaintingTransformer
2026-03-14 13:37:01,951 - INFO - [main.py:196] - DataMoshTransformer
2026-03-14 13:37:01,951 - INFO - [main.py:196] - FluidWarpTransformer
2026-03-14 13:37:01,951 - INFO - [main.py:196] - FractalWarpTransformer
2026-03-14 13:37:01,951 - INFO - [main.py:196] - WheelTransformer
2026-03-14 13:37:01,951 - INFO - [main.py:196] - ThermalImagingTransformer
2026-03-14 13:37:01,951 - INFO - [main.py:196] - SwirlWarpTransformer
2026-03-14 13:37:01,951 - INFO - [main.py:196] - StippleTransformer
2026-03-14 13:37:01,951 - INFO - [main.py:196] - ChromaticAberrationTransformer
2026-03-14 13:37:01,951 - INFO - [main.py:196] - GlitchWarpTransformer
2026-03-14 13:37:01,951 - INFO - [main.py:196] - RadialWarpTransformer
2026-03-14 13:37:01,951 - INFO - [main.py:196] - FisheyeTransformer
2026-03-14 13:37:01,951 - INFO - [main.py:196] - ColormapTransformer
2026-03-14 13:37:01,951 - INFO - [main.py:196] - PosterizationTransformer
2026-03-14 13:37:01,951 - INFO - [main.py:239] - 23s@13:37 ✓
Accepted: 44
Rejected: 11
---
Bible                      ->  7115ms
Wiki                       ->  2878ms
Lojong                     ->  1865ms
GoesGenerator              ->  1163ms
Nasa                       ->   639ms
NasaMapGenerator           ->   605ms
Bubbles                    ->   470ms
Cubes                      ->   190ms
PeripheralDriftIllusion    ->    48ms
---
VoronoiTransformer               -> Min:    44ms | Avg:   233ms | Max:   367ms
PixelSortTransformer             -> Min:    73ms | Avg:   228ms | Max:   419ms
WatercolorTransformer            -> Min:    83ms | Avg:   170ms | Max:   225ms
FlipWilsonTransformer            -> Min:    25ms | Avg:    64ms | Max:   100ms
AnamorphicTransformer            -> Min:    53ms | Avg:    59ms | Max:    65ms
HalftoneTransformer              -> Min:    47ms | Avg:    52ms | Max:    66ms
MeltMorphTransformer             -> Min:    24ms | Avg:    47ms | Max:    57ms
KaleidoscopeTransformer          -> Min:    19ms | Avg:    45ms | Max:    56ms
OilPaintingTransformer           -> Min:    18ms | Avg:    37ms | Max:    64ms
DataMoshTransformer              -> Min:    10ms | Avg:    33ms | Max:    45ms
FluidWarpTransformer             -> Min:     9ms | Avg:    32ms | Max:    42ms
FractalWarpTransformer           -> Min:    12ms | Avg:    32ms | Max:    37ms
WheelTransformer                 -> Min:    12ms | Avg:    31ms | Max:    39ms
ThermalImagingTransformer        -> Min:    16ms | Avg:    28ms | Max:    41ms
SwirlWarpTransformer             -> Min:    12ms | Avg:    28ms | Max:    53ms
StippleTransformer               -> Min:    17ms | Avg:    28ms | Max:    62ms
ChromaticAberrationTransformer   -> Min:    25ms | Avg:    27ms | Max:    28ms
GlitchWarpTransformer            -> Min:     9ms | Avg:    26ms | Max:    33ms
RadialWarpTransformer            -> Min:    13ms | Avg:    24ms | Max:    66ms
FisheyeTransformer               -> Min:     7ms | Avg:    19ms | Max:    37ms
ColormapTransformer              -> Min:     5ms | Avg:    12ms | Max:    13ms
PosterizationTransformer         -> Min:     4ms | Avg:    10ms | Max:    13ms
