2026-03-13 08:16:46,783 - INFO - [pipeline.py:47] - "FisheyeTransformer","shape=oval,strength=0.38,zoom=1.07"
2026-03-13 08:16:46,801 - INFO - [pipeline.py:154] - [Grade: A] Saved to: /Users/kenfasano/Scripts/ScreenArt/Images/TransformedImages/bubbles_4-A.jpeg
2026-03-13 08:16:46,856 - INFO - [pipeline.py:47] - "FluidWarpTransformer","alpha=18.75,sigma=4.94"
2026-03-13 08:16:46,923 - INFO - [pipeline.py:47] - "AnamorphicTransformer","intensity=0.0,0.2,0.4,0.6,0.8,thresh=80"
2026-03-13 08:16:46,941 - INFO - [pipeline.py:154] - [Grade: F] Saved to: /Users/kenfasano/Scripts/ScreenArt/Images/Rejected/bubbles_8-F.jpeg
2026-03-13 08:16:46,994 - INFO - [pipeline.py:47] - "FluidWarpTransformer","alpha=16.78,sigma=3.50"
2026-03-13 08:16:47,030 - INFO - [pipeline.py:47] - "FractalWarpTransformer","iter=1,scale=0.05"
2026-03-13 08:16:47,053 - INFO - [pipeline.py:154] - [Grade: A] Saved to: /Users/kenfasano/Scripts/ScreenArt/Images/TransformedImages/bubbles_9-A.jpeg
2026-03-13 08:16:47,096 - INFO - [pipeline.py:47] - "FluidWarpTransformer","alpha=15.85,sigma=1.61"
2026-03-13 08:16:47,214 - INFO - [pipeline.py:47] - "FlipWilsonTransformer","keep=top_right,narrow=0.31"
2026-03-13 08:16:47,245 - INFO - [pipeline.py:47] - "TritoneTransformer","highlight=#dd3a91,mid=#739d56,shadow=#e4e3d1"
2026-03-13 08:16:47,263 - INFO - [pipeline.py:154] - [Grade: A] Saved to: /Users/kenfasano/Scripts/ScreenArt/Images/TransformedImages/bubbles_5-A.jpeg
2026-03-13 08:16:47,387 - INFO - [pipeline.py:47] - "FlipWilsonTransformer","keep=top_right,narrow=0.31"
2026-03-13 08:16:47,422 - INFO - [pipeline.py:47] - "FractalWarpTransformer","iter=1,scale=0.05"
2026-03-13 08:16:47,444 - INFO - [pipeline.py:154] - [Grade: A] Saved to: /Users/kenfasano/Scripts/ScreenArt/Images/TransformedImages/bubbles_2-A.jpeg
2026-03-13 08:16:47,481 - INFO - [pipeline.py:47] - "FisheyeTransformer","shape=circle,strength=0.23,zoom=1.09"
2026-03-13 08:16:47,520 - INFO - [pipeline.py:47] - "SwirlWarpTransformer","strength=1.50"
2026-03-13 08:16:47,537 - INFO - [pipeline.py:154] - [Grade: A] Saved to: /Users/kenfasano/Scripts/ScreenArt/Images/TransformedImages/bubbles_3-A.jpeg
2026-03-13 08:16:47,618 - INFO - [pipeline.py:47] - "AnamorphicTransformer","intensity=0.0,0.2,0.4,0.6,0.8,thresh=80"
2026-03-13 08:16:47,653 - INFO - [pipeline.py:47] - "ThermalImagingTransformer","thermal=True"
2026-03-13 08:16:47,688 - INFO - [pipeline.py:47] - "ThreeDExtrusionTransformer","ambient=0.28,intensity=0.50"
2026-03-13 08:16:47,727 - INFO - [pipeline.py:47] - "SwirlWarpTransformer","strength=1.50"
2026-03-13 08:16:47,744 - INFO - [pipeline.py:154] - [Grade: C] Saved to: /Users/kenfasano/Scripts/ScreenArt/Images/TransformedImages/bubbles_10-C.jpeg
2026-03-13 08:16:47,868 - INFO - [pipeline.py:47] - "FlipWilsonTransformer","keep=top_right,narrow=0.31"
2026-03-13 08:16:47,881 - INFO - [pipeline.py:47] - "PosterizationTransformer","levels=4"
2026-03-13 08:16:47,913 - INFO - [pipeline.py:47] - "ThreeDExtrusionTransformer","ambient=0.55,intensity=0.50"
2026-03-13 08:16:47,931 - INFO - [pipeline.py:154] - [Grade: C] Saved to: /Users/kenfasano/Scripts/ScreenArt/Images/TransformedImages/bubbles_1-C.jpeg
2026-03-13 08:16:47,993 - INFO - [pipeline.py:47] - "MeltMorphTransformer","intensity=0.50"
2026-03-13 08:16:48,005 - INFO - [pipeline.py:47] - "InvertRGBTransformer","blend=0.48"
2026-03-13 08:16:48,042 - INFO - [pipeline.py:47] - "DataMoshTransformer","intensity=0.01"
2026-03-13 08:16:48,058 - INFO - [pipeline.py:154] - [Grade: F] Saved to: /Users/kenfasano/Scripts/ScreenArt/Images/Rejected/bubbles_6-F.jpeg
2026-03-13 08:16:48,106 - INFO - [pipeline.py:47] - "SwirlWarpTransformer","strength=1.50"
2026-03-13 08:16:48,133 - INFO - [pipeline.py:47] - "GlitchWarpTransformer","intensity=0.01"
2026-03-13 08:16:48,239 - INFO - [pipeline.py:47] - "WheelTransformer","blend=lighter,copies=3"
2026-03-13 08:16:48,252 - INFO - [pipeline.py:47] - "ColormapTransformer","map=hsv"
2026-03-13 08:16:48,273 - INFO - [pipeline.py:154] - [Grade: A] Saved to: /Users/kenfasano/Scripts/ScreenArt/Images/TransformedImages/bubbles_7-A.jpeg
2026-03-13 08:16:48,316 - INFO - [pipeline.py:47] - "FractalWarpTransformer","iter=1,scale=0.05"
2026-03-13 08:16:48,424 - INFO - [pipeline.py:47] - "XrayTransformer","colors=128"
2026-03-13 08:16:48,442 - INFO - [pipeline.py:154] - [Grade: A] Saved to: /Users/kenfasano/Scripts/ScreenArt/Images/TransformedImages/cubes_2-A.jpeg
2026-03-13 08:16:48,676 - INFO - [pipeline.py:47] - "WatercolorTransformer","scale=0.85,style=psychedelic"
2026-03-13 08:16:48,693 - INFO - [pipeline.py:154] - [Grade: A] Saved to: /Users/kenfasano/Scripts/ScreenArt/Images/TransformedImages/cubes_3-A.jpeg
2026-03-13 08:16:48,755 - INFO - [pipeline.py:47] - "MeltMorphTransformer","intensity=0.50"
2026-03-13 08:16:48,870 - INFO - [pipeline.py:47] - "FlipWilsonTransformer","keep=top_right,narrow=0.31"
2026-03-13 08:16:48,887 - INFO - [pipeline.py:154] - [Grade: A] Saved to: /Users/kenfasano/Scripts/ScreenArt/Images/TransformedImages/cubes_4-A.jpeg
2026-03-13 08:16:48,952 - INFO - [pipeline.py:47] - "AnamorphicTransformer","intensity=0.0,0.2,0.4,0.6,0.8,thresh=80"
2026-03-13 08:16:49,161 - INFO - [pipeline.py:47] - "WatercolorTransformer","scale=0.85,style=monet"
2026-03-13 08:16:49,176 - INFO - [pipeline.py:154] - [Grade: F] Saved to: /Users/kenfasano/Scripts/ScreenArt/Images/Rejected/cubes_5-F.jpeg
2026-03-13 08:16:49,289 - INFO - [pipeline.py:47] - "WheelTransformer","blend=lighter,copies=3"
2026-03-13 08:16:49,320 - INFO - [pipeline.py:47] - "TritoneTransformer","highlight=#10e852,mid=#0d781a,shadow=#15d699"
2026-03-13 08:16:49,337 - INFO - [pipeline.py:154] - [Grade: A] Saved to: /Users/kenfasano/Scripts/ScreenArt/Images/TransformedImages/cubes_6-A.jpeg
2026-03-13 08:16:49,373 - INFO - [pipeline.py:47] - "FisheyeTransformer","shape=oval,strength=0.39,zoom=1.03"
2026-03-13 08:16:49,384 - INFO - [pipeline.py:47] - "InvertRGBTransformer","blend=0.59"
2026-03-13 08:16:49,438 - INFO - [pipeline.py:47] - "MeltMorphTransformer","intensity=0.50"
2026-03-13 08:16:49,543 - INFO - [pipeline.py:47] - "FlipWilsonTransformer","keep=top_right,narrow=0.31"
2026-03-13 08:16:49,559 - INFO - [pipeline.py:154] - [Grade: F] Saved to: /Users/kenfasano/Scripts/ScreenArt/Images/Rejected/cubes_1-F.jpeg
2026-03-13 08:16:49,621 - INFO - [pipeline.py:47] - "FlipWilsonTransformer","keep=top_right,narrow=0.31"
2026-03-13 08:16:49,639 - INFO - [pipeline.py:47] - "FluidWarpTransformer","alpha=12.43,sigma=6.66"
2026-03-13 08:16:49,657 - INFO - [pipeline.py:47] - "HalftoneTransformer","size=2"
2026-03-13 08:16:49,680 - INFO - [pipeline.py:47] - "AnamorphicTransformer","intensity=0.0,0.2,0.4,0.6,0.8,thresh=80"
2026-03-13 08:16:49,687 - INFO - [pipeline.py:154] - [Grade: B] Saved to: /Users/kenfasano/Scripts/ScreenArt/Images/TransformedImages/TauHerMeteors_Lyu_1080-B.jpg
2026-03-13 08:16:49,725 - INFO - [pipeline.py:47] - "AnamorphicTransformer","intensity=0.0,0.2,0.4,0.6,0.8,thresh=80"
2026-03-13 08:16:49,735 - INFO - [pipeline.py:47] - "FluidWarpTransformer","alpha=19.33,sigma=2.47"
2026-03-13 08:16:49,749 - INFO - [pipeline.py:47] - "HalftoneTransformer","size=2"
2026-03-13 08:16:49,753 - INFO - [pipeline.py:154] - [Grade: F] Saved to: /Users/kenfasano/Scripts/ScreenArt/Images/Rejected/103P_101127ligustri900c-F.jpg
2026-03-13 08:16:49,761 - INFO - [pipeline.py:47] - "FisheyeTransformer","shape=circle,strength=0.34,zoom=0.96"
2026-03-13 08:16:49,766 - INFO - [pipeline.py:154] - [Grade: B] Saved to: /Users/kenfasano/Scripts/ScreenArt/Images/TransformedImages/softsoil_spirit-B.jpg
2026-03-13 08:16:49,774 - INFO - [pipeline.py:47] - "MeltMorphTransformer","intensity=0.50"
2026-03-13 08:16:49,779 - INFO - [pipeline.py:47] - "FractalWarpTransformer","iter=1,scale=0.05"
2026-03-13 08:16:49,781 - INFO - [pipeline.py:154] - [Grade: A] Saved to: /Users/kenfasano/Scripts/ScreenArt/Images/TransformedImages/planets1stonehenge_perkins-A.jpg
2026-03-13 08:16:49,792 - INFO - [pipeline.py:47] - "RadialWarpTransformer","radius=0.25,strength=56.77367889621496,style=pull"
2026-03-13 08:16:49,811 - INFO - [pipeline.py:47] - "FluidWarpTransformer","alpha=16.42,sigma=6.94"
2026-03-13 08:16:49,820 - INFO - [pipeline.py:47] - "FisheyeTransformer","shape=oval,strength=0.21,zoom=0.93"
2026-03-13 08:16:49,836 - INFO - [pipeline.py:47] - "SwirlWarpTransformer","strength=1.50"
2026-03-13 08:16:49,844 - INFO - [pipeline.py:154] - [Grade: A] Saved to: /Users/kenfasano/Scripts/ScreenArt/Images/TransformedImages/NGC1672_Hubble_1080-A.jpg
2026-03-13 08:16:49,869 - INFO - [pipeline.py:47] - "AnamorphicTransformer","intensity=0.0,0.2,0.4,0.6,0.8,thresh=80"
2026-03-13 08:16:49,882 - INFO - [pipeline.py:47] - "ThermalImagingTransformer","thermal=True"
2026-03-13 08:16:49,888 - INFO - [pipeline.py:154] - [Grade: A] Saved to: /Users/kenfasano/Scripts/ScreenArt/Images/TransformedImages/5Planets-hervas600-A.jpg
2026-03-13 08:16:49,895 - INFO - [pipeline.py:47] - "DataMoshTransformer","intensity=0.02"
2026-03-13 08:16:49,898 - INFO - [pipeline.py:154] - [Grade: A] Saved to: /Users/kenfasano/Scripts/ScreenArt/Images/TransformedImages/m51_hallas-A.jpg
2026-03-13 08:16:49,935 - INFO - [pipeline.py:47] - "WheelTransformer","blend=lighter,copies=3"
2026-03-13 08:16:49,945 - INFO - [pipeline.py:47] - "GlitchWarpTransformer","intensity=0.01"
2026-03-13 08:16:49,951 - INFO - [pipeline.py:154] - [Grade: B] Saved to: /Users/kenfasano/Scripts/ScreenArt/Images/TransformedImages/greyillusion_wikipedia_960-B.jpg
2026-03-13 08:16:49,968 - INFO - [pipeline.py:47] - "FisheyeTransformer","shape=oval,strength=0.27,zoom=0.92"
2026-03-13 08:16:49,973 - INFO - [pipeline.py:154] - [Grade: C] Saved to: /Users/kenfasano/Scripts/ScreenArt/Images/TransformedImages/GS-Trails2sTafreshi-C.jpg
2026-03-13 08:16:49,980 - INFO - [pipeline.py:47] - "PosterizationTransformer","levels=4"
2026-03-13 08:16:49,986 - INFO - [pipeline.py:154] - [Grade: A] Saved to: /Users/kenfasano/Scripts/ScreenArt/Images/TransformedImages/CannonSupernova_English_960-A.jpg
2026-03-13 08:16:49,990 - INFO - [pipeline.py:47] - "ColormapTransformer","map=pink"
2026-03-13 08:16:49,996 - INFO - [pipeline.py:47] - "ThermalImagingTransformer","thermal=True"
2026-03-13 08:16:50,002 - INFO - [pipeline.py:47] - "FractalWarpTransformer","iter=1,scale=0.05"
2026-03-13 08:16:50,005 - INFO - [pipeline.py:154] - [Grade: A] Saved to: /Users/kenfasano/Scripts/ScreenArt/Images/TransformedImages/redmoonTrio_espenak_c1-A.jpg
2026-03-13 08:16:50,055 - INFO - [pipeline.py:47] - "SwirlWarpTransformer","strength=1.50"
2026-03-13 08:16:50,074 - INFO - [pipeline.py:154] - [Grade: A] Saved to: /Users/kenfasano/Scripts/ScreenArt/Images/TransformedImages/nasa_earth_1_Tokyo_True_Color-A.jpeg
2026-03-13 08:16:50,119 - INFO - [pipeline.py:47] - "AnamorphicTransformer","intensity=0.0,0.2,0.4,0.6,0.8,thresh=80"
2026-03-13 08:16:50,187 - INFO - [pipeline.py:47] - "WheelTransformer","blend=lighter,copies=3"
2026-03-13 08:16:50,198 - INFO - [pipeline.py:154] - [Grade: B] Saved to: /Users/kenfasano/Scripts/ScreenArt/Images/TransformedImages/noaa_goes_1_se_Day_Night_Cloud_Micro-B.jpeg
2026-03-13 08:16:50,278 - INFO - [pipeline.py:47] - "HalftoneTransformer","size=2"
2026-03-13 08:16:50,314 - INFO - [pipeline.py:47] - "TritoneTransformer","highlight=#877332,mid=#791727,shadow=#1228e0"
2026-03-13 08:16:50,363 - INFO - [pipeline.py:47] - "SwirlWarpTransformer","strength=1.50"
2026-03-13 08:16:50,404 - INFO - [pipeline.py:47] - "FractalWarpTransformer","iter=1,scale=0.05"
2026-03-13 08:16:50,424 - INFO - [pipeline.py:154] - [Grade: C] Saved to: /Users/kenfasano/Scripts/ScreenArt/Images/TransformedImages/ISS066-E-C.jpeg
2026-03-13 08:16:50,449 - INFO - [pipeline.py:47] - "PosterizationTransformer","levels=4"
2026-03-13 08:16:50,474 - INFO - [pipeline.py:47] - "RadialWarpTransformer","radius=0.25,strength=110.6672042912974,39.25690705179375,style=push,push"
2026-03-13 08:16:50,497 - INFO - [pipeline.py:154] - [Grade: A] Saved to: /Users/kenfasano/Scripts/ScreenArt/Images/TransformedImages/thumbnai-A.jpeg
2026-03-13 08:16:50,651 - INFO - [pipeline.py:47] - "FlipWilsonTransformer","keep=top_right,narrow=0.31"
2026-03-13 08:16:50,674 - INFO - [pipeline.py:154] - [Grade: A] Saved to: /Users/kenfasano/Scripts/ScreenArt/Images/TransformedImages/Honsellb-A.jpeg
2026-03-13 08:16:50,726 - INFO - [pipeline.py:47] - "TritoneTransformer","highlight=#5d0809,mid=#2ee2dc,shadow=#094140"
2026-03-13 08:16:50,889 - INFO - [pipeline.py:47] - "XrayTransformer","colors=64"
2026-03-13 08:16:50,909 - INFO - [pipeline.py:47] - "PosterizationTransformer","levels=4"
2026-03-13 08:16:50,934 - INFO - [pipeline.py:154] - [Grade: B] Saved to: /Users/kenfasano/Scripts/ScreenArt/Images/TransformedImages/Ballumer-B.jpeg
2026-03-13 08:16:51,298 - INFO - [pipeline.py:47] - "XrayTransformer","colors=256"
2026-03-13 08:16:51,331 - INFO - [pipeline.py:47] - "ColormapTransformer","map=bone"
2026-03-13 08:16:51,367 - INFO - [pipeline.py:47] - "InvertRGBTransformer","blend=0.43"
2026-03-13 08:16:51,410 - INFO - [pipeline.py:47] - "RadialWarpTransformer","radius=0.25,strength=87.08218068189564,style=pull"
2026-03-13 08:16:51,455 - INFO - [pipeline.py:154] - [Grade: C] Saved to: /Users/kenfasano/Scripts/ScreenArt/Images/TransformedImages/Mors_de_-C.jpeg
2026-03-13 08:16:51,477 - INFO - [pipeline.py:47] - "PosterizationTransformer","levels=4"
2026-03-13 08:16:51,494 - INFO - [pipeline.py:154] - [Grade: A] Saved to: /Users/kenfasano/Scripts/ScreenArt/Images/TransformedImages/lojong_2-A-columns.jpeg
2026-03-13 08:16:51,551 - INFO - [pipeline.py:47] - "HalftoneTransformer","size=2"
2026-03-13 08:16:51,567 - INFO - [pipeline.py:154] - [Grade: A] Saved to: /Users/kenfasano/Scripts/ScreenArt/Images/TransformedImages/lojong_3-A-tile.jpeg
2026-03-13 08:16:51,645 - INFO - [pipeline.py:47] - "GlitchWarpTransformer","intensity=0.01"
2026-03-13 08:16:51,750 - INFO - [pipeline.py:47] - "WheelTransformer","blend=lighter,copies=3"
2026-03-13 08:16:51,768 - INFO - [pipeline.py:154] - [Grade: A] Saved to: /Users/kenfasano/Scripts/ScreenArt/Images/TransformedImages/lojong_8-A-scatter.jpeg
2026-03-13 08:16:51,806 - INFO - [pipeline.py:47] - "TritoneTransformer","highlight=#f0252b,mid=#40819c,shadow=#6f9dd6"
2026-03-13 08:16:51,843 - INFO - [pipeline.py:47] - "ThermalImagingTransformer","thermal=True"
2026-03-13 08:16:51,860 - INFO - [pipeline.py:154] - [Grade: A] Saved to: /Users/kenfasano/Scripts/ScreenArt/Images/TransformedImages/lojong_4-A-scatter.jpeg
2026-03-13 08:16:51,921 - INFO - [pipeline.py:47] - "MeltMorphTransformer","intensity=0.50"
2026-03-13 08:16:51,962 - INFO - [pipeline.py:47] - "FluidWarpTransformer","alpha=13.30,sigma=4.91"
2026-03-13 08:16:52,002 - INFO - [pipeline.py:47] - "SwirlWarpTransformer","strength=1.50"
2026-03-13 08:16:52,055 - INFO - [pipeline.py:47] - "HalftoneTransformer","size=2"
2026-03-13 08:16:52,071 - INFO - [pipeline.py:154] - [Grade: C] Saved to: /Users/kenfasano/Scripts/ScreenArt/Images/TransformedImages/lojong_5-C-hero.jpeg
2026-03-13 08:16:52,107 - INFO - [pipeline.py:47] - "GlitchWarpTransformer","intensity=0.01"
2026-03-13 08:16:52,124 - INFO - [pipeline.py:47] - "RadialWarpTransformer","radius=0.25,strength=83.8242596140042,style=pull"
2026-03-13 08:16:52,135 - INFO - [pipeline.py:47] - "InvertRGBTransformer","blend=0.66"
2026-03-13 08:16:52,152 - INFO - [pipeline.py:154] - [Grade: C] Saved to: /Users/kenfasano/Scripts/ScreenArt/Images/TransformedImages/lojong_9-C-hero.jpeg
2026-03-13 08:16:52,191 - INFO - [pipeline.py:47] - "TritoneTransformer","highlight=#75e933,mid=#a8a62f,shadow=#c129bb"
2026-03-13 08:16:52,239 - INFO - [pipeline.py:47] - "HalftoneTransformer","size=2"
2026-03-13 08:16:52,452 - INFO - [pipeline.py:47] - "WatercolorTransformer","scale=0.85,style=monet"
2026-03-13 08:16:52,468 - INFO - [pipeline.py:154] - [Grade: F] Saved to: /Users/kenfasano/Scripts/ScreenArt/Images/Rejected/lojong_6-F-hero.jpeg
2026-03-13 08:16:52,691 - INFO - [pipeline.py:47] - "WatercolorTransformer","scale=0.85,style=monet"
2026-03-13 08:16:52,717 - INFO - [pipeline.py:47] - "FisheyeTransformer","shape=circle,strength=0.25,zoom=0.89"
2026-03-13 08:16:52,755 - INFO - [pipeline.py:47] - "DataMoshTransformer","intensity=0.02"
2026-03-13 08:16:52,772 - INFO - [pipeline.py:154] - [Grade: A] Saved to: /Users/kenfasano/Scripts/ScreenArt/Images/TransformedImages/lojong_7-A-tile.jpeg
2026-03-13 08:16:52,810 - INFO - [pipeline.py:47] - "TritoneTransformer","highlight=#62dd7b,mid=#96b1df,shadow=#668572"
2026-03-13 08:16:52,858 - INFO - [pipeline.py:47] - "HalftoneTransformer","size=2"
2026-03-13 08:16:52,871 - INFO - [pipeline.py:47] - "PosterizationTransformer","levels=4"
2026-03-13 08:16:52,886 - INFO - [pipeline.py:154] - [Grade: F] Saved to: /Users/kenfasano/Scripts/ScreenArt/Images/Rejected/lojong_0-F-tile.jpeg
2026-03-13 08:16:52,999 - INFO - [pipeline.py:47] - "FlipWilsonTransformer","keep=top_right,narrow=0.31"
2026-03-13 08:16:53,034 - INFO - [pipeline.py:47] - "FractalWarpTransformer","iter=1,scale=0.05"
2026-03-13 08:16:53,050 - INFO - [pipeline.py:154] - [Grade: A] Saved to: /Users/kenfasano/Scripts/ScreenArt/Images/TransformedImages/lojong_1-A-scatter.jpeg
2026-03-13 08:16:53,085 - INFO - [pipeline.py:47] - "GlitchWarpTransformer","intensity=0.01"
2026-03-13 08:16:53,123 - INFO - [pipeline.py:47] - "DataMoshTransformer","intensity=0.02"
2026-03-13 08:16:53,161 - INFO - [pipeline.py:47] - "ThermalImagingTransformer","thermal=True"
2026-03-13 08:16:53,187 - INFO - [pipeline.py:47] - "FisheyeTransformer","shape=circle,strength=0.47,zoom=0.90"
2026-03-13 08:16:53,208 - INFO - [pipeline.py:154] - [Grade: A] Saved to: /Users/kenfasano/Scripts/ScreenArt/Images/TransformedImages/psalms_146-A-scatter.jpeg
2026-03-13 08:16:53,255 - INFO - [pipeline.py:47] - "FluidWarpTransformer","alpha=11.16,sigma=0.63"
2026-03-13 08:16:53,277 - INFO - [pipeline.py:154] - [Grade: C] Saved to: /Users/kenfasano/Scripts/ScreenArt/Images/TransformedImages/psalms_70-C-columns.jpeg
2026-03-13 08:16:53,314 - INFO - [pipeline.py:47] - "GlitchWarpTransformer","intensity=0.01"
2026-03-13 08:16:53,332 - INFO - [pipeline.py:154] - [Grade: A] Saved to: /Users/kenfasano/Scripts/ScreenArt/Images/TransformedImages/psalms_47-A-tile.jpeg
2026-03-13 08:16:53,379 - INFO - [pipeline.py:47] - "SwirlWarpTransformer","strength=1.50"
2026-03-13 08:16:53,515 - INFO - [pipeline.py:47] - "XrayTransformer","colors=64"
2026-03-13 08:16:53,533 - INFO - [pipeline.py:154] - [Grade: C] Saved to: /Users/kenfasano/Scripts/ScreenArt/Images/TransformedImages/psalms_72-C-columns.jpeg
2026-03-13 08:16:53,591 - INFO - [pipeline.py:47] - "HalftoneTransformer","size=2"
2026-03-13 08:16:53,607 - INFO - [pipeline.py:47] - "RadialWarpTransformer","radius=0.25,strength=104.10130071678903,style=push"
2026-03-13 08:16:53,623 - INFO - [pipeline.py:154] - [Grade: A] Saved to: /Users/kenfasano/Scripts/ScreenArt/Images/TransformedImages/psalms_33-A-columns.jpeg
2026-03-13 08:16:53,783 - INFO - [pipeline.py:47] - "XrayTransformer","colors=128"
2026-03-13 08:16:53,886 - INFO - [pipeline.py:47] - "FlipWilsonTransformer","keep=top_right,narrow=0.31"
2026-03-13 08:16:53,991 - INFO - [pipeline.py:47] - "WheelTransformer","blend=lighter,copies=3"
2026-03-13 08:16:54,009 - INFO - [pipeline.py:154] - [Grade: A] Saved to: /Users/kenfasano/Scripts/ScreenArt/Images/TransformedImages/psalms_91-A-tile.jpeg
2026-03-13 08:16:54,055 - INFO - [pipeline.py:47] - "SwirlWarpTransformer","strength=1.50"
2026-03-13 08:16:54,071 - INFO - [pipeline.py:154] - [Grade: F] Saved to: /Users/kenfasano/Scripts/ScreenArt/Images/Rejected/psalms_12-F-hero.jpeg
2026-03-13 08:16:54,181 - INFO - [pipeline.py:47] - "FlipWilsonTransformer","keep=top_right,narrow=0.31"
2026-03-13 08:16:54,199 - INFO - [pipeline.py:154] - [Grade: C] Saved to: /Users/kenfasano/Scripts/ScreenArt/Images/TransformedImages/psalms_49-C-tile.jpeg
2026-03-13 08:16:54,221 - INFO - [pipeline.py:47] - "PosterizationTransformer","levels=4"
2026-03-13 08:16:54,272 - INFO - [pipeline.py:47] - "FluidWarpTransformer","alpha=9.42,sigma=7.74"
2026-03-13 08:16:54,326 - INFO - [pipeline.py:47] - "MeltMorphTransformer","intensity=0.50"
2026-03-13 08:16:54,344 - INFO - [pipeline.py:154] - [Grade: A] Saved to: /Users/kenfasano/Scripts/ScreenArt/Images/TransformedImages/psalms_144-A-scatter.jpeg
2026-03-13 08:16:54,394 - INFO - [pipeline.py:47] - "SwirlWarpTransformer","strength=1.50"
2026-03-13 08:16:54,413 - INFO - [pipeline.py:154] - [Grade: A] Saved to: /Users/kenfasano/Scripts/ScreenArt/Images/TransformedImages/psalms_108-A-columns.jpeg
2026-03-13 08:16:54,419 - INFO - [pipeline.py:47] - "InvertRGBTransformer","blend=0.70"
2026-03-13 08:16:54,427 - INFO - [pipeline.py:47] - "RadialWarpTransformer","radius=0.25,strength=58.72281751305545,111.68924997348475,style=push,pull"
2026-03-13 08:16:54,438 - INFO - [pipeline.py:47] - "DataMoshTransformer","intensity=0.01"
2026-03-13 08:16:54,451 - INFO - [pipeline.py:47] - "SwirlWarpTransformer","strength=1.50"
2026-03-13 08:16:54,457 - INFO - [pipeline.py:154] - [Grade: C] Saved to: /Users/kenfasano/Scripts/ScreenArt/Images/TransformedImages/peripheral_drift_2-C.jpeg
2026-03-13 08:16:54,490 - INFO - [pipeline.py:47] - "WheelTransformer","blend=lighter,copies=3"
2026-03-13 08:16:54,556 - INFO - [pipeline.py:47] - "WatercolorTransformer","scale=0.85,style=monet"
2026-03-13 08:16:54,562 - INFO - [pipeline.py:154] - [Grade: A] Saved to: /Users/kenfasano/Scripts/ScreenArt/Images/TransformedImages/peripheral_drift_3-A.jpeg
2026-03-13 08:16:54,577 - INFO - [pipeline.py:47] - "SwirlWarpTransformer","strength=1.50"
2026-03-13 08:16:54,582 - INFO - [pipeline.py:47] - "ColormapTransformer","map=pink"
2026-03-13 08:16:54,588 - INFO - [pipeline.py:154] - [Grade: A] Saved to: /Users/kenfasano/Scripts/ScreenArt/Images/TransformedImages/peripheral_drift_1-A.jpeg
2026-03-13 08:16:54,588 - INFO - [main.py:196] - WatercolorTransformer
2026-03-13 08:16:54,588 - INFO - [main.py:196] - XrayTransformer
2026-03-13 08:16:54,588 - INFO - [main.py:196] - FlipWilsonTransformer
2026-03-13 08:16:54,588 - INFO - [main.py:196] - WheelTransformer
2026-03-13 08:16:54,588 - INFO - [main.py:196] - MeltMorphTransformer
2026-03-13 08:16:54,588 - INFO - [main.py:196] - AnamorphicTransformer
2026-03-13 08:16:54,588 - INFO - [main.py:196] - HalftoneTransformer
2026-03-13 08:16:54,588 - INFO - [main.py:196] - ThreeDExtrusionTransformer
2026-03-13 08:16:54,588 - INFO - [main.py:196] - SwirlWarpTransformer
2026-03-13 08:16:54,588 - INFO - [main.py:196] - FluidWarpTransformer
2026-03-13 08:16:54,588 - INFO - [main.py:196] - TritoneTransformer
2026-03-13 08:16:54,588 - INFO - [main.py:196] - FractalWarpTransformer
2026-03-13 08:16:54,588 - INFO - [main.py:196] - DataMoshTransformer
2026-03-13 08:16:54,588 - INFO - [main.py:196] - ThermalImagingTransformer
2026-03-13 08:16:54,588 - INFO - [main.py:196] - GlitchWarpTransformer
2026-03-13 08:16:54,588 - INFO - [main.py:196] - FisheyeTransformer
2026-03-13 08:16:54,588 - INFO - [main.py:196] - RadialWarpTransformer
2026-03-13 08:16:54,588 - INFO - [main.py:196] - InvertRGBTransformer
2026-03-13 08:16:54,588 - INFO - [main.py:196] - ColormapTransformer
2026-03-13 08:16:54,588 - INFO - [main.py:196] - PosterizationTransformer
2026-03-13 08:16:54,588 - INFO - [main.py:239] - 23s@08:16 ✓
Accepted: 49
Rejected: 8
---
Bible                      ->  5005ms
Wiki                       ->  4885ms
Lojong                     ->  2515ms
Nasa                       ->  1564ms
Cubes                      ->   508ms
GoesGenerator              ->   482ms
NasaMapGenerator           ->   407ms
Bubbles                    ->   263ms
PeripheralDriftIllusion    ->    46ms
---
WatercolorTransformer      -> Min:    67ms | Avg:   186ms | Max:   226ms
XrayTransformer            -> Min:   109ms | Avg:   178ms | Max:   333ms
FlipWilsonTransformer      -> Min:    39ms | Avg:   106ms | Max:   140ms
WheelTransformer           -> Min:    30ms | Avg:    79ms | Max:   106ms
MeltMorphTransformer       -> Min:     7ms | Avg:    46ms | Max:    54ms
AnamorphicTransformer      -> Min:    20ms | Avg:    44ms | Max:    72ms
HalftoneTransformer        -> Min:    14ms | Avg:    43ms | Max:    69ms
ThreeDExtrusionTransformer -> Min:    32ms | Avg:    34ms | Max:    35ms
SwirlWarpTransformer       -> Min:    12ms | Avg:    33ms | Max:    49ms
FluidWarpTransformer       -> Min:    10ms | Avg:    33ms | Max:    51ms
TritoneTransformer         -> Min:    30ms | Avg:    32ms | Max:    37ms
FractalWarpTransformer     -> Min:     4ms | Avg:    27ms | Max:    42ms
DataMoshTransformer        -> Min:     6ms | Avg:    26ms | Max:    38ms
ThermalImagingTransformer  -> Min:     6ms | Avg:    26ms | Max:    37ms
GlitchWarpTransformer      -> Min:    10ms | Avg:    25ms | Max:    30ms
FisheyeTransformer         -> Min:     5ms | Avg:    22ms | Max:    45ms
RadialWarpTransformer      -> Min:     7ms | Avg:    19ms | Max:    43ms
InvertRGBTransformer       -> Min:     3ms | Avg:    14ms | Max:    36ms
ColormapTransformer        -> Min:     3ms | Avg:    13ms | Max:    32ms
PosterizationTransformer   -> Min:     4ms | Avg:    13ms | Max:    20ms
