2026-03-13 09:21:17,725 - INFO - [pipeline.py:47] - "GlitchWarpTransformer","intensity=0.01"
2026-03-13 09:21:17,765 - INFO - [pipeline.py:47] - "FluidWarpTransformer","alpha=16.79,sigma=2.31"
2026-03-13 09:21:17,785 - INFO - [pipeline.py:154] - [Grade: A] Saved to: /Users/kenfasano/Scripts/ScreenArt/Images/TransformedImages/bubbles_4-A.jpeg
2026-03-13 09:21:17,835 - INFO - [pipeline.py:47] - "ThreeDExtrusionTransformer","ambient=0.35,intensity=0.50"
2026-03-13 09:21:17,864 - INFO - [pipeline.py:47] - "GlitchWarpTransformer","intensity=0.01"
2026-03-13 09:21:17,912 - INFO - [pipeline.py:47] - "SwirlWarpTransformer","strength=1.50"
2026-03-13 09:21:17,930 - INFO - [pipeline.py:154] - [Grade: F] Saved to: /Users/kenfasano/Scripts/ScreenArt/Images/Rejected/bubbles_8-F.jpeg
2026-03-13 09:21:17,966 - INFO - [pipeline.py:47] - "GlitchWarpTransformer","intensity=0.01"
2026-03-13 09:21:17,997 - INFO - [pipeline.py:47] - "TritoneTransformer","highlight=#ff8e59,mid=#0b8ed5,shadow=#a6f19f"
2026-03-13 09:21:18,015 - INFO - [pipeline.py:154] - [Grade: C] Saved to: /Users/kenfasano/Scripts/ScreenArt/Images/TransformedImages/bubbles_9-C.jpeg
2026-03-13 09:21:18,249 - INFO - [pipeline.py:47] - "WatercolorTransformer","scale=0.85,style=psychedelic"
2026-03-13 09:21:18,266 - INFO - [pipeline.py:154] - [Grade: A] Saved to: /Users/kenfasano/Scripts/ScreenArt/Images/TransformedImages/bubbles_5-A.jpeg
2026-03-13 09:21:18,388 - INFO - [pipeline.py:47] - "XrayTransformer","colors=256"
2026-03-13 09:21:18,419 - INFO - [pipeline.py:47] - "TritoneTransformer","highlight=#f0c375,mid=#365713,shadow=#87ffb8"
2026-03-13 09:21:18,451 - INFO - [pipeline.py:47] - "ThreeDExtrusionTransformer","ambient=0.31,intensity=0.50"
2026-03-13 09:21:18,490 - INFO - [pipeline.py:47] - "DataMoshTransformer","intensity=0.01"
2026-03-13 09:21:18,507 - INFO - [pipeline.py:154] - [Grade: C] Saved to: /Users/kenfasano/Scripts/ScreenArt/Images/TransformedImages/bubbles_2-C.jpeg
2026-03-13 09:21:18,558 - INFO - [pipeline.py:47] - "FluidWarpTransformer","alpha=7.64,sigma=5.16"
2026-03-13 09:21:18,576 - INFO - [pipeline.py:154] - [Grade: A] Saved to: /Users/kenfasano/Scripts/ScreenArt/Images/TransformedImages/bubbles_3-A.jpeg
2026-03-13 09:21:18,622 - INFO - [pipeline.py:47] - "DataMoshTransformer","intensity=0.02"
2026-03-13 09:21:18,640 - INFO - [pipeline.py:154] - [Grade: A] Saved to: /Users/kenfasano/Scripts/ScreenArt/Images/TransformedImages/bubbles_10-A.jpeg
2026-03-13 09:21:18,754 - INFO - [pipeline.py:47] - "WheelTransformer","blend=lighter,copies=3"
2026-03-13 09:21:18,803 - INFO - [pipeline.py:47] - "HalftoneTransformer","size=2"
2026-03-13 09:21:18,834 - INFO - [pipeline.py:47] - "ThreeDExtrusionTransformer","ambient=0.38,intensity=0.50"
2026-03-13 09:21:18,850 - INFO - [pipeline.py:154] - [Grade: F] Saved to: /Users/kenfasano/Scripts/ScreenArt/Images/Rejected/bubbles_1-F.jpeg
2026-03-13 09:21:18,906 - INFO - [pipeline.py:47] - "HalftoneTransformer","size=2"
2026-03-13 09:21:18,917 - INFO - [pipeline.py:47] - "InvertRGBTransformer","blend=0.65"
2026-03-13 09:21:18,972 - INFO - [pipeline.py:47] - "XrayTransformer","colors=128"
2026-03-13 09:21:19,008 - INFO - [pipeline.py:47] - "ThermalImagingTransformer","thermal=True"
2026-03-13 09:21:19,025 - INFO - [pipeline.py:154] - [Grade: A] Saved to: /Users/kenfasano/Scripts/ScreenArt/Images/TransformedImages/bubbles_6-A.jpeg
2026-03-13 09:21:19,124 - INFO - [pipeline.py:47] - "DuotoneTransformer","highlight=#c33bbd,shadow=#939049"
2026-03-13 09:21:19,140 - INFO - [pipeline.py:154] - [Grade: F] Saved to: /Users/kenfasano/Scripts/ScreenArt/Images/Rejected/bubbles_7-F.jpeg
2026-03-13 09:21:19,195 - INFO - [pipeline.py:47] - "HalftoneTransformer","size=2"
2026-03-13 09:21:19,233 - INFO - [pipeline.py:47] - "DataMoshTransformer","intensity=0.02"
2026-03-13 09:21:19,249 - INFO - [pipeline.py:154] - [Grade: A] Saved to: /Users/kenfasano/Scripts/ScreenArt/Images/TransformedImages/cubes_2-A.jpeg
2026-03-13 09:21:19,323 - INFO - [pipeline.py:47] - "AnamorphicTransformer","intensity=0.0,0.2,0.4,0.6,0.8,thresh=80"
2026-03-13 09:21:19,354 - INFO - [pipeline.py:47] - "TritoneTransformer","highlight=#1d41e9,mid=#4cdc65,shadow=#ec44ae"
2026-03-13 09:21:19,393 - INFO - [pipeline.py:47] - "SwirlWarpTransformer","strength=1.50"
2026-03-13 09:21:19,436 - INFO - [pipeline.py:47] - "FluidWarpTransformer","alpha=0.56,sigma=5.30"
2026-03-13 09:21:19,452 - INFO - [pipeline.py:154] - [Grade: F] Saved to: /Users/kenfasano/Scripts/ScreenArt/Images/Rejected/cubes_3-F.jpeg
2026-03-13 09:21:19,509 - INFO - [pipeline.py:47] - "HalftoneTransformer","size=2"
2026-03-13 09:21:19,544 - INFO - [pipeline.py:47] - "ThermalImagingTransformer","thermal=True"
2026-03-13 09:21:19,561 - INFO - [pipeline.py:154] - [Grade: A] Saved to: /Users/kenfasano/Scripts/ScreenArt/Images/TransformedImages/cubes_4-A.jpeg
2026-03-13 09:21:19,619 - INFO - [pipeline.py:47] - "FluidWarpTransformer","alpha=2.92,sigma=7.80"
2026-03-13 09:21:19,842 - INFO - [pipeline.py:47] - "WatercolorTransformer","scale=0.85,style=psychedelic"
2026-03-13 09:21:19,859 - INFO - [pipeline.py:154] - [Grade: A] Saved to: /Users/kenfasano/Scripts/ScreenArt/Images/TransformedImages/cubes_5-A.jpeg
2026-03-13 09:21:19,902 - INFO - [pipeline.py:47] - "FractalWarpTransformer","iter=1,scale=0.05"
2026-03-13 09:21:20,008 - INFO - [pipeline.py:47] - "WheelTransformer","blend=lighter,copies=3"
2026-03-13 09:21:20,027 - INFO - [pipeline.py:154] - [Grade: A] Saved to: /Users/kenfasano/Scripts/ScreenArt/Images/TransformedImages/cubes_6-A.jpeg
2026-03-13 09:21:20,091 - INFO - [pipeline.py:47] - "MeltMorphTransformer","intensity=0.50"
2026-03-13 09:21:20,108 - INFO - [pipeline.py:154] - [Grade: A] Saved to: /Users/kenfasano/Scripts/ScreenArt/Images/TransformedImages/cubes_1-A.jpeg
2026-03-13 09:21:20,158 - INFO - [pipeline.py:47] - "XrayTransformer","colors=128"
2026-03-13 09:21:20,192 - INFO - [pipeline.py:47] - "DuotoneTransformer","highlight=#27d2d5,shadow=#601879"
2026-03-13 09:21:20,199 - INFO - [pipeline.py:154] - [Grade: F] Saved to: /Users/kenfasano/Scripts/ScreenArt/Images/Rejected/IdaDactyl_galileo_960-F.jpg
2026-03-13 09:21:20,240 - INFO - [pipeline.py:47] - "HalftoneTransformer","size=2"
2026-03-13 09:21:20,279 - INFO - [pipeline.py:47] - "AnamorphicTransformer","intensity=0.0,0.2,0.4,0.6,0.8,thresh=80"
2026-03-13 09:21:20,304 - INFO - [pipeline.py:47] - "FractalWarpTransformer","iter=1,scale=0.05"
2026-03-13 09:21:20,317 - INFO - [pipeline.py:154] - [Grade: A] Saved to: /Users/kenfasano/Scripts/ScreenArt/Images/TransformedImages/Gum_Lima_960-A.jpg
2026-03-13 09:21:20,354 - INFO - [pipeline.py:47] - "WheelTransformer","blend=lighter,copies=3"
2026-03-13 09:21:20,421 - INFO - [pipeline.py:47] - "XrayTransformer","colors=128"
2026-03-13 09:21:20,427 - INFO - [pipeline.py:154] - [Grade: A] Saved to: /Users/kenfasano/Scripts/ScreenArt/Images/TransformedImages/VirgoCluster_RBA_1080-A.jpg
2026-03-13 09:21:20,442 - INFO - [pipeline.py:47] - "TritoneTransformer","highlight=#6890b9,mid=#ecc27c,shadow=#8cf284"
2026-03-13 09:21:20,446 - INFO - [pipeline.py:47] - "PosterizationTransformer","levels=4"
2026-03-13 09:21:20,463 - INFO - [pipeline.py:47] - "FluidWarpTransformer","alpha=9.07,sigma=7.73"
2026-03-13 09:21:20,470 - INFO - [pipeline.py:154] - [Grade: C] Saved to: /Users/kenfasano/Scripts/ScreenArt/Images/TransformedImages/MarsSlopeStreaks_MRO_960-C.jpg
2026-03-13 09:21:20,484 - INFO - [pipeline.py:47] - "ThreeDExtrusionTransformer","ambient=0.26,intensity=0.50"
2026-03-13 09:21:20,501 - INFO - [pipeline.py:47] - "MeltMorphTransformer","intensity=0.50"
2026-03-13 09:21:20,510 - INFO - [pipeline.py:47] - "GlitchWarpTransformer","intensity=0.01"
2026-03-13 09:21:20,514 - INFO - [pipeline.py:47] - "PosterizationTransformer","levels=4"
2026-03-13 09:21:20,520 - INFO - [pipeline.py:154] - [Grade: F] Saved to: /Users/kenfasano/Scripts/ScreenArt/Images/Rejected/M65-66-LRGB-snyder900-F.jpg
2026-03-13 09:21:20,530 - INFO - [pipeline.py:47] - "GlitchWarpTransformer","intensity=0.01"
2026-03-13 09:21:20,535 - INFO - [pipeline.py:154] - [Grade: A] Saved to: /Users/kenfasano/Scripts/ScreenArt/Images/TransformedImages/LowerLandspout_Hannon_960-A.jpg
2026-03-13 09:21:20,701 - INFO - [pipeline.py:47] - "WatercolorTransformer","scale=0.85,style=psychedelic"
2026-03-13 09:21:20,742 - INFO - [pipeline.py:47] - "FlipWilsonTransformer","keep=left,narrow=0.28"
2026-03-13 09:21:20,749 - INFO - [pipeline.py:47] - "InvertRGBTransformer","blend=0.50"
2026-03-13 09:21:20,759 - INFO - [pipeline.py:154] - [Grade: F] Saved to: /Users/kenfasano/Scripts/ScreenArt/Images/Rejected/CometPonsBrook_Vallestad_960-F.jpg
2026-03-13 09:21:20,767 - INFO - [pipeline.py:47] - "DataMoshTransformer","intensity=0.02"
2026-03-13 09:21:20,773 - INFO - [pipeline.py:47] - "SwirlWarpTransformer","strength=1.50"
2026-03-13 09:21:20,777 - INFO - [pipeline.py:47] - "RadialWarpTransformer","radius=0.25,strength=92.75612123518995,133.55598734962214,style=pull,push"
2026-03-13 09:21:20,789 - INFO - [pipeline.py:47] - "AnamorphicTransformer","intensity=0.0,0.2,0.4,0.6,0.8,thresh=80"
2026-03-13 09:21:20,792 - INFO - [pipeline.py:154] - [Grade: F] Saved to: /Users/kenfasano/Scripts/ScreenArt/Images/Rejected/abell1185_cfht-F.jpg
2026-03-13 09:21:20,815 - INFO - [pipeline.py:47] - "HalftoneTransformer","size=2"
2026-03-13 09:21:20,820 - INFO - [pipeline.py:47] - "PosterizationTransformer","levels=4"
2026-03-13 09:21:20,861 - INFO - [pipeline.py:47] - "WheelTransformer","blend=lighter,copies=3"
2026-03-13 09:21:20,869 - INFO - [pipeline.py:154] - [Grade: B] Saved to: /Users/kenfasano/Scripts/ScreenArt/Images/TransformedImages/MSato_Phaethon-and-Geminids-1100-B.jpg
2026-03-13 09:21:20,889 - INFO - [pipeline.py:47] - "MeltMorphTransformer","intensity=0.50"
2026-03-13 09:21:20,898 - INFO - [pipeline.py:47] - "FluidWarpTransformer","alpha=12.23,sigma=0.77"
2026-03-13 09:21:20,909 - INFO - [pipeline.py:47] - "FractalWarpTransformer","iter=1,scale=0.05"
2026-03-13 09:21:20,915 - INFO - [pipeline.py:47] - "RadialWarpTransformer","radius=0.25,strength=90.01968499110053,109.00874040617637,style=pull,pull"
2026-03-13 09:21:20,921 - INFO - [pipeline.py:154] - [Grade: A] Saved to: /Users/kenfasano/Scripts/ScreenArt/Images/TransformedImages/EOS-II-02514erid_merga950-A.jpg
2026-03-13 09:21:20,933 - INFO - [pipeline.py:47] - "MeltMorphTransformer","intensity=0.50"
2026-03-13 09:21:20,937 - INFO - [pipeline.py:154] - [Grade: A] Saved to: /Users/kenfasano/Scripts/ScreenArt/Images/TransformedImages/venuslemma_tezel-A.jpg
2026-03-13 09:21:20,990 - INFO - [pipeline.py:47] - "HalftoneTransformer","size=2"
2026-03-13 09:21:21,022 - INFO - [pipeline.py:47] - "FisheyeTransformer","shape=circle,strength=0.30,zoom=0.94"
2026-03-13 09:21:21,037 - INFO - [pipeline.py:154] - [Grade: F] Saved to: /Users/kenfasano/Scripts/ScreenArt/Images/Rejected/nasa_earth_1_New_York_True_Color-F.jpeg
2026-03-13 09:21:21,070 - INFO - [pipeline.py:47] - "ThreeDExtrusionTransformer","ambient=0.28,intensity=0.50"
2026-03-13 09:21:21,082 - INFO - [pipeline.py:154] - [Grade: F] Saved to: /Users/kenfasano/Scripts/ScreenArt/Images/Rejected/noaa_goes_1_se_Day_Night_Cloud_Micro-F.jpeg
2026-03-13 09:21:21,176 - INFO - [pipeline.py:47] - "HalftoneTransformer","size=2"
2026-03-13 09:21:21,202 - INFO - [pipeline.py:154] - [Grade: A] Saved to: /Users/kenfasano/Scripts/ScreenArt/Images/TransformedImages/HK_TKT_大-A.jpeg
2026-03-13 09:21:21,206 - INFO - [pipeline.py:47] - "TritoneTransformer","highlight=#a92c87,mid=#93b12b,shadow=#d28f19"
2026-03-13 09:21:21,208 - INFO - [pipeline.py:47] - "RadialWarpTransformer","radius=0.25,strength=47.58795231916662,56.99835679335817,style=pull,pull"
2026-03-13 09:21:21,211 - INFO - [pipeline.py:47] - "SwirlWarpTransformer","strength=1.50"
2026-03-13 09:21:21,225 - INFO - [pipeline.py:47] - "XrayTransformer","colors=64"
2026-03-13 09:21:21,226 - INFO - [pipeline.py:154] - [Grade: C] Saved to: /Users/kenfasano/Scripts/ScreenArt/Images/TransformedImages/500px-Palatine_-C.jpeg
2026-03-13 09:21:21,291 - INFO - [pipeline.py:47] - "FluidWarpTransformer","alpha=4.79,sigma=1.20"
2026-03-13 09:21:21,312 - INFO - [pipeline.py:154] - [Grade: C] Saved to: /Users/kenfasano/Scripts/ScreenArt/Images/TransformedImages/1280px-Loosduin-C.jpeg
2026-03-13 09:21:21,643 - INFO - [pipeline.py:47] - "XrayTransformer","colors=128"
2026-03-13 09:21:21,695 - INFO - [pipeline.py:47] - "RadialWarpTransformer","radius=0.25,strength=117.86918996298475,79.69069126252731,style=pull,push"
2026-03-13 09:21:21,739 - INFO - [pipeline.py:154] - [Grade: A] Saved to: /Users/kenfasano/Scripts/ScreenArt/Images/TransformedImages/The_Warr-A.jpeg
2026-03-13 09:21:21,782 - INFO - [pipeline.py:47] - "GlitchWarpTransformer","intensity=0.01"
2026-03-13 09:21:21,804 - INFO - [pipeline.py:154] - [Grade: A] Saved to: /Users/kenfasano/Scripts/ScreenArt/Images/TransformedImages/Lori_Ban-A.jpeg
2026-03-13 09:21:21,938 - INFO - [pipeline.py:47] - "WheelTransformer","blend=lighter,copies=3"
2026-03-13 09:21:22,214 - INFO - [pipeline.py:47] - "WatercolorTransformer","scale=0.85,style=psychedelic"
2026-03-13 09:21:22,234 - INFO - [pipeline.py:154] - [Grade: A] Saved to: /Users/kenfasano/Scripts/ScreenArt/Images/TransformedImages/European-A.jpeg
2026-03-13 09:21:22,346 - INFO - [pipeline.py:47] - "WheelTransformer","blend=lighter,copies=3"
2026-03-13 09:21:22,356 - INFO - [pipeline.py:47] - "InvertRGBTransformer","blend=0.69"
2026-03-13 09:21:22,370 - INFO - [pipeline.py:47] - "ColormapTransformer","map=hot"
2026-03-13 09:21:22,388 - INFO - [pipeline.py:154] - [Grade: B] Saved to: /Users/kenfasano/Scripts/ScreenArt/Images/TransformedImages/lojong_2-B-hero.jpeg
2026-03-13 09:21:22,416 - INFO - [pipeline.py:47] - "RadialWarpTransformer","radius=0.25,strength=43.509349863705346,60.74794624432662,style=pull,pull"
2026-03-13 09:21:22,475 - INFO - [pipeline.py:47] - "FlipWilsonTransformer","keep=left,narrow=0.28"
2026-03-13 09:21:22,491 - INFO - [pipeline.py:154] - [Grade: C] Saved to: /Users/kenfasano/Scripts/ScreenArt/Images/TransformedImages/lojong_3-C-tile.jpeg
2026-03-13 09:21:22,551 - INFO - [pipeline.py:47] - "MeltMorphTransformer","intensity=0.50"
2026-03-13 09:21:22,610 - INFO - [pipeline.py:47] - "FlipWilsonTransformer","keep=left,narrow=0.28"
2026-03-13 09:21:22,640 - INFO - [pipeline.py:47] - "TritoneTransformer","highlight=#9f91e8,mid=#b4f95f,shadow=#1d803f"
2026-03-13 09:21:22,730 - INFO - [pipeline.py:47] - "DuotoneTransformer","highlight=#00e24d,shadow=#3e384d"
2026-03-13 09:21:22,745 - INFO - [pipeline.py:154] - [Grade: F] Saved to: /Users/kenfasano/Scripts/ScreenArt/Images/Rejected/lojong_8-F-hero.jpeg
2026-03-13 09:21:22,969 - INFO - [pipeline.py:47] - "WatercolorTransformer","scale=0.85,style=monet"
2026-03-13 09:21:23,079 - INFO - [pipeline.py:47] - "XrayTransformer","colors=64"
2026-03-13 09:21:23,092 - INFO - [pipeline.py:47] - "PosterizationTransformer","levels=4"
2026-03-13 09:21:23,109 - INFO - [pipeline.py:154] - [Grade: A] Saved to: /Users/kenfasano/Scripts/ScreenArt/Images/TransformedImages/lojong_4-A-scatter.jpeg
2026-03-13 09:21:23,133 - INFO - [pipeline.py:47] - "RadialWarpTransformer","radius=0.25,strength=80.16636050769941,style=pull"
2026-03-13 09:21:23,251 - INFO - [pipeline.py:47] - "XrayTransformer","colors=64"
2026-03-13 09:21:23,264 - INFO - [pipeline.py:47] - "ColormapTransformer","map=ocean"
2026-03-13 09:21:23,283 - INFO - [pipeline.py:154] - [Grade: A] Saved to: /Users/kenfasano/Scripts/ScreenArt/Images/TransformedImages/lojong_5-A-tile.jpeg
2026-03-13 09:21:23,349 - INFO - [pipeline.py:47] - "AnamorphicTransformer","intensity=0.0,0.2,0.4,0.6,0.8,thresh=80"
2026-03-13 09:21:23,387 - INFO - [pipeline.py:47] - "SwirlWarpTransformer","strength=1.50"
2026-03-13 09:21:23,404 - INFO - [pipeline.py:154] - [Grade: A] Saved to: /Users/kenfasano/Scripts/ScreenArt/Images/TransformedImages/lojong_9-A-tile.jpeg
2026-03-13 09:21:23,469 - INFO - [pipeline.py:47] - "FlipWilsonTransformer","keep=left,narrow=0.28"
2026-03-13 09:21:23,497 - INFO - [pipeline.py:47] - "GlitchWarpTransformer","intensity=0.01"
2026-03-13 09:21:23,508 - INFO - [pipeline.py:47] - "InvertRGBTransformer","blend=0.84"
2026-03-13 09:21:23,521 - INFO - [pipeline.py:47] - "PosterizationTransformer","levels=4"
2026-03-13 09:21:23,538 - INFO - [pipeline.py:154] - [Grade: C] Saved to: /Users/kenfasano/Scripts/ScreenArt/Images/TransformedImages/lojong_6-C-hero.jpeg
2026-03-13 09:21:23,580 - INFO - [pipeline.py:47] - "FractalWarpTransformer","iter=1,scale=0.05"
2026-03-13 09:21:23,685 - INFO - [pipeline.py:47] - "WheelTransformer","blend=lighter,copies=3"
2026-03-13 09:21:23,702 - INFO - [pipeline.py:154] - [Grade: A] Saved to: /Users/kenfasano/Scripts/ScreenArt/Images/TransformedImages/lojong_7-A-scatter.jpeg
2026-03-13 09:21:23,743 - INFO - [pipeline.py:47] - "ThreeDExtrusionTransformer","ambient=0.53,intensity=0.50"
2026-03-13 09:21:23,778 - INFO - [pipeline.py:47] - "FractalWarpTransformer","iter=1,scale=0.05"
2026-03-13 09:21:23,796 - INFO - [pipeline.py:154] - [Grade: C] Saved to: /Users/kenfasano/Scripts/ScreenArt/Images/TransformedImages/lojong_0-C-columns.jpeg
2026-03-13 09:21:23,836 - INFO - [pipeline.py:47] - "FluidWarpTransformer","alpha=16.55,sigma=1.81"
2026-03-13 09:21:23,871 - INFO - [pipeline.py:47] - "FractalWarpTransformer","iter=1,scale=0.05"
2026-03-13 09:21:23,897 - INFO - [pipeline.py:47] - "FisheyeTransformer","shape=circle,strength=0.51,zoom=0.89"
2026-03-13 09:21:23,921 - INFO - [pipeline.py:47] - "RadialWarpTransformer","radius=0.25,strength=98.76283376052614,113.08079398809906,116.41369581564389,style=pull,pull,pull"
2026-03-13 09:21:23,937 - INFO - [pipeline.py:154] - [Grade: F] Saved to: /Users/kenfasano/Scripts/ScreenArt/Images/Rejected/lojong_1-F-tile.jpeg
2026-03-13 09:21:23,980 - INFO - [pipeline.py:47] - "FractalWarpTransformer","iter=1,scale=0.05"
2026-03-13 09:21:23,997 - INFO - [pipeline.py:154] - [Grade: A] Saved to: /Users/kenfasano/Scripts/ScreenArt/Images/TransformedImages/psalms_1-A-hero.jpeg
2026-03-13 09:21:24,103 - INFO - [pipeline.py:47] - "XrayTransformer","colors=64"
2026-03-13 09:21:24,329 - INFO - [pipeline.py:47] - "WatercolorTransformer","scale=0.85,style=psychedelic"
2026-03-13 09:21:24,345 - INFO - [pipeline.py:154] - [Grade: F] Saved to: /Users/kenfasano/Scripts/ScreenArt/Images/Rejected/psalms_130-F-tile.jpeg
2026-03-13 09:21:24,376 - INFO - [pipeline.py:47] - "RadialWarpTransformer","radius=0.25,strength=108.81040058534363,36.95126862779052,style=push,push"
2026-03-13 09:21:24,402 - INFO - [pipeline.py:47] - "FisheyeTransformer","shape=oval,strength=0.35,zoom=0.93"
2026-03-13 09:21:24,420 - INFO - [pipeline.py:154] - [Grade: A] Saved to: /Users/kenfasano/Scripts/ScreenArt/Images/TransformedImages/psalms_47-A-columns.jpeg
2026-03-13 09:21:24,476 - INFO - [pipeline.py:47] - "FluidWarpTransformer","alpha=3.54,sigma=6.42"
2026-03-13 09:21:24,500 - INFO - [pipeline.py:47] - "RadialWarpTransformer","radius=0.25,strength=71.03403198743086,82.8555838129567,62.246597774414575,style=pull,push,push"
2026-03-13 09:21:24,539 - INFO - [pipeline.py:47] - "SwirlWarpTransformer","strength=1.50"
2026-03-13 09:21:24,557 - INFO - [pipeline.py:154] - [Grade: A] Saved to: /Users/kenfasano/Scripts/ScreenArt/Images/TransformedImages/psalms_71-A-tile.jpeg
2026-03-13 09:21:24,592 - INFO - [pipeline.py:47] - "FisheyeTransformer","shape=circle,strength=0.71,zoom=0.91"
2026-03-13 09:21:24,609 - INFO - [pipeline.py:154] - [Grade: A] Saved to: /Users/kenfasano/Scripts/ScreenArt/Images/TransformedImages/psalms_103-A-tile.jpeg
2026-03-13 09:21:24,656 - INFO - [pipeline.py:47] - "SwirlWarpTransformer","strength=1.50"
2026-03-13 09:21:24,684 - INFO - [pipeline.py:47] - "GlitchWarpTransformer","intensity=0.01"
2026-03-13 09:21:24,710 - INFO - [pipeline.py:47] - "FisheyeTransformer","shape=oval,strength=0.69,zoom=1.04"
2026-03-13 09:21:24,727 - INFO - [pipeline.py:154] - [Grade: A] Saved to: /Users/kenfasano/Scripts/ScreenArt/Images/TransformedImages/psalms_13-A-scatter.jpeg
2026-03-13 09:21:24,774 - INFO - [pipeline.py:47] - "FractalWarpTransformer","iter=1,scale=0.05"
2026-03-13 09:21:24,784 - INFO - [pipeline.py:47] - "InvertRGBTransformer","blend=0.52"
2026-03-13 09:21:24,797 - INFO - [pipeline.py:47] - "ColormapTransformer","map=hot"
2026-03-13 09:21:24,815 - INFO - [pipeline.py:154] - [Grade: C] Saved to: /Users/kenfasano/Scripts/ScreenArt/Images/TransformedImages/psalms_12-C-columns.jpeg
2026-03-13 09:21:24,899 - INFO - [pipeline.py:47] - "AnamorphicTransformer","intensity=0.0,0.2,0.4,0.6,0.8,thresh=80"
2026-03-13 09:21:24,910 - INFO - [pipeline.py:47] - "InvertRGBTransformer","blend=0.43"
2026-03-13 09:21:24,958 - INFO - [pipeline.py:47] - "HalftoneTransformer","size=2"
2026-03-13 09:21:24,974 - INFO - [pipeline.py:154] - [Grade: F] Saved to: /Users/kenfasano/Scripts/ScreenArt/Images/Rejected/psalms_148-F-columns.jpeg
2026-03-13 09:21:25,007 - INFO - [pipeline.py:47] - "RadialWarpTransformer","radius=0.25,strength=111.91603408970083,42.46672441354343,120.29609682527105,style=pull,pull,push"
2026-03-13 09:21:25,025 - INFO - [pipeline.py:154] - [Grade: C] Saved to: /Users/kenfasano/Scripts/ScreenArt/Images/TransformedImages/psalms_79-C-scatter.jpeg
2026-03-13 09:21:25,095 - INFO - [pipeline.py:47] - "WatercolorTransformer","scale=0.85,style=monet"
2026-03-13 09:21:25,099 - INFO - [pipeline.py:47] - "PosterizationTransformer","levels=4"
2026-03-13 09:21:25,106 - INFO - [pipeline.py:154] - [Grade: A] Saved to: /Users/kenfasano/Scripts/ScreenArt/Images/TransformedImages/peripheral_drift_2-A.jpeg
2026-03-13 09:21:25,117 - INFO - [pipeline.py:47] - "FisheyeTransformer","shape=circle,strength=0.36,zoom=1.08"
2026-03-13 09:21:25,132 - INFO - [pipeline.py:47] - "HalftoneTransformer","size=2"
2026-03-13 09:21:25,137 - INFO - [pipeline.py:154] - [Grade: A] Saved to: /Users/kenfasano/Scripts/ScreenArt/Images/TransformedImages/peripheral_drift_3-A.jpeg
2026-03-13 09:21:25,157 - INFO - [pipeline.py:47] - "MeltMorphTransformer","intensity=0.50"
2026-03-13 09:21:25,166 - INFO - [pipeline.py:47] - "ThreeDExtrusionTransformer","ambient=0.54,intensity=0.50"
2026-03-13 09:21:25,171 - INFO - [pipeline.py:47] - "PosterizationTransformer","levels=4"
2026-03-13 09:21:25,178 - INFO - [pipeline.py:47] - "RadialWarpTransformer","radius=0.25,strength=87.4483834155261,44.339309860676806,style=pull,pull"
2026-03-13 09:21:25,184 - INFO - [pipeline.py:154] - [Grade: C] Saved to: /Users/kenfasano/Scripts/ScreenArt/Images/TransformedImages/peripheral_drift_1-C.jpeg
2026-03-13 09:21:25,184 - INFO - [main.py:196] - WatercolorTransformer
2026-03-13 09:21:25,184 - INFO - [main.py:196] - XrayTransformer
2026-03-13 09:21:25,184 - INFO - [main.py:196] - WheelTransformer
2026-03-13 09:21:25,184 - INFO - [main.py:196] - DuotoneTransformer
2026-03-13 09:21:25,184 - INFO - [main.py:196] - FlipWilsonTransformer
2026-03-13 09:21:25,184 - INFO - [main.py:196] - AnamorphicTransformer
2026-03-13 09:21:25,184 - INFO - [main.py:196] - HalftoneTransformer
2026-03-13 09:21:25,184 - INFO - [main.py:196] - ThermalImagingTransformer
2026-03-13 09:21:25,184 - INFO - [main.py:196] - FluidWarpTransformer
2026-03-13 09:21:25,184 - INFO - [main.py:196] - FractalWarpTransformer
2026-03-13 09:21:25,184 - INFO - [main.py:196] - SwirlWarpTransformer
2026-03-13 09:21:25,184 - INFO - [main.py:196] - DataMoshTransformer
2026-03-13 09:21:25,184 - INFO - [main.py:196] - MeltMorphTransformer
2026-03-13 09:21:25,184 - INFO - [main.py:196] - ThreeDExtrusionTransformer
2026-03-13 09:21:25,184 - INFO - [main.py:196] - GlitchWarpTransformer
2026-03-13 09:21:25,184 - INFO - [main.py:196] - FisheyeTransformer
2026-03-13 09:21:25,184 - INFO - [main.py:196] - TritoneTransformer
2026-03-13 09:21:25,184 - INFO - [main.py:196] - RadialWarpTransformer
2026-03-13 09:21:25,184 - INFO - [main.py:196] - ColormapTransformer
2026-03-13 09:21:25,184 - INFO - [main.py:196] - InvertRGBTransformer
2026-03-13 09:21:25,184 - INFO - [main.py:196] - PosterizationTransformer
2026-03-13 09:21:25,185 - INFO - [main.py:239] - 20s@09:21 ✓
Accepted: 43
Rejected: 14
---
Bible                      ->  3965ms
Wiki                       ->  3250ms
Lojong                     ->  2592ms
GoesGenerator              ->   791ms
Nasa                       ->   703ms
NasaMapGenerator           ->   562ms
Cubes                      ->   509ms
Bubbles                    ->   266ms
PeripheralDriftIllusion    ->    48ms
---
WatercolorTransformer      -> Min:    66ms | Avg:   199ms | Max:   275ms
XrayTransformer            -> Min:    13ms | Avg:   103ms | Max:   305ms
WheelTransformer           -> Min:    33ms | Avg:    88ms | Max:   122ms
DuotoneTransformer         -> Min:    34ms | Avg:    71ms | Max:    90ms
FlipWilsonTransformer      -> Min:    41ms | Avg:    54ms | Max:    59ms
AnamorphicTransformer      -> Min:    12ms | Avg:    50ms | Max:    74ms
HalftoneTransformer        -> Min:    15ms | Avg:    43ms | Max:    79ms
ThermalImagingTransformer  -> Min:    35ms | Avg:    35ms | Max:    35ms
FluidWarpTransformer       -> Min:     9ms | Avg:    35ms | Max:    50ms
FractalWarpTransformer     -> Min:    11ms | Avg:    31ms | Max:    35ms
SwirlWarpTransformer       -> Min:     3ms | Avg:    30ms | Max:    48ms
DataMoshTransformer        -> Min:     6ms | Avg:    30ms | Max:    39ms
MeltMorphTransformer       -> Min:    11ms | Avg:    28ms | Max:    55ms
ThreeDExtrusionTransformer -> Min:     9ms | Avg:    25ms | Max:    41ms
GlitchWarpTransformer      -> Min:     8ms | Avg:    24ms | Max:    33ms
FisheyeTransformer         -> Min:     7ms | Avg:    24ms | Max:    31ms
TritoneTransformer         -> Min:     3ms | Avg:    23ms | Max:    31ms
RadialWarpTransformer      -> Min:     2ms | Avg:    18ms | Max:    52ms
ColormapTransformer        -> Min:    13ms | Avg:    13ms | Max:    13ms
InvertRGBTransformer       -> Min:     7ms | Avg:    10ms | Max:    11ms
PosterizationTransformer   -> Min:     4ms | Avg:     7ms | Max:    13ms
