2026-03-15 10:32:47,941 - INFO - [pipeline.py:136] - "FisheyeTransformer","shape=circle,strength=0.32,zoom=0.91"
2026-03-15 10:32:47,978 - INFO - [pipeline.py:136] - "DataMoshTransformer","intensity=0.01"
2026-03-15 10:32:48,022 - INFO - [pipeline.py:136] - "WheelTransformer","blend=add,copies=4"
2026-03-15 10:32:48,041 - INFO - [pipeline.py:248] - [Grade: A] Saved to: /Users/kenfasano/Scripts/ScreenArt/Images/TransformedImages/bubbles_4-A.jpeg
2026-03-15 10:32:48,103 - INFO - [pipeline.py:136] - "FlipWilsonTransformer","keep=top,narrow=0.48"
2026-03-15 10:32:48,139 - INFO - [pipeline.py:136] - "FractalWarpTransformer","iter=1,scale=0.05"
2026-03-15 10:32:48,168 - INFO - [pipeline.py:136] - "PixelSortTransformer","direction=cols,high=0.84,low=0.31,sort_key=green"
2026-03-15 10:32:48,185 - INFO - [pipeline.py:248] - [Grade: C] Saved to: /Users/kenfasano/Scripts/ScreenArt/Images/TransformedImages/bubbles_8-C.jpeg
2026-03-15 10:32:48,206 - INFO - [pipeline.py:136] - "PosterizationTransformer","levels=4"
2026-03-15 10:32:48,264 - INFO - [pipeline.py:136] - "MeltMorphTransformer","intensity=0.50"
2026-03-15 10:32:48,298 - INFO - [pipeline.py:136] - "FractalWarpTransformer","iter=1,scale=0.05"
2026-03-15 10:32:48,323 - INFO - [pipeline.py:136] - "RadialWarpTransformer","radius=0.25,strength=99.01021765888437,128.20837112893278,87.47316517334338,style=push,pull,pull"
2026-03-15 10:32:48,341 - INFO - [pipeline.py:248] - [Grade: A] Saved to: /Users/kenfasano/Scripts/ScreenArt/Images/TransformedImages/bubbles_9-A.jpeg
2026-03-15 10:32:48,365 - INFO - [pipeline.py:136] - "ColormapTransformer","map=summer"
2026-03-15 10:32:48,379 - INFO - [pipeline.py:136] - "PosterizationTransformer","levels=4"
2026-03-15 10:32:48,399 - INFO - [pipeline.py:136] - "RadialWarpTransformer","radius=0.25,strength=133.36503158083823,73.17714676698077,style=push,pull"
2026-03-15 10:32:48,435 - INFO - [pipeline.py:136] - "ThermalImagingTransformer","thermal=True"
2026-03-15 10:32:48,455 - INFO - [pipeline.py:248] - [Grade: C] Saved to: /Users/kenfasano/Scripts/ScreenArt/Images/TransformedImages/bubbles_5-C.jpeg
2026-03-15 10:32:48,516 - INFO - [pipeline.py:136] - "FlipWilsonTransformer","keep=top,narrow=0.48"
2026-03-15 10:32:48,529 - INFO - [pipeline.py:136] - "PosterizationTransformer","levels=4"
2026-03-15 10:32:48,557 - INFO - [pipeline.py:136] - "GlitchWarpTransformer","intensity=0.01"
2026-03-15 10:32:48,583 - INFO - [pipeline.py:136] - "ChromaticAberrationTransformer","angle=103.80,edge_fade=1,shift=7.80"
2026-03-15 10:32:48,602 - INFO - [pipeline.py:248] - [Grade: A] Saved to: /Users/kenfasano/Scripts/ScreenArt/Images/TransformedImages/bubbles_2-A.jpeg
2026-03-15 10:32:48,662 - INFO - [pipeline.py:136] - "MeltMorphTransformer","intensity=0.50"
2026-03-15 10:32:48,696 - INFO - [pipeline.py:136] - "FractalWarpTransformer","iter=1,scale=0.05"
2026-03-15 10:32:48,714 - INFO - [pipeline.py:248] - [Grade: C] Saved to: /Users/kenfasano/Scripts/ScreenArt/Images/TransformedImages/bubbles_3-C.jpeg
2026-03-15 10:32:48,759 - INFO - [pipeline.py:136] - "SwirlWarpTransformer","strength=1.50"
2026-03-15 10:32:48,777 - INFO - [pipeline.py:248] - [Grade: F] Saved to: /Users/kenfasano/Scripts/ScreenArt/Images/Rejected/bubbles_10-F.jpeg
2026-03-15 10:32:48,814 - INFO - [pipeline.py:136] - "GlitchWarpTransformer","intensity=0.01"
2026-03-15 10:32:48,857 - INFO - [pipeline.py:136] - "WheelTransformer","blend=add,copies=4"
2026-03-15 10:32:48,894 - INFO - [pipeline.py:136] - "DataMoshTransformer","intensity=0.01"
2026-03-15 10:32:48,932 - INFO - [pipeline.py:136] - "SwirlWarpTransformer","strength=1.50"
2026-03-15 10:32:48,951 - INFO - [pipeline.py:248] - [Grade: C] Saved to: /Users/kenfasano/Scripts/ScreenArt/Images/TransformedImages/bubbles_1-C.jpeg
2026-03-15 10:32:49,001 - INFO - [pipeline.py:136] - "WheelTransformer","blend=add,copies=4"
2026-03-15 10:32:49,019 - INFO - [pipeline.py:248] - [Grade: C] Saved to: /Users/kenfasano/Scripts/ScreenArt/Images/TransformedImages/bubbles_6-C.jpeg
2026-03-15 10:32:49,064 - INFO - [pipeline.py:136] - "DataMoshTransformer","intensity=0.01"
2026-03-15 10:32:49,118 - INFO - [pipeline.py:136] - "FlipWilsonTransformer","keep=top,narrow=0.48"
2026-03-15 10:32:49,131 - INFO - [pipeline.py:136] - "ColormapTransformer","map=winter"
2026-03-15 10:32:49,151 - INFO - [pipeline.py:248] - [Grade: B] Saved to: /Users/kenfasano/Scripts/ScreenArt/Images/TransformedImages/bubbles_7-B.jpeg
2026-03-15 10:32:49,196 - INFO - [pipeline.py:136] - "SwirlWarpTransformer","strength=1.50"
2026-03-15 10:32:49,317 - INFO - [pipeline.py:136] - "OilPaintingTransformer","dyn_ratio=6,size=6"
2026-03-15 10:32:49,330 - INFO - [pipeline.py:136] - "ColormapTransformer","map=jet"
2026-03-15 10:32:49,349 - INFO - [pipeline.py:248] - [Grade: A] Saved to: /Users/kenfasano/Scripts/ScreenArt/Images/TransformedImages/cubes_2-A.jpeg
2026-03-15 10:32:49,384 - INFO - [pipeline.py:136] - "GlitchWarpTransformer","intensity=0.01"
2026-03-15 10:32:49,439 - INFO - [pipeline.py:136] - "MeltMorphTransformer","intensity=0.50"
2026-03-15 10:32:49,458 - INFO - [pipeline.py:248] - [Grade: A] Saved to: /Users/kenfasano/Scripts/ScreenArt/Images/TransformedImages/cubes_3-A.jpeg
2026-03-15 10:32:49,679 - INFO - [pipeline.py:136] - "WatercolorTransformer","scale=0.85,style=psychedelic"
2026-03-15 10:32:49,697 - INFO - [pipeline.py:248] - [Grade: A] Saved to: /Users/kenfasano/Scripts/ScreenArt/Images/TransformedImages/cubes_4-A.jpeg
2026-03-15 10:32:49,736 - INFO - [pipeline.py:136] - "FractalWarpTransformer","iter=1,scale=0.05"
2026-03-15 10:32:49,759 - INFO - [pipeline.py:136] - "RadialWarpTransformer","radius=0.25,strength=132.66237757744932,94.59325711483149,82.6255017744158,style=push,push,push"
2026-03-15 10:32:49,772 - INFO - [pipeline.py:136] - "PosterizationTransformer","levels=4"
2026-03-15 10:32:49,789 - INFO - [pipeline.py:248] - [Grade: A] Saved to: /Users/kenfasano/Scripts/ScreenArt/Images/TransformedImages/cubes_5-A.jpeg
2026-03-15 10:32:49,853 - INFO - [pipeline.py:136] - "FlipWilsonTransformer","keep=top,narrow=0.48"
2026-03-15 10:32:49,866 - INFO - [pipeline.py:136] - "PosterizationTransformer","levels=4"
2026-03-15 10:32:49,904 - INFO - [pipeline.py:136] - "SwirlWarpTransformer","strength=1.50"
2026-03-15 10:32:49,954 - INFO - [pipeline.py:136] - "KaleidoscopeTransformer","cx_off=0.07,cy_off=0.05,segments=6"
2026-03-15 10:32:49,971 - INFO - [pipeline.py:248] - [Grade: A] Saved to: /Users/kenfasano/Scripts/ScreenArt/Images/TransformedImages/cubes_6-A.jpeg
2026-03-15 10:32:50,026 - INFO - [pipeline.py:136] - "HalftoneTransformer","size=2"
2026-03-15 10:32:50,042 - INFO - [pipeline.py:248] - [Grade: A] Saved to: /Users/kenfasano/Scripts/ScreenArt/Images/TransformedImages/cubes_1-A.jpeg
2026-03-15 10:32:50,053 - INFO - [pipeline.py:136] - "FisheyeTransformer","shape=oval,strength=0.41,zoom=1.00"
2026-03-15 10:32:50,067 - INFO - [pipeline.py:136] - "FractalWarpTransformer","iter=1,scale=0.05"
2026-03-15 10:32:50,085 - INFO - [pipeline.py:136] - "FlipWilsonTransformer","keep=top,narrow=0.48"
2026-03-15 10:32:50,096 - INFO - [pipeline.py:136] - "FluidWarpTransformer","alpha=0.33,sigma=0.77"
2026-03-15 10:32:50,104 - INFO - [pipeline.py:248] - [Grade: F] Saved to: /Users/kenfasano/Scripts/ScreenArt/Images/Rejected/MoonVenusArg_2013_09_08_2169_16s950-F.jpg
2026-03-15 10:32:50,111 - INFO - [pipeline.py:136] - "FisheyeTransformer","shape=circle,strength=0.62,zoom=1.09"
2026-03-15 10:32:50,120 - INFO - [pipeline.py:136] - "WheelTransformer","blend=add,copies=4"
2026-03-15 10:32:50,124 - INFO - [pipeline.py:248] - [Grade: A] Saved to: /Users/kenfasano/Scripts/ScreenArt/Images/TransformedImages/tma2_nasa-A.jpg
2026-03-15 10:32:50,142 - INFO - [pipeline.py:136] - "KaleidoscopeTransformer","cx_off=-0.09,cy_off=-0.09,segments=4"
2026-03-15 10:32:50,187 - INFO - [pipeline.py:136] - "VoronoiTransformer","edge_blend=1,num_points=116"
2026-03-15 10:32:50,242 - INFO - [pipeline.py:136] - "WatercolorTransformer","scale=0.85,style=psychedelic"
2026-03-15 10:32:50,252 - INFO - [pipeline.py:136] - "DataMoshTransformer","intensity=0.01"
2026-03-15 10:32:50,257 - INFO - [pipeline.py:248] - [Grade: C] Saved to: /Users/kenfasano/Scripts/ScreenArt/Images/TransformedImages/Ahmetvaleev_MG_7083_900-C.jpg
2026-03-15 10:32:50,273 - INFO - [pipeline.py:136] - "KaleidoscopeTransformer","cx_off=-0.05,cy_off=-0.04,segments=8"
2026-03-15 10:32:50,279 - INFO - [pipeline.py:248] - [Grade: C] Saved to: /Users/kenfasano/Scripts/ScreenArt/Images/TransformedImages/nemrutorion_tezel-C.jpg
2026-03-15 10:32:50,307 - INFO - [pipeline.py:136] - "FlipWilsonTransformer","keep=top,narrow=0.48"
2026-03-15 10:32:50,315 - INFO - [pipeline.py:248] - [Grade: A] Saved to: /Users/kenfasano/Scripts/ScreenArt/Images/TransformedImages/ROLIS_descent_image_in_3Dc-A.jpg
2026-03-15 10:32:50,344 - INFO - [pipeline.py:136] - "DataMoshTransformer","intensity=0.02"
2026-03-15 10:32:50,363 - INFO - [pipeline.py:136] - "FractalWarpTransformer","iter=1,scale=0.05"
2026-03-15 10:32:50,374 - INFO - [pipeline.py:248] - [Grade: A] Saved to: /Users/kenfasano/Scripts/ScreenArt/Images/TransformedImages/ISS4panelMar28Addis1024-A.jpg
2026-03-15 10:32:50,387 - INFO - [pipeline.py:136] - "ColormapTransformer","map=spring"
2026-03-15 10:32:50,396 - INFO - [pipeline.py:136] - "ChromaticAberrationTransformer","angle=233.30,edge_fade=1,shift=14.90"
2026-03-15 10:32:50,412 - INFO - [pipeline.py:136] - "HalftoneTransformer","size=2"
2026-03-15 10:32:50,418 - INFO - [pipeline.py:248] - [Grade: A] Saved to: /Users/kenfasano/Scripts/ScreenArt/Images/TransformedImages/AnnularMontagev21024-A.jpg
2026-03-15 10:32:50,436 - INFO - [pipeline.py:136] - "DataMoshTransformer","intensity=0.02"
2026-03-15 10:32:50,457 - INFO - [pipeline.py:136] - "KaleidoscopeTransformer","cx_off=0.10,cy_off=-0.04,segments=8"
2026-03-15 10:32:50,466 - INFO - [pipeline.py:136] - "ChromaticAberrationTransformer","angle=14.00,edge_fade=1,shift=9.80"
2026-03-15 10:32:50,476 - INFO - [pipeline.py:248] - [Grade: C] Saved to: /Users/kenfasano/Scripts/ScreenArt/Images/TransformedImages/IssSunspot_Letian_1080-C.jpg
2026-03-15 10:32:50,492 - INFO - [pipeline.py:136] - "WheelTransformer","blend=add,copies=4"
2026-03-15 10:32:50,504 - INFO - [pipeline.py:136] - "ThermalImagingTransformer","thermal=True"
2026-03-15 10:32:50,515 - INFO - [pipeline.py:136] - "SwirlWarpTransformer","strength=1.50"
2026-03-15 10:32:50,522 - INFO - [pipeline.py:248] - [Grade: A] Saved to: /Users/kenfasano/Scripts/ScreenArt/Images/TransformedImages/NovaDel2013_081513westlake_key900-A.jpg
2026-03-15 10:32:50,722 - INFO - [pipeline.py:136] - "VoronoiTransformer","edge_blend=1,num_points=281"
2026-03-15 10:32:50,731 - INFO - [pipeline.py:248] - [Grade: A] Saved to: /Users/kenfasano/Scripts/ScreenArt/Images/TransformedImages/MEDUSA_NEBULA_FINAL_BRS_SIGNED1024-A.jpg
2026-03-15 10:32:50,796 - INFO - [pipeline.py:136] - "FluidWarpTransformer","alpha=15.52,sigma=7.59"
2026-03-15 10:32:50,817 - INFO - [pipeline.py:248] - [Grade: A] Saved to: /Users/kenfasano/Scripts/ScreenArt/Images/TransformedImages/nasa_earth_1_Mexico_City_True_Color-A.jpeg
2026-03-15 10:32:50,860 - INFO - [pipeline.py:136] - "SwirlWarpTransformer","strength=1.50"
2026-03-15 10:32:50,897 - INFO - [pipeline.py:136] - "MeltMorphTransformer","intensity=0.50"
2026-03-15 10:32:50,912 - INFO - [pipeline.py:248] - [Grade: A] Saved to: /Users/kenfasano/Scripts/ScreenArt/Images/TransformedImages/noaa_goes_1_se_GeoColor-A.jpeg
2026-03-15 10:32:50,941 - INFO - [pipeline.py:136] - "FlipWilsonTransformer","keep=top,narrow=0.48"
2026-03-15 10:32:50,955 - INFO - [pipeline.py:136] - "SwirlWarpTransformer","strength=1.50"
2026-03-15 10:32:50,963 - INFO - [pipeline.py:248] - [Grade: C] Saved to: /Users/kenfasano/Scripts/ScreenArt/Images/TransformedImages/1280px-Translit-C.jpeg
2026-03-15 10:32:50,966 - INFO - [pipeline.py:136] - "WheelTransformer","blend=add,copies=4"
2026-03-15 10:32:50,967 - INFO - [pipeline.py:248] - [Grade: B] Saved to: /Users/kenfasano/Scripts/ScreenArt/Images/TransformedImages/330px-Post-medi-B.jpeg
2026-03-15 10:32:51,044 - INFO - [pipeline.py:136] - "HalftoneTransformer","size=2"
2026-03-15 10:32:51,066 - INFO - [pipeline.py:248] - [Grade: C] Saved to: /Users/kenfasano/Scripts/ScreenArt/Images/TransformedImages/ISS044-E-C.jpeg
2026-03-15 10:32:51,163 - INFO - [pipeline.py:136] - "ChromaticAberrationTransformer","angle=252.20,edge_fade=1,shift=9.90"
2026-03-15 10:32:51,230 - INFO - [pipeline.py:136] - "GlitchWarpTransformer","intensity=0.01"
2026-03-15 10:32:51,281 - INFO - [pipeline.py:248] - [Grade: B] Saved to: /Users/kenfasano/Scripts/ScreenArt/Images/TransformedImages/1978_Col-B.jpeg
2026-03-15 10:32:51,316 - INFO - [pipeline.py:136] - "RadialWarpTransformer","radius=0.25,strength=72.42501745833165,style=pull"
2026-03-15 10:32:51,341 - INFO - [pipeline.py:248] - [Grade: A] Saved to: /Users/kenfasano/Scripts/ScreenArt/Images/TransformedImages/1280px-Traité_C-A.jpeg
2026-03-15 10:32:51,346 - INFO - [pipeline.py:136] - "HalftoneTransformer","size=2"
2026-03-15 10:32:51,369 - INFO - [pipeline.py:136] - "PixelSortTransformer","direction=cols,high=0.72,low=0.11,sort_key=blue"
2026-03-15 10:32:51,371 - INFO - [pipeline.py:136] - "ColormapTransformer","map=cool"
2026-03-15 10:32:51,374 - INFO - [pipeline.py:248] - [Grade: C] Saved to: /Users/kenfasano/Scripts/ScreenArt/Images/TransformedImages/500px-New_flyov-C.jpeg
2026-03-15 10:32:51,436 - INFO - [pipeline.py:136] - "HalftoneTransformer","size=2"
2026-03-15 10:32:51,449 - INFO - [pipeline.py:136] - "ColormapTransformer","map=pink"
2026-03-15 10:32:51,473 - INFO - [pipeline.py:136] - "FisheyeTransformer","shape=oval,strength=0.35,zoom=1.15"
2026-03-15 10:32:51,499 - INFO - [pipeline.py:136] - "ChromaticAberrationTransformer","angle=77.80,edge_fade=1,shift=14.60"
2026-03-15 10:32:51,520 - INFO - [pipeline.py:248] - [Grade: B] Saved to: /Users/kenfasano/Scripts/ScreenArt/Images/TransformedImages/lojong_2-B-columns.jpeg
2026-03-15 10:32:51,644 - INFO - [pipeline.py:136] - "OilPaintingTransformer","dyn_ratio=1,size=6"
2026-03-15 10:32:51,857 - INFO - [pipeline.py:136] - "WatercolorTransformer","scale=0.85,style=psychedelic"
2026-03-15 10:32:51,884 - INFO - [pipeline.py:136] - "GlitchWarpTransformer","intensity=0.01"
2026-03-15 10:32:51,921 - INFO - [pipeline.py:136] - "DataMoshTransformer","intensity=0.01"
2026-03-15 10:32:51,938 - INFO - [pipeline.py:248] - [Grade: C] Saved to: /Users/kenfasano/Scripts/ScreenArt/Images/TransformedImages/lojong_3-C-hero.jpeg
2026-03-15 10:32:51,997 - INFO - [pipeline.py:136] - "HalftoneTransformer","size=2"
2026-03-15 10:32:52,039 - INFO - [pipeline.py:136] - "SwirlWarpTransformer","strength=1.50"
2026-03-15 10:32:52,070 - INFO - [pipeline.py:136] - "GlitchWarpTransformer","intensity=0.01"
2026-03-15 10:32:52,106 - INFO - [pipeline.py:136] - "FractalWarpTransformer","iter=1,scale=0.05"
2026-03-15 10:32:52,121 - INFO - [pipeline.py:248] - [Grade: C] Saved to: /Users/kenfasano/Scripts/ScreenArt/Images/TransformedImages/lojong_8-C-scatter.jpeg
2026-03-15 10:32:52,176 - INFO - [pipeline.py:136] - "HalftoneTransformer","size=2"
2026-03-15 10:32:52,192 - INFO - [pipeline.py:248] - [Grade: C] Saved to: /Users/kenfasano/Scripts/ScreenArt/Images/TransformedImages/lojong_4-C-columns.jpeg
2026-03-15 10:32:52,597 - INFO - [pipeline.py:136] - "VoronoiTransformer","edge_blend=1,num_points=320"
2026-03-15 10:32:52,615 - INFO - [pipeline.py:248] - [Grade: C] Saved to: /Users/kenfasano/Scripts/ScreenArt/Images/TransformedImages/lojong_5-C-hero.jpeg
2026-03-15 10:32:52,649 - INFO - [pipeline.py:136] - "StippleTransformer","bg=white,dot_radius=5,jitter=1,spacing=17"
2026-03-15 10:32:52,683 - INFO - [pipeline.py:136] - "FractalWarpTransformer","iter=1,scale=0.05"
2026-03-15 10:32:52,700 - INFO - [pipeline.py:248] - [Grade: B] Saved to: /Users/kenfasano/Scripts/ScreenArt/Images/TransformedImages/lojong_9-B-columns.jpeg
2026-03-15 10:32:52,721 - INFO - [pipeline.py:136] - "ColormapTransformer","map=cool"
2026-03-15 10:32:52,748 - INFO - [pipeline.py:136] - "GlitchWarpTransformer","intensity=0.01"
2026-03-15 10:32:52,791 - INFO - [pipeline.py:136] - "WheelTransformer","blend=add,copies=4"
2026-03-15 10:32:52,809 - INFO - [pipeline.py:248] - [Grade: A] Saved to: /Users/kenfasano/Scripts/ScreenArt/Images/TransformedImages/lojong_6-A-scatter.jpeg
2026-03-15 10:32:52,834 - INFO - [pipeline.py:136] - "RadialWarpTransformer","radius=0.25,strength=101.73446545585577,style=pull"
2026-03-15 10:32:52,876 - INFO - [pipeline.py:136] - "WheelTransformer","blend=add,copies=4"
2026-03-15 10:32:53,038 - INFO - [pipeline.py:136] - "PixelSortTransformer","direction=rows,high=0.71,low=0.15,sort_key=green"
2026-03-15 10:32:53,058 - INFO - [pipeline.py:248] - [Grade: A] Saved to: /Users/kenfasano/Scripts/ScreenArt/Images/TransformedImages/lojong_7-A-tile.jpeg
2026-03-15 10:32:53,114 - INFO - [pipeline.py:136] - "HalftoneTransformer","size=2"
2026-03-15 10:32:53,227 - INFO - [pipeline.py:136] - "PixelSortTransformer","direction=rows,high=0.88,low=0.16,sort_key=blue"
2026-03-15 10:32:53,267 - INFO - [pipeline.py:136] - "FluidWarpTransformer","alpha=12.32,sigma=4.80"
2026-03-15 10:32:53,283 - INFO - [pipeline.py:248] - [Grade: A] Saved to: /Users/kenfasano/Scripts/ScreenArt/Images/TransformedImages/lojong_0-A-columns.jpeg
2026-03-15 10:32:53,334 - INFO - [pipeline.py:136] - "WheelTransformer","blend=add,copies=4"
2026-03-15 10:32:53,360 - INFO - [pipeline.py:136] - "FisheyeTransformer","shape=circle,strength=0.72,zoom=1.07"
2026-03-15 10:32:53,495 - INFO - [pipeline.py:136] - "OilPaintingTransformer","dyn_ratio=1,size=8"
2026-03-15 10:32:53,512 - INFO - [pipeline.py:248] - [Grade: F] Saved to: /Users/kenfasano/Scripts/ScreenArt/Images/Rejected/lojong_1-F-scatter.jpeg
2026-03-15 10:32:53,564 - INFO - [pipeline.py:136] - "WheelTransformer","blend=add,copies=4"
2026-03-15 10:32:53,782 - INFO - [pipeline.py:136] - "WatercolorTransformer","scale=0.85,style=monet"
2026-03-15 10:32:53,810 - INFO - [pipeline.py:136] - "GlitchWarpTransformer","intensity=0.01"
2026-03-15 10:32:53,826 - INFO - [pipeline.py:248] - [Grade: A] Saved to: /Users/kenfasano/Scripts/ScreenArt/Images/TransformedImages/psalms_40-A-tile.jpeg
2026-03-15 10:32:53,872 - INFO - [pipeline.py:136] - "SwirlWarpTransformer","strength=1.50"
2026-03-15 10:32:53,906 - INFO - [pipeline.py:136] - "FractalWarpTransformer","iter=1,scale=0.05"
2026-03-15 10:32:53,922 - INFO - [pipeline.py:248] - [Grade: C] Saved to: /Users/kenfasano/Scripts/ScreenArt/Images/TransformedImages/psalms_21-C-scatter.jpeg
2026-03-15 10:32:53,955 - INFO - [pipeline.py:136] - "ChromaticAberrationTransformer","angle=248.80,edge_fade=1,shift=17.60"
2026-03-15 10:32:53,972 - INFO - [pipeline.py:248] - [Grade: F] Saved to: /Users/kenfasano/Scripts/ScreenArt/Images/Rejected/psalms_27-F-hero.jpeg
2026-03-15 10:32:53,995 - INFO - [pipeline.py:136] - "RadialWarpTransformer","radius=0.25,strength=106.138633243891,style=push"
2026-03-15 10:32:54,042 - INFO - [pipeline.py:136] - "FluidWarpTransformer","alpha=0.98,sigma=6.83"
2026-03-15 10:32:54,059 - INFO - [pipeline.py:248] - [Grade: A] Saved to: /Users/kenfasano/Scripts/ScreenArt/Images/TransformedImages/psalms_26-A-scatter.jpeg
2026-03-15 10:32:54,081 - INFO - [pipeline.py:136] - "ColormapTransformer","map=ocean"
2026-03-15 10:32:54,106 - INFO - [pipeline.py:136] - "ChromaticAberrationTransformer","angle=2.60,edge_fade=1,shift=17.20"
2026-03-15 10:32:54,154 - INFO - [pipeline.py:136] - "HalftoneTransformer","size=2"
2026-03-15 10:32:54,197 - INFO - [pipeline.py:136] - "WheelTransformer","blend=add,copies=4"
2026-03-15 10:32:54,214 - INFO - [pipeline.py:248] - [Grade: A] Saved to: /Users/kenfasano/Scripts/ScreenArt/Images/TransformedImages/psalms_88-A-hero.jpeg
2026-03-15 10:32:54,259 - INFO - [pipeline.py:136] - "SwirlWarpTransformer","strength=1.50"
2026-03-15 10:32:54,310 - INFO - [pipeline.py:136] - "FluidWarpTransformer","alpha=14.47,sigma=7.56"
2026-03-15 10:32:54,443 - INFO - [pipeline.py:136] - "PixelSortTransformer","direction=cols,high=0.59,low=0.16,sort_key=red"
2026-03-15 10:32:54,469 - INFO - [pipeline.py:136] - "ChromaticAberrationTransformer","angle=20.40,edge_fade=1,shift=9.80"
2026-03-15 10:32:54,487 - INFO - [pipeline.py:248] - [Grade: A] Saved to: /Users/kenfasano/Scripts/ScreenArt/Images/TransformedImages/psalms_29-A-scatter.jpeg
2026-03-15 10:32:54,632 - INFO - [pipeline.py:136] - "OilPaintingTransformer","dyn_ratio=7,size=8"
2026-03-15 10:32:54,683 - INFO - [pipeline.py:136] - "KaleidoscopeTransformer","cx_off=-0.15,cy_off=0.16,segments=4"
2026-03-15 10:32:55,021 - INFO - [pipeline.py:136] - "VoronoiTransformer","edge_blend=1,num_points=269"
2026-03-15 10:32:55,040 - INFO - [pipeline.py:248] - [Grade: C] Saved to: /Users/kenfasano/Scripts/ScreenArt/Images/TransformedImages/psalms_4-C-tile.jpeg
2026-03-15 10:32:55,087 - INFO - [pipeline.py:136] - "FractalWarpTransformer","iter=1,scale=0.05"
2026-03-15 10:32:55,106 - INFO - [pipeline.py:248] - [Grade: A] Saved to: /Users/kenfasano/Scripts/ScreenArt/Images/TransformedImages/psalms_32-A-columns.jpeg
2026-03-15 10:32:55,168 - INFO - [pipeline.py:136] - "KaleidoscopeTransformer","cx_off=-0.01,cy_off=0.18,segments=4"
2026-03-15 10:32:55,305 - INFO - [pipeline.py:136] - "StippleTransformer","bg=black,dot_radius=2,jitter=1,spacing=5"
2026-03-15 10:32:55,330 - INFO - [pipeline.py:248] - [Grade: B] Saved to: /Users/kenfasano/Scripts/ScreenArt/Images/TransformedImages/psalms_19-B-tile.jpeg
2026-03-15 10:32:55,374 - INFO - [pipeline.py:136] - "FluidWarpTransformer","alpha=4.27,sigma=3.40"
2026-03-15 10:32:55,392 - INFO - [pipeline.py:248] - [Grade: C] Saved to: /Users/kenfasano/Scripts/ScreenArt/Images/TransformedImages/psalms_22-C-tile.jpeg
2026-03-15 10:32:55,402 - INFO - [pipeline.py:136] - "RadialWarpTransformer","radius=0.25,strength=56.934250235568484,style=push"
2026-03-15 10:32:55,419 - INFO - [pipeline.py:136] - "FlipWilsonTransformer","keep=top,narrow=0.48"
2026-03-15 10:32:55,427 - INFO - [pipeline.py:136] - "ChromaticAberrationTransformer","angle=78.50,edge_fade=1,shift=16.80"
2026-03-15 10:32:55,444 - INFO - [pipeline.py:136] - "KaleidoscopeTransformer","cx_off=0.12,cy_off=0.17,segments=6"
2026-03-15 10:32:55,451 - INFO - [pipeline.py:248] - [Grade: C] Saved to: /Users/kenfasano/Scripts/ScreenArt/Images/TransformedImages/peripheral_drift_2-C.jpeg
2026-03-15 10:32:55,463 - INFO - [pipeline.py:136] - "RadialWarpTransformer","radius=0.25,strength=75.29562321779035,122.38182913682186,60.78995483078086,style=push,pull,push"
2026-03-15 10:32:55,480 - INFO - [pipeline.py:136] - "MeltMorphTransformer","intensity=0.50"
2026-03-15 10:32:55,486 - INFO - [pipeline.py:248] - [Grade: A] Saved to: /Users/kenfasano/Scripts/ScreenArt/Images/TransformedImages/peripheral_drift_3-A.jpeg
2026-03-15 10:32:55,499 - INFO - [pipeline.py:136] - "RadialWarpTransformer","radius=0.25,strength=47.87875067596907,129.93230379004393,83.48420329495934,style=pull,pull,pull"
2026-03-15 10:32:55,512 - INFO - [pipeline.py:136] - "ThermalImagingTransformer","thermal=True"
2026-03-15 10:32:55,519 - INFO - [pipeline.py:248] - [Grade: C] Saved to: /Users/kenfasano/Scripts/ScreenArt/Images/TransformedImages/peripheral_drift_1-C.jpeg
2026-03-15 10:32:55,519 - INFO - [main.py:188] - VoronoiTransformer
2026-03-15 10:32:55,519 - INFO - [main.py:188] - WatercolorTransformer
2026-03-15 10:32:55,519 - INFO - [main.py:188] - OilPaintingTransformer
2026-03-15 10:32:55,519 - INFO - [main.py:188] - PixelSortTransformer
2026-03-15 10:32:55,519 - INFO - [main.py:188] - StippleTransformer
2026-03-15 10:32:55,519 - INFO - [main.py:188] - MeltMorphTransformer
2026-03-15 10:32:55,519 - INFO - [main.py:188] - HalftoneTransformer
2026-03-15 10:32:55,519 - INFO - [main.py:188] - FluidWarpTransformer
2026-03-15 10:32:55,519 - INFO - [main.py:188] - FlipWilsonTransformer
2026-03-15 10:32:55,519 - INFO - [main.py:188] - WheelTransformer
2026-03-15 10:32:55,519 - INFO - [main.py:188] - GlitchWarpTransformer
2026-03-15 10:32:55,519 - INFO - [main.py:188] - SwirlWarpTransformer
2026-03-15 10:32:55,519 - INFO - [main.py:188] - KaleidoscopeTransformer
2026-03-15 10:32:55,519 - INFO - [main.py:188] - FractalWarpTransformer
2026-03-15 10:32:55,519 - INFO - [main.py:188] - DataMoshTransformer
2026-03-15 10:32:55,519 - INFO - [main.py:188] - ChromaticAberrationTransformer
2026-03-15 10:32:55,519 - INFO - [main.py:188] - FisheyeTransformer
2026-03-15 10:32:55,519 - INFO - [main.py:188] - ThermalImagingTransformer
2026-03-15 10:32:55,519 - INFO - [main.py:188] - RadialWarpTransformer
2026-03-15 10:32:55,519 - INFO - [main.py:188] - PosterizationTransformer
2026-03-15 10:32:55,519 - INFO - [main.py:188] - ColormapTransformer
2026-03-15 10:32:55,519 - INFO - [main.py:231] - 20s@10:32 ✓
Accepted: 53
Rejected: 4
---
Bible                      ->  5597ms
Wiki                       ->  2871ms
Lojong                     ->  2099ms
Nasa                       ->  1035ms
GoesGenerator              ->   614ms
Bubbles                    ->   483ms
Cubes                      ->   184ms
PeripheralDriftIllusion    ->    46ms
NasaMapGenerator           ->    35ms
---
VoronoiTransformer               -> Min:    46ms | Avg:   241ms | Max:   399ms
WatercolorTransformer            -> Min:    54ms | Avg:   175ms | Max:   218ms
OilPaintingTransformer           -> Min:   117ms | Avg:   127ms | Max:   135ms
PixelSortTransformer             -> Min:    23ms | Avg:    92ms | Max:   162ms
StippleTransformer               -> Min:    25ms | Avg:    81ms | Max:   137ms
MeltMorphTransformer             -> Min:    16ms | Avg:    44ms | Max:    57ms
HalftoneTransformer              -> Min:     4ms | Avg:    42ms | Max:    66ms
FluidWarpTransformer             -> Min:    11ms | Avg:    40ms | Max:    53ms
FlipWilsonTransformer            -> Min:    18ms | Avg:    37ms | Max:    58ms
WheelTransformer                 -> Min:     3ms | Avg:    33ms | Max:    44ms
GlitchWarpTransformer            -> Min:    27ms | Avg:    33ms | Max:    67ms
SwirlWarpTransformer             -> Min:    11ms | Avg:    32ms | Max:    42ms
KaleidoscopeTransformer          -> Min:    13ms | Avg:    31ms | Max:    52ms
FractalWarpTransformer           -> Min:    13ms | Avg:    31ms | Max:    36ms
DataMoshTransformer              -> Min:    10ms | Avg:    27ms | Max:    37ms
ChromaticAberrationTransformer   -> Min:     8ms | Avg:    25ms | Max:    67ms
FisheyeTransformer               -> Min:     5ms | Avg:    21ms | Max:    43ms
ThermalImagingTransformer        -> Min:    11ms | Avg:    20ms | Max:    36ms
RadialWarpTransformer            -> Min:     6ms | Avg:    16ms | Max:    24ms
PosterizationTransformer         -> Min:    13ms | Avg:    13ms | Max:    13ms
ColormapTransformer              -> Min:     1ms | Avg:    11ms | Max:    15ms
