2026-03-10 17:56:15,154 - INFO - [pipeline.py:48] - "InvertRGBTransformer","blend=0.40"
2026-03-10 17:56:15,174 - INFO - [pipeline.py:146] - [Grade: C] Saved to: /Users/kenfasano/Scripts/ScreenArt/Images/TransformedImages/bubbles_4-C.jpeg
2026-03-10 17:56:15,195 - INFO - [pipeline.py:48] - "PosterizationTransformer","levels=4"
2026-03-10 17:56:15,212 - INFO - [pipeline.py:146] - [Grade: A] Saved to: /Users/kenfasano/Scripts/ScreenArt/Images/TransformedImages/bubbles_8-A.jpeg
2026-03-10 17:56:15,234 - INFO - [pipeline.py:48] - "PosterizationTransformer","levels=4"
2026-03-10 17:56:15,251 - INFO - [pipeline.py:146] - [Grade: A] Saved to: /Users/kenfasano/Scripts/ScreenArt/Images/TransformedImages/bubbles_9-A.jpeg
2026-03-10 17:56:15,294 - INFO - [pipeline.py:48] - "TritoneTransformer","highlight=#c6a44c,mid=#206bbd,shadow=#d541e6"
2026-03-10 17:56:15,344 - INFO - [pipeline.py:48] - "FluidWarpTransformer","alpha=16.21,sigma=6.57"
2026-03-10 17:56:15,381 - INFO - [pipeline.py:48] - "ThreeDExtrusionTransformer","ambient=0.32,intensity=0.50"
2026-03-10 17:56:15,433 - INFO - [pipeline.py:48] - "HalftoneTransformer","size=2"
2026-03-10 17:56:15,449 - INFO - [pipeline.py:146] - [Grade: F] Saved to: /Users/kenfasano/Scripts/ScreenArt/Images/Rejected/bubbles_5-F.jpeg
2026-03-10 17:56:15,502 - INFO - [pipeline.py:48] - "FluidWarpTransformer","alpha=3.04,sigma=5.84"
2026-03-10 17:56:15,519 - INFO - [pipeline.py:146] - [Grade: A] Saved to: /Users/kenfasano/Scripts/ScreenArt/Images/TransformedImages/bubbles_2-A.jpeg
2026-03-10 17:56:15,719 - INFO - [pipeline.py:48] - "WheelTransformer","blend=add,copies=5"
2026-03-10 17:56:15,747 - INFO - [pipeline.py:48] - "GlitchWarpTransformer","intensity=0.01"
2026-03-10 17:56:15,757 - INFO - [pipeline.py:48] - "InvertRGBTransformer","blend=0.50"
2026-03-10 17:56:15,788 - INFO - [pipeline.py:48] - "ThermalImagingTransformer","thermal=True"
2026-03-10 17:56:15,803 - INFO - [pipeline.py:146] - [Grade: F] Saved to: /Users/kenfasano/Scripts/ScreenArt/Images/Rejected/bubbles_3-F.jpeg
2026-03-10 17:56:15,860 - INFO - [pipeline.py:48] - "HalftoneTransformer","size=2"
2026-03-10 17:56:15,895 - INFO - [pipeline.py:48] - "ThermalImagingTransformer","thermal=True"
2026-03-10 17:56:15,986 - INFO - [pipeline.py:48] - "DuotoneTransformer","highlight=#e7d98b,shadow=#967ef4"
2026-03-10 17:56:16,019 - INFO - [pipeline.py:48] - "ThreeDExtrusionTransformer","ambient=0.42,intensity=0.50"
2026-03-10 17:56:16,054 - INFO - [pipeline.py:146] - [Grade: C] Saved to: /Users/kenfasano/Scripts/ScreenArt/Images/TransformedImages/bubbles_10-C.jpeg
2026-03-10 17:56:16,097 - INFO - [pipeline.py:48] - "TritoneTransformer","highlight=#36a249,mid=#26b275,shadow=#fd3aa3"
2026-03-10 17:56:16,187 - INFO - [pipeline.py:48] - "DuotoneTransformer","highlight=#c70c29,shadow=#65f61a"
2026-03-10 17:56:16,203 - INFO - [pipeline.py:146] - [Grade: F] Saved to: /Users/kenfasano/Scripts/ScreenArt/Images/Rejected/bubbles_1-F.jpeg
2026-03-10 17:56:16,325 - INFO - [pipeline.py:48] - "FlipWilsonTransformer","keep=bottom_right,narrow=0.27"
2026-03-10 17:56:16,367 - INFO - [pipeline.py:48] - "SwirlWarpTransformer","strength=1.50"
2026-03-10 17:56:16,384 - INFO - [pipeline.py:146] - [Grade: A] Saved to: /Users/kenfasano/Scripts/ScreenArt/Images/TransformedImages/bubbles_6-A.jpeg
2026-03-10 17:56:16,406 - INFO - [pipeline.py:48] - "ColormapTransformer","map=summer"
2026-03-10 17:56:16,461 - INFO - [pipeline.py:48] - "MeltMorphTransformer","intensity=0.50"
2026-03-10 17:56:16,478 - INFO - [pipeline.py:146] - [Grade: A] Saved to: /Users/kenfasano/Scripts/ScreenArt/Images/TransformedImages/bubbles_7-A.jpeg
2026-03-10 17:56:16,500 - INFO - [pipeline.py:48] - "ColormapTransformer","map=autumn"
2026-03-10 17:56:16,720 - INFO - [pipeline.py:48] - "WatercolorTransformer","scale=0.85,style=monet"
2026-03-10 17:56:16,810 - INFO - [pipeline.py:48] - "DuotoneTransformer","highlight=#fbf6bf,shadow=#12d836"
2026-03-10 17:56:16,863 - INFO - [pipeline.py:48] - "MeltMorphTransformer","intensity=0.50"
2026-03-10 17:56:16,880 - INFO - [pipeline.py:146] - [Grade: F] Saved to: /Users/kenfasano/Scripts/ScreenArt/Images/Rejected/cubes_2-F.jpeg
2026-03-10 17:56:16,977 - INFO - [pipeline.py:48] - "DuotoneTransformer","highlight=#ec6aec,shadow=#20bd80"
2026-03-10 17:56:16,987 - INFO - [pipeline.py:48] - "InvertRGBTransformer","blend=0.60"
2026-03-10 17:56:17,022 - INFO - [pipeline.py:48] - "FractalWarpTransformer","iter=1,scale=0.05"
2026-03-10 17:56:17,037 - INFO - [pipeline.py:146] - [Grade: A] Saved to: /Users/kenfasano/Scripts/ScreenArt/Images/TransformedImages/cubes_3-A.jpeg
2026-03-10 17:56:17,113 - INFO - [pipeline.py:48] - "AnamorphicTransformer","intensity=0.0,0.2,0.4,0.6,0.8,thresh=80"
2026-03-10 17:56:17,149 - INFO - [pipeline.py:48] - "ThermalImagingTransformer","thermal=True"
2026-03-10 17:56:17,201 - INFO - [pipeline.py:48] - "XrayTransformer","colors=128"
2026-03-10 17:56:17,216 - INFO - [pipeline.py:146] - [Grade: F] Saved to: /Users/kenfasano/Scripts/ScreenArt/Images/Rejected/cubes_4-F.jpeg
2026-03-10 17:56:17,280 - INFO - [pipeline.py:48] - "MeltMorphTransformer","intensity=0.50"
2026-03-10 17:56:17,313 - INFO - [pipeline.py:48] - "ThreeDExtrusionTransformer","ambient=0.55,intensity=0.50"
2026-03-10 17:56:17,361 - INFO - [pipeline.py:48] - "HalftoneTransformer","size=2"
2026-03-10 17:56:17,407 - INFO - [pipeline.py:48] - "FluidWarpTransformer","alpha=14.09,sigma=6.01"
2026-03-10 17:56:17,423 - INFO - [pipeline.py:146] - [Grade: F] Saved to: /Users/kenfasano/Scripts/ScreenArt/Images/Rejected/cubes_5-F.jpeg
2026-03-10 17:56:17,468 - INFO - [pipeline.py:48] - "DataMoshTransformer","intensity=0.01"
2026-03-10 17:56:17,485 - INFO - [pipeline.py:146] - [Grade: A] Saved to: /Users/kenfasano/Scripts/ScreenArt/Images/TransformedImages/cubes_6-A.jpeg
2026-03-10 17:56:17,713 - INFO - [pipeline.py:48] - "WatercolorTransformer","scale=0.85,style=monet"
2026-03-10 17:56:17,742 - INFO - [pipeline.py:48] - "FluidWarpTransformer","alpha=6.27,sigma=0.68"
2026-03-10 17:56:17,931 - INFO - [pipeline.py:48] - "WheelTransformer","blend=add,copies=5"
2026-03-10 17:56:17,947 - INFO - [pipeline.py:48] - "RadialWarpTransformer","radius=0.25,strength=108.4819763362187,style=push"
2026-03-10 17:56:17,966 - INFO - [pipeline.py:146] - [Grade: A] Saved to: /Users/kenfasano/Scripts/ScreenArt/Images/TransformedImages/cubes_1-A.jpeg
2026-03-10 17:56:17,978 - INFO - [pipeline.py:48] - "RadialWarpTransformer","radius=0.25,strength=109.38626816555906,style=push"
2026-03-10 17:56:17,999 - INFO - [pipeline.py:48] - "HalftoneTransformer","size=2"
2026-03-10 17:56:18,088 - INFO - [pipeline.py:48] - "WatercolorTransformer","scale=0.85,style=psychedelic"
2026-03-10 17:56:18,095 - INFO - [pipeline.py:146] - [Grade: C] Saved to: /Users/kenfasano/Scripts/ScreenArt/Images/TransformedImages/CG4_Rolland_1080-C.jpg
2026-03-10 17:56:18,098 - INFO - [pipeline.py:48] - "InvertRGBTransformer","blend=0.55"
2026-03-10 17:56:18,102 - INFO - [pipeline.py:48] - "TritoneTransformer","highlight=#e7fb60,mid=#859ff1,shadow=#e92604"
2026-03-10 17:56:18,108 - INFO - [pipeline.py:48] - "FractalWarpTransformer","iter=1,scale=0.05"
2026-03-10 17:56:18,110 - INFO - [pipeline.py:146] - [Grade: A] Saved to: /Users/kenfasano/Scripts/ScreenArt/Images/TransformedImages/MoonVenus_pacholka-A.jpg
2026-03-10 17:56:18,117 - INFO - [pipeline.py:48] - "GlitchWarpTransformer","intensity=0.01"
2026-03-10 17:56:18,119 - INFO - [pipeline.py:48] - "ColormapTransformer","map=jet"
2026-03-10 17:56:18,144 - INFO - [pipeline.py:48] - "XrayTransformer","colors=256"
2026-03-10 17:56:18,151 - INFO - [pipeline.py:48] - "ThermalImagingTransformer","thermal=True"
2026-03-10 17:56:18,155 - INFO - [pipeline.py:146] - [Grade: C] Saved to: /Users/kenfasano/Scripts/ScreenArt/Images/TransformedImages/ic1396_crisp_c1-C.jpg
2026-03-10 17:56:18,206 - INFO - [pipeline.py:48] - "DuotoneTransformer","highlight=#11bdc8,shadow=#7b7609"
2026-03-10 17:56:18,215 - INFO - [pipeline.py:146] - [Grade: F] Saved to: /Users/kenfasano/Scripts/ScreenArt/Images/Rejected/OpportunityMarsPIA16703_600h-F.jpg
2026-03-10 17:56:18,245 - INFO - [pipeline.py:48] - "AnamorphicTransformer","intensity=0.0,0.2,0.4,0.6,0.8,thresh=80"
2026-03-10 17:56:18,281 - INFO - [pipeline.py:48] - "FlipWilsonTransformer","keep=bottom_right,narrow=0.27"
2026-03-10 17:56:18,287 - INFO - [pipeline.py:146] - [Grade: A] Saved to: /Users/kenfasano/Scripts/ScreenArt/Images/TransformedImages/twoArcsKralik600c-A.jpg
2026-03-10 17:56:18,295 - INFO - [pipeline.py:48] - "RadialWarpTransformer","radius=0.25,strength=71.14125603672187,style=push"
2026-03-10 17:56:18,305 - INFO - [pipeline.py:48] - "FractalWarpTransformer","iter=1,scale=0.05"
2026-03-10 17:56:18,316 - INFO - [pipeline.py:48] - "HalftoneTransformer","size=2"
2026-03-10 17:56:18,328 - INFO - [pipeline.py:48] - "FluidWarpTransformer","alpha=19.93,sigma=7.18"
2026-03-10 17:56:18,332 - INFO - [pipeline.py:146] - [Grade: C] Saved to: /Users/kenfasano/Scripts/ScreenArt/Images/TransformedImages/ngc6240_spitzerhubble_c800-C.jpg
2026-03-10 17:56:18,358 - INFO - [pipeline.py:48] - "AnamorphicTransformer","intensity=0.0,0.2,0.4,0.6,0.8,thresh=80"
2026-03-10 17:56:18,372 - INFO - [pipeline.py:48] - "HalftoneTransformer","size=2"
2026-03-10 17:56:18,398 - INFO - [pipeline.py:48] - "DuotoneTransformer","highlight=#6896b2,shadow=#e2390b"
2026-03-10 17:56:18,409 - INFO - [pipeline.py:48] - "FractalWarpTransformer","iter=1,scale=0.05"
2026-03-10 17:56:18,414 - INFO - [pipeline.py:146] - [Grade: A] Saved to: /Users/kenfasano/Scripts/ScreenArt/Images/TransformedImages/EtaAquaridMW_taylor-A.jpg
2026-03-10 17:56:18,434 - INFO - [pipeline.py:48] - "GlitchWarpTransformer","intensity=0.01"
2026-03-10 17:56:18,455 - INFO - [pipeline.py:48] - "DataMoshTransformer","intensity=0.02"
2026-03-10 17:56:18,465 - INFO - [pipeline.py:146] - [Grade: A] Saved to: /Users/kenfasano/Scripts/ScreenArt/Images/TransformedImages/MeteorDust_XuChen_960-A.jpg
2026-03-10 17:56:18,538 - INFO - [pipeline.py:48] - "AnamorphicTransformer","intensity=0.0,0.2,0.4,0.6,0.8,thresh=80"
2026-03-10 17:56:18,562 - INFO - [pipeline.py:48] - "HalftoneTransformer","size=2"
2026-03-10 17:56:18,580 - INFO - [pipeline.py:48] - "ThermalImagingTransformer","thermal=True"
2026-03-10 17:56:18,589 - INFO - [pipeline.py:146] - [Grade: A] Saved to: /Users/kenfasano/Scripts/ScreenArt/Images/TransformedImages/Arp286-202203-CDK24-FLIPL9000-LRGB_NicolasROLLAND_signature_LD1024-A.jpg
2026-03-10 17:56:18,597 - INFO - [pipeline.py:48] - "ThreeDExtrusionTransformer","ambient=0.39,intensity=0.50"
2026-03-10 17:56:18,599 - INFO - [pipeline.py:48] - "PosterizationTransformer","levels=4"
2026-03-10 17:56:18,608 - INFO - [pipeline.py:48] - "SwirlWarpTransformer","strength=1.50"
2026-03-10 17:56:18,618 - INFO - [pipeline.py:48] - "AnamorphicTransformer","intensity=0.0,0.2,0.4,0.6,0.8,thresh=80"
2026-03-10 17:56:18,621 - INFO - [pipeline.py:146] - [Grade: A] Saved to: /Users/kenfasano/Scripts/ScreenArt/Images/TransformedImages/sunhalobirds_wilson-A.jpg
2026-03-10 17:56:18,734 - INFO - [pipeline.py:48] - "FlipWilsonTransformer","keep=bottom_right,narrow=0.27"
2026-03-10 17:56:18,746 - INFO - [pipeline.py:48] - "ColormapTransformer","map=cool"
2026-03-10 17:56:18,773 - INFO - [pipeline.py:48] - "GlitchWarpTransformer","intensity=0.01"
2026-03-10 17:56:18,792 - INFO - [pipeline.py:146] - [Grade: C] Saved to: /Users/kenfasano/Scripts/ScreenArt/Images/TransformedImages/PIA08389_fig1_h500-C.jpg
2026-03-10 17:56:18,831 - INFO - [pipeline.py:48] - "GlitchWarpTransformer","intensity=0.01"
2026-03-10 17:56:19,017 - INFO - [pipeline.py:48] - "WheelTransformer","blend=add,copies=5"
2026-03-10 17:56:19,052 - INFO - [pipeline.py:48] - "FractalWarpTransformer","iter=1,scale=0.05"
2026-03-10 17:56:19,069 - INFO - [pipeline.py:146] - [Grade: A] Saved to: /Users/kenfasano/Scripts/ScreenArt/Images/TransformedImages/nasa_earth_1_Cairo_True_Color-A.jpeg
2026-03-10 17:56:19,118 - INFO - [pipeline.py:48] - "MeltMorphTransformer","intensity=0.50"
2026-03-10 17:56:19,130 - INFO - [pipeline.py:146] - [Grade: B] Saved to: /Users/kenfasano/Scripts/ScreenArt/Images/TransformedImages/noaa_goes_1_se_Day_Night_Cloud_Micro-B.jpeg
2026-03-10 17:56:19,301 - INFO - [pipeline.py:48] - "HalftoneTransformer","size=2"
2026-03-10 17:56:19,342 - INFO - [pipeline.py:146] - [Grade: A] Saved to: /Users/kenfasano/Scripts/ScreenArt/Images/TransformedImages/Invitati-A.jpeg
2026-03-10 17:56:19,411 - INFO - [pipeline.py:48] - "HalftoneTransformer","size=2"
2026-03-10 17:56:19,537 - INFO - [pipeline.py:48] - "FlipWilsonTransformer","keep=bottom_right,narrow=0.27"
2026-03-10 17:56:19,587 - INFO - [pipeline.py:48] - "FractalWarpTransformer","iter=1,scale=0.05"
2026-03-10 17:56:19,607 - INFO - [pipeline.py:146] - [Grade: A] Saved to: /Users/kenfasano/Scripts/ScreenArt/Images/TransformedImages/View_of_-A.jpeg
2026-03-10 17:56:19,761 - INFO - [pipeline.py:48] - "FlipWilsonTransformer","keep=bottom_right,narrow=0.27"
2026-03-10 17:56:19,777 - INFO - [pipeline.py:48] - "InvertRGBTransformer","blend=0.45"
2026-03-10 17:56:19,832 - INFO - [pipeline.py:48] - "FractalWarpTransformer","iter=1,scale=0.05"
2026-03-10 17:56:19,849 - INFO - [pipeline.py:48] - "PosterizationTransformer","levels=4"
2026-03-10 17:56:19,870 - INFO - [pipeline.py:146] - [Grade: A] Saved to: /Users/kenfasano/Scripts/ScreenArt/Images/TransformedImages/Altar_of-A.jpeg
2026-03-10 17:56:19,955 - INFO - [pipeline.py:48] - "HalftoneTransformer","size=2"
2026-03-10 17:56:20,011 - INFO - [pipeline.py:48] - "ThermalImagingTransformer","thermal=True"
2026-03-10 17:56:20,025 - INFO - [pipeline.py:48] - "InvertRGBTransformer","blend=0.56"
2026-03-10 17:56:20,051 - INFO - [pipeline.py:146] - [Grade: C] Saved to: /Users/kenfasano/Scripts/ScreenArt/Images/TransformedImages/Untitled-C.jpeg
2026-03-10 17:56:20,091 - INFO - [pipeline.py:48] - "FisheyeTransformer","shape=oval,strength=0.23,zoom=0.86"
2026-03-10 17:56:20,118 - INFO - [pipeline.py:48] - "GlitchWarpTransformer","intensity=0.01"
2026-03-10 17:56:20,135 - INFO - [pipeline.py:146] - [Grade: A] Saved to: /Users/kenfasano/Scripts/ScreenArt/Images/TransformedImages/Burial_R-A.jpeg
2026-03-10 17:56:20,191 - INFO - [pipeline.py:48] - "TritoneTransformer","highlight=#c06039,mid=#2200fd,shadow=#54588d"
2026-03-10 17:56:20,497 - INFO - [pipeline.py:48] - "WatercolorTransformer","scale=0.85,style=monet"
2026-03-10 17:56:20,520 - INFO - [pipeline.py:146] - [Grade: F] Saved to: /Users/kenfasano/Scripts/ScreenArt/Images/Rejected/6364_CTB-F.jpeg
2026-03-10 17:56:20,566 - INFO - [pipeline.py:48] - "DataMoshTransformer","intensity=0.02"
2026-03-10 17:56:20,753 - INFO - [pipeline.py:48] - "WheelTransformer","blend=add,copies=5"
2026-03-10 17:56:20,866 - INFO - [pipeline.py:48] - "XrayTransformer","colors=128"
2026-03-10 17:56:20,894 - INFO - [pipeline.py:48] - "GlitchWarpTransformer","intensity=0.01"
2026-03-10 17:56:20,912 - INFO - [pipeline.py:146] - [Grade: B] Saved to: /Users/kenfasano/Scripts/ScreenArt/Images/TransformedImages/lojong_2-B.jpeg
2026-03-10 17:56:20,973 - INFO - [pipeline.py:48] - "MeltMorphTransformer","intensity=0.50"
2026-03-10 17:56:20,989 - INFO - [pipeline.py:146] - [Grade: A] Saved to: /Users/kenfasano/Scripts/ScreenArt/Images/TransformedImages/lojong_3-A.jpeg
2026-03-10 17:56:21,056 - INFO - [pipeline.py:48] - "FluidWarpTransformer","alpha=14.22,sigma=7.42"
2026-03-10 17:56:21,073 - INFO - [pipeline.py:146] - [Grade: C] Saved to: /Users/kenfasano/Scripts/ScreenArt/Images/TransformedImages/lojong_8-C.jpeg
2026-03-10 17:56:21,123 - INFO - [pipeline.py:48] - "SwirlWarpTransformer","strength=1.50"
2026-03-10 17:56:21,177 - INFO - [pipeline.py:48] - "MeltMorphTransformer","intensity=0.50"
2026-03-10 17:56:21,208 - INFO - [pipeline.py:48] - "ThreeDExtrusionTransformer","ambient=0.33,intensity=0.50"
2026-03-10 17:56:21,225 - INFO - [pipeline.py:146] - [Grade: C] Saved to: /Users/kenfasano/Scripts/ScreenArt/Images/TransformedImages/lojong_4-C.jpeg
2026-03-10 17:56:21,242 - INFO - [pipeline.py:48] - "InvertRGBTransformer","blend=0.80"
2026-03-10 17:56:21,259 - INFO - [pipeline.py:146] - [Grade: C] Saved to: /Users/kenfasano/Scripts/ScreenArt/Images/TransformedImages/lojong_5-C.jpeg
2026-03-10 17:56:21,280 - INFO - [pipeline.py:48] - "PosterizationTransformer","levels=4"
2026-03-10 17:56:21,317 - INFO - [pipeline.py:48] - "FractalWarpTransformer","iter=1,scale=0.05"
2026-03-10 17:56:21,526 - INFO - [pipeline.py:48] - "WatercolorTransformer","scale=0.85,style=monet"
2026-03-10 17:56:21,558 - INFO - [pipeline.py:48] - "FisheyeTransformer","shape=oval,strength=0.69,zoom=0.93"
2026-03-10 17:56:21,574 - INFO - [pipeline.py:146] - [Grade: F] Saved to: /Users/kenfasano/Scripts/ScreenArt/Images/Rejected/lojong_9-F.jpeg
2026-03-10 17:56:21,617 - INFO - [pipeline.py:48] - "ThermalImagingTransformer","thermal=True"
2026-03-10 17:56:21,648 - INFO - [pipeline.py:48] - "ThreeDExtrusionTransformer","ambient=0.56,intensity=0.50"
2026-03-10 17:56:21,664 - INFO - [pipeline.py:146] - [Grade: C] Saved to: /Users/kenfasano/Scripts/ScreenArt/Images/TransformedImages/lojong_6-C.jpeg
2026-03-10 17:56:21,684 - INFO - [pipeline.py:48] - "ColormapTransformer","map=pink"
2026-03-10 17:56:21,694 - INFO - [pipeline.py:48] - "InvertRGBTransformer","blend=0.41"
2026-03-10 17:56:21,785 - INFO - [pipeline.py:48] - "DuotoneTransformer","highlight=#7502bc,shadow=#02a598"
2026-03-10 17:56:21,801 - INFO - [pipeline.py:146] - [Grade: F] Saved to: /Users/kenfasano/Scripts/ScreenArt/Images/Rejected/lojong_7-F.jpeg
2026-03-10 17:56:21,859 - INFO - [pipeline.py:48] - "AnamorphicTransformer","intensity=0.0,0.2,0.4,0.6,0.8,thresh=80"
2026-03-10 17:56:21,964 - INFO - [pipeline.py:48] - "FlipWilsonTransformer","keep=bottom_right,narrow=0.27"
2026-03-10 17:56:22,013 - INFO - [pipeline.py:48] - "HalftoneTransformer","size=2"
2026-03-10 17:56:22,030 - INFO - [pipeline.py:146] - [Grade: A] Saved to: /Users/kenfasano/Scripts/ScreenArt/Images/TransformedImages/lojong_0-A.jpeg
2026-03-10 17:56:22,089 - INFO - [pipeline.py:48] - "MeltMorphTransformer","intensity=0.50"
2026-03-10 17:56:22,106 - INFO - [pipeline.py:48] - "RadialWarpTransformer","radius=0.25,strength=83.97903059611646,style=push"
2026-03-10 17:56:22,154 - INFO - [pipeline.py:48] - "HalftoneTransformer","size=2"
2026-03-10 17:56:22,167 - INFO - [pipeline.py:48] - "ColormapTransformer","map=rainbow"
2026-03-10 17:56:22,182 - INFO - [pipeline.py:146] - [Grade: F] Saved to: /Users/kenfasano/Scripts/ScreenArt/Images/Rejected/lojong_1-F.jpeg
2026-03-10 17:56:22,232 - INFO - [pipeline.py:48] - "SwirlWarpTransformer","strength=1.50"
2026-03-10 17:56:22,245 - INFO - [pipeline.py:48] - "ColormapTransformer","map=ocean"
2026-03-10 17:56:22,261 - INFO - [pipeline.py:146] - [Grade: F] Saved to: /Users/kenfasano/Scripts/ScreenArt/Images/Rejected/psalms_83-F.jpeg
2026-03-10 17:56:22,280 - INFO - [pipeline.py:48] - "InvertRGBTransformer","blend=0.44"
2026-03-10 17:56:22,469 - INFO - [pipeline.py:48] - "WheelTransformer","blend=add,copies=5"
2026-03-10 17:56:22,495 - INFO - [pipeline.py:48] - "FisheyeTransformer","shape=oval,strength=0.30,zoom=1.09"
2026-03-10 17:56:22,511 - INFO - [pipeline.py:146] - [Grade: F] Saved to: /Users/kenfasano/Scripts/ScreenArt/Images/Rejected/psalms_37-F.jpeg
2026-03-10 17:56:22,556 - INFO - [pipeline.py:48] - "DataMoshTransformer","intensity=0.01"
2026-03-10 17:56:22,569 - INFO - [pipeline.py:48] - "ColormapTransformer","map=summer"
2026-03-10 17:56:22,587 - INFO - [pipeline.py:146] - [Grade: C] Saved to: /Users/kenfasano/Scripts/ScreenArt/Images/TransformedImages/psalms_61-C.jpeg
2026-03-10 17:56:22,685 - INFO - [pipeline.py:48] - "DuotoneTransformer","highlight=#2fcc20,shadow=#b35cbf"
2026-03-10 17:56:22,716 - INFO - [pipeline.py:48] - "ThreeDExtrusionTransformer","ambient=0.27,intensity=0.50"
2026-03-10 17:56:22,903 - INFO - [pipeline.py:48] - "WheelTransformer","blend=add,copies=5"
2026-03-10 17:56:22,920 - INFO - [pipeline.py:146] - [Grade: C] Saved to: /Users/kenfasano/Scripts/ScreenArt/Images/TransformedImages/psalms_6-C.jpeg
2026-03-10 17:56:22,980 - INFO - [pipeline.py:48] - "MeltMorphTransformer","intensity=0.50"
2026-03-10 17:56:22,995 - INFO - [pipeline.py:146] - [Grade: C] Saved to: /Users/kenfasano/Scripts/ScreenArt/Images/TransformedImages/psalms_123-C.jpeg
2026-03-10 17:56:23,023 - INFO - [pipeline.py:48] - "RadialWarpTransformer","radius=0.25,strength=132.40966282576233,101.71661408946476,style=push,pull"
2026-03-10 17:56:23,062 - INFO - [pipeline.py:48] - "SwirlWarpTransformer","strength=1.50"
2026-03-10 17:56:23,072 - INFO - [pipeline.py:48] - "InvertRGBTransformer","blend=0.72"
2026-03-10 17:56:23,088 - INFO - [pipeline.py:146] - [Grade: C] Saved to: /Users/kenfasano/Scripts/ScreenArt/Images/TransformedImages/psalms_33-C.jpeg
2026-03-10 17:56:23,205 - INFO - [pipeline.py:48] - "FlipWilsonTransformer","keep=bottom_right,narrow=0.27"
2026-03-10 17:56:23,247 - INFO - [pipeline.py:48] - "AnamorphicTransformer","intensity=0.0,0.2,0.4,0.6,0.8,thresh=80"
2026-03-10 17:56:23,262 - INFO - [pipeline.py:146] - [Grade: C] Saved to: /Users/kenfasano/Scripts/ScreenArt/Images/TransformedImages/psalms_78-C.jpeg
2026-03-10 17:56:23,324 - INFO - [pipeline.py:48] - "FluidWarpTransformer","alpha=9.72,sigma=7.58"
2026-03-10 17:56:23,334 - INFO - [pipeline.py:48] - "InvertRGBTransformer","blend=0.44"
2026-03-10 17:56:23,522 - INFO - [pipeline.py:48] - "WheelTransformer","blend=add,copies=5"
2026-03-10 17:56:23,535 - INFO - [pipeline.py:48] - "ColormapTransformer","map=summer"
2026-03-10 17:56:23,553 - INFO - [pipeline.py:146] - [Grade: A] Saved to: /Users/kenfasano/Scripts/ScreenArt/Images/TransformedImages/psalms_105-A.jpeg
2026-03-10 17:56:23,583 - INFO - [pipeline.py:48] - "RadialWarpTransformer","radius=0.25,strength=58.599246904943456,95.7847743117812,85.73969363461686,style=push,push,push"
2026-03-10 17:56:23,616 - INFO - [pipeline.py:48] - "ThreeDExtrusionTransformer","ambient=0.28,intensity=0.50"
2026-03-10 17:56:23,705 - INFO - [pipeline.py:48] - "DuotoneTransformer","highlight=#c87528,shadow=#b442bf"
2026-03-10 17:56:23,915 - INFO - [pipeline.py:48] - "WatercolorTransformer","scale=0.85,style=monet"
2026-03-10 17:56:23,931 - INFO - [pipeline.py:146] - [Grade: F] Saved to: /Users/kenfasano/Scripts/ScreenArt/Images/Rejected/psalms_133-F.jpeg
2026-03-10 17:56:24,050 - INFO - [pipeline.py:48] - "FlipWilsonTransformer","keep=bottom_right,narrow=0.27"
2026-03-10 17:56:24,063 - INFO - [pipeline.py:48] - "PosterizationTransformer","levels=4"
2026-03-10 17:56:24,078 - INFO - [pipeline.py:146] - [Grade: C] Saved to: /Users/kenfasano/Scripts/ScreenArt/Images/TransformedImages/psalms_108-C.jpeg
2026-03-10 17:56:24,091 - INFO - [pipeline.py:48] - "TritoneTransformer","highlight=#4ccf4f,mid=#084ad1,shadow=#c724d4"
2026-03-10 17:56:24,145 - INFO - [pipeline.py:48] - "WheelTransformer","blend=add,copies=5"
2026-03-10 17:56:24,166 - INFO - [pipeline.py:48] - "AnamorphicTransformer","intensity=0.0,0.2,0.4,0.6,0.8,thresh=80"
2026-03-10 17:56:24,171 - INFO - [pipeline.py:146] - [Grade: A] Saved to: /Users/kenfasano/Scripts/ScreenArt/Images/TransformedImages/peripheral_drift_2-A.jpeg
2026-03-10 17:56:24,187 - INFO - [pipeline.py:48] - "DataMoshTransformer","intensity=0.02"
2026-03-10 17:56:24,202 - INFO - [pipeline.py:48] - "HalftoneTransformer","size=2"
2026-03-10 17:56:24,234 - INFO - [pipeline.py:48] - "FlipWilsonTransformer","keep=bottom_right,narrow=0.27"
2026-03-10 17:56:24,240 - INFO - [pipeline.py:146] - [Grade: A] Saved to: /Users/kenfasano/Scripts/ScreenArt/Images/TransformedImages/peripheral_drift_3-A.jpeg
2026-03-10 17:56:24,250 - INFO - [pipeline.py:48] - "RadialWarpTransformer","radius=0.25,strength=97.21568363334086,style=push"
2026-03-10 17:56:24,262 - INFO - [pipeline.py:48] - "FractalWarpTransformer","iter=1,scale=0.05"
2026-03-10 17:56:24,335 - INFO - [pipeline.py:48] - "XrayTransformer","colors=256"
2026-03-10 17:56:24,344 - INFO - [pipeline.py:48] - "GlitchWarpTransformer","intensity=0.01"
2026-03-10 17:56:24,350 - INFO - [pipeline.py:146] - [Grade: C] Saved to: /Users/kenfasano/Scripts/ScreenArt/Images/TransformedImages/peripheral_drift_1-C.jpeg
2026-03-10 17:56:24,350 - INFO - [main.py:196] - WatercolorTransformer
2026-03-10 17:56:24,350 - INFO - [main.py:196] - WheelTransformer
2026-03-10 17:56:24,350 - INFO - [main.py:196] - FlipWilsonTransformer
2026-03-10 17:56:24,350 - INFO - [main.py:196] - DuotoneTransformer
2026-03-10 17:56:24,350 - INFO - [main.py:196] - XrayTransformer
2026-03-10 17:56:24,350 - INFO - [main.py:196] - MeltMorphTransformer
2026-03-10 17:56:24,350 - INFO - [main.py:196] - HalftoneTransformer
2026-03-10 17:56:24,350 - INFO - [main.py:196] - FluidWarpTransformer
2026-03-10 17:56:24,350 - INFO - [main.py:196] - AnamorphicTransformer
2026-03-10 17:56:24,350 - INFO - [main.py:196] - SwirlWarpTransformer
2026-03-10 17:56:24,350 - INFO - [main.py:196] - ThermalImagingTransformer
2026-03-10 17:56:24,350 - INFO - [main.py:196] - FisheyeTransformer
2026-03-10 17:56:24,350 - INFO - [main.py:196] - ThreeDExtrusionTransformer
2026-03-10 17:56:24,350 - INFO - [main.py:196] - DataMoshTransformer
2026-03-10 17:56:24,350 - INFO - [main.py:196] - FractalWarpTransformer
2026-03-10 17:56:24,350 - INFO - [main.py:196] - TritoneTransformer
2026-03-10 17:56:24,350 - INFO - [main.py:196] - GlitchWarpTransformer
2026-03-10 17:56:24,350 - INFO - [main.py:196] - RadialWarpTransformer
2026-03-10 17:56:24,351 - INFO - [main.py:196] - PosterizationTransformer
2026-03-10 17:56:24,351 - INFO - [main.py:196] - ColormapTransformer
2026-03-10 17:56:24,351 - INFO - [main.py:196] - InvertRGBTransformer
2026-03-10 17:56:24,351 - INFO - [main.py:239] - 16s@17:56 ✓
Accepted: 44
Rejected: 14
---
Wiki                       ->  3845ms
GoesGenerator              ->  1076ms
Nasa                       ->   940ms
Bible                      ->   529ms
Cubes                      ->   463ms
Lojong                     ->   322ms
Bubbles                    ->   239ms
PeripheralDriftIllusion    ->    50ms
NasaMapGenerator           ->    34ms
---
WatercolorTransformer      -> Min:    89ms | Avg:   209ms | Max:   306ms
WheelTransformer           -> Min:    54ms | Avg:   171ms | Max:   192ms
FlipWilsonTransformer      -> Min:    33ms | Avg:    98ms | Max:   141ms
DuotoneTransformer         -> Min:    26ms | Avg:    78ms | Max:    91ms
XrayTransformer            -> Min:    25ms | Avg:    66ms | Max:   113ms
MeltMorphTransformer       -> Min:    40ms | Avg:    52ms | Max:    56ms
HalftoneTransformer        -> Min:    11ms | Avg:    46ms | Max:   141ms
FluidWarpTransformer       -> Min:    11ms | Avg:    42ms | Max:    61ms
AnamorphicTransformer      -> Min:    10ms | Avg:    37ms | Max:    68ms
SwirlWarpTransformer       -> Min:     8ms | Avg:    34ms | Max:    43ms
ThermalImagingTransformer  -> Min:     7ms | Avg:    31ms | Max:    56ms
FisheyeTransformer         -> Min:    27ms | Avg:    30ms | Max:    31ms
ThreeDExtrusionTransformer -> Min:     6ms | Avg:    29ms | Max:    37ms
DataMoshTransformer        -> Min:    12ms | Avg:    29ms | Max:    38ms
FractalWarpTransformer     -> Min:     6ms | Avg:    28ms | Max:    54ms
TritoneTransformer         -> Min:     4ms | Avg:    24ms | Max:    40ms
GlitchWarpTransformer      -> Min:     4ms | Avg:    21ms | Max:    28ms
RadialWarpTransformer      -> Min:     5ms | Avg:    14ms | Max:    24ms
PosterizationTransformer   -> Min:     2ms | Avg:    12ms | Max:    17ms
ColormapTransformer        -> Min:     3ms | Avg:    12ms | Max:    14ms
InvertRGBTransformer       -> Min:     1ms | Avg:    11ms | Max:    17ms
