2026-03-08 10:09:58,061 - INFO - [main.py:201] - WatercolorTransformer
2026-03-08 10:09:58,061 - INFO - [main.py:201] - TritoneTransformer
2026-03-08 10:09:58,061 - INFO - [main.py:201] - FlipWilsonTransformer
2026-03-08 10:09:58,061 - INFO - [main.py:201] - FluidWarpTransformer
2026-03-08 10:09:58,061 - INFO - [main.py:201] - MeltMorphTransformer
2026-03-08 10:09:58,061 - INFO - [main.py:201] - XrayTransformer
2026-03-08 10:09:58,061 - INFO - [main.py:201] - DuotoneTransformer
2026-03-08 10:09:58,061 - INFO - [main.py:201] - FractalWarpTransformer
2026-03-08 10:09:58,061 - INFO - [main.py:201] - GlitchWarpTransformer
2026-03-08 10:09:58,061 - INFO - [main.py:201] - SwirlWarpTransformer
2026-03-08 10:09:58,061 - INFO - [main.py:201] - ColormapTransformer
2026-03-08 10:09:58,061 - INFO - [main.py:201] - ThermalImagingTransformer
2026-03-08 10:09:58,061 - INFO - [main.py:201] - PosterizationTransformer
2026-03-08 10:09:58,061 - INFO - [main.py:201] - InvertRGBTransformer
2026-03-08 10:09:58,061 - INFO - [main.py:244] - 23s@10:09 ✓
Accepted: 53
Rejected: 43
---
Wiki                       ->  4849ms
Nasa                       ->  1008ms
GoesGenerator              ->   553ms
Cubes                      ->   459ms
Bible                      ->   433ms
Lojong                     ->   391ms
KochSnowflake              ->   297ms
Bubbles                    ->   216ms
Hilbert                    ->    94ms
NasaMapGenerator           ->    49ms
PeripheralDriftIllusion    ->    47ms
---
WatercolorTransformer      -> Min:   143ms | Avg:   153ms | Max:   165ms
TritoneTransformer         -> Min:   136ms | Avg:   137ms | Max:   146ms
FlipWilsonTransformer      -> Min:    15ms | Avg:   136ms | Max:   297ms
FluidWarpTransformer       -> Min:    26ms | Avg:   101ms | Max:   207ms
MeltMorphTransformer       -> Min:    68ms | Avg:    70ms | Max:    73ms
XrayTransformer            -> Min:    14ms | Avg:    68ms | Max:   115ms
DuotoneTransformer         -> Min:    27ms | Avg:    66ms | Max:    88ms
FractalWarpTransformer     -> Min:     7ms | Avg:    59ms | Max:   154ms
GlitchWarpTransformer      -> Min:    27ms | Avg:    27ms | Max:    27ms
SwirlWarpTransformer       -> Min:     4ms | Avg:    14ms | Max:    30ms
ColormapTransformer        -> Min:     2ms | Avg:    13ms | Max:    30ms
ThermalImagingTransformer  -> Min:     3ms | Avg:     8ms | Max:    14ms
PosterizationTransformer   -> Min:     1ms | Avg:     1ms | Max:     1ms
InvertRGBTransformer       -> Min:     0ms | Avg:     1ms | Max:     2ms
