2026-03-10 17:52:26,703 - INFO - [pipeline.py:48] - "FlipWilsonTransformer","keep=left,narrow=0.39"
2026-03-10 17:52:26,846 - INFO - [pipeline.py:48] - "XrayTransformer","colors=128"
2026-03-10 17:52:26,863 - INFO - [pipeline.py:146] - [Grade: A] Saved to: /Users/kenfasano/Scripts/ScreenArt/Images/TransformedImages/bubbles_4-A.jpeg
2026-03-10 17:52:26,887 - INFO - [pipeline.py:48] - "PosterizationTransformer","levels=4"
2026-03-10 17:52:26,905 - INFO - [pipeline.py:146] - [Grade: A] Saved to: /Users/kenfasano/Scripts/ScreenArt/Images/TransformedImages/bubbles_8-A.jpeg
2026-03-10 17:52:26,977 - INFO - [pipeline.py:48] - "MeltMorphTransformer","intensity=0.50"
2026-03-10 17:52:26,995 - INFO - [pipeline.py:146] - [Grade: A] Saved to: /Users/kenfasano/Scripts/ScreenArt/Images/TransformedImages/bubbles_9-A.jpeg
2026-03-10 17:52:27,040 - INFO - [pipeline.py:48] - "DataMoshTransformer","intensity=0.01"
2026-03-10 17:52:27,072 - INFO - [pipeline.py:48] - "ThreeDExtrusionTransformer","ambient=0.49,intensity=0.50"
2026-03-10 17:52:27,187 - INFO - [pipeline.py:48] - "XrayTransformer","colors=64"
2026-03-10 17:52:27,231 - INFO - [pipeline.py:48] - "FractalWarpTransformer","iter=1,scale=0.05"
2026-03-10 17:52:27,249 - INFO - [pipeline.py:146] - [Grade: A] Saved to: /Users/kenfasano/Scripts/ScreenArt/Images/TransformedImages/bubbles_5-A.jpeg
2026-03-10 17:52:27,292 - INFO - [pipeline.py:48] - "FisheyeTransformer","shape=circle,strength=0.48,zoom=0.94"
2026-03-10 17:52:27,309 - INFO - [pipeline.py:146] - [Grade: A] Saved to: /Users/kenfasano/Scripts/ScreenArt/Images/TransformedImages/bubbles_2-A.jpeg
2026-03-10 17:52:27,353 - INFO - [pipeline.py:48] - "ThermalImagingTransformer","thermal=True"
2026-03-10 17:52:27,386 - INFO - [pipeline.py:48] - "ThreeDExtrusionTransformer","ambient=0.44,intensity=0.50"
2026-03-10 17:52:27,421 - INFO - [pipeline.py:48] - "FractalWarpTransformer","iter=1,scale=0.05"
2026-03-10 17:52:27,457 - INFO - [pipeline.py:48] - "DataMoshTransformer","intensity=0.01"
2026-03-10 17:52:27,475 - INFO - [pipeline.py:146] - [Grade: A] Saved to: /Users/kenfasano/Scripts/ScreenArt/Images/TransformedImages/bubbles_3-A.jpeg
2026-03-10 17:52:27,543 - INFO - [pipeline.py:48] - "AnamorphicTransformer","intensity=0.0,0.2,0.4,0.6,0.8,thresh=80"
2026-03-10 17:52:27,564 - INFO - [pipeline.py:48] - "RadialWarpTransformer","radius=0.25,strength=67.6439225534591,53.13921318298364,style=push,pull"
2026-03-10 17:52:27,580 - INFO - [pipeline.py:146] - [Grade: F] Saved to: /Users/kenfasano/Scripts/ScreenArt/Images/Rejected/bubbles_10-F.jpeg
2026-03-10 17:52:27,623 - INFO - [pipeline.py:48] - "FluidWarpTransformer","alpha=1.73,sigma=2.63"
2026-03-10 17:52:27,641 - INFO - [pipeline.py:146] - [Grade: A] Saved to: /Users/kenfasano/Scripts/ScreenArt/Images/TransformedImages/bubbles_1-A.jpeg
2026-03-10 17:52:27,680 - INFO - [pipeline.py:48] - "TritoneTransformer","highlight=#cb0a99,mid=#a08c80,shadow=#7a4d24"
2026-03-10 17:52:27,697 - INFO - [pipeline.py:146] - [Grade: C] Saved to: /Users/kenfasano/Scripts/ScreenArt/Images/TransformedImages/bubbles_6-C.jpeg
2026-03-10 17:52:27,931 - INFO - [pipeline.py:48] - "WatercolorTransformer","scale=0.85,style=monet"
2026-03-10 17:52:27,968 - INFO - [pipeline.py:48] - "FluidWarpTransformer","alpha=13.85,sigma=2.82"
2026-03-10 17:52:28,125 - INFO - [pipeline.py:48] - "XrayTransformer","colors=128"
2026-03-10 17:52:28,157 - INFO - [pipeline.py:48] - "ThreeDExtrusionTransformer","ambient=0.38,intensity=0.50"
2026-03-10 17:52:28,173 - INFO - [pipeline.py:146] - [Grade: F] Saved to: /Users/kenfasano/Scripts/ScreenArt/Images/Rejected/bubbles_7-F.jpeg
2026-03-10 17:52:28,238 - INFO - [pipeline.py:48] - "AnamorphicTransformer","intensity=0.0,0.2,0.4,0.6,0.8,thresh=80"
2026-03-10 17:52:28,254 - INFO - [pipeline.py:146] - [Grade: C] Saved to: /Users/kenfasano/Scripts/ScreenArt/Images/TransformedImages/cubes_2-C.jpeg
2026-03-10 17:52:28,316 - INFO - [pipeline.py:48] - "MeltMorphTransformer","intensity=0.50"
2026-03-10 17:52:28,346 - INFO - [pipeline.py:48] - "TritoneTransformer","highlight=#59e363,mid=#176236,shadow=#626815"
2026-03-10 17:52:28,383 - INFO - [pipeline.py:48] - "DataMoshTransformer","intensity=0.01"
2026-03-10 17:52:28,400 - INFO - [pipeline.py:146] - [Grade: C] Saved to: /Users/kenfasano/Scripts/ScreenArt/Images/TransformedImages/cubes_3-C.jpeg
2026-03-10 17:52:28,455 - INFO - [pipeline.py:48] - "HalftoneTransformer","size=2"
2026-03-10 17:52:28,481 - INFO - [pipeline.py:48] - "FisheyeTransformer","shape=oval,strength=0.77,zoom=1.14"
2026-03-10 17:52:28,538 - INFO - [pipeline.py:48] - "FlipWilsonTransformer","keep=left,narrow=0.39"
2026-03-10 17:52:28,751 - INFO - [pipeline.py:48] - "WatercolorTransformer","scale=0.85,style=monet"
2026-03-10 17:52:28,768 - INFO - [pipeline.py:146] - [Grade: A] Saved to: /Users/kenfasano/Scripts/ScreenArt/Images/TransformedImages/cubes_4-A.jpeg
2026-03-10 17:52:28,802 - INFO - [pipeline.py:48] - "FisheyeTransformer","shape=circle,strength=0.40,zoom=0.95"
2026-03-10 17:52:28,819 - INFO - [pipeline.py:146] - [Grade: A] Saved to: /Users/kenfasano/Scripts/ScreenArt/Images/TransformedImages/cubes_5-A.jpeg
2026-03-10 17:52:28,862 - INFO - [pipeline.py:48] - "ThermalImagingTransformer","thermal=True"
2026-03-10 17:52:28,873 - INFO - [pipeline.py:48] - "InvertRGBTransformer","blend=0.66"
2026-03-10 17:52:28,889 - INFO - [pipeline.py:146] - [Grade: A] Saved to: /Users/kenfasano/Scripts/ScreenArt/Images/TransformedImages/cubes_6-A.jpeg
2026-03-10 17:52:28,910 - INFO - [pipeline.py:48] - "ColormapTransformer","map=bone"
2026-03-10 17:52:28,988 - INFO - [pipeline.py:48] - "DuotoneTransformer","highlight=#b0d77b,shadow=#1579f0"
2026-03-10 17:52:29,024 - INFO - [pipeline.py:48] - "ThermalImagingTransformer","thermal=True"
2026-03-10 17:52:29,042 - INFO - [pipeline.py:146] - [Grade: A] Saved to: /Users/kenfasano/Scripts/ScreenArt/Images/TransformedImages/cubes_1-A.jpeg
2026-03-10 17:52:29,055 - INFO - [pipeline.py:48] - "PosterizationTransformer","levels=4"
2026-03-10 17:52:29,183 - INFO - [pipeline.py:48] - "WatercolorTransformer","scale=0.85,style=monet"
2026-03-10 17:52:29,193 - INFO - [pipeline.py:146] - [Grade: A] Saved to: /Users/kenfasano/Scripts/ScreenArt/Images/TransformedImages/cometcliffs_RosettaAtkinson_960-A.jpg
2026-03-10 17:52:29,251 - INFO - [pipeline.py:48] - "XrayTransformer","colors=64"
2026-03-10 17:52:29,257 - INFO - [pipeline.py:48] - "ThermalImagingTransformer","thermal=True"
2026-03-10 17:52:29,293 - INFO - [pipeline.py:48] - "WatercolorTransformer","scale=0.85,style=monet"
2026-03-10 17:52:29,296 - INFO - [pipeline.py:146] - [Grade: A] Saved to: /Users/kenfasano/Scripts/ScreenArt/Images/TransformedImages/mwcentre_eso-A.jpg
2026-03-10 17:52:29,326 - INFO - [pipeline.py:48] - "ThermalImagingTransformer","thermal=True"
2026-03-10 17:52:29,347 - INFO - [pipeline.py:48] - "MeltMorphTransformer","intensity=0.50"
2026-03-10 17:52:29,355 - INFO - [pipeline.py:146] - [Grade: A] Saved to: /Users/kenfasano/Scripts/ScreenArt/Images/TransformedImages/20181013VDB9kerschhuber1024-A.jpg
2026-03-10 17:52:29,373 - INFO - [pipeline.py:48] - "HalftoneTransformer","size=2"
2026-03-10 17:52:29,379 - INFO - [pipeline.py:146] - [Grade: A] Saved to: /Users/kenfasano/Scripts/ScreenArt/Images/TransformedImages/marshills_mgs-A.jpg
2026-03-10 17:52:29,546 - INFO - [pipeline.py:48] - "WatercolorTransformer","scale=0.85,style=monet"
2026-03-10 17:52:29,644 - INFO - [pipeline.py:48] - "XrayTransformer","colors=128"
2026-03-10 17:52:29,682 - INFO - [pipeline.py:48] - "MeltMorphTransformer","intensity=0.50"
2026-03-10 17:52:29,715 - INFO - [pipeline.py:48] - "HalftoneTransformer","size=2"
2026-03-10 17:52:29,728 - INFO - [pipeline.py:146] - [Grade: A] Saved to: /Users/kenfasano/Scripts/ScreenArt/Images/TransformedImages/LeonidsWoodcut_Vollmy_960-A.jpg
2026-03-10 17:52:29,760 - INFO - [pipeline.py:48] - "DuotoneTransformer","highlight=#d205f4,shadow=#5040ac"
2026-03-10 17:52:29,780 - INFO - [pipeline.py:48] - "MeltMorphTransformer","intensity=0.50"
2026-03-10 17:52:29,787 - INFO - [pipeline.py:146] - [Grade: F] Saved to: /Users/kenfasano/Scripts/ScreenArt/Images/Rejected/TaurusDust_Chander_1080-F.jpg
2026-03-10 17:52:29,819 - INFO - [pipeline.py:48] - "FractalWarpTransformer","iter=1,scale=0.05"
2026-03-10 17:52:29,843 - INFO - [pipeline.py:48] - "FluidWarpTransformer","alpha=9.40,sigma=5.35"
2026-03-10 17:52:29,862 - INFO - [pipeline.py:48] - "ThreeDExtrusionTransformer","ambient=0.53,intensity=0.50"
2026-03-10 17:52:29,872 - INFO - [pipeline.py:146] - [Grade: C] Saved to: /Users/kenfasano/Scripts/ScreenArt/Images/TransformedImages/ngc3576_campbell_960-C.jpg
2026-03-10 17:52:29,898 - INFO - [pipeline.py:48] - "DuotoneTransformer","highlight=#93aba5,shadow=#b57e0d"
2026-03-10 17:52:29,904 - INFO - [pipeline.py:146] - [Grade: C] Saved to: /Users/kenfasano/Scripts/ScreenArt/Images/TransformedImages/CherneyLemmonSMC-C.jpg
2026-03-10 17:52:29,919 - INFO - [pipeline.py:48] - "DataMoshTransformer","intensity=0.02"
2026-03-10 17:52:29,928 - INFO - [pipeline.py:48] - "ThreeDExtrusionTransformer","ambient=0.43,intensity=0.50"
2026-03-10 17:52:29,947 - INFO - [pipeline.py:48] - "AnamorphicTransformer","intensity=0.0,0.2,0.4,0.6,0.8,thresh=80"
2026-03-10 17:52:29,958 - INFO - [pipeline.py:48] - "FractalWarpTransformer","iter=1,scale=0.05"
2026-03-10 17:52:29,963 - INFO - [pipeline.py:146] - [Grade: B] Saved to: /Users/kenfasano/Scripts/ScreenArt/Images/TransformedImages/supermicromoon_paduraru_960-B.jpg
2026-03-10 17:52:29,978 - INFO - [pipeline.py:48] - "ColormapTransformer","map=rainbow"
2026-03-10 17:52:30,002 - INFO - [pipeline.py:48] - "FlipWilsonTransformer","keep=left,narrow=0.39"
2026-03-10 17:52:30,013 - INFO - [pipeline.py:48] - "WheelTransformer","blend=normal,copies=4"
2026-03-10 17:52:30,021 - INFO - [pipeline.py:146] - [Grade: A] Saved to: /Users/kenfasano/Scripts/ScreenArt/Images/TransformedImages/blacksea_modis_960-A.jpg
2026-03-10 17:52:30,045 - INFO - [pipeline.py:48] - "HalftoneTransformer","size=2"
2026-03-10 17:52:30,064 - INFO - [pipeline.py:48] - "XrayTransformer","colors=64"
2026-03-10 17:52:30,077 - INFO - [pipeline.py:48] - "TritoneTransformer","highlight=#bc99fd,mid=#5c5577,shadow=#4be8c6"
2026-03-10 17:52:30,092 - INFO - [pipeline.py:48] - "SwirlWarpTransformer","strength=1.50"
2026-03-10 17:52:30,099 - INFO - [pipeline.py:146] - [Grade: F] Saved to: /Users/kenfasano/Scripts/ScreenArt/Images/Rejected/raqr_ChandraBlockComposite1024-F.jpg
2026-03-10 17:52:30,155 - INFO - [pipeline.py:48] - "FluidWarpTransformer","alpha=5.43,sigma=5.89"
2026-03-10 17:52:30,212 - INFO - [pipeline.py:48] - "FlipWilsonTransformer","keep=left,narrow=0.39"
2026-03-10 17:52:30,449 - INFO - [pipeline.py:48] - "WatercolorTransformer","scale=0.85,style=monet"
2026-03-10 17:52:30,467 - INFO - [pipeline.py:146] - [Grade: A] Saved to: /Users/kenfasano/Scripts/ScreenArt/Images/TransformedImages/nasa_earth_1_West_Palm_Beach_True_Color-A.jpeg
2026-03-10 17:52:30,498 - INFO - [pipeline.py:48] - "FractalWarpTransformer","iter=1,scale=0.05"
2026-03-10 17:52:30,509 - INFO - [pipeline.py:146] - [Grade: A] Saved to: /Users/kenfasano/Scripts/ScreenArt/Images/TransformedImages/noaa_goes_1_se_Air_Mass-A.jpeg
2026-03-10 17:52:30,620 - INFO - [pipeline.py:48] - "DuotoneTransformer","highlight=#fb1b0f,shadow=#b3fd3c"
2026-03-10 17:52:30,642 - INFO - [pipeline.py:146] - [Grade: A] Saved to: /Users/kenfasano/Scripts/ScreenArt/Images/TransformedImages/Koshigaya_Plum_-A.jpeg
2026-03-10 17:52:30,667 - INFO - [pipeline.py:48] - "FlipWilsonTransformer","keep=left,narrow=0.39"
2026-03-10 17:52:30,674 - INFO - [pipeline.py:146] - [Grade: A] Saved to: /Users/kenfasano/Scripts/ScreenArt/Images/TransformedImages/Airbus_A330-323-A.jpeg
2026-03-10 17:52:30,683 - INFO - [pipeline.py:48] - "DataMoshTransformer","intensity=0.01"
2026-03-10 17:52:30,692 - INFO - [pipeline.py:48] - "ThermalImagingTransformer","thermal=True"
2026-03-10 17:52:30,698 - INFO - [pipeline.py:48] - "TritoneTransformer","highlight=#2ffdc6,mid=#736b7f,shadow=#ae4b31"
2026-03-10 17:52:30,701 - INFO - [pipeline.py:48] - "ColormapTransformer","map=winter"
2026-03-10 17:52:30,706 - INFO - [pipeline.py:146] - [Grade: B] Saved to: /Users/kenfasano/Scripts/ScreenArt/Images/TransformedImages/FMIB_51388_Top_-B.jpeg
2026-03-10 17:52:30,768 - INFO - [pipeline.py:48] - "WheelTransformer","blend=normal,copies=4"
2026-03-10 17:52:30,880 - INFO - [pipeline.py:48] - "DuotoneTransformer","highlight=#1988f1,shadow=#e1d49c"
2026-03-10 17:52:30,903 - INFO - [pipeline.py:146] - [Grade: F] Saved to: /Users/kenfasano/Scripts/ScreenArt/Images/Rejected/Acaena_m-F.jpeg
2026-03-10 17:52:30,929 - INFO - [pipeline.py:48] - "ColormapTransformer","map=cool"
2026-03-10 17:52:31,060 - INFO - [pipeline.py:48] - "XrayTransformer","colors=128"
2026-03-10 17:52:31,123 - INFO - [pipeline.py:48] - "HalftoneTransformer","size=2"
2026-03-10 17:52:31,144 - INFO - [pipeline.py:146] - [Grade: A] Saved to: /Users/kenfasano/Scripts/ScreenArt/Images/TransformedImages/Space_De-A.jpeg
2026-03-10 17:52:31,185 - INFO - [pipeline.py:48] - "FisheyeTransformer","shape=oval,strength=0.25,zoom=1.03"
2026-03-10 17:52:31,225 - INFO - [pipeline.py:48] - "WheelTransformer","blend=normal,copies=4"
2026-03-10 17:52:31,501 - INFO - [pipeline.py:48] - "WatercolorTransformer","scale=0.85,style=psychedelic"
2026-03-10 17:52:31,521 - INFO - [pipeline.py:146] - [Grade: F] Saved to: /Users/kenfasano/Scripts/ScreenArt/Images/Rejected/ISS063-E-F.jpeg
2026-03-10 17:52:31,562 - INFO - [pipeline.py:48] - "WheelTransformer","blend=normal,copies=4"
2026-03-10 17:52:31,594 - INFO - [pipeline.py:48] - "FluidWarpTransformer","alpha=15.28,sigma=2.30"
2026-03-10 17:52:31,625 - INFO - [pipeline.py:48] - "TritoneTransformer","highlight=#6cf5a2,mid=#4fd4ae,shadow=#b0e048"
2026-03-10 17:52:31,639 - INFO - [pipeline.py:48] - "ColormapTransformer","map=pink"
2026-03-10 17:52:31,655 - INFO - [pipeline.py:146] - [Grade: C] Saved to: /Users/kenfasano/Scripts/ScreenArt/Images/TransformedImages/lojong_2-C.jpeg
2026-03-10 17:52:31,715 - INFO - [pipeline.py:48] - "AnamorphicTransformer","intensity=0.0,0.2,0.4,0.6,0.8,thresh=80"
2026-03-10 17:52:31,770 - INFO - [pipeline.py:48] - "MeltMorphTransformer","intensity=0.50"
2026-03-10 17:52:31,849 - INFO - [pipeline.py:48] - "DuotoneTransformer","highlight=#27fec0,shadow=#c9caa8"
2026-03-10 17:52:31,865 - INFO - [pipeline.py:146] - [Grade: F] Saved to: /Users/kenfasano/Scripts/ScreenArt/Images/Rejected/lojong_3-F.jpeg
2026-03-10 17:52:31,906 - INFO - [pipeline.py:48] - "FractalWarpTransformer","iter=1,scale=0.05"
2026-03-10 17:52:31,916 - INFO - [pipeline.py:48] - "InvertRGBTransformer","blend=0.84"
2026-03-10 17:52:31,949 - INFO - [pipeline.py:48] - "ThreeDExtrusionTransformer","ambient=0.59,intensity=0.50"
2026-03-10 17:52:32,005 - INFO - [pipeline.py:48] - "AnamorphicTransformer","intensity=0.0,0.2,0.4,0.6,0.8,thresh=80"
2026-03-10 17:52:32,021 - INFO - [pipeline.py:146] - [Grade: C] Saved to: /Users/kenfasano/Scripts/ScreenArt/Images/TransformedImages/lojong_8-C.jpeg
2026-03-10 17:52:32,059 - INFO - [pipeline.py:48] - "TritoneTransformer","highlight=#5c6382,mid=#706a2e,shadow=#b1d220"
2026-03-10 17:52:32,075 - INFO - [pipeline.py:146] - [Grade: F] Saved to: /Users/kenfasano/Scripts/ScreenArt/Images/Rejected/lojong_4-F.jpeg
2026-03-10 17:52:32,139 - INFO - [pipeline.py:48] - "FlipWilsonTransformer","keep=left,narrow=0.39"
2026-03-10 17:52:32,155 - INFO - [pipeline.py:146] - [Grade: C] Saved to: /Users/kenfasano/Scripts/ScreenArt/Images/TransformedImages/lojong_5-C.jpeg
2026-03-10 17:52:32,200 - INFO - [pipeline.py:48] - "DataMoshTransformer","intensity=0.02"
2026-03-10 17:52:32,231 - INFO - [pipeline.py:48] - "FluidWarpTransformer","alpha=4.40,sigma=1.35"
2026-03-10 17:52:32,268 - INFO - [pipeline.py:48] - "ThermalImagingTransformer","thermal=True"
2026-03-10 17:52:32,293 - INFO - [pipeline.py:48] - "FisheyeTransformer","shape=oval,strength=0.67,zoom=1.05"
2026-03-10 17:52:32,309 - INFO - [pipeline.py:146] - [Grade: B] Saved to: /Users/kenfasano/Scripts/ScreenArt/Images/TransformedImages/lojong_9-B.jpeg
2026-03-10 17:52:32,364 - INFO - [pipeline.py:48] - "HalftoneTransformer","size=2"
2026-03-10 17:52:32,380 - INFO - [pipeline.py:146] - [Grade: A] Saved to: /Users/kenfasano/Scripts/ScreenArt/Images/TransformedImages/lojong_6-A.jpeg
2026-03-10 17:52:32,596 - INFO - [pipeline.py:48] - "WatercolorTransformer","scale=0.85,style=monet"
2026-03-10 17:52:32,633 - INFO - [pipeline.py:48] - "WheelTransformer","blend=normal,copies=4"
2026-03-10 17:52:32,649 - INFO - [pipeline.py:146] - [Grade: C] Saved to: /Users/kenfasano/Scripts/ScreenArt/Images/TransformedImages/lojong_7-C.jpeg
2026-03-10 17:52:32,709 - INFO - [pipeline.py:48] - "MeltMorphTransformer","intensity=0.50"
2026-03-10 17:52:32,725 - INFO - [pipeline.py:146] - [Grade: C] Saved to: /Users/kenfasano/Scripts/ScreenArt/Images/TransformedImages/lojong_0-C.jpeg
2026-03-10 17:52:32,765 - INFO - [pipeline.py:48] - "FractalWarpTransformer","iter=1,scale=0.05"
2026-03-10 17:52:32,781 - INFO - [pipeline.py:146] - [Grade: C] Saved to: /Users/kenfasano/Scripts/ScreenArt/Images/TransformedImages/lojong_1-C.jpeg
2026-03-10 17:52:32,820 - INFO - [pipeline.py:48] - "ThreeDExtrusionTransformer","ambient=0.42,intensity=0.50"
2026-03-10 17:52:32,837 - INFO - [pipeline.py:146] - [Grade: A] Saved to: /Users/kenfasano/Scripts/ScreenArt/Images/TransformedImages/psalms_76-A.jpeg
2026-03-10 17:52:32,913 - INFO - [pipeline.py:48] - "FlipWilsonTransformer","keep=left,narrow=0.39"
2026-03-10 17:52:32,932 - INFO - [pipeline.py:146] - [Grade: A] Saved to: /Users/kenfasano/Scripts/ScreenArt/Images/TransformedImages/psalms_147-A.jpeg
2026-03-10 17:52:32,974 - INFO - [pipeline.py:48] - "WheelTransformer","blend=normal,copies=4"
2026-03-10 17:52:33,005 - INFO - [pipeline.py:48] - "TritoneTransformer","highlight=#fcd666,mid=#63ac39,shadow=#33a31f"
2026-03-10 17:52:33,026 - INFO - [pipeline.py:48] - "RadialWarpTransformer","radius=0.25,strength=109.69026303005452,98.61437778020962,style=pull,push"
2026-03-10 17:52:33,036 - INFO - [pipeline.py:48] - "InvertRGBTransformer","blend=0.50"
2026-03-10 17:52:33,051 - INFO - [pipeline.py:146] - [Grade: F] Saved to: /Users/kenfasano/Scripts/ScreenArt/Images/Rejected/psalms_27-F.jpeg
2026-03-10 17:52:33,085 - INFO - [pipeline.py:48] - "GlitchWarpTransformer","intensity=0.01"
2026-03-10 17:52:33,102 - INFO - [pipeline.py:146] - [Grade: B] Saved to: /Users/kenfasano/Scripts/ScreenArt/Images/TransformedImages/psalms_11-B.jpeg
2026-03-10 17:52:33,152 - INFO - [pipeline.py:48] - "AnamorphicTransformer","intensity=0.0,0.2,0.4,0.6,0.8,thresh=80"
2026-03-10 17:52:33,179 - INFO - [pipeline.py:48] - "GlitchWarpTransformer","intensity=0.01"
2026-03-10 17:52:33,249 - INFO - [pipeline.py:48] - "XrayTransformer","colors=128"
2026-03-10 17:52:33,297 - INFO - [pipeline.py:48] - "HalftoneTransformer","size=2"
2026-03-10 17:52:33,314 - INFO - [pipeline.py:146] - [Grade: F] Saved to: /Users/kenfasano/Scripts/ScreenArt/Images/Rejected/psalms_92-F.jpeg
2026-03-10 17:52:33,336 - INFO - [pipeline.py:48] - "PosterizationTransformer","levels=4"
2026-03-10 17:52:33,354 - INFO - [pipeline.py:146] - [Grade: A] Saved to: /Users/kenfasano/Scripts/ScreenArt/Images/TransformedImages/psalms_135-A.jpeg
2026-03-10 17:52:33,375 - INFO - [pipeline.py:48] - "PosterizationTransformer","levels=4"
2026-03-10 17:52:33,400 - INFO - [pipeline.py:48] - "FisheyeTransformer","shape=circle,strength=0.54,zoom=1.14"
2026-03-10 17:52:33,432 - INFO - [pipeline.py:48] - "ThreeDExtrusionTransformer","ambient=0.56,intensity=0.50"
2026-03-10 17:52:33,460 - INFO - [pipeline.py:48] - "GlitchWarpTransformer","intensity=0.01"
2026-03-10 17:52:33,477 - INFO - [pipeline.py:146] - [Grade: B] Saved to: /Users/kenfasano/Scripts/ScreenArt/Images/TransformedImages/psalms_142-B.jpeg
2026-03-10 17:52:33,520 - INFO - [pipeline.py:48] - "FractalWarpTransformer","iter=1,scale=0.05"
2026-03-10 17:52:33,551 - INFO - [pipeline.py:48] - "TritoneTransformer","highlight=#0487ca,mid=#65928a,shadow=#994830"
2026-03-10 17:52:33,583 - INFO - [pipeline.py:48] - "ThreeDExtrusionTransformer","ambient=0.53,intensity=0.50"
2026-03-10 17:52:33,621 - INFO - [pipeline.py:48] - "SwirlWarpTransformer","strength=1.50"
2026-03-10 17:52:33,637 - INFO - [pipeline.py:146] - [Grade: F] Saved to: /Users/kenfasano/Scripts/ScreenArt/Images/Rejected/psalms_118-F.jpeg
2026-03-10 17:52:33,657 - INFO - [pipeline.py:48] - "ColormapTransformer","map=hot"
2026-03-10 17:52:33,708 - INFO - [pipeline.py:48] - "FluidWarpTransformer","alpha=2.92,sigma=7.98"
2026-03-10 17:52:33,726 - INFO - [pipeline.py:146] - [Grade: F] Saved to: /Users/kenfasano/Scripts/ScreenArt/Images/Rejected/psalms_54-F.jpeg
2026-03-10 17:52:33,744 - INFO - [pipeline.py:48] - "InvertRGBTransformer","blend=0.65"
2026-03-10 17:52:33,760 - INFO - [pipeline.py:146] - [Grade: C] Saved to: /Users/kenfasano/Scripts/ScreenArt/Images/TransformedImages/psalms_80-C.jpeg
2026-03-10 17:52:33,772 - INFO - [pipeline.py:48] - "PosterizationTransformer","levels=4"
2026-03-10 17:52:33,781 - INFO - [pipeline.py:48] - "RadialWarpTransformer","radius=0.25,strength=137.05252045581216,47.56252616918315,style=push,push"
2026-03-10 17:52:33,787 - INFO - [pipeline.py:146] - [Grade: A] Saved to: /Users/kenfasano/Scripts/ScreenArt/Images/TransformedImages/peripheral_drift_2-A.jpeg
2026-03-10 17:52:33,798 - INFO - [pipeline.py:48] - "FisheyeTransformer","shape=circle,strength=0.62,zoom=0.87"
2026-03-10 17:52:33,814 - INFO - [pipeline.py:48] - "HalftoneTransformer","size=2"
2026-03-10 17:52:33,819 - INFO - [pipeline.py:146] - [Grade: A] Saved to: /Users/kenfasano/Scripts/ScreenArt/Images/TransformedImages/peripheral_drift_3-A.jpeg
2026-03-10 17:52:33,889 - INFO - [pipeline.py:48] - "WatercolorTransformer","scale=0.85,style=monet"
2026-03-10 17:52:33,894 - INFO - [pipeline.py:146] - [Grade: A] Saved to: /Users/kenfasano/Scripts/ScreenArt/Images/TransformedImages/peripheral_drift_1-A.jpeg
2026-03-10 17:52:33,895 - INFO - [main.py:196] - WatercolorTransformer
2026-03-10 17:52:33,895 - INFO - [main.py:196] - XrayTransformer
2026-03-10 17:52:33,895 - INFO - [main.py:196] - DuotoneTransformer
2026-03-10 17:52:33,895 - INFO - [main.py:196] - FlipWilsonTransformer
2026-03-10 17:52:33,895 - INFO - [main.py:196] - AnamorphicTransformer
2026-03-10 17:52:33,895 - INFO - [main.py:196] - MeltMorphTransformer
2026-03-10 17:52:33,895 - INFO - [main.py:196] - FluidWarpTransformer
2026-03-10 17:52:33,895 - INFO - [main.py:196] - HalftoneTransformer
2026-03-10 17:52:33,895 - INFO - [main.py:196] - WheelTransformer
2026-03-10 17:52:33,895 - INFO - [main.py:196] - FractalWarpTransformer
2026-03-10 17:52:33,895 - INFO - [main.py:196] - DataMoshTransformer
2026-03-10 17:52:33,895 - INFO - [main.py:196] - GlitchWarpTransformer
2026-03-10 17:52:33,895 - INFO - [main.py:196] - ThreeDExtrusionTransformer
2026-03-10 17:52:33,895 - INFO - [main.py:196] - SwirlWarpTransformer
2026-03-10 17:52:33,895 - INFO - [main.py:196] - TritoneTransformer
2026-03-10 17:52:33,895 - INFO - [main.py:196] - FisheyeTransformer
2026-03-10 17:52:33,895 - INFO - [main.py:196] - ThermalImagingTransformer
2026-03-10 17:52:33,895 - INFO - [main.py:196] - RadialWarpTransformer
2026-03-10 17:52:33,895 - INFO - [main.py:196] - PosterizationTransformer
2026-03-10 17:52:33,895 - INFO - [main.py:196] - ColormapTransformer
2026-03-10 17:52:33,895 - INFO - [main.py:196] - InvertRGBTransformer
2026-03-10 17:52:33,895 - INFO - [main.py:239] - 13s@17:52 ✓
Accepted: 46
Rejected: 12
---
Wiki                       ->  3249ms
Nasa                       ->  1023ms
GoesGenerator              ->   829ms
Bible                      ->   499ms
Cubes                      ->   462ms
Lojong                     ->   270ms
Bubbles                    ->   252ms
NasaMapGenerator           ->    55ms
PeripheralDriftIllusion    ->    44ms
---
WatercolorTransformer      -> Min:    35ms | Avg:   172ms | Max:   275ms
XrayTransformer            -> Min:    19ms | Avg:    99ms | Max:   157ms
DuotoneTransformer         -> Min:    22ms | Avg:    66ms | Max:   112ms
FlipWilsonTransformer      -> Min:    19ms | Avg:    50ms | Max:    67ms
AnamorphicTransformer      -> Min:    19ms | Avg:    48ms | Max:    59ms
MeltMorphTransformer       -> Min:    20ms | Avg:    43ms | Max:    64ms
FluidWarpTransformer       -> Min:    24ms | Avg:    36ms | Max:    51ms
HalftoneTransformer        -> Min:    14ms | Avg:    36ms | Max:    63ms
WheelTransformer           -> Min:    12ms | Avg:    34ms | Max:    48ms
FractalWarpTransformer     -> Min:    11ms | Avg:    30ms | Max:    44ms
DataMoshTransformer        -> Min:     7ms | Avg:    28ms | Max:    39ms
GlitchWarpTransformer      -> Min:    28ms | Avg:    28ms | Max:    28ms
ThreeDExtrusionTransformer -> Min:     9ms | Avg:    28ms | Max:    32ms
SwirlWarpTransformer       -> Min:    16ms | Avg:    27ms | Max:    38ms
TritoneTransformer         -> Min:     6ms | Avg:    25ms | Max:    31ms
FisheyeTransformer         -> Min:     8ms | Avg:    25ms | Max:    35ms
ThermalImagingTransformer  -> Min:     6ms | Avg:    25ms | Max:    37ms
RadialWarpTransformer      -> Min:     9ms | Avg:    17ms | Max:    21ms
PosterizationTransformer   -> Min:     6ms | Avg:    11ms | Max:    16ms
ColormapTransformer        -> Min:     3ms | Avg:    11ms | Max:    17ms
InvertRGBTransformer       -> Min:    10ms | Avg:    10ms | Max:    11ms
