2026-03-14 07:15:21,291 - INFO - [pipeline.py:136] - "FlipWilsonTransformer","keep=top,narrow=0.49"
2026-03-14 07:15:21,317 - INFO - [pipeline.py:136] - "RadialWarpTransformer","radius=0.25,strength=51.319312001309484,99.98751907625804,36.372584522424525,style=push,pull,push"
2026-03-14 07:15:21,356 - INFO - [pipeline.py:136] - "SwirlWarpTransformer","strength=1.50"
2026-03-14 07:15:21,461 - INFO - [pipeline.py:136] - "WheelTransformer","blend=lighter,copies=3"
2026-03-14 07:15:21,478 - INFO - [pipeline.py:229] - [Grade: A] Saved to: /Users/kenfasano/Scripts/ScreenArt/Images/TransformedImages/bubbles_4-A.jpeg
2026-03-14 07:15:21,523 - INFO - [pipeline.py:136] - "ThermalImagingTransformer","thermal=True"
2026-03-14 07:15:21,540 - INFO - [pipeline.py:229] - [Grade: A] Saved to: /Users/kenfasano/Scripts/ScreenArt/Images/TransformedImages/bubbles_8-A.jpeg
2026-03-14 07:15:21,577 - INFO - [pipeline.py:136] - "GlitchWarpTransformer","intensity=0.01"
2026-03-14 07:15:21,615 - INFO - [pipeline.py:136] - "ThermalImagingTransformer","thermal=True"
2026-03-14 07:15:21,634 - INFO - [pipeline.py:229] - [Grade: A] Saved to: /Users/kenfasano/Scripts/ScreenArt/Images/TransformedImages/bubbles_9-A.jpeg
2026-03-14 07:15:21,681 - INFO - [pipeline.py:136] - "ThermalImagingTransformer","thermal=True"
2026-03-14 07:15:21,698 - INFO - [pipeline.py:229] - [Grade: A] Saved to: /Users/kenfasano/Scripts/ScreenArt/Images/TransformedImages/bubbles_5-A.jpeg
2026-03-14 07:15:21,764 - INFO - [pipeline.py:136] - "HalftoneTransformer","size=2"
2026-03-14 07:15:21,799 - INFO - [pipeline.py:136] - "ThermalImagingTransformer","thermal=True"
2026-03-14 07:15:21,834 - INFO - [pipeline.py:136] - "FractalWarpTransformer","iter=1,scale=0.05"
2026-03-14 07:15:21,847 - INFO - [pipeline.py:136] - "ColormapTransformer","map=rainbow"
2026-03-14 07:15:21,863 - INFO - [pipeline.py:229] - [Grade: C] Saved to: /Users/kenfasano/Scripts/ScreenArt/Images/TransformedImages/bubbles_2-C.jpeg
2026-03-14 07:15:21,883 - INFO - [pipeline.py:136] - "PosterizationTransformer","levels=4"
2026-03-14 07:15:21,931 - INFO - [pipeline.py:136] - "HalftoneTransformer","size=2"
2026-03-14 07:15:21,954 - INFO - [pipeline.py:136] - "RadialWarpTransformer","radius=0.25,strength=99.56610960027011,61.07085167093186,45.369750534110885,style=pull,pull,pull"
2026-03-14 07:15:21,970 - INFO - [pipeline.py:229] - [Grade: A] Saved to: /Users/kenfasano/Scripts/ScreenArt/Images/TransformedImages/bubbles_3-A.jpeg
2026-03-14 07:15:22,031 - INFO - [pipeline.py:136] - "FlipWilsonTransformer","keep=top,narrow=0.49"
2026-03-14 07:15:22,048 - INFO - [pipeline.py:136] - "RadialWarpTransformer","radius=0.25,strength=82.45174806568431,style=push"
2026-03-14 07:15:22,086 - INFO - [pipeline.py:136] - "DataMoshTransformer","intensity=0.02"
2026-03-14 07:15:22,103 - INFO - [pipeline.py:229] - [Grade: A] Saved to: /Users/kenfasano/Scripts/ScreenArt/Images/TransformedImages/bubbles_10-A.jpeg
2026-03-14 07:15:22,146 - INFO - [pipeline.py:136] - "FractalWarpTransformer","iter=1,scale=0.05"
2026-03-14 07:15:22,252 - INFO - [pipeline.py:136] - "WheelTransformer","blend=lighter,copies=3"
2026-03-14 07:15:22,275 - INFO - [pipeline.py:136] - "RadialWarpTransformer","radius=0.25,strength=108.80406736272114,88.31360010835238,35.02162885216311,style=pull,pull,pull"
2026-03-14 07:15:22,313 - INFO - [pipeline.py:136] - "SwirlWarpTransformer","strength=1.50"
2026-03-14 07:15:22,331 - INFO - [pipeline.py:229] - [Grade: A] Saved to: /Users/kenfasano/Scripts/ScreenArt/Images/TransformedImages/bubbles_1-A.jpeg
2026-03-14 07:15:22,392 - INFO - [pipeline.py:136] - "FlipWilsonTransformer","keep=top,narrow=0.49"
2026-03-14 07:15:22,428 - INFO - [pipeline.py:136] - "DataMoshTransformer","intensity=0.01"
2026-03-14 07:15:22,445 - INFO - [pipeline.py:229] - [Grade: A] Saved to: /Users/kenfasano/Scripts/ScreenArt/Images/TransformedImages/bubbles_6-A.jpeg
2026-03-14 07:15:22,480 - INFO - [pipeline.py:136] - "GlitchWarpTransformer","intensity=0.01"
2026-03-14 07:15:22,587 - INFO - [pipeline.py:136] - "WheelTransformer","blend=lighter,copies=3"
2026-03-14 07:15:22,605 - INFO - [pipeline.py:229] - [Grade: A] Saved to: /Users/kenfasano/Scripts/ScreenArt/Images/TransformedImages/bubbles_7-A.jpeg
2026-03-14 07:15:22,662 - INFO - [pipeline.py:136] - "HalftoneTransformer","size=2"
2026-03-14 07:15:22,700 - INFO - [pipeline.py:136] - "DataMoshTransformer","intensity=0.02"
2026-03-14 07:15:22,734 - INFO - [pipeline.py:136] - "FractalWarpTransformer","iter=1,scale=0.05"
2026-03-14 07:15:22,764 - INFO - [pipeline.py:229] - [Grade: C] Saved to: /Users/kenfasano/Scripts/ScreenArt/Images/TransformedImages/cubes_2-C.jpeg
2026-03-14 07:15:22,879 - INFO - [pipeline.py:136] - "WheelTransformer","blend=lighter,copies=3"
2026-03-14 07:15:22,892 - INFO - [pipeline.py:136] - "PosterizationTransformer","levels=4"
2026-03-14 07:15:22,945 - INFO - [pipeline.py:136] - "MeltMorphTransformer","intensity=0.50"
2026-03-14 07:15:22,961 - INFO - [pipeline.py:229] - [Grade: A] Saved to: /Users/kenfasano/Scripts/ScreenArt/Images/TransformedImages/cubes_3-A.jpeg
2026-03-14 07:15:22,981 - INFO - [pipeline.py:136] - "ColormapTransformer","map=cool"
2026-03-14 07:15:22,998 - INFO - [pipeline.py:229] - [Grade: C] Saved to: /Users/kenfasano/Scripts/ScreenArt/Images/TransformedImages/cubes_4-C.jpeg
2026-03-14 07:15:23,222 - INFO - [pipeline.py:136] - "WatercolorTransformer","scale=0.85,style=monet"
2026-03-14 07:15:23,235 - INFO - [pipeline.py:136] - "ColormapTransformer","map=winter"
2026-03-14 07:15:23,340 - INFO - [pipeline.py:136] - "WheelTransformer","blend=lighter,copies=3"
2026-03-14 07:15:23,358 - INFO - [pipeline.py:229] - [Grade: A] Saved to: /Users/kenfasano/Scripts/ScreenArt/Images/TransformedImages/cubes_5-A.jpeg
2026-03-14 07:15:23,423 - INFO - [pipeline.py:136] - "FlipWilsonTransformer","keep=top,narrow=0.49"
2026-03-14 07:15:23,456 - INFO - [pipeline.py:136] - "FractalWarpTransformer","iter=1,scale=0.05"
2026-03-14 07:15:23,472 - INFO - [pipeline.py:229] - [Grade: A] Saved to: /Users/kenfasano/Scripts/ScreenArt/Images/TransformedImages/cubes_6-A.jpeg
2026-03-14 07:15:23,510 - INFO - [pipeline.py:136] - "FluidWarpTransformer","alpha=4.54,sigma=2.04"
2026-03-14 07:15:23,609 - INFO - [pipeline.py:136] - "XrayTransformer","colors=64"
2026-03-14 07:15:23,664 - INFO - [pipeline.py:136] - "FlipWilsonTransformer","keep=top,narrow=0.49"
2026-03-14 07:15:23,680 - INFO - [pipeline.py:229] - [Grade: C] Saved to: /Users/kenfasano/Scripts/ScreenArt/Images/TransformedImages/cubes_1-C.jpeg
2026-03-14 07:15:23,712 - INFO - [pipeline.py:136] - "MeltMorphTransformer","intensity=0.50"
2026-03-14 07:15:23,724 - INFO - [pipeline.py:136] - "FluidWarpTransformer","alpha=15.37,sigma=2.26"
2026-03-14 07:15:23,730 - INFO - [pipeline.py:136] - "PosterizationTransformer","levels=4"
2026-03-14 07:15:23,737 - INFO - [pipeline.py:229] - [Grade: A] Saved to: /Users/kenfasano/Scripts/ScreenArt/Images/TransformedImages/gem16otjcc1100-A.jpg
2026-03-14 07:15:23,757 - INFO - [pipeline.py:136] - "HalftoneTransformer","size=2"
2026-03-14 07:15:23,777 - INFO - [pipeline.py:136] - "FlipWilsonTransformer","keep=top,narrow=0.49"
2026-03-14 07:15:23,783 - INFO - [pipeline.py:229] - [Grade: C] Saved to: /Users/kenfasano/Scripts/ScreenArt/Images/TransformedImages/ChemicalFireball_Kleinburger_960-C.jpg
2026-03-14 07:15:23,797 - INFO - [pipeline.py:136] - "HalftoneTransformer","size=2"
2026-03-14 07:15:23,802 - INFO - [pipeline.py:136] - "RadialWarpTransformer","radius=0.25,strength=64.8561043479642,77.8214863053833,style=push,push"
2026-03-14 07:15:23,806 - INFO - [pipeline.py:229] - [Grade: A] Saved to: /Users/kenfasano/Scripts/ScreenArt/Images/TransformedImages/NGC1579WebF2_goldman_c800-A.jpg
2026-03-14 07:15:23,849 - INFO - [pipeline.py:136] - "WheelTransformer","blend=lighter,copies=3"
2026-03-14 07:15:23,867 - INFO - [pipeline.py:136] - "MeltMorphTransformer","intensity=0.50"
2026-03-14 07:15:23,871 - INFO - [pipeline.py:136] - "PosterizationTransformer","levels=4"
2026-03-14 07:15:23,878 - INFO - [pipeline.py:229] - [Grade: A] Saved to: /Users/kenfasano/Scripts/ScreenArt/Images/TransformedImages/15618296264_21bc1e368e_o1024-A.jpg
2026-03-14 07:15:23,912 - INFO - [pipeline.py:136] - "DataMoshTransformer","intensity=0.02"
2026-03-14 07:15:23,950 - INFO - [pipeline.py:136] - "MeltMorphTransformer","intensity=0.50"
2026-03-14 07:15:23,961 - INFO - [pipeline.py:136] - "RadialWarpTransformer","radius=0.25,strength=95.13823474244613,style=push"
2026-03-14 07:15:23,974 - INFO - [pipeline.py:229] - [Grade: A] Saved to: /Users/kenfasano/Scripts/ScreenArt/Images/TransformedImages/AuroraTree_Wallace_960-A.jpg
2026-03-14 07:15:23,986 - INFO - [pipeline.py:136] - "FractalWarpTransformer","iter=1,scale=0.05"
2026-03-14 07:15:24,001 - INFO - [pipeline.py:136] - "MeltMorphTransformer","intensity=0.50"
2026-03-14 07:15:24,005 - INFO - [pipeline.py:229] - [Grade: A] Saved to: /Users/kenfasano/Scripts/ScreenArt/Images/TransformedImages/lighthouse_westcott-A.jpg
2026-03-14 07:15:24,028 - INFO - [pipeline.py:136] - "FlipWilsonTransformer","keep=top,narrow=0.49"
2026-03-14 07:15:24,039 - INFO - [pipeline.py:136] - "FluidWarpTransformer","alpha=0.51,sigma=3.07"
2026-03-14 07:15:24,052 - INFO - [pipeline.py:136] - "DataMoshTransformer","intensity=0.02"
2026-03-14 07:15:24,061 - INFO - [pipeline.py:229] - [Grade: C] Saved to: /Users/kenfasano/Scripts/ScreenArt/Images/TransformedImages/lyrids_2017_beletsky1024-C.jpg
2026-03-14 07:15:24,075 - INFO - [pipeline.py:136] - "SwirlWarpTransformer","strength=1.50"
2026-03-14 07:15:24,080 - INFO - [pipeline.py:229] - [Grade: A] Saved to: /Users/kenfasano/Scripts/ScreenArt/Images/TransformedImages/equinoxprom_eit-A.jpg
2026-03-14 07:15:24,104 - INFO - [pipeline.py:136] - "FlipWilsonTransformer","keep=top,narrow=0.49"
2026-03-14 07:15:24,118 - INFO - [pipeline.py:136] - "ThermalImagingTransformer","thermal=True"
2026-03-14 07:15:24,140 - INFO - [pipeline.py:136] - "AnamorphicTransformer","intensity=0.0,0.2,0.4,0.6,0.8,thresh=80"
2026-03-14 07:15:24,146 - INFO - [pipeline.py:229] - [Grade: F] Saved to: /Users/kenfasano/Scripts/ScreenArt/Images/Rejected/m81-82_flux_eder1024-F.jpg
2026-03-14 07:15:24,176 - INFO - [pipeline.py:136] - "ThermalImagingTransformer","thermal=True"
2026-03-14 07:15:24,184 - INFO - [pipeline.py:136] - "RadialWarpTransformer","radius=0.25,strength=112.01870200802803,70.14949010134515,style=pull,push"
2026-03-14 07:15:24,199 - INFO - [pipeline.py:136] - "DataMoshTransformer","intensity=0.01"
2026-03-14 07:15:24,264 - INFO - [pipeline.py:229] - [Grade: A] Saved to: /Users/kenfasano/Scripts/ScreenArt/Images/TransformedImages/2019_10_29_Village_Moon_Venus_Mercury_1024px-A.png
2026-03-14 07:15:24,305 - INFO - [pipeline.py:136] - "WatercolorTransformer","scale=0.85,style=psychedelic"
2026-03-14 07:15:24,331 - INFO - [pipeline.py:136] - "XrayTransformer","colors=64"
2026-03-14 07:15:24,337 - INFO - [pipeline.py:229] - [Grade: C] Saved to: /Users/kenfasano/Scripts/ScreenArt/Images/TransformedImages/03may15eclipse_ouellet_c1-C.jpg
2026-03-14 07:15:24,423 - INFO - [pipeline.py:136] - "AnamorphicTransformer","intensity=0.0,0.2,0.4,0.6,0.8,thresh=80"
2026-03-14 07:15:24,439 - INFO - [pipeline.py:229] - [Grade: F] Saved to: /Users/kenfasano/Scripts/ScreenArt/Images/Rejected/nasa_earth_1_Paris_True_Color-F.jpeg
2026-03-14 07:15:24,482 - INFO - [pipeline.py:136] - "DataMoshTransformer","intensity=0.02"
2026-03-14 07:15:24,527 - INFO - [pipeline.py:136] - "AnamorphicTransformer","intensity=0.0,0.2,0.4,0.6,0.8,thresh=80"
2026-03-14 07:15:24,692 - INFO - [pipeline.py:136] - "WatercolorTransformer","scale=0.85,style=psychedelic"
2026-03-14 07:15:24,734 - INFO - [pipeline.py:136] - "HalftoneTransformer","size=2"
2026-03-14 07:15:24,746 - INFO - [pipeline.py:229] - [Grade: F] Saved to: /Users/kenfasano/Scripts/ScreenArt/Images/Rejected/noaa_goes_1_se_Dust-F.jpeg
2026-03-14 07:15:24,748 - INFO - [pipeline.py:136] - "ColormapTransformer","map=jet"
2026-03-14 07:15:24,751 - INFO - [pipeline.py:229] - [Grade: B] Saved to: /Users/kenfasano/Scripts/ScreenArt/Images/TransformedImages/500px-S.L.Cassa-B.jpeg
2026-03-14 07:15:24,760 - INFO - [pipeline.py:136] - "ColormapTransformer","map=pink"
2026-03-14 07:15:24,771 - INFO - [pipeline.py:136] - "GlitchWarpTransformer","intensity=0.01"
2026-03-14 07:15:24,786 - INFO - [pipeline.py:136] - "DataMoshTransformer","intensity=0.02"
2026-03-14 07:15:24,794 - INFO - [pipeline.py:229] - [Grade: B] Saved to: /Users/kenfasano/Scripts/ScreenArt/Images/TransformedImages/960px-GO_Transi-B.jpeg
2026-03-14 07:15:24,924 - INFO - [pipeline.py:136] - "GlitchWarpTransformer","intensity=0.01"
2026-03-14 07:15:25,045 - INFO - [pipeline.py:136] - "DataMoshTransformer","intensity=0.02"
2026-03-14 07:15:25,117 - INFO - [pipeline.py:136] - "RadialWarpTransformer","radius=0.25,strength=56.90276728455409,53.10073739996483,78.95126311469336,style=pull,pull,pull"
2026-03-14 07:15:25,170 - INFO - [pipeline.py:229] - [Grade: A] Saved to: /Users/kenfasano/Scripts/ScreenArt/Images/TransformedImages/Ophioglo-A.jpeg
2026-03-14 07:15:25,234 - INFO - [pipeline.py:136] - "SwirlWarpTransformer","strength=1.50"
2026-03-14 07:15:25,253 - INFO - [pipeline.py:136] - "PosterizationTransformer","levels=4"
2026-03-14 07:15:25,291 - INFO - [pipeline.py:136] - "FluidWarpTransformer","alpha=10.26,sigma=2.10"
2026-03-14 07:15:25,312 - INFO - [pipeline.py:229] - [Grade: A] Saved to: /Users/kenfasano/Scripts/ScreenArt/Images/TransformedImages/20200203-A.jpeg
2026-03-14 07:15:25,391 - INFO - [pipeline.py:136] - "RadialWarpTransformer","radius=0.25,strength=59.247148700590856,37.45981337500676,style=push,pull"
2026-03-14 07:15:25,438 - INFO - [pipeline.py:229] - [Grade: B] Saved to: /Users/kenfasano/Scripts/ScreenArt/Images/TransformedImages/The_Alma-B.jpeg
2026-03-14 07:15:25,490 - INFO - [pipeline.py:136] - "ColormapTransformer","map=winter"
2026-03-14 07:15:25,614 - INFO - [pipeline.py:136] - "FluidWarpTransformer","alpha=14.52,sigma=7.64"
2026-03-14 07:15:25,713 - INFO - [pipeline.py:136] - "SwirlWarpTransformer","strength=1.50"
2026-03-14 07:15:25,762 - INFO - [pipeline.py:136] - "RadialWarpTransformer","radius=0.25,strength=86.38464289983824,81.12562526630865,style=push,push"
2026-03-14 07:15:25,807 - INFO - [pipeline.py:229] - [Grade: A] Saved to: /Users/kenfasano/Scripts/ScreenArt/Images/TransformedImages/Monument-A.jpeg
2026-03-14 07:15:25,862 - INFO - [pipeline.py:136] - "HalftoneTransformer","size=2"
2026-03-14 07:15:25,896 - INFO - [pipeline.py:136] - "FractalWarpTransformer","iter=1,scale=0.05"
2026-03-14 07:15:25,934 - INFO - [pipeline.py:136] - "DataMoshTransformer","intensity=0.02"
2026-03-14 07:15:26,039 - INFO - [pipeline.py:136] - "WheelTransformer","blend=lighter,copies=3"
2026-03-14 07:15:26,054 - INFO - [pipeline.py:229] - [Grade: A] Saved to: /Users/kenfasano/Scripts/ScreenArt/Images/TransformedImages/lojong_2-A-hero.jpeg
2026-03-14 07:15:26,097 - INFO - [pipeline.py:136] - "FluidWarpTransformer","alpha=6.71,sigma=3.31"
2026-03-14 07:15:26,330 - INFO - [pipeline.py:136] - "WatercolorTransformer","scale=0.85,style=monet"
2026-03-14 07:15:26,347 - INFO - [pipeline.py:229] - [Grade: F] Saved to: /Users/kenfasano/Scripts/ScreenArt/Images/Rejected/lojong_3-F-tile.jpeg
2026-03-14 07:15:26,592 - INFO - [pipeline.py:136] - "WatercolorTransformer","scale=0.85,style=monet"
2026-03-14 07:15:26,606 - INFO - [pipeline.py:136] - "PosterizationTransformer","levels=4"
2026-03-14 07:15:26,627 - INFO - [pipeline.py:136] - "RadialWarpTransformer","radius=0.25,strength=121.66525021931457,72.16929850878708,style=pull,pull"
2026-03-14 07:15:26,662 - INFO - [pipeline.py:136] - "FluidWarpTransformer","alpha=1.23,sigma=2.34"
2026-03-14 07:15:26,679 - INFO - [pipeline.py:229] - [Grade: A] Saved to: /Users/kenfasano/Scripts/ScreenArt/Images/TransformedImages/lojong_8-A-scatter.jpeg
2026-03-14 07:15:26,793 - INFO - [pipeline.py:136] - "WheelTransformer","blend=lighter,copies=3"
2026-03-14 07:15:26,806 - INFO - [pipeline.py:136] - "PosterizationTransformer","levels=4"
2026-03-14 07:15:26,825 - INFO - [pipeline.py:136] - "RadialWarpTransformer","radius=0.25,strength=93.2989923900777,109.45310838481213,style=pull,push"
2026-03-14 07:15:26,849 - INFO - [pipeline.py:136] - "FisheyeTransformer","shape=oval,strength=0.57,zoom=1.14"
2026-03-14 07:15:26,865 - INFO - [pipeline.py:229] - [Grade: C] Saved to: /Users/kenfasano/Scripts/ScreenArt/Images/TransformedImages/lojong_4-C-hero.jpeg
2026-03-14 07:15:26,886 - INFO - [pipeline.py:136] - "ColormapTransformer","map=rainbow"
2026-03-14 07:15:26,933 - INFO - [pipeline.py:136] - "HalftoneTransformer","size=2"
2026-03-14 07:15:27,038 - INFO - [pipeline.py:136] - "WheelTransformer","blend=lighter,copies=3"
2026-03-14 07:15:27,072 - INFO - [pipeline.py:136] - "FractalWarpTransformer","iter=1,scale=0.05"
2026-03-14 07:15:27,088 - INFO - [pipeline.py:229] - [Grade: A] Saved to: /Users/kenfasano/Scripts/ScreenArt/Images/TransformedImages/lojong_5-A-hero.jpeg
2026-03-14 07:15:27,200 - INFO - [pipeline.py:136] - "WheelTransformer","blend=lighter,copies=3"
2026-03-14 07:15:27,213 - INFO - [pipeline.py:136] - "PosterizationTransformer","levels=4"
2026-03-14 07:15:27,251 - INFO - [pipeline.py:136] - "SwirlWarpTransformer","strength=1.50"
2026-03-14 07:15:27,286 - INFO - [pipeline.py:136] - "ThermalImagingTransformer","thermal=True"
2026-03-14 07:15:27,305 - INFO - [pipeline.py:229] - [Grade: A] Saved to: /Users/kenfasano/Scripts/ScreenArt/Images/TransformedImages/lojong_9-A-tile.jpeg
2026-03-14 07:15:27,367 - INFO - [pipeline.py:136] - "FlipWilsonTransformer","keep=top,narrow=0.49"
2026-03-14 07:15:27,395 - INFO - [pipeline.py:136] - "GlitchWarpTransformer","intensity=0.01"
2026-03-14 07:15:27,413 - INFO - [pipeline.py:229] - [Grade: A] Saved to: /Users/kenfasano/Scripts/ScreenArt/Images/TransformedImages/lojong_6-A-columns.jpeg
2026-03-14 07:15:27,471 - INFO - [pipeline.py:136] - "HalftoneTransformer","size=2"
2026-03-14 07:15:27,485 - INFO - [pipeline.py:136] - "ColormapTransformer","map=hot"
2026-03-14 07:15:27,538 - INFO - [pipeline.py:136] - "MeltMorphTransformer","intensity=0.50"
2026-03-14 07:15:27,555 - INFO - [pipeline.py:229] - [Grade: A] Saved to: /Users/kenfasano/Scripts/ScreenArt/Images/TransformedImages/lojong_7-A-tile.jpeg
2026-03-14 07:15:27,597 - INFO - [pipeline.py:136] - "FractalWarpTransformer","iter=1,scale=0.05"
2026-03-14 07:15:27,806 - INFO - [pipeline.py:136] - "WatercolorTransformer","scale=0.85,style=psychedelic"
2026-03-14 07:15:27,823 - INFO - [pipeline.py:229] - [Grade: F] Saved to: /Users/kenfasano/Scripts/ScreenArt/Images/Rejected/lojong_0-F-hero.jpeg
2026-03-14 07:15:27,868 - INFO - [pipeline.py:136] - "ThermalImagingTransformer","thermal=True"
2026-03-14 07:15:27,885 - INFO - [pipeline.py:229] - [Grade: A] Saved to: /Users/kenfasano/Scripts/ScreenArt/Images/TransformedImages/lojong_1-A-hero.jpeg
2026-03-14 07:15:27,907 - INFO - [pipeline.py:136] - "PosterizationTransformer","levels=4"
2026-03-14 07:15:27,941 - INFO - [pipeline.py:136] - "FractalWarpTransformer","iter=1,scale=0.05"
2026-03-14 07:15:27,958 - INFO - [pipeline.py:229] - [Grade: A] Saved to: /Users/kenfasano/Scripts/ScreenArt/Images/TransformedImages/psalms_61-A-columns.jpeg
2026-03-14 07:15:28,039 - INFO - [pipeline.py:136] - "AnamorphicTransformer","intensity=0.0,0.2,0.4,0.6,0.8,thresh=80"
2026-03-14 07:15:28,143 - INFO - [pipeline.py:136] - "WheelTransformer","blend=lighter,copies=3"
2026-03-14 07:15:28,183 - INFO - [pipeline.py:136] - "SwirlWarpTransformer","strength=1.50"
2026-03-14 07:15:28,439 - INFO - [pipeline.py:136] - "WatercolorTransformer","scale=0.85,style=psychedelic"
2026-03-14 07:15:28,456 - INFO - [pipeline.py:229] - [Grade: C] Saved to: /Users/kenfasano/Scripts/ScreenArt/Images/TransformedImages/psalms_136-C-columns.jpeg
2026-03-14 07:15:28,511 - INFO - [pipeline.py:136] - "HalftoneTransformer","size=2"
2026-03-14 07:15:28,527 - INFO - [pipeline.py:229] - [Grade: A] Saved to: /Users/kenfasano/Scripts/ScreenArt/Images/TransformedImages/psalms_135-A-scatter.jpeg
2026-03-14 07:15:28,547 - INFO - [pipeline.py:136] - "PosterizationTransformer","levels=4"
2026-03-14 07:15:28,596 - INFO - [pipeline.py:136] - "HalftoneTransformer","size=2"
2026-03-14 07:15:28,610 - INFO - [pipeline.py:136] - "ColormapTransformer","map=rainbow"
2026-03-14 07:15:28,627 - INFO - [pipeline.py:229] - [Grade: F] Saved to: /Users/kenfasano/Scripts/ScreenArt/Images/Rejected/psalms_64-F-hero.jpeg
2026-03-14 07:15:28,853 - INFO - [pipeline.py:136] - "WatercolorTransformer","scale=0.85,style=monet"
2026-03-14 07:15:28,870 - INFO - [pipeline.py:229] - [Grade: A] Saved to: /Users/kenfasano/Scripts/ScreenArt/Images/TransformedImages/psalms_53-A-hero.jpeg
2026-03-14 07:15:28,903 - INFO - [pipeline.py:136] - "FisheyeTransformer","shape=oval,strength=0.74,zoom=0.97"
2026-03-14 07:15:28,916 - INFO - [pipeline.py:136] - "ColormapTransformer","map=hsv"
2026-03-14 07:15:28,935 - INFO - [pipeline.py:136] - "RadialWarpTransformer","radius=0.25,strength=127.15448756610787,40.29316753047169,style=pull,pull"
2026-03-14 07:15:28,958 - INFO - [pipeline.py:229] - [Grade: A] Saved to: /Users/kenfasano/Scripts/ScreenArt/Images/TransformedImages/psalms_12-A-columns.jpeg
2026-03-14 07:15:28,995 - INFO - [pipeline.py:136] - "GlitchWarpTransformer","intensity=0.01"
2026-03-14 07:15:29,050 - INFO - [pipeline.py:136] - "MeltMorphTransformer","intensity=0.50"
2026-03-14 07:15:29,065 - INFO - [pipeline.py:136] - "PosterizationTransformer","levels=4"
2026-03-14 07:15:29,089 - INFO - [pipeline.py:136] - "RadialWarpTransformer","radius=0.25,strength=128.4975085815922,84.67571088879512,105.34562940492968,style=pull,push,push"
2026-03-14 07:15:29,108 - INFO - [pipeline.py:229] - [Grade: C] Saved to: /Users/kenfasano/Scripts/ScreenArt/Images/TransformedImages/psalms_105-C-tile.jpeg
2026-03-14 07:15:29,171 - INFO - [pipeline.py:136] - "MeltMorphTransformer","intensity=0.50"
2026-03-14 07:15:29,184 - INFO - [pipeline.py:136] - "PosterizationTransformer","levels=4"
2026-03-14 07:15:29,290 - INFO - [pipeline.py:136] - "WheelTransformer","blend=lighter,copies=3"
2026-03-14 07:15:29,307 - INFO - [pipeline.py:229] - [Grade: A] Saved to: /Users/kenfasano/Scripts/ScreenArt/Images/TransformedImages/psalms_22-A-scatter.jpeg
2026-03-14 07:15:29,358 - INFO - [pipeline.py:136] - "FluidWarpTransformer","alpha=5.08,sigma=5.81"
2026-03-14 07:15:29,412 - INFO - [pipeline.py:136] - "FlipWilsonTransformer","keep=top,narrow=0.49"
2026-03-14 07:15:29,446 - INFO - [pipeline.py:136] - "FractalWarpTransformer","iter=1,scale=0.05"
2026-03-14 07:15:29,469 - INFO - [pipeline.py:136] - "FisheyeTransformer","shape=circle,strength=0.41,zoom=1.12"
2026-03-14 07:15:29,487 - INFO - [pipeline.py:229] - [Grade: C] Saved to: /Users/kenfasano/Scripts/ScreenArt/Images/TransformedImages/psalms_145-C-hero.jpeg
2026-03-14 07:15:29,501 - INFO - [pipeline.py:136] - "FluidWarpTransformer","alpha=19.23,sigma=2.08"
2026-03-14 07:15:29,507 - INFO - [pipeline.py:229] - [Grade: A] Saved to: /Users/kenfasano/Scripts/ScreenArt/Images/TransformedImages/peripheral_drift_2-A.jpeg
2026-03-14 07:15:29,520 - INFO - [pipeline.py:136] - "FluidWarpTransformer","alpha=9.76,sigma=1.67"
2026-03-14 07:15:29,525 - INFO - [pipeline.py:136] - "ColormapTransformer","map=ocean"
2026-03-14 07:15:29,537 - INFO - [pipeline.py:136] - "ThermalImagingTransformer","thermal=True"
2026-03-14 07:15:29,543 - INFO - [pipeline.py:229] - [Grade: A] Saved to: /Users/kenfasano/Scripts/ScreenArt/Images/TransformedImages/peripheral_drift_3-A.jpeg
2026-03-14 07:15:29,614 - INFO - [pipeline.py:136] - "WatercolorTransformer","scale=0.85,style=monet"
2026-03-14 07:15:29,620 - INFO - [pipeline.py:229] - [Grade: A] Saved to: /Users/kenfasano/Scripts/ScreenArt/Images/TransformedImages/peripheral_drift_1-A.jpeg
2026-03-14 07:15:29,620 - INFO - [main.py:196] - WatercolorTransformer
2026-03-14 07:15:29,621 - INFO - [main.py:196] - WheelTransformer
2026-03-14 07:15:29,621 - INFO - [main.py:196] - XrayTransformer
2026-03-14 07:15:29,621 - INFO - [main.py:196] - AnamorphicTransformer
2026-03-14 07:15:29,621 - INFO - [main.py:196] - SwirlWarpTransformer
2026-03-14 07:15:29,621 - INFO - [main.py:196] - FlipWilsonTransformer
2026-03-14 07:15:29,621 - INFO - [main.py:196] - HalftoneTransformer
2026-03-14 07:15:29,621 - INFO - [main.py:196] - MeltMorphTransformer
2026-03-14 07:15:29,621 - INFO - [main.py:196] - GlitchWarpTransformer
2026-03-14 07:15:29,621 - INFO - [main.py:196] - DataMoshTransformer
2026-03-14 07:15:29,621 - INFO - [main.py:196] - FluidWarpTransformer
2026-03-14 07:15:29,621 - INFO - [main.py:196] - FractalWarpTransformer
2026-03-14 07:15:29,621 - INFO - [main.py:196] - ThermalImagingTransformer
2026-03-14 07:15:29,621 - INFO - [main.py:196] - RadialWarpTransformer
2026-03-14 07:15:29,621 - INFO - [main.py:196] - FisheyeTransformer
2026-03-14 07:15:29,621 - INFO - [main.py:196] - PosterizationTransformer
2026-03-14 07:15:29,621 - INFO - [main.py:196] - ColormapTransformer
2026-03-14 07:15:29,621 - INFO - [main.py:239] - 24s@07:15 ✓
Accepted: 51
Rejected: 6
---
Bible                      ->  7069ms
Wiki                       ->  4560ms
Lojong                     ->  1656ms
Nasa                       ->  1146ms
GoesGenerator              ->   857ms
Bubbles                    ->   670ms
Cubes                      ->   315ms
PeripheralDriftIllusion    ->    62ms
NasaMapGenerator           ->    37ms
---
WatercolorTransformer      -> Min:    40ms | Avg:   182ms | Max:   255ms
WheelTransformer           -> Min:    34ms | Avg:    99ms | Max:   107ms
XrayTransformer            -> Min:    26ms | Avg:    63ms | Max:    99ms
AnamorphicTransformer      -> Min:    22ms | Avg:    52ms | Max:    72ms
SwirlWarpTransformer       -> Min:    11ms | Avg:    45ms | Max:    99ms
FlipWilsonTransformer      -> Min:    18ms | Avg:    44ms | Max:    58ms
HalftoneTransformer        -> Min:    11ms | Avg:    43ms | Max:    59ms
MeltMorphTransformer       -> Min:    14ms | Avg:    38ms | Max:    55ms
GlitchWarpTransformer      -> Min:    11ms | Avg:    37ms | Max:   102ms
DataMoshTransformer        -> Min:    13ms | Avg:    37ms | Max:   120ms
FluidWarpTransformer       -> Min:     9ms | Avg:    35ms | Max:   123ms
FractalWarpTransformer     -> Min:    10ms | Avg:    32ms | Max:    36ms
ThermalImagingTransformer  -> Min:    13ms | Avg:    30ms | Max:    39ms
RadialWarpTransformer      -> Min:     5ms | Avg:    26ms | Max:    72ms
FisheyeTransformer         -> Min:    23ms | Avg:    23ms | Max:    23ms
PosterizationTransformer   -> Min:     4ms | Avg:    12ms | Max:    18ms
ColormapTransformer        -> Min:     1ms | Avg:    12ms | Max:    29ms
