2026-03-13 20:26:06,364 - INFO - [pipeline.py:136] - "SwirlWarpTransformer","strength=1.50"
2026-03-13 20:26:06,405 - INFO - [pipeline.py:136] - "FractalWarpTransformer","iter=1,scale=0.05"
2026-03-13 20:26:06,421 - INFO - [pipeline.py:229] - [Grade: F] Saved to: /Users/kenfasano/Scripts/ScreenArt/Images/Rejected/bubbles_4-F.jpeg
2026-03-13 20:26:06,467 - INFO - [pipeline.py:136] - "FisheyeTransformer","shape=circle,strength=0.21,zoom=0.88"
2026-03-13 20:26:06,506 - INFO - [pipeline.py:136] - "ThermalImagingTransformer","thermal=True"
2026-03-13 20:26:06,547 - INFO - [pipeline.py:136] - "DataMoshTransformer","intensity=0.02"
2026-03-13 20:26:06,566 - INFO - [pipeline.py:229] - [Grade: A] Saved to: /Users/kenfasano/Scripts/ScreenArt/Images/TransformedImages/bubbles_8-A.jpeg
2026-03-13 20:26:06,614 - INFO - [pipeline.py:136] - "ThermalImagingTransformer","thermal=True"
2026-03-13 20:26:06,632 - INFO - [pipeline.py:229] - [Grade: A] Saved to: /Users/kenfasano/Scripts/ScreenArt/Images/TransformedImages/bubbles_9-A.jpeg
2026-03-13 20:26:06,677 - INFO - [pipeline.py:136] - "ThermalImagingTransformer","thermal=True"
2026-03-13 20:26:06,718 - INFO - [pipeline.py:136] - "FractalWarpTransformer","iter=1,scale=0.05"
2026-03-13 20:26:06,739 - INFO - [pipeline.py:229] - [Grade: A] Saved to: /Users/kenfasano/Scripts/ScreenArt/Images/TransformedImages/bubbles_5-A.jpeg
2026-03-13 20:26:06,783 - INFO - [pipeline.py:136] - "WheelTransformer","blend=normal,copies=4"
2026-03-13 20:26:06,821 - INFO - [pipeline.py:136] - "DataMoshTransformer","intensity=0.01"
2026-03-13 20:26:06,864 - INFO - [pipeline.py:136] - "FractalWarpTransformer","iter=1,scale=0.05"
2026-03-13 20:26:06,969 - INFO - [pipeline.py:136] - "SwirlWarpTransformer","strength=1.50"
2026-03-13 20:26:06,988 - INFO - [pipeline.py:229] - [Grade: A] Saved to: /Users/kenfasano/Scripts/ScreenArt/Images/TransformedImages/bubbles_2-A.jpeg
2026-03-13 20:26:07,036 - INFO - [pipeline.py:136] - "ThermalImagingTransformer","thermal=True"
2026-03-13 20:26:07,055 - INFO - [pipeline.py:229] - [Grade: A] Saved to: /Users/kenfasano/Scripts/ScreenArt/Images/TransformedImages/bubbles_3-A.jpeg
2026-03-13 20:26:07,082 - INFO - [pipeline.py:136] - "RadialWarpTransformer","radius=0.25,strength=44.396377626466574,style=push"
2026-03-13 20:26:07,119 - INFO - [pipeline.py:136] - "FractalWarpTransformer","iter=1,scale=0.05"
2026-03-13 20:26:07,153 - INFO - [pipeline.py:136] - "WheelTransformer","blend=normal,copies=4"
2026-03-13 20:26:07,214 - INFO - [pipeline.py:136] - "MeltMorphTransformer","intensity=0.50"
2026-03-13 20:26:07,231 - INFO - [pipeline.py:229] - [Grade: A] Saved to: /Users/kenfasano/Scripts/ScreenArt/Images/TransformedImages/bubbles_10-A.jpeg
2026-03-13 20:26:07,273 - INFO - [pipeline.py:136] - "WheelTransformer","blend=normal,copies=4"
2026-03-13 20:26:07,313 - INFO - [pipeline.py:136] - "DataMoshTransformer","intensity=0.02"
2026-03-13 20:26:07,415 - INFO - [pipeline.py:136] - "FlipWilsonTransformer","keep=bottom_left,narrow=0.42"
2026-03-13 20:26:07,465 - INFO - [pipeline.py:136] - "HalftoneTransformer","size=2"
2026-03-13 20:26:07,481 - INFO - [pipeline.py:229] - [Grade: F] Saved to: /Users/kenfasano/Scripts/ScreenArt/Images/Rejected/bubbles_1-F.jpeg
2026-03-13 20:26:07,528 - INFO - [pipeline.py:136] - "DataMoshTransformer","intensity=0.01"
2026-03-13 20:26:07,562 - INFO - [pipeline.py:136] - "WheelTransformer","blend=normal,copies=4"
2026-03-13 20:26:07,590 - INFO - [pipeline.py:136] - "FisheyeTransformer","shape=circle,strength=0.28,zoom=0.96"
2026-03-13 20:26:07,608 - INFO - [pipeline.py:229] - [Grade: C] Saved to: /Users/kenfasano/Scripts/ScreenArt/Images/TransformedImages/bubbles_6-C.jpeg
2026-03-13 20:26:07,655 - INFO - [pipeline.py:136] - "ThermalImagingTransformer","thermal=True"
2026-03-13 20:26:07,668 - INFO - [pipeline.py:136] - "PosterizationTransformer","levels=4"
2026-03-13 20:26:07,687 - INFO - [pipeline.py:229] - [Grade: A] Saved to: /Users/kenfasano/Scripts/ScreenArt/Images/TransformedImages/bubbles_7-A.jpeg
2026-03-13 20:26:07,729 - INFO - [pipeline.py:136] - "WheelTransformer","blend=normal,copies=4"
2026-03-13 20:26:07,746 - INFO - [pipeline.py:229] - [Grade: A] Saved to: /Users/kenfasano/Scripts/ScreenArt/Images/TransformedImages/cubes_2-A.jpeg
2026-03-13 20:26:07,791 - INFO - [pipeline.py:136] - "ThermalImagingTransformer","thermal=True"
2026-03-13 20:26:08,015 - INFO - [pipeline.py:136] - "WatercolorTransformer","scale=0.85,style=monet"
2026-03-13 20:26:08,033 - INFO - [pipeline.py:229] - [Grade: A] Saved to: /Users/kenfasano/Scripts/ScreenArt/Images/TransformedImages/cubes_3-A.jpeg
2026-03-13 20:26:08,082 - INFO - [pipeline.py:136] - "DataMoshTransformer","intensity=0.02"
2026-03-13 20:26:08,111 - INFO - [pipeline.py:136] - "GlitchWarpTransformer","intensity=0.01"
2026-03-13 20:26:08,131 - INFO - [pipeline.py:229] - [Grade: B] Saved to: /Users/kenfasano/Scripts/ScreenArt/Images/TransformedImages/cubes_4-B.jpeg
2026-03-13 20:26:08,176 - INFO - [pipeline.py:136] - "ThermalImagingTransformer","thermal=True"
2026-03-13 20:26:08,193 - INFO - [pipeline.py:229] - [Grade: A] Saved to: /Users/kenfasano/Scripts/ScreenArt/Images/TransformedImages/cubes_5-A.jpeg
2026-03-13 20:26:08,227 - INFO - [pipeline.py:136] - "FisheyeTransformer","shape=oval,strength=0.77,zoom=0.97"
2026-03-13 20:26:08,244 - INFO - [pipeline.py:229] - [Grade: B] Saved to: /Users/kenfasano/Scripts/ScreenArt/Images/TransformedImages/cubes_6-B.jpeg
2026-03-13 20:26:08,470 - INFO - [pipeline.py:136] - "WatercolorTransformer","scale=0.85,style=monet"
2026-03-13 20:26:08,505 - INFO - [pipeline.py:136] - "FractalWarpTransformer","iter=1,scale=0.05"
2026-03-13 20:26:08,558 - INFO - [pipeline.py:136] - "MeltMorphTransformer","intensity=0.50"
2026-03-13 20:26:08,581 - INFO - [pipeline.py:136] - "FisheyeTransformer","shape=oval,strength=0.33,zoom=1.15"
2026-03-13 20:26:08,598 - INFO - [pipeline.py:229] - [Grade: A] Saved to: /Users/kenfasano/Scripts/ScreenArt/Images/TransformedImages/cubes_1-A.jpeg
2026-03-13 20:26:08,620 - INFO - [pipeline.py:136] - "AnamorphicTransformer","intensity=0.0,0.2,0.4,0.6,0.8,thresh=80"
2026-03-13 20:26:08,624 - INFO - [pipeline.py:229] - [Grade: B] Saved to: /Users/kenfasano/Scripts/ScreenArt/Images/TransformedImages/flamingstar_davis-B.jpg
2026-03-13 20:26:08,632 - INFO - [pipeline.py:136] - "SwirlWarpTransformer","strength=1.50"
2026-03-13 20:26:08,638 - INFO - [pipeline.py:136] - "FractalWarpTransformer","iter=1,scale=0.05"
2026-03-13 20:26:08,641 - INFO - [pipeline.py:229] - [Grade: A] Saved to: /Users/kenfasano/Scripts/ScreenArt/Images/TransformedImages/kp02leonid_concam-A.jpg
2026-03-13 20:26:08,653 - INFO - [pipeline.py:136] - "FractalWarpTransformer","iter=1,scale=0.05"
2026-03-13 20:26:08,661 - INFO - [pipeline.py:136] - "SwirlWarpTransformer","strength=1.50"
2026-03-13 20:26:08,668 - INFO - [pipeline.py:136] - "WheelTransformer","blend=normal,copies=4"
2026-03-13 20:26:08,680 - INFO - [pipeline.py:136] - "MeltMorphTransformer","intensity=0.50"
2026-03-13 20:26:08,684 - INFO - [pipeline.py:229] - [Grade: B] Saved to: /Users/kenfasano/Scripts/ScreenArt/Images/TransformedImages/M51HST-Gendler800r-B.jpg
2026-03-13 20:26:08,696 - INFO - [pipeline.py:136] - "PosterizationTransformer","levels=4"
2026-03-13 20:26:08,703 - INFO - [pipeline.py:229] - [Grade: C] Saved to: /Users/kenfasano/Scripts/ScreenArt/Images/TransformedImages/VenusBubbleJohnBell1024-C.jpg
2026-03-13 20:26:08,739 - INFO - [pipeline.py:136] - "XrayTransformer","colors=128"
2026-03-13 20:26:08,749 - INFO - [pipeline.py:136] - "WheelTransformer","blend=normal,copies=4"
2026-03-13 20:26:08,761 - INFO - [pipeline.py:136] - "SwirlWarpTransformer","strength=1.50"
2026-03-13 20:26:08,775 - INFO - [pipeline.py:136] - "HalftoneTransformer","size=2"
2026-03-13 20:26:08,780 - INFO - [pipeline.py:229] - [Grade: A] Saved to: /Users/kenfasano/Scripts/ScreenArt/Images/TransformedImages/sunfilament_dahl_960-A.jpg
2026-03-13 20:26:08,828 - INFO - [pipeline.py:136] - "FlipWilsonTransformer","keep=bottom_left,narrow=0.42"
2026-03-13 20:26:08,847 - INFO - [pipeline.py:136] - "MeltMorphTransformer","intensity=0.50"
2026-03-13 20:26:08,854 - INFO - [pipeline.py:136] - "RadialWarpTransformer","radius=0.25,strength=114.91451884085916,style=push"
2026-03-13 20:26:08,867 - INFO - [pipeline.py:136] - "ThermalImagingTransformer","thermal=True"
2026-03-13 20:26:08,874 - INFO - [pipeline.py:229] - [Grade: A] Saved to: /Users/kenfasano/Scripts/ScreenArt/Images/TransformedImages/N3628_StefanoCancelli_PaulMortfield1024-A.jpg
2026-03-13 20:26:08,893 - INFO - [pipeline.py:136] - "HalftoneTransformer","size=2"
2026-03-13 20:26:08,898 - INFO - [pipeline.py:229] - [Grade: A] Saved to: /Users/kenfasano/Scripts/ScreenArt/Images/TransformedImages/Arp274_HubbleOzsarac_1080-A.jpg
2026-03-13 20:26:08,919 - INFO - [pipeline.py:136] - "FluidWarpTransformer","alpha=4.43,sigma=6.14"
2026-03-13 20:26:08,924 - INFO - [pipeline.py:136] - "ColormapTransformer","map=pink"
2026-03-13 20:26:08,933 - INFO - [pipeline.py:136] - "GlitchWarpTransformer","intensity=0.01"
2026-03-13 20:26:08,945 - INFO - [pipeline.py:136] - "WheelTransformer","blend=normal,copies=4"
2026-03-13 20:26:08,952 - INFO - [pipeline.py:229] - [Grade: A] Saved to: /Users/kenfasano/Scripts/ScreenArt/Images/TransformedImages/NGC5566_70chart32_1024c0-A.jpg
2026-03-13 20:26:09,042 - INFO - [pipeline.py:136] - "WatercolorTransformer","scale=0.85,style=psychedelic"
2026-03-13 20:26:09,064 - INFO - [pipeline.py:136] - "MeltMorphTransformer","intensity=0.50"
2026-03-13 20:26:09,071 - INFO - [pipeline.py:136] - "ColormapTransformer","map=jet"
2026-03-13 20:26:09,096 - INFO - [pipeline.py:136] - "AnamorphicTransformer","intensity=0.0,0.2,0.4,0.6,0.8,thresh=80"
2026-03-13 20:26:09,104 - INFO - [pipeline.py:229] - [Grade: C] Saved to: /Users/kenfasano/Scripts/ScreenArt/Images/TransformedImages/SolsticeEquinoxCube_Nagy1024-C.jpg
2026-03-13 20:26:09,217 - INFO - [pipeline.py:136] - "WatercolorTransformer","scale=0.85,style=monet"
2026-03-13 20:26:09,234 - INFO - [pipeline.py:136] - "SwirlWarpTransformer","strength=1.50"
2026-03-13 20:26:09,249 - INFO - [pipeline.py:136] - "FractalWarpTransformer","iter=1,scale=0.05"
2026-03-13 20:26:09,256 - INFO - [pipeline.py:229] - [Grade: A] Saved to: /Users/kenfasano/Scripts/ScreenArt/Images/TransformedImages/Jason_Perry_Totality_Trail_Lake_Toolondo_Australia800-A.jpg
2026-03-13 20:26:09,454 - INFO - [pipeline.py:136] - "XrayTransformer","colors=64"
2026-03-13 20:26:09,492 - INFO - [pipeline.py:136] - "ThermalImagingTransformer","thermal=True"
2026-03-13 20:26:09,513 - INFO - [pipeline.py:229] - [Grade: A] Saved to: /Users/kenfasano/Scripts/ScreenArt/Images/TransformedImages/nasa_earth_1_Bangkok_True_Color-A.jpeg
2026-03-13 20:26:09,533 - INFO - [pipeline.py:136] - "ColormapTransformer","map=winter"
2026-03-13 20:26:09,693 - INFO - [pipeline.py:136] - "WatercolorTransformer","scale=0.85,style=psychedelic"
2026-03-13 20:26:09,702 - INFO - [pipeline.py:136] - "PosterizationTransformer","levels=4"
2026-03-13 20:26:09,726 - INFO - [pipeline.py:136] - "WheelTransformer","blend=normal,copies=4"
2026-03-13 20:26:09,737 - INFO - [pipeline.py:229] - [Grade: A] Saved to: /Users/kenfasano/Scripts/ScreenArt/Images/TransformedImages/noaa_goes_1_se_Day_Night_Cloud_Micro-A.jpeg
2026-03-13 20:26:09,743 - INFO - [pipeline.py:136] - "FractalWarpTransformer","iter=1,scale=0.05"
2026-03-13 20:26:09,767 - INFO - [pipeline.py:136] - "WatercolorTransformer","scale=0.85,style=psychedelic"
2026-03-13 20:26:09,770 - INFO - [pipeline.py:229] - [Grade: A] Saved to: /Users/kenfasano/Scripts/ScreenArt/Images/TransformedImages/500px-Zeghere_b-A.jpeg
2026-03-13 20:26:09,844 - INFO - [pipeline.py:136] - "AnamorphicTransformer","intensity=0.0,0.2,0.4,0.6,0.8,thresh=80"
2026-03-13 20:26:09,879 - INFO - [pipeline.py:136] - "ThreeDExtrusionTransformer","ambient=0.35,intensity=0.50"
2026-03-13 20:26:09,894 - INFO - [pipeline.py:229] - [Grade: F] Saved to: /Users/kenfasano/Scripts/ScreenArt/Images/Rejected/NML-VZ_D-F.jpeg
2026-03-13 20:26:09,932 - INFO - [pipeline.py:136] - "FluidWarpTransformer","alpha=5.89,sigma=1.38"
2026-03-13 20:26:09,986 - INFO - [pipeline.py:136] - "MeltMorphTransformer","intensity=0.50"
2026-03-13 20:26:10,025 - INFO - [pipeline.py:136] - "SwirlWarpTransformer","strength=1.50"
2026-03-13 20:26:10,262 - INFO - [pipeline.py:136] - "WatercolorTransformer","scale=0.85,style=psychedelic"
2026-03-13 20:26:10,280 - INFO - [pipeline.py:229] - [Grade: B] Saved to: /Users/kenfasano/Scripts/ScreenArt/Images/TransformedImages/Akçaabat-B.jpeg
2026-03-13 20:26:10,601 - INFO - [pipeline.py:136] - "WatercolorTransformer","scale=0.85,style=monet"
2026-03-13 20:26:10,649 - INFO - [pipeline.py:136] - "FractalWarpTransformer","iter=1,scale=0.05"
2026-03-13 20:26:10,694 - INFO - [pipeline.py:136] - "WheelTransformer","blend=normal,copies=4"
2026-03-13 20:26:10,744 - INFO - [pipeline.py:136] - "DataMoshTransformer","intensity=0.01"
2026-03-13 20:26:10,767 - INFO - [pipeline.py:229] - [Grade: A] Saved to: /Users/kenfasano/Scripts/ScreenArt/Images/TransformedImages/Squad_At-A.jpeg
2026-03-13 20:26:10,901 - INFO - [pipeline.py:136] - "FlipWilsonTransformer","keep=bottom_left,narrow=0.42"
2026-03-13 20:26:10,933 - INFO - [pipeline.py:136] - "GlitchWarpTransformer","intensity=0.01"
2026-03-13 20:26:10,957 - INFO - [pipeline.py:229] - [Grade: A] Saved to: /Users/kenfasano/Scripts/ScreenArt/Images/TransformedImages/Road_Jun-A.jpeg
2026-03-13 20:26:11,003 - INFO - [pipeline.py:136] - "DataMoshTransformer","intensity=0.02"
2026-03-13 20:26:11,052 - INFO - [pipeline.py:136] - "HalftoneTransformer","size=2"
2026-03-13 20:26:11,264 - INFO - [pipeline.py:136] - "WatercolorTransformer","scale=0.85,style=psychedelic"
2026-03-13 20:26:11,302 - INFO - [pipeline.py:136] - "SwirlWarpTransformer","strength=1.50"
2026-03-13 20:26:11,318 - INFO - [pipeline.py:229] - [Grade: C] Saved to: /Users/kenfasano/Scripts/ScreenArt/Images/TransformedImages/lojong_2-C-scatter.jpeg
2026-03-13 20:26:11,374 - INFO - [pipeline.py:136] - "HalftoneTransformer","size=2"
2026-03-13 20:26:11,415 - INFO - [pipeline.py:136] - "SwirlWarpTransformer","strength=1.50"
2026-03-13 20:26:11,468 - INFO - [pipeline.py:136] - "MeltMorphTransformer","intensity=0.50"
2026-03-13 20:26:11,496 - INFO - [pipeline.py:136] - "GlitchWarpTransformer","intensity=0.01"
2026-03-13 20:26:11,513 - INFO - [pipeline.py:229] - [Grade: A] Saved to: /Users/kenfasano/Scripts/ScreenArt/Images/TransformedImages/lojong_3-A-columns.jpeg
2026-03-13 20:26:11,568 - INFO - [pipeline.py:136] - "HalftoneTransformer","size=2"
2026-03-13 20:26:11,591 - INFO - [pipeline.py:136] - "RadialWarpTransformer","radius=0.25,strength=126.76380353911206,117.05617297737851,129.80984526408466,style=pull,pull,push"
2026-03-13 20:26:11,800 - INFO - [pipeline.py:136] - "WatercolorTransformer","scale=0.85,style=monet"
2026-03-13 20:26:11,824 - INFO - [pipeline.py:136] - "FisheyeTransformer","shape=oval,strength=0.28,zoom=0.96"
2026-03-13 20:26:11,840 - INFO - [pipeline.py:229] - [Grade: C] Saved to: /Users/kenfasano/Scripts/ScreenArt/Images/TransformedImages/lojong_8-C-scatter.jpeg
2026-03-13 20:26:11,877 - INFO - [pipeline.py:136] - "FluidWarpTransformer","alpha=9.92,sigma=1.92"
2026-03-13 20:26:11,897 - INFO - [pipeline.py:136] - "RadialWarpTransformer","radius=0.25,strength=39.73947561932374,49.34633243564584,style=pull,pull"
2026-03-13 20:26:11,931 - INFO - [pipeline.py:136] - "FractalWarpTransformer","iter=1,scale=0.05"
2026-03-13 20:26:11,985 - INFO - [pipeline.py:136] - "MeltMorphTransformer","intensity=0.50"
2026-03-13 20:26:12,001 - INFO - [pipeline.py:229] - [Grade: A] Saved to: /Users/kenfasano/Scripts/ScreenArt/Images/TransformedImages/lojong_4-A-scatter.jpeg
2026-03-13 20:26:12,048 - INFO - [pipeline.py:136] - "SwirlWarpTransformer","strength=1.50"
2026-03-13 20:26:12,083 - INFO - [pipeline.py:136] - "WheelTransformer","blend=normal,copies=4"
2026-03-13 20:26:12,107 - INFO - [pipeline.py:136] - "RadialWarpTransformer","radius=0.25,strength=96.3730930623338,40.324890188844456,75.28712073605931,style=pull,pull,pull"
2026-03-13 20:26:12,141 - INFO - [pipeline.py:136] - "FractalWarpTransformer","iter=1,scale=0.05"
2026-03-13 20:26:12,158 - INFO - [pipeline.py:229] - [Grade: A] Saved to: /Users/kenfasano/Scripts/ScreenArt/Images/TransformedImages/lojong_5-A-columns.jpeg
2026-03-13 20:26:12,201 - INFO - [pipeline.py:136] - "FractalWarpTransformer","iter=1,scale=0.05"
2026-03-13 20:26:12,218 - INFO - [pipeline.py:229] - [Grade: A] Saved to: /Users/kenfasano/Scripts/ScreenArt/Images/TransformedImages/lojong_9-A-hero.jpeg
2026-03-13 20:26:12,258 - INFO - [pipeline.py:136] - "FractalWarpTransformer","iter=1,scale=0.05"
2026-03-13 20:26:12,291 - INFO - [pipeline.py:136] - "WheelTransformer","blend=normal,copies=4"
2026-03-13 20:26:12,306 - INFO - [pipeline.py:229] - [Grade: A] Saved to: /Users/kenfasano/Scripts/ScreenArt/Images/TransformedImages/lojong_6-A-hero.jpeg
2026-03-13 20:26:12,325 - INFO - [pipeline.py:136] - "ColormapTransformer","map=rainbow"
2026-03-13 20:26:12,427 - INFO - [pipeline.py:136] - "FlipWilsonTransformer","keep=bottom_left,narrow=0.42"
2026-03-13 20:26:12,460 - INFO - [pipeline.py:136] - "WheelTransformer","blend=normal,copies=4"
2026-03-13 20:26:12,495 - INFO - [pipeline.py:136] - "ThermalImagingTransformer","thermal=True"
2026-03-13 20:26:12,511 - INFO - [pipeline.py:229] - [Grade: A] Saved to: /Users/kenfasano/Scripts/ScreenArt/Images/TransformedImages/lojong_7-A-scatter.jpeg
2026-03-13 20:26:12,565 - INFO - [pipeline.py:136] - "HalftoneTransformer","size=2"
2026-03-13 20:26:12,600 - INFO - [pipeline.py:136] - "ThermalImagingTransformer","thermal=True"
2026-03-13 20:26:12,634 - INFO - [pipeline.py:136] - "ThreeDExtrusionTransformer","ambient=0.59,intensity=0.50"
2026-03-13 20:26:12,652 - INFO - [pipeline.py:229] - [Grade: A] Saved to: /Users/kenfasano/Scripts/ScreenArt/Images/TransformedImages/lojong_0-A-scatter.jpeg
2026-03-13 20:26:12,714 - INFO - [pipeline.py:136] - "MeltMorphTransformer","intensity=0.50"
2026-03-13 20:26:12,749 - INFO - [pipeline.py:136] - "ThermalImagingTransformer","thermal=True"
2026-03-13 20:26:12,766 - INFO - [pipeline.py:229] - [Grade: A] Saved to: /Users/kenfasano/Scripts/ScreenArt/Images/TransformedImages/lojong_1-A-columns.jpeg
2026-03-13 20:26:12,792 - INFO - [pipeline.py:136] - "ColormapTransformer","map=autumn"
2026-03-13 20:26:12,813 - INFO - [pipeline.py:229] - [Grade: A] Saved to: /Users/kenfasano/Scripts/ScreenArt/Images/TransformedImages/psalms_17-A-columns.jpeg
2026-03-13 20:26:12,846 - INFO - [pipeline.py:136] - "FisheyeTransformer","shape=circle,strength=0.28,zoom=1.08"
2026-03-13 20:26:12,900 - INFO - [pipeline.py:136] - "MeltMorphTransformer","intensity=0.50"
2026-03-13 20:26:12,928 - INFO - [pipeline.py:136] - "GlitchWarpTransformer","intensity=0.01"
2026-03-13 20:26:12,941 - INFO - [pipeline.py:136] - "ColormapTransformer","map=autumn"
2026-03-13 20:26:12,963 - INFO - [pipeline.py:229] - [Grade: A] Saved to: /Users/kenfasano/Scripts/ScreenArt/Images/TransformedImages/psalms_11-A-columns.jpeg
2026-03-13 20:26:13,240 - INFO - [pipeline.py:136] - "WatercolorTransformer","scale=0.85,style=monet"
2026-03-13 20:26:13,253 - INFO - [pipeline.py:136] - "PosterizationTransformer","levels=4"
2026-03-13 20:26:13,285 - INFO - [pipeline.py:136] - "WheelTransformer","blend=normal,copies=4"
2026-03-13 20:26:13,320 - INFO - [pipeline.py:136] - "ThermalImagingTransformer","thermal=True"
2026-03-13 20:26:13,336 - INFO - [pipeline.py:229] - [Grade: A] Saved to: /Users/kenfasano/Scripts/ScreenArt/Images/TransformedImages/psalms_47-A-scatter.jpeg
2026-03-13 20:26:13,383 - INFO - [pipeline.py:136] - "DataMoshTransformer","intensity=0.01"
2026-03-13 20:26:13,396 - INFO - [pipeline.py:136] - "PosterizationTransformer","levels=4"
2026-03-13 20:26:13,419 - INFO - [pipeline.py:136] - "FisheyeTransformer","shape=circle,strength=0.77,zoom=1.11"
2026-03-13 20:26:13,453 - INFO - [pipeline.py:136] - "FractalWarpTransformer","iter=1,scale=0.05"
2026-03-13 20:26:13,468 - INFO - [pipeline.py:229] - [Grade: F] Saved to: /Users/kenfasano/Scripts/ScreenArt/Images/Rejected/psalms_141-F-scatter.jpeg
2026-03-13 20:26:13,529 - INFO - [pipeline.py:136] - "MeltMorphTransformer","intensity=0.50"
2026-03-13 20:26:13,568 - INFO - [pipeline.py:136] - "SwirlWarpTransformer","strength=1.50"
2026-03-13 20:26:13,580 - INFO - [pipeline.py:136] - "PosterizationTransformer","levels=4"
2026-03-13 20:26:13,597 - INFO - [pipeline.py:229] - [Grade: C] Saved to: /Users/kenfasano/Scripts/ScreenArt/Images/TransformedImages/psalms_143-C-hero.jpeg
2026-03-13 20:26:13,622 - INFO - [pipeline.py:136] - "ColormapTransformer","map=hot"
2026-03-13 20:26:13,656 - INFO - [pipeline.py:136] - "FractalWarpTransformer","iter=1,scale=0.05"
2026-03-13 20:26:13,669 - INFO - [pipeline.py:136] - "PosterizationTransformer","levels=4"
2026-03-13 20:26:13,689 - INFO - [pipeline.py:136] - "RadialWarpTransformer","radius=0.25,strength=137.01328044969867,126.15705688272638,style=push,push"
2026-03-13 20:26:13,709 - INFO - [pipeline.py:229] - [Grade: B] Saved to: /Users/kenfasano/Scripts/ScreenArt/Images/TransformedImages/psalms_122-B-columns.jpeg
2026-03-13 20:26:13,733 - INFO - [pipeline.py:136] - "ColormapTransformer","map=cool"
2026-03-13 20:26:13,756 - INFO - [pipeline.py:136] - "RadialWarpTransformer","radius=0.25,strength=73.3376005406549,92.02593122182802,131.79244566208186,style=push,pull,pull"
2026-03-13 20:26:13,794 - INFO - [pipeline.py:136] - "SwirlWarpTransformer","strength=1.50"
2026-03-13 20:26:13,821 - INFO - [pipeline.py:136] - "GlitchWarpTransformer","intensity=0.01"
2026-03-13 20:26:13,841 - INFO - [pipeline.py:229] - [Grade: C] Saved to: /Users/kenfasano/Scripts/ScreenArt/Images/TransformedImages/psalms_18-C-scatter.jpeg
2026-03-13 20:26:13,873 - INFO - [pipeline.py:136] - "FisheyeTransformer","shape=oval,strength=0.21,zoom=1.11"
2026-03-13 20:26:13,889 - INFO - [pipeline.py:229] - [Grade: A] Saved to: /Users/kenfasano/Scripts/ScreenArt/Images/TransformedImages/psalms_63-A-scatter.jpeg
2026-03-13 20:26:13,910 - INFO - [pipeline.py:136] - "ColormapTransformer","map=winter"
2026-03-13 20:26:14,010 - INFO - [pipeline.py:136] - "FlipWilsonTransformer","keep=bottom_left,narrow=0.42"
2026-03-13 20:26:14,035 - INFO - [pipeline.py:136] - "FisheyeTransformer","shape=oval,strength=0.29,zoom=0.89"
2026-03-13 20:26:14,055 - INFO - [pipeline.py:229] - [Grade: A] Saved to: /Users/kenfasano/Scripts/ScreenArt/Images/TransformedImages/psalms_22-A-tile.jpeg
2026-03-13 20:26:14,114 - INFO - [pipeline.py:136] - "HalftoneTransformer","size=2"
2026-03-13 20:26:14,155 - INFO - [pipeline.py:136] - "FluidWarpTransformer","alpha=12.39,sigma=5.07"
2026-03-13 20:26:14,172 - INFO - [pipeline.py:229] - [Grade: C] Saved to: /Users/kenfasano/Scripts/ScreenArt/Images/TransformedImages/psalms_104-C-hero.jpeg
2026-03-13 20:26:14,187 - INFO - [pipeline.py:136] - "SwirlWarpTransformer","strength=1.50"
2026-03-13 20:26:14,192 - INFO - [pipeline.py:136] - "ColormapTransformer","map=winter"
2026-03-13 20:26:14,209 - INFO - [pipeline.py:136] - "MeltMorphTransformer","intensity=0.50"
2026-03-13 20:26:14,214 - INFO - [pipeline.py:229] - [Grade: A] Saved to: /Users/kenfasano/Scripts/ScreenArt/Images/TransformedImages/peripheral_drift_2-A.jpeg
2026-03-13 20:26:14,277 - INFO - [pipeline.py:136] - "XrayTransformer","colors=128"
2026-03-13 20:26:14,287 - INFO - [pipeline.py:136] - "FractalWarpTransformer","iter=1,scale=0.05"
2026-03-13 20:26:14,293 - INFO - [pipeline.py:229] - [Grade: A] Saved to: /Users/kenfasano/Scripts/ScreenArt/Images/TransformedImages/peripheral_drift_3-A.jpeg
2026-03-13 20:26:14,331 - INFO - [pipeline.py:136] - "FlipWilsonTransformer","keep=bottom_left,narrow=0.42"
2026-03-13 20:26:14,401 - INFO - [pipeline.py:136] - "XrayTransformer","colors=64"
2026-03-13 20:26:14,412 - INFO - [pipeline.py:136] - "FractalWarpTransformer","iter=1,scale=0.05"
2026-03-13 20:26:14,417 - INFO - [pipeline.py:229] - [Grade: C] Saved to: /Users/kenfasano/Scripts/ScreenArt/Images/TransformedImages/peripheral_drift_1-C.jpeg
2026-03-13 20:26:14,417 - INFO - [main.py:196] - WatercolorTransformer
2026-03-13 20:26:14,417 - INFO - [main.py:196] - XrayTransformer
2026-03-13 20:26:14,417 - INFO - [main.py:196] - FlipWilsonTransformer
2026-03-13 20:26:14,417 - INFO - [main.py:196] - MeltMorphTransformer
2026-03-13 20:26:14,417 - INFO - [main.py:196] - DataMoshTransformer
2026-03-13 20:26:14,417 - INFO - [main.py:196] - HalftoneTransformer
2026-03-13 20:26:14,417 - INFO - [main.py:196] - AnamorphicTransformer
2026-03-13 20:26:14,417 - INFO - [main.py:196] - ThermalImagingTransformer
2026-03-13 20:26:14,417 - INFO - [main.py:196] - ThreeDExtrusionTransformer
2026-03-13 20:26:14,417 - INFO - [main.py:196] - SwirlWarpTransformer
2026-03-13 20:26:14,417 - INFO - [main.py:196] - FluidWarpTransformer
2026-03-13 20:26:14,417 - INFO - [main.py:196] - WheelTransformer
2026-03-13 20:26:14,417 - INFO - [main.py:196] - FractalWarpTransformer
2026-03-13 20:26:14,417 - INFO - [main.py:196] - FisheyeTransformer
2026-03-13 20:26:14,417 - INFO - [main.py:196] - GlitchWarpTransformer
2026-03-13 20:26:14,417 - INFO - [main.py:196] - RadialWarpTransformer
2026-03-13 20:26:14,417 - INFO - [main.py:196] - PosterizationTransformer
2026-03-13 20:26:14,418 - INFO - [main.py:196] - ColormapTransformer
2026-03-13 20:26:14,418 - INFO - [main.py:239] - 25s@20:26 ✓
Accepted: 52
Rejected: 4
---
Bible                      ->  9527ms
Wiki                       ->  2412ms
Lojong                     ->  2270ms
Nasa                       ->  1621ms
GoesGenerator              ->   967ms
Bubbles                    ->   601ms
Cubes                      ->   181ms
PeripheralDriftIllusion    ->    46ms
NasaMapGenerator           ->    45ms
---
WatercolorTransformer      -> Min:    24ms | Avg:   186ms | Max:   305ms
XrayTransformer            -> Min:    33ms | Avg:    87ms | Max:   187ms
FlipWilsonTransformer      -> Min:    34ms | Avg:    82ms | Max:   120ms
MeltMorphTransformer       -> Min:    12ms | Avg:    42ms | Max:    60ms
DataMoshTransformer        -> Min:    37ms | Avg:    41ms | Max:    51ms
HalftoneTransformer        -> Min:    14ms | Avg:    40ms | Max:    50ms
AnamorphicTransformer      -> Min:    19ms | Avg:    36ms | Max:    66ms
ThermalImagingTransformer  -> Min:    14ms | Avg:    35ms | Max:    40ms
ThreeDExtrusionTransformer -> Min:    34ms | Avg:    34ms | Max:    35ms
SwirlWarpTransformer       -> Min:     7ms | Avg:    34ms | Max:   105ms
FluidWarpTransformer       -> Min:    16ms | Avg:    29ms | Max:    41ms
WheelTransformer           -> Min:     7ms | Avg:    29ms | Max:    44ms
FractalWarpTransformer     -> Min:     4ms | Avg:    28ms | Max:    48ms
FisheyeTransformer         -> Min:    23ms | Avg:    26ms | Max:    38ms
GlitchWarpTransformer      -> Min:     9ms | Avg:    26ms | Max:    33ms
RadialWarpTransformer      -> Min:     6ms | Avg:    19ms | Max:    24ms
PosterizationTransformer   -> Min:     6ms | Avg:    11ms | Max:    14ms
ColormapTransformer        -> Min:     5ms | Avg:    10ms | Max:    13ms
