2026-03-14 07:03:28,067 - INFO - [pipeline.py:136] - "FisheyeTransformer","shape=circle,strength=0.69,zoom=0.97"
2026-03-14 07:03:28,105 - INFO - [pipeline.py:136] - "ThermalImagingTransformer","thermal=True"
2026-03-14 07:03:28,164 - INFO - [pipeline.py:136] - "FlipWilsonTransformer","keep=left,narrow=0.30"
2026-03-14 07:03:28,337 - INFO - [pipeline.py:136] - "WheelTransformer","blend=lighter,copies=5"
2026-03-14 07:03:28,355 - INFO - [pipeline.py:229] - [Grade: A] Saved to: /Users/kenfasano/Scripts/ScreenArt/Images/TransformedImages/bubbles_4-A.jpeg
2026-03-14 07:03:28,421 - INFO - [pipeline.py:136] - "FlipWilsonTransformer","keep=left,narrow=0.30"
2026-03-14 07:03:28,434 - INFO - [pipeline.py:136] - "PosterizationTransformer","levels=4"
2026-03-14 07:03:28,486 - INFO - [pipeline.py:136] - "XrayTransformer","colors=128"
2026-03-14 07:03:28,499 - INFO - [pipeline.py:136] - "ColormapTransformer","map=ocean"
2026-03-14 07:03:28,517 - INFO - [pipeline.py:229] - [Grade: B] Saved to: /Users/kenfasano/Scripts/ScreenArt/Images/TransformedImages/bubbles_8-B.jpeg
2026-03-14 07:03:28,552 - INFO - [pipeline.py:136] - "GlitchWarpTransformer","intensity=0.01"
2026-03-14 07:03:28,569 - INFO - [pipeline.py:136] - "RadialWarpTransformer","radius=0.25,strength=68.50293712514315,style=push"
2026-03-14 07:03:28,586 - INFO - [pipeline.py:229] - [Grade: A] Saved to: /Users/kenfasano/Scripts/ScreenArt/Images/TransformedImages/bubbles_9-A.jpeg
2026-03-14 07:03:28,631 - INFO - [pipeline.py:136] - "ThermalImagingTransformer","thermal=True"
2026-03-14 07:03:28,689 - INFO - [pipeline.py:136] - "MeltMorphTransformer","intensity=0.50"
2026-03-14 07:03:28,723 - INFO - [pipeline.py:136] - "FractalWarpTransformer","iter=1,scale=0.05"
2026-03-14 07:03:28,747 - INFO - [pipeline.py:136] - "FisheyeTransformer","shape=oval,strength=0.28,zoom=1.01"
2026-03-14 07:03:28,765 - INFO - [pipeline.py:229] - [Grade: A] Saved to: /Users/kenfasano/Scripts/ScreenArt/Images/TransformedImages/bubbles_5-A.jpeg
2026-03-14 07:03:28,819 - INFO - [pipeline.py:136] - "HalftoneTransformer","size=2"
2026-03-14 07:03:28,854 - INFO - [pipeline.py:136] - "ThermalImagingTransformer","thermal=True"
2026-03-14 07:03:28,893 - INFO - [pipeline.py:136] - "SwirlWarpTransformer","strength=1.50"
2026-03-14 07:03:28,911 - INFO - [pipeline.py:229] - [Grade: A] Saved to: /Users/kenfasano/Scripts/ScreenArt/Images/TransformedImages/bubbles_2-A.jpeg
2026-03-14 07:03:29,067 - INFO - [pipeline.py:136] - "XrayTransformer","colors=64"
2026-03-14 07:03:29,243 - INFO - [pipeline.py:136] - "WheelTransformer","blend=lighter,copies=5"
2026-03-14 07:03:29,259 - INFO - [pipeline.py:229] - [Grade: F] Saved to: /Users/kenfasano/Scripts/ScreenArt/Images/Rejected/bubbles_3-F.jpeg
2026-03-14 07:03:29,325 - INFO - [pipeline.py:136] - "FlipWilsonTransformer","keep=left,narrow=0.30"
2026-03-14 07:03:29,358 - INFO - [pipeline.py:136] - "FractalWarpTransformer","iter=1,scale=0.05"
2026-03-14 07:03:29,374 - INFO - [pipeline.py:229] - [Grade: A] Saved to: /Users/kenfasano/Scripts/ScreenArt/Images/TransformedImages/bubbles_10-A.jpeg
2026-03-14 07:03:29,406 - INFO - [pipeline.py:136] - "RadialWarpTransformer","radius=0.25,strength=97.95687566064294,56.231223301452616,115.01600478923099,style=pull,push,pull"
2026-03-14 07:03:29,445 - INFO - [pipeline.py:136] - "ThermalImagingTransformer","thermal=True"
2026-03-14 07:03:29,506 - INFO - [pipeline.py:136] - "FlipWilsonTransformer","keep=left,narrow=0.30"
2026-03-14 07:03:29,544 - INFO - [pipeline.py:136] - "SwirlWarpTransformer","strength=1.50"
2026-03-14 07:03:29,561 - INFO - [pipeline.py:229] - [Grade: A] Saved to: /Users/kenfasano/Scripts/ScreenArt/Images/TransformedImages/bubbles_1-A.jpeg
2026-03-14 07:03:29,607 - INFO - [pipeline.py:136] - "ThermalImagingTransformer","thermal=True"
2026-03-14 07:03:29,642 - INFO - [pipeline.py:136] - "FractalWarpTransformer","iter=1,scale=0.05"
2026-03-14 07:03:29,681 - INFO - [pipeline.py:136] - "SwirlWarpTransformer","strength=1.50"
2026-03-14 07:03:29,717 - INFO - [pipeline.py:136] - "DataMoshTransformer","intensity=0.01"
2026-03-14 07:03:29,735 - INFO - [pipeline.py:229] - [Grade: A] Saved to: /Users/kenfasano/Scripts/ScreenArt/Images/TransformedImages/bubbles_6-A.jpeg
2026-03-14 07:03:29,757 - INFO - [pipeline.py:136] - "PosterizationTransformer","levels=4"
2026-03-14 07:03:29,792 - INFO - [pipeline.py:136] - "FractalWarpTransformer","iter=1,scale=0.05"
2026-03-14 07:03:29,829 - INFO - [pipeline.py:136] - "DataMoshTransformer","intensity=0.02"
2026-03-14 07:03:29,852 - INFO - [pipeline.py:136] - "FisheyeTransformer","shape=circle,strength=0.60,zoom=1.10"
2026-03-14 07:03:29,870 - INFO - [pipeline.py:229] - [Grade: A] Saved to: /Users/kenfasano/Scripts/ScreenArt/Images/TransformedImages/bubbles_7-A.jpeg
2026-03-14 07:03:30,052 - INFO - [pipeline.py:136] - "WheelTransformer","blend=lighter,copies=5"
2026-03-14 07:03:30,095 - INFO - [pipeline.py:136] - "FluidWarpTransformer","alpha=16.00,sigma=5.69"
2026-03-14 07:03:30,109 - INFO - [pipeline.py:136] - "ColormapTransformer","map=rainbow"
2026-03-14 07:03:30,121 - INFO - [pipeline.py:136] - "PosterizationTransformer","levels=4"
2026-03-14 07:03:30,140 - INFO - [pipeline.py:229] - [Grade: A] Saved to: /Users/kenfasano/Scripts/ScreenArt/Images/TransformedImages/cubes_2-A.jpeg
2026-03-14 07:03:30,166 - INFO - [pipeline.py:136] - "RadialWarpTransformer","radius=0.25,strength=111.47492351744052,61.3914324757763,style=pull,pull"
2026-03-14 07:03:30,205 - INFO - [pipeline.py:136] - "FluidWarpTransformer","alpha=11.31,sigma=4.73"
2026-03-14 07:03:30,221 - INFO - [pipeline.py:229] - [Grade: A] Saved to: /Users/kenfasano/Scripts/ScreenArt/Images/TransformedImages/cubes_3-A.jpeg
2026-03-14 07:03:30,262 - INFO - [pipeline.py:136] - "FractalWarpTransformer","iter=1,scale=0.05"
2026-03-14 07:03:30,289 - INFO - [pipeline.py:136] - "GlitchWarpTransformer","intensity=0.01"
2026-03-14 07:03:30,306 - INFO - [pipeline.py:229] - [Grade: B] Saved to: /Users/kenfasano/Scripts/ScreenArt/Images/TransformedImages/cubes_4-B.jpeg
2026-03-14 07:03:30,525 - INFO - [pipeline.py:136] - "WatercolorTransformer","scale=0.85,style=psychedelic"
2026-03-14 07:03:30,562 - INFO - [pipeline.py:136] - "SwirlWarpTransformer","strength=1.50"
2026-03-14 07:03:30,587 - INFO - [pipeline.py:136] - "FisheyeTransformer","shape=circle,strength=0.42,zoom=1.11"
2026-03-14 07:03:30,603 - INFO - [pipeline.py:229] - [Grade: C] Saved to: /Users/kenfasano/Scripts/ScreenArt/Images/TransformedImages/cubes_5-C.jpeg
2026-03-14 07:03:30,648 - INFO - [pipeline.py:136] - "DataMoshTransformer","intensity=0.02"
2026-03-14 07:03:30,664 - INFO - [pipeline.py:229] - [Grade: A] Saved to: /Users/kenfasano/Scripts/ScreenArt/Images/TransformedImages/cubes_6-A.jpeg
2026-03-14 07:03:30,706 - INFO - [pipeline.py:136] - "FractalWarpTransformer","iter=1,scale=0.05"
2026-03-14 07:03:30,729 - INFO - [pipeline.py:136] - "FisheyeTransformer","shape=oval,strength=0.69,zoom=0.90"
2026-03-14 07:03:30,742 - INFO - [pipeline.py:136] - "ColormapTransformer","map=winter"
2026-03-14 07:03:30,777 - INFO - [pipeline.py:136] - "ThermalImagingTransformer","thermal=True"
2026-03-14 07:03:30,795 - INFO - [pipeline.py:229] - [Grade: A] Saved to: /Users/kenfasano/Scripts/ScreenArt/Images/TransformedImages/cubes_1-A.jpeg
2026-03-14 07:03:30,909 - INFO - [pipeline.py:136] - "WatercolorTransformer","scale=0.85,style=psychedelic"
2026-03-14 07:03:30,916 - INFO - [pipeline.py:229] - [Grade: F] Saved to: /Users/kenfasano/Scripts/ScreenArt/Images/Rejected/PN_Abell78-1_1024c1-F.jpg
2026-03-14 07:03:30,936 - INFO - [pipeline.py:136] - "GlitchWarpTransformer","intensity=0.01"
2026-03-14 07:03:30,944 - INFO - [pipeline.py:229] - [Grade: A] Saved to: /Users/kenfasano/Scripts/ScreenArt/Images/TransformedImages/NGC474_S1_Crop1024-A.jpg
2026-03-14 07:03:30,954 - INFO - [pipeline.py:136] - "RadialWarpTransformer","radius=0.25,strength=80.73977305920002,41.38972305843603,style=pull,push"
2026-03-14 07:03:30,960 - INFO - [pipeline.py:229] - [Grade: A] Saved to: /Users/kenfasano/Scripts/ScreenArt/Images/TransformedImages/mwyellowstone_lane_960-A.jpg
2026-03-14 07:03:30,981 - INFO - [pipeline.py:136] - "FractalWarpTransformer","iter=1,scale=0.05"
2026-03-14 07:03:30,986 - INFO - [pipeline.py:136] - "RadialWarpTransformer","radius=0.25,strength=58.72824483277364,style=push"
2026-03-14 07:03:30,998 - INFO - [pipeline.py:136] - "ThermalImagingTransformer","thermal=True"
2026-03-14 07:03:31,004 - INFO - [pipeline.py:229] - [Grade: A] Saved to: /Users/kenfasano/Scripts/ScreenArt/Images/TransformedImages/PIA24924_1045-A.jpg
2026-03-14 07:03:31,012 - INFO - [pipeline.py:136] - "FisheyeTransformer","shape=oval,strength=0.24,zoom=1.08"
2026-03-14 07:03:31,018 - INFO - [pipeline.py:229] - [Grade: A] Saved to: /Users/kenfasano/Scripts/ScreenArt/Images/TransformedImages/spicules_sst-A.jpg
2026-03-14 07:03:31,070 - INFO - [pipeline.py:136] - "WheelTransformer","blend=lighter,copies=5"
2026-03-14 07:03:31,083 - INFO - [pipeline.py:136] - "HalftoneTransformer","size=2"
2026-03-14 07:03:31,088 - INFO - [pipeline.py:136] - "ColormapTransformer","map=ocean"
2026-03-14 07:03:31,093 - INFO - [pipeline.py:229] - [Grade: A] Saved to: /Users/kenfasano/Scripts/ScreenArt/Images/TransformedImages/SATURN2025-11-20-1130-A.jpg
2026-03-14 07:03:31,115 - INFO - [pipeline.py:136] - "PosterizationTransformer","levels=4"
2026-03-14 07:03:31,135 - INFO - [pipeline.py:136] - "FractalWarpTransformer","iter=1,scale=0.05"
2026-03-14 07:03:31,152 - INFO - [pipeline.py:136] - "GlitchWarpTransformer","intensity=0.01"
2026-03-14 07:03:31,163 - INFO - [pipeline.py:136] - "RadialWarpTransformer","radius=0.25,strength=37.95202458586063,82.25791512813596,39.83752411315987,style=push,push,pull"
2026-03-14 07:03:31,175 - INFO - [pipeline.py:229] - [Grade: A] Saved to: /Users/kenfasano/Scripts/ScreenArt/Images/TransformedImages/PIA17948MtSharp_600v-A.jpg
2026-03-14 07:03:31,191 - INFO - [pipeline.py:136] - "FractalWarpTransformer","iter=1,scale=0.05"
2026-03-14 07:03:31,201 - INFO - [pipeline.py:136] - "GlitchWarpTransformer","intensity=0.01"
2026-03-14 07:03:31,207 - INFO - [pipeline.py:229] - [Grade: A] Saved to: /Users/kenfasano/Scripts/ScreenArt/Images/TransformedImages/N11_HubbleLake_960-A.jpg
2026-03-14 07:03:31,222 - INFO - [pipeline.py:136] - "DataMoshTransformer","intensity=0.01"
2026-03-14 07:03:31,234 - INFO - [pipeline.py:136] - "ThermalImagingTransformer","thermal=True"
2026-03-14 07:03:31,240 - INFO - [pipeline.py:229] - [Grade: A] Saved to: /Users/kenfasano/Scripts/ScreenArt/Images/TransformedImages/solsticedial_mari_960-A.jpg
2026-03-14 07:03:31,247 - INFO - [pipeline.py:136] - "FluidWarpTransformer","alpha=9.21,sigma=0.97"
2026-03-14 07:03:31,256 - INFO - [pipeline.py:136] - "FlipWilsonTransformer","keep=left,narrow=0.30"
2026-03-14 07:03:31,258 - INFO - [pipeline.py:136] - "PosterizationTransformer","levels=4"
2026-03-14 07:03:31,262 - INFO - [pipeline.py:229] - [Grade: A] Saved to: /Users/kenfasano/Scripts/ScreenArt/Images/TransformedImages/ngc300h_eso-A.jpg
2026-03-14 07:03:31,448 - INFO - [pipeline.py:136] - "WheelTransformer","blend=lighter,copies=5"
2026-03-14 07:03:31,467 - INFO - [pipeline.py:229] - [Grade: A] Saved to: /Users/kenfasano/Scripts/ScreenArt/Images/TransformedImages/nasa_earth_1_Rio_de_Janeiro_True_Color-A.jpeg
2026-03-14 07:03:31,500 - INFO - [pipeline.py:136] - "ThermalImagingTransformer","thermal=True"
2026-03-14 07:03:31,522 - INFO - [pipeline.py:136] - "FluidWarpTransformer","alpha=8.50,sigma=2.36"
2026-03-14 07:03:31,534 - INFO - [pipeline.py:229] - [Grade: A] Saved to: /Users/kenfasano/Scripts/ScreenArt/Images/TransformedImages/noaa_goes_1_se_Fire_Temperature-A.jpeg
2026-03-14 07:03:31,660 - INFO - [pipeline.py:136] - "HalftoneTransformer","size=2"
2026-03-14 07:03:31,721 - INFO - [pipeline.py:136] - "ThermalImagingTransformer","thermal=True"
2026-03-14 07:03:31,780 - INFO - [pipeline.py:136] - "FractalWarpTransformer","iter=1,scale=0.05"
2026-03-14 07:03:31,807 - INFO - [pipeline.py:229] - [Grade: A] Saved to: /Users/kenfasano/Scripts/ScreenArt/Images/TransformedImages/SM-final-A.jpeg
2026-03-14 07:03:31,860 - INFO - [pipeline.py:136] - "SwirlWarpTransformer","strength=1.50"
2026-03-14 07:03:31,903 - INFO - [pipeline.py:136] - "DataMoshTransformer","intensity=0.01"
2026-03-14 07:03:31,923 - INFO - [pipeline.py:229] - [Grade: F] Saved to: /Users/kenfasano/Scripts/ScreenArt/Images/Rejected/ISS030-E-F.jpeg
2026-03-14 07:03:32,066 - INFO - [pipeline.py:136] - "XrayTransformer","colors=64"
2026-03-14 07:03:32,116 - INFO - [pipeline.py:136] - "HalftoneTransformer","size=2"
2026-03-14 07:03:32,134 - INFO - [pipeline.py:229] - [Grade: F] Saved to: /Users/kenfasano/Scripts/ScreenArt/Images/Rejected/960px-Richmond_-F.jpeg
2026-03-14 07:03:32,320 - INFO - [pipeline.py:136] - "WheelTransformer","blend=lighter,copies=5"
2026-03-14 07:03:32,392 - INFO - [pipeline.py:229] - [Grade: C] Saved to: /Users/kenfasano/Scripts/ScreenArt/Images/TransformedImages/lojong_2-C-tile.jpeg
2026-03-14 07:03:32,458 - INFO - [pipeline.py:136] - "DataMoshTransformer","intensity=0.01"
2026-03-14 07:03:32,498 - INFO - [pipeline.py:136] - "SwirlWarpTransformer","strength=1.50"
2026-03-14 07:03:32,518 - INFO - [pipeline.py:229] - [Grade: A] Saved to: /Users/kenfasano/Scripts/ScreenArt/Images/TransformedImages/lojong_3-A-columns.jpeg
2026-03-14 07:03:32,581 - INFO - [pipeline.py:136] - "MeltMorphTransformer","intensity=0.50"
2026-03-14 07:03:32,610 - INFO - [pipeline.py:136] - "GlitchWarpTransformer","intensity=0.01"
2026-03-14 07:03:32,629 - INFO - [pipeline.py:229] - [Grade: A] Saved to: /Users/kenfasano/Scripts/ScreenArt/Images/TransformedImages/lojong_8-A-tile.jpeg
2026-03-14 07:03:32,691 - INFO - [pipeline.py:136] - "MeltMorphTransformer","intensity=0.50"
2026-03-14 07:03:32,725 - INFO - [pipeline.py:136] - "FractalWarpTransformer","iter=1,scale=0.05"
2026-03-14 07:03:32,742 - INFO - [pipeline.py:229] - [Grade: A] Saved to: /Users/kenfasano/Scripts/ScreenArt/Images/TransformedImages/lojong_4-A-scatter.jpeg
2026-03-14 07:03:32,783 - INFO - [pipeline.py:136] - "FractalWarpTransformer","iter=1,scale=0.05"
2026-03-14 07:03:32,999 - INFO - [pipeline.py:136] - "WatercolorTransformer","scale=0.85,style=monet"
2026-03-14 07:03:33,036 - INFO - [pipeline.py:136] - "SwirlWarpTransformer","strength=1.50"
2026-03-14 07:03:33,089 - INFO - [pipeline.py:136] - "MeltMorphTransformer","intensity=0.50"
2026-03-14 07:03:33,106 - INFO - [pipeline.py:229] - [Grade: A] Saved to: /Users/kenfasano/Scripts/ScreenArt/Images/TransformedImages/lojong_5-A-columns.jpeg
2026-03-14 07:03:33,149 - INFO - [pipeline.py:136] - "FractalWarpTransformer","iter=1,scale=0.05"
2026-03-14 07:03:33,196 - INFO - [pipeline.py:136] - "HalftoneTransformer","size=2"
2026-03-14 07:03:33,212 - INFO - [pipeline.py:229] - [Grade: A] Saved to: /Users/kenfasano/Scripts/ScreenArt/Images/TransformedImages/lojong_9-A-columns.jpeg
2026-03-14 07:03:33,432 - INFO - [pipeline.py:136] - "WatercolorTransformer","scale=0.85,style=psychedelic"
2026-03-14 07:03:33,448 - INFO - [pipeline.py:229] - [Grade: F] Saved to: /Users/kenfasano/Scripts/ScreenArt/Images/Rejected/lojong_6-F-tile.jpeg
2026-03-14 07:03:33,485 - INFO - [pipeline.py:136] - "GlitchWarpTransformer","intensity=0.01"
2026-03-14 07:03:33,499 - INFO - [pipeline.py:136] - "PosterizationTransformer","levels=4"
2026-03-14 07:03:33,535 - INFO - [pipeline.py:136] - "ThermalImagingTransformer","thermal=True"
2026-03-14 07:03:33,559 - INFO - [pipeline.py:136] - "FisheyeTransformer","shape=oval,strength=0.68,zoom=1.03"
2026-03-14 07:03:33,575 - INFO - [pipeline.py:229] - [Grade: A] Saved to: /Users/kenfasano/Scripts/ScreenArt/Images/TransformedImages/lojong_7-A-scatter.jpeg
2026-03-14 07:03:33,620 - INFO - [pipeline.py:136] - "ThermalImagingTransformer","thermal=True"
2026-03-14 07:03:33,634 - INFO - [pipeline.py:136] - "ColormapTransformer","map=ocean"
2026-03-14 07:03:33,651 - INFO - [pipeline.py:229] - [Grade: A] Saved to: /Users/kenfasano/Scripts/ScreenArt/Images/TransformedImages/lojong_0-A-scatter.jpeg
2026-03-14 07:03:33,709 - INFO - [pipeline.py:136] - "HalftoneTransformer","size=2"
2026-03-14 07:03:33,726 - INFO - [pipeline.py:229] - [Grade: C] Saved to: /Users/kenfasano/Scripts/ScreenArt/Images/TransformedImages/lojong_1-C-columns.jpeg
2026-03-14 07:03:33,753 - INFO - [pipeline.py:136] - "RadialWarpTransformer","radius=0.25,strength=67.69806143976197,style=push"
2026-03-14 07:03:33,792 - INFO - [pipeline.py:136] - "ThermalImagingTransformer","thermal=True"
2026-03-14 07:03:33,811 - INFO - [pipeline.py:229] - [Grade: B] Saved to: /Users/kenfasano/Scripts/ScreenArt/Images/TransformedImages/psalms_107-B-scatter.jpeg
2026-03-14 07:03:33,992 - INFO - [pipeline.py:136] - "WheelTransformer","blend=lighter,copies=5"
2026-03-14 07:03:34,040 - INFO - [pipeline.py:136] - "HalftoneTransformer","size=2"
2026-03-14 07:03:34,074 - INFO - [pipeline.py:136] - "FractalWarpTransformer","iter=1,scale=0.05"
2026-03-14 07:03:34,286 - INFO - [pipeline.py:136] - "WatercolorTransformer","scale=0.85,style=monet"
2026-03-14 07:03:34,302 - INFO - [pipeline.py:229] - [Grade: F] Saved to: /Users/kenfasano/Scripts/ScreenArt/Images/Rejected/psalms_98-F-hero.jpeg
2026-03-14 07:03:34,323 - INFO - [pipeline.py:136] - "ColormapTransformer","map=jet"
2026-03-14 07:03:34,346 - INFO - [pipeline.py:136] - "FisheyeTransformer","shape=oval,strength=0.49,zoom=1.01"
2026-03-14 07:03:34,359 - INFO - [pipeline.py:136] - "PosterizationTransformer","levels=4"
2026-03-14 07:03:34,393 - INFO - [pipeline.py:136] - "FractalWarpTransformer","iter=1,scale=0.05"
2026-03-14 07:03:34,411 - INFO - [pipeline.py:229] - [Grade: A] Saved to: /Users/kenfasano/Scripts/ScreenArt/Images/TransformedImages/psalms_31-A-columns.jpeg
2026-03-14 07:03:34,455 - INFO - [pipeline.py:136] - "ThermalImagingTransformer","thermal=True"
2026-03-14 07:03:34,479 - INFO - [pipeline.py:136] - "FisheyeTransformer","shape=circle,strength=0.25,zoom=0.95"
2026-03-14 07:03:34,516 - INFO - [pipeline.py:136] - "DataMoshTransformer","intensity=0.02"
2026-03-14 07:03:34,529 - INFO - [pipeline.py:136] - "ColormapTransformer","map=spring"
2026-03-14 07:03:34,553 - INFO - [pipeline.py:229] - [Grade: C] Saved to: /Users/kenfasano/Scripts/ScreenArt/Images/TransformedImages/psalms_121-C-hero.jpeg
2026-03-14 07:03:34,578 - INFO - [pipeline.py:136] - "PosterizationTransformer","levels=4"
2026-03-14 07:03:34,599 - INFO - [pipeline.py:229] - [Grade: A] Saved to: /Users/kenfasano/Scripts/ScreenArt/Images/TransformedImages/psalms_46-A-columns.jpeg
2026-03-14 07:03:34,648 - INFO - [pipeline.py:136] - "SwirlWarpTransformer","strength=1.50"
2026-03-14 07:03:34,667 - INFO - [pipeline.py:229] - [Grade: A] Saved to: /Users/kenfasano/Scripts/ScreenArt/Images/TransformedImages/psalms_68-A-hero.jpeg
2026-03-14 07:03:34,698 - INFO - [pipeline.py:136] - "RadialWarpTransformer","radius=0.25,strength=125.37476736981695,style=pull"
2026-03-14 07:03:34,717 - INFO - [pipeline.py:229] - [Grade: A] Saved to: /Users/kenfasano/Scripts/ScreenArt/Images/TransformedImages/psalms_129-A-columns.jpeg
2026-03-14 07:03:34,758 - INFO - [pipeline.py:136] - "FractalWarpTransformer","iter=1,scale=0.05"
2026-03-14 07:03:34,778 - INFO - [pipeline.py:136] - "RadialWarpTransformer","radius=0.25,strength=69.45266707199673,39.48041693981986,style=push,push"
2026-03-14 07:03:34,806 - INFO - [pipeline.py:136] - "GlitchWarpTransformer","intensity=0.01"
2026-03-14 07:03:34,849 - INFO - [pipeline.py:136] - "FluidWarpTransformer","alpha=9.32,sigma=5.98"
2026-03-14 07:03:34,865 - INFO - [pipeline.py:229] - [Grade: A] Saved to: /Users/kenfasano/Scripts/ScreenArt/Images/TransformedImages/psalms_35-A-scatter.jpeg
2026-03-14 07:03:34,898 - INFO - [pipeline.py:136] - "RadialWarpTransformer","radius=0.25,strength=139.09403227305032,98.02172722272975,115.3910301310002,style=pull,push,push"
2026-03-14 07:03:35,077 - INFO - [pipeline.py:136] - "WheelTransformer","blend=lighter,copies=5"
2026-03-14 07:03:35,125 - INFO - [pipeline.py:136] - "HalftoneTransformer","size=2"
2026-03-14 07:03:35,173 - INFO - [pipeline.py:136] - "FluidWarpTransformer","alpha=5.84,sigma=7.39"
2026-03-14 07:03:35,191 - INFO - [pipeline.py:229] - [Grade: A] Saved to: /Users/kenfasano/Scripts/ScreenArt/Images/TransformedImages/psalms_148-A-columns.jpeg
2026-03-14 07:03:35,216 - INFO - [pipeline.py:136] - "ColormapTransformer","map=bone"
2026-03-14 07:03:35,236 - INFO - [pipeline.py:229] - [Grade: B] Saved to: /Users/kenfasano/Scripts/ScreenArt/Images/TransformedImages/psalms_145-B-columns.jpeg
2026-03-14 07:03:35,253 - INFO - [pipeline.py:136] - "HalftoneTransformer","size=2"
2026-03-14 07:03:35,259 - INFO - [pipeline.py:229] - [Grade: A] Saved to: /Users/kenfasano/Scripts/ScreenArt/Images/TransformedImages/peripheral_drift_2-A.jpeg
2026-03-14 07:03:35,270 - INFO - [pipeline.py:136] - "GlitchWarpTransformer","intensity=0.01"
2026-03-14 07:03:35,289 - INFO - [pipeline.py:136] - "FlipWilsonTransformer","keep=left,narrow=0.30"
2026-03-14 07:03:35,305 - INFO - [pipeline.py:136] - "MeltMorphTransformer","intensity=0.50"
2026-03-14 07:03:35,355 - INFO - [pipeline.py:136] - "WheelTransformer","blend=lighter,copies=5"
2026-03-14 07:03:35,361 - INFO - [pipeline.py:229] - [Grade: A] Saved to: /Users/kenfasano/Scripts/ScreenArt/Images/TransformedImages/peripheral_drift_3-A.jpeg
2026-03-14 07:03:35,376 - INFO - [pipeline.py:136] - "DataMoshTransformer","intensity=0.01"
2026-03-14 07:03:35,388 - INFO - [pipeline.py:136] - "SwirlWarpTransformer","strength=1.50"
2026-03-14 07:03:35,392 - INFO - [pipeline.py:136] - "PosterizationTransformer","levels=4"
2026-03-14 07:03:35,397 - INFO - [pipeline.py:136] - "ColormapTransformer","map=winter"
2026-03-14 07:03:35,403 - INFO - [pipeline.py:229] - [Grade: A] Saved to: /Users/kenfasano/Scripts/ScreenArt/Images/TransformedImages/peripheral_drift_1-A.jpeg
2026-03-14 07:03:35,404 - INFO - [main.py:196] - WatercolorTransformer
2026-03-14 07:03:35,404 - INFO - [main.py:196] - WheelTransformer
2026-03-14 07:03:35,404 - INFO - [main.py:196] - XrayTransformer
2026-03-14 07:03:35,404 - INFO - [main.py:196] - HalftoneTransformer
2026-03-14 07:03:35,404 - INFO - [main.py:196] - MeltMorphTransformer
2026-03-14 07:03:35,404 - INFO - [main.py:196] - FlipWilsonTransformer
2026-03-14 07:03:35,404 - INFO - [main.py:196] - SwirlWarpTransformer
2026-03-14 07:03:35,404 - INFO - [main.py:196] - ThermalImagingTransformer
2026-03-14 07:03:35,404 - INFO - [main.py:196] - FluidWarpTransformer
2026-03-14 07:03:35,404 - INFO - [main.py:196] - FractalWarpTransformer
2026-03-14 07:03:35,404 - INFO - [main.py:196] - DataMoshTransformer
2026-03-14 07:03:35,404 - INFO - [main.py:196] - FisheyeTransformer
2026-03-14 07:03:35,404 - INFO - [main.py:196] - GlitchWarpTransformer
2026-03-14 07:03:35,404 - INFO - [main.py:196] - RadialWarpTransformer
2026-03-14 07:03:35,404 - INFO - [main.py:196] - ColormapTransformer
2026-03-14 07:03:35,404 - INFO - [main.py:196] - PosterizationTransformer
2026-03-14 07:03:35,404 - INFO - [main.py:239] - 20s@07:03 ✓
Accepted: 48
Rejected: 6
---
Bible                      ->  5845ms
Wiki                       ->  2264ms
Lojong                     ->  2072ms
Nasa                       ->   830ms
GoesGenerator              ->   730ms
Bubbles                    ->   555ms
Cubes                      ->   183ms
NasaMapGenerator           ->    52ms
PeripheralDriftIllusion    ->    46ms
---
WatercolorTransformer      -> Min:   101ms | Avg:   191ms | Max:   216ms
WheelTransformer           -> Min:    48ms | Avg:   147ms | Max:   178ms
XrayTransformer            -> Min:    52ms | Avg:   111ms | Max:   148ms
HalftoneTransformer        -> Min:    14ms | Avg:    47ms | Max:   108ms
MeltMorphTransformer       -> Min:    16ms | Avg:    47ms | Max:    57ms
FlipWilsonTransformer      -> Min:    10ms | Avg:    44ms | Max:    61ms
SwirlWarpTransformer       -> Min:    12ms | Avg:    37ms | Max:    47ms
ThermalImagingTransformer  -> Min:    12ms | Avg:    34ms | Max:    61ms
FluidWarpTransformer       -> Min:     5ms | Avg:    34ms | Max:    48ms
FractalWarpTransformer     -> Min:    12ms | Avg:    32ms | Max:    59ms
DataMoshTransformer        -> Min:    11ms | Avg:    32ms | Max:    43ms
FisheyeTransformer         -> Min:     6ms | Avg:    23ms | Max:    42ms
GlitchWarpTransformer      -> Min:     9ms | Avg:    21ms | Max:    30ms
RadialWarpTransformer      -> Min:     5ms | Avg:    16ms | Max:    24ms
ColormapTransformer        -> Min:     4ms | Avg:    11ms | Max:    13ms
PosterizationTransformer   -> Min:     2ms | Avg:    10ms | Max:    14ms
