2026-03-13 09:15:56,365 - INFO - [pipeline.py:47] - "ColormapTransformer","map=rainbow"
2026-03-13 09:15:56,381 - INFO - [pipeline.py:47] - "PosterizationTransformer","levels=4"
2026-03-13 09:15:56,400 - INFO - [pipeline.py:154] - [Grade: A] Saved to: /Users/kenfasano/Scripts/ScreenArt/Images/TransformedImages/bubbles_4-A.jpeg
2026-03-13 09:15:56,463 - INFO - [pipeline.py:47] - "FluidWarpTransformer","alpha=16.71,sigma=6.91"
2026-03-13 09:15:56,536 - INFO - [pipeline.py:47] - "FlipWilsonTransformer","keep=bottom,narrow=0.28"
2026-03-13 09:15:56,557 - INFO - [pipeline.py:154] - [Grade: A] Saved to: /Users/kenfasano/Scripts/ScreenArt/Images/TransformedImages/bubbles_8-A.jpeg
2026-03-13 09:15:56,599 - INFO - [pipeline.py:47] - "TritoneTransformer","highlight=#c81a26,mid=#5379ac,shadow=#11a100"
2026-03-13 09:15:56,616 - INFO - [pipeline.py:154] - [Grade: F] Saved to: /Users/kenfasano/Scripts/ScreenArt/Images/Rejected/bubbles_9-F.jpeg
2026-03-13 09:15:56,664 - INFO - [pipeline.py:47] - "FisheyeTransformer","shape=oval,strength=0.79,zoom=0.87"
2026-03-13 09:15:56,681 - INFO - [pipeline.py:154] - [Grade: A] Saved to: /Users/kenfasano/Scripts/ScreenArt/Images/TransformedImages/bubbles_5-A.jpeg
2026-03-13 09:15:56,739 - INFO - [pipeline.py:47] - "FluidWarpTransformer","alpha=9.27,sigma=7.33"
2026-03-13 09:15:56,838 - INFO - [pipeline.py:47] - "WheelTransformer","blend=normal,copies=3"
2026-03-13 09:15:56,877 - INFO - [pipeline.py:47] - "FractalWarpTransformer","iter=1,scale=0.05"
2026-03-13 09:15:56,894 - INFO - [pipeline.py:154] - [Grade: A] Saved to: /Users/kenfasano/Scripts/ScreenArt/Images/TransformedImages/bubbles_2-A.jpeg
2026-03-13 09:15:56,954 - INFO - [pipeline.py:47] - "HalftoneTransformer","size=2"
2026-03-13 09:15:56,971 - INFO - [pipeline.py:154] - [Grade: A] Saved to: /Users/kenfasano/Scripts/ScreenArt/Images/TransformedImages/bubbles_3-A.jpeg
2026-03-13 09:15:57,014 - INFO - [pipeline.py:47] - "FractalWarpTransformer","iter=1,scale=0.05"
2026-03-13 09:15:57,115 - INFO - [pipeline.py:47] - "WheelTransformer","blend=normal,copies=3"
2026-03-13 09:15:57,128 - INFO - [pipeline.py:47] - "ColormapTransformer","map=bone"
2026-03-13 09:15:57,146 - INFO - [pipeline.py:154] - [Grade: A] Saved to: /Users/kenfasano/Scripts/ScreenArt/Images/TransformedImages/bubbles_10-A.jpeg
2026-03-13 09:15:57,239 - INFO - [pipeline.py:47] - "DuotoneTransformer","highlight=#a55690,shadow=#f80be5"
2026-03-13 09:15:57,287 - INFO - [pipeline.py:47] - "HalftoneTransformer","size=2"
2026-03-13 09:15:57,313 - INFO - [pipeline.py:47] - "FisheyeTransformer","shape=oval,strength=0.34,zoom=1.03"
2026-03-13 09:15:57,328 - INFO - [pipeline.py:154] - [Grade: F] Saved to: /Users/kenfasano/Scripts/ScreenArt/Images/Rejected/bubbles_1-F.jpeg
2026-03-13 09:15:57,371 - INFO - [pipeline.py:47] - "FractalWarpTransformer","iter=1,scale=0.05"
2026-03-13 09:15:57,387 - INFO - [pipeline.py:154] - [Grade: A] Saved to: /Users/kenfasano/Scripts/ScreenArt/Images/TransformedImages/bubbles_6-A.jpeg
2026-03-13 09:15:57,464 - INFO - [pipeline.py:47] - "AnamorphicTransformer","intensity=0.0,0.2,0.4,0.6,0.8,thresh=80"
2026-03-13 09:15:57,475 - INFO - [pipeline.py:47] - "InvertRGBTransformer","blend=0.50"
2026-03-13 09:15:57,508 - INFO - [pipeline.py:47] - "ThreeDExtrusionTransformer","ambient=0.52,intensity=0.50"
2026-03-13 09:15:57,539 - INFO - [pipeline.py:47] - "TritoneTransformer","highlight=#28eae4,mid=#0834ca,shadow=#f4113c"
2026-03-13 09:15:57,554 - INFO - [pipeline.py:154] - [Grade: F] Saved to: /Users/kenfasano/Scripts/ScreenArt/Images/Rejected/bubbles_7-F.jpeg
2026-03-13 09:15:57,782 - INFO - [pipeline.py:47] - "WatercolorTransformer","scale=0.85,style=monet"
2026-03-13 09:15:57,799 - INFO - [pipeline.py:154] - [Grade: A] Saved to: /Users/kenfasano/Scripts/ScreenArt/Images/TransformedImages/cubes_2-A.jpeg
2026-03-13 09:15:57,926 - INFO - [pipeline.py:47] - "XrayTransformer","colors=64"
2026-03-13 09:15:57,982 - INFO - [pipeline.py:47] - "MeltMorphTransformer","intensity=0.50"
2026-03-13 09:15:57,998 - INFO - [pipeline.py:154] - [Grade: C] Saved to: /Users/kenfasano/Scripts/ScreenArt/Images/TransformedImages/cubes_3-C.jpeg
2026-03-13 09:15:58,042 - INFO - [pipeline.py:47] - "ThermalImagingTransformer","thermal=True"
2026-03-13 09:15:58,063 - INFO - [pipeline.py:47] - "RadialWarpTransformer","radius=0.25,strength=68.54963580205373,99.39645509945413,style=push,pull"
2026-03-13 09:15:58,081 - INFO - [pipeline.py:154] - [Grade: A] Saved to: /Users/kenfasano/Scripts/ScreenArt/Images/TransformedImages/cubes_4-A.jpeg
2026-03-13 09:15:58,104 - INFO - [pipeline.py:47] - "ColormapTransformer","map=pink"
2026-03-13 09:15:58,128 - INFO - [pipeline.py:47] - "RadialWarpTransformer","radius=0.25,strength=111.1471871850608,85.72376598312651,108.71044490425251,style=push,push,push"
2026-03-13 09:15:58,145 - INFO - [pipeline.py:154] - [Grade: A] Saved to: /Users/kenfasano/Scripts/ScreenArt/Images/TransformedImages/cubes_5-A.jpeg
2026-03-13 09:15:58,191 - INFO - [pipeline.py:47] - "ThermalImagingTransformer","thermal=True"
2026-03-13 09:15:58,290 - INFO - [pipeline.py:47] - "WheelTransformer","blend=normal,copies=3"
2026-03-13 09:15:58,308 - INFO - [pipeline.py:154] - [Grade: A] Saved to: /Users/kenfasano/Scripts/ScreenArt/Images/TransformedImages/cubes_6-A.jpeg
2026-03-13 09:15:58,330 - INFO - [pipeline.py:47] - "PosterizationTransformer","levels=4"
2026-03-13 09:15:58,367 - INFO - [pipeline.py:47] - "DataMoshTransformer","intensity=0.01"
2026-03-13 09:15:58,384 - INFO - [pipeline.py:154] - [Grade: A] Saved to: /Users/kenfasano/Scripts/ScreenArt/Images/TransformedImages/cubes_1-A.jpeg
2026-03-13 09:15:58,414 - INFO - [pipeline.py:47] - "MeltMorphTransformer","intensity=0.50"
2026-03-13 09:15:58,440 - INFO - [pipeline.py:47] - "FlipWilsonTransformer","keep=bottom,narrow=0.28"
2026-03-13 09:15:58,451 - INFO - [pipeline.py:47] - "FisheyeTransformer","shape=oval,strength=0.62,zoom=1.11"
2026-03-13 09:15:58,460 - INFO - [pipeline.py:154] - [Grade: A] Saved to: /Users/kenfasano/Scripts/ScreenArt/Images/TransformedImages/RigelWitchHead_Mtanous_960-A.jpg
2026-03-13 09:15:58,481 - INFO - [pipeline.py:47] - "WheelTransformer","blend=normal,copies=3"
2026-03-13 09:15:58,500 - INFO - [pipeline.py:47] - "DuotoneTransformer","highlight=#2a1ddc,shadow=#68266e"
2026-03-13 09:15:58,503 - INFO - [pipeline.py:154] - [Grade: F] Saved to: /Users/kenfasano/Scripts/ScreenArt/Images/Rejected/mercury_messengerJan22_rc800-F.jpg
2026-03-13 09:15:58,554 - INFO - [pipeline.py:47] - "MeltMorphTransformer","intensity=0.50"
2026-03-13 09:15:58,566 - INFO - [pipeline.py:154] - [Grade: B] Saved to: /Users/kenfasano/Scripts/ScreenArt/Images/TransformedImages/GravityWaves_Claro_960-B.jpg
2026-03-13 09:15:58,578 - INFO - [pipeline.py:47] - "MeltMorphTransformer","intensity=0.50"
2026-03-13 09:15:58,582 - INFO - [pipeline.py:154] - [Grade: A] Saved to: /Users/kenfasano/Scripts/ScreenArt/Images/TransformedImages/titanthing_cassini_1080-A.jpg
2026-03-13 09:15:58,589 - INFO - [pipeline.py:47] - "PosterizationTransformer","levels=4"
2026-03-13 09:15:58,603 - INFO - [pipeline.py:47] - "ThermalImagingTransformer","thermal=True"
2026-03-13 09:15:58,610 - INFO - [pipeline.py:154] - [Grade: C] Saved to: /Users/kenfasano/Scripts/ScreenArt/Images/TransformedImages/craterspider_messenger-C.jpg
2026-03-13 09:15:58,702 - INFO - [pipeline.py:47] - "WheelTransformer","blend=normal,copies=3"
2026-03-13 09:15:58,715 - INFO - [pipeline.py:154] - [Grade: A] Saved to: /Users/kenfasano/Scripts/ScreenArt/Images/TransformedImages/vltsky_beletsky_2198-A.jpg
2026-03-13 09:15:58,724 - INFO - [pipeline.py:47] - "GlitchWarpTransformer","intensity=0.01"
2026-03-13 09:15:58,733 - INFO - [pipeline.py:47] - "DataMoshTransformer","intensity=0.01"
2026-03-13 09:15:58,735 - INFO - [pipeline.py:47] - "InvertRGBTransformer","blend=0.45"
2026-03-13 09:15:58,749 - INFO - [pipeline.py:47] - "FlipWilsonTransformer","keep=bottom,narrow=0.28"
2026-03-13 09:15:58,753 - INFO - [pipeline.py:154] - [Grade: F] Saved to: /Users/kenfasano/Scripts/ScreenArt/Images/Rejected/M76NB_goldmanRGB_Crop800-F.jpg
2026-03-13 09:15:58,770 - INFO - [pipeline.py:47] - "FluidWarpTransformer","alpha=16.43,sigma=3.96"
2026-03-13 09:15:58,776 - INFO - [pipeline.py:154] - [Grade: A] Saved to: /Users/kenfasano/Scripts/ScreenArt/Images/TransformedImages/NGC6559_Block_960-A.jpg
2026-03-13 09:15:58,942 - INFO - [pipeline.py:47] - "XrayTransformer","colors=64"
2026-03-13 09:15:58,951 - INFO - [pipeline.py:47] - "RadialWarpTransformer","radius=0.25,strength=134.4951210744997,style=push"
2026-03-13 09:15:58,972 - INFO - [pipeline.py:47] - "SwirlWarpTransformer","strength=1.50"
2026-03-13 09:15:58,994 - INFO - [pipeline.py:47] - "DataMoshTransformer","intensity=0.01"
2026-03-13 09:15:59,004 - INFO - [pipeline.py:154] - [Grade: C] Saved to: /Users/kenfasano/Scripts/ScreenArt/Images/TransformedImages/Milky-Way-over-Moon-Valley-600px-by-Rafael-Defavari-C.jpg
2026-03-13 09:15:59,108 - INFO - [pipeline.py:47] - "WatercolorTransformer","scale=0.85,style=psychedelic"
2026-03-13 09:15:59,126 - INFO - [pipeline.py:47] - "HalftoneTransformer","size=2"
2026-03-13 09:15:59,140 - INFO - [pipeline.py:47] - "FractalWarpTransformer","iter=1,scale=0.05"
2026-03-13 09:15:59,146 - INFO - [pipeline.py:154] - [Grade: B] Saved to: /Users/kenfasano/Scripts/ScreenArt/Images/TransformedImages/PIA24487_1024-B.jpg
2026-03-13 09:15:59,167 - INFO - [pipeline.py:47] - "RadialWarpTransformer","radius=0.25,strength=74.4065580747083,108.73828090556079,69.11393984823128,style=pull,pull,push"
2026-03-13 09:15:59,171 - INFO - [pipeline.py:47] - "InvertRGBTransformer","blend=0.61"
2026-03-13 09:15:59,183 - INFO - [pipeline.py:47] - "ThreeDExtrusionTransformer","ambient=0.45,intensity=0.50"
2026-03-13 09:15:59,191 - INFO - [pipeline.py:154] - [Grade: C] Saved to: /Users/kenfasano/Scripts/ScreenArt/Images/TransformedImages/westerlund2_hst1024-C.jpg
2026-03-13 09:15:59,433 - INFO - [pipeline.py:47] - "WatercolorTransformer","scale=0.85,style=monet"
2026-03-13 09:15:59,519 - INFO - [pipeline.py:47] - "DuotoneTransformer","highlight=#ea154e,shadow=#a88942"
2026-03-13 09:15:59,550 - INFO - [pipeline.py:47] - "ThreeDExtrusionTransformer","ambient=0.57,intensity=0.50"
2026-03-13 09:15:59,578 - INFO - [pipeline.py:47] - "GlitchWarpTransformer","intensity=0.01"
2026-03-13 09:15:59,597 - INFO - [pipeline.py:154] - [Grade: C] Saved to: /Users/kenfasano/Scripts/ScreenArt/Images/TransformedImages/nasa_earth_1_Sydney_True_Color-C.jpeg
2026-03-13 09:15:59,632 - INFO - [pipeline.py:47] - "SwirlWarpTransformer","strength=1.50"
2026-03-13 09:15:59,644 - INFO - [pipeline.py:154] - [Grade: A] Saved to: /Users/kenfasano/Scripts/ScreenArt/Images/TransformedImages/noaa_goes_1_se_Air_Mass-A.jpeg
2026-03-13 09:15:59,719 - INFO - [pipeline.py:47] - "DataMoshTransformer","intensity=0.01"
2026-03-13 09:15:59,773 - INFO - [pipeline.py:47] - "FractalWarpTransformer","iter=1,scale=0.05"
2026-03-13 09:15:59,833 - INFO - [pipeline.py:47] - "ThermalImagingTransformer","thermal=True"
2026-03-13 09:15:59,911 - INFO - [pipeline.py:47] - "MeltMorphTransformer","intensity=0.50"
2026-03-13 09:15:59,941 - INFO - [pipeline.py:154] - [Grade: B] Saved to: /Users/kenfasano/Scripts/ScreenArt/Images/TransformedImages/Starr_08-B.jpeg
2026-03-13 09:16:00,231 - INFO - [pipeline.py:47] - "DuotoneTransformer","highlight=#205f09,shadow=#910df3"
2026-03-13 09:16:00,383 - INFO - [pipeline.py:47] - "MeltMorphTransformer","intensity=0.50"
2026-03-13 09:16:00,624 - INFO - [pipeline.py:47] - "WheelTransformer","blend=normal,copies=3"
2026-03-13 09:16:00,671 - INFO - [pipeline.py:154] - [Grade: B] Saved to: /Users/kenfasano/Scripts/ScreenArt/Images/TransformedImages/Liége._L-B.jpeg
2026-03-13 09:16:00,717 - INFO - [pipeline.py:47] - "PosterizationTransformer","levels=4"
2026-03-13 09:16:00,818 - INFO - [pipeline.py:47] - "HalftoneTransformer","size=2"
2026-03-13 09:16:00,856 - INFO - [pipeline.py:154] - [Grade: C] Saved to: /Users/kenfasano/Scripts/ScreenArt/Images/TransformedImages/Symphoni-C.jpeg
2026-03-13 09:16:00,864 - INFO - [pipeline.py:47] - "PosterizationTransformer","levels=4"
2026-03-13 09:16:00,875 - INFO - [pipeline.py:47] - "DataMoshTransformer","intensity=0.02"
2026-03-13 09:16:00,883 - INFO - [pipeline.py:47] - "FisheyeTransformer","shape=circle,strength=0.34,zoom=0.90"
2026-03-13 09:16:00,889 - INFO - [pipeline.py:154] - [Grade: A] Saved to: /Users/kenfasano/Scripts/ScreenArt/Images/TransformedImages/960px-Avon_Driv-A.jpeg
2026-03-13 09:16:00,942 - INFO - [pipeline.py:47] - "FractalWarpTransformer","iter=1,scale=0.05"
2026-03-13 09:16:00,982 - INFO - [pipeline.py:47] - "ThreeDExtrusionTransformer","ambient=0.46,intensity=0.50"
2026-03-13 09:16:01,021 - INFO - [pipeline.py:47] - "TritoneTransformer","highlight=#37d9b1,mid=#b30872,shadow=#c01a6b"
2026-03-13 09:16:01,042 - INFO - [pipeline.py:154] - [Grade: C] Saved to: /Users/kenfasano/Scripts/ScreenArt/Images/TransformedImages/Spoorbru-C.jpeg
2026-03-13 09:16:01,326 - INFO - [pipeline.py:47] - "WatercolorTransformer","scale=0.85,style=monet"
2026-03-13 09:16:01,367 - INFO - [pipeline.py:47] - "FractalWarpTransformer","iter=1,scale=0.05"
2026-03-13 09:16:01,387 - INFO - [pipeline.py:154] - [Grade: A] Saved to: /Users/kenfasano/Scripts/ScreenArt/Images/TransformedImages/Girls_Be-A.jpeg
2026-03-13 09:16:01,432 - INFO - [pipeline.py:47] - "ThermalImagingTransformer","thermal=True"
2026-03-13 09:16:01,492 - INFO - [pipeline.py:47] - "FlipWilsonTransformer","keep=bottom,narrow=0.28"
2026-03-13 09:16:01,527 - INFO - [pipeline.py:47] - "FractalWarpTransformer","iter=1,scale=0.05"
2026-03-13 09:16:01,543 - INFO - [pipeline.py:154] - [Grade: A] Saved to: /Users/kenfasano/Scripts/ScreenArt/Images/TransformedImages/lojong_2-A-hero.jpeg
2026-03-13 09:16:01,565 - INFO - [pipeline.py:47] - "PosterizationTransformer","levels=4"
2026-03-13 09:16:01,649 - INFO - [pipeline.py:47] - "DuotoneTransformer","highlight=#07a079,shadow=#6c23dd"
2026-03-13 09:16:01,681 - INFO - [pipeline.py:47] - "ThreeDExtrusionTransformer","ambient=0.26,intensity=0.50"
2026-03-13 09:16:01,698 - INFO - [pipeline.py:154] - [Grade: F] Saved to: /Users/kenfasano/Scripts/ScreenArt/Images/Rejected/lojong_3-F-hero.jpeg
2026-03-13 09:16:01,718 - INFO - [pipeline.py:47] - "InvertRGBTransformer","blend=0.43"
2026-03-13 09:16:01,764 - INFO - [pipeline.py:47] - "FluidWarpTransformer","alpha=0.27,sigma=6.21"
2026-03-13 09:16:01,781 - INFO - [pipeline.py:154] - [Grade: F] Saved to: /Users/kenfasano/Scripts/ScreenArt/Images/Rejected/lojong_8-F-hero.jpeg
2026-03-13 09:16:01,803 - INFO - [pipeline.py:47] - "PosterizationTransformer","levels=4"
2026-03-13 09:16:01,820 - INFO - [pipeline.py:154] - [Grade: C] Saved to: /Users/kenfasano/Scripts/ScreenArt/Images/TransformedImages/lojong_4-C-columns.jpeg
2026-03-13 09:16:01,857 - INFO - [pipeline.py:47] - "RadialWarpTransformer","radius=0.25,strength=125.37213163152136,129.69749772646207,82.31867191251395,style=push,pull,pull"
2026-03-13 09:16:01,910 - INFO - [pipeline.py:47] - "MeltMorphTransformer","intensity=0.50"
2026-03-13 09:16:01,930 - INFO - [pipeline.py:154] - [Grade: A] Saved to: /Users/kenfasano/Scripts/ScreenArt/Images/TransformedImages/lojong_5-A-columns.jpeg
2026-03-13 09:16:01,978 - INFO - [pipeline.py:47] - "SwirlWarpTransformer","strength=1.50"
2026-03-13 09:16:02,012 - INFO - [pipeline.py:47] - "FractalWarpTransformer","iter=1,scale=0.05"
2026-03-13 09:16:02,030 - INFO - [pipeline.py:154] - [Grade: A] Saved to: /Users/kenfasano/Scripts/ScreenArt/Images/TransformedImages/lojong_9-A-columns.jpeg
2026-03-13 09:16:02,065 - INFO - [pipeline.py:47] - "GlitchWarpTransformer","intensity=0.01"
2026-03-13 09:16:02,088 - INFO - [pipeline.py:47] - "RadialWarpTransformer","radius=0.25,strength=48.64523778350857,94.20720459936527,75.87002633254997,style=pull,push,pull"
2026-03-13 09:16:02,106 - INFO - [pipeline.py:154] - [Grade: A] Saved to: /Users/kenfasano/Scripts/ScreenArt/Images/TransformedImages/lojong_6-A-hero.jpeg
2026-03-13 09:16:02,159 - INFO - [pipeline.py:47] - "AnamorphicTransformer","intensity=0.0,0.2,0.4,0.6,0.8,thresh=80"
2026-03-13 09:16:02,186 - INFO - [pipeline.py:47] - "GlitchWarpTransformer","intensity=0.01"
2026-03-13 09:16:02,202 - INFO - [pipeline.py:154] - [Grade: F] Saved to: /Users/kenfasano/Scripts/ScreenArt/Images/Rejected/lojong_7-F-scatter.jpeg
2026-03-13 09:16:02,265 - INFO - [pipeline.py:47] - "HalftoneTransformer","size=2"
2026-03-13 09:16:02,280 - INFO - [pipeline.py:154] - [Grade: C] Saved to: /Users/kenfasano/Scripts/ScreenArt/Images/TransformedImages/lojong_0-C-scatter.jpeg
2026-03-13 09:16:02,335 - INFO - [pipeline.py:47] - "AnamorphicTransformer","intensity=0.0,0.2,0.4,0.6,0.8,thresh=80"
2026-03-13 09:16:02,345 - INFO - [pipeline.py:47] - "InvertRGBTransformer","blend=0.77"
2026-03-13 09:16:02,373 - INFO - [pipeline.py:47] - "GlitchWarpTransformer","intensity=0.01"
2026-03-13 09:16:02,387 - INFO - [pipeline.py:47] - "ColormapTransformer","map=hsv"
2026-03-13 09:16:02,404 - INFO - [pipeline.py:154] - [Grade: A] Saved to: /Users/kenfasano/Scripts/ScreenArt/Images/TransformedImages/lojong_1-A-scatter.jpeg
2026-03-13 09:16:02,543 - INFO - [pipeline.py:47] - "XrayTransformer","colors=64"
2026-03-13 09:16:02,592 - INFO - [pipeline.py:47] - "HalftoneTransformer","size=2"
2026-03-13 09:16:02,623 - INFO - [pipeline.py:47] - "ThreeDExtrusionTransformer","ambient=0.26,intensity=0.50"
2026-03-13 09:16:02,659 - INFO - [pipeline.py:47] - "DataMoshTransformer","intensity=0.01"
2026-03-13 09:16:02,675 - INFO - [pipeline.py:154] - [Grade: F] Saved to: /Users/kenfasano/Scripts/ScreenArt/Images/Rejected/psalms_131-F-scatter.jpeg
2026-03-13 09:16:02,769 - INFO - [pipeline.py:47] - "DuotoneTransformer","highlight=#97e35f,shadow=#2b0c59"
2026-03-13 09:16:02,858 - INFO - [pipeline.py:47] - "XrayTransformer","colors=64"
2026-03-13 09:16:02,917 - INFO - [pipeline.py:47] - "FlipWilsonTransformer","keep=bottom,narrow=0.28"
2026-03-13 09:16:02,935 - INFO - [pipeline.py:154] - [Grade: C] Saved to: /Users/kenfasano/Scripts/ScreenArt/Images/TransformedImages/psalms_36-C-tile.jpeg
2026-03-13 09:16:02,955 - INFO - [pipeline.py:47] - "InvertRGBTransformer","blend=0.55"
2026-03-13 09:16:02,972 - INFO - [pipeline.py:154] - [Grade: F] Saved to: /Users/kenfasano/Scripts/ScreenArt/Images/Rejected/psalms_141-F-tile.jpeg
2026-03-13 09:16:02,992 - INFO - [pipeline.py:47] - "InvertRGBTransformer","blend=0.41"
2026-03-13 09:16:03,009 - INFO - [pipeline.py:154] - [Grade: F] Saved to: /Users/kenfasano/Scripts/ScreenArt/Images/Rejected/psalms_30-F-columns.jpeg
2026-03-13 09:16:03,141 - INFO - [pipeline.py:47] - "XrayTransformer","colors=128"
2026-03-13 09:16:03,160 - INFO - [pipeline.py:154] - [Grade: A] Saved to: /Users/kenfasano/Scripts/ScreenArt/Images/TransformedImages/psalms_49-A-scatter.jpeg
2026-03-13 09:16:03,267 - INFO - [pipeline.py:47] - "WheelTransformer","blend=normal,copies=3"
2026-03-13 09:16:03,294 - INFO - [pipeline.py:47] - "GlitchWarpTransformer","intensity=0.01"
2026-03-13 09:16:03,312 - INFO - [pipeline.py:154] - [Grade: A] Saved to: /Users/kenfasano/Scripts/ScreenArt/Images/TransformedImages/psalms_32-A-hero.jpeg
2026-03-13 09:16:03,418 - INFO - [pipeline.py:47] - "WheelTransformer","blend=normal,copies=3"
2026-03-13 09:16:03,450 - INFO - [pipeline.py:47] - "FisheyeTransformer","shape=oval,strength=0.32,zoom=1.13"
2026-03-13 09:16:03,469 - INFO - [pipeline.py:154] - [Grade: F] Saved to: /Users/kenfasano/Scripts/ScreenArt/Images/Rejected/psalms_129-F-hero.jpeg
2026-03-13 09:16:03,534 - INFO - [pipeline.py:47] - "MeltMorphTransformer","intensity=0.50"
2026-03-13 09:16:03,752 - INFO - [pipeline.py:47] - "WatercolorTransformer","scale=0.85,style=monet"
2026-03-13 09:16:03,851 - INFO - [pipeline.py:47] - "WheelTransformer","blend=normal,copies=3"
2026-03-13 09:16:03,865 - INFO - [pipeline.py:47] - "PosterizationTransformer","levels=4"
2026-03-13 09:16:03,882 - INFO - [pipeline.py:154] - [Grade: A] Saved to: /Users/kenfasano/Scripts/ScreenArt/Images/TransformedImages/psalms_113-A-scatter.jpeg
2026-03-13 09:16:03,921 - INFO - [pipeline.py:47] - "TritoneTransformer","highlight=#732e85,mid=#ffe405,shadow=#4b98ae"
2026-03-13 09:16:04,009 - INFO - [pipeline.py:47] - "DuotoneTransformer","highlight=#857e4f,shadow=#f15716"
2026-03-13 09:16:04,069 - INFO - [pipeline.py:47] - "MeltMorphTransformer","intensity=0.50"
2026-03-13 09:16:04,086 - INFO - [pipeline.py:154] - [Grade: F] Saved to: /Users/kenfasano/Scripts/ScreenArt/Images/Rejected/psalms_14-F-scatter.jpeg
2026-03-13 09:16:04,158 - INFO - [pipeline.py:47] - "XrayTransformer","colors=64"
2026-03-13 09:16:04,173 - INFO - [pipeline.py:47] - "AnamorphicTransformer","intensity=0.0,0.2,0.4,0.6,0.8,thresh=80"
2026-03-13 09:16:04,181 - INFO - [pipeline.py:47] - "GlitchWarpTransformer","intensity=0.01"
2026-03-13 09:16:04,189 - INFO - [pipeline.py:47] - "FisheyeTransformer","shape=circle,strength=0.49,zoom=1.09"
2026-03-13 09:16:04,195 - INFO - [pipeline.py:154] - [Grade: A] Saved to: /Users/kenfasano/Scripts/ScreenArt/Images/TransformedImages/peripheral_drift_2-A.jpeg
2026-03-13 09:16:04,224 - INFO - [pipeline.py:47] - "DuotoneTransformer","highlight=#5236c6,shadow=#2f988a"
2026-03-13 09:16:04,291 - INFO - [pipeline.py:47] - "WatercolorTransformer","scale=0.85,style=monet"
2026-03-13 09:16:04,303 - INFO - [pipeline.py:47] - "DataMoshTransformer","intensity=0.01"
2026-03-13 09:16:04,313 - INFO - [pipeline.py:47] - "RadialWarpTransformer","radius=0.25,strength=127.49380540215394,35.61805110224315,53.22291515095914,style=push,push,pull"
2026-03-13 09:16:04,318 - INFO - [pipeline.py:154] - [Grade: F] Saved to: /Users/kenfasano/Scripts/ScreenArt/Images/Rejected/peripheral_drift_3-F.jpeg
2026-03-13 09:16:04,334 - INFO - [pipeline.py:47] - "ThermalImagingTransformer","thermal=True"
2026-03-13 09:16:04,345 - INFO - [pipeline.py:47] - "DataMoshTransformer","intensity=0.02"
2026-03-13 09:16:04,359 - INFO - [pipeline.py:47] - "FluidWarpTransformer","alpha=3.72,sigma=6.39"
2026-03-13 09:16:04,365 - INFO - [pipeline.py:154] - [Grade: A] Saved to: /Users/kenfasano/Scripts/ScreenArt/Images/TransformedImages/peripheral_drift_1-A.jpeg
2026-03-13 09:16:04,365 - INFO - [main.py:196] - WatercolorTransformer
2026-03-13 09:16:04,365 - INFO - [main.py:196] - XrayTransformer
2026-03-13 09:16:04,365 - INFO - [main.py:196] - WheelTransformer
2026-03-13 09:16:04,365 - INFO - [main.py:196] - DuotoneTransformer
2026-03-13 09:16:04,365 - INFO - [main.py:196] - MeltMorphTransformer
2026-03-13 09:16:04,365 - INFO - [main.py:196] - HalftoneTransformer
2026-03-13 09:16:04,365 - INFO - [main.py:196] - FlipWilsonTransformer
2026-03-13 09:16:04,365 - INFO - [main.py:196] - AnamorphicTransformer
2026-03-13 09:16:04,365 - INFO - [main.py:196] - FractalWarpTransformer
2026-03-13 09:16:04,365 - INFO - [main.py:196] - FluidWarpTransformer
2026-03-13 09:16:04,365 - INFO - [main.py:196] - TritoneTransformer
2026-03-13 09:16:04,365 - INFO - [main.py:196] - ThermalImagingTransformer
2026-03-13 09:16:04,365 - INFO - [main.py:196] - ThreeDExtrusionTransformer
2026-03-13 09:16:04,365 - INFO - [main.py:196] - SwirlWarpTransformer
2026-03-13 09:16:04,365 - INFO - [main.py:196] - DataMoshTransformer
2026-03-13 09:16:04,365 - INFO - [main.py:196] - GlitchWarpTransformer
2026-03-13 09:16:04,365 - INFO - [main.py:196] - FisheyeTransformer
2026-03-13 09:16:04,365 - INFO - [main.py:196] - RadialWarpTransformer
2026-03-13 09:16:04,365 - INFO - [main.py:196] - ColormapTransformer
2026-03-13 09:16:04,365 - INFO - [main.py:196] - PosterizationTransformer
2026-03-13 09:16:04,365 - INFO - [main.py:196] - InvertRGBTransformer
2026-03-13 09:16:04,365 - INFO - [main.py:239] - 21s@09:16 ✓
Accepted: 43
Rejected: 14
---
Wiki                       ->  4512ms
Bible                      ->  3914ms
Lojong                     ->  2355ms
Nasa                       ->  1506ms
Cubes                      ->   559ms
GoesGenerator              ->   482ms
Bubbles                    ->   264ms
NasaMapGenerator           ->   129ms
PeripheralDriftIllusion    ->    46ms
---
WatercolorTransformer      -> Min:    67ms | Avg:   182ms | Max:   272ms
XrayTransformer            -> Min:    67ms | Avg:   112ms | Max:   146ms
WheelTransformer           -> Min:    20ms | Avg:   104ms | Max:   242ms
DuotoneTransformer         -> Min:    18ms | Avg:    90ms | Max:   246ms
MeltMorphTransformer       -> Min:    10ms | Avg:    58ms | Max:   151ms
HalftoneTransformer        -> Min:    17ms | Avg:    53ms | Max:   101ms
FlipWilsonTransformer      -> Min:    14ms | Avg:    46ms | Max:    73ms
AnamorphicTransformer      -> Min:    14ms | Avg:    44ms | Max:    68ms
FractalWarpTransformer     -> Min:    14ms | Avg:    36ms | Max:    54ms
FluidWarpTransformer       -> Min:    13ms | Avg:    35ms | Max:    55ms
TritoneTransformer         -> Min:    30ms | Avg:    33ms | Max:    39ms
ThermalImagingTransformer  -> Min:    12ms | Avg:    33ms | Max:    60ms
ThreeDExtrusionTransformer -> Min:    12ms | Avg:    30ms | Max:    40ms
SwirlWarpTransformer       -> Min:    21ms | Avg:    29ms | Max:    39ms
DataMoshTransformer        -> Min:     8ms | Avg:    24ms | Max:    55ms
GlitchWarpTransformer      -> Min:     6ms | Avg:    22ms | Max:    28ms
FisheyeTransformer         -> Min:     7ms | Avg:    20ms | Max:    39ms
RadialWarpTransformer      -> Min:     9ms | Avg:    17ms | Max:    24ms
ColormapTransformer        -> Min:    13ms | Avg:    14ms | Max:    16ms
PosterizationTransformer   -> Min:     4ms | Avg:    13ms | Max:    28ms
InvertRGBTransformer       -> Min:     2ms | Avg:     9ms | Max:    11ms
