2026-03-14 07:08:13,612 - INFO - [pipeline.py:136] - "ColormapTransformer","map=rainbow"
2026-03-14 07:08:13,631 - INFO - [pipeline.py:229] - [Grade: A] Saved to: /Users/kenfasano/Scripts/ScreenArt/Images/TransformedImages/bubbles_4-A.jpeg
2026-03-14 07:08:13,665 - INFO - [pipeline.py:136] - "RadialWarpTransformer","radius=0.25,strength=137.41640455680002,128.7203982012466,45.14638314916524,style=pull,push,push"
2026-03-14 07:08:13,704 - INFO - [pipeline.py:136] - "ThermalImagingTransformer","thermal=True"
2026-03-14 07:08:13,720 - INFO - [pipeline.py:136] - "PosterizationTransformer","levels=4"
2026-03-14 07:08:13,738 - INFO - [pipeline.py:229] - [Grade: A] Saved to: /Users/kenfasano/Scripts/ScreenArt/Images/TransformedImages/bubbles_8-A.jpeg
2026-03-14 07:08:13,786 - INFO - [pipeline.py:136] - "ThermalImagingTransformer","thermal=True"
2026-03-14 07:08:13,799 - INFO - [pipeline.py:136] - "ColormapTransformer","map=autumn"
2026-03-14 07:08:13,863 - INFO - [pipeline.py:136] - "MeltMorphTransformer","intensity=0.50"
2026-03-14 07:08:13,969 - INFO - [pipeline.py:136] - "WheelTransformer","blend=lighter,copies=3"
2026-03-14 07:08:13,987 - INFO - [pipeline.py:229] - [Grade: A] Saved to: /Users/kenfasano/Scripts/ScreenArt/Images/TransformedImages/bubbles_9-A.jpeg
2026-03-14 07:08:14,007 - INFO - [pipeline.py:136] - "PosterizationTransformer","levels=4"
2026-03-14 07:08:14,027 - INFO - [pipeline.py:136] - "RadialWarpTransformer","radius=0.25,strength=105.59739030362441,125.45111571199708,style=push,push"
2026-03-14 07:08:14,062 - INFO - [pipeline.py:136] - "ThermalImagingTransformer","thermal=True"
2026-03-14 07:08:14,099 - INFO - [pipeline.py:136] - "FractalWarpTransformer","iter=1,scale=0.05"
2026-03-14 07:08:14,115 - INFO - [pipeline.py:229] - [Grade: A] Saved to: /Users/kenfasano/Scripts/ScreenArt/Images/TransformedImages/bubbles_5-A.jpeg
2026-03-14 07:08:14,153 - INFO - [pipeline.py:136] - "FisheyeTransformer","shape=oval,strength=0.63,zoom=1.02"
2026-03-14 07:08:14,170 - INFO - [pipeline.py:229] - [Grade: F] Saved to: /Users/kenfasano/Scripts/ScreenArt/Images/Rejected/bubbles_2-F.jpeg
2026-03-14 07:08:14,238 - INFO - [pipeline.py:136] - "ColormapTransformer","map=jet"
2026-03-14 07:08:14,291 - INFO - [pipeline.py:136] - "DataMoshTransformer","intensity=0.01"
2026-03-14 07:08:14,311 - INFO - [pipeline.py:229] - [Grade: B] Saved to: /Users/kenfasano/Scripts/ScreenArt/Images/TransformedImages/bubbles_3-B.jpeg
2026-03-14 07:08:14,331 - INFO - [pipeline.py:136] - "PosterizationTransformer","levels=4"
2026-03-14 07:08:14,369 - INFO - [pipeline.py:136] - "DataMoshTransformer","intensity=0.02"
2026-03-14 07:08:14,407 - INFO - [pipeline.py:136] - "SwirlWarpTransformer","strength=1.50"
2026-03-14 07:08:14,454 - INFO - [pipeline.py:136] - "HalftoneTransformer","size=2"
2026-03-14 07:08:14,472 - INFO - [pipeline.py:229] - [Grade: A] Saved to: /Users/kenfasano/Scripts/ScreenArt/Images/TransformedImages/bubbles_10-A.jpeg
2026-03-14 07:08:14,493 - INFO - [pipeline.py:136] - "ColormapTransformer","map=cool"
2026-03-14 07:08:14,520 - INFO - [pipeline.py:136] - "GlitchWarpTransformer","intensity=0.01"
2026-03-14 07:08:14,557 - INFO - [pipeline.py:136] - "ThermalImagingTransformer","thermal=True"
2026-03-14 07:08:14,570 - INFO - [pipeline.py:136] - "PosterizationTransformer","levels=4"
2026-03-14 07:08:14,590 - INFO - [pipeline.py:229] - [Grade: B] Saved to: /Users/kenfasano/Scripts/ScreenArt/Images/TransformedImages/bubbles_1-B.jpeg
2026-03-14 07:08:14,626 - INFO - [pipeline.py:136] - "GlitchWarpTransformer","intensity=0.01"
2026-03-14 07:08:14,667 - INFO - [pipeline.py:136] - "ThermalImagingTransformer","thermal=True"
2026-03-14 07:08:14,681 - INFO - [pipeline.py:136] - "PosterizationTransformer","levels=4"
2026-03-14 07:08:14,700 - INFO - [pipeline.py:229] - [Grade: A] Saved to: /Users/kenfasano/Scripts/ScreenArt/Images/TransformedImages/bubbles_6-A.jpeg
2026-03-14 07:08:14,742 - INFO - [pipeline.py:136] - "FractalWarpTransformer","iter=1,scale=0.05"
2026-03-14 07:08:14,778 - INFO - [pipeline.py:136] - "ThermalImagingTransformer","thermal=True"
2026-03-14 07:08:14,815 - INFO - [pipeline.py:136] - "DataMoshTransformer","intensity=0.01"
2026-03-14 07:08:14,834 - INFO - [pipeline.py:229] - [Grade: A] Saved to: /Users/kenfasano/Scripts/ScreenArt/Images/TransformedImages/bubbles_7-A.jpeg
2026-03-14 07:08:14,877 - INFO - [pipeline.py:136] - "DataMoshTransformer","intensity=0.01"
2026-03-14 07:08:14,914 - INFO - [pipeline.py:136] - "ThermalImagingTransformer","thermal=True"
2026-03-14 07:08:14,930 - INFO - [pipeline.py:229] - [Grade: A] Saved to: /Users/kenfasano/Scripts/ScreenArt/Images/TransformedImages/cubes_2-A.jpeg
2026-03-14 07:08:14,986 - INFO - [pipeline.py:136] - "HalftoneTransformer","size=2"
2026-03-14 07:08:15,002 - INFO - [pipeline.py:229] - [Grade: C] Saved to: /Users/kenfasano/Scripts/ScreenArt/Images/TransformedImages/cubes_3-C.jpeg
2026-03-14 07:08:15,126 - INFO - [pipeline.py:136] - "WheelTransformer","blend=lighter,copies=3"
2026-03-14 07:08:15,140 - INFO - [pipeline.py:136] - "ColormapTransformer","map=hsv"
2026-03-14 07:08:15,198 - INFO - [pipeline.py:136] - "MeltMorphTransformer","intensity=0.50"
2026-03-14 07:08:15,213 - INFO - [pipeline.py:136] - "PosterizationTransformer","levels=4"
2026-03-14 07:08:15,232 - INFO - [pipeline.py:229] - [Grade: B] Saved to: /Users/kenfasano/Scripts/ScreenArt/Images/TransformedImages/cubes_4-B.jpeg
2026-03-14 07:08:15,272 - INFO - [pipeline.py:136] - "FluidWarpTransformer","alpha=18.09,sigma=3.09"
2026-03-14 07:08:15,491 - INFO - [pipeline.py:136] - "WatercolorTransformer","scale=0.85,style=psychedelic"
2026-03-14 07:08:15,504 - INFO - [pipeline.py:136] - "ColormapTransformer","map=pink"
2026-03-14 07:08:15,522 - INFO - [pipeline.py:229] - [Grade: A] Saved to: /Users/kenfasano/Scripts/ScreenArt/Images/TransformedImages/cubes_5-A.jpeg
2026-03-14 07:08:15,567 - INFO - [pipeline.py:136] - "FluidWarpTransformer","alpha=13.36,sigma=4.65"
2026-03-14 07:08:15,583 - INFO - [pipeline.py:229] - [Grade: A] Saved to: /Users/kenfasano/Scripts/ScreenArt/Images/TransformedImages/cubes_6-A.jpeg
2026-03-14 07:08:15,689 - INFO - [pipeline.py:136] - "XrayTransformer","colors=64"
2026-03-14 07:08:15,723 - INFO - [pipeline.py:136] - "FractalWarpTransformer","iter=1,scale=0.05"
2026-03-14 07:08:15,736 - INFO - [pipeline.py:136] - "ColormapTransformer","map=summer"
2026-03-14 07:08:15,784 - INFO - [pipeline.py:136] - "HalftoneTransformer","size=2"
2026-03-14 07:08:15,799 - INFO - [pipeline.py:229] - [Grade: A] Saved to: /Users/kenfasano/Scripts/ScreenArt/Images/TransformedImages/cubes_1-A.jpeg
2026-03-14 07:08:15,803 - INFO - [pipeline.py:136] - "ColormapTransformer","map=hot"
2026-03-14 07:08:15,832 - INFO - [pipeline.py:136] - "WatercolorTransformer","scale=0.85,style=psychedelic"
2026-03-14 07:08:15,839 - INFO - [pipeline.py:136] - "HalftoneTransformer","size=2"
2026-03-14 07:08:15,846 - INFO - [pipeline.py:136] - "XrayTransformer","colors=64"
2026-03-14 07:08:15,849 - INFO - [pipeline.py:229] - [Grade: F] Saved to: /Users/kenfasano/Scripts/ScreenArt/Images/Rejected/ngc4622_hst-F.jpg
2026-03-14 07:08:15,883 - INFO - [pipeline.py:136] - "FlipWilsonTransformer","keep=bottom,narrow=0.26"
2026-03-14 07:08:15,897 - INFO - [pipeline.py:136] - "ThermalImagingTransformer","thermal=True"
2026-03-14 07:08:15,914 - INFO - [pipeline.py:136] - "FluidWarpTransformer","alpha=17.86,sigma=7.52"
2026-03-14 07:08:15,923 - INFO - [pipeline.py:136] - "GlitchWarpTransformer","intensity=0.01"
2026-03-14 07:08:15,930 - INFO - [pipeline.py:229] - [Grade: A] Saved to: /Users/kenfasano/Scripts/ScreenArt/Images/TransformedImages/MoonSpringDai_1024crop-A.jpg
2026-03-14 07:08:15,952 - INFO - [pipeline.py:136] - "GlitchWarpTransformer","intensity=0.01"
2026-03-14 07:08:15,963 - INFO - [pipeline.py:229] - [Grade: A] Saved to: /Users/kenfasano/Scripts/ScreenArt/Images/TransformedImages/QuadMoon_Minato_960-A.jpg
2026-03-14 07:08:16,049 - INFO - [pipeline.py:136] - "XrayTransformer","colors=64"
2026-03-14 07:08:16,056 - INFO - [pipeline.py:229] - [Grade: C] Saved to: /Users/kenfasano/Scripts/ScreenArt/Images/TransformedImages/pillarsofcreation_hst-C.jpg
2026-03-14 07:08:16,072 - INFO - [pipeline.py:136] - "RadialWarpTransformer","radius=0.25,strength=133.17970659134102,139.01617568055386,60.16488527824316,style=push,push,push"
2026-03-14 07:08:16,088 - INFO - [pipeline.py:136] - "SwirlWarpTransformer","strength=1.50"
2026-03-14 07:08:16,094 - INFO - [pipeline.py:229] - [Grade: C] Saved to: /Users/kenfasano/Scripts/ScreenArt/Images/TransformedImages/jupiterpersonvenus_nikodem_960-C.jpg
2026-03-14 07:08:16,125 - INFO - [pipeline.py:136] - "AnamorphicTransformer","intensity=0.0,0.2,0.4,0.6,0.8,thresh=80"
2026-03-14 07:08:16,131 - INFO - [pipeline.py:229] - [Grade: A] Saved to: /Users/kenfasano/Scripts/ScreenArt/Images/TransformedImages/M64_Hubble_960-A.jpg
2026-03-14 07:08:16,158 - INFO - [pipeline.py:136] - "DataMoshTransformer","intensity=0.02"
2026-03-14 07:08:16,183 - INFO - [pipeline.py:136] - "FluidWarpTransformer","alpha=15.15,sigma=6.50"
2026-03-14 07:08:16,193 - INFO - [pipeline.py:229] - [Grade: A] Saved to: /Users/kenfasano/Scripts/ScreenArt/Images/TransformedImages/nhq201611140001_900x1238-A.jpg
2026-03-14 07:08:16,203 - INFO - [pipeline.py:136] - "MeltMorphTransformer","intensity=0.50"
2026-03-14 07:08:16,207 - INFO - [pipeline.py:136] - "GlitchWarpTransformer","intensity=0.01"
2026-03-14 07:08:16,211 - INFO - [pipeline.py:136] - "FluidWarpTransformer","alpha=17.70,sigma=2.40"
2026-03-14 07:08:16,214 - INFO - [pipeline.py:229] - [Grade: A] Saved to: /Users/kenfasano/Scripts/ScreenArt/Images/TransformedImages/sn1006_noao-A.jpg
2026-03-14 07:08:16,231 - INFO - [pipeline.py:136] - "FractalWarpTransformer","iter=1,scale=0.05"
2026-03-14 07:08:16,236 - INFO - [pipeline.py:136] - "ColormapTransformer","map=bone"
2026-03-14 07:08:16,245 - INFO - [pipeline.py:136] - "RadialWarpTransformer","radius=0.25,strength=99.89137095596182,100.72173838592023,62.028632362324565,style=push,push,pull"
2026-03-14 07:08:16,258 - INFO - [pipeline.py:136] - "SwirlWarpTransformer","strength=1.50"
2026-03-14 07:08:16,265 - INFO - [pipeline.py:229] - [Grade: A] Saved to: /Users/kenfasano/Scripts/ScreenArt/Images/TransformedImages/DarkTowerGoldmanF900c-A.jpg
2026-03-14 07:08:16,291 - INFO - [pipeline.py:136] - "MeltMorphTransformer","intensity=0.50"
2026-03-14 07:08:16,300 - INFO - [pipeline.py:136] - "GlitchWarpTransformer","intensity=0.01"
2026-03-14 07:08:16,320 - INFO - [pipeline.py:136] - "FlipWilsonTransformer","keep=bottom,narrow=0.26"
2026-03-14 07:08:16,327 - INFO - [pipeline.py:229] - [Grade: A] Saved to: /Users/kenfasano/Scripts/ScreenArt/Images/TransformedImages/HebesChasma_esa_960-A.jpg
2026-03-14 07:08:16,355 - INFO - [pipeline.py:136] - "ThermalImagingTransformer","thermal=True"
2026-03-14 07:08:16,369 - INFO - [pipeline.py:136] - "SwirlWarpTransformer","strength=1.50"
2026-03-14 07:08:16,378 - INFO - [pipeline.py:229] - [Grade: A] Saved to: /Users/kenfasano/Scripts/ScreenArt/Images/TransformedImages/SDO_AIA-2014_10_24-21_42UT1024-A.jpg
2026-03-14 07:08:16,421 - INFO - [pipeline.py:136] - "SwirlWarpTransformer","strength=1.50"
2026-03-14 07:08:16,451 - INFO - [pipeline.py:136] - "ThermalImagingTransformer","thermal=True"
2026-03-14 07:08:16,499 - INFO - [pipeline.py:136] - "FluidWarpTransformer","alpha=11.43,sigma=6.84"
2026-03-14 07:08:16,514 - INFO - [pipeline.py:229] - [Grade: F] Saved to: /Users/kenfasano/Scripts/ScreenArt/Images/Rejected/nasa_earth_1_Jakarta_True_Color-F.jpeg
2026-03-14 07:08:16,538 - INFO - [pipeline.py:136] - "RadialWarpTransformer","radius=0.25,strength=44.135272656588015,style=push"
2026-03-14 07:08:16,557 - INFO - [pipeline.py:136] - "GlitchWarpTransformer","intensity=0.01"
2026-03-14 07:08:16,592 - INFO - [pipeline.py:136] - "HalftoneTransformer","size=2"
2026-03-14 07:08:16,605 - INFO - [pipeline.py:229] - [Grade: A] Saved to: /Users/kenfasano/Scripts/ScreenArt/Images/TransformedImages/noaa_goes_1_se_Day_Night_Cloud_Micro-A.jpeg
2026-03-14 07:08:16,681 - INFO - [pipeline.py:136] - "HalftoneTransformer","size=2"
2026-03-14 07:08:16,697 - INFO - [pipeline.py:136] - "ColormapTransformer","map=pink"
2026-03-14 07:08:16,718 - INFO - [pipeline.py:229] - [Grade: B] Saved to: /Users/kenfasano/Scripts/ScreenArt/Images/TransformedImages/1280px-ZC_580b_-B.jpeg
2026-03-14 07:08:16,878 - INFO - [pipeline.py:136] - "FlipWilsonTransformer","keep=bottom,narrow=0.26"
2026-03-14 07:08:17,104 - INFO - [pipeline.py:136] - "AnamorphicTransformer","intensity=0.0,0.2,0.4,0.6,0.8,thresh=80"
2026-03-14 07:08:17,187 - INFO - [pipeline.py:136] - "FractalWarpTransformer","iter=1,scale=0.05"
2026-03-14 07:08:17,221 - INFO - [pipeline.py:136] - "ColormapTransformer","map=pink"
2026-03-14 07:08:17,256 - INFO - [pipeline.py:229] - [Grade: B] Saved to: /Users/kenfasano/Scripts/ScreenArt/Images/TransformedImages/Skorowid-B.jpeg
2026-03-14 07:08:17,322 - INFO - [pipeline.py:136] - "HalftoneTransformer","size=2"
2026-03-14 07:08:17,343 - INFO - [pipeline.py:136] - "RadialWarpTransformer","radius=0.25,strength=129.53788834455037,51.26900995253586,style=push,pull"
2026-03-14 07:08:17,381 - INFO - [pipeline.py:136] - "ThermalImagingTransformer","thermal=True"
2026-03-14 07:08:17,420 - INFO - [pipeline.py:136] - "DataMoshTransformer","intensity=0.02"
2026-03-14 07:08:17,441 - INFO - [pipeline.py:229] - [Grade: C] Saved to: /Users/kenfasano/Scripts/ScreenArt/Images/TransformedImages/Wanda_La-C.jpeg
2026-03-14 07:08:17,534 - INFO - [pipeline.py:136] - "GlitchWarpTransformer","intensity=0.01"
2026-03-14 07:08:17,578 - INFO - [pipeline.py:229] - [Grade: A] Saved to: /Users/kenfasano/Scripts/ScreenArt/Images/TransformedImages/VIP_Walk-A.jpeg
2026-03-14 07:08:17,642 - INFO - [pipeline.py:136] - "ThermalImagingTransformer","thermal=True"
2026-03-14 07:08:17,686 - INFO - [pipeline.py:136] - "DataMoshTransformer","intensity=0.01"
2026-03-14 07:08:17,713 - INFO - [pipeline.py:229] - [Grade: B] Saved to: /Users/kenfasano/Scripts/ScreenArt/Images/TransformedImages/Liebherr-B.jpeg
2026-03-14 07:08:17,759 - INFO - [pipeline.py:136] - "FluidWarpTransformer","alpha=2.96,sigma=0.83"
2026-03-14 07:08:17,868 - INFO - [pipeline.py:136] - "WheelTransformer","blend=lighter,copies=3"
2026-03-14 07:08:17,935 - INFO - [pipeline.py:136] - "FlipWilsonTransformer","keep=bottom,narrow=0.26"
2026-03-14 07:08:17,955 - INFO - [pipeline.py:229] - [Grade: A] Saved to: /Users/kenfasano/Scripts/ScreenArt/Images/TransformedImages/1280px-Reinier_-A.jpeg
2026-03-14 07:08:17,974 - INFO - [pipeline.py:136] - "PosterizationTransformer","levels=4"
2026-03-14 07:08:17,991 - INFO - [pipeline.py:229] - [Grade: C] Saved to: /Users/kenfasano/Scripts/ScreenArt/Images/TransformedImages/lojong_2-C-scatter.jpeg
2026-03-14 07:08:18,045 - INFO - [pipeline.py:136] - "HalftoneTransformer","size=2"
2026-03-14 07:08:18,073 - INFO - [pipeline.py:136] - "GlitchWarpTransformer","intensity=0.01"
2026-03-14 07:08:18,102 - INFO - [pipeline.py:136] - "FluidWarpTransformer","alpha=6.08,sigma=0.70"
2026-03-14 07:08:18,125 - INFO - [pipeline.py:136] - "FisheyeTransformer","shape=oval,strength=0.41,zoom=0.99"
2026-03-14 07:08:18,141 - INFO - [pipeline.py:229] - [Grade: C] Saved to: /Users/kenfasano/Scripts/ScreenArt/Images/TransformedImages/lojong_3-C-scatter.jpeg
2026-03-14 07:08:18,186 - INFO - [pipeline.py:136] - "DataMoshTransformer","intensity=0.01"
2026-03-14 07:08:18,204 - INFO - [pipeline.py:229] - [Grade: A] Saved to: /Users/kenfasano/Scripts/ScreenArt/Images/TransformedImages/lojong_8-A-columns.jpeg
2026-03-14 07:08:18,265 - INFO - [pipeline.py:136] - "MeltMorphTransformer","intensity=0.50"
2026-03-14 07:08:18,302 - INFO - [pipeline.py:136] - "ThermalImagingTransformer","thermal=True"
2026-03-14 07:08:18,322 - INFO - [pipeline.py:229] - [Grade: B] Saved to: /Users/kenfasano/Scripts/ScreenArt/Images/TransformedImages/lojong_4-B-columns.jpeg
2026-03-14 07:08:18,344 - INFO - [pipeline.py:136] - "PosterizationTransformer","levels=4"
2026-03-14 07:08:18,361 - INFO - [pipeline.py:229] - [Grade: C] Saved to: /Users/kenfasano/Scripts/ScreenArt/Images/TransformedImages/lojong_5-C-tile.jpeg
2026-03-14 07:08:18,410 - INFO - [pipeline.py:136] - "SwirlWarpTransformer","strength=1.50"
2026-03-14 07:08:18,444 - INFO - [pipeline.py:136] - "FractalWarpTransformer","iter=1,scale=0.05"
2026-03-14 07:08:18,481 - INFO - [pipeline.py:136] - "ThermalImagingTransformer","thermal=True"
2026-03-14 07:08:18,497 - INFO - [pipeline.py:136] - "RadialWarpTransformer","radius=0.25,strength=86.57221379503775,style=pull"
2026-03-14 07:08:18,514 - INFO - [pipeline.py:229] - [Grade: B] Saved to: /Users/kenfasano/Scripts/ScreenArt/Images/TransformedImages/lojong_9-B-columns.jpeg
2026-03-14 07:08:18,551 - INFO - [pipeline.py:136] - "GlitchWarpTransformer","intensity=0.01"
2026-03-14 07:08:18,606 - INFO - [pipeline.py:136] - "MeltMorphTransformer","intensity=0.50"
2026-03-14 07:08:18,641 - INFO - [pipeline.py:136] - "FractalWarpTransformer","iter=1,scale=0.05"
2026-03-14 07:08:18,658 - INFO - [pipeline.py:229] - [Grade: A] Saved to: /Users/kenfasano/Scripts/ScreenArt/Images/TransformedImages/lojong_6-A-columns.jpeg
2026-03-14 07:08:18,693 - INFO - [pipeline.py:136] - "GlitchWarpTransformer","intensity=0.01"
2026-03-14 07:08:18,909 - INFO - [pipeline.py:136] - "WatercolorTransformer","scale=0.85,style=monet"
2026-03-14 07:08:18,926 - INFO - [pipeline.py:229] - [Grade: C] Saved to: /Users/kenfasano/Scripts/ScreenArt/Images/TransformedImages/lojong_7-C-tile.jpeg
2026-03-14 07:08:18,989 - INFO - [pipeline.py:136] - "MeltMorphTransformer","intensity=0.50"
2026-03-14 07:08:19,023 - INFO - [pipeline.py:136] - "FractalWarpTransformer","iter=1,scale=0.05"
2026-03-14 07:08:19,061 - INFO - [pipeline.py:136] - "SwirlWarpTransformer","strength=1.50"
2026-03-14 07:08:19,079 - INFO - [pipeline.py:229] - [Grade: A] Saved to: /Users/kenfasano/Scripts/ScreenArt/Images/TransformedImages/lojong_0-A-columns.jpeg
2026-03-14 07:08:19,124 - INFO - [pipeline.py:136] - "FractalWarpTransformer","iter=1,scale=0.05"
2026-03-14 07:08:19,141 - INFO - [pipeline.py:229] - [Grade: A] Saved to: /Users/kenfasano/Scripts/ScreenArt/Images/TransformedImages/lojong_1-A-columns.jpeg
2026-03-14 07:08:19,189 - INFO - [pipeline.py:136] - "DataMoshTransformer","intensity=0.01"
2026-03-14 07:08:19,412 - INFO - [pipeline.py:136] - "WatercolorTransformer","scale=0.85,style=monet"
2026-03-14 07:08:19,429 - INFO - [pipeline.py:229] - [Grade: A] Saved to: /Users/kenfasano/Scripts/ScreenArt/Images/TransformedImages/psalms_131-A-columns.jpeg
2026-03-14 07:08:19,472 - INFO - [pipeline.py:136] - "FractalWarpTransformer","iter=1,scale=0.05"
2026-03-14 07:08:19,486 - INFO - [pipeline.py:136] - "ColormapTransformer","map=bone"
2026-03-14 07:08:19,505 - INFO - [pipeline.py:229] - [Grade: B] Saved to: /Users/kenfasano/Scripts/ScreenArt/Images/TransformedImages/psalms_61-B-scatter.jpeg
2026-03-14 07:08:19,565 - INFO - [pipeline.py:136] - "HalftoneTransformer","size=2"
2026-03-14 07:08:19,583 - INFO - [pipeline.py:229] - [Grade: A] Saved to: /Users/kenfasano/Scripts/ScreenArt/Images/TransformedImages/psalms_51-A-scatter.jpeg
2026-03-14 07:08:19,627 - INFO - [pipeline.py:136] - "FisheyeTransformer","shape=circle,strength=0.42,zoom=0.91"
2026-03-14 07:08:19,657 - INFO - [pipeline.py:136] - "GlitchWarpTransformer","intensity=0.01"
2026-03-14 07:08:19,692 - INFO - [pipeline.py:136] - "FractalWarpTransformer","iter=1,scale=0.05"
2026-03-14 07:08:19,730 - INFO - [pipeline.py:136] - "DataMoshTransformer","intensity=0.02"
2026-03-14 07:08:19,746 - INFO - [pipeline.py:229] - [Grade: A] Saved to: /Users/kenfasano/Scripts/ScreenArt/Images/TransformedImages/psalms_72-A-scatter.jpeg
2026-03-14 07:08:19,788 - INFO - [pipeline.py:136] - "FractalWarpTransformer","iter=1,scale=0.05"
2026-03-14 07:08:19,804 - INFO - [pipeline.py:136] - "RadialWarpTransformer","radius=0.25,strength=131.26954095528268,style=pull"
2026-03-14 07:08:19,817 - INFO - [pipeline.py:136] - "PosterizationTransformer","levels=4"
2026-03-14 07:08:19,836 - INFO - [pipeline.py:229] - [Grade: A] Saved to: /Users/kenfasano/Scripts/ScreenArt/Images/TransformedImages/psalms_64-A-scatter.jpeg
2026-03-14 07:08:19,859 - INFO - [pipeline.py:136] - "ColormapTransformer","map=hsv"
2026-03-14 07:08:19,887 - INFO - [pipeline.py:136] - "GlitchWarpTransformer","intensity=0.01"
2026-03-14 07:08:19,900 - INFO - [pipeline.py:136] - "PosterizationTransformer","levels=4"
2026-03-14 07:08:19,947 - INFO - [pipeline.py:136] - "HalftoneTransformer","size=2"
2026-03-14 07:08:19,966 - INFO - [pipeline.py:229] - [Grade: A] Saved to: /Users/kenfasano/Scripts/ScreenArt/Images/TransformedImages/psalms_119-A-hero.jpeg
2026-03-14 07:08:20,078 - INFO - [pipeline.py:136] - "WheelTransformer","blend=lighter,copies=3"
2026-03-14 07:08:20,106 - INFO - [pipeline.py:136] - "GlitchWarpTransformer","intensity=0.01"
2026-03-14 07:08:20,124 - INFO - [pipeline.py:229] - [Grade: A] Saved to: /Users/kenfasano/Scripts/ScreenArt/Images/TransformedImages/psalms_53-A-hero.jpeg
2026-03-14 07:08:20,182 - INFO - [pipeline.py:136] - "HalftoneTransformer","size=2"
2026-03-14 07:08:20,198 - INFO - [pipeline.py:229] - [Grade: C] Saved to: /Users/kenfasano/Scripts/ScreenArt/Images/TransformedImages/psalms_49-C-columns.jpeg
2026-03-14 07:08:20,243 - INFO - [pipeline.py:136] - "DataMoshTransformer","intensity=0.02"
2026-03-14 07:08:20,259 - INFO - [pipeline.py:229] - [Grade: A] Saved to: /Users/kenfasano/Scripts/ScreenArt/Images/TransformedImages/psalms_32-A-hero.jpeg
2026-03-14 07:08:20,302 - INFO - [pipeline.py:136] - "FractalWarpTransformer","iter=1,scale=0.05"
2026-03-14 07:08:20,340 - INFO - [pipeline.py:136] - "SwirlWarpTransformer","strength=1.50"
2026-03-14 07:08:20,364 - INFO - [pipeline.py:136] - "FisheyeTransformer","shape=circle,strength=0.65,zoom=1.14"
2026-03-14 07:08:20,381 - INFO - [pipeline.py:229] - [Grade: F] Saved to: /Users/kenfasano/Scripts/ScreenArt/Images/Rejected/psalms_97-F-tile.jpeg
2026-03-14 07:08:20,393 - INFO - [pipeline.py:136] - "FluidWarpTransformer","alpha=0.08,sigma=1.02"
2026-03-14 07:08:20,399 - INFO - [pipeline.py:229] - [Grade: A] Saved to: /Users/kenfasano/Scripts/ScreenArt/Images/TransformedImages/peripheral_drift_2-A.jpeg
2026-03-14 07:08:20,414 - INFO - [pipeline.py:136] - "ThermalImagingTransformer","thermal=True"
2026-03-14 07:08:20,478 - INFO - [pipeline.py:136] - "WatercolorTransformer","scale=0.85,style=psychedelic"
2026-03-14 07:08:20,484 - INFO - [pipeline.py:229] - [Grade: A] Saved to: /Users/kenfasano/Scripts/ScreenArt/Images/TransformedImages/peripheral_drift_3-A.jpeg
2026-03-14 07:08:20,498 - INFO - [pipeline.py:136] - "SwirlWarpTransformer","strength=1.50"
2026-03-14 07:08:20,528 - INFO - [pipeline.py:136] - "WheelTransformer","blend=lighter,copies=3"
2026-03-14 07:08:20,534 - INFO - [pipeline.py:229] - [Grade: A] Saved to: /Users/kenfasano/Scripts/ScreenArt/Images/TransformedImages/peripheral_drift_1-A.jpeg
2026-03-14 07:08:20,534 - INFO - [main.py:196] - WatercolorTransformer
2026-03-14 07:08:20,534 - INFO - [main.py:196] - AnamorphicTransformer
2026-03-14 07:08:20,534 - INFO - [main.py:196] - WheelTransformer
2026-03-14 07:08:20,534 - INFO - [main.py:196] - XrayTransformer
2026-03-14 07:08:20,534 - INFO - [main.py:196] - FlipWilsonTransformer
2026-03-14 07:08:20,534 - INFO - [main.py:196] - HalftoneTransformer
2026-03-14 07:08:20,534 - INFO - [main.py:196] - MeltMorphTransformer
2026-03-14 07:08:20,534 - INFO - [main.py:196] - DataMoshTransformer
2026-03-14 07:08:20,534 - INFO - [main.py:196] - FractalWarpTransformer
2026-03-14 07:08:20,534 - INFO - [main.py:196] - ThermalImagingTransformer
2026-03-14 07:08:20,534 - INFO - [main.py:196] - FisheyeTransformer
2026-03-14 07:08:20,534 - INFO - [main.py:196] - SwirlWarpTransformer
2026-03-14 07:08:20,534 - INFO - [main.py:196] - FluidWarpTransformer
2026-03-14 07:08:20,534 - INFO - [main.py:196] - GlitchWarpTransformer
2026-03-14 07:08:20,534 - INFO - [main.py:196] - ColormapTransformer
2026-03-14 07:08:20,534 - INFO - [main.py:196] - RadialWarpTransformer
2026-03-14 07:08:20,534 - INFO - [main.py:196] - PosterizationTransformer
2026-03-14 07:08:20,535 - INFO - [main.py:239] - 24s@07:08 ✓
Accepted: 54
Rejected: 4
---
Bible                      ->  7691ms
Wiki                       ->  3933ms
Lojong                     ->  2262ms
Nasa                       ->  1184ms
GoesGenerator              ->   810ms
Bubbles                    ->   581ms
NasaMapGenerator           ->   443ms
Cubes                      ->   183ms
PeripheralDriftIllusion    ->    58ms
---
WatercolorTransformer      -> Min:    29ms | Avg:   150ms | Max:   223ms
AnamorphicTransformer      -> Min:    27ms | Avg:   126ms | Max:   226ms
WheelTransformer           -> Min:    30ms | Avg:    93ms | Max:   117ms
XrayTransformer            -> Min:     7ms | Avg:    63ms | Max:    99ms
FlipWilsonTransformer      -> Min:    20ms | Avg:    60ms | Max:   134ms
HalftoneTransformer        -> Min:     6ms | Avg:    45ms | Max:    64ms
MeltMorphTransformer       -> Min:     7ms | Avg:    44ms | Max:    63ms
DataMoshTransformer        -> Min:    22ms | Avg:    38ms | Max:    53ms
FractalWarpTransformer     -> Min:    11ms | Avg:    37ms | Max:    83ms
ThermalImagingTransformer  -> Min:    12ms | Avg:    33ms | Max:    48ms
FisheyeTransformer         -> Min:    23ms | Avg:    28ms | Max:    34ms
SwirlWarpTransformer       -> Min:    11ms | Avg:    27ms | Max:    38ms
FluidWarpTransformer       -> Min:     4ms | Avg:    26ms | Max:    48ms
GlitchWarpTransformer      -> Min:     4ms | Avg:    25ms | Max:    69ms
ColormapTransformer        -> Min:     2ms | Avg:    17ms | Max:    61ms
RadialWarpTransformer      -> Min:     9ms | Avg:    16ms | Max:    25ms
PosterizationTransformer   -> Min:    13ms | Avg:    13ms | Max:    16ms
