2026-03-13 20:24:28,249 - INFO - [pipeline.py:136] - "DataMoshTransformer","intensity=0.01"
2026-03-13 20:24:28,267 - INFO - [pipeline.py:229] - [Grade: C] Saved to: /Users/kenfasano/Scripts/ScreenArt/Images/TransformedImages/bubbles_4-C.jpeg
2026-03-13 20:24:28,371 - INFO - [pipeline.py:136] - "FlipWilsonTransformer","keep=bottom_left,narrow=0.50"
2026-03-13 20:24:28,387 - INFO - [pipeline.py:229] - [Grade: C] Saved to: /Users/kenfasano/Scripts/ScreenArt/Images/TransformedImages/bubbles_8-C.jpeg
2026-03-13 20:24:28,536 - INFO - [pipeline.py:136] - "XrayTransformer","colors=256"
2026-03-13 20:24:28,573 - INFO - [pipeline.py:136] - "DataMoshTransformer","intensity=0.01"
2026-03-13 20:24:28,614 - INFO - [pipeline.py:136] - "ThermalImagingTransformer","thermal=True"
2026-03-13 20:24:28,634 - INFO - [pipeline.py:229] - [Grade: B] Saved to: /Users/kenfasano/Scripts/ScreenArt/Images/TransformedImages/bubbles_9-B.jpeg
2026-03-13 20:24:28,670 - INFO - [pipeline.py:136] - "GlitchWarpTransformer","intensity=0.01"
2026-03-13 20:24:28,691 - INFO - [pipeline.py:136] - "RadialWarpTransformer","radius=0.25,strength=76.09238687828389,46.605504078356105,style=push,push"
2026-03-13 20:24:28,706 - INFO - [pipeline.py:136] - "PosterizationTransformer","levels=4"
2026-03-13 20:24:28,810 - INFO - [pipeline.py:136] - "WheelTransformer","blend=normal,copies=3"
2026-03-13 20:24:28,827 - INFO - [pipeline.py:229] - [Grade: C] Saved to: /Users/kenfasano/Scripts/ScreenArt/Images/TransformedImages/bubbles_5-C.jpeg
2026-03-13 20:24:28,871 - INFO - [pipeline.py:136] - "FluidWarpTransformer","alpha=7.86,sigma=3.59"
2026-03-13 20:24:28,971 - INFO - [pipeline.py:136] - "WheelTransformer","blend=normal,copies=3"
2026-03-13 20:24:28,988 - INFO - [pipeline.py:229] - [Grade: C] Saved to: /Users/kenfasano/Scripts/ScreenArt/Images/TransformedImages/bubbles_2-C.jpeg
2026-03-13 20:24:29,015 - INFO - [pipeline.py:136] - "RadialWarpTransformer","radius=0.25,strength=71.32536567845005,94.59971657008474,style=pull,pull"
2026-03-13 20:24:29,032 - INFO - [pipeline.py:229] - [Grade: C] Saved to: /Users/kenfasano/Scripts/ScreenArt/Images/TransformedImages/bubbles_3-C.jpeg
2026-03-13 20:24:29,078 - INFO - [pipeline.py:136] - "DataMoshTransformer","intensity=0.01"
2026-03-13 20:24:29,178 - INFO - [pipeline.py:136] - "WheelTransformer","blend=normal,copies=3"
2026-03-13 20:24:29,206 - INFO - [pipeline.py:136] - "GlitchWarpTransformer","intensity=0.01"
2026-03-13 20:24:29,224 - INFO - [pipeline.py:229] - [Grade: C] Saved to: /Users/kenfasano/Scripts/ScreenArt/Images/TransformedImages/bubbles_10-C.jpeg
2026-03-13 20:24:29,244 - INFO - [pipeline.py:136] - "PosterizationTransformer","levels=4"
2026-03-13 20:24:29,279 - INFO - [pipeline.py:136] - "FractalWarpTransformer","iter=1,scale=0.05"
2026-03-13 20:24:29,292 - INFO - [pipeline.py:136] - "ColormapTransformer","map=summer"
2026-03-13 20:24:29,309 - INFO - [pipeline.py:136] - "RadialWarpTransformer","radius=0.25,strength=83.9487802799083,style=pull"
2026-03-13 20:24:29,326 - INFO - [pipeline.py:229] - [Grade: A] Saved to: /Users/kenfasano/Scripts/ScreenArt/Images/TransformedImages/bubbles_1-A.jpeg
2026-03-13 20:24:29,560 - INFO - [pipeline.py:136] - "WatercolorTransformer","scale=0.85,style=psychedelic"
2026-03-13 20:24:29,578 - INFO - [pipeline.py:229] - [Grade: F] Saved to: /Users/kenfasano/Scripts/ScreenArt/Images/Rejected/bubbles_6-F.jpeg
2026-03-13 20:24:29,739 - INFO - [pipeline.py:136] - "XrayTransformer","colors=64"
2026-03-13 20:24:29,757 - INFO - [pipeline.py:229] - [Grade: C] Saved to: /Users/kenfasano/Scripts/ScreenArt/Images/TransformedImages/bubbles_7-C.jpeg
2026-03-13 20:24:29,839 - INFO - [pipeline.py:136] - "XrayTransformer","colors=64"
2026-03-13 20:24:29,855 - INFO - [pipeline.py:229] - [Grade: C] Saved to: /Users/kenfasano/Scripts/ScreenArt/Images/TransformedImages/cubes_2-C.jpeg
2026-03-13 20:24:29,898 - INFO - [pipeline.py:136] - "ThermalImagingTransformer","thermal=True"
2026-03-13 20:24:29,935 - INFO - [pipeline.py:136] - "FluidWarpTransformer","alpha=4.48,sigma=2.66"
2026-03-13 20:24:29,956 - INFO - [pipeline.py:136] - "RadialWarpTransformer","radius=0.25,strength=46.101202944739256,81.03825856444357,style=pull,pull"
2026-03-13 20:24:29,972 - INFO - [pipeline.py:229] - [Grade: A] Saved to: /Users/kenfasano/Scripts/ScreenArt/Images/TransformedImages/cubes_3-A.jpeg
2026-03-13 20:24:30,016 - INFO - [pipeline.py:136] - "ThermalImagingTransformer","thermal=True"
2026-03-13 20:24:30,045 - INFO - [pipeline.py:136] - "GlitchWarpTransformer","intensity=0.01"
2026-03-13 20:24:30,090 - INFO - [pipeline.py:136] - "SwirlWarpTransformer","strength=1.50"
2026-03-13 20:24:30,103 - INFO - [pipeline.py:136] - "PosterizationTransformer","levels=4"
2026-03-13 20:24:30,121 - INFO - [pipeline.py:229] - [Grade: A] Saved to: /Users/kenfasano/Scripts/ScreenArt/Images/TransformedImages/cubes_4-A.jpeg
2026-03-13 20:24:30,160 - INFO - [pipeline.py:136] - "FisheyeTransformer","shape=oval,strength=0.69,zoom=0.94"
2026-03-13 20:24:30,200 - INFO - [pipeline.py:136] - "SwirlWarpTransformer","strength=1.50"
2026-03-13 20:24:30,303 - INFO - [pipeline.py:136] - "WheelTransformer","blend=normal,copies=3"
2026-03-13 20:24:30,320 - INFO - [pipeline.py:229] - [Grade: A] Saved to: /Users/kenfasano/Scripts/ScreenArt/Images/TransformedImages/cubes_5-A.jpeg
2026-03-13 20:24:30,430 - INFO - [pipeline.py:136] - "WheelTransformer","blend=normal,copies=3"
2026-03-13 20:24:30,447 - INFO - [pipeline.py:229] - [Grade: A] Saved to: /Users/kenfasano/Scripts/ScreenArt/Images/TransformedImages/cubes_6-A.jpeg
2026-03-13 20:24:30,467 - INFO - [pipeline.py:136] - "PosterizationTransformer","levels=4"
2026-03-13 20:24:30,515 - INFO - [pipeline.py:136] - "FluidWarpTransformer","alpha=2.10,sigma=6.21"
2026-03-13 20:24:30,735 - INFO - [pipeline.py:136] - "WatercolorTransformer","scale=0.85,style=psychedelic"
2026-03-13 20:24:30,834 - INFO - [pipeline.py:136] - "FlipWilsonTransformer","keep=bottom_left,narrow=0.50"
2026-03-13 20:24:30,851 - INFO - [pipeline.py:229] - [Grade: A] Saved to: /Users/kenfasano/Scripts/ScreenArt/Images/TransformedImages/cubes_1-A.jpeg
2026-03-13 20:24:30,871 - INFO - [pipeline.py:136] - "GlitchWarpTransformer","intensity=0.01"
2026-03-13 20:24:30,907 - INFO - [pipeline.py:136] - "FlipWilsonTransformer","keep=bottom_left,narrow=0.50"
2026-03-13 20:24:30,925 - INFO - [pipeline.py:136] - "HalftoneTransformer","size=2"
2026-03-13 20:24:30,941 - INFO - [pipeline.py:136] - "SwirlWarpTransformer","strength=1.50"
2026-03-13 20:24:30,947 - INFO - [pipeline.py:229] - [Grade: F] Saved to: /Users/kenfasano/Scripts/ScreenArt/Images/Rejected/ngc4631_sherick1024-F.jpg
2026-03-13 20:24:30,952 - INFO - [pipeline.py:136] - "RadialWarpTransformer","radius=0.25,strength=101.9537518413159,74.99761334122056,67.65166157597392,style=push,push,pull"
2026-03-13 20:24:30,960 - INFO - [pipeline.py:136] - "AnamorphicTransformer","intensity=0.0,0.2,0.4,0.6,0.8,thresh=80"
2026-03-13 20:24:30,962 - INFO - [pipeline.py:136] - "ColormapTransformer","map=ocean"
2026-03-13 20:24:30,964 - INFO - [pipeline.py:229] - [Grade: A] Saved to: /Users/kenfasano/Scripts/ScreenArt/Images/TransformedImages/lumiere_laveder_c1-A.jpg
2026-03-13 20:24:30,972 - INFO - [pipeline.py:136] - "HalftoneTransformer","size=2"
2026-03-13 20:24:30,975 - INFO - [pipeline.py:136] - "RadialWarpTransformer","radius=0.25,strength=55.64990746582734,style=pull"
2026-03-13 20:24:31,004 - INFO - [pipeline.py:136] - "WatercolorTransformer","scale=0.85,style=monet"
2026-03-13 20:24:31,012 - INFO - [pipeline.py:136] - "MeltMorphTransformer","intensity=0.50"
2026-03-13 20:24:31,014 - INFO - [pipeline.py:229] - [Grade: A] Saved to: /Users/kenfasano/Scripts/ScreenArt/Images/TransformedImages/stereoeros_near-A.jpg
2026-03-13 20:24:31,039 - INFO - [pipeline.py:136] - "DataMoshTransformer","intensity=0.01"
2026-03-13 20:24:31,169 - INFO - [pipeline.py:136] - "XrayTransformer","colors=128"
2026-03-13 20:24:31,188 - INFO - [pipeline.py:136] - "ThermalImagingTransformer","thermal=True"
2026-03-13 20:24:31,199 - INFO - [pipeline.py:229] - [Grade: A] Saved to: /Users/kenfasano/Scripts/ScreenArt/Images/TransformedImages/Herschel_cygnusX_04052012_H600-A.jpg
2026-03-13 20:24:31,207 - INFO - [pipeline.py:136] - "FisheyeTransformer","shape=circle,strength=0.67,zoom=1.03"
2026-03-13 20:24:31,212 - INFO - [pipeline.py:229] - [Grade: C] Saved to: /Users/kenfasano/Scripts/ScreenArt/Images/TransformedImages/ngc2818_hheritage_800-C.jpg
2026-03-13 20:24:31,215 - INFO - [pipeline.py:136] - "PosterizationTransformer","levels=4"
2026-03-13 20:24:31,218 - INFO - [pipeline.py:229] - [Grade: A] Saved to: /Users/kenfasano/Scripts/ScreenArt/Images/TransformedImages/saturnseasons_hst-A.jpg
2026-03-13 20:24:31,223 - INFO - [pipeline.py:136] - "FisheyeTransformer","shape=oval,strength=0.31,zoom=1.00"
2026-03-13 20:24:31,225 - INFO - [pipeline.py:136] - "PosterizationTransformer","levels=4"
2026-03-13 20:24:31,232 - INFO - [pipeline.py:136] - "FractalWarpTransformer","iter=1,scale=0.05"
2026-03-13 20:24:31,235 - INFO - [pipeline.py:136] - "ColormapTransformer","map=spring"
2026-03-13 20:24:31,238 - INFO - [pipeline.py:229] - [Grade: A] Saved to: /Users/kenfasano/Scripts/ScreenArt/Images/TransformedImages/dotteddunes_mgs-A.jpg
2026-03-13 20:24:31,279 - INFO - [pipeline.py:136] - "FlipWilsonTransformer","keep=bottom_left,narrow=0.50"
2026-03-13 20:24:31,293 - INFO - [pipeline.py:136] - "DataMoshTransformer","intensity=0.01"
2026-03-13 20:24:31,303 - INFO - [pipeline.py:136] - "FisheyeTransformer","shape=oval,strength=0.74,zoom=0.95"
2026-03-13 20:24:31,308 - INFO - [pipeline.py:136] - "PosterizationTransformer","levels=4"
2026-03-13 20:24:31,316 - INFO - [pipeline.py:229] - [Grade: A] Saved to: /Users/kenfasano/Scripts/ScreenArt/Images/TransformedImages/MarsPanCompressed_Curiosity_1080-A.jpg
2026-03-13 20:24:31,349 - INFO - [pipeline.py:136] - "WheelTransformer","blend=normal,copies=3"
2026-03-13 20:24:31,358 - INFO - [pipeline.py:136] - "GlitchWarpTransformer","intensity=0.01"
2026-03-13 20:24:31,365 - INFO - [pipeline.py:229] - [Grade: A] Saved to: /Users/kenfasano/Scripts/ScreenArt/Images/TransformedImages/IC1805Crop_santiago800-A.jpg
2026-03-13 20:24:31,392 - INFO - [pipeline.py:136] - "GlitchWarpTransformer","intensity=0.01"
2026-03-13 20:24:31,399 - INFO - [pipeline.py:136] - "ColormapTransformer","map=winter"
2026-03-13 20:24:31,412 - INFO - [pipeline.py:136] - "FluidWarpTransformer","alpha=1.39,sigma=0.85"
2026-03-13 20:24:31,454 - INFO - [pipeline.py:136] - "FlipWilsonTransformer","keep=bottom_left,narrow=0.50"
2026-03-13 20:24:31,463 - INFO - [pipeline.py:229] - [Grade: A] Saved to: /Users/kenfasano/Scripts/ScreenArt/Images/TransformedImages/WR134SHO_1024-A.jpg
2026-03-13 20:24:31,477 - INFO - [pipeline.py:136] - "FisheyeTransformer","shape=oval,strength=0.41,zoom=0.94"
2026-03-13 20:24:31,484 - INFO - [pipeline.py:229] - [Grade: C] Saved to: /Users/kenfasano/Scripts/ScreenArt/Images/TransformedImages/SeagullVillaverde1024c-C.jpg
2026-03-13 20:24:31,513 - INFO - [pipeline.py:136] - "RadialWarpTransformer","radius=0.25,strength=114.58010289816188,39.751795822752676,123.15536291546006,style=pull,push,pull"
2026-03-13 20:24:31,529 - INFO - [pipeline.py:229] - [Grade: F] Saved to: /Users/kenfasano/Scripts/ScreenArt/Images/Rejected/nasa_earth_1_Buenos_Aires_True_Color-F.jpeg
2026-03-13 20:24:31,563 - INFO - [pipeline.py:136] - "DataMoshTransformer","intensity=0.02"
2026-03-13 20:24:31,585 - INFO - [pipeline.py:136] - "FluidWarpTransformer","alpha=8.08,sigma=2.20"
2026-03-13 20:24:31,612 - INFO - [pipeline.py:136] - "ThermalImagingTransformer","thermal=True"
2026-03-13 20:24:31,648 - INFO - [pipeline.py:136] - "HalftoneTransformer","size=2"
2026-03-13 20:24:31,660 - INFO - [pipeline.py:229] - [Grade: A] Saved to: /Users/kenfasano/Scripts/ScreenArt/Images/TransformedImages/noaa_goes_1_se_Fire_Temperature-A.jpeg
2026-03-13 20:24:31,762 - INFO - [pipeline.py:136] - "HalftoneTransformer","size=2"
2026-03-13 20:24:31,788 - INFO - [pipeline.py:229] - [Grade: A] Saved to: /Users/kenfasano/Scripts/ScreenArt/Images/TransformedImages/Charles_-A.jpeg
2026-03-13 20:24:31,908 - INFO - [pipeline.py:136] - "ThermalImagingTransformer","thermal=True"
2026-03-13 20:24:32,046 - INFO - [pipeline.py:136] - "HalftoneTransformer","size=2"
2026-03-13 20:24:32,182 - INFO - [pipeline.py:136] - "MeltMorphTransformer","intensity=0.50"
2026-03-13 20:24:32,220 - INFO - [pipeline.py:229] - [Grade: B] Saved to: /Users/kenfasano/Scripts/ScreenArt/Images/TransformedImages/Mosty_kr-B.jpeg
2026-03-13 20:24:32,267 - INFO - [pipeline.py:136] - "WheelTransformer","blend=normal,copies=3"
2026-03-13 20:24:32,273 - INFO - [pipeline.py:136] - "RadialWarpTransformer","radius=0.25,strength=53.956800585080266,style=pull"
2026-03-13 20:24:32,277 - INFO - [pipeline.py:136] - "PosterizationTransformer","levels=4"
2026-03-13 20:24:32,287 - INFO - [pipeline.py:136] - "ThreeDExtrusionTransformer","ambient=0.46,intensity=0.50"
2026-03-13 20:24:32,295 - INFO - [pipeline.py:229] - [Grade: B] Saved to: /Users/kenfasano/Scripts/ScreenArt/Images/TransformedImages/960px-Residence-B.jpeg
2026-03-13 20:24:32,338 - INFO - [pipeline.py:136] - "GlitchWarpTransformer","intensity=0.01"
2026-03-13 20:24:32,361 - INFO - [pipeline.py:229] - [Grade: A] Saved to: /Users/kenfasano/Scripts/ScreenArt/Images/TransformedImages/C-5A_Gal-A.jpeg
2026-03-13 20:24:32,436 - INFO - [pipeline.py:136] - "XrayTransformer","colors=128"
2026-03-13 20:24:32,442 - INFO - [pipeline.py:136] - "PosterizationTransformer","levels=4"
2026-03-13 20:24:32,450 - INFO - [pipeline.py:229] - [Grade: B] Saved to: /Users/kenfasano/Scripts/ScreenArt/Images/TransformedImages/1280px-Horlache-B.jpeg
2026-03-13 20:24:32,556 - INFO - [pipeline.py:136] - "WheelTransformer","blend=normal,copies=3"
2026-03-13 20:24:32,580 - INFO - [pipeline.py:136] - "RadialWarpTransformer","radius=0.25,strength=72.10687127577218,style=push"
2026-03-13 20:24:32,846 - INFO - [pipeline.py:136] - "WatercolorTransformer","scale=0.85,style=monet"
2026-03-13 20:24:32,885 - INFO - [pipeline.py:136] - "SwirlWarpTransformer","strength=1.50"
2026-03-13 20:24:32,902 - INFO - [pipeline.py:229] - [Grade: C] Saved to: /Users/kenfasano/Scripts/ScreenArt/Images/TransformedImages/lojong_2-C-scatter.jpeg
2026-03-13 20:24:32,947 - INFO - [pipeline.py:136] - "SwirlWarpTransformer","strength=1.50"
2026-03-13 20:24:33,047 - INFO - [pipeline.py:136] - "WheelTransformer","blend=normal,copies=3"
2026-03-13 20:24:33,085 - INFO - [pipeline.py:136] - "FluidWarpTransformer","alpha=17.75,sigma=3.04"
2026-03-13 20:24:33,141 - INFO - [pipeline.py:136] - "MeltMorphTransformer","intensity=0.50"
2026-03-13 20:24:33,157 - INFO - [pipeline.py:229] - [Grade: B] Saved to: /Users/kenfasano/Scripts/ScreenArt/Images/TransformedImages/lojong_3-B-tile.jpeg
2026-03-13 20:24:33,202 - INFO - [pipeline.py:136] - "FluidWarpTransformer","alpha=13.66,sigma=4.07"
2026-03-13 20:24:33,221 - INFO - [pipeline.py:136] - "RadialWarpTransformer","radius=0.25,strength=98.49927767080128,105.20199003850169,style=push,pull"
2026-03-13 20:24:33,249 - INFO - [pipeline.py:136] - "GlitchWarpTransformer","intensity=0.01"
2026-03-13 20:24:33,266 - INFO - [pipeline.py:229] - [Grade: A] Saved to: /Users/kenfasano/Scripts/ScreenArt/Images/TransformedImages/lojong_8-A-scatter.jpeg
2026-03-13 20:24:33,301 - INFO - [pipeline.py:136] - "GlitchWarpTransformer","intensity=0.01"
2026-03-13 20:24:33,359 - INFO - [pipeline.py:136] - "AnamorphicTransformer","intensity=0.0,0.2,0.4,0.6,0.8,thresh=80"
2026-03-13 20:24:33,372 - INFO - [pipeline.py:136] - "PosterizationTransformer","levels=4"
2026-03-13 20:24:33,420 - INFO - [pipeline.py:136] - "HalftoneTransformer","size=2"
2026-03-13 20:24:33,436 - INFO - [pipeline.py:229] - [Grade: C] Saved to: /Users/kenfasano/Scripts/ScreenArt/Images/TransformedImages/lojong_4-C-tile.jpeg
2026-03-13 20:24:33,477 - INFO - [pipeline.py:136] - "FractalWarpTransformer","iter=1,scale=0.05"
2026-03-13 20:24:33,494 - INFO - [pipeline.py:229] - [Grade: A] Saved to: /Users/kenfasano/Scripts/ScreenArt/Images/TransformedImages/lojong_5-A-tile.jpeg
2026-03-13 20:24:33,541 - INFO - [pipeline.py:136] - "ThermalImagingTransformer","thermal=True"
2026-03-13 20:24:33,641 - INFO - [pipeline.py:136] - "WheelTransformer","blend=normal,copies=3"
2026-03-13 20:24:33,859 - INFO - [pipeline.py:136] - "WatercolorTransformer","scale=0.85,style=monet"
2026-03-13 20:24:33,878 - INFO - [pipeline.py:229] - [Grade: A] Saved to: /Users/kenfasano/Scripts/ScreenArt/Images/TransformedImages/lojong_9-A-tile.jpeg
2026-03-13 20:24:33,984 - INFO - [pipeline.py:136] - "WheelTransformer","blend=normal,copies=3"
2026-03-13 20:24:34,020 - INFO - [pipeline.py:136] - "ThermalImagingTransformer","thermal=True"
2026-03-13 20:24:34,037 - INFO - [pipeline.py:229] - [Grade: A] Saved to: /Users/kenfasano/Scripts/ScreenArt/Images/TransformedImages/lojong_6-A-hero.jpeg
2026-03-13 20:24:34,057 - INFO - [pipeline.py:136] - "PosterizationTransformer","levels=4"
2026-03-13 20:24:34,086 - INFO - [pipeline.py:136] - "GlitchWarpTransformer","intensity=0.01"
2026-03-13 20:24:34,103 - INFO - [pipeline.py:229] - [Grade: A] Saved to: /Users/kenfasano/Scripts/ScreenArt/Images/TransformedImages/lojong_7-A-hero.jpeg
2026-03-13 20:24:34,123 - INFO - [pipeline.py:136] - "PosterizationTransformer","levels=4"
2026-03-13 20:24:34,171 - INFO - [pipeline.py:136] - "FluidWarpTransformer","alpha=3.79,sigma=6.76"
2026-03-13 20:24:34,188 - INFO - [pipeline.py:229] - [Grade: A] Saved to: /Users/kenfasano/Scripts/ScreenArt/Images/TransformedImages/lojong_0-A-scatter.jpeg
2026-03-13 20:24:34,251 - INFO - [pipeline.py:136] - "MeltMorphTransformer","intensity=0.50"
2026-03-13 20:24:34,264 - INFO - [pipeline.py:136] - "ColormapTransformer","map=bone"
2026-03-13 20:24:34,283 - INFO - [pipeline.py:229] - [Grade: A] Saved to: /Users/kenfasano/Scripts/ScreenArt/Images/TransformedImages/lojong_1-A-columns.jpeg
2026-03-13 20:24:34,330 - INFO - [pipeline.py:136] - "ThermalImagingTransformer","thermal=True"
2026-03-13 20:24:34,348 - INFO - [pipeline.py:229] - [Grade: A] Saved to: /Users/kenfasano/Scripts/ScreenArt/Images/TransformedImages/psalms_131-A-tile.jpeg
2026-03-13 20:24:34,391 - INFO - [pipeline.py:136] - "FractalWarpTransformer","iter=1,scale=0.05"
2026-03-13 20:24:34,406 - INFO - [pipeline.py:229] - [Grade: A] Saved to: /Users/kenfasano/Scripts/ScreenArt/Images/TransformedImages/psalms_99-A-columns.jpeg
2026-03-13 20:24:34,645 - INFO - [pipeline.py:136] - "WatercolorTransformer","scale=0.85,style=monet"
2026-03-13 20:24:34,679 - INFO - [pipeline.py:136] - "FractalWarpTransformer","iter=1,scale=0.05"
2026-03-13 20:24:34,696 - INFO - [pipeline.py:229] - [Grade: A] Saved to: /Users/kenfasano/Scripts/ScreenArt/Images/TransformedImages/psalms_20-A-columns.jpeg
2026-03-13 20:24:34,730 - INFO - [pipeline.py:136] - "FisheyeTransformer","shape=circle,strength=0.58,zoom=0.97"
2026-03-13 20:24:34,777 - INFO - [pipeline.py:136] - "FluidWarpTransformer","alpha=18.63,sigma=6.59"
2026-03-13 20:24:34,790 - INFO - [pipeline.py:136] - "PosterizationTransformer","levels=4"
2026-03-13 20:24:34,828 - INFO - [pipeline.py:136] - "SwirlWarpTransformer","strength=1.50"
2026-03-13 20:24:34,845 - INFO - [pipeline.py:229] - [Grade: C] Saved to: /Users/kenfasano/Scripts/ScreenArt/Images/TransformedImages/psalms_16-C-columns.jpeg
2026-03-13 20:24:34,908 - INFO - [pipeline.py:136] - "AnamorphicTransformer","intensity=0.0,0.2,0.4,0.6,0.8,thresh=80"
2026-03-13 20:24:34,922 - INFO - [pipeline.py:136] - "ColormapTransformer","map=spring"
2026-03-13 20:24:34,956 - INFO - [pipeline.py:136] - "FluidWarpTransformer","alpha=19.55,sigma=2.75"
2026-03-13 20:24:34,973 - INFO - [pipeline.py:229] - [Grade: A] Saved to: /Users/kenfasano/Scripts/ScreenArt/Images/TransformedImages/psalms_44-A-scatter.jpeg
2026-03-13 20:24:35,125 - INFO - [pipeline.py:136] - "XrayTransformer","colors=64"
2026-03-13 20:24:35,142 - INFO - [pipeline.py:229] - [Grade: C] Saved to: /Users/kenfasano/Scripts/ScreenArt/Images/TransformedImages/psalms_8-C-hero.jpeg
2026-03-13 20:24:35,173 - INFO - [pipeline.py:136] - "FisheyeTransformer","shape=circle,strength=0.23,zoom=1.11"
2026-03-13 20:24:35,208 - INFO - [pipeline.py:136] - "FractalWarpTransformer","iter=1,scale=0.05"
2026-03-13 20:24:35,221 - INFO - [pipeline.py:136] - "PosterizationTransformer","levels=4"
2026-03-13 20:24:35,248 - INFO - [pipeline.py:136] - "GlitchWarpTransformer","intensity=0.01"
2026-03-13 20:24:35,264 - INFO - [pipeline.py:229] - [Grade: A] Saved to: /Users/kenfasano/Scripts/ScreenArt/Images/TransformedImages/psalms_65-A-tile.jpeg
2026-03-13 20:24:35,294 - INFO - [pipeline.py:136] - "RadialWarpTransformer","radius=0.25,strength=135.41739934772758,72.83684600756116,39.83913659840972,style=push,pull,pull"
2026-03-13 20:24:35,394 - INFO - [pipeline.py:136] - "WheelTransformer","blend=normal,copies=3"
2026-03-13 20:24:35,608 - INFO - [pipeline.py:136] - "WatercolorTransformer","scale=0.85,style=monet"
2026-03-13 20:24:35,624 - INFO - [pipeline.py:229] - [Grade: F] Saved to: /Users/kenfasano/Scripts/ScreenArt/Images/Rejected/psalms_134-F-hero.jpeg
2026-03-13 20:24:35,737 - INFO - [pipeline.py:136] - "WheelTransformer","blend=normal,copies=3"
2026-03-13 20:24:35,750 - INFO - [pipeline.py:136] - "PosterizationTransformer","levels=4"
2026-03-13 20:24:35,778 - INFO - [pipeline.py:136] - "GlitchWarpTransformer","intensity=0.01"
2026-03-13 20:24:36,004 - INFO - [pipeline.py:136] - "WatercolorTransformer","scale=0.85,style=psychedelic"
2026-03-13 20:24:36,021 - INFO - [pipeline.py:229] - [Grade: A] Saved to: /Users/kenfasano/Scripts/ScreenArt/Images/TransformedImages/psalms_129-A-columns.jpeg
2026-03-13 20:24:36,137 - INFO - [pipeline.py:136] - "WheelTransformer","blend=normal,copies=3"
2026-03-13 20:24:36,155 - INFO - [pipeline.py:229] - [Grade: A] Saved to: /Users/kenfasano/Scripts/ScreenArt/Images/TransformedImages/psalms_81-A-tile.jpeg
2026-03-13 20:24:36,172 - INFO - [pipeline.py:136] - "DataMoshTransformer","intensity=0.02"
2026-03-13 20:24:36,179 - INFO - [pipeline.py:229] - [Grade: A] Saved to: /Users/kenfasano/Scripts/ScreenArt/Images/TransformedImages/peripheral_drift_2-A.jpeg
2026-03-13 20:24:36,194 - INFO - [pipeline.py:136] - "FractalWarpTransformer","iter=1,scale=0.05"
2026-03-13 20:24:36,209 - INFO - [pipeline.py:136] - "SwirlWarpTransformer","strength=1.50"
2026-03-13 20:24:36,219 - INFO - [pipeline.py:136] - "GlitchWarpTransformer","intensity=0.01"
2026-03-13 20:24:36,225 - INFO - [pipeline.py:229] - [Grade: A] Saved to: /Users/kenfasano/Scripts/ScreenArt/Images/TransformedImages/peripheral_drift_3-A.jpeg
2026-03-13 20:24:36,239 - INFO - [pipeline.py:136] - "ThermalImagingTransformer","thermal=True"
2026-03-13 20:24:36,245 - INFO - [pipeline.py:136] - "RadialWarpTransformer","radius=0.25,strength=78.51275075878533,style=pull"
2026-03-13 20:24:36,251 - INFO - [pipeline.py:229] - [Grade: A] Saved to: /Users/kenfasano/Scripts/ScreenArt/Images/TransformedImages/peripheral_drift_1-A.jpeg
2026-03-13 20:24:36,251 - INFO - [main.py:196] - WatercolorTransformer
2026-03-13 20:24:36,251 - INFO - [main.py:196] - XrayTransformer
2026-03-13 20:24:36,251 - INFO - [main.py:196] - WheelTransformer
2026-03-13 20:24:36,251 - INFO - [main.py:196] - MeltMorphTransformer
2026-03-13 20:24:36,251 - INFO - [main.py:196] - FlipWilsonTransformer
2026-03-13 20:24:36,251 - INFO - [main.py:196] - HalftoneTransformer
2026-03-13 20:24:36,251 - INFO - [main.py:196] - AnamorphicTransformer
2026-03-13 20:24:36,252 - INFO - [main.py:196] - ThermalImagingTransformer
2026-03-13 20:24:36,252 - INFO - [main.py:196] - FluidWarpTransformer
2026-03-13 20:24:36,252 - INFO - [main.py:196] - SwirlWarpTransformer
2026-03-13 20:24:36,252 - INFO - [main.py:196] - DataMoshTransformer
2026-03-13 20:24:36,252 - INFO - [main.py:196] - FractalWarpTransformer
2026-03-13 20:24:36,252 - INFO - [main.py:196] - GlitchWarpTransformer
2026-03-13 20:24:36,252 - INFO - [main.py:196] - RadialWarpTransformer
2026-03-13 20:24:36,252 - INFO - [main.py:196] - FisheyeTransformer
2026-03-13 20:24:36,252 - INFO - [main.py:196] - PosterizationTransformer
2026-03-13 20:24:36,252 - INFO - [main.py:196] - ThreeDExtrusionTransformer
2026-03-13 20:24:36,252 - INFO - [main.py:196] - ColormapTransformer
2026-03-13 20:24:36,252 - INFO - [main.py:239] - 22s@20:24 ✓
Accepted: 53
Rejected: 4
---
Bible                      ->  5632ms
Wiki                       ->  3209ms
Lojong                     ->  2164ms
GoesGenerator              ->  1040ms
Nasa                       ->   969ms
Bubbles                    ->   538ms
NasaMapGenerator           ->   490ms
Cubes                      ->   182ms
PeripheralDriftIllusion    ->    44ms
---
WatercolorTransformer      -> Min:    29ms | Avg:   203ms | Max:   266ms
XrayTransformer            -> Min:    70ms | Avg:   119ms | Max:   154ms
WheelTransformer           -> Min:    30ms | Avg:    91ms | Max:   107ms
MeltMorphTransformer       -> Min:     8ms | Avg:    63ms | Max:   135ms
FlipWilsonTransformer      -> Min:    36ms | Avg:    62ms | Max:    99ms
HalftoneTransformer        -> Min:     7ms | Avg:    55ms | Max:   138ms
AnamorphicTransformer      -> Min:     8ms | Avg:    40ms | Max:    58ms
ThermalImagingTransformer  -> Min:    12ms | Avg:    37ms | Max:    88ms
FluidWarpTransformer       -> Min:    14ms | Avg:    36ms | Max:    48ms
SwirlWarpTransformer       -> Min:    14ms | Avg:    33ms | Max:    44ms
DataMoshTransformer        -> Min:    12ms | Avg:    28ms | Max:    48ms
FractalWarpTransformer     -> Min:     7ms | Avg:    27ms | Max:    35ms
GlitchWarpTransformer      -> Min:     9ms | Avg:    23ms | Max:    33ms
RadialWarpTransformer      -> Min:     3ms | Avg:    16ms | Max:    24ms
FisheyeTransformer         -> Min:     3ms | Avg:    15ms | Max:    31ms
PosterizationTransformer   -> Min:     2ms | Avg:    10ms | Max:    15ms
ThreeDExtrusionTransformer -> Min:    10ms | Avg:    10ms | Max:    10ms
ColormapTransformer        -> Min:     2ms | Avg:     9ms | Max:    14ms
