2026-03-08 15:31:18,961 - INFO - [pipeline.py:44] - FluidWarpTransformer
2026-03-08 15:31:19,033 - INFO - [pipeline.py:44] - WatercolorTransformer
2026-03-08 15:31:19,115 - INFO - [pipeline.py:44] - WheelTransformer
2026-03-08 15:31:19,229 - INFO - [pipeline.py:44] - InvertRGBTransformer
2026-03-08 15:31:19,245 - INFO - [pipeline.py:117] - [Grade: F] Saved to: /Users/kenfasano/Scripts/ScreenArt/Images/Rejected/bubbles_4-F.jpeg
2026-03-08 15:31:19,253 - INFO - [pipeline.py:44] - SwirlWarpTransformer
2026-03-08 15:31:19,298 - INFO - [pipeline.py:44] - DataMoshTransformer
2026-03-08 15:31:19,339 - INFO - [pipeline.py:44] - FractalWarpTransformer
2026-03-08 15:31:19,392 - INFO - [pipeline.py:117] - [Grade: F] Saved to: /Users/kenfasano/Scripts/ScreenArt/Images/Rejected/bubbles_8-F.jpeg
2026-03-08 15:31:19,400 - INFO - [pipeline.py:44] - AnamorphicTransformer
2026-03-08 15:31:19,459 - INFO - [pipeline.py:44] - WatercolorTransformer
2026-03-08 15:31:19,546 - INFO - [pipeline.py:44] - SwirlWarpTransformer
2026-03-08 15:31:19,593 - INFO - [pipeline.py:44] - HalftoneTransformer
2026-03-08 15:31:19,646 - INFO - [pipeline.py:117] - [Grade: F] Saved to: /Users/kenfasano/Scripts/ScreenArt/Images/Rejected/bubbles_9-F.jpeg
2026-03-08 15:31:19,655 - INFO - [pipeline.py:44] - ColormapTransformer
2026-03-08 15:31:19,666 - INFO - [pipeline.py:44] - FractalWarpTransformer
2026-03-08 15:31:19,701 - INFO - [pipeline.py:44] - FlipWilsonTransformer
2026-03-08 15:31:19,821 - INFO - [pipeline.py:117] - [Grade: A] Saved to: /Users/kenfasano/Scripts/ScreenArt/Images/TransformedImages/bubbles_5-A.jpeg
2026-03-08 15:31:19,829 - INFO - [pipeline.py:44] - DataMoshTransformer
2026-03-08 15:31:19,865 - INFO - [pipeline.py:44] - HalftoneTransformer
2026-03-08 15:31:19,895 - INFO - [pipeline.py:44] - GlitchWarpTransformer
2026-03-08 15:31:19,937 - INFO - [pipeline.py:117] - [Grade: F] Saved to: /Users/kenfasano/Scripts/ScreenArt/Images/Rejected/bubbles_2-F.jpeg
2026-03-08 15:31:19,946 - INFO - [pipeline.py:44] - TritoneTransformer
2026-03-08 15:31:19,976 - INFO - [pipeline.py:44] - FractalWarpTransformer
2026-03-08 15:31:20,012 - INFO - [pipeline.py:44] - WheelTransformer
2026-03-08 15:31:20,124 - INFO - [pipeline.py:44] - ThermalImagingTransformer
2026-03-08 15:31:20,166 - INFO - [pipeline.py:117] - [Grade: A] Saved to: /Users/kenfasano/Scripts/ScreenArt/Images/TransformedImages/bubbles_3-A.jpeg
2026-03-08 15:31:20,175 - INFO - [pipeline.py:44] - HalftoneTransformer
2026-03-08 15:31:20,222 - INFO - [pipeline.py:117] - [Grade: F] Saved to: /Users/kenfasano/Scripts/ScreenArt/Images/Rejected/bubbles_10-F.jpeg
2026-03-08 15:31:20,229 - INFO - [pipeline.py:44] - FlipWilsonTransformer
2026-03-08 15:31:20,337 - INFO - [pipeline.py:44] - PosterizationTransformer
2026-03-08 15:31:20,357 - INFO - [pipeline.py:117] - [Grade: F] Saved to: /Users/kenfasano/Scripts/ScreenArt/Images/Rejected/bubbles_1-F.jpeg
2026-03-08 15:31:20,365 - INFO - [pipeline.py:44] - FisheyeTransformer
2026-03-08 15:31:20,395 - INFO - [pipeline.py:44] - ThreeDExtrusionTransformer
2026-03-08 15:31:20,426 - INFO - [pipeline.py:44] - WatercolorTransformer
2026-03-08 15:31:20,505 - INFO - [pipeline.py:44] - GlitchWarpTransformer
2026-03-08 15:31:20,548 - INFO - [pipeline.py:117] - [Grade: F] Saved to: /Users/kenfasano/Scripts/ScreenArt/Images/Rejected/bubbles_6-F.jpeg
2026-03-08 15:31:20,557 - INFO - [pipeline.py:44] - WatercolorTransformer
2026-03-08 15:31:20,639 - INFO - [pipeline.py:44] - PosterizationTransformer
2026-03-08 15:31:20,659 - INFO - [pipeline.py:117] - [Grade: F] Saved to: /Users/kenfasano/Scripts/ScreenArt/Images/Rejected/bubbles_7-F.jpeg
2026-03-08 15:31:20,667 - INFO - [pipeline.py:44] - MeltMorphTransformer
2026-03-08 15:31:20,720 - INFO - [pipeline.py:44] - SwirlWarpTransformer
2026-03-08 15:31:20,762 - INFO - [pipeline.py:44] - FractalWarpTransformer
2026-03-08 15:31:20,812 - INFO - [pipeline.py:117] - [Grade: C] Saved to: /Users/kenfasano/Scripts/ScreenArt/Images/TransformedImages/cubes_2-C.jpeg
2026-03-08 15:31:20,821 - INFO - [pipeline.py:44] - FractalWarpTransformer
2026-03-08 15:31:20,855 - INFO - [pipeline.py:44] - XrayTransformer
2026-03-08 15:31:20,969 - INFO - [pipeline.py:117] - [Grade: F] Saved to: /Users/kenfasano/Scripts/ScreenArt/Images/Rejected/cubes_3-F.jpeg
2026-03-08 15:31:20,977 - INFO - [pipeline.py:44] - ThreeDExtrusionTransformer
2026-03-08 15:31:21,008 - INFO - [pipeline.py:44] - WheelTransformer
2026-03-08 15:31:21,120 - INFO - [pipeline.py:44] - DataMoshTransformer
2026-03-08 15:31:21,172 - INFO - [pipeline.py:117] - [Grade: C] Saved to: /Users/kenfasano/Scripts/ScreenArt/Images/TransformedImages/cubes_4-C.jpeg
2026-03-08 15:31:21,180 - INFO - [pipeline.py:44] - GlitchWarpTransformer
2026-03-08 15:31:21,207 - INFO - [pipeline.py:44] - WatercolorTransformer
2026-03-08 15:31:21,288 - INFO - [pipeline.py:44] - InvertRGBTransformer
2026-03-08 15:31:21,304 - INFO - [pipeline.py:117] - [Grade: F] Saved to: /Users/kenfasano/Scripts/ScreenArt/Images/Rejected/cubes_5-F.jpeg
2026-03-08 15:31:21,313 - INFO - [pipeline.py:44] - ThreeDExtrusionTransformer
2026-03-08 15:31:21,343 - INFO - [pipeline.py:44] - ColormapTransformer
2026-03-08 15:31:21,354 - INFO - [pipeline.py:44] - MeltMorphTransformer
2026-03-08 15:31:21,423 - INFO - [pipeline.py:117] - [Grade: F] Saved to: /Users/kenfasano/Scripts/ScreenArt/Images/Rejected/cubes_6-F.jpeg
2026-03-08 15:31:21,431 - INFO - [pipeline.py:44] - WatercolorTransformer
2026-03-08 15:31:21,531 - INFO - [pipeline.py:117] - [Grade: F] Saved to: /Users/kenfasano/Scripts/ScreenArt/Images/Rejected/cubes_1-F.jpeg
2026-03-08 15:31:21,534 - INFO - [pipeline.py:44] - InvertRGBTransformer
2026-03-08 15:31:21,535 - INFO - [pipeline.py:44] - FlipWilsonTransformer
2026-03-08 15:31:21,569 - INFO - [pipeline.py:44] - ThermalImagingTransformer
2026-03-08 15:31:21,583 - INFO - [pipeline.py:117] - [Grade: F] Saved to: /Users/kenfasano/Scripts/ScreenArt/Images/Rejected/IMG_0193PorterAstroH_1024-F.jpg
2026-03-08 15:31:21,585 - INFO - [pipeline.py:44] - RadialWarpTransformer
2026-03-08 15:31:21,587 - INFO - [pipeline.py:44] - HalftoneTransformer
2026-03-08 15:31:21,592 - INFO - [pipeline.py:44] - PosterizationTransformer
2026-03-08 15:31:21,593 - INFO - [pipeline.py:44] - SwirlWarpTransformer
2026-03-08 15:31:21,602 - INFO - [pipeline.py:117] - [Grade: F] Saved to: /Users/kenfasano/Scripts/ScreenArt/Images/Rejected/aurora_venhaus-F.jpg
2026-03-08 15:31:21,607 - INFO - [pipeline.py:44] - GlitchWarpTransformer
2026-03-08 15:31:21,626 - INFO - [pipeline.py:117] - [Grade: A] Saved to: /Users/kenfasano/Scripts/ScreenArt/Images/TransformedImages/Herschel_s_view_of_the_Eagle_Nebula800x1024c-A.jpg
2026-03-08 15:31:21,628 - INFO - [pipeline.py:44] - InvertRGBTransformer
2026-03-08 15:31:21,628 - INFO - [pipeline.py:44] - RadialWarpTransformer
2026-03-08 15:31:21,631 - INFO - [pipeline.py:44] - ThreeDExtrusionTransformer
2026-03-08 15:31:21,638 - INFO - [pipeline.py:117] - [Grade: F] Saved to: /Users/kenfasano/Scripts/ScreenArt/Images/Rejected/spicules_sst-F.jpg
2026-03-08 15:31:21,641 - INFO - [pipeline.py:44] - ThreeDExtrusionTransformer
2026-03-08 15:31:21,648 - INFO - [pipeline.py:44] - AnamorphicTransformer
2026-03-08 15:31:21,670 - INFO - [pipeline.py:117] - [Grade: C] Saved to: /Users/kenfasano/Scripts/ScreenArt/Images/TransformedImages/VenJpt_beletsky_c800-C.jpg
2026-03-08 15:31:21,673 - INFO - [pipeline.py:44] - WheelTransformer
2026-03-08 15:31:21,711 - INFO - [pipeline.py:117] - [Grade: F] Saved to: /Users/kenfasano/Scripts/ScreenArt/Images/Rejected/earthmoon_messenger-F.jpg
2026-03-08 15:31:21,715 - INFO - [pipeline.py:44] - GlitchWarpTransformer
2026-03-08 15:31:21,728 - INFO - [pipeline.py:117] - [Grade: F] Saved to: /Users/kenfasano/Scripts/ScreenArt/Images/Rejected/MoonflashLavederCrop900-F.jpg
2026-03-08 15:31:21,734 - INFO - [pipeline.py:44] - FisheyeTransformer
2026-03-08 15:31:21,752 - INFO - [pipeline.py:117] - [Grade: B] Saved to: /Users/kenfasano/Scripts/ScreenArt/Images/TransformedImages/RunningN1977Block-B.jpg
2026-03-08 15:31:21,757 - INFO - [pipeline.py:44] - FisheyeTransformer
2026-03-08 15:31:21,771 - INFO - [pipeline.py:117] - [Grade: F] Saved to: /Users/kenfasano/Scripts/ScreenArt/Images/Rejected/m46m47_equivar_960-F.jpg
2026-03-08 15:31:21,774 - INFO - [pipeline.py:44] - ColormapTransformer
2026-03-08 15:31:21,778 - INFO - [pipeline.py:44] - HalftoneTransformer
2026-03-08 15:31:21,787 - INFO - [pipeline.py:44] - FractalWarpTransformer
2026-03-08 15:31:21,801 - INFO - [pipeline.py:44] - WheelTransformer
2026-03-08 15:31:21,843 - INFO - [pipeline.py:117] - [Grade: F] Saved to: /Users/kenfasano/Scripts/ScreenArt/Images/Rejected/CometA3_Korona_1080-F.jpg
2026-03-08 15:31:21,845 - INFO - [pipeline.py:44] - XrayTransformer
2026-03-08 15:31:21,887 - INFO - [pipeline.py:44] - AnamorphicTransformer
2026-03-08 15:31:21,897 - INFO - [pipeline.py:44] - FluidWarpTransformer
2026-03-08 15:31:21,909 - INFO - [pipeline.py:117] - [Grade: F] Saved to: /Users/kenfasano/Scripts/ScreenArt/Images/Rejected/hexagon_cassini-F.jpg
2026-03-08 15:31:21,921 - INFO - [pipeline.py:44] - AnamorphicTransformer
2026-03-08 15:31:21,981 - INFO - [pipeline.py:44] - WatercolorTransformer
2026-03-08 15:31:22,058 - INFO - [pipeline.py:44] - PosterizationTransformer
2026-03-08 15:31:22,077 - INFO - [pipeline.py:117] - [Grade: F] Saved to: /Users/kenfasano/Scripts/ScreenArt/Images/Rejected/nasa_earth_1_Buenos_Aires_True_Color-F.jpeg
2026-03-08 15:31:22,088 - INFO - [pipeline.py:44] - ColormapTransformer
2026-03-08 15:31:22,096 - INFO - [pipeline.py:44] - InvertRGBTransformer
2026-03-08 15:31:22,107 - INFO - [pipeline.py:117] - [Grade: F] Saved to: /Users/kenfasano/Scripts/ScreenArt/Images/Rejected/noaa_goes_1_se_Sandwich_RGB-F.jpeg
2026-03-08 15:31:22,119 - INFO - [pipeline.py:44] - DuotoneTransformer
2026-03-08 15:31:22,237 - INFO - [pipeline.py:44] - FisheyeTransformer
2026-03-08 15:31:22,269 - INFO - [pipeline.py:44] - ThermalImagingTransformer
2026-03-08 15:31:22,322 - INFO - [pipeline.py:117] - [Grade: C] Saved to: /Users/kenfasano/Scripts/ScreenArt/Images/TransformedImages/Dacia_Sa-C.jpeg
2026-03-08 15:31:22,351 - INFO - [pipeline.py:44] - WatercolorTransformer
2026-03-08 15:31:22,565 - INFO - [pipeline.py:44] - DataMoshTransformer
2026-03-08 15:31:22,704 - INFO - [pipeline.py:117] - [Grade: B] Saved to: /Users/kenfasano/Scripts/ScreenArt/Images/TransformedImages/Les_pris-B.jpeg
2026-03-08 15:31:22,720 - INFO - [pipeline.py:44] - FlipWilsonTransformer
2026-03-08 15:31:22,819 - INFO - [pipeline.py:44] - WheelTransformer
2026-03-08 15:31:22,922 - INFO - [pipeline.py:44] - FluidWarpTransformer
2026-03-08 15:31:23,021 - INFO - [pipeline.py:117] - [Grade: A] Saved to: /Users/kenfasano/Scripts/ScreenArt/Images/TransformedImages/Monocle_1973_-_-A.jpeg
2026-03-08 15:31:23,036 - INFO - [pipeline.py:44] - FractalWarpTransformer
2026-03-08 15:31:23,111 - INFO - [pipeline.py:117] - [Grade: A] Saved to: /Users/kenfasano/Scripts/ScreenArt/Images/TransformedImages/Jahnstra-A.jpeg
2026-03-08 15:31:23,117 - INFO - [pipeline.py:44] - FisheyeTransformer
2026-03-08 15:31:23,128 - INFO - [pipeline.py:117] - [Grade: A] Saved to: /Users/kenfasano/Scripts/ScreenArt/Images/TransformedImages/Forest-Montiers-A.jpeg
2026-03-08 15:31:23,135 - INFO - [pipeline.py:44] - FluidWarpTransformer
2026-03-08 15:31:23,193 - INFO - [pipeline.py:44] - SwirlWarpTransformer
2026-03-08 15:31:23,235 - INFO - [pipeline.py:44] - FisheyeTransformer
2026-03-08 15:31:23,258 - INFO - [pipeline.py:44] - WatercolorTransformer
2026-03-08 15:31:23,352 - INFO - [pipeline.py:117] - [Grade: B] Saved to: /Users/kenfasano/Scripts/ScreenArt/Images/TransformedImages/lojong_2-B.jpeg
2026-03-08 15:31:23,358 - INFO - [pipeline.py:44] - WheelTransformer
2026-03-08 15:31:23,471 - INFO - [pipeline.py:44] - ThreeDExtrusionTransformer
2026-03-08 15:31:23,501 - INFO - [pipeline.py:44] - GlitchWarpTransformer
2026-03-08 15:31:23,529 - INFO - [pipeline.py:44] - AnamorphicTransformer
2026-03-08 15:31:23,600 - INFO - [pipeline.py:117] - [Grade: F] Saved to: /Users/kenfasano/Scripts/ScreenArt/Images/Rejected/lojong_3-F.jpeg
2026-03-08 15:31:23,606 - INFO - [pipeline.py:44] - TritoneTransformer
2026-03-08 15:31:23,650 - INFO - [pipeline.py:117] - [Grade: F] Saved to: /Users/kenfasano/Scripts/ScreenArt/Images/Rejected/lojong_8-F.jpeg
2026-03-08 15:31:23,657 - INFO - [pipeline.py:44] - DuotoneTransformer
2026-03-08 15:31:23,747 - INFO - [pipeline.py:44] - ColormapTransformer
2026-03-08 15:31:23,774 - INFO - [pipeline.py:117] - [Grade: A] Saved to: /Users/kenfasano/Scripts/ScreenArt/Images/TransformedImages/lojong_4-A.jpeg
2026-03-08 15:31:23,780 - INFO - [pipeline.py:44] - ThreeDExtrusionTransformer
2026-03-08 15:31:23,810 - INFO - [pipeline.py:44] - InvertRGBTransformer
2026-03-08 15:31:23,811 - INFO - [pipeline.py:44] - MeltMorphTransformer
2026-03-08 15:31:23,878 - INFO - [pipeline.py:117] - [Grade: F] Saved to: /Users/kenfasano/Scripts/ScreenArt/Images/Rejected/lojong_5-F.jpeg
2026-03-08 15:31:23,885 - INFO - [pipeline.py:44] - WatercolorTransformer
2026-03-08 15:31:23,978 - INFO - [pipeline.py:117] - [Grade: F] Saved to: /Users/kenfasano/Scripts/ScreenArt/Images/Rejected/lojong_9-F.jpeg
2026-03-08 15:31:23,984 - INFO - [pipeline.py:44] - FisheyeTransformer
2026-03-08 15:31:24,007 - INFO - [pipeline.py:44] - WatercolorTransformer
2026-03-08 15:31:24,085 - INFO - [pipeline.py:44] - DuotoneTransformer
2026-03-08 15:31:24,175 - INFO - [pipeline.py:44] - XrayTransformer
2026-03-08 15:31:24,252 - INFO - [pipeline.py:117] - [Grade: B] Saved to: /Users/kenfasano/Scripts/ScreenArt/Images/TransformedImages/lojong_6-B.jpeg
2026-03-08 15:31:24,259 - INFO - [pipeline.py:44] - FisheyeTransformer
2026-03-08 15:31:24,282 - INFO - [pipeline.py:44] - FlipWilsonTransformer
2026-03-08 15:31:24,390 - INFO - [pipeline.py:44] - HalftoneTransformer
2026-03-08 15:31:24,420 - INFO - [pipeline.py:44] - WatercolorTransformer
2026-03-08 15:31:24,516 - INFO - [pipeline.py:117] - [Grade: F] Saved to: /Users/kenfasano/Scripts/ScreenArt/Images/Rejected/lojong_7-F.jpeg
2026-03-08 15:31:24,522 - INFO - [pipeline.py:44] - InvertRGBTransformer
2026-03-08 15:31:24,524 - INFO - [pipeline.py:44] - MeltMorphTransformer
2026-03-08 15:31:24,576 - INFO - [pipeline.py:44] - FisheyeTransformer
2026-03-08 15:31:24,599 - INFO - [pipeline.py:44] - FlipWilsonTransformer
2026-03-08 15:31:24,713 - INFO - [pipeline.py:117] - [Grade: F] Saved to: /Users/kenfasano/Scripts/ScreenArt/Images/Rejected/lojong_0-F.jpeg
2026-03-08 15:31:24,719 - INFO - [pipeline.py:44] - WheelTransformer
2026-03-08 15:31:24,831 - INFO - [pipeline.py:44] - ColormapTransformer
2026-03-08 15:31:24,858 - INFO - [pipeline.py:117] - [Grade: F] Saved to: /Users/kenfasano/Scripts/ScreenArt/Images/Rejected/lojong_1-F.jpeg
2026-03-08 15:31:24,866 - INFO - [pipeline.py:44] - FluidWarpTransformer
2026-03-08 15:31:24,914 - INFO - [pipeline.py:44] - WheelTransformer
2026-03-08 15:31:25,026 - INFO - [pipeline.py:44] - ThreeDExtrusionTransformer
2026-03-08 15:31:25,073 - INFO - [pipeline.py:117] - [Grade: F] Saved to: /Users/kenfasano/Scripts/ScreenArt/Images/Rejected/psalms_111-F.jpeg
2026-03-08 15:31:25,084 - INFO - [pipeline.py:44] - FluidWarpTransformer
2026-03-08 15:31:25,118 - INFO - [pipeline.py:44] - WheelTransformer
2026-03-08 15:31:25,231 - INFO - [pipeline.py:44] - ThermalImagingTransformer
2026-03-08 15:31:25,276 - INFO - [pipeline.py:117] - [Grade: B] Saved to: /Users/kenfasano/Scripts/ScreenArt/Images/TransformedImages/psalms_31-B.jpeg
2026-03-08 15:31:25,284 - INFO - [pipeline.py:44] - ThermalImagingTransformer
2026-03-08 15:31:25,311 - INFO - [pipeline.py:44] - AnamorphicTransformer
2026-03-08 15:31:25,397 - INFO - [pipeline.py:117] - [Grade: A] Saved to: /Users/kenfasano/Scripts/ScreenArt/Images/TransformedImages/psalms_27-A.jpeg
2026-03-08 15:31:25,405 - INFO - [pipeline.py:44] - FlipWilsonTransformer
2026-03-08 15:31:25,516 - INFO - [pipeline.py:44] - GlitchWarpTransformer
2026-03-08 15:31:25,543 - INFO - [pipeline.py:44] - SwirlWarpTransformer
2026-03-08 15:31:25,586 - INFO - [pipeline.py:44] - DataMoshTransformer
2026-03-08 15:31:25,640 - INFO - [pipeline.py:117] - [Grade: F] Saved to: /Users/kenfasano/Scripts/ScreenArt/Images/Rejected/psalms_116-F.jpeg
2026-03-08 15:31:25,650 - INFO - [pipeline.py:44] - AnamorphicTransformer
2026-03-08 15:31:25,726 - INFO - [pipeline.py:44] - TritoneTransformer
2026-03-08 15:31:25,755 - INFO - [pipeline.py:44] - SwirlWarpTransformer
2026-03-08 15:31:25,812 - INFO - [pipeline.py:117] - [Grade: F] Saved to: /Users/kenfasano/Scripts/ScreenArt/Images/Rejected/psalms_71-F.jpeg
2026-03-08 15:31:25,819 - INFO - [pipeline.py:44] - TritoneTransformer
2026-03-08 15:31:25,849 - INFO - [pipeline.py:44] - WheelTransformer
2026-03-08 15:31:25,960 - INFO - [pipeline.py:44] - FlipWilsonTransformer
2026-03-08 15:31:26,060 - INFO - [pipeline.py:44] - ColormapTransformer
2026-03-08 15:31:26,086 - INFO - [pipeline.py:117] - [Grade: B] Saved to: /Users/kenfasano/Scripts/ScreenArt/Images/TransformedImages/psalms_67-B.jpeg
2026-03-08 15:31:26,095 - INFO - [pipeline.py:44] - WatercolorTransformer
2026-03-08 15:31:26,174 - INFO - [pipeline.py:44] - MeltMorphTransformer
2026-03-08 15:31:26,227 - INFO - [pipeline.py:44] - SwirlWarpTransformer
2026-03-08 15:31:26,268 - INFO - [pipeline.py:44] - HalftoneTransformer
2026-03-08 15:31:26,313 - INFO - [pipeline.py:117] - [Grade: F] Saved to: /Users/kenfasano/Scripts/ScreenArt/Images/Rejected/psalms_118-F.jpeg
2026-03-08 15:31:26,322 - INFO - [pipeline.py:44] - HalftoneTransformer
2026-03-08 15:31:26,352 - INFO - [pipeline.py:44] - FluidWarpTransformer
2026-03-08 15:31:26,398 - INFO - [pipeline.py:117] - [Grade: F] Saved to: /Users/kenfasano/Scripts/ScreenArt/Images/Rejected/psalms_81-F.jpeg
2026-03-08 15:31:26,405 - INFO - [pipeline.py:44] - WatercolorTransformer
2026-03-08 15:31:26,482 - INFO - [pipeline.py:44] - DataMoshTransformer
2026-03-08 15:31:26,536 - INFO - [pipeline.py:117] - [Grade: F] Saved to: /Users/kenfasano/Scripts/ScreenArt/Images/Rejected/psalms_15-F.jpeg
2026-03-08 15:31:26,540 - INFO - [pipeline.py:44] - HalftoneTransformer
2026-03-08 15:31:26,549 - INFO - [pipeline.py:44] - InvertRGBTransformer
2026-03-08 15:31:26,549 - INFO - [pipeline.py:44] - FisheyeTransformer
2026-03-08 15:31:26,562 - INFO - [pipeline.py:117] - [Grade: F] Saved to: /Users/kenfasano/Scripts/ScreenArt/Images/Rejected/peripheral_drift_2-F.jpeg
2026-03-08 15:31:26,565 - INFO - [pipeline.py:44] - DataMoshTransformer
2026-03-08 15:31:26,576 - INFO - [pipeline.py:44] - ThermalImagingTransformer
2026-03-08 15:31:26,584 - INFO - [pipeline.py:44] - MeltMorphTransformer
2026-03-08 15:31:26,606 - INFO - [pipeline.py:117] - [Grade: F] Saved to: /Users/kenfasano/Scripts/ScreenArt/Images/Rejected/peripheral_drift_3-F.jpeg
2026-03-08 15:31:26,609 - INFO - [pipeline.py:44] - MeltMorphTransformer
2026-03-08 15:31:26,626 - INFO - [pipeline.py:44] - FisheyeTransformer
2026-03-08 15:31:26,633 - INFO - [pipeline.py:44] - HalftoneTransformer
2026-03-08 15:31:26,642 - INFO - [pipeline.py:44] - ThreeDExtrusionTransformer
2026-03-08 15:31:26,656 - INFO - [pipeline.py:117] - [Grade: F] Saved to: /Users/kenfasano/Scripts/ScreenArt/Images/Rejected/peripheral_drift_1-F.jpeg
2026-03-08 15:31:26,662 - INFO - [pipeline.py:44] - DataMoshTransformer
2026-03-08 15:31:26,699 - INFO - [pipeline.py:44] - SwirlWarpTransformer
2026-03-08 15:31:26,741 - INFO - [pipeline.py:44] - FisheyeTransformer
2026-03-08 15:31:26,764 - INFO - [pipeline.py:44] - GlitchWarpTransformer
2026-03-08 15:31:26,808 - INFO - [pipeline.py:117] - [Grade: A] Saved to: /Users/kenfasano/Scripts/ScreenArt/Images/TransformedImages/koch_snowflake_2_2-A.jpeg
2026-03-08 15:31:26,814 - INFO - [pipeline.py:44] - GlitchWarpTransformer
2026-03-08 15:31:26,841 - INFO - [pipeline.py:44] - DuotoneTransformer
2026-03-08 15:31:26,931 - INFO - [pipeline.py:44] - WheelTransformer
2026-03-08 15:31:27,059 - INFO - [pipeline.py:117] - [Grade: A] Saved to: /Users/kenfasano/Scripts/ScreenArt/Images/TransformedImages/koch_snowflake_2_3-A.jpeg
2026-03-08 15:31:27,064 - INFO - [pipeline.py:44] - SwirlWarpTransformer
2026-03-08 15:31:27,107 - INFO - [pipeline.py:44] - TritoneTransformer
2026-03-08 15:31:27,136 - INFO - [pipeline.py:44] - ThreeDExtrusionTransformer
2026-03-08 15:31:27,166 - INFO - [pipeline.py:44] - WatercolorTransformer
2026-03-08 15:31:27,257 - INFO - [pipeline.py:117] - [Grade: F] Saved to: /Users/kenfasano/Scripts/ScreenArt/Images/Rejected/koch_snowflake_2_4-F.jpeg
2026-03-08 15:31:27,263 - INFO - [pipeline.py:44] - FractalWarpTransformer
2026-03-08 15:31:27,297 - INFO - [pipeline.py:44] - TritoneTransformer
2026-03-08 15:31:27,326 - INFO - [pipeline.py:44] - DuotoneTransformer
2026-03-08 15:31:27,431 - INFO - [pipeline.py:117] - [Grade: F] Saved to: /Users/kenfasano/Scripts/ScreenArt/Images/Rejected/koch_snowflake_2_5-F.jpeg
2026-03-08 15:31:27,437 - INFO - [pipeline.py:44] - FluidWarpTransformer
2026-03-08 15:31:27,503 - INFO - [pipeline.py:44] - AnamorphicTransformer
2026-03-08 15:31:27,559 - INFO - [pipeline.py:44] - ThermalImagingTransformer
2026-03-08 15:31:27,601 - INFO - [pipeline.py:117] - [Grade: C] Saved to: /Users/kenfasano/Scripts/ScreenArt/Images/TransformedImages/koch_snowflake_2_1-C.jpeg
2026-03-08 15:31:27,611 - INFO - [pipeline.py:44] - FluidWarpTransformer
2026-03-08 15:31:27,701 - INFO - [pipeline.py:117] - [Grade: F] Saved to: /Users/kenfasano/Scripts/ScreenArt/Images/Rejected/hilbert_5-F.jpg
2026-03-08 15:31:27,715 - INFO - [pipeline.py:44] - GlitchWarpTransformer
2026-03-08 15:31:27,742 - INFO - [pipeline.py:44] - TritoneTransformer
2026-03-08 15:31:27,772 - INFO - [pipeline.py:44] - AnamorphicTransformer
2026-03-08 15:31:27,828 - INFO - [pipeline.py:117] - [Grade: F] Saved to: /Users/kenfasano/Scripts/ScreenArt/Images/Rejected/hilbert_4-F.jpg
2026-03-08 15:31:27,838 - INFO - [pipeline.py:44] - ThreeDExtrusionTransformer
2026-03-08 15:31:27,868 - INFO - [pipeline.py:44] - ThermalImagingTransformer
2026-03-08 15:31:27,895 - INFO - [pipeline.py:44] - HalftoneTransformer
2026-03-08 15:31:27,940 - INFO - [pipeline.py:117] - [Grade: F] Saved to: /Users/kenfasano/Scripts/ScreenArt/Images/Rejected/hilbert_1-F.jpg
2026-03-08 15:31:27,947 - INFO - [pipeline.py:44] - FisheyeTransformer
2026-03-08 15:31:27,970 - INFO - [pipeline.py:44] - WheelTransformer
2026-03-08 15:31:28,099 - INFO - [pipeline.py:117] - [Grade: B] Saved to: /Users/kenfasano/Scripts/ScreenArt/Images/TransformedImages/hilbert_3-B.jpg
2026-03-08 15:31:28,114 - INFO - [pipeline.py:44] - PosterizationTransformer
2026-03-08 15:31:28,119 - INFO - [pipeline.py:44] - SwirlWarpTransformer
2026-03-08 15:31:28,177 - INFO - [pipeline.py:117] - [Grade: F] Saved to: /Users/kenfasano/Scripts/ScreenArt/Images/Rejected/hilbert_2-F.jpg
2026-03-08 15:31:28,177 - INFO - [main.py:196] - WheelTransformer
2026-03-08 15:31:28,177 - INFO - [main.py:196] - DuotoneTransformer
2026-03-08 15:31:28,177 - INFO - [main.py:196] - FlipWilsonTransformer
2026-03-08 15:31:28,177 - INFO - [main.py:196] - WatercolorTransformer
2026-03-08 15:31:28,177 - INFO - [main.py:196] - XrayTransformer
2026-03-08 15:31:28,177 - INFO - [main.py:196] - FluidWarpTransformer
2026-03-08 15:31:28,177 - INFO - [main.py:196] - AnamorphicTransformer
2026-03-08 15:31:28,177 - INFO - [main.py:196] - MeltMorphTransformer
2026-03-08 15:31:28,177 - INFO - [main.py:196] - DataMoshTransformer
2026-03-08 15:31:28,177 - INFO - [main.py:196] - SwirlWarpTransformer
2026-03-08 15:31:28,177 - INFO - [main.py:196] - FractalWarpTransformer
2026-03-08 15:31:28,177 - INFO - [main.py:196] - TritoneTransformer
2026-03-08 15:31:28,177 - INFO - [main.py:196] - ThreeDExtrusionTransformer
2026-03-08 15:31:28,177 - INFO - [main.py:196] - GlitchWarpTransformer
2026-03-08 15:31:28,177 - INFO - [main.py:196] - ThermalImagingTransformer
2026-03-08 15:31:28,177 - INFO - [main.py:196] - HalftoneTransformer
2026-03-08 15:31:28,177 - INFO - [main.py:196] - FisheyeTransformer
2026-03-08 15:31:28,177 - INFO - [main.py:196] - ColormapTransformer
2026-03-08 15:31:28,177 - INFO - [main.py:196] - PosterizationTransformer
2026-03-08 15:31:28,177 - INFO - [main.py:196] - RadialWarpTransformer
2026-03-08 15:31:28,177 - INFO - [main.py:196] - InvertRGBTransformer
2026-03-08 15:31:28,178 - INFO - [main.py:239] - 16s@15:31 ✓
Accepted: 22
Rejected: 44
---
Wiki                       ->  3669ms
Nasa                       ->  1003ms
Bible                      ->   702ms
GoesGenerator              ->   596ms
Cubes                      ->   479ms
Lojong                     ->   368ms
KochSnowflake              ->   303ms
Bubbles                    ->   247ms
Hilbert                    ->   104ms
PeripheralDriftIllusion    ->    47ms
NasaMapGenerator           ->    45ms
---
WheelTransformer           -> Min:    33ms | Avg:   100ms | Max:   114ms
DuotoneTransformer         -> Min:    90ms | Avg:    95ms | Max:   117ms
FlipWilsonTransformer      -> Min:    34ms | Avg:    95ms | Max:   111ms
WatercolorTransformer      -> Min:    76ms | Avg:    88ms | Max:   215ms
XrayTransformer            -> Min:    42ms | Avg:    68ms | Max:    99ms
FluidWarpTransformer       -> Min:     7ms | Avg:    52ms | Max:    83ms
AnamorphicTransformer      -> Min:    10ms | Avg:    49ms | Max:    75ms
MeltMorphTransformer       -> Min:    16ms | Avg:    42ms | Max:    53ms
DataMoshTransformer        -> Min:    11ms | Avg:    41ms | Max:    97ms
SwirlWarpTransformer       -> Min:     7ms | Avg:    40ms | Max:    47ms
FractalWarpTransformer     -> Min:    14ms | Avg:    34ms | Max:    51ms
TritoneTransformer         -> Min:    29ms | Avg:    29ms | Max:    31ms
ThreeDExtrusionTransformer -> Min:     5ms | Avg:    24ms | Max:    31ms
GlitchWarpTransformer      -> Min:     8ms | Avg:    23ms | Max:    28ms
ThermalImagingTransformer  -> Min:     8ms | Avg:    23ms | Max:    32ms
HalftoneTransformer        -> Min:     4ms | Avg:    23ms | Max:    37ms
FisheyeTransformer         -> Min:     6ms | Avg:    18ms | Max:    32ms
ColormapTransformer        -> Min:     4ms | Avg:    10ms | Max:    11ms
PosterizationTransformer   -> Min:     1ms | Avg:     4ms | Max:     5ms
RadialWarpTransformer      -> Min:     2ms | Avg:     3ms | Max:     3ms
InvertRGBTransformer       -> Min:     0ms | Avg:     1ms | Max:     1ms
