2026-03-12 11:54:46,258 - INFO - [pipeline.py:47] - "FisheyeTransformer","shape=oval,strength=0.32,zoom=0.93"
2026-03-12 11:54:46,287 - INFO - [pipeline.py:47] - "GlitchWarpTransformer","intensity=0.01"
2026-03-12 11:54:46,305 - INFO - [pipeline.py:154] - [Grade: A] Saved to: /Users/kenfasano/Scripts/ScreenArt/Images/TransformedImages/bubbles_4-A.jpeg
2026-03-12 11:54:46,358 - INFO - [pipeline.py:47] - "SwirlWarpTransformer","strength=1.50"
2026-03-12 11:54:46,376 - INFO - [pipeline.py:154] - [Grade: A] Saved to: /Users/kenfasano/Scripts/ScreenArt/Images/TransformedImages/bubbles_8-A.jpeg
2026-03-12 11:54:46,488 - INFO - [pipeline.py:47] - "WheelTransformer","blend=normal,copies=3"
2026-03-12 11:54:46,711 - INFO - [pipeline.py:47] - "WatercolorTransformer","scale=0.85,style=psychedelic"
2026-03-12 11:54:46,742 - INFO - [pipeline.py:47] - "TritoneTransformer","highlight=#4ac330,mid=#bf860e,shadow=#99d798"
2026-03-12 11:54:46,799 - INFO - [pipeline.py:47] - "MeltMorphTransformer","intensity=0.50"
2026-03-12 11:54:46,816 - INFO - [pipeline.py:154] - [Grade: C] Saved to: /Users/kenfasano/Scripts/ScreenArt/Images/TransformedImages/bubbles_9-C.jpeg
2026-03-12 11:54:46,885 - INFO - [pipeline.py:47] - "AnamorphicTransformer","intensity=0.0,0.2,0.4,0.6,0.8,thresh=80"
2026-03-12 11:54:46,898 - INFO - [pipeline.py:47] - "ColormapTransformer","map=cool"
2026-03-12 11:54:46,936 - INFO - [pipeline.py:47] - "DataMoshTransformer","intensity=0.02"
2026-03-12 11:54:46,951 - INFO - [pipeline.py:154] - [Grade: C] Saved to: /Users/kenfasano/Scripts/ScreenArt/Images/TransformedImages/bubbles_5-C.jpeg
2026-03-12 11:54:46,973 - INFO - [pipeline.py:47] - "PosterizationTransformer","levels=4"
2026-03-12 11:54:47,011 - INFO - [pipeline.py:47] - "SwirlWarpTransformer","strength=1.50"
2026-03-12 11:54:47,028 - INFO - [pipeline.py:154] - [Grade: A] Saved to: /Users/kenfasano/Scripts/ScreenArt/Images/TransformedImages/bubbles_2-A.jpeg
2026-03-12 11:54:47,049 - INFO - [pipeline.py:47] - "ColormapTransformer","map=autumn"
2026-03-12 11:54:47,134 - INFO - [pipeline.py:47] - "DuotoneTransformer","highlight=#e9121e,shadow=#dfb57b"
2026-03-12 11:54:47,162 - INFO - [pipeline.py:47] - "GlitchWarpTransformer","intensity=0.01"
2026-03-12 11:54:47,197 - INFO - [pipeline.py:47] - "FractalWarpTransformer","iter=1,scale=0.05"
2026-03-12 11:54:47,213 - INFO - [pipeline.py:154] - [Grade: A] Saved to: /Users/kenfasano/Scripts/ScreenArt/Images/TransformedImages/bubbles_3-A.jpeg
2026-03-12 11:54:47,332 - INFO - [pipeline.py:47] - "XrayTransformer","colors=64"
2026-03-12 11:54:47,554 - INFO - [pipeline.py:47] - "WatercolorTransformer","scale=0.85,style=psychedelic"
2026-03-12 11:54:47,612 - INFO - [pipeline.py:47] - "FlipWilsonTransformer","keep=bottom,narrow=0.30"
2026-03-12 11:54:47,699 - INFO - [pipeline.py:47] - "DuotoneTransformer","highlight=#6efc20,shadow=#ea0ac4"
2026-03-12 11:54:47,714 - INFO - [pipeline.py:154] - [Grade: F] Saved to: /Users/kenfasano/Scripts/ScreenArt/Images/Rejected/bubbles_10-F.jpeg
2026-03-12 11:54:47,878 - INFO - [pipeline.py:47] - "DuotoneTransformer","highlight=#79c9d6,shadow=#9a3525"
2026-03-12 11:54:47,908 - INFO - [pipeline.py:47] - "GlitchWarpTransformer","intensity=0.01"
2026-03-12 11:54:47,959 - INFO - [pipeline.py:47] - "HalftoneTransformer","size=2"
2026-03-12 11:54:47,976 - INFO - [pipeline.py:154] - [Grade: C] Saved to: /Users/kenfasano/Scripts/ScreenArt/Images/TransformedImages/bubbles_1-C.jpeg
2026-03-12 11:54:48,016 - INFO - [pipeline.py:47] - "ThreeDExtrusionTransformer","ambient=0.36,intensity=0.50"
2026-03-12 11:54:48,034 - INFO - [pipeline.py:154] - [Grade: F] Saved to: /Users/kenfasano/Scripts/ScreenArt/Images/Rejected/bubbles_6-F.jpeg
2026-03-12 11:54:48,080 - INFO - [pipeline.py:47] - "FractalWarpTransformer","iter=1,scale=0.05"
2026-03-12 11:54:48,111 - INFO - [pipeline.py:47] - "ThreeDExtrusionTransformer","ambient=0.37,intensity=0.50"
2026-03-12 11:54:48,129 - INFO - [pipeline.py:154] - [Grade: F] Saved to: /Users/kenfasano/Scripts/ScreenArt/Images/Rejected/bubbles_7-F.jpeg
2026-03-12 11:54:48,181 - INFO - [pipeline.py:47] - "SwirlWarpTransformer","strength=1.50"
2026-03-12 11:54:48,199 - INFO - [pipeline.py:47] - "RadialWarpTransformer","radius=0.25,strength=43.346554149143095,style=pull"
2026-03-12 11:54:48,229 - INFO - [pipeline.py:47] - "FluidWarpTransformer","alpha=12.58,sigma=0.58"
2026-03-12 11:54:48,254 - INFO - [pipeline.py:47] - "FisheyeTransformer","shape=oval,strength=0.26,zoom=1.10"
2026-03-12 11:54:48,271 - INFO - [pipeline.py:154] - [Grade: A] Saved to: /Users/kenfasano/Scripts/ScreenArt/Images/TransformedImages/cubes_2-A.jpeg
2026-03-12 11:54:48,316 - INFO - [pipeline.py:47] - "DataMoshTransformer","intensity=0.02"
2026-03-12 11:54:48,329 - INFO - [pipeline.py:47] - "PosterizationTransformer","levels=4"
2026-03-12 11:54:48,345 - INFO - [pipeline.py:154] - [Grade: A] Saved to: /Users/kenfasano/Scripts/ScreenArt/Images/TransformedImages/cubes_3-A.jpeg
2026-03-12 11:54:48,381 - INFO - [pipeline.py:47] - "GlitchWarpTransformer","intensity=0.01"
2026-03-12 11:54:48,412 - INFO - [pipeline.py:47] - "TritoneTransformer","highlight=#9c2a37,mid=#9fe9d2,shadow=#a6fcce"
2026-03-12 11:54:48,428 - INFO - [pipeline.py:154] - [Grade: C] Saved to: /Users/kenfasano/Scripts/ScreenArt/Images/TransformedImages/cubes_4-C.jpeg
2026-03-12 11:54:48,490 - INFO - [pipeline.py:47] - "MeltMorphTransformer","intensity=0.50"
2026-03-12 11:54:48,506 - INFO - [pipeline.py:154] - [Grade: A] Saved to: /Users/kenfasano/Scripts/ScreenArt/Images/TransformedImages/cubes_5-A.jpeg
2026-03-12 11:54:48,535 - INFO - [pipeline.py:47] - "RadialWarpTransformer","radius=0.25,strength=76.15269359202048,108.91849440278207,style=push,push"
2026-03-12 11:54:48,552 - INFO - [pipeline.py:154] - [Grade: A] Saved to: /Users/kenfasano/Scripts/ScreenArt/Images/TransformedImages/cubes_6-A.jpeg
2026-03-12 11:54:48,573 - INFO - [pipeline.py:47] - "PosterizationTransformer","levels=4"
2026-03-12 11:54:48,589 - INFO - [pipeline.py:154] - [Grade: A] Saved to: /Users/kenfasano/Scripts/ScreenArt/Images/TransformedImages/cubes_1-A.jpeg
2026-03-12 11:54:48,608 - INFO - [pipeline.py:47] - "PosterizationTransformer","levels=4"
2026-03-12 11:54:48,624 - INFO - [pipeline.py:47] - "SwirlWarpTransformer","strength=1.50"
2026-03-12 11:54:48,638 - INFO - [pipeline.py:47] - "ThermalImagingTransformer","thermal=True"
2026-03-12 11:54:48,647 - INFO - [pipeline.py:154] - [Grade: B] Saved to: /Users/kenfasano/Scripts/ScreenArt/Images/TransformedImages/3IATLAS_2025_12_15_JuneLake_DEBartlett1024-B.jpg
2026-03-12 11:54:48,651 - INFO - [pipeline.py:47] - "FisheyeTransformer","shape=circle,strength=0.27,zoom=1.15"
2026-03-12 11:54:48,657 - INFO - [pipeline.py:47] - "DataMoshTransformer","intensity=0.02"
2026-03-12 11:54:48,659 - INFO - [pipeline.py:154] - [Grade: A] Saved to: /Users/kenfasano/Scripts/ScreenArt/Images/TransformedImages/doublecme_soho-A.jpg
2026-03-12 11:54:48,725 - INFO - [pipeline.py:47] - "HalftoneTransformer","size=2"
2026-03-12 11:54:48,730 - INFO - [pipeline.py:47] - "InvertRGBTransformer","blend=0.43"
2026-03-12 11:54:48,740 - INFO - [pipeline.py:154] - [Grade: F] Saved to: /Users/kenfasano/Scripts/ScreenArt/Images/Rejected/hubble_ngc2419_potw1908a_1024-F.jpg
2026-03-12 11:54:48,754 - INFO - [pipeline.py:47] - "RadialWarpTransformer","radius=0.25,strength=75.32979736422195,style=pull"
2026-03-12 11:54:48,852 - INFO - [pipeline.py:47] - "XrayTransformer","colors=128"
2026-03-12 11:54:48,871 - INFO - [pipeline.py:47] - "DataMoshTransformer","intensity=0.02"
2026-03-12 11:54:48,884 - INFO - [pipeline.py:47] - "GlitchWarpTransformer","intensity=0.01"
2026-03-12 11:54:48,894 - INFO - [pipeline.py:154] - [Grade: A] Saved to: /Users/kenfasano/Scripts/ScreenArt/Images/TransformedImages/SouthIsland_Horalek_960-A.jpg
2026-03-12 11:54:48,938 - INFO - [pipeline.py:47] - "FlipWilsonTransformer","keep=bottom,narrow=0.30"
2026-03-12 11:54:48,979 - INFO - [pipeline.py:47] - "AnamorphicTransformer","intensity=0.0,0.2,0.4,0.6,0.8,thresh=80"
2026-03-12 11:54:49,014 - INFO - [pipeline.py:47] - "XrayTransformer","colors=128"
2026-03-12 11:54:49,023 - INFO - [pipeline.py:154] - [Grade: A] Saved to: /Users/kenfasano/Scripts/ScreenArt/Images/TransformedImages/ISS4panelMar28Addis1024-A.jpg
2026-03-12 11:54:49,056 - INFO - [pipeline.py:47] - "XrayTransformer","colors=64"
2026-03-12 11:54:49,059 - INFO - [pipeline.py:154] - [Grade: C] Saved to: /Users/kenfasano/Scripts/ScreenArt/Images/TransformedImages/m27HaOiiismall_krejci-C.jpg
2026-03-12 11:54:49,094 - INFO - [pipeline.py:47] - "AnamorphicTransformer","intensity=0.0,0.2,0.4,0.6,0.8,thresh=80"
2026-03-12 11:54:49,099 - INFO - [pipeline.py:154] - [Grade: A] Saved to: /Users/kenfasano/Scripts/ScreenArt/Images/TransformedImages/GeminidFireball_AlvinWu1024c-A.jpg
2026-03-12 11:54:49,109 - INFO - [pipeline.py:47] - "RadialWarpTransformer","radius=0.25,strength=136.06430502893096,style=push"
2026-03-12 11:54:49,115 - INFO - [pipeline.py:154] - [Grade: A] Saved to: /Users/kenfasano/Scripts/ScreenArt/Images/TransformedImages/SunsetMonths_Vanzella_1080-A.jpg
2026-03-12 11:54:49,125 - INFO - [pipeline.py:47] - "FlipWilsonTransformer","keep=bottom,narrow=0.30"
2026-03-12 11:54:49,131 - INFO - [pipeline.py:47] - "DataMoshTransformer","intensity=0.01"
2026-03-12 11:54:49,135 - INFO - [pipeline.py:47] - "TritoneTransformer","highlight=#466af5,mid=#06b2f1,shadow=#996204"
2026-03-12 11:54:49,138 - INFO - [pipeline.py:154] - [Grade: F] Saved to: /Users/kenfasano/Scripts/ScreenArt/Images/Rejected/frostymnts_mgs-F.jpg
2026-03-12 11:54:49,174 - INFO - [pipeline.py:47] - "FlipWilsonTransformer","keep=bottom,narrow=0.30"
2026-03-12 11:54:49,296 - INFO - [pipeline.py:47] - "XrayTransformer","colors=256"
2026-03-12 11:54:49,301 - INFO - [pipeline.py:47] - "InvertRGBTransformer","blend=0.77"
2026-03-12 11:54:49,323 - INFO - [pipeline.py:47] - "ThermalImagingTransformer","thermal=True"
2026-03-12 11:54:49,334 - INFO - [pipeline.py:154] - [Grade: A] Saved to: /Users/kenfasano/Scripts/ScreenArt/Images/TransformedImages/MwCenter_SofiaHubble_1032-A.jpg
2026-03-12 11:54:49,338 - INFO - [pipeline.py:47] - "ColormapTransformer","map=pink"
2026-03-12 11:54:49,353 - INFO - [pipeline.py:47] - "WheelTransformer","blend=normal,copies=3"
2026-03-12 11:54:49,357 - INFO - [pipeline.py:154] - [Grade: A] Saved to: /Users/kenfasano/Scripts/ScreenArt/Images/TransformedImages/MWart_spitzer_c42-A.jpg
2026-03-12 11:54:49,420 - INFO - [pipeline.py:47] - "HalftoneTransformer","size=2"
2026-03-12 11:54:49,439 - INFO - [pipeline.py:154] - [Grade: A] Saved to: /Users/kenfasano/Scripts/ScreenArt/Images/TransformedImages/nasa_earth_1_Dhaka_True_Color-A.jpeg
2026-03-12 11:54:49,516 - INFO - [pipeline.py:47] - "WheelTransformer","blend=normal,copies=3"
2026-03-12 11:54:49,528 - INFO - [pipeline.py:154] - [Grade: A] Saved to: /Users/kenfasano/Scripts/ScreenArt/Images/TransformedImages/noaa_goes_1_se_Air_Mass-A.jpeg
2026-03-12 11:54:49,599 - INFO - [pipeline.py:47] - "ThermalImagingTransformer","thermal=True"
2026-03-12 11:54:49,627 - INFO - [pipeline.py:47] - "RadialWarpTransformer","radius=0.25,strength=50.323645474835104,131.71577877783506,style=push,pull"
2026-03-12 11:54:49,725 - INFO - [pipeline.py:47] - "AnamorphicTransformer","intensity=0.0,0.2,0.4,0.6,0.8,thresh=80"
2026-03-12 11:54:49,749 - INFO - [pipeline.py:47] - "PosterizationTransformer","levels=4"
2026-03-12 11:54:49,778 - INFO - [pipeline.py:154] - [Grade: B] Saved to: /Users/kenfasano/Scripts/ScreenArt/Images/TransformedImages/Fond_de_-B.jpeg
2026-03-12 11:54:49,838 - INFO - [pipeline.py:47] - "TritoneTransformer","highlight=#aeea28,mid=#3584f6,shadow=#1068db"
2026-03-12 11:54:49,865 - INFO - [pipeline.py:154] - [Grade: C] Saved to: /Users/kenfasano/Scripts/ScreenArt/Images/TransformedImages/Mogilyov-C.jpeg
2026-03-12 11:54:49,932 - INFO - [pipeline.py:47] - "SwirlWarpTransformer","strength=1.50"
2026-03-12 11:54:49,957 - INFO - [pipeline.py:154] - [Grade: A] Saved to: /Users/kenfasano/Scripts/ScreenArt/Images/TransformedImages/Donja_Bo-A.jpeg
2026-03-12 11:54:49,978 - INFO - [pipeline.py:47] - "ColormapTransformer","map=rainbow"
2026-03-12 11:54:50,034 - INFO - [pipeline.py:47] - "XrayTransformer","colors=64"
2026-03-12 11:54:50,077 - INFO - [pipeline.py:47] - "ThreeDExtrusionTransformer","ambient=0.26,intensity=0.50"
2026-03-12 11:54:50,123 - INFO - [pipeline.py:47] - "DataMoshTransformer","intensity=0.01"
2026-03-12 11:54:50,142 - INFO - [pipeline.py:154] - [Grade: F] Saved to: /Users/kenfasano/Scripts/ScreenArt/Images/Rejected/lossy-page1-160-F.jpeg
2026-03-12 11:54:50,170 - INFO - [pipeline.py:47] - "DuotoneTransformer","highlight=#bd85bd,shadow=#1806f9"
2026-03-12 11:54:50,183 - INFO - [pipeline.py:47] - "ThermalImagingTransformer","thermal=True"
2026-03-12 11:54:50,190 - INFO - [pipeline.py:154] - [Grade: A] Saved to: /Users/kenfasano/Scripts/ScreenArt/Images/TransformedImages/960px-Матч__Дин-A.jpeg
2026-03-12 11:54:50,210 - INFO - [pipeline.py:47] - "ColormapTransformer","map=pink"
2026-03-12 11:54:50,295 - INFO - [pipeline.py:47] - "DuotoneTransformer","highlight=#942024,shadow=#8ee0f6"
2026-03-12 11:54:50,312 - INFO - [pipeline.py:154] - [Grade: A] Saved to: /Users/kenfasano/Scripts/ScreenArt/Images/TransformedImages/lojong_2-A-tile.jpeg
2026-03-12 11:54:50,558 - INFO - [pipeline.py:47] - "WatercolorTransformer","scale=0.85,style=monet"
2026-03-12 11:54:50,570 - INFO - [pipeline.py:47] - "InvertRGBTransformer","blend=0.44"
2026-03-12 11:54:50,596 - INFO - [pipeline.py:47] - "FisheyeTransformer","shape=oval,strength=0.53,zoom=0.86"
2026-03-12 11:54:50,612 - INFO - [pipeline.py:154] - [Grade: F] Saved to: /Users/kenfasano/Scripts/ScreenArt/Images/Rejected/lojong_3-F-columns.jpeg
2026-03-12 11:54:50,652 - INFO - [pipeline.py:47] - "ThreeDExtrusionTransformer","ambient=0.42,intensity=0.50"
2026-03-12 11:54:50,666 - INFO - [pipeline.py:47] - "ColormapTransformer","map=hsv"
2026-03-12 11:54:50,768 - INFO - [pipeline.py:47] - "WheelTransformer","blend=normal,copies=3"
2026-03-12 11:54:50,831 - INFO - [pipeline.py:47] - "FlipWilsonTransformer","keep=bottom,narrow=0.30"
2026-03-12 11:54:50,848 - INFO - [pipeline.py:154] - [Grade: A] Saved to: /Users/kenfasano/Scripts/ScreenArt/Images/TransformedImages/lojong_8-A-scatter.jpeg
2026-03-12 11:54:50,893 - INFO - [pipeline.py:47] - "TritoneTransformer","highlight=#550167,mid=#9fcb3a,shadow=#52bfba"
2026-03-12 11:54:50,931 - INFO - [pipeline.py:47] - "DataMoshTransformer","intensity=0.01"
2026-03-12 11:54:50,950 - INFO - [pipeline.py:154] - [Grade: A] Saved to: /Users/kenfasano/Scripts/ScreenArt/Images/TransformedImages/lojong_4-A-columns.jpeg
2026-03-12 11:54:50,996 - INFO - [pipeline.py:47] - "ThermalImagingTransformer","thermal=True"
2026-03-12 11:54:51,010 - INFO - [pipeline.py:47] - "ColormapTransformer","map=cool"
2026-03-12 11:54:51,027 - INFO - [pipeline.py:154] - [Grade: C] Saved to: /Users/kenfasano/Scripts/ScreenArt/Images/TransformedImages/lojong_5-C-scatter.jpeg
2026-03-12 11:54:51,068 - INFO - [pipeline.py:47] - "TritoneTransformer","highlight=#76e669,mid=#4a1571,shadow=#36f7e8"
2026-03-12 11:54:51,101 - INFO - [pipeline.py:47] - "ThreeDExtrusionTransformer","ambient=0.48,intensity=0.50"
2026-03-12 11:54:51,178 - INFO - [pipeline.py:47] - "AnamorphicTransformer","intensity=0.0,0.2,0.4,0.6,0.8,thresh=80"
2026-03-12 11:54:51,196 - INFO - [pipeline.py:154] - [Grade: A] Saved to: /Users/kenfasano/Scripts/ScreenArt/Images/TransformedImages/lojong_9-A-hero.jpeg
2026-03-12 11:54:51,341 - INFO - [pipeline.py:47] - "XrayTransformer","colors=64"
2026-03-12 11:54:51,357 - INFO - [pipeline.py:154] - [Grade: C] Saved to: /Users/kenfasano/Scripts/ScreenArt/Images/TransformedImages/lojong_6-C-columns.jpeg
2026-03-12 11:54:51,583 - INFO - [pipeline.py:47] - "WatercolorTransformer","scale=0.85,style=monet"
2026-03-12 11:54:51,600 - INFO - [pipeline.py:154] - [Grade: C] Saved to: /Users/kenfasano/Scripts/ScreenArt/Images/TransformedImages/lojong_7-C-hero.jpeg
2026-03-12 11:54:51,714 - INFO - [pipeline.py:47] - "WheelTransformer","blend=normal,copies=3"
2026-03-12 11:54:51,745 - INFO - [pipeline.py:47] - "TritoneTransformer","highlight=#107475,mid=#0e5462,shadow=#6732c2"
2026-03-12 11:54:51,799 - INFO - [pipeline.py:47] - "MeltMorphTransformer","intensity=0.50"
2026-03-12 11:54:51,815 - INFO - [pipeline.py:154] - [Grade: F] Saved to: /Users/kenfasano/Scripts/ScreenArt/Images/Rejected/lojong_0-F-columns.jpeg
2026-03-12 11:54:51,876 - INFO - [pipeline.py:47] - "AnamorphicTransformer","intensity=0.0,0.2,0.4,0.6,0.8,thresh=80"
2026-03-12 11:54:51,889 - INFO - [pipeline.py:47] - "ColormapTransformer","map=ocean"
2026-03-12 11:54:51,912 - INFO - [pipeline.py:47] - "FisheyeTransformer","shape=circle,strength=0.54,zoom=0.90"
2026-03-12 11:54:51,928 - INFO - [pipeline.py:154] - [Grade: A] Saved to: /Users/kenfasano/Scripts/ScreenArt/Images/TransformedImages/lojong_1-A-tile.jpeg
2026-03-12 11:54:51,964 - INFO - [pipeline.py:47] - "GlitchWarpTransformer","intensity=0.01"
2026-03-12 11:54:52,001 - INFO - [pipeline.py:47] - "FractalWarpTransformer","iter=1,scale=0.05"
2026-03-12 11:54:52,011 - INFO - [pipeline.py:47] - "InvertRGBTransformer","blend=0.79"
2026-03-12 11:54:52,095 - INFO - [pipeline.py:47] - "DuotoneTransformer","highlight=#061a23,shadow=#b79b47"
2026-03-12 11:54:52,111 - INFO - [pipeline.py:154] - [Grade: F] Saved to: /Users/kenfasano/Scripts/ScreenArt/Images/Rejected/psalms_60-F-tile.jpeg
2026-03-12 11:54:52,148 - INFO - [pipeline.py:47] - "GlitchWarpTransformer","intensity=0.01"
2026-03-12 11:54:52,179 - INFO - [pipeline.py:47] - "TritoneTransformer","highlight=#2848d0,mid=#5f12ae,shadow=#5bc926"
2026-03-12 11:54:52,195 - INFO - [pipeline.py:154] - [Grade: C] Saved to: /Users/kenfasano/Scripts/ScreenArt/Images/TransformedImages/psalms_110-C-scatter.jpeg
2026-03-12 11:54:52,217 - INFO - [pipeline.py:47] - "ColormapTransformer","map=spring"
2026-03-12 11:54:52,260 - INFO - [pipeline.py:47] - "FluidWarpTransformer","alpha=2.89,sigma=5.68"
2026-03-12 11:54:52,278 - INFO - [pipeline.py:154] - [Grade: A] Saved to: /Users/kenfasano/Scripts/ScreenArt/Images/TransformedImages/psalms_140-A-tile.jpeg
2026-03-12 11:54:52,301 - INFO - [pipeline.py:47] - "RadialWarpTransformer","radius=0.25,strength=71.65877619850562,style=pull"
2026-03-12 11:54:52,358 - INFO - [pipeline.py:47] - "AnamorphicTransformer","intensity=0.0,0.2,0.4,0.6,0.8,thresh=80"
2026-03-12 11:54:52,396 - INFO - [pipeline.py:47] - "FluidWarpTransformer","alpha=17.35,sigma=4.28"
2026-03-12 11:54:52,413 - INFO - [pipeline.py:154] - [Grade: A] Saved to: /Users/kenfasano/Scripts/ScreenArt/Images/TransformedImages/psalms_46-A-scatter.jpeg
2026-03-12 11:54:52,470 - INFO - [pipeline.py:47] - "HalftoneTransformer","size=2"
2026-03-12 11:54:52,502 - INFO - [pipeline.py:47] - "ThreeDExtrusionTransformer","ambient=0.58,intensity=0.50"
2026-03-12 11:54:52,560 - INFO - [pipeline.py:47] - "FlipWilsonTransformer","keep=bottom,narrow=0.30"
2026-03-12 11:54:52,617 - INFO - [pipeline.py:47] - "MeltMorphTransformer","intensity=0.50"
2026-03-12 11:54:52,636 - INFO - [pipeline.py:154] - [Grade: C] Saved to: /Users/kenfasano/Scripts/ScreenArt/Images/TransformedImages/psalms_88-C-tile.jpeg
2026-03-12 11:54:52,678 - INFO - [pipeline.py:47] - "ThreeDExtrusionTransformer","ambient=0.59,intensity=0.50"
2026-03-12 11:54:52,730 - INFO - [pipeline.py:47] - "HalftoneTransformer","size=2"
2026-03-12 11:54:52,747 - INFO - [pipeline.py:154] - [Grade: F] Saved to: /Users/kenfasano/Scripts/ScreenArt/Images/Rejected/psalms_15-F-hero.jpeg
2026-03-12 11:54:52,980 - INFO - [pipeline.py:47] - "WatercolorTransformer","scale=0.85,style=monet"
2026-03-12 11:54:53,029 - INFO - [pipeline.py:47] - "HalftoneTransformer","size=2"
2026-03-12 11:54:53,045 - INFO - [pipeline.py:154] - [Grade: A] Saved to: /Users/kenfasano/Scripts/ScreenArt/Images/TransformedImages/psalms_113-A-tile.jpeg
2026-03-12 11:54:53,083 - INFO - [pipeline.py:47] - "TritoneTransformer","highlight=#9f6184,mid=#cab5c7,shadow=#a4e1d2"
2026-03-12 11:54:53,118 - INFO - [pipeline.py:47] - "FractalWarpTransformer","iter=1,scale=0.05"
2026-03-12 11:54:53,153 - INFO - [pipeline.py:47] - "ThermalImagingTransformer","thermal=True"
2026-03-12 11:54:53,201 - INFO - [pipeline.py:47] - "HalftoneTransformer","size=2"
2026-03-12 11:54:53,216 - INFO - [pipeline.py:154] - [Grade: B] Saved to: /Users/kenfasano/Scripts/ScreenArt/Images/TransformedImages/psalms_58-B-scatter.jpeg
2026-03-12 11:54:53,379 - INFO - [pipeline.py:47] - "XrayTransformer","colors=128"
2026-03-12 11:54:53,397 - INFO - [pipeline.py:154] - [Grade: A] Saved to: /Users/kenfasano/Scripts/ScreenArt/Images/TransformedImages/psalms_22-A-tile.jpeg
2026-03-12 11:54:53,439 - INFO - [pipeline.py:47] - "FractalWarpTransformer","iter=1,scale=0.05"
2026-03-12 11:54:53,455 - INFO - [pipeline.py:154] - [Grade: A] Saved to: /Users/kenfasano/Scripts/ScreenArt/Images/TransformedImages/psalms_14-A-hero.jpeg
2026-03-12 11:54:53,464 - INFO - [pipeline.py:47] - "ColormapTransformer","map=rainbow"
2026-03-12 11:54:53,467 - INFO - [pipeline.py:47] - "InvertRGBTransformer","blend=0.62"
2026-03-12 11:54:53,473 - INFO - [pipeline.py:154] - [Grade: C] Saved to: /Users/kenfasano/Scripts/ScreenArt/Images/TransformedImages/peripheral_drift_2-C.jpeg
2026-03-12 11:54:53,488 - INFO - [pipeline.py:47] - "ThermalImagingTransformer","thermal=True"
2026-03-12 11:54:53,497 - INFO - [pipeline.py:47] - "GlitchWarpTransformer","intensity=0.01"
2026-03-12 11:54:53,500 - INFO - [pipeline.py:47] - "InvertRGBTransformer","blend=0.68"
2026-03-12 11:54:53,516 - INFO - [pipeline.py:47] - "HalftoneTransformer","size=2"
2026-03-12 11:54:53,521 - INFO - [pipeline.py:154] - [Grade: A] Saved to: /Users/kenfasano/Scripts/ScreenArt/Images/TransformedImages/peripheral_drift_3-A.jpeg
2026-03-12 11:54:53,543 - INFO - [pipeline.py:47] - "AnamorphicTransformer","intensity=0.0,0.2,0.4,0.6,0.8,thresh=80"
2026-03-12 11:54:53,548 - INFO - [pipeline.py:154] - [Grade: A] Saved to: /Users/kenfasano/Scripts/ScreenArt/Images/TransformedImages/peripheral_drift_1-A.jpeg
2026-03-12 11:54:53,549 - INFO - [main.py:196] - WatercolorTransformer
2026-03-12 11:54:53,549 - INFO - [main.py:196] - XrayTransformer
2026-03-12 11:54:53,549 - INFO - [main.py:196] - DuotoneTransformer
2026-03-12 11:54:53,549 - INFO - [main.py:196] - WheelTransformer
2026-03-12 11:54:53,549 - INFO - [main.py:196] - MeltMorphTransformer
2026-03-12 11:54:53,549 - INFO - [main.py:196] - AnamorphicTransformer
2026-03-12 11:54:53,549 - INFO - [main.py:196] - HalftoneTransformer
2026-03-12 11:54:53,549 - INFO - [main.py:196] - FlipWilsonTransformer
2026-03-12 11:54:53,549 - INFO - [main.py:196] - SwirlWarpTransformer
2026-03-12 11:54:53,549 - INFO - [main.py:196] - FluidWarpTransformer
2026-03-12 11:54:53,549 - INFO - [main.py:196] - FractalWarpTransformer
2026-03-12 11:54:53,549 - INFO - [main.py:196] - ThreeDExtrusionTransformer
2026-03-12 11:54:53,549 - INFO - [main.py:196] - TritoneTransformer
2026-03-12 11:54:53,549 - INFO - [main.py:196] - ThermalImagingTransformer
2026-03-12 11:54:53,549 - INFO - [main.py:196] - DataMoshTransformer
2026-03-12 11:54:53,549 - INFO - [main.py:196] - GlitchWarpTransformer
2026-03-12 11:54:53,549 - INFO - [main.py:196] - FisheyeTransformer
2026-03-12 11:54:53,549 - INFO - [main.py:196] - RadialWarpTransformer
2026-03-12 11:54:53,549 - INFO - [main.py:196] - PosterizationTransformer
2026-03-12 11:54:53,549 - INFO - [main.py:196] - ColormapTransformer
2026-03-12 11:54:53,549 - INFO - [main.py:196] - InvertRGBTransformer
2026-03-12 11:54:53,549 - INFO - [main.py:239] - 21s@11:54 ✓
Accepted: 47
Rejected: 10
---
Bible                      ->  6047ms
Wiki                       ->  2435ms
Lojong                     ->  2042ms
Nasa                       ->  1596ms
Cubes                      ->   490ms
GoesGenerator              ->   439ms
NasaMapGenerator           ->   345ms
Bubbles                    ->   313ms
PeripheralDriftIllusion    ->    48ms
---
WatercolorTransformer      -> Min:   218ms | Avg:   225ms | Max:   236ms
XrayTransformer            -> Min:    32ms | Avg:    93ms | Max:   154ms
DuotoneTransformer         -> Min:    25ms | Avg:    86ms | Max:   151ms
WheelTransformer           -> Min:    16ms | Avg:    79ms | Max:   106ms
MeltMorphTransformer       -> Min:    53ms | Avg:    55ms | Max:    57ms
AnamorphicTransformer      -> Min:    19ms | Avg:    53ms | Max:    98ms
HalftoneTransformer        -> Min:    15ms | Avg:    42ms | Max:    52ms
FlipWilsonTransformer      -> Min:     9ms | Avg:    42ms | Max:    63ms
SwirlWarpTransformer       -> Min:    16ms | Avg:    38ms | Max:    53ms
FluidWarpTransformer       -> Min:    30ms | Avg:    37ms | Max:    43ms
FractalWarpTransformer     -> Min:    34ms | Avg:    35ms | Max:    36ms
ThreeDExtrusionTransformer -> Min:    31ms | Avg:    34ms | Max:    43ms
TritoneTransformer         -> Min:     5ms | Avg:    29ms | Max:    43ms
ThermalImagingTransformer  -> Min:    12ms | Avg:    27ms | Max:    57ms
DataMoshTransformer        -> Min:     5ms | Avg:    27ms | Max:    46ms
GlitchWarpTransformer      -> Min:     9ms | Avg:    24ms | Max:    30ms
FisheyeTransformer         -> Min:     3ms | Avg:    24ms | Max:    42ms
RadialWarpTransformer      -> Min:     5ms | Avg:    16ms | Max:    28ms
PosterizationTransformer   -> Min:     5ms | Avg:    13ms | Max:    24ms
ColormapTransformer        -> Min:     2ms | Avg:    12ms | Max:    16ms
InvertRGBTransformer       -> Min:     3ms | Avg:     6ms | Max:    12ms
