2026-03-08 15:22:30,980 - INFO - [pipeline.py:44] - PosterizationTransformer
2026-03-08 15:22:30,988 - INFO - [pipeline.py:44] - FisheyeTransformer
2026-03-08 15:22:31,023 - INFO - [pipeline.py:44] - FractalWarpTransformer
2026-03-08 15:22:31,074 - INFO - [pipeline.py:117] - [Grade: F] Saved to: /Users/kenfasano/Scripts/ScreenArt/Images/Rejected/bubbles_4-F.jpeg
2026-03-08 15:22:31,083 - INFO - [pipeline.py:44] - PosterizationTransformer
2026-03-08 15:22:31,102 - INFO - [pipeline.py:117] - [Grade: F] Saved to: /Users/kenfasano/Scripts/ScreenArt/Images/Rejected/bubbles_8-F.jpeg
2026-03-08 15:22:31,111 - INFO - [pipeline.py:44] - WatercolorTransformer
2026-03-08 15:22:31,197 - INFO - [pipeline.py:44] - XrayTransformer
2026-03-08 15:22:31,316 - INFO - [pipeline.py:44] - DataMoshTransformer
2026-03-08 15:22:31,353 - INFO - [pipeline.py:44] - DuotoneTransformer
2026-03-08 15:22:31,462 - INFO - [pipeline.py:117] - [Grade: F] Saved to: /Users/kenfasano/Scripts/ScreenArt/Images/Rejected/bubbles_9-F.jpeg
2026-03-08 15:22:31,470 - INFO - [pipeline.py:44] - ColormapTransformer
2026-03-08 15:22:31,482 - INFO - [pipeline.py:44] - InvertRGBTransformer
2026-03-08 15:22:31,483 - INFO - [pipeline.py:44] - FlipWilsonTransformer
2026-03-08 15:22:31,596 - INFO - [pipeline.py:117] - [Grade: F] Saved to: /Users/kenfasano/Scripts/ScreenArt/Images/Rejected/bubbles_5-F.jpeg
2026-03-08 15:22:31,605 - INFO - [pipeline.py:44] - WheelTransformer
2026-03-08 15:22:31,648 - INFO - [pipeline.py:44] - ThreeDExtrusionTransformer
2026-03-08 15:22:31,679 - INFO - [pipeline.py:44] - HalftoneTransformer
2026-03-08 15:22:31,724 - INFO - [pipeline.py:117] - [Grade: F] Saved to: /Users/kenfasano/Scripts/ScreenArt/Images/Rejected/bubbles_2-F.jpeg
2026-03-08 15:22:31,732 - INFO - [pipeline.py:44] - XrayTransformer
2026-03-08 15:22:31,832 - INFO - [pipeline.py:44] - FluidWarpTransformer
2026-03-08 15:22:31,882 - INFO - [pipeline.py:44] - DuotoneTransformer
2026-03-08 15:22:31,988 - INFO - [pipeline.py:117] - [Grade: F] Saved to: /Users/kenfasano/Scripts/ScreenArt/Images/Rejected/bubbles_3-F.jpeg
2026-03-08 15:22:31,997 - INFO - [pipeline.py:44] - GlitchWarpTransformer
2026-03-08 15:22:32,041 - INFO - [pipeline.py:117] - [Grade: F] Saved to: /Users/kenfasano/Scripts/ScreenArt/Images/Rejected/bubbles_10-F.jpeg
2026-03-08 15:22:32,051 - INFO - [pipeline.py:44] - FluidWarpTransformer
2026-03-08 15:22:32,132 - INFO - [pipeline.py:44] - ThermalImagingTransformer
2026-03-08 15:22:32,175 - INFO - [pipeline.py:117] - [Grade: F] Saved to: /Users/kenfasano/Scripts/ScreenArt/Images/Rejected/bubbles_1-F.jpeg
2026-03-08 15:22:32,184 - INFO - [pipeline.py:44] - WatercolorTransformer
2026-03-08 15:22:32,265 - INFO - [pipeline.py:44] - RadialWarpTransformer
2026-03-08 15:22:32,278 - INFO - [pipeline.py:44] - ThermalImagingTransformer
2026-03-08 15:22:32,305 - INFO - [pipeline.py:44] - AnamorphicTransformer
2026-03-08 15:22:32,378 - INFO - [pipeline.py:117] - [Grade: F] Saved to: /Users/kenfasano/Scripts/ScreenArt/Images/Rejected/bubbles_6-F.jpeg
2026-03-08 15:22:32,386 - INFO - [pipeline.py:44] - ThermalImagingTransformer
2026-03-08 15:22:32,430 - INFO - [pipeline.py:117] - [Grade: B] Saved to: /Users/kenfasano/Scripts/ScreenArt/Images/TransformedImages/bubbles_7-B.jpeg
2026-03-08 15:22:32,439 - INFO - [pipeline.py:44] - FluidWarpTransformer
2026-03-08 15:22:32,501 - INFO - [pipeline.py:44] - ThermalImagingTransformer
2026-03-08 15:22:32,528 - INFO - [pipeline.py:44] - FisheyeTransformer
2026-03-08 15:22:32,570 - INFO - [pipeline.py:117] - [Grade: F] Saved to: /Users/kenfasano/Scripts/ScreenArt/Images/Rejected/cubes_2-F.jpeg
2026-03-08 15:22:32,579 - INFO - [pipeline.py:44] - WheelTransformer
2026-03-08 15:22:32,623 - INFO - [pipeline.py:44] - MeltMorphTransformer
2026-03-08 15:22:32,695 - INFO - [pipeline.py:117] - [Grade: B] Saved to: /Users/kenfasano/Scripts/ScreenArt/Images/TransformedImages/cubes_3-B.jpeg
2026-03-08 15:22:32,702 - INFO - [pipeline.py:44] - RadialWarpTransformer
2026-03-08 15:22:32,715 - INFO - [pipeline.py:44] - XrayTransformer
2026-03-08 15:22:32,776 - INFO - [pipeline.py:44] - GlitchWarpTransformer
2026-03-08 15:22:32,818 - INFO - [pipeline.py:117] - [Grade: F] Saved to: /Users/kenfasano/Scripts/ScreenArt/Images/Rejected/cubes_4-F.jpeg
2026-03-08 15:22:32,826 - INFO - [pipeline.py:44] - ThermalImagingTransformer
2026-03-08 15:22:32,853 - INFO - [pipeline.py:44] - PosterizationTransformer
2026-03-08 15:22:32,872 - INFO - [pipeline.py:117] - [Grade: F] Saved to: /Users/kenfasano/Scripts/ScreenArt/Images/Rejected/cubes_5-F.jpeg
2026-03-08 15:22:32,880 - INFO - [pipeline.py:44] - FluidWarpTransformer
2026-03-08 15:22:32,907 - INFO - [pipeline.py:44] - FlipWilsonTransformer
2026-03-08 15:22:33,019 - INFO - [pipeline.py:44] - TritoneTransformer
2026-03-08 15:22:33,048 - INFO - [pipeline.py:44] - FractalWarpTransformer
2026-03-08 15:22:33,102 - INFO - [pipeline.py:117] - [Grade: C] Saved to: /Users/kenfasano/Scripts/ScreenArt/Images/TransformedImages/cubes_6-C.jpeg
2026-03-08 15:22:33,111 - INFO - [pipeline.py:44] - MeltMorphTransformer
2026-03-08 15:22:33,164 - INFO - [pipeline.py:44] - FisheyeTransformer
2026-03-08 15:22:33,188 - INFO - [pipeline.py:44] - DataMoshTransformer
2026-03-08 15:22:33,242 - INFO - [pipeline.py:117] - [Grade: C] Saved to: /Users/kenfasano/Scripts/ScreenArt/Images/TransformedImages/cubes_1-C.jpeg
2026-03-08 15:22:33,244 - INFO - [pipeline.py:44] - ThreeDExtrusionTransformer
2026-03-08 15:22:33,252 - INFO - [pipeline.py:44] - GlitchWarpTransformer
2026-03-08 15:22:33,260 - INFO - [pipeline.py:44] - AnamorphicTransformer
2026-03-08 15:22:33,279 - INFO - [pipeline.py:117] - [Grade: C] Saved to: /Users/kenfasano/Scripts/ScreenArt/Images/TransformedImages/fermiexclusion_hulet-C.jpg
2026-03-08 15:22:33,285 - INFO - [pipeline.py:44] - DataMoshTransformer
2026-03-08 15:22:33,300 - INFO - [pipeline.py:44] - RadialWarpTransformer
2026-03-08 15:22:33,316 - INFO - [pipeline.py:117] - [Grade: C] Saved to: /Users/kenfasano/Scripts/ScreenArt/Images/TransformedImages/ngc6960_FinalPugh900-C.jpg
2026-03-08 15:22:33,317 - INFO - [pipeline.py:44] - HalftoneTransformer
2026-03-08 15:22:33,324 - INFO - [pipeline.py:117] - [Grade: F] Saved to: /Users/kenfasano/Scripts/ScreenArt/Images/Rejected/irdisk_eso_c1-F.jpg
2026-03-08 15:22:33,329 - INFO - [pipeline.py:44] - AnamorphicTransformer
2026-03-08 15:22:33,365 - INFO - [pipeline.py:117] - [Grade: F] Saved to: /Users/kenfasano/Scripts/ScreenArt/Images/Rejected/Ganymede_Galileo_960-F.jpg
2026-03-08 15:22:33,367 - INFO - [pipeline.py:44] - WheelTransformer
2026-03-08 15:22:33,376 - INFO - [pipeline.py:117] - [Grade: A] Saved to: /Users/kenfasano/Scripts/ScreenArt/Images/TransformedImages/wildcomp_stardust_c1-A.jpg
2026-03-08 15:22:33,392 - INFO - [pipeline.py:44] - PosterizationTransformer
2026-03-08 15:22:33,394 - INFO - [pipeline.py:44] - FlipWilsonTransformer
2026-03-08 15:22:33,438 - INFO - [pipeline.py:117] - [Grade: F] Saved to: /Users/kenfasano/Scripts/ScreenArt/Images/Rejected/AnalemmaEarthMars1200-F.jpg
2026-03-08 15:22:33,442 - INFO - [pipeline.py:44] - ColormapTransformer
2026-03-08 15:22:33,453 - INFO - [pipeline.py:117] - [Grade: A] Saved to: /Users/kenfasano/Scripts/ScreenArt/Images/TransformedImages/M31Horizon_Ferrarino_1080-A.jpg
2026-03-08 15:22:33,459 - INFO - [pipeline.py:44] - GlitchWarpTransformer
2026-03-08 15:22:33,481 - INFO - [pipeline.py:117] - [Grade: F] Saved to: /Users/kenfasano/Scripts/ScreenArt/Images/Rejected/heic1901aTriangulumS-F.jpg
2026-03-08 15:22:33,484 - INFO - [pipeline.py:44] - DataMoshTransformer
2026-03-08 15:22:33,491 - INFO - [pipeline.py:44] - ThermalImagingTransformer
2026-03-08 15:22:33,499 - INFO - [pipeline.py:117] - [Grade: A] Saved to: /Users/kenfasano/Scripts/ScreenArt/Images/TransformedImages/merc4_m10-A.jpg
2026-03-08 15:22:33,500 - INFO - [pipeline.py:44] - AnamorphicTransformer
2026-03-08 15:22:33,511 - INFO - [pipeline.py:44] - HalftoneTransformer
2026-03-08 15:22:33,520 - INFO - [pipeline.py:117] - [Grade: F] Saved to: /Users/kenfasano/Scripts/ScreenArt/Images/Rejected/haloWhipple_esquerdo_c-F.jpg
2026-03-08 15:22:33,523 - INFO - [pipeline.py:44] - InvertRGBTransformer
2026-03-08 15:22:33,524 - INFO - [pipeline.py:44] - DataMoshTransformer
2026-03-08 15:22:33,535 - INFO - [pipeline.py:44] - FisheyeTransformer
2026-03-08 15:22:33,541 - INFO - [pipeline.py:44] - RadialWarpTransformer
2026-03-08 15:22:33,550 - INFO - [pipeline.py:117] - [Grade: F] Saved to: /Users/kenfasano/Scripts/ScreenArt/Images/Rejected/GJ581gIllustration_cook900-F.jpg
2026-03-08 15:22:33,563 - INFO - [pipeline.py:44] - GlitchWarpTransformer
2026-03-08 15:22:33,590 - INFO - [pipeline.py:44] - AnamorphicTransformer
2026-03-08 15:22:33,644 - INFO - [pipeline.py:44] - SwirlWarpTransformer
2026-03-08 15:22:33,704 - INFO - [pipeline.py:117] - [Grade: F] Saved to: /Users/kenfasano/Scripts/ScreenArt/Images/Rejected/nasa_earth_1_Mexico_City_True_Color-F.jpeg
2026-03-08 15:22:33,712 - INFO - [pipeline.py:44] - HalftoneTransformer
2026-03-08 15:22:33,743 - INFO - [pipeline.py:117] - [Grade: F] Saved to: /Users/kenfasano/Scripts/ScreenArt/Images/Rejected/noaa_goes_1_se_Air_Mass-F.jpeg
2026-03-08 15:22:33,755 - INFO - [pipeline.py:44] - DataMoshTransformer
2026-03-08 15:22:33,801 - INFO - [pipeline.py:44] - WatercolorTransformer
2026-03-08 15:22:33,904 - INFO - [pipeline.py:44] - AnamorphicTransformer
2026-03-08 15:22:33,987 - INFO - [pipeline.py:44] - GlitchWarpTransformer
2026-03-08 15:22:34,041 - INFO - [pipeline.py:117] - [Grade: B] Saved to: /Users/kenfasano/Scripts/ScreenArt/Images/TransformedImages/名古屋市名東区_-B.jpeg
2026-03-08 15:22:34,051 - INFO - [pipeline.py:44] - ColormapTransformer
2026-03-08 15:22:34,065 - INFO - [pipeline.py:44] - WatercolorTransformer
2026-03-08 15:22:34,159 - INFO - [pipeline.py:44] - AnamorphicTransformer
2026-03-08 15:22:34,228 - INFO - [pipeline.py:44] - FisheyeTransformer
2026-03-08 15:22:34,280 - INFO - [pipeline.py:117] - [Grade: F] Saved to: /Users/kenfasano/Scripts/ScreenArt/Images/Rejected/TAN_WEI_-F.jpeg
2026-03-08 15:22:34,293 - INFO - [pipeline.py:44] - SwirlWarpTransformer
2026-03-08 15:22:34,333 - INFO - [pipeline.py:44] - WheelTransformer
2026-03-08 15:22:34,369 - INFO - [pipeline.py:44] - RadialWarpTransformer
2026-03-08 15:22:34,397 - INFO - [pipeline.py:117] - [Grade: A] Saved to: /Users/kenfasano/Scripts/ScreenArt/Images/TransformedImages/Dog_Walk-A.jpeg
2026-03-08 15:22:34,407 - INFO - [pipeline.py:44] - WheelTransformer
2026-03-08 15:22:34,459 - INFO - [pipeline.py:44] - XrayTransformer
2026-03-08 15:22:34,664 - INFO - [pipeline.py:117] - [Grade: F] Saved to: /Users/kenfasano/Scripts/ScreenArt/Images/Rejected/ISS053-E-F.jpeg
2026-03-08 15:22:34,695 - INFO - [pipeline.py:44] - AnamorphicTransformer
2026-03-08 15:22:34,827 - INFO - [pipeline.py:44] - FluidWarpTransformer
2026-03-08 15:22:34,896 - INFO - [pipeline.py:44] - ThreeDExtrusionTransformer
2026-03-08 15:22:35,019 - INFO - [pipeline.py:117] - [Grade: C] Saved to: /Users/kenfasano/Scripts/ScreenArt/Images/TransformedImages/Les_Aben-C.jpeg
2026-03-08 15:22:35,026 - INFO - [pipeline.py:44] - FluidWarpTransformer
2026-03-08 15:22:35,080 - INFO - [pipeline.py:44] - FisheyeTransformer
2026-03-08 15:22:35,104 - INFO - [pipeline.py:44] - RadialWarpTransformer
2026-03-08 15:22:35,137 - INFO - [pipeline.py:117] - [Grade: F] Saved to: /Users/kenfasano/Scripts/ScreenArt/Images/Rejected/lojong_2-F.jpeg
2026-03-08 15:22:35,143 - INFO - [pipeline.py:44] - TritoneTransformer
2026-03-08 15:22:35,173 - INFO - [pipeline.py:44] - FractalWarpTransformer
2026-03-08 15:22:35,208 - INFO - [pipeline.py:44] - GlitchWarpTransformer
2026-03-08 15:22:35,235 - INFO - [pipeline.py:44] - ThermalImagingTransformer
2026-03-08 15:22:35,277 - INFO - [pipeline.py:117] - [Grade: C] Saved to: /Users/kenfasano/Scripts/ScreenArt/Images/TransformedImages/lojong_3-C.jpeg
2026-03-08 15:22:35,283 - INFO - [pipeline.py:44] - DataMoshTransformer
2026-03-08 15:22:35,319 - INFO - [pipeline.py:44] - FluidWarpTransformer
2026-03-08 15:22:35,374 - INFO - [pipeline.py:44] - FractalWarpTransformer
2026-03-08 15:22:35,425 - INFO - [pipeline.py:117] - [Grade: F] Saved to: /Users/kenfasano/Scripts/ScreenArt/Images/Rejected/lojong_8-F.jpeg
2026-03-08 15:22:35,432 - INFO - [pipeline.py:44] - WheelTransformer
2026-03-08 15:22:35,475 - INFO - [pipeline.py:44] - FisheyeTransformer
2026-03-08 15:22:35,498 - INFO - [pipeline.py:44] - ColormapTransformer
2026-03-08 15:22:35,509 - INFO - [pipeline.py:44] - InvertRGBTransformer
2026-03-08 15:22:35,525 - INFO - [pipeline.py:117] - [Grade: F] Saved to: /Users/kenfasano/Scripts/ScreenArt/Images/Rejected/lojong_4-F.jpeg
2026-03-08 15:22:35,532 - INFO - [pipeline.py:44] - GlitchWarpTransformer
2026-03-08 15:22:35,559 - INFO - [pipeline.py:44] - WheelTransformer
2026-03-08 15:22:35,602 - INFO - [pipeline.py:44] - FlipWilsonTransformer
2026-03-08 15:22:35,701 - INFO - [pipeline.py:44] - RadialWarpTransformer
2026-03-08 15:22:35,734 - INFO - [pipeline.py:117] - [Grade: A] Saved to: /Users/kenfasano/Scripts/ScreenArt/Images/TransformedImages/lojong_5-A.jpeg
2026-03-08 15:22:35,740 - INFO - [pipeline.py:44] - FractalWarpTransformer
2026-03-08 15:22:35,775 - INFO - [pipeline.py:44] - GlitchWarpTransformer
2026-03-08 15:22:35,802 - INFO - [pipeline.py:44] - TritoneTransformer
2026-03-08 15:22:35,846 - INFO - [pipeline.py:117] - [Grade: F] Saved to: /Users/kenfasano/Scripts/ScreenArt/Images/Rejected/lojong_9-F.jpeg
2026-03-08 15:22:35,852 - INFO - [pipeline.py:44] - WheelTransformer
2026-03-08 15:22:35,895 - INFO - [pipeline.py:44] - FlipWilsonTransformer
2026-03-08 15:22:35,993 - INFO - [pipeline.py:44] - XrayTransformer
2026-03-08 15:22:36,065 - INFO - [pipeline.py:117] - [Grade: F] Saved to: /Users/kenfasano/Scripts/ScreenArt/Images/Rejected/lojong_6-F.jpeg
2026-03-08 15:22:36,072 - INFO - [pipeline.py:44] - PosterizationTransformer
2026-03-08 15:22:36,092 - INFO - [pipeline.py:117] - [Grade: F] Saved to: /Users/kenfasano/Scripts/ScreenArt/Images/Rejected/lojong_7-F.jpeg
2026-03-08 15:22:36,099 - INFO - [pipeline.py:44] - InvertRGBTransformer
2026-03-08 15:22:36,100 - INFO - [pipeline.py:44] - ThermalImagingTransformer
2026-03-08 15:22:36,142 - INFO - [pipeline.py:117] - [Grade: F] Saved to: /Users/kenfasano/Scripts/ScreenArt/Images/Rejected/lojong_0-F.jpeg
2026-03-08 15:22:36,148 - INFO - [pipeline.py:44] - DuotoneTransformer
2026-03-08 15:22:36,255 - INFO - [pipeline.py:117] - [Grade: F] Saved to: /Users/kenfasano/Scripts/ScreenArt/Images/Rejected/lojong_1-F.jpeg
2026-03-08 15:22:36,265 - INFO - [pipeline.py:44] - RadialWarpTransformer
2026-03-08 15:22:36,281 - INFO - [pipeline.py:44] - ThermalImagingTransformer
2026-03-08 15:22:36,308 - INFO - [pipeline.py:44] - FractalWarpTransformer
2026-03-08 15:22:36,358 - INFO - [pipeline.py:117] - [Grade: F] Saved to: /Users/kenfasano/Scripts/ScreenArt/Images/Rejected/psalms_107-F.jpeg
2026-03-08 15:22:36,365 - INFO - [pipeline.py:44] - SwirlWarpTransformer
2026-03-08 15:22:36,407 - INFO - [pipeline.py:44] - ThreeDExtrusionTransformer
2026-03-08 15:22:36,438 - INFO - [pipeline.py:44] - TritoneTransformer
2026-03-08 15:22:36,467 - INFO - [pipeline.py:44] - MeltMorphTransformer
2026-03-08 15:22:36,534 - INFO - [pipeline.py:117] - [Grade: F] Saved to: /Users/kenfasano/Scripts/ScreenArt/Images/Rejected/psalms_76-F.jpeg
2026-03-08 15:22:36,544 - INFO - [pipeline.py:44] - GlitchWarpTransformer
2026-03-08 15:22:36,571 - INFO - [pipeline.py:44] - TritoneTransformer
2026-03-08 15:22:36,615 - INFO - [pipeline.py:117] - [Grade: F] Saved to: /Users/kenfasano/Scripts/ScreenArt/Images/Rejected/psalms_106-F.jpeg
2026-03-08 15:22:36,622 - INFO - [pipeline.py:44] - InvertRGBTransformer
2026-03-08 15:22:36,623 - INFO - [pipeline.py:44] - FractalWarpTransformer
2026-03-08 15:22:36,673 - INFO - [pipeline.py:117] - [Grade: C] Saved to: /Users/kenfasano/Scripts/ScreenArt/Images/TransformedImages/psalms_121-C.jpeg
2026-03-08 15:22:36,679 - INFO - [pipeline.py:44] - HalftoneTransformer
2026-03-08 15:22:36,709 - INFO - [pipeline.py:44] - ColormapTransformer
2026-03-08 15:22:36,720 - INFO - [pipeline.py:44] - InvertRGBTransformer
2026-03-08 15:22:36,722 - INFO - [pipeline.py:44] - FluidWarpTransformer
2026-03-08 15:22:36,796 - INFO - [pipeline.py:117] - [Grade: F] Saved to: /Users/kenfasano/Scripts/ScreenArt/Images/Rejected/psalms_136-F.jpeg
2026-03-08 15:22:36,803 - INFO - [pipeline.py:44] - PosterizationTransformer
2026-03-08 15:22:36,808 - INFO - [pipeline.py:44] - ThreeDExtrusionTransformer
2026-03-08 15:22:36,838 - INFO - [pipeline.py:44] - RadialWarpTransformer
2026-03-08 15:22:36,866 - INFO - [pipeline.py:117] - [Grade: F] Saved to: /Users/kenfasano/Scripts/ScreenArt/Images/Rejected/psalms_135-F.jpeg
2026-03-08 15:22:36,875 - INFO - [pipeline.py:44] - WheelTransformer
2026-03-08 15:22:36,918 - INFO - [pipeline.py:44] - PosterizationTransformer
2026-03-08 15:22:36,923 - INFO - [pipeline.py:44] - MeltMorphTransformer
2026-03-08 15:22:36,990 - INFO - [pipeline.py:117] - [Grade: F] Saved to: /Users/kenfasano/Scripts/ScreenArt/Images/Rejected/psalms_139-F.jpeg
2026-03-08 15:22:36,998 - INFO - [pipeline.py:44] - MeltMorphTransformer
2026-03-08 15:22:37,051 - INFO - [pipeline.py:44] - FractalWarpTransformer
2026-03-08 15:22:37,088 - INFO - [pipeline.py:44] - ColormapTransformer
2026-03-08 15:22:37,115 - INFO - [pipeline.py:117] - [Grade: C] Saved to: /Users/kenfasano/Scripts/ScreenArt/Images/TransformedImages/psalms_52-C.jpeg
2026-03-08 15:22:37,122 - INFO - [pipeline.py:44] - GlitchWarpTransformer
2026-03-08 15:22:37,149 - INFO - [pipeline.py:44] - MeltMorphTransformer
2026-03-08 15:22:37,203 - INFO - [pipeline.py:44] - WatercolorTransformer
2026-03-08 15:22:37,296 - INFO - [pipeline.py:117] - [Grade: B] Saved to: /Users/kenfasano/Scripts/ScreenArt/Images/TransformedImages/psalms_23-B.jpeg
2026-03-08 15:22:37,303 - INFO - [pipeline.py:44] - AnamorphicTransformer
2026-03-08 15:22:37,370 - INFO - [pipeline.py:44] - GlitchWarpTransformer
2026-03-08 15:22:37,398 - INFO - [pipeline.py:44] - FluidWarpTransformer
2026-03-08 15:22:37,505 - INFO - [pipeline.py:117] - [Grade: A] Saved to: /Users/kenfasano/Scripts/ScreenArt/Images/TransformedImages/psalms_58-A.jpeg
2026-03-08 15:22:37,508 - INFO - [pipeline.py:44] - WatercolorTransformer
2026-03-08 15:22:37,532 - INFO - [pipeline.py:44] - ThreeDExtrusionTransformer
2026-03-08 15:22:37,547 - INFO - [pipeline.py:117] - [Grade: F] Saved to: /Users/kenfasano/Scripts/ScreenArt/Images/Rejected/peripheral_drift_2-F.jpeg
2026-03-08 15:22:37,550 - INFO - [pipeline.py:44] - RadialWarpTransformer
2026-03-08 15:22:37,559 - INFO - [pipeline.py:117] - [Grade: F] Saved to: /Users/kenfasano/Scripts/ScreenArt/Images/Rejected/peripheral_drift_3-F.jpeg
2026-03-08 15:22:37,562 - INFO - [pipeline.py:44] - AnamorphicTransformer
2026-03-08 15:22:37,579 - INFO - [pipeline.py:44] - PosterizationTransformer
2026-03-08 15:22:37,580 - INFO - [pipeline.py:44] - MeltMorphTransformer
2026-03-08 15:22:37,601 - INFO - [pipeline.py:117] - [Grade: F] Saved to: /Users/kenfasano/Scripts/ScreenArt/Images/Rejected/peripheral_drift_1-F.jpeg
2026-03-08 15:22:37,608 - INFO - [pipeline.py:44] - WheelTransformer
2026-03-08 15:22:37,667 - INFO - [pipeline.py:117] - [Grade: A] Saved to: /Users/kenfasano/Scripts/ScreenArt/Images/TransformedImages/koch_snowflake_2_2-A.jpeg
2026-03-08 15:22:37,672 - INFO - [pipeline.py:44] - PosterizationTransformer
2026-03-08 15:22:37,677 - INFO - [pipeline.py:44] - DuotoneTransformer
2026-03-08 15:22:37,767 - INFO - [pipeline.py:44] - FisheyeTransformer
2026-03-08 15:22:37,805 - INFO - [pipeline.py:117] - [Grade: F] Saved to: /Users/kenfasano/Scripts/ScreenArt/Images/Rejected/koch_snowflake_2_3-F.jpeg
2026-03-08 15:22:37,811 - INFO - [pipeline.py:44] - FluidWarpTransformer
2026-03-08 15:22:37,848 - INFO - [pipeline.py:44] - InvertRGBTransformer
2026-03-08 15:22:37,849 - INFO - [pipeline.py:44] - DuotoneTransformer
2026-03-08 15:22:37,954 - INFO - [pipeline.py:117] - [Grade: F] Saved to: /Users/kenfasano/Scripts/ScreenArt/Images/Rejected/koch_snowflake_2_4-F.jpeg
2026-03-08 15:22:37,960 - INFO - [pipeline.py:44] - ThreeDExtrusionTransformer
2026-03-08 15:22:37,990 - INFO - [pipeline.py:44] - ThermalImagingTransformer
2026-03-08 15:22:38,032 - INFO - [pipeline.py:117] - [Grade: F] Saved to: /Users/kenfasano/Scripts/ScreenArt/Images/Rejected/koch_snowflake_2_5-F.jpeg
2026-03-08 15:22:38,037 - INFO - [pipeline.py:44] - GlitchWarpTransformer
2026-03-08 15:22:38,064 - INFO - [pipeline.py:44] - FlipWilsonTransformer
2026-03-08 15:22:38,162 - INFO - [pipeline.py:44] - WheelTransformer
2026-03-08 15:22:38,205 - INFO - [pipeline.py:44] - FisheyeTransformer
2026-03-08 15:22:38,244 - INFO - [pipeline.py:117] - [Grade: B] Saved to: /Users/kenfasano/Scripts/ScreenArt/Images/TransformedImages/koch_snowflake_2_1-B.jpeg
2026-03-08 15:22:38,254 - INFO - [pipeline.py:44] - WatercolorTransformer
2026-03-08 15:22:38,332 - INFO - [pipeline.py:44] - DuotoneTransformer
2026-03-08 15:22:38,422 - INFO - [pipeline.py:44] - XrayTransformer
2026-03-08 15:22:38,525 - INFO - [pipeline.py:117] - [Grade: F] Saved to: /Users/kenfasano/Scripts/ScreenArt/Images/Rejected/hilbert_5-F.jpg
2026-03-08 15:22:38,534 - INFO - [pipeline.py:44] - MeltMorphTransformer
2026-03-08 15:22:38,587 - INFO - [pipeline.py:44] - ColormapTransformer
2026-03-08 15:22:38,598 - INFO - [pipeline.py:44] - HalftoneTransformer
2026-03-08 15:22:38,628 - INFO - [pipeline.py:44] - FisheyeTransformer
2026-03-08 15:22:38,666 - INFO - [pipeline.py:117] - [Grade: F] Saved to: /Users/kenfasano/Scripts/ScreenArt/Images/Rejected/hilbert_4-F.jpg
2026-03-08 15:22:38,677 - INFO - [pipeline.py:44] - HalftoneTransformer
2026-03-08 15:22:38,711 - INFO - [pipeline.py:44] - WheelTransformer
2026-03-08 15:22:38,757 - INFO - [pipeline.py:44] - DuotoneTransformer
2026-03-08 15:22:38,847 - INFO - [pipeline.py:44] - XrayTransformer
2026-03-08 15:22:38,908 - INFO - [pipeline.py:117] - [Grade: F] Saved to: /Users/kenfasano/Scripts/ScreenArt/Images/Rejected/hilbert_1-F.jpg
2026-03-08 15:22:38,921 - INFO - [pipeline.py:44] - FisheyeTransformer
2026-03-08 15:22:38,945 - INFO - [pipeline.py:44] - InvertRGBTransformer
2026-03-08 15:22:38,946 - INFO - [pipeline.py:44] - WatercolorTransformer
2026-03-08 15:22:39,037 - INFO - [pipeline.py:117] - [Grade: F] Saved to: /Users/kenfasano/Scripts/ScreenArt/Images/Rejected/hilbert_3-F.jpg
2026-03-08 15:22:39,049 - INFO - [pipeline.py:44] - AnamorphicTransformer
2026-03-08 15:22:39,108 - INFO - [pipeline.py:44] - XrayTransformer
2026-03-08 15:22:39,192 - INFO - [pipeline.py:44] - ThreeDExtrusionTransformer
2026-03-08 15:22:39,237 - INFO - [pipeline.py:117] - [Grade: F] Saved to: /Users/kenfasano/Scripts/ScreenArt/Images/Rejected/hilbert_2-F.jpg
2026-03-08 15:22:39,237 - INFO - [main.py:196] - XrayTransformer
2026-03-08 15:22:39,238 - INFO - [main.py:196] - DuotoneTransformer
2026-03-08 15:22:39,238 - INFO - [main.py:196] - FlipWilsonTransformer
2026-03-08 15:22:39,238 - INFO - [main.py:196] - WatercolorTransformer
2026-03-08 15:22:39,238 - INFO - [main.py:196] - FluidWarpTransformer
2026-03-08 15:22:39,238 - INFO - [main.py:196] - AnamorphicTransformer
2026-03-08 15:22:39,238 - INFO - [main.py:196] - MeltMorphTransformer
2026-03-08 15:22:39,238 - INFO - [main.py:196] - SwirlWarpTransformer
2026-03-08 15:22:39,238 - INFO - [main.py:196] - WheelTransformer
2026-03-08 15:22:39,238 - INFO - [main.py:196] - FractalWarpTransformer
2026-03-08 15:22:39,238 - INFO - [main.py:196] - ThreeDExtrusionTransformer
2026-03-08 15:22:39,238 - INFO - [main.py:196] - TritoneTransformer
2026-03-08 15:22:39,238 - INFO - [main.py:196] - DataMoshTransformer
2026-03-08 15:22:39,238 - INFO - [main.py:196] - GlitchWarpTransformer
2026-03-08 15:22:39,238 - INFO - [main.py:196] - ThermalImagingTransformer
2026-03-08 15:22:39,238 - INFO - [main.py:196] - FisheyeTransformer
2026-03-08 15:22:39,238 - INFO - [main.py:196] - HalftoneTransformer
2026-03-08 15:22:39,238 - INFO - [main.py:196] - RadialWarpTransformer
2026-03-08 15:22:39,238 - INFO - [main.py:196] - ColormapTransformer
2026-03-08 15:22:39,238 - INFO - [main.py:196] - PosterizationTransformer
2026-03-08 15:22:39,238 - INFO - [main.py:196] - InvertRGBTransformer
2026-03-08 15:22:39,238 - INFO - [main.py:239] - 15s@15:22 ✓
Accepted: 20
Rejected: 47
---
Wiki                       ->  3895ms
Nasa                       ->   759ms
Bible                      ->   506ms
GoesGenerator              ->   504ms
Cubes                      ->   502ms
KochSnowflake              ->   304ms
Lojong                     ->   293ms
Bubbles                    ->   246ms
Hilbert                    ->   136ms
PeripheralDriftIllusion    ->    46ms
NasaMapGenerator           ->    35ms
---
XrayTransformer            -> Min:    46ms | Avg:    92ms | Max:   187ms
DuotoneTransformer         -> Min:    90ms | Avg:    91ms | Max:    94ms
FlipWilsonTransformer      -> Min:    38ms | Avg:    90ms | Max:   112ms
WatercolorTransformer      -> Min:    24ms | Avg:    78ms | Max:   103ms
FluidWarpTransformer       -> Min:    27ms | Avg:    58ms | Max:    90ms
AnamorphicTransformer      -> Min:    11ms | Avg:    54ms | Max:   131ms
MeltMorphTransformer       -> Min:    16ms | Avg:    48ms | Max:    55ms
SwirlWarpTransformer       -> Min:    39ms | Avg:    41ms | Max:    42ms
WheelTransformer           -> Min:     7ms | Avg:    40ms | Max:    52ms
FractalWarpTransformer     -> Min:    34ms | Avg:    36ms | Max:    38ms
ThreeDExtrusionTransformer -> Min:     8ms | Avg:    31ms | Max:    84ms
TritoneTransformer         -> Min:    29ms | Avg:    29ms | Max:    29ms
DataMoshTransformer        -> Min:     6ms | Avg:    27ms | Max:    46ms
GlitchWarpTransformer      -> Min:     7ms | Avg:    25ms | Max:    33ms
ThermalImagingTransformer  -> Min:     4ms | Avg:    24ms | Max:    27ms
FisheyeTransformer         -> Min:     6ms | Avg:    24ms | Max:    34ms
HalftoneTransformer        -> Min:     5ms | Avg:    22ms | Max:    34ms
RadialWarpTransformer      -> Min:     4ms | Avg:    12ms | Max:    16ms
ColormapTransformer        -> Min:     4ms | Avg:    10ms | Max:    13ms
PosterizationTransformer   -> Min:     1ms | Avg:     4ms | Max:     8ms
InvertRGBTransformer       -> Min:     0ms | Avg:     1ms | Max:     1ms
