2026-03-08 11:38:55,897 - INFO - [main.py:201] - FluidWarpTransformer
2026-03-08 11:38:55,898 - INFO - [main.py:201] - AnamorphicTransformer
2026-03-08 11:38:55,898 - INFO - [main.py:201] - FlipWilsonTransformer
2026-03-08 11:38:55,898 - INFO - [main.py:201] - MeltMorphTransformer
2026-03-08 11:38:55,898 - INFO - [main.py:201] - ThreeDExtrusionTransformer
2026-03-08 11:38:55,898 - INFO - [main.py:201] - WatercolorTransformer
2026-03-08 11:38:55,898 - INFO - [main.py:201] - TritoneTransformer
2026-03-08 11:38:55,898 - INFO - [main.py:201] - DataMoshTransformer
2026-03-08 11:38:55,898 - INFO - [main.py:201] - FisheyeTransformer
2026-03-08 11:38:55,898 - INFO - [main.py:201] - HalftoneTransformer
2026-03-08 11:38:55,898 - INFO - [main.py:201] - ThermalImagingTransformer
2026-03-08 11:38:55,898 - INFO - [main.py:201] - ColormapTransformer
2026-03-08 11:38:55,898 - INFO - [main.py:201] - PosterizationTransformer
2026-03-08 11:38:55,898 - INFO - [main.py:201] - InvertRGBTransformer
2026-03-08 11:38:55,898 - INFO - [main.py:244] - 18s@11:38 ✓
Accepted: 52
Rejected: 39
---
Wiki                       ->  7243ms
Nasa                       ->   859ms
GoesGenerator              ->   523ms
Bible                      ->   509ms
Cubes                      ->   458ms
Lojong                     ->   369ms
KochSnowflake              ->   284ms
Bubbles                    ->   249ms
Hilbert                    ->    70ms
NasaMapGenerator           ->    47ms
PeripheralDriftIllusion    ->    41ms
---
FluidWarpTransformer       -> Min:    85ms | Avg:    85ms | Max:    85ms
AnamorphicTransformer      -> Min:    63ms | Avg:    82ms | Max:    95ms
FlipWilsonTransformer      -> Min:    58ms | Avg:    60ms | Max:    72ms
MeltMorphTransformer       -> Min:    52ms | Avg:    52ms | Max:    52ms
ThreeDExtrusionTransformer -> Min:     5ms | Avg:    46ms | Max:   108ms
WatercolorTransformer      -> Min:    10ms | Avg:    45ms | Max:    82ms
TritoneTransformer         -> Min:    29ms | Avg:    29ms | Max:    32ms
DataMoshTransformer        -> Min:    11ms | Avg:    27ms | Max:    36ms
FisheyeTransformer         -> Min:    21ms | Avg:    23ms | Max:    35ms
HalftoneTransformer        -> Min:     4ms | Avg:    18ms | Max:    33ms
ThermalImagingTransformer  -> Min:     4ms | Avg:    13ms | Max:    26ms
ColormapTransformer        -> Min:    11ms | Avg:    11ms | Max:    13ms
PosterizationTransformer   -> Min:     4ms | Avg:     4ms | Max:     5ms
InvertRGBTransformer       -> Min:     1ms | Avg:     1ms | Max:     1ms
