2026-03-14 13:37:59,894 - INFO - [pipeline.py:137] - "ThermalImagingTransformer","thermal=True"
2026-03-14 13:37:59,912 - INFO - [pipeline.py:243] - [Grade: A] Saved to: /Users/kenfasano/Scripts/ScreenArt/Images/TransformedImages/bubbles_4-A.jpeg
2026-03-14 13:37:59,942 - INFO - [pipeline.py:137] - "StippleTransformer","bg=black,dot_radius=6,jitter=1,spacing=20"
2026-03-14 13:38:00,002 - INFO - [pipeline.py:137] - "HalftoneTransformer","size=2"
2026-03-14 13:38:00,037 - INFO - [pipeline.py:137] - "ThermalImagingTransformer","thermal=True"
2026-03-14 13:38:00,054 - INFO - [pipeline.py:243] - [Grade: A] Saved to: /Users/kenfasano/Scripts/ScreenArt/Images/TransformedImages/bubbles_8-A.jpeg
2026-03-14 13:38:00,087 - INFO - [pipeline.py:137] - "OilPaintingTransformer","dyn_ratio=7,size=4"
2026-03-14 13:38:00,103 - INFO - [pipeline.py:243] - [Grade: F] Saved to: /Users/kenfasano/Scripts/ScreenArt/Images/Rejected/bubbles_9-F.jpeg
2026-03-14 13:38:00,147 - INFO - [pipeline.py:137] - "DataMoshTransformer","intensity=0.01"
2026-03-14 13:38:00,164 - INFO - [pipeline.py:243] - [Grade: C] Saved to: /Users/kenfasano/Scripts/ScreenArt/Images/TransformedImages/bubbles_5-C.jpeg
2026-03-14 13:38:00,226 - INFO - [pipeline.py:137] - "KaleidoscopeTransformer","cx_off=0.13,cy_off=0.14,segments=6"
2026-03-14 13:38:00,255 - INFO - [pipeline.py:137] - "GlitchWarpTransformer","intensity=0.01"
2026-03-14 13:38:00,272 - INFO - [pipeline.py:243] - [Grade: C] Saved to: /Users/kenfasano/Scripts/ScreenArt/Images/TransformedImages/bubbles_2-C.jpeg
2026-03-14 13:38:00,434 - INFO - [pipeline.py:137] - "VoronoiTransformer","edge_blend=1,num_points=103"
2026-03-14 13:38:00,447 - INFO - [pipeline.py:137] - "ColormapTransformer","map=rainbow"
2026-03-14 13:38:00,463 - INFO - [pipeline.py:243] - [Grade: A] Saved to: /Users/kenfasano/Scripts/ScreenArt/Images/TransformedImages/bubbles_3-A.jpeg
2026-03-14 13:38:00,496 - INFO - [pipeline.py:137] - "ChromaticAberrationTransformer","angle=26.60,edge_fade=1,shift=16.70"
2026-03-14 13:38:00,535 - INFO - [pipeline.py:137] - "ThermalImagingTransformer","thermal=True"
2026-03-14 13:38:00,548 - INFO - [pipeline.py:137] - "ColormapTransformer","map=autumn"
2026-03-14 13:38:00,598 - INFO - [pipeline.py:137] - "HalftoneTransformer","size=2"
2026-03-14 13:38:00,615 - INFO - [pipeline.py:243] - [Grade: A] Saved to: /Users/kenfasano/Scripts/ScreenArt/Images/TransformedImages/bubbles_10-A.jpeg
2026-03-14 13:38:00,641 - INFO - [pipeline.py:137] - "OilPaintingTransformer","dyn_ratio=1,size=3"
2026-03-14 13:38:00,658 - INFO - [pipeline.py:243] - [Grade: F] Saved to: /Users/kenfasano/Scripts/ScreenArt/Images/Rejected/bubbles_1-F.jpeg
2026-03-14 13:38:00,700 - INFO - [pipeline.py:137] - "FractalWarpTransformer","iter=1,scale=0.05"
2026-03-14 13:38:00,716 - INFO - [pipeline.py:243] - [Grade: C] Saved to: /Users/kenfasano/Scripts/ScreenArt/Images/TransformedImages/bubbles_6-C.jpeg
2026-03-14 13:38:00,770 - INFO - [pipeline.py:137] - "HalftoneTransformer","size=2"
2026-03-14 13:38:00,808 - INFO - [pipeline.py:137] - "StippleTransformer","bg=white,dot_radius=3,jitter=1,spacing=12"
2026-03-14 13:38:00,829 - INFO - [pipeline.py:243] - [Grade: C] Saved to: /Users/kenfasano/Scripts/ScreenArt/Images/TransformedImages/bubbles_7-C.jpeg
2026-03-14 13:38:00,863 - INFO - [pipeline.py:137] - "ChromaticAberrationTransformer","angle=37.10,edge_fade=1,shift=5.30"
2026-03-14 13:38:00,902 - INFO - [pipeline.py:137] - "SwirlWarpTransformer","strength=1.50"
2026-03-14 13:38:01,014 - INFO - [pipeline.py:137] - "WheelTransformer","blend=add,copies=3"
2026-03-14 13:38:01,034 - INFO - [pipeline.py:137] - "StippleTransformer","bg=black,dot_radius=6,jitter=1,spacing=23"
2026-03-14 13:38:01,050 - INFO - [pipeline.py:243] - [Grade: F] Saved to: /Users/kenfasano/Scripts/ScreenArt/Images/Rejected/cubes_2-F.jpeg
2026-03-14 13:38:01,169 - INFO - [pipeline.py:137] - "WheelTransformer","blend=add,copies=3"
2026-03-14 13:38:01,206 - INFO - [pipeline.py:137] - "ThermalImagingTransformer","thermal=True"
2026-03-14 13:38:01,229 - INFO - [pipeline.py:137] - "RadialWarpTransformer","radius=0.25,strength=100.68825730938323,50.77775892449727,118.33883601205935,style=pull,push,push"
2026-03-14 13:38:01,286 - INFO - [pipeline.py:137] - "MeltMorphTransformer","intensity=0.50"
2026-03-14 13:38:01,304 - INFO - [pipeline.py:243] - [Grade: A] Saved to: /Users/kenfasano/Scripts/ScreenArt/Images/TransformedImages/cubes_3-A.jpeg
2026-03-14 13:38:01,339 - INFO - [pipeline.py:137] - "GlitchWarpTransformer","intensity=0.01"
2026-03-14 13:38:01,365 - INFO - [pipeline.py:137] - "ChromaticAberrationTransformer","angle=29.70,edge_fade=1,shift=13.20"
2026-03-14 13:38:01,382 - INFO - [pipeline.py:243] - [Grade: A] Saved to: /Users/kenfasano/Scripts/ScreenArt/Images/TransformedImages/cubes_4-A.jpeg
2026-03-14 13:38:01,430 - INFO - [pipeline.py:137] - "OilPaintingTransformer","dyn_ratio=2,size=6"
2026-03-14 13:38:01,460 - INFO - [pipeline.py:137] - "FisheyeTransformer","shape=oval,strength=0.60,zoom=1.12"
2026-03-14 13:38:01,476 - INFO - [pipeline.py:243] - [Grade: A] Saved to: /Users/kenfasano/Scripts/ScreenArt/Images/TransformedImages/cubes_5-A.jpeg
2026-03-14 13:38:01,516 - INFO - [pipeline.py:137] - "FractalWarpTransformer","iter=1,scale=0.05"
2026-03-14 13:38:01,552 - INFO - [pipeline.py:137] - "ThermalImagingTransformer","thermal=True"
2026-03-14 13:38:01,579 - INFO - [pipeline.py:137] - "GlitchWarpTransformer","intensity=0.01"
2026-03-14 13:38:01,597 - INFO - [pipeline.py:243] - [Grade: B] Saved to: /Users/kenfasano/Scripts/ScreenArt/Images/TransformedImages/cubes_6-B.jpeg
2026-03-14 13:38:01,674 - INFO - [pipeline.py:137] - "PixelSortTransformer","direction=rows,high=0.72,low=0.18,sort_key=green"
2026-03-14 13:38:01,690 - INFO - [pipeline.py:243] - [Grade: A] Saved to: /Users/kenfasano/Scripts/ScreenArt/Images/TransformedImages/cubes_1-A.jpeg
2026-03-14 13:38:01,730 - INFO - [pipeline.py:137] - "WheelTransformer","blend=add,copies=3"
2026-03-14 13:38:01,735 - INFO - [pipeline.py:137] - "PosterizationTransformer","levels=4"
2026-03-14 13:38:01,752 - INFO - [pipeline.py:137] - "MeltMorphTransformer","intensity=0.50"
2026-03-14 13:38:01,759 - INFO - [pipeline.py:243] - [Grade: A] Saved to: /Users/kenfasano/Scripts/ScreenArt/Images/TransformedImages/OrionStreams_Saukkonen_960-A.jpg
2026-03-14 13:38:01,770 - INFO - [pipeline.py:137] - "ThermalImagingTransformer","thermal=True"
2026-03-14 13:38:01,778 - INFO - [pipeline.py:137] - "FluidWarpTransformer","alpha=10.68,sigma=4.75"
2026-03-14 13:38:01,784 - INFO - [pipeline.py:137] - "GlitchWarpTransformer","intensity=0.01"
2026-03-14 13:38:01,788 - INFO - [pipeline.py:243] - [Grade: A] Saved to: /Users/kenfasano/Scripts/ScreenArt/Images/TransformedImages/FireballAyersRock_brimacombe_c800-A.jpg
2026-03-14 13:38:01,947 - INFO - [pipeline.py:137] - "VoronoiTransformer","edge_blend=1,num_points=325"
2026-03-14 13:38:01,954 - INFO - [pipeline.py:243] - [Grade: A] Saved to: /Users/kenfasano/Scripts/ScreenArt/Images/TransformedImages/Foxfur_Vermette_1080-A.jpg
2026-03-14 13:38:01,967 - INFO - [pipeline.py:137] - "SwirlWarpTransformer","strength=1.50"
2026-03-14 13:38:01,971 - INFO - [pipeline.py:137] - "ColormapTransformer","map=jet"
2026-03-14 13:38:01,974 - INFO - [pipeline.py:137] - "PosterizationTransformer","levels=4"
2026-03-14 13:38:01,981 - INFO - [pipeline.py:137] - "RadialWarpTransformer","radius=0.25,strength=66.29306125483691,98.81271751939335,59.64352113047803,style=push,push,push"
2026-03-14 13:38:01,986 - INFO - [pipeline.py:243] - [Grade: A] Saved to: /Users/kenfasano/Scripts/ScreenArt/Images/TransformedImages/hr8799_keck_big-A.jpg
2026-03-14 13:38:02,010 - INFO - [pipeline.py:137] - "MeltMorphTransformer","intensity=0.50"
2026-03-14 13:38:02,029 - INFO - [pipeline.py:137] - "FlipWilsonTransformer","keep=left,narrow=0.41"
2026-03-14 13:38:02,036 - INFO - [pipeline.py:243] - [Grade: A] Saved to: /Users/kenfasano/Scripts/ScreenArt/Images/TransformedImages/m20m21_feynes1024-A.jpg
2026-03-14 13:38:02,050 - INFO - [pipeline.py:137] - "RadialWarpTransformer","radius=0.25,strength=68.98466226980443,style=push"
2026-03-14 13:38:02,060 - INFO - [pipeline.py:137] - "DataMoshTransformer","intensity=0.01"
2026-03-14 13:38:02,067 - INFO - [pipeline.py:243] - [Grade: A] Saved to: /Users/kenfasano/Scripts/ScreenArt/Images/TransformedImages/IMG_1088_resize1024-A.jpg
2026-03-14 13:38:02,079 - INFO - [pipeline.py:137] - "GlitchWarpTransformer","intensity=0.01"
2026-03-14 13:38:02,085 - INFO - [pipeline.py:243] - [Grade: A] Saved to: /Users/kenfasano/Scripts/ScreenArt/Images/TransformedImages/lenticular_montanes_960-A.jpg
2026-03-14 13:38:02,108 - INFO - [pipeline.py:137] - "StippleTransformer","bg=complement,dot_radius=5,jitter=1,spacing=12"
2026-03-14 13:38:02,121 - INFO - [pipeline.py:137] - "HalftoneTransformer","size=2"
2026-03-14 13:38:02,249 - INFO - [pipeline.py:137] - "PixelSortTransformer","direction=cols,high=0.67,low=0.34,sort_key=red"
2026-03-14 13:38:02,257 - INFO - [pipeline.py:243] - [Grade: B] Saved to: /Users/kenfasano/Scripts/ScreenArt/Images/TransformedImages/NGC2685crawford950-B.jpg
2026-03-14 13:38:02,271 - INFO - [pipeline.py:137] - "GlitchWarpTransformer","intensity=0.01"
2026-03-14 13:38:02,374 - INFO - [pipeline.py:137] - "VoronoiTransformer","edge_blend=1,num_points=231"
2026-03-14 13:38:02,388 - INFO - [pipeline.py:137] - "SwirlWarpTransformer","strength=1.50"
2026-03-14 13:38:02,395 - INFO - [pipeline.py:243] - [Grade: A] Saved to: /Users/kenfasano/Scripts/ScreenArt/Images/TransformedImages/IC5067_vanvleet_960-A.jpg
2026-03-14 13:38:02,413 - INFO - [pipeline.py:137] - "FractalWarpTransformer","iter=1,scale=0.05"
2026-03-14 13:38:02,434 - INFO - [pipeline.py:137] - "FlipWilsonTransformer","keep=left,narrow=0.41"
2026-03-14 13:38:02,441 - INFO - [pipeline.py:243] - [Grade: A] Saved to: /Users/kenfasano/Scripts/ScreenArt/Images/TransformedImages/ArtificialComet_Chao_1080-A.jpg
2026-03-14 13:38:02,473 - INFO - [pipeline.py:137] - "AnamorphicTransformer","intensity=0.0,0.2,0.4,0.6,0.8,thresh=80"
2026-03-14 13:38:02,523 - INFO - [pipeline.py:137] - "StippleTransformer","bg=white,dot_radius=2,jitter=1,spacing=6"
2026-03-14 13:38:02,542 - INFO - [pipeline.py:137] - "ThermalImagingTransformer","thermal=True"
2026-03-14 13:38:02,565 - INFO - [pipeline.py:137] - "HalftoneTransformer","size=2"
2026-03-14 13:38:02,574 - INFO - [pipeline.py:243] - [Grade: C] Saved to: /Users/kenfasano/Scripts/ScreenArt/Images/TransformedImages/ArcticHenge_Letelier_960-C.jpg
2026-03-14 13:38:02,614 - INFO - [pipeline.py:137] - "StippleTransformer","bg=black,dot_radius=6,jitter=1,spacing=15"
2026-03-14 13:38:02,632 - INFO - [pipeline.py:243] - [Grade: A] Saved to: /Users/kenfasano/Scripts/ScreenArt/Images/TransformedImages/nasa_earth_1_Karachi_True_Color-A.jpeg
2026-03-14 13:38:02,679 - INFO - [pipeline.py:137] - "OilPaintingTransformer","dyn_ratio=7,size=7"
2026-03-14 13:38:02,705 - INFO - [pipeline.py:137] - "SwirlWarpTransformer","strength=1.50"
2026-03-14 13:38:02,717 - INFO - [pipeline.py:243] - [Grade: A] Saved to: /Users/kenfasano/Scripts/ScreenArt/Images/TransformedImages/noaa_goes_1_se_Dust-A.jpeg
2026-03-14 13:38:02,870 - INFO - [pipeline.py:137] - "HalftoneTransformer","size=2"
2026-03-14 13:38:02,928 - INFO - [pipeline.py:137] - "GlitchWarpTransformer","intensity=0.01"
2026-03-14 13:38:03,034 - INFO - [pipeline.py:137] - "KaleidoscopeTransformer","cx_off=-0.09,cy_off=0.04,segments=6"
2026-03-14 13:38:03,075 - INFO - [pipeline.py:243] - [Grade: B] Saved to: /Users/kenfasano/Scripts/ScreenArt/Images/TransformedImages/The_y_s_-B.jpeg
2026-03-14 13:38:03,150 - INFO - [pipeline.py:137] - "SwirlWarpTransformer","strength=1.50"
2026-03-14 13:38:04,011 - INFO - [pipeline.py:137] - "PixelSortTransformer","direction=cols,high=0.71,low=0.14,sort_key=brightness"
2026-03-14 13:38:04,038 - INFO - [pipeline.py:243] - [Grade: A] Saved to: /Users/kenfasano/Scripts/ScreenArt/Images/TransformedImages/Zabełków-A.jpeg
2026-03-14 13:38:04,172 - INFO - [pipeline.py:137] - "SwirlWarpTransformer","strength=1.50"
2026-03-14 13:38:04,241 - INFO - [pipeline.py:137] - "GlitchWarpTransformer","intensity=0.01"
2026-03-14 13:38:04,448 - INFO - [pipeline.py:137] - "DataMoshTransformer","intensity=0.01"
2026-03-14 13:38:05,020 - INFO - [pipeline.py:137] - "WatercolorTransformer","scale=0.85,style=psychedelic"
2026-03-14 13:38:05,060 - INFO - [pipeline.py:243] - [Grade: A] Saved to: /Users/kenfasano/Scripts/ScreenArt/Images/TransformedImages/1280px-Sept_11_-A.jpeg
2026-03-14 13:38:05,103 - INFO - [pipeline.py:137] - "GlitchWarpTransformer","intensity=0.01"
2026-03-14 13:38:05,166 - INFO - [pipeline.py:137] - "KaleidoscopeTransformer","cx_off=0.11,cy_off=0.17,segments=6"
2026-03-14 13:38:05,180 - INFO - [pipeline.py:137] - "ColormapTransformer","map=bone"
2026-03-14 13:38:05,453 - INFO - [pipeline.py:137] - "WatercolorTransformer","scale=0.85,style=monet"
2026-03-14 13:38:05,474 - INFO - [pipeline.py:243] - [Grade: A] Saved to: /Users/kenfasano/Scripts/ScreenArt/Images/TransformedImages/ISS022-E-A.jpeg
2026-03-14 13:38:05,552 - INFO - [pipeline.py:137] - "FlipWilsonTransformer","keep=left,narrow=0.41"
2026-03-14 13:38:05,616 - INFO - [pipeline.py:137] - "KaleidoscopeTransformer","cx_off=0.19,cy_off=-0.08,segments=12"
2026-03-14 13:38:05,639 - INFO - [pipeline.py:243] - [Grade: C] Saved to: /Users/kenfasano/Scripts/ScreenArt/Images/TransformedImages/ISS053-E-C.jpeg
2026-03-14 13:38:05,702 - INFO - [pipeline.py:137] - "MeltMorphTransformer","intensity=0.50"
2026-03-14 13:38:05,735 - INFO - [pipeline.py:137] - "StippleTransformer","bg=black,dot_radius=6,jitter=1,spacing=14"
2026-03-14 13:38:05,770 - INFO - [pipeline.py:137] - "FractalWarpTransformer","iter=1,scale=0.05"
2026-03-14 13:38:05,795 - INFO - [pipeline.py:243] - [Grade: A] Saved to: /Users/kenfasano/Scripts/ScreenArt/Images/TransformedImages/lojong_2-A-columns.jpeg
2026-03-14 13:38:05,857 - INFO - [pipeline.py:137] - "OilPaintingTransformer","dyn_ratio=4,size=7"
2026-03-14 13:38:05,892 - INFO - [pipeline.py:137] - "FractalWarpTransformer","iter=1,scale=0.05"
2026-03-14 13:38:06,003 - INFO - [pipeline.py:137] - "WheelTransformer","blend=add,copies=3"
2026-03-14 13:38:06,021 - INFO - [pipeline.py:243] - [Grade: A] Saved to: /Users/kenfasano/Scripts/ScreenArt/Images/TransformedImages/lojong_3-A-scatter.jpeg
2026-03-14 13:38:06,054 - INFO - [pipeline.py:137] - "ChromaticAberrationTransformer","angle=212.50,edge_fade=1,shift=4.40"
2026-03-14 13:38:06,091 - INFO - [pipeline.py:137] - "FluidWarpTransformer","alpha=15.92,sigma=4.13"
2026-03-14 13:38:06,353 - INFO - [pipeline.py:137] - "VoronoiTransformer","edge_blend=1,num_points=197"
2026-03-14 13:38:06,371 - INFO - [pipeline.py:243] - [Grade: A] Saved to: /Users/kenfasano/Scripts/ScreenArt/Images/TransformedImages/lojong_8-A-scatter.jpeg
2026-03-14 13:38:06,490 - INFO - [pipeline.py:137] - "WheelTransformer","blend=add,copies=3"
2026-03-14 13:38:06,508 - INFO - [pipeline.py:243] - [Grade: A] Saved to: /Users/kenfasano/Scripts/ScreenArt/Images/TransformedImages/lojong_4-A-hero.jpeg
2026-03-14 13:38:06,550 - INFO - [pipeline.py:137] - "FractalWarpTransformer","iter=1,scale=0.05"
2026-03-14 13:38:06,575 - INFO - [pipeline.py:137] - "ChromaticAberrationTransformer","angle=276.90,edge_fade=1,shift=6.60"
2026-03-14 13:38:06,593 - INFO - [pipeline.py:243] - [Grade: A] Saved to: /Users/kenfasano/Scripts/ScreenArt/Images/TransformedImages/lojong_5-A-columns.jpeg
2026-03-14 13:38:06,613 - INFO - [pipeline.py:137] - "PosterizationTransformer","levels=4"
2026-03-14 13:38:06,651 - INFO - [pipeline.py:137] - "FluidWarpTransformer","alpha=0.10,sigma=4.30"
2026-03-14 13:38:06,704 - INFO - [pipeline.py:137] - "MeltMorphTransformer","intensity=0.50"
2026-03-14 13:38:07,115 - INFO - [pipeline.py:137] - "PixelSortTransformer","direction=cols,high=0.89,low=0.32,sort_key=saturation"
2026-03-14 13:38:07,135 - INFO - [pipeline.py:243] - [Grade: C] Saved to: /Users/kenfasano/Scripts/ScreenArt/Images/TransformedImages/lojong_9-C-hero.jpeg
2026-03-14 13:38:07,169 - INFO - [pipeline.py:137] - "RadialWarpTransformer","radius=0.25,strength=138.15522143683026,98.90812943279948,125.76771986729136,style=push,push,pull"
2026-03-14 13:38:07,284 - INFO - [pipeline.py:137] - "WheelTransformer","blend=add,copies=3"
2026-03-14 13:38:07,305 - INFO - [pipeline.py:243] - [Grade: A] Saved to: /Users/kenfasano/Scripts/ScreenArt/Images/TransformedImages/lojong_6-A-columns.jpeg
2026-03-14 13:38:07,524 - INFO - [pipeline.py:137] - "WatercolorTransformer","scale=0.85,style=monet"
2026-03-14 13:38:07,559 - INFO - [pipeline.py:137] - "ThermalImagingTransformer","thermal=True"
2026-03-14 13:38:07,576 - INFO - [pipeline.py:243] - [Grade: B] Saved to: /Users/kenfasano/Scripts/ScreenArt/Images/TransformedImages/lojong_7-B-hero.jpeg
2026-03-14 13:38:07,925 - INFO - [pipeline.py:137] - "PixelSortTransformer","direction=rows,high=0.87,low=0.07,sort_key=brightness"
2026-03-14 13:38:07,969 - INFO - [pipeline.py:137] - "FluidWarpTransformer","alpha=15.60,sigma=6.16"
2026-03-14 13:38:08,156 - INFO - [pipeline.py:137] - "VoronoiTransformer","edge_blend=1,num_points=135"
2026-03-14 13:38:08,183 - INFO - [pipeline.py:137] - "GlitchWarpTransformer","intensity=0.01"
2026-03-14 13:38:08,203 - INFO - [pipeline.py:243] - [Grade: B] Saved to: /Users/kenfasano/Scripts/ScreenArt/Images/TransformedImages/lojong_0-B-hero.jpeg
2026-03-14 13:38:08,420 - INFO - [pipeline.py:137] - "VoronoiTransformer","edge_blend=1,num_points=150"
2026-03-14 13:38:08,472 - INFO - [pipeline.py:137] - "MeltMorphTransformer","intensity=0.50"
2026-03-14 13:38:08,490 - INFO - [pipeline.py:243] - [Grade: A] Saved to: /Users/kenfasano/Scripts/ScreenArt/Images/TransformedImages/lojong_1-A-tile.jpeg
2026-03-14 13:38:08,530 - INFO - [pipeline.py:137] - "GlitchWarpTransformer","intensity=0.01"
2026-03-14 13:38:08,550 - INFO - [pipeline.py:243] - [Grade: A] Saved to: /Users/kenfasano/Scripts/ScreenArt/Images/TransformedImages/psalms_60-A-columns.jpeg
2026-03-14 13:38:08,579 - INFO - [pipeline.py:137] - "OilPaintingTransformer","dyn_ratio=7,size=3"
2026-03-14 13:38:08,597 - INFO - [pipeline.py:243] - [Grade: A] Saved to: /Users/kenfasano/Scripts/ScreenArt/Images/TransformedImages/psalms_82-A-tile.jpeg
2026-03-14 13:38:08,661 - INFO - [pipeline.py:137] - "FlipWilsonTransformer","keep=left,narrow=0.41"
2026-03-14 13:38:08,772 - INFO - [pipeline.py:137] - "WheelTransformer","blend=add,copies=3"
2026-03-14 13:38:09,013 - INFO - [pipeline.py:137] - "PixelSortTransformer","direction=rows,high=0.77,low=0.24,sort_key=green"
2026-03-14 13:38:09,031 - INFO - [pipeline.py:243] - [Grade: A] Saved to: /Users/kenfasano/Scripts/ScreenArt/Images/TransformedImages/psalms_27-A-hero.jpeg
2026-03-14 13:38:09,083 - INFO - [pipeline.py:137] - "ThermalImagingTransformer","thermal=True"
2026-03-14 13:38:09,107 - INFO - [pipeline.py:243] - [Grade: A] Saved to: /Users/kenfasano/Scripts/ScreenArt/Images/TransformedImages/psalms_6-A-columns.jpeg
2026-03-14 13:38:09,227 - INFO - [pipeline.py:137] - "WheelTransformer","blend=add,copies=3"
2026-03-14 13:38:09,245 - INFO - [pipeline.py:243] - [Grade: A] Saved to: /Users/kenfasano/Scripts/ScreenArt/Images/TransformedImages/psalms_72-A-scatter.jpeg
2026-03-14 13:38:09,303 - INFO - [pipeline.py:137] - "HalftoneTransformer","size=2"
2026-03-14 13:38:09,320 - INFO - [pipeline.py:243] - [Grade: A] Saved to: /Users/kenfasano/Scripts/ScreenArt/Images/TransformedImages/psalms_139-A-scatter.jpeg
2026-03-14 13:38:09,347 - INFO - [pipeline.py:137] - "PosterizationTransformer","levels=4"
2026-03-14 13:38:09,364 - INFO - [pipeline.py:137] - "RadialWarpTransformer","radius=0.25,strength=55.451829286180896,style=pull"
2026-03-14 13:38:09,389 - INFO - [pipeline.py:137] - "ChromaticAberrationTransformer","angle=235.50,edge_fade=1,shift=13.20"
2026-03-14 13:38:09,413 - INFO - [pipeline.py:243] - [Grade: C] Saved to: /Users/kenfasano/Scripts/ScreenArt/Images/TransformedImages/psalms_97-C-columns.jpeg
2026-03-14 13:38:09,438 - INFO - [pipeline.py:137] - "ColormapTransformer","map=cool"
2026-03-14 13:38:09,466 - INFO - [pipeline.py:137] - "GlitchWarpTransformer","intensity=0.01"
2026-03-14 13:38:09,500 - INFO - [pipeline.py:137] - "FractalWarpTransformer","iter=1,scale=0.05"
2026-03-14 13:38:09,537 - INFO - [pipeline.py:137] - "SwirlWarpTransformer","strength=1.50"
2026-03-14 13:38:09,558 - INFO - [pipeline.py:243] - [Grade: A] Saved to: /Users/kenfasano/Scripts/ScreenArt/Images/TransformedImages/psalms_105-A-scatter.jpeg
2026-03-14 13:38:09,823 - INFO - [pipeline.py:137] - "VoronoiTransformer","edge_blend=1,num_points=197"
2026-03-14 13:38:09,841 - INFO - [pipeline.py:243] - [Grade: A] Saved to: /Users/kenfasano/Scripts/ScreenArt/Images/TransformedImages/psalms_96-A-hero.jpeg
2026-03-14 13:38:09,877 - INFO - [pipeline.py:137] - "WheelTransformer","blend=add,copies=3"
2026-03-14 13:38:09,888 - INFO - [pipeline.py:137] - "SwirlWarpTransformer","strength=1.50"
2026-03-14 13:38:09,894 - INFO - [pipeline.py:243] - [Grade: A] Saved to: /Users/kenfasano/Scripts/ScreenArt/Images/TransformedImages/peripheral_drift_2-A.jpeg
2026-03-14 13:38:09,910 - INFO - [pipeline.py:137] - "ChromaticAberrationTransformer","angle=34.50,edge_fade=1,shift=8.90"
2026-03-14 13:38:09,927 - INFO - [pipeline.py:137] - "MeltMorphTransformer","intensity=0.50"
2026-03-14 13:38:09,934 - INFO - [pipeline.py:243] - [Grade: A] Saved to: /Users/kenfasano/Scripts/ScreenArt/Images/TransformedImages/peripheral_drift_3-A.jpeg
2026-03-14 13:38:09,943 - INFO - [pipeline.py:137] - "ColormapTransformer","map=hsv"
2026-03-14 13:38:09,950 - INFO - [pipeline.py:243] - [Grade: A] Saved to: /Users/kenfasano/Scripts/ScreenArt/Images/TransformedImages/peripheral_drift_1-A.jpeg
2026-03-14 13:38:09,951 - INFO - [main.py:196] - WatercolorTransformer
2026-03-14 13:38:09,951 - INFO - [main.py:196] - PixelSortTransformer
2026-03-14 13:38:09,951 - INFO - [main.py:196] - VoronoiTransformer
2026-03-14 13:38:09,951 - INFO - [main.py:196] - WheelTransformer
2026-03-14 13:38:09,951 - INFO - [main.py:196] - DataMoshTransformer
2026-03-14 13:38:09,951 - INFO - [main.py:196] - KaleidoscopeTransformer
2026-03-14 13:38:09,951 - INFO - [main.py:196] - HalftoneTransformer
2026-03-14 13:38:09,951 - INFO - [main.py:196] - FlipWilsonTransformer
2026-03-14 13:38:09,951 - INFO - [main.py:196] - SwirlWarpTransformer
2026-03-14 13:38:09,951 - INFO - [main.py:196] - MeltMorphTransformer
2026-03-14 13:38:09,951 - INFO - [main.py:196] - ThermalImagingTransformer
2026-03-14 13:38:09,951 - INFO - [main.py:196] - OilPaintingTransformer
2026-03-14 13:38:09,951 - INFO - [main.py:196] - FluidWarpTransformer
2026-03-14 13:38:09,951 - INFO - [main.py:196] - FractalWarpTransformer
2026-03-14 13:38:09,951 - INFO - [main.py:196] - FisheyeTransformer
2026-03-14 13:38:09,951 - INFO - [main.py:196] - StippleTransformer
2026-03-14 13:38:09,951 - INFO - [main.py:196] - GlitchWarpTransformer
2026-03-14 13:38:09,951 - INFO - [main.py:196] - AnamorphicTransformer
2026-03-14 13:38:09,951 - INFO - [main.py:196] - ChromaticAberrationTransformer
2026-03-14 13:38:09,951 - INFO - [main.py:196] - RadialWarpTransformer
2026-03-14 13:38:09,951 - INFO - [main.py:196] - ColormapTransformer
2026-03-14 13:38:09,951 - INFO - [main.py:196] - PosterizationTransformer
2026-03-14 13:38:09,951 - INFO - [main.py:239] - 25s@13:38 ✓
Accepted: 53
Rejected: 3
---
Bible                      ->  6488ms
Wiki                       ->  3717ms
Lojong                     ->  1641ms
GoesGenerator              ->  1229ms
Nasa                       ->  1027ms
Bubbles                    ->   499ms
Cubes                      ->   309ms
PeripheralDriftIllusion    ->    50ms
NasaMapGenerator           ->    49ms
---
WatercolorTransformer            -> Min:   211ms | Avg:   352ms | Max:   571ms
PixelSortTransformer             -> Min:    71ms | Avg:   342ms | Max:   860ms
VoronoiTransformer               -> Min:   104ms | Avg:   190ms | Max:   261ms
WheelTransformer                 -> Min:    33ms | Avg:    95ms | Max:   114ms
DataMoshTransformer              -> Min:    11ms | Avg:    85ms | Max:   207ms
KaleidoscopeTransformer          -> Min:    55ms | Avg:    72ms | Max:   106ms
HalftoneTransformer              -> Min:    13ms | Avg:    52ms | Max:   121ms
FlipWilsonTransformer            -> Min:    19ms | Avg:    40ms | Max:    66ms
SwirlWarpTransformer             -> Min:    11ms | Avg:    39ms | Max:   112ms
MeltMorphTransformer             -> Min:    18ms | Avg:    38ms | Max:    57ms
ThermalImagingTransformer        -> Min:     8ms | Avg:    32ms | Max:    42ms
OilPaintingTransformer           -> Min:    18ms | Avg:    32ms | Max:    52ms
FluidWarpTransformer             -> Min:     8ms | Avg:    32ms | Max:    44ms
FractalWarpTransformer           -> Min:    14ms | Avg:    31ms | Max:    35ms
FisheyeTransformer               -> Min:    30ms | Avg:    30ms | Max:    30ms
StippleTransformer               -> Min:    11ms | Avg:    29ms | Max:    50ms
GlitchWarpTransformer            -> Min:     6ms | Avg:    29ms | Max:    69ms
AnamorphicTransformer            -> Min:    27ms | Avg:    27ms | Max:    27ms
ChromaticAberrationTransformer   -> Min:    12ms | Avg:    24ms | Max:    27ms
RadialWarpTransformer            -> Min:     6ms | Avg:    15ms | Max:    23ms
ColormapTransformer              -> Min:     4ms | Avg:    10ms | Max:    15ms
PosterizationTransformer         -> Min:     3ms | Avg:     8ms | Max:    13ms
