2026-03-23 03:22:35,006 - INFO - [pipeline.py:136] - "PixelSortTransformer","direction=cols,high=0.69,low=0.29,sort_key=green"
2026-03-23 03:22:35,054 - INFO - [pipeline.py:136] - "DataMoshTransformer","intensity=0.02"
2026-03-23 03:22:35,091 - INFO - [pipeline.py:136] - "FractalWarpTransformer","iter=1,scale=0.05"
2026-03-23 03:22:35,202 - INFO - [pipeline.py:136] - "OilPaintingTransformer","dyn_ratio=8,size=4"
2026-03-23 03:22:35,220 - INFO - [pipeline.py:248] - [Grade: C] Saved to: /Users/kenfasano/Scripts/ScreenArt/Images/TransformedImages/bubbles_4-C.jpeg
2026-03-23 03:22:35,279 - INFO - [pipeline.py:136] - "FluidWarpTransformer","alpha=2.08,sigma=7.84"
2026-03-23 03:22:35,293 - INFO - [pipeline.py:136] - "PosterizationTransformer","levels=4"
2026-03-23 03:22:35,329 - INFO - [pipeline.py:136] - "ThermalImagingTransformer","thermal=True"
2026-03-23 03:22:35,342 - INFO - [pipeline.py:136] - "ColormapTransformer","map=autumn"
2026-03-23 03:22:35,361 - INFO - [pipeline.py:248] - [Grade: A] Saved to: /Users/kenfasano/Scripts/ScreenArt/Images/TransformedImages/bubbles_8-A.jpeg
2026-03-23 03:22:35,422 - INFO - [pipeline.py:136] - "HalftoneTransformer","size=2"
2026-03-23 03:22:35,458 - INFO - [pipeline.py:136] - "FractalWarpTransformer","iter=1,scale=0.05"
2026-03-23 03:22:35,518 - INFO - [pipeline.py:136] - "FlipWilsonTransformer","keep=right,narrow=0.24"
2026-03-23 03:22:35,535 - INFO - [pipeline.py:248] - [Grade: F] Saved to: /Users/kenfasano/Scripts/ScreenArt/Images/Rejected/bubbles_9-F.jpeg
2026-03-23 03:22:35,581 - INFO - [pipeline.py:136] - "ThermalImagingTransformer","thermal=True"
2026-03-23 03:22:35,600 - INFO - [pipeline.py:248] - [Grade: A] Saved to: /Users/kenfasano/Scripts/ScreenArt/Images/TransformedImages/bubbles_5-A.jpeg
2026-03-23 03:22:35,672 - INFO - [pipeline.py:136] - "FlipWilsonTransformer","keep=right,narrow=0.24"
2026-03-23 03:22:35,686 - INFO - [pipeline.py:136] - "PosterizationTransformer","levels=4"
2026-03-23 03:22:35,722 - INFO - [pipeline.py:136] - "DataMoshTransformer","intensity=0.01"
2026-03-23 03:22:35,740 - INFO - [pipeline.py:248] - [Grade: C] Saved to: /Users/kenfasano/Scripts/ScreenArt/Images/TransformedImages/bubbles_2-C.jpeg
2026-03-23 03:22:35,784 - INFO - [pipeline.py:136] - "DataMoshTransformer","intensity=0.01"
2026-03-23 03:22:35,820 - INFO - [pipeline.py:136] - "FractalWarpTransformer","iter=1,scale=0.05"
2026-03-23 03:22:35,860 - INFO - [pipeline.py:136] - "SwirlWarpTransformer","strength=1.50"
2026-03-23 03:22:35,873 - INFO - [pipeline.py:136] - "PosterizationTransformer","levels=4"
2026-03-23 03:22:35,891 - INFO - [pipeline.py:248] - [Grade: A] Saved to: /Users/kenfasano/Scripts/ScreenArt/Images/TransformedImages/bubbles_3-A.jpeg
2026-03-23 03:22:35,939 - INFO - [pipeline.py:136] - "SwirlWarpTransformer","strength=1.50"
2026-03-23 03:22:35,957 - INFO - [pipeline.py:136] - "RadialWarpTransformer","radius=0.25,strength=135.14492674028418,style=push"
2026-03-23 03:22:35,970 - INFO - [pipeline.py:136] - "PosterizationTransformer","levels=4"
2026-03-23 03:22:35,989 - INFO - [pipeline.py:248] - [Grade: C] Saved to: /Users/kenfasano/Scripts/ScreenArt/Images/TransformedImages/bubbles_10-C.jpeg
2026-03-23 03:22:36,014 - INFO - [pipeline.py:136] - "RadialWarpTransformer","radius=0.25,strength=62.03678681592466,style=pull"
2026-03-23 03:22:36,032 - INFO - [pipeline.py:248] - [Grade: F] Saved to: /Users/kenfasano/Scripts/ScreenArt/Images/Rejected/bubbles_1-F.jpeg
2026-03-23 03:22:36,054 - INFO - [pipeline.py:136] - "ColormapTransformer","map=jet"
2026-03-23 03:22:36,075 - INFO - [pipeline.py:248] - [Grade: B] Saved to: /Users/kenfasano/Scripts/ScreenArt/Images/TransformedImages/bubbles_6-B.jpeg
2026-03-23 03:22:36,096 - INFO - [pipeline.py:136] - "PosterizationTransformer","levels=4"
2026-03-23 03:22:36,124 - INFO - [pipeline.py:136] - "GlitchWarpTransformer","intensity=0.01"
2026-03-23 03:22:36,343 - INFO - [pipeline.py:136] - "WatercolorTransformer","scale=0.85,style=psychedelic"
2026-03-23 03:22:36,388 - INFO - [pipeline.py:136] - "FluidWarpTransformer","alpha=3.28,sigma=6.10"
2026-03-23 03:22:36,406 - INFO - [pipeline.py:248] - [Grade: C] Saved to: /Users/kenfasano/Scripts/ScreenArt/Images/TransformedImages/bubbles_7-C.jpeg
2026-03-23 03:22:36,444 - INFO - [pipeline.py:136] - "GlitchWarpTransformer","intensity=0.01"
2026-03-23 03:22:36,479 - INFO - [pipeline.py:136] - "FractalWarpTransformer","iter=1,scale=0.05"
2026-03-23 03:22:36,497 - INFO - [pipeline.py:248] - [Grade: A] Saved to: /Users/kenfasano/Scripts/ScreenArt/Images/TransformedImages/cubes_2-A.jpeg
2026-03-23 03:22:36,558 - INFO - [pipeline.py:136] - "MeltMorphTransformer","intensity=0.50"
2026-03-23 03:22:36,597 - INFO - [pipeline.py:136] - "SwirlWarpTransformer","strength=1.50"
2026-03-23 03:22:36,650 - INFO - [pipeline.py:136] - "KaleidoscopeTransformer","cx_off=-0.06,cy_off=0.09,segments=8"
2026-03-23 03:22:36,668 - INFO - [pipeline.py:248] - [Grade: A] Saved to: /Users/kenfasano/Scripts/ScreenArt/Images/TransformedImages/cubes_3-A.jpeg
2026-03-23 03:22:36,890 - INFO - [pipeline.py:136] - "WatercolorTransformer","scale=0.85,style=monet"
2026-03-23 03:22:36,925 - INFO - [pipeline.py:136] - "FractalWarpTransformer","iter=1,scale=0.05"
2026-03-23 03:22:36,964 - INFO - [pipeline.py:136] - "DataMoshTransformer","intensity=0.02"
2026-03-23 03:22:36,977 - INFO - [pipeline.py:136] - "PosterizationTransformer","levels=4"
2026-03-23 03:22:36,996 - INFO - [pipeline.py:248] - [Grade: A] Saved to: /Users/kenfasano/Scripts/ScreenArt/Images/TransformedImages/cubes_4-A.jpeg
2026-03-23 03:22:37,108 - INFO - [pipeline.py:136] - "WheelTransformer","blend=lighter,copies=3"
2026-03-23 03:22:37,146 - INFO - [pipeline.py:136] - "DataMoshTransformer","intensity=0.02"
2026-03-23 03:22:37,165 - INFO - [pipeline.py:248] - [Grade: A] Saved to: /Users/kenfasano/Scripts/ScreenArt/Images/TransformedImages/cubes_5-A.jpeg
2026-03-23 03:22:37,185 - INFO - [pipeline.py:136] - "PosterizationTransformer","levels=4"
2026-03-23 03:22:37,198 - INFO - [pipeline.py:136] - "ColormapTransformer","map=bone"
2026-03-23 03:22:37,215 - INFO - [pipeline.py:248] - [Grade: A] Saved to: /Users/kenfasano/Scripts/ScreenArt/Images/TransformedImages/cubes_6-A.jpeg
2026-03-23 03:22:37,260 - INFO - [pipeline.py:136] - "SwirlWarpTransformer","strength=1.50"
2026-03-23 03:22:37,366 - INFO - [pipeline.py:136] - "WheelTransformer","blend=lighter,copies=3"
2026-03-23 03:22:37,488 - INFO - [pipeline.py:136] - "OilPaintingTransformer","dyn_ratio=7,size=6"
2026-03-23 03:22:37,506 - INFO - [pipeline.py:248] - [Grade: A] Saved to: /Users/kenfasano/Scripts/ScreenArt/Images/TransformedImages/cubes_1-A.jpeg
2026-03-23 03:22:37,519 - INFO - [pipeline.py:136] - "RadialWarpTransformer","radius=0.25,strength=47.494729908096105,style=pull"
2026-03-23 03:22:37,527 - INFO - [pipeline.py:248] - [Grade: A] Saved to: /Users/kenfasano/Scripts/ScreenArt/Images/TransformedImages/SunPath_Pace_960_annotated-A.jpg
2026-03-23 03:22:37,532 - INFO - [pipeline.py:136] - "FisheyeTransformer","shape=circle,strength=0.72,zoom=1.08"
2026-03-23 03:22:37,536 - INFO - [pipeline.py:248] - [Grade: C] Saved to: /Users/kenfasano/Scripts/ScreenArt/Images/TransformedImages/heic0407a_hst_c2-C.jpg
2026-03-23 03:22:37,559 - INFO - [pipeline.py:136] - "SwirlWarpTransformer","strength=1.50"
2026-03-23 03:22:37,569 - INFO - [pipeline.py:248] - [Grade: A] Saved to: /Users/kenfasano/Scripts/ScreenArt/Images/TransformedImages/SunSpotBridge_Johnston_960-A.jpg
2026-03-23 03:22:37,579 - INFO - [pipeline.py:136] - "GlitchWarpTransformer","intensity=0.01"
2026-03-23 03:22:37,603 - INFO - [pipeline.py:136] - "WheelTransformer","blend=lighter,copies=3"
2026-03-23 03:22:37,606 - INFO - [pipeline.py:136] - "PosterizationTransformer","levels=4"
2026-03-23 03:22:37,615 - INFO - [pipeline.py:136] - "DataMoshTransformer","intensity=0.02"
2026-03-23 03:22:37,620 - INFO - [pipeline.py:248] - [Grade: A] Saved to: /Users/kenfasano/Scripts/ScreenArt/Images/TransformedImages/iss_sts121-A.jpg
2026-03-23 03:22:37,625 - INFO - [pipeline.py:136] - "ChromaticAberrationTransformer","angle=48.00,edge_fade=1,shift=10.60"
2026-03-23 03:22:37,627 - INFO - [pipeline.py:136] - "ColormapTransformer","map=cool"
2026-03-23 03:22:37,631 - INFO - [pipeline.py:136] - "FluidWarpTransformer","alpha=4.76,sigma=5.66"
2026-03-23 03:22:37,633 - INFO - [pipeline.py:136] - "FisheyeTransformer","shape=oval,strength=0.39,zoom=0.99"
2026-03-23 03:22:37,637 - INFO - [pipeline.py:248] - [Grade: C] Saved to: /Users/kenfasano/Scripts/ScreenArt/Images/TransformedImages/sky_wmap-C.jpg
2026-03-23 03:22:37,719 - INFO - [pipeline.py:136] - "WatercolorTransformer","scale=0.85,style=psychedelic"
2026-03-23 03:22:37,726 - INFO - [pipeline.py:136] - "FisheyeTransformer","shape=oval,strength=0.25,zoom=1.00"
2026-03-23 03:22:37,731 - INFO - [pipeline.py:136] - "ColormapTransformer","map=autumn"
2026-03-23 03:22:37,738 - INFO - [pipeline.py:248] - [Grade: B] Saved to: /Users/kenfasano/Scripts/ScreenArt/Images/TransformedImages/m020_rooisand_cdk_1024-B.jpg
2026-03-23 03:22:37,760 - INFO - [pipeline.py:136] - "OilPaintingTransformer","dyn_ratio=3,size=3"
2026-03-23 03:22:37,767 - INFO - [pipeline.py:136] - "FractalWarpTransformer","iter=1,scale=0.05"
2026-03-23 03:22:37,771 - INFO - [pipeline.py:248] - [Grade: A] Saved to: /Users/kenfasano/Scripts/ScreenArt/Images/TransformedImages/FlatMars_CuriosityThompson_1080-A.jpg
2026-03-23 03:22:37,794 - INFO - [pipeline.py:136] - "MeltMorphTransformer","intensity=0.50"
2026-03-23 03:22:37,801 - INFO - [pipeline.py:248] - [Grade: B] Saved to: /Users/kenfasano/Scripts/ScreenArt/Images/TransformedImages/coathanger_parker-B.jpg
2026-03-23 03:22:37,822 - INFO - [pipeline.py:136] - "ThermalImagingTransformer","thermal=True"
2026-03-23 03:22:37,845 - INFO - [pipeline.py:136] - "MeltMorphTransformer","intensity=0.50"
2026-03-23 03:22:37,865 - INFO - [pipeline.py:136] - "HalftoneTransformer","size=2"
2026-03-23 03:22:37,873 - INFO - [pipeline.py:248] - [Grade: A] Saved to: /Users/kenfasano/Scripts/ScreenArt/Images/TransformedImages/Europa_JunoLuck_1080-A.jpg
2026-03-23 03:22:37,962 - INFO - [pipeline.py:136] - "VoronoiTransformer","edge_blend=1,num_points=99"
2026-03-23 03:22:38,006 - INFO - [pipeline.py:136] - "WheelTransformer","blend=lighter,copies=3"
2026-03-23 03:22:38,019 - INFO - [pipeline.py:136] - "GlitchWarpTransformer","intensity=0.01"
2026-03-23 03:22:38,084 - INFO - [pipeline.py:136] - "PixelSortTransformer","direction=cols,high=0.70,low=0.06,sort_key=green"
2026-03-23 03:22:38,092 - INFO - [pipeline.py:248] - [Grade: A] Saved to: /Users/kenfasano/Scripts/ScreenArt/Images/TransformedImages/Oudoux-and-Jeff-Graphy-with10000km_c-A.jpg
2026-03-23 03:22:38,144 - INFO - [pipeline.py:136] - "SwirlWarpTransformer","strength=1.50"
2026-03-23 03:22:38,386 - INFO - [pipeline.py:136] - "WatercolorTransformer","scale=0.85,style=monet"
2026-03-23 03:22:38,405 - INFO - [pipeline.py:248] - [Grade: A] Saved to: /Users/kenfasano/Scripts/ScreenArt/Images/TransformedImages/nasa_earth_1_Cape_Town_True_Color-A.jpeg
2026-03-23 03:22:38,446 - INFO - [pipeline.py:136] - "FluidWarpTransformer","alpha=17.89,sigma=3.04"
2026-03-23 03:22:38,462 - INFO - [pipeline.py:248] - [Grade: F] Saved to: /Users/kenfasano/Scripts/ScreenArt/Images/Rejected/nasa_earth_2_Seoul_Night_Lights-F.jpeg
2026-03-23 03:22:38,511 - INFO - [pipeline.py:136] - "DataMoshTransformer","intensity=0.01"
2026-03-23 03:22:38,538 - INFO - [pipeline.py:136] - "ChromaticAberrationTransformer","angle=319.90,edge_fade=1,shift=10.90"
2026-03-23 03:22:38,592 - INFO - [pipeline.py:136] - "MeltMorphTransformer","intensity=0.50"
2026-03-23 03:22:38,612 - INFO - [pipeline.py:248] - [Grade: A] Saved to: /Users/kenfasano/Scripts/ScreenArt/Images/TransformedImages/nasa_earth_4_Moscow_Surface_Temp_Day-A.jpeg
2026-03-23 03:22:38,656 - INFO - [pipeline.py:136] - "FisheyeTransformer","shape=oval,strength=0.37,zoom=0.93"
2026-03-23 03:22:38,691 - INFO - [pipeline.py:136] - "FractalWarpTransformer","iter=1,scale=0.05"
2026-03-23 03:22:38,723 - INFO - [pipeline.py:136] - "FluidWarpTransformer","alpha=11.89,sigma=1.71"
2026-03-23 03:22:38,836 - INFO - [pipeline.py:136] - "OilPaintingTransformer","dyn_ratio=4,size=5"
2026-03-23 03:22:38,856 - INFO - [pipeline.py:248] - [Grade: A] Saved to: /Users/kenfasano/Scripts/ScreenArt/Images/TransformedImages/nasa_earth_3_Cape_Town_Vegetation_False_Color-A.jpeg
2026-03-23 03:22:38,952 - INFO - [pipeline.py:136] - "PixelSortTransformer","direction=rows,high=0.64,low=0.08,sort_key=green"
2026-03-23 03:22:38,962 - INFO - [pipeline.py:136] - "ColormapTransformer","map=autumn"
2026-03-23 03:22:38,976 - INFO - [pipeline.py:248] - [Grade: A] Saved to: /Users/kenfasano/Scripts/ScreenArt/Images/TransformedImages/noaa_goes_1_se_Sandwich_RGB-A.jpeg
2026-03-23 03:22:39,018 - INFO - [pipeline.py:136] - "GlitchWarpTransformer","intensity=0.01"
2026-03-23 03:22:39,040 - INFO - [pipeline.py:136] - "RadialWarpTransformer","radius=0.25,strength=42.59075688682726,56.797090328392706,style=pull,pull"
2026-03-23 03:22:39,081 - INFO - [pipeline.py:248] - [Grade: A] Saved to: /Users/kenfasano/Scripts/ScreenArt/Images/TransformedImages/The_Club-A.jpeg
2026-03-23 03:22:39,219 - INFO - [pipeline.py:136] - "FluidWarpTransformer","alpha=8.26,sigma=4.12"
2026-03-23 03:22:39,291 - INFO - [pipeline.py:136] - "GlitchWarpTransformer","intensity=0.01"
2026-03-23 03:22:39,336 - INFO - [pipeline.py:248] - [Grade: C] Saved to: /Users/kenfasano/Scripts/ScreenArt/Images/TransformedImages/thumbnai-C.jpeg
2026-03-23 03:22:39,416 - INFO - [pipeline.py:136] - "DataMoshTransformer","intensity=0.01"
2026-03-23 03:22:39,437 - INFO - [pipeline.py:248] - [Grade: A] Saved to: /Users/kenfasano/Scripts/ScreenArt/Images/TransformedImages/Fuente_d-A.jpeg
2026-03-23 03:22:39,470 - INFO - [pipeline.py:136] - "RadialWarpTransformer","radius=0.25,strength=91.33545317223806,style=pull"
2026-03-23 03:22:39,515 - INFO - [pipeline.py:136] - "DataMoshTransformer","intensity=0.01"
2026-03-23 03:22:39,583 - INFO - [pipeline.py:136] - "KaleidoscopeTransformer","cx_off=-0.01,cy_off=0.09,segments=12"
2026-03-23 03:22:40,108 - INFO - [pipeline.py:136] - "PixelSortTransformer","direction=cols,high=0.63,low=0.28,sort_key=blue"
2026-03-23 03:22:40,132 - INFO - [pipeline.py:248] - [Grade: C] Saved to: /Users/kenfasano/Scripts/ScreenArt/Images/TransformedImages/Scottish-C.jpeg
2026-03-23 03:22:40,269 - INFO - [pipeline.py:136] - "WheelTransformer","blend=lighter,copies=3"
2026-03-23 03:22:40,323 - INFO - [pipeline.py:136] - "SwirlWarpTransformer","strength=1.50"
2026-03-23 03:22:40,365 - INFO - [pipeline.py:136] - "ThermalImagingTransformer","thermal=True"
2026-03-23 03:22:40,427 - INFO - [pipeline.py:136] - "KaleidoscopeTransformer","cx_off=-0.19,cy_off=0.10,segments=12"
2026-03-23 03:22:40,452 - INFO - [pipeline.py:248] - [Grade: A] Saved to: /Users/kenfasano/Scripts/ScreenArt/Images/TransformedImages/San_Bene-A.jpeg
2026-03-23 03:22:40,731 - INFO - [pipeline.py:136] - "PixelSortTransformer","direction=rows,high=0.80,low=0.26,sort_key=saturation"
2026-03-23 03:22:40,780 - INFO - [pipeline.py:136] - "FluidWarpTransformer","alpha=6.83,sigma=6.91"
2026-03-23 03:22:40,829 - INFO - [pipeline.py:136] - "HalftoneTransformer","size=2"
2026-03-23 03:22:40,846 - INFO - [pipeline.py:248] - [Grade: C] Saved to: /Users/kenfasano/Scripts/ScreenArt/Images/TransformedImages/lojong_2-C-scatter.jpeg
2026-03-23 03:22:40,976 - INFO - [pipeline.py:136] - "OilPaintingTransformer","dyn_ratio=4,size=6"
2026-03-23 03:22:41,152 - INFO - [pipeline.py:136] - "FractalWarpTransformer","iter=1,scale=0.05"
2026-03-23 03:22:41,201 - INFO - [pipeline.py:248] - [Grade: A] Saved to: /Users/kenfasano/Scripts/ScreenArt/Images/TransformedImages/lojong_3-A-tile.jpeg
2026-03-23 03:22:41,332 - INFO - [pipeline.py:136] - "OilPaintingTransformer","dyn_ratio=3,size=6"
2026-03-23 03:22:41,382 - INFO - [pipeline.py:136] - "HalftoneTransformer","size=2"
2026-03-23 03:22:41,398 - INFO - [pipeline.py:248] - [Grade: F] Saved to: /Users/kenfasano/Scripts/ScreenArt/Images/Rejected/lojong_8-F-tile.jpeg
2026-03-23 03:22:41,438 - INFO - [pipeline.py:136] - "GlitchWarpTransformer","intensity=0.01"
2026-03-23 03:22:41,498 - INFO - [pipeline.py:136] - "FlipWilsonTransformer","keep=right,narrow=0.24"
2026-03-23 03:22:41,523 - INFO - [pipeline.py:136] - "RadialWarpTransformer","radius=0.25,strength=111.61980710823194,82.83548783656155,136.52799941224362,style=push,pull,pull"
2026-03-23 03:22:41,571 - INFO - [pipeline.py:136] - "HalftoneTransformer","size=2"
2026-03-23 03:22:41,590 - INFO - [pipeline.py:248] - [Grade: C] Saved to: /Users/kenfasano/Scripts/ScreenArt/Images/TransformedImages/lojong_4-C-columns.jpeg
2026-03-23 03:22:41,811 - INFO - [pipeline.py:136] - "WatercolorTransformer","scale=0.85,style=psychedelic"
2026-03-23 03:22:41,839 - INFO - [pipeline.py:136] - "GlitchWarpTransformer","intensity=0.01"
2026-03-23 03:22:41,858 - INFO - [pipeline.py:248] - [Grade: C] Saved to: /Users/kenfasano/Scripts/ScreenArt/Images/TransformedImages/lojong_5-C-scatter.jpeg
2026-03-23 03:22:41,929 - INFO - [pipeline.py:136] - "FlipWilsonTransformer","keep=right,narrow=0.24"
2026-03-23 03:22:41,957 - INFO - [pipeline.py:136] - "GlitchWarpTransformer","intensity=0.01"
2026-03-23 03:22:42,004 - INFO - [pipeline.py:136] - "FluidWarpTransformer","alpha=7.93,sigma=6.20"
2026-03-23 03:22:42,021 - INFO - [pipeline.py:136] - "RadialWarpTransformer","radius=0.25,strength=112.42696345463621,style=pull"
2026-03-23 03:22:42,042 - INFO - [pipeline.py:248] - [Grade: C] Saved to: /Users/kenfasano/Scripts/ScreenArt/Images/TransformedImages/lojong_9-C-columns.jpeg
2026-03-23 03:22:42,153 - INFO - [pipeline.py:136] - "WheelTransformer","blend=lighter,copies=3"
2026-03-23 03:22:42,181 - INFO - [pipeline.py:136] - "GlitchWarpTransformer","intensity=0.01"
2026-03-23 03:22:42,241 - INFO - [pipeline.py:136] - "FlipWilsonTransformer","keep=right,narrow=0.24"
2026-03-23 03:22:42,266 - INFO - [pipeline.py:248] - [Grade: A] Saved to: /Users/kenfasano/Scripts/ScreenArt/Images/TransformedImages/lojong_6-A-hero.jpeg
2026-03-23 03:22:42,301 - INFO - [pipeline.py:136] - "RadialWarpTransformer","radius=0.25,strength=43.71206076907675,40.50288155518897,style=push,push"
2026-03-23 03:22:42,319 - INFO - [pipeline.py:248] - [Grade: A] Saved to: /Users/kenfasano/Scripts/ScreenArt/Images/TransformedImages/lojong_7-A-columns.jpeg
2026-03-23 03:22:42,369 - INFO - [pipeline.py:136] - "DataMoshTransformer","intensity=0.01"
2026-03-23 03:22:42,390 - INFO - [pipeline.py:248] - [Grade: A] Saved to: /Users/kenfasano/Scripts/ScreenArt/Images/TransformedImages/lojong_0-A-columns.jpeg
2026-03-23 03:22:42,779 - INFO - [pipeline.py:136] - "VoronoiTransformer","edge_blend=1,num_points=306"
2026-03-23 03:22:42,815 - INFO - [pipeline.py:136] - "FractalWarpTransformer","iter=1,scale=0.05"
2026-03-23 03:22:42,833 - INFO - [pipeline.py:248] - [Grade: C] Saved to: /Users/kenfasano/Scripts/ScreenArt/Images/TransformedImages/lojong_1-C-columns.jpeg
2026-03-23 03:22:42,950 - INFO - [pipeline.py:136] - "OilPaintingTransformer","dyn_ratio=2,size=4"
2026-03-23 03:22:42,978 - INFO - [pipeline.py:136] - "GlitchWarpTransformer","intensity=0.01"
2026-03-23 03:22:42,997 - INFO - [pipeline.py:248] - [Grade: C] Saved to: /Users/kenfasano/Scripts/ScreenArt/Images/TransformedImages/psalms_99-C-tile.jpeg
2026-03-23 03:22:43,032 - INFO - [pipeline.py:136] - "ChromaticAberrationTransformer","angle=124.00,edge_fade=1,shift=15.40"
2026-03-23 03:22:43,150 - INFO - [pipeline.py:136] - "PixelSortTransformer","direction=cols,high=0.91,low=0.31,sort_key=brightness"
2026-03-23 03:22:43,163 - INFO - [pipeline.py:136] - "ColormapTransformer","map=pink"
2026-03-23 03:22:43,182 - INFO - [pipeline.py:248] - [Grade: C] Saved to: /Users/kenfasano/Scripts/ScreenArt/Images/TransformedImages/psalms_130-C-hero.jpeg
2026-03-23 03:22:43,295 - INFO - [pipeline.py:136] - "WheelTransformer","blend=lighter,copies=3"
2026-03-23 03:22:43,309 - INFO - [pipeline.py:136] - "ColormapTransformer","map=hsv"
2026-03-23 03:22:43,329 - INFO - [pipeline.py:248] - [Grade: A] Saved to: /Users/kenfasano/Scripts/ScreenArt/Images/TransformedImages/psalms_41-A-tile.jpeg
2026-03-23 03:22:43,378 - INFO - [pipeline.py:136] - "SwirlWarpTransformer","strength=1.50"
2026-03-23 03:22:43,397 - INFO - [pipeline.py:248] - [Grade: C] Saved to: /Users/kenfasano/Scripts/ScreenArt/Images/TransformedImages/psalms_119-C-tile.jpeg
2026-03-23 03:22:43,595 - INFO - [pipeline.py:136] - "PixelSortTransformer","direction=rows,high=0.94,low=0.12,sort_key=blue"
2026-03-23 03:22:43,609 - INFO - [pipeline.py:136] - "ColormapTransformer","map=ocean"
2026-03-23 03:22:43,633 - INFO - [pipeline.py:248] - [Grade: B] Saved to: /Users/kenfasano/Scripts/ScreenArt/Images/TransformedImages/psalms_53-B-columns.jpeg
2026-03-23 03:22:43,668 - INFO - [pipeline.py:136] - "FisheyeTransformer","shape=oval,strength=0.54,zoom=1.14"
2026-03-23 03:22:43,844 - INFO - [pipeline.py:136] - "PixelSortTransformer","direction=rows,high=0.75,low=0.25,sort_key=red"
2026-03-23 03:22:44,043 - INFO - [pipeline.py:136] - "VoronoiTransformer","edge_blend=1,num_points=144"
2026-03-23 03:22:44,061 - INFO - [pipeline.py:248] - [Grade: A] Saved to: /Users/kenfasano/Scripts/ScreenArt/Images/TransformedImages/psalms_39-A-scatter.jpeg
2026-03-23 03:22:44,299 - INFO - [pipeline.py:136] - "WatercolorTransformer","scale=0.85,style=monet"
2026-03-23 03:22:44,395 - INFO - [pipeline.py:136] - "PixelSortTransformer","direction=rows,high=0.64,low=0.09,sort_key=brightness"
2026-03-23 03:22:44,433 - INFO - [pipeline.py:136] - "DataMoshTransformer","intensity=0.02"
2026-03-23 03:22:44,457 - INFO - [pipeline.py:136] - "RadialWarpTransformer","radius=0.25,strength=66.9691225633222,93.84047663360656,83.14139634098535,style=pull,pull,push"
2026-03-23 03:22:44,477 - INFO - [pipeline.py:248] - [Grade: C] Saved to: /Users/kenfasano/Scripts/ScreenArt/Images/TransformedImages/psalms_113-C-hero.jpeg
2026-03-23 03:22:44,517 - INFO - [pipeline.py:136] - "GlitchWarpTransformer","intensity=0.01"
2026-03-23 03:22:44,552 - INFO - [pipeline.py:136] - "FractalWarpTransformer","iter=1,scale=0.05"
2026-03-23 03:22:44,600 - INFO - [pipeline.py:136] - "HalftoneTransformer","size=2"
2026-03-23 03:22:44,833 - INFO - [pipeline.py:136] - "VoronoiTransformer","edge_blend=1,num_points=174"
2026-03-23 03:22:44,851 - INFO - [pipeline.py:248] - [Grade: A] Saved to: /Users/kenfasano/Scripts/ScreenArt/Images/TransformedImages/psalms_74-A-tile.jpeg
2026-03-23 03:22:45,072 - INFO - [pipeline.py:136] - "PixelSortTransformer","direction=cols,high=0.65,low=0.22,sort_key=brightness"
2026-03-23 03:22:45,111 - INFO - [pipeline.py:136] - "FluidWarpTransformer","alpha=12.75,sigma=4.20"
2026-03-23 03:22:45,125 - INFO - [pipeline.py:136] - "PosterizationTransformer","levels=4"
2026-03-23 03:22:45,147 - INFO - [pipeline.py:248] - [Grade: A] Saved to: /Users/kenfasano/Scripts/ScreenArt/Images/TransformedImages/psalms_108-A-columns.jpeg
2026-03-23 03:22:45,382 - INFO - [pipeline.py:136] - "WatercolorTransformer","scale=0.85,style=psychedelic"
2026-03-23 03:22:45,410 - INFO - [pipeline.py:136] - "GlitchWarpTransformer","intensity=0.01"
2026-03-23 03:22:45,463 - INFO - [pipeline.py:136] - "MeltMorphTransformer","intensity=0.50"
2026-03-23 03:22:45,499 - INFO - [pipeline.py:136] - "FluidWarpTransformer","alpha=4.32,sigma=3.10"
2026-03-23 03:22:45,518 - INFO - [pipeline.py:248] - [Grade: A] Saved to: /Users/kenfasano/Scripts/ScreenArt/Images/TransformedImages/psalms_104-A-scatter.jpeg
2026-03-23 03:22:45,528 - INFO - [pipeline.py:136] - "FisheyeTransformer","shape=oval,strength=0.79,zoom=1.01"
2026-03-23 03:22:45,546 - INFO - [pipeline.py:136] - "KaleidoscopeTransformer","cx_off=0.15,cy_off=0.05,segments=6"
2026-03-23 03:22:45,552 - INFO - [pipeline.py:136] - "RadialWarpTransformer","radius=0.25,strength=92.05505560561107,style=pull"
2026-03-23 03:22:45,589 - INFO - [pipeline.py:136] - "OilPaintingTransformer","dyn_ratio=3,size=6"
2026-03-23 03:22:45,597 - INFO - [pipeline.py:248] - [Grade: A] Saved to: /Users/kenfasano/Scripts/ScreenArt/Images/TransformedImages/peripheral_drift_18-A.jpeg
2026-03-23 03:22:45,605 - INFO - [pipeline.py:136] - "ColormapTransformer","map=spring"
2026-03-23 03:22:45,615 - INFO - [pipeline.py:136] - "FluidWarpTransformer","alpha=10.06,sigma=1.89"
2026-03-23 03:22:45,627 - INFO - [pipeline.py:136] - "ThermalImagingTransformer","thermal=True"
2026-03-23 03:22:45,634 - INFO - [pipeline.py:248] - [Grade: A] Saved to: /Users/kenfasano/Scripts/ScreenArt/Images/TransformedImages/peripheral_drift_2-A.jpeg
2026-03-23 03:22:45,693 - INFO - [pipeline.py:136] - "VoronoiTransformer","edge_blend=1,num_points=124"
2026-03-23 03:22:45,715 - INFO - [pipeline.py:136] - "PixelSortTransformer","direction=cols,high=0.87,low=0.09,sort_key=green"
2026-03-23 03:22:45,723 - INFO - [pipeline.py:136] - "GlitchWarpTransformer","intensity=0.01"
2026-03-23 03:22:45,731 - INFO - [pipeline.py:248] - [Grade: A] Saved to: /Users/kenfasano/Scripts/ScreenArt/Images/TransformedImages/peripheral_drift_14-A.jpeg
2026-03-23 03:22:45,746 - INFO - [pipeline.py:136] - "ThermalImagingTransformer","thermal=True"
2026-03-23 03:22:45,776 - INFO - [pipeline.py:136] - "WheelTransformer","blend=lighter,copies=3"
2026-03-23 03:22:45,783 - INFO - [pipeline.py:248] - [Grade: A] Saved to: /Users/kenfasano/Scripts/ScreenArt/Images/TransformedImages/peripheral_drift_15-A.jpeg
2026-03-23 03:22:45,793 - INFO - [pipeline.py:136] - "FisheyeTransformer","shape=circle,strength=0.22,zoom=1.00"
2026-03-23 03:22:45,803 - INFO - [pipeline.py:136] - "RadialWarpTransformer","radius=0.25,strength=90.93910339404586,132.35538500063723,74.2245847042646,style=push,push,push"
2026-03-23 03:22:45,816 - INFO - [pipeline.py:136] - "FluidWarpTransformer","alpha=12.92,sigma=6.14"
2026-03-23 03:22:45,829 - INFO - [pipeline.py:136] - "SwirlWarpTransformer","strength=1.50"
2026-03-23 03:22:45,835 - INFO - [pipeline.py:248] - [Grade: A] Saved to: /Users/kenfasano/Scripts/ScreenArt/Images/TransformedImages/peripheral_drift_3-A.jpeg
2026-03-23 03:22:45,857 - INFO - [pipeline.py:136] - "FlipWilsonTransformer","keep=right,narrow=0.24"
2026-03-23 03:22:45,864 - INFO - [pipeline.py:248] - [Grade: A] Saved to: /Users/kenfasano/Scripts/ScreenArt/Images/TransformedImages/peripheral_drift_19-A.jpeg
2026-03-23 03:22:45,879 - INFO - [pipeline.py:136] - "FluidWarpTransformer","alpha=11.50,sigma=3.20"
2026-03-23 03:22:45,887 - INFO - [pipeline.py:136] - "RadialWarpTransformer","radius=0.25,strength=72.8821589405415,58.780068134935675,style=push,pull"
2026-03-23 03:22:45,894 - INFO - [pipeline.py:248] - [Grade: A] Saved to: /Users/kenfasano/Scripts/ScreenArt/Images/TransformedImages/peripheral_drift_12-A.jpeg
2026-03-23 03:22:45,914 - INFO - [pipeline.py:136] - "MeltMorphTransformer","intensity=0.50"
2026-03-23 03:22:45,956 - INFO - [pipeline.py:136] - "OilPaintingTransformer","dyn_ratio=3,size=8"
2026-03-23 03:22:45,986 - INFO - [pipeline.py:136] - "WheelTransformer","blend=lighter,copies=3"
2026-03-23 03:22:45,997 - INFO - [pipeline.py:136] - "DataMoshTransformer","intensity=0.01"
2026-03-23 03:22:46,005 - INFO - [pipeline.py:248] - [Grade: A] Saved to: /Users/kenfasano/Scripts/ScreenArt/Images/TransformedImages/peripheral_drift_8-A.jpeg
2026-03-23 03:22:46,022 - INFO - [pipeline.py:136] - "HalftoneTransformer","size=2"
2026-03-23 03:22:46,039 - INFO - [pipeline.py:136] - "MeltMorphTransformer","intensity=0.50"
2026-03-23 03:22:46,104 - INFO - [pipeline.py:136] - "WatercolorTransformer","scale=0.85,style=psychedelic"
2026-03-23 03:22:46,158 - INFO - [pipeline.py:136] - "VoronoiTransformer","edge_blend=1,num_points=119"
2026-03-23 03:22:46,164 - INFO - [pipeline.py:248] - [Grade: A] Saved to: /Users/kenfasano/Scripts/ScreenArt/Images/TransformedImages/peripheral_drift_4-A.jpeg
2026-03-23 03:22:46,184 - INFO - [pipeline.py:136] - "MeltMorphTransformer","intensity=0.50"
2026-03-23 03:22:46,192 - INFO - [pipeline.py:248] - [Grade: A] Saved to: /Users/kenfasano/Scripts/ScreenArt/Images/TransformedImages/peripheral_drift_5-A.jpeg
2026-03-23 03:22:46,213 - INFO - [pipeline.py:136] - "FlipWilsonTransformer","keep=right,narrow=0.24"
2026-03-23 03:22:46,220 - INFO - [pipeline.py:248] - [Grade: A] Saved to: /Users/kenfasano/Scripts/ScreenArt/Images/TransformedImages/peripheral_drift_9-A.jpeg
2026-03-23 03:22:46,280 - INFO - [pipeline.py:136] - "PixelSortTransformer","direction=rows,high=0.88,low=0.12,sort_key=brightness"
2026-03-23 03:22:46,300 - INFO - [pipeline.py:136] - "FisheyeTransformer","shape=circle,strength=0.44,zoom=0.96"
2026-03-23 03:22:46,310 - INFO - [pipeline.py:248] - [Grade: A] Saved to: /Users/kenfasano/Scripts/ScreenArt/Images/TransformedImages/peripheral_drift_13-A.jpeg
2026-03-23 03:22:46,326 - INFO - [pipeline.py:136] - "RadialWarpTransformer","radius=0.25,strength=55.7733446658617,97.96160338283275,style=pull,pull"
2026-03-23 03:22:46,340 - INFO - [pipeline.py:136] - "DataMoshTransformer","intensity=0.01"
2026-03-23 03:22:46,364 - INFO - [pipeline.py:136] - "FlipWilsonTransformer","keep=right,narrow=0.24"
2026-03-23 03:22:46,369 - INFO - [pipeline.py:136] - "ColormapTransformer","map=rainbow"
2026-03-23 03:22:46,378 - INFO - [pipeline.py:248] - [Grade: A] Saved to: /Users/kenfasano/Scripts/ScreenArt/Images/TransformedImages/peripheral_drift_10-A.jpeg
2026-03-23 03:22:46,395 - INFO - [pipeline.py:136] - "SwirlWarpTransformer","strength=1.50"
2026-03-23 03:22:46,401 - INFO - [pipeline.py:136] - "RadialWarpTransformer","radius=0.25,strength=135.5398892889856,style=pull"
2026-03-23 03:22:46,413 - INFO - [pipeline.py:136] - "ThermalImagingTransformer","thermal=True"
2026-03-23 03:22:46,420 - INFO - [pipeline.py:248] - [Grade: C] Saved to: /Users/kenfasano/Scripts/ScreenArt/Images/TransformedImages/peripheral_drift_6-C.jpeg
2026-03-23 03:22:46,454 - INFO - [pipeline.py:136] - "WheelTransformer","blend=lighter,copies=3"
2026-03-23 03:22:46,465 - INFO - [pipeline.py:136] - "FractalWarpTransformer","iter=1,scale=0.05"
2026-03-23 03:22:46,469 - INFO - [pipeline.py:136] - "PosterizationTransformer","levels=4"
2026-03-23 03:22:46,476 - INFO - [pipeline.py:136] - "RadialWarpTransformer","radius=0.25,strength=98.33546331700754,style=push"
2026-03-23 03:22:46,482 - INFO - [pipeline.py:248] - [Grade: A] Saved to: /Users/kenfasano/Scripts/ScreenArt/Images/TransformedImages/peripheral_drift_7-A.jpeg
2026-03-23 03:22:46,494 - INFO - [pipeline.py:136] - "GlitchWarpTransformer","intensity=0.01"
2026-03-23 03:22:46,513 - INFO - [pipeline.py:136] - "FlipWilsonTransformer","keep=right,narrow=0.24"
2026-03-23 03:22:46,520 - INFO - [pipeline.py:248] - [Grade: A] Saved to: /Users/kenfasano/Scripts/ScreenArt/Images/TransformedImages/peripheral_drift_11-A.jpeg
2026-03-23 03:22:46,537 - INFO - [pipeline.py:136] - "ThermalImagingTransformer","thermal=True"
2026-03-23 03:22:46,545 - INFO - [pipeline.py:136] - "GlitchWarpTransformer","intensity=0.01"
2026-03-23 03:22:46,575 - INFO - [pipeline.py:136] - "WheelTransformer","blend=lighter,copies=3"
2026-03-23 03:22:46,586 - INFO - [pipeline.py:136] - "FractalWarpTransformer","iter=1,scale=0.05"
2026-03-23 03:22:46,593 - INFO - [pipeline.py:248] - [Grade: A] Saved to: /Users/kenfasano/Scripts/ScreenArt/Images/TransformedImages/peripheral_drift_20-A.jpeg
2026-03-23 03:22:46,627 - INFO - [pipeline.py:136] - "OilPaintingTransformer","dyn_ratio=2,size=3"
2026-03-23 03:22:46,637 - INFO - [pipeline.py:136] - "FractalWarpTransformer","iter=1,scale=0.05"
2026-03-23 03:22:46,644 - INFO - [pipeline.py:248] - [Grade: A] Saved to: /Users/kenfasano/Scripts/ScreenArt/Images/TransformedImages/peripheral_drift_16-A.jpeg
2026-03-23 03:22:46,663 - INFO - [pipeline.py:136] - "MeltMorphTransformer","intensity=0.50"
2026-03-23 03:22:46,681 - INFO - [pipeline.py:136] - "KaleidoscopeTransformer","cx_off=0.03,cy_off=-0.01,segments=12"
2026-03-23 03:22:46,782 - INFO - [pipeline.py:136] - "VoronoiTransformer","edge_blend=1,num_points=248"
2026-03-23 03:22:46,787 - INFO - [pipeline.py:136] - "ColormapTransformer","map=spring"
2026-03-23 03:22:46,795 - INFO - [pipeline.py:248] - [Grade: A] Saved to: /Users/kenfasano/Scripts/ScreenArt/Images/TransformedImages/peripheral_drift_17-A.jpeg
2026-03-23 03:22:46,809 - INFO - [pipeline.py:136] - "DataMoshTransformer","intensity=0.02"
2026-03-23 03:22:46,816 - INFO - [pipeline.py:248] - [Grade: A] Saved to: /Users/kenfasano/Scripts/ScreenArt/Images/TransformedImages/peripheral_drift_1-A.jpeg
2026-03-23 03:22:46,816 - INFO - [main.py:186] - WatercolorTransformer
2026-03-23 03:22:46,816 - INFO - [main.py:186] - PixelSortTransformer
2026-03-23 03:22:46,816 - INFO - [main.py:186] - VoronoiTransformer
2026-03-23 03:22:46,816 - INFO - [main.py:186] - OilPaintingTransformer
2026-03-23 03:22:46,816 - INFO - [main.py:186] - WheelTransformer
2026-03-23 03:22:46,816 - INFO - [main.py:186] - KaleidoscopeTransformer
2026-03-23 03:22:46,816 - INFO - [main.py:186] - FlipWilsonTransformer
2026-03-23 03:22:46,816 - INFO - [main.py:186] - HalftoneTransformer
2026-03-23 03:22:46,816 - INFO - [main.py:186] - FractalWarpTransformer
2026-03-23 03:22:46,816 - INFO - [main.py:186] - FluidWarpTransformer
2026-03-23 03:22:46,816 - INFO - [main.py:186] - SwirlWarpTransformer
2026-03-23 03:22:46,816 - INFO - [main.py:186] - DataMoshTransformer
2026-03-23 03:22:46,816 - INFO - [main.py:186] - MeltMorphTransformer
2026-03-23 03:22:46,816 - INFO - [main.py:186] - GlitchWarpTransformer
2026-03-23 03:22:46,816 - INFO - [main.py:186] - ThermalImagingTransformer
2026-03-23 03:22:46,816 - INFO - [main.py:186] - ChromaticAberrationTransformer
2026-03-23 03:22:46,816 - INFO - [main.py:186] - RadialWarpTransformer
2026-03-23 03:22:46,816 - INFO - [main.py:186] - FisheyeTransformer
2026-03-23 03:22:46,816 - INFO - [main.py:186] - PosterizationTransformer
2026-03-23 03:22:46,816 - INFO - [main.py:186] - ColormapTransformer
2026-03-23 03:22:46,816 - INFO - [main.py:229] - 31s@03:22 ✓
Accepted: 72
Rejected: 4
---
Bible                      ->  8145ms
Wiki                       ->  4429ms
NasaMapGenerator           ->  2191ms
Lojong                     ->  2122ms
Nasa                       ->  1568ms
Bubbles                    ->   483ms
GoesGenerator              ->   427ms
PeripheralDriftIllusion    ->   300ms
Cubes                      ->   275ms
---
WatercolorTransformer            -> Min:    64ms | Avg:   185ms | Max:   242ms
PixelSortTransformer             -> Min:    22ms | Avg:   157ms | Max:   524ms
VoronoiTransformer               -> Min:    54ms | Avg:   156ms | Max:   381ms
OilPaintingTransformer           -> Min:    19ms | Avg:    83ms | Max:   124ms
WheelTransformer                 -> Min:    24ms | Avg:    67ms | Max:   125ms
KaleidoscopeTransformer          -> Min:    17ms | Avg:    44ms | Max:    68ms
FlipWilsonTransformer            -> Min:    19ms | Avg:    43ms | Max:    63ms
HalftoneTransformer              -> Min:    14ms | Avg:    40ms | Max:    53ms
FractalWarpTransformer           -> Min:     7ms | Avg:    38ms | Max:   176ms
FluidWarpTransformer             -> Min:     4ms | Avg:    37ms | Max:   111ms
SwirlWarpTransformer             -> Min:    12ms | Avg:    33ms | Max:    54ms
DataMoshTransformer              -> Min:     9ms | Avg:    31ms | Max:    48ms
MeltMorphTransformer             -> Min:    14ms | Avg:    30ms | Max:    54ms
GlitchWarpTransformer            -> Min:     6ms | Avg:    25ms | Max:    71ms
ThermalImagingTransformer        -> Min:    12ms | Avg:    22ms | Max:    42ms
ChromaticAberrationTransformer   -> Min:     3ms | Avg:    19ms | Max:    27ms
RadialWarpTransformer            -> Min:     6ms | Avg:    15ms | Max:    25ms
FisheyeTransformer               -> Min:     2ms | Avg:    13ms | Max:    30ms
PosterizationTransformer         -> Min:     3ms | Avg:    11ms | Max:    14ms
ColormapTransformer              -> Min:     1ms | Avg:     9ms | Max:    13ms
