2026-03-15 10:39:14,022 - INFO - [pipeline.py:136] - "MeltMorphTransformer","intensity=0.50"
2026-03-15 10:39:14,073 - INFO - [pipeline.py:136] - "HalftoneTransformer","size=2"
2026-03-15 10:39:14,110 - INFO - [pipeline.py:136] - "DataMoshTransformer","intensity=0.01"
2026-03-15 10:39:14,210 - INFO - [pipeline.py:136] - "FlipWilsonTransformer","keep=top_left,narrow=0.43"
2026-03-15 10:39:14,229 - INFO - [pipeline.py:248] - [Grade: A] Saved to: /Users/kenfasano/Scripts/ScreenArt/Images/TransformedImages/bubbles_4-A.jpeg
2026-03-15 10:39:14,334 - INFO - [pipeline.py:136] - "FlipWilsonTransformer","keep=top_left,narrow=0.43"
2026-03-15 10:39:14,551 - INFO - [pipeline.py:136] - "PixelSortTransformer","direction=cols,high=0.80,low=0.08,sort_key=brightness"
2026-03-15 10:39:14,579 - INFO - [pipeline.py:136] - "FisheyeTransformer","shape=oval,strength=0.71,zoom=1.11"
2026-03-15 10:39:14,598 - INFO - [pipeline.py:248] - [Grade: C] Saved to: /Users/kenfasano/Scripts/ScreenArt/Images/TransformedImages/bubbles_8-C.jpeg
2026-03-15 10:39:14,644 - INFO - [pipeline.py:136] - "WheelTransformer","blend=lighter,copies=4"
2026-03-15 10:39:14,682 - INFO - [pipeline.py:136] - "FluidWarpTransformer","alpha=7.29,sigma=4.24"
2026-03-15 10:39:14,699 - INFO - [pipeline.py:248] - [Grade: C] Saved to: /Users/kenfasano/Scripts/ScreenArt/Images/TransformedImages/bubbles_9-C.jpeg
2026-03-15 10:39:14,746 - INFO - [pipeline.py:136] - "SwirlWarpTransformer","strength=1.50"
2026-03-15 10:39:14,783 - INFO - [pipeline.py:136] - "ThermalImagingTransformer","thermal=True"
2026-03-15 10:39:14,969 - INFO - [pipeline.py:136] - "FlipWilsonTransformer","keep=top_left,narrow=0.43"
2026-03-15 10:39:15,023 - INFO - [pipeline.py:248] - [Grade: A] Saved to: /Users/kenfasano/Scripts/ScreenArt/Images/TransformedImages/bubbles_5-A.jpeg
2026-03-15 10:39:15,064 - INFO - [pipeline.py:136] - "GlitchWarpTransformer","intensity=0.01"
2026-03-15 10:39:15,098 - INFO - [pipeline.py:136] - "FractalWarpTransformer","iter=1,scale=0.05"
2026-03-15 10:39:15,138 - INFO - [pipeline.py:136] - "DataMoshTransformer","intensity=0.01"
2026-03-15 10:39:15,171 - INFO - [pipeline.py:136] - "ChromaticAberrationTransformer","angle=321.80,edge_fade=1,shift=6.60"
2026-03-15 10:39:15,189 - INFO - [pipeline.py:248] - [Grade: C] Saved to: /Users/kenfasano/Scripts/ScreenArt/Images/TransformedImages/bubbles_2-C.jpeg
2026-03-15 10:39:15,213 - INFO - [pipeline.py:136] - "ColormapTransformer","map=rainbow"
2026-03-15 10:39:15,246 - INFO - [pipeline.py:136] - "FisheyeTransformer","shape=circle,strength=0.71,zoom=1.14"
2026-03-15 10:39:15,289 - INFO - [pipeline.py:136] - "DataMoshTransformer","intensity=0.02"
2026-03-15 10:39:15,309 - INFO - [pipeline.py:248] - [Grade: A] Saved to: /Users/kenfasano/Scripts/ScreenArt/Images/TransformedImages/bubbles_3-A.jpeg
2026-03-15 10:39:15,337 - INFO - [pipeline.py:136] - "ColormapTransformer","map=rainbow"
2026-03-15 10:39:15,378 - INFO - [pipeline.py:136] - "FractalWarpTransformer","iter=1,scale=0.05"
2026-03-15 10:39:15,419 - INFO - [pipeline.py:136] - "ThermalImagingTransformer","thermal=True"
2026-03-15 10:39:15,459 - INFO - [pipeline.py:136] - "DataMoshTransformer","intensity=0.02"
2026-03-15 10:39:15,484 - INFO - [pipeline.py:248] - [Grade: C] Saved to: /Users/kenfasano/Scripts/ScreenArt/Images/TransformedImages/bubbles_10-C.jpeg
2026-03-15 10:39:15,594 - INFO - [pipeline.py:136] - "FlipWilsonTransformer","keep=top_left,narrow=0.43"
2026-03-15 10:39:15,651 - INFO - [pipeline.py:136] - "HalftoneTransformer","size=2"
2026-03-15 10:39:15,690 - INFO - [pipeline.py:136] - "WheelTransformer","blend=lighter,copies=4"
2026-03-15 10:39:15,708 - INFO - [pipeline.py:248] - [Grade: A] Saved to: /Users/kenfasano/Scripts/ScreenArt/Images/TransformedImages/bubbles_1-A.jpeg
2026-03-15 10:39:15,773 - INFO - [pipeline.py:136] - "HalftoneTransformer","size=2"
2026-03-15 10:39:15,786 - INFO - [pipeline.py:136] - "ColormapTransformer","map=ocean"
2026-03-15 10:39:15,830 - INFO - [pipeline.py:136] - "SwirlWarpTransformer","strength=1.50"
2026-03-15 10:39:15,873 - INFO - [pipeline.py:136] - "WheelTransformer","blend=lighter,copies=4"
2026-03-15 10:39:15,894 - INFO - [pipeline.py:248] - [Grade: A] Saved to: /Users/kenfasano/Scripts/ScreenArt/Images/TransformedImages/bubbles_6-A.jpeg
2026-03-15 10:39:15,915 - INFO - [pipeline.py:136] - "ColormapTransformer","map=summer"
2026-03-15 10:39:15,935 - INFO - [pipeline.py:248] - [Grade: B] Saved to: /Users/kenfasano/Scripts/ScreenArt/Images/TransformedImages/bubbles_7-B.jpeg
2026-03-15 10:39:15,970 - INFO - [pipeline.py:136] - "ChromaticAberrationTransformer","angle=109.90,edge_fade=1,shift=9.20"
2026-03-15 10:39:16,008 - INFO - [pipeline.py:136] - "GlitchWarpTransformer","intensity=0.01"
2026-03-15 10:39:16,066 - INFO - [pipeline.py:136] - "KaleidoscopeTransformer","cx_off=-0.02,cy_off=0.17,segments=8"
2026-03-15 10:39:16,085 - INFO - [pipeline.py:248] - [Grade: A] Saved to: /Users/kenfasano/Scripts/ScreenArt/Images/TransformedImages/cubes_2-A.jpeg
2026-03-15 10:39:16,118 - INFO - [pipeline.py:136] - "ChromaticAberrationTransformer","angle=272.30,edge_fade=1,shift=4.10"
2026-03-15 10:39:16,146 - INFO - [pipeline.py:136] - "GlitchWarpTransformer","intensity=0.01"
2026-03-15 10:39:16,164 - INFO - [pipeline.py:248] - [Grade: A] Saved to: /Users/kenfasano/Scripts/ScreenArt/Images/TransformedImages/cubes_3-A.jpeg
2026-03-15 10:39:16,208 - INFO - [pipeline.py:136] - "SwirlWarpTransformer","strength=1.50"
2026-03-15 10:39:16,225 - INFO - [pipeline.py:248] - [Grade: A] Saved to: /Users/kenfasano/Scripts/ScreenArt/Images/TransformedImages/cubes_4-A.jpeg
2026-03-15 10:39:16,288 - INFO - [pipeline.py:136] - "MeltMorphTransformer","intensity=0.50"
2026-03-15 10:39:16,306 - INFO - [pipeline.py:248] - [Grade: A] Saved to: /Users/kenfasano/Scripts/ScreenArt/Images/TransformedImages/cubes_5-A.jpeg
2026-03-15 10:39:16,349 - INFO - [pipeline.py:136] - "DataMoshTransformer","intensity=0.01"
2026-03-15 10:39:16,367 - INFO - [pipeline.py:248] - [Grade: A] Saved to: /Users/kenfasano/Scripts/ScreenArt/Images/TransformedImages/cubes_6-A.jpeg
2026-03-15 10:39:16,412 - INFO - [pipeline.py:136] - "WheelTransformer","blend=lighter,copies=4"
2026-03-15 10:39:16,429 - INFO - [pipeline.py:248] - [Grade: A] Saved to: /Users/kenfasano/Scripts/ScreenArt/Images/TransformedImages/cubes_1-A.jpeg
2026-03-15 10:39:16,444 - INFO - [pipeline.py:136] - "FisheyeTransformer","shape=oval,strength=0.75,zoom=1.09"
2026-03-15 10:39:16,456 - INFO - [pipeline.py:136] - "DataMoshTransformer","intensity=0.02"
2026-03-15 10:39:16,464 - INFO - [pipeline.py:248] - [Grade: A] Saved to: /Users/kenfasano/Scripts/ScreenArt/Images/TransformedImages/47tuc_eder_900-A.jpg
2026-03-15 10:39:16,480 - INFO - [pipeline.py:136] - "PixelSortTransformer","direction=cols,high=0.77,low=0.11,sort_key=green"
2026-03-15 10:39:16,483 - INFO - [pipeline.py:136] - "ChromaticAberrationTransformer","angle=194.30,edge_fade=1,shift=13.00"
2026-03-15 10:39:16,488 - INFO - [pipeline.py:136] - "DataMoshTransformer","intensity=0.01"
2026-03-15 10:39:16,493 - INFO - [pipeline.py:136] - "WheelTransformer","blend=lighter,copies=4"
2026-03-15 10:39:16,497 - INFO - [pipeline.py:248] - [Grade: A] Saved to: /Users/kenfasano/Scripts/ScreenArt/Images/TransformedImages/fermiexclusion_hulet-A.jpg
2026-03-15 10:39:16,506 - INFO - [pipeline.py:136] - "PixelSortTransformer","direction=cols,high=0.93,low=0.21,sort_key=green"
2026-03-15 10:39:16,508 - INFO - [pipeline.py:136] - "PosterizationTransformer","levels=4"
2026-03-15 10:39:16,511 - INFO - [pipeline.py:248] - [Grade: A] Saved to: /Users/kenfasano/Scripts/ScreenArt/Images/TransformedImages/marsmoons_schedler_220803labeled-A.jpg
2026-03-15 10:39:16,534 - INFO - [pipeline.py:136] - "FluidWarpTransformer","alpha=11.06,sigma=4.10"
2026-03-15 10:39:16,560 - INFO - [pipeline.py:136] - "KaleidoscopeTransformer","cx_off=-0.07,cy_off=0.18,segments=4"
2026-03-15 10:39:16,578 - INFO - [pipeline.py:136] - "FractalWarpTransformer","iter=1,scale=0.05"
2026-03-15 10:39:16,586 - INFO - [pipeline.py:248] - [Grade: F] Saved to: /Users/kenfasano/Scripts/ScreenArt/Images/Rejected/MimasPIA17213_fig1_1024-F.jpg
2026-03-15 10:39:16,618 - INFO - [pipeline.py:136] - "PosterizationTransformer","levels=4"
2026-03-15 10:39:16,627 - INFO - [pipeline.py:248] - [Grade: B] Saved to: /Users/kenfasano/Scripts/ScreenArt/Images/TransformedImages/StarTrailsOne-MileRadioTelescope1050-B.jpg
2026-03-15 10:39:16,672 - INFO - [pipeline.py:136] - "RadialWarpTransformer","radius=0.25,strength=118.93205163439191,90.0398945766558,style=pull,push"
2026-03-15 10:39:16,685 - INFO - [pipeline.py:136] - "ChromaticAberrationTransformer","angle=334.60,edge_fade=1,shift=8.20"
2026-03-15 10:39:16,739 - INFO - [pipeline.py:136] - "OilPaintingTransformer","dyn_ratio=3,size=5"
2026-03-15 10:39:16,859 - INFO - [pipeline.py:136] - "WatercolorTransformer","scale=0.85,style=monet"
2026-03-15 10:39:16,868 - INFO - [pipeline.py:248] - [Grade: C] Saved to: /Users/kenfasano/Scripts/ScreenArt/Images/TransformedImages/RSPuppis_Hubble_rba1024-C.jpg
2026-03-15 10:39:16,883 - INFO - [pipeline.py:136] - "GlitchWarpTransformer","intensity=0.01"
2026-03-15 10:39:16,920 - INFO - [pipeline.py:136] - "FlipWilsonTransformer","keep=top_left,narrow=0.43"
2026-03-15 10:39:16,929 - INFO - [pipeline.py:248] - [Grade: C] Saved to: /Users/kenfasano/Scripts/ScreenArt/Images/TransformedImages/devilstower_pacholka-C.jpg
2026-03-15 10:39:16,967 - INFO - [pipeline.py:136] - "DataMoshTransformer","intensity=0.02"
2026-03-15 10:39:16,985 - INFO - [pipeline.py:136] - "ChromaticAberrationTransformer","angle=114.20,edge_fade=1,shift=4.50"
2026-03-15 10:39:16,998 - INFO - [pipeline.py:248] - [Grade: A] Saved to: /Users/kenfasano/Scripts/ScreenArt/Images/TransformedImages/CometA3Dolomites_Masi_960-A.jpg
2026-03-15 10:39:17,101 - INFO - [pipeline.py:136] - "FlipWilsonTransformer","keep=top_left,narrow=0.43"
2026-03-15 10:39:17,136 - INFO - [pipeline.py:136] - "DataMoshTransformer","intensity=0.01"
2026-03-15 10:39:17,186 - INFO - [pipeline.py:136] - "KaleidoscopeTransformer","cx_off=0.04,cy_off=-0.03,segments=6"
2026-03-15 10:39:17,200 - INFO - [pipeline.py:136] - "RadialWarpTransformer","radius=0.25,strength=99.09339478006164,110.10638261983289,style=pull,push"
2026-03-15 10:39:17,219 - INFO - [pipeline.py:248] - [Grade: A] Saved to: /Users/kenfasano/Scripts/ScreenArt/Images/TransformedImages/everest_mackenzie-A.jpg
2026-03-15 10:39:17,237 - INFO - [pipeline.py:136] - "MeltMorphTransformer","intensity=0.50"
2026-03-15 10:39:17,329 - INFO - [pipeline.py:136] - "PixelSortTransformer","direction=cols,high=0.91,low=0.08,sort_key=brightness"
2026-03-15 10:39:17,336 - INFO - [pipeline.py:136] - "ChromaticAberrationTransformer","angle=298.80,edge_fade=1,shift=6.80"
2026-03-15 10:39:17,343 - INFO - [pipeline.py:136] - "FisheyeTransformer","shape=circle,strength=0.54,zoom=0.90"
2026-03-15 10:39:17,349 - INFO - [pipeline.py:248] - [Grade: A] Saved to: /Users/kenfasano/Scripts/ScreenArt/Images/TransformedImages/iss025e010008_900c-A.jpg
2026-03-15 10:39:17,485 - INFO - [pipeline.py:136] - "WatercolorTransformer","scale=0.85,style=monet"
2026-03-15 10:39:17,503 - INFO - [pipeline.py:136] - "ThermalImagingTransformer","thermal=True"
2026-03-15 10:39:17,530 - INFO - [pipeline.py:136] - "WheelTransformer","blend=lighter,copies=4"
2026-03-15 10:39:17,547 - INFO - [pipeline.py:136] - "ChromaticAberrationTransformer","angle=193.40,edge_fade=1,shift=4.90"
2026-03-15 10:39:17,557 - INFO - [pipeline.py:248] - [Grade: A] Saved to: /Users/kenfasano/Scripts/ScreenArt/Images/TransformedImages/IC434NM900-A.jpg
2026-03-15 10:39:17,609 - INFO - [pipeline.py:136] - "DataMoshTransformer","intensity=0.01"
2026-03-15 10:39:17,954 - INFO - [pipeline.py:136] - "VoronoiTransformer","edge_blend=1,num_points=273"
2026-03-15 10:39:17,983 - INFO - [pipeline.py:136] - "FluidWarpTransformer","alpha=12.67,sigma=0.95"
2026-03-15 10:39:18,002 - INFO - [pipeline.py:248] - [Grade: A] Saved to: /Users/kenfasano/Scripts/ScreenArt/Images/TransformedImages/nasa_earth_1_Buenos_Aires_True_Color-A.jpeg
2026-03-15 10:39:18,039 - INFO - [pipeline.py:136] - "DataMoshTransformer","intensity=0.02"
2026-03-15 10:39:18,058 - INFO - [pipeline.py:136] - "FisheyeTransformer","shape=oval,strength=0.41,zoom=1.06"
2026-03-15 10:39:18,068 - INFO - [pipeline.py:136] - "ColormapTransformer","map=hsv"
2026-03-15 10:39:18,084 - INFO - [pipeline.py:248] - [Grade: A] Saved to: /Users/kenfasano/Scripts/ScreenArt/Images/TransformedImages/noaa_goes_1_se_Sandwich_RGB-A.jpeg
2026-03-15 10:39:18,111 - INFO - [pipeline.py:136] - "PosterizationTransformer","levels=4"
2026-03-15 10:39:18,153 - INFO - [pipeline.py:136] - "SwirlWarpTransformer","strength=1.50"
2026-03-15 10:39:18,508 - INFO - [pipeline.py:136] - "VoronoiTransformer","edge_blend=1,num_points=267"
2026-03-15 10:39:18,546 - INFO - [pipeline.py:136] - "WheelTransformer","blend=lighter,copies=4"
2026-03-15 10:39:18,563 - INFO - [pipeline.py:248] - [Grade: A] Saved to: /Users/kenfasano/Scripts/ScreenArt/Images/TransformedImages/Roman_Co-A.jpeg
2026-03-15 10:39:18,582 - INFO - [pipeline.py:136] - "ChromaticAberrationTransformer","angle=263.50,edge_fade=1,shift=17.70"
2026-03-15 10:39:18,603 - INFO - [pipeline.py:136] - "DataMoshTransformer","intensity=0.01"
2026-03-15 10:39:18,614 - INFO - [pipeline.py:248] - [Grade: A] Saved to: /Users/kenfasano/Scripts/ScreenArt/Images/TransformedImages/lossy-page1-160-A.jpeg
2026-03-15 10:39:18,896 - INFO - [pipeline.py:136] - "WatercolorTransformer","scale=0.85,style=psychedelic"
2026-03-15 10:39:18,931 - INFO - [pipeline.py:136] - "FisheyeTransformer","shape=circle,strength=0.21,zoom=1.05"
2026-03-15 10:39:18,977 - INFO - [pipeline.py:136] - "ThermalImagingTransformer","thermal=True"
2026-03-15 10:39:18,998 - INFO - [pipeline.py:248] - [Grade: B] Saved to: /Users/kenfasano/Scripts/ScreenArt/Images/TransformedImages/ISS065-E-B.jpeg
2026-03-15 10:39:19,092 - INFO - [pipeline.py:136] - "HalftoneTransformer","size=2"
2026-03-15 10:39:19,147 - INFO - [pipeline.py:136] - "DataMoshTransformer","intensity=0.01"
2026-03-15 10:39:19,173 - INFO - [pipeline.py:248] - [Grade: C] Saved to: /Users/kenfasano/Scripts/ScreenArt/Images/TransformedImages/Tian_xia-C.jpeg
2026-03-15 10:39:19,380 - INFO - [pipeline.py:136] - "FlipWilsonTransformer","keep=top_left,narrow=0.43"
2026-03-15 10:39:19,553 - INFO - [pipeline.py:136] - "OilPaintingTransformer","dyn_ratio=6,size=3"
2026-03-15 10:39:19,587 - INFO - [pipeline.py:248] - [Grade: A] Saved to: /Users/kenfasano/Scripts/ScreenArt/Images/TransformedImages/Beef_spr-A.jpeg
2026-03-15 10:39:19,618 - INFO - [pipeline.py:136] - "RadialWarpTransformer","radius=0.25,strength=118.82163846990971,103.63197350028858,134.34922692546434,style=pull,pull,push"
2026-03-15 10:39:19,716 - INFO - [pipeline.py:136] - "FlipWilsonTransformer","keep=top_left,narrow=0.43"
2026-03-15 10:39:19,734 - INFO - [pipeline.py:248] - [Grade: A] Saved to: /Users/kenfasano/Scripts/ScreenArt/Images/TransformedImages/lojong_2-A-tile.jpeg
2026-03-15 10:39:19,779 - INFO - [pipeline.py:136] - "FractalWarpTransformer","iter=1,scale=0.05"
2026-03-15 10:39:19,807 - INFO - [pipeline.py:136] - "GlitchWarpTransformer","intensity=0.01"
2026-03-15 10:39:19,826 - INFO - [pipeline.py:248] - [Grade: A] Saved to: /Users/kenfasano/Scripts/ScreenArt/Images/TransformedImages/lojong_3-A-columns.jpeg
2026-03-15 10:39:19,937 - INFO - [pipeline.py:136] - "FlipWilsonTransformer","keep=top_left,narrow=0.43"
2026-03-15 10:39:19,977 - INFO - [pipeline.py:136] - "ThermalImagingTransformer","thermal=True"
2026-03-15 10:39:20,016 - INFO - [pipeline.py:136] - "SwirlWarpTransformer","strength=1.50"
2026-03-15 10:39:20,236 - INFO - [pipeline.py:136] - "WatercolorTransformer","scale=0.85,style=monet"
2026-03-15 10:39:20,255 - INFO - [pipeline.py:248] - [Grade: A] Saved to: /Users/kenfasano/Scripts/ScreenArt/Images/TransformedImages/lojong_8-A-columns.jpeg
2026-03-15 10:39:20,292 - INFO - [pipeline.py:136] - "FluidWarpTransformer","alpha=14.17,sigma=1.80"
2026-03-15 10:39:20,330 - INFO - [pipeline.py:136] - "ThermalImagingTransformer","thermal=True"
2026-03-15 10:39:20,349 - INFO - [pipeline.py:248] - [Grade: A] Saved to: /Users/kenfasano/Scripts/ScreenArt/Images/TransformedImages/lojong_4-A-scatter.jpeg
2026-03-15 10:39:20,378 - INFO - [pipeline.py:136] - "RadialWarpTransformer","radius=0.25,strength=115.24977885154622,51.5727856685842,style=push,pull"
2026-03-15 10:39:20,396 - INFO - [pipeline.py:248] - [Grade: A] Saved to: /Users/kenfasano/Scripts/ScreenArt/Images/TransformedImages/lojong_5-A-tile.jpeg
2026-03-15 10:39:20,441 - INFO - [pipeline.py:136] - "WheelTransformer","blend=lighter,copies=4"
2026-03-15 10:39:20,494 - INFO - [pipeline.py:136] - "MeltMorphTransformer","intensity=0.50"
2026-03-15 10:39:20,531 - INFO - [pipeline.py:136] - "FractalWarpTransformer","iter=1,scale=0.05"
2026-03-15 10:39:20,551 - INFO - [pipeline.py:248] - [Grade: A] Saved to: /Users/kenfasano/Scripts/ScreenArt/Images/TransformedImages/lojong_9-A-scatter.jpeg
2026-03-15 10:39:20,606 - INFO - [pipeline.py:136] - "HalftoneTransformer","size=2"
2026-03-15 10:39:20,622 - INFO - [pipeline.py:248] - [Grade: C] Saved to: /Users/kenfasano/Scripts/ScreenArt/Images/TransformedImages/lojong_6-C-tile.jpeg
2026-03-15 10:39:20,663 - INFO - [pipeline.py:136] - "FractalWarpTransformer","iter=1,scale=0.05"
2026-03-15 10:39:20,936 - INFO - [pipeline.py:136] - "VoronoiTransformer","edge_blend=1,num_points=212"
2026-03-15 10:39:20,954 - INFO - [pipeline.py:248] - [Grade: C] Saved to: /Users/kenfasano/Scripts/ScreenArt/Images/TransformedImages/lojong_7-C-tile.jpeg
2026-03-15 10:39:20,998 - INFO - [pipeline.py:136] - "WheelTransformer","blend=lighter,copies=4"
2026-03-15 10:39:21,015 - INFO - [pipeline.py:248] - [Grade: A] Saved to: /Users/kenfasano/Scripts/ScreenArt/Images/TransformedImages/lojong_0-A-scatter.jpeg
2026-03-15 10:39:21,074 - INFO - [pipeline.py:136] - "MeltMorphTransformer","intensity=0.50"
2026-03-15 10:39:21,109 - INFO - [pipeline.py:136] - "FractalWarpTransformer","iter=1,scale=0.05"
2026-03-15 10:39:21,205 - INFO - [pipeline.py:136] - "PixelSortTransformer","direction=cols,high=0.58,low=0.09,sort_key=red"
2026-03-15 10:39:21,233 - INFO - [pipeline.py:136] - "GlitchWarpTransformer","intensity=0.01"
2026-03-15 10:39:21,250 - INFO - [pipeline.py:248] - [Grade: C] Saved to: /Users/kenfasano/Scripts/ScreenArt/Images/TransformedImages/lojong_1-C-tile.jpeg
2026-03-15 10:39:21,295 - INFO - [pipeline.py:136] - "SwirlWarpTransformer","strength=1.50"
2026-03-15 10:39:21,331 - INFO - [pipeline.py:136] - "ThermalImagingTransformer","thermal=True"
2026-03-15 10:39:21,350 - INFO - [pipeline.py:248] - [Grade: A] Saved to: /Users/kenfasano/Scripts/ScreenArt/Images/TransformedImages/psalms_76-A-scatter.jpeg
2026-03-15 10:39:21,400 - INFO - [pipeline.py:136] - "ThermalImagingTransformer","thermal=True"
2026-03-15 10:39:21,617 - INFO - [pipeline.py:136] - "WatercolorTransformer","scale=0.85,style=monet"
2026-03-15 10:39:21,636 - INFO - [pipeline.py:248] - [Grade: A] Saved to: /Users/kenfasano/Scripts/ScreenArt/Images/TransformedImages/psalms_36-A-scatter.jpeg
2026-03-15 10:39:21,683 - INFO - [pipeline.py:136] - "DataMoshTransformer","intensity=0.02"
2026-03-15 10:39:21,708 - INFO - [pipeline.py:136] - "ChromaticAberrationTransformer","angle=205.40,edge_fade=1,shift=6.80"
2026-03-15 10:39:21,728 - INFO - [pipeline.py:248] - [Grade: A] Saved to: /Users/kenfasano/Scripts/ScreenArt/Images/TransformedImages/psalms_11-A-scatter.jpeg
2026-03-15 10:39:21,772 - INFO - [pipeline.py:136] - "DataMoshTransformer","intensity=0.02"
2026-03-15 10:39:21,806 - INFO - [pipeline.py:136] - "FractalWarpTransformer","iter=1,scale=0.05"
2026-03-15 10:39:21,825 - INFO - [pipeline.py:248] - [Grade: A] Saved to: /Users/kenfasano/Scripts/ScreenArt/Images/TransformedImages/psalms_46-A-hero.jpeg
2026-03-15 10:39:21,868 - INFO - [pipeline.py:136] - "WheelTransformer","blend=lighter,copies=4"
2026-03-15 10:39:21,904 - INFO - [pipeline.py:136] - "ThermalImagingTransformer","thermal=True"
2026-03-15 10:39:21,932 - INFO - [pipeline.py:136] - "GlitchWarpTransformer","intensity=0.01"
2026-03-15 10:39:21,945 - INFO - [pipeline.py:136] - "PosterizationTransformer","levels=4"
2026-03-15 10:39:21,963 - INFO - [pipeline.py:248] - [Grade: C] Saved to: /Users/kenfasano/Scripts/ScreenArt/Images/TransformedImages/psalms_67-C-scatter.jpeg
2026-03-15 10:39:22,011 - INFO - [pipeline.py:136] - "WheelTransformer","blend=lighter,copies=4"
2026-03-15 10:39:22,023 - INFO - [pipeline.py:136] - "PosterizationTransformer","levels=4"
2026-03-15 10:39:22,071 - INFO - [pipeline.py:136] - "HalftoneTransformer","size=2"
2026-03-15 10:39:22,088 - INFO - [pipeline.py:248] - [Grade: A] Saved to: /Users/kenfasano/Scripts/ScreenArt/Images/TransformedImages/psalms_87-A-columns.jpeg
2026-03-15 10:39:22,499 - INFO - [pipeline.py:136] - "VoronoiTransformer","edge_blend=1,num_points=315"
2026-03-15 10:39:22,525 - INFO - [pipeline.py:136] - "ChromaticAberrationTransformer","angle=264.90,edge_fade=1,shift=4.20"
2026-03-15 10:39:22,543 - INFO - [pipeline.py:248] - [Grade: C] Saved to: /Users/kenfasano/Scripts/ScreenArt/Images/TransformedImages/psalms_32-C-columns.jpeg
2026-03-15 10:39:22,589 - INFO - [pipeline.py:136] - "WheelTransformer","blend=lighter,copies=4"
2026-03-15 10:39:22,607 - INFO - [pipeline.py:248] - [Grade: A] Saved to: /Users/kenfasano/Scripts/ScreenArt/Images/TransformedImages/psalms_15-A-hero.jpeg
2026-03-15 10:39:22,649 - INFO - [pipeline.py:136] - "ThermalImagingTransformer","thermal=True"
2026-03-15 10:39:22,666 - INFO - [pipeline.py:248] - [Grade: C] Saved to: /Users/kenfasano/Scripts/ScreenArt/Images/TransformedImages/psalms_125-C-scatter.jpeg
2026-03-15 10:39:22,707 - INFO - [pipeline.py:136] - "FractalWarpTransformer","iter=1,scale=0.05"
2026-03-15 10:39:22,808 - INFO - [pipeline.py:136] - "FlipWilsonTransformer","keep=top_left,narrow=0.43"
2026-03-15 10:39:22,840 - INFO - [pipeline.py:136] - "FluidWarpTransformer","alpha=19.95,sigma=2.38"
2026-03-15 10:39:22,859 - INFO - [pipeline.py:248] - [Grade: A] Saved to: /Users/kenfasano/Scripts/ScreenArt/Images/TransformedImages/psalms_108-A-scatter.jpeg
2026-03-15 10:39:22,874 - INFO - [pipeline.py:136] - "WheelTransformer","blend=lighter,copies=4"
2026-03-15 10:39:22,906 - INFO - [pipeline.py:136] - "FlipWilsonTransformer","keep=top_left,narrow=0.43"
2026-03-15 10:39:22,912 - INFO - [pipeline.py:248] - [Grade: A] Saved to: /Users/kenfasano/Scripts/ScreenArt/Images/TransformedImages/peripheral_drift_2-A.jpeg
2026-03-15 10:39:22,922 - INFO - [pipeline.py:136] - "FisheyeTransformer","shape=circle,strength=0.61,zoom=1.12"
2026-03-15 10:39:22,954 - INFO - [pipeline.py:136] - "FlipWilsonTransformer","keep=top_left,narrow=0.43"
2026-03-15 10:39:22,961 - INFO - [pipeline.py:248] - [Grade: A] Saved to: /Users/kenfasano/Scripts/ScreenArt/Images/TransformedImages/peripheral_drift_3-A.jpeg
2026-03-15 10:39:22,976 - INFO - [pipeline.py:136] - "ThermalImagingTransformer","thermal=True"
2026-03-15 10:39:23,008 - INFO - [pipeline.py:136] - "FlipWilsonTransformer","keep=top_left,narrow=0.43"
2026-03-15 10:39:23,063 - INFO - [pipeline.py:136] - "VoronoiTransformer","edge_blend=1,num_points=117"
2026-03-15 10:39:23,074 - INFO - [pipeline.py:136] - "DataMoshTransformer","intensity=0.01"
2026-03-15 10:39:23,081 - INFO - [pipeline.py:248] - [Grade: A] Saved to: /Users/kenfasano/Scripts/ScreenArt/Images/TransformedImages/peripheral_drift_1-A.jpeg
2026-03-15 10:39:23,081 - INFO - [main.py:188] - VoronoiTransformer
2026-03-15 10:39:23,081 - INFO - [main.py:188] - WatercolorTransformer
2026-03-15 10:39:23,081 - INFO - [main.py:188] - OilPaintingTransformer
2026-03-15 10:39:23,081 - INFO - [main.py:188] - FlipWilsonTransformer
2026-03-15 10:39:23,081 - INFO - [main.py:188] - PixelSortTransformer
2026-03-15 10:39:23,081 - INFO - [main.py:188] - HalftoneTransformer
2026-03-15 10:39:23,081 - INFO - [main.py:188] - MeltMorphTransformer
2026-03-15 10:39:23,081 - INFO - [main.py:188] - KaleidoscopeTransformer
2026-03-15 10:39:23,081 - INFO - [main.py:188] - SwirlWarpTransformer
2026-03-15 10:39:23,081 - INFO - [main.py:188] - ThermalImagingTransformer
2026-03-15 10:39:23,081 - INFO - [main.py:188] - FractalWarpTransformer
2026-03-15 10:39:23,081 - INFO - [main.py:188] - WheelTransformer
2026-03-15 10:39:23,081 - INFO - [main.py:188] - DataMoshTransformer
2026-03-15 10:39:23,081 - INFO - [main.py:188] - FluidWarpTransformer
2026-03-15 10:39:23,081 - INFO - [main.py:188] - GlitchWarpTransformer
2026-03-15 10:39:23,081 - INFO - [main.py:188] - FisheyeTransformer
2026-03-15 10:39:23,081 - INFO - [main.py:188] - ChromaticAberrationTransformer
2026-03-15 10:39:23,081 - INFO - [main.py:188] - RadialWarpTransformer
2026-03-15 10:39:23,081 - INFO - [main.py:188] - ColormapTransformer
2026-03-15 10:39:23,081 - INFO - [main.py:188] - PosterizationTransformer
2026-03-15 10:39:23,081 - INFO - [main.py:231] - 20s@10:39 ✓
Accepted: 56
Rejected: 1
---
Bible                      ->  3809ms
Wiki                       ->  2459ms
Lojong                     ->  1949ms
Nasa                       ->  1678ms
GoesGenerator              ->   941ms
Bubbles                    ->   438ms
Cubes                      ->   196ms
PeripheralDriftIllusion    ->    44ms
NasaMapGenerator           ->    36ms
---
VoronoiTransformer               -> Min:    55ms | Avg:   285ms | Max:   399ms
WatercolorTransformer            -> Min:   115ms | Avg:   188ms | Max:   271ms
OilPaintingTransformer           -> Min:    55ms | Avg:   114ms | Max:   173ms
FlipWilsonTransformer            -> Min:    31ms | Avg:    93ms | Max:   190ms
PixelSortTransformer             -> Min:     8ms | Avg:    86ms | Max:   217ms
HalftoneTransformer              -> Min:    47ms | Avg:    57ms | Max:    81ms
MeltMorphTransformer             -> Min:    14ms | Avg:    49ms | Max:    68ms
KaleidoscopeTransformer          -> Min:    26ms | Avg:    45ms | Max:    58ms
SwirlWarpTransformer             -> Min:    38ms | Avg:    40ms | Max:    43ms
ThermalImagingTransformer        -> Min:    12ms | Avg:    35ms | Max:    46ms
FractalWarpTransformer           -> Min:    18ms | Avg:    33ms | Max:    41ms
WheelTransformer                 -> Min:     5ms | Avg:    33ms | Max:    43ms
DataMoshTransformer              -> Min:     5ms | Avg:    32ms | Max:    55ms
FluidWarpTransformer             -> Min:    18ms | Avg:    29ms | Max:    38ms
GlitchWarpTransformer            -> Min:    11ms | Avg:    27ms | Max:    38ms
FisheyeTransformer               -> Min:     7ms | Avg:    19ms | Max:    34ms
ChromaticAberrationTransformer   -> Min:     3ms | Avg:    19ms | Max:    33ms
RadialWarpTransformer            -> Min:    12ms | Avg:    18ms | Max:    23ms
ColormapTransformer              -> Min:    10ms | Avg:    14ms | Max:    18ms
PosterizationTransformer         -> Min:     2ms | Avg:    10ms | Max:    18ms
