2026-03-13 20:28:49,017 - INFO - [pipeline.py:136] - "MeltMorphTransformer","intensity=0.50"
2026-03-13 20:28:49,058 - INFO - [pipeline.py:136] - "ThermalImagingTransformer","thermal=True"
2026-03-13 20:28:49,100 - INFO - [pipeline.py:136] - "SwirlWarpTransformer","strength=1.50"
2026-03-13 20:28:49,213 - INFO - [pipeline.py:136] - "FlipWilsonTransformer","keep=top_left,narrow=0.35"
2026-03-13 20:28:49,231 - INFO - [pipeline.py:229] - [Grade: A] Saved to: /Users/kenfasano/Scripts/ScreenArt/Images/TransformedImages/bubbles_4-A.jpeg
2026-03-13 20:28:49,277 - INFO - [pipeline.py:136] - "DataMoshTransformer","intensity=0.01"
2026-03-13 20:28:49,311 - INFO - [pipeline.py:136] - "FractalWarpTransformer","iter=1,scale=0.05"
2026-03-13 20:28:49,324 - INFO - [pipeline.py:136] - "ColormapTransformer","map=pink"
2026-03-13 20:28:49,353 - INFO - [pipeline.py:136] - "FisheyeTransformer","shape=oval,strength=0.76,zoom=0.91"
2026-03-13 20:28:49,371 - INFO - [pipeline.py:229] - [Grade: C] Saved to: /Users/kenfasano/Scripts/ScreenArt/Images/TransformedImages/bubbles_8-C.jpeg
2026-03-13 20:28:49,566 - INFO - [pipeline.py:136] - "WheelTransformer","blend=add,copies=5"
2026-03-13 20:28:49,669 - INFO - [pipeline.py:136] - "FlipWilsonTransformer","keep=top_left,narrow=0.35"
2026-03-13 20:28:49,682 - INFO - [pipeline.py:136] - "PosterizationTransformer","levels=4"
2026-03-13 20:28:49,720 - INFO - [pipeline.py:136] - "SwirlWarpTransformer","strength=1.50"
2026-03-13 20:28:49,739 - INFO - [pipeline.py:229] - [Grade: A] Saved to: /Users/kenfasano/Scripts/ScreenArt/Images/TransformedImages/bubbles_9-A.jpeg
2026-03-13 20:28:49,848 - INFO - [pipeline.py:136] - "FlipWilsonTransformer","keep=top_left,narrow=0.35"
2026-03-13 20:28:49,865 - INFO - [pipeline.py:229] - [Grade: C] Saved to: /Users/kenfasano/Scripts/ScreenArt/Images/TransformedImages/bubbles_5-C.jpeg
2026-03-13 20:28:49,921 - INFO - [pipeline.py:136] - "HalftoneTransformer","size=2"
2026-03-13 20:28:49,958 - INFO - [pipeline.py:136] - "FractalWarpTransformer","iter=1,scale=0.05"
2026-03-13 20:28:49,974 - INFO - [pipeline.py:229] - [Grade: C] Saved to: /Users/kenfasano/Scripts/ScreenArt/Images/TransformedImages/bubbles_2-C.jpeg
2026-03-13 20:28:49,996 - INFO - [pipeline.py:136] - "PosterizationTransformer","levels=4"
2026-03-13 20:28:50,048 - INFO - [pipeline.py:136] - "XrayTransformer","colors=64"
2026-03-13 20:28:50,077 - INFO - [pipeline.py:136] - "GlitchWarpTransformer","intensity=0.01"
2026-03-13 20:28:50,098 - INFO - [pipeline.py:136] - "RadialWarpTransformer","radius=0.25,strength=72.12539370771238,136.14276034496527,style=pull,push"
2026-03-13 20:28:50,114 - INFO - [pipeline.py:229] - [Grade: F] Saved to: /Users/kenfasano/Scripts/ScreenArt/Images/Rejected/bubbles_3-F.jpeg
2026-03-13 20:28:50,311 - INFO - [pipeline.py:136] - "WheelTransformer","blend=add,copies=5"
2026-03-13 20:28:50,364 - INFO - [pipeline.py:136] - "MeltMorphTransformer","intensity=0.50"
2026-03-13 20:28:50,399 - INFO - [pipeline.py:136] - "FractalWarpTransformer","iter=1,scale=0.05"
2026-03-13 20:28:50,416 - INFO - [pipeline.py:229] - [Grade: A] Saved to: /Users/kenfasano/Scripts/ScreenArt/Images/TransformedImages/bubbles_10-A.jpeg
2026-03-13 20:28:50,478 - INFO - [pipeline.py:136] - "MeltMorphTransformer","intensity=0.50"
2026-03-13 20:28:50,494 - INFO - [pipeline.py:229] - [Grade: C] Saved to: /Users/kenfasano/Scripts/ScreenArt/Images/TransformedImages/bubbles_1-C.jpeg
2026-03-13 20:28:50,541 - INFO - [pipeline.py:136] - "DataMoshTransformer","intensity=0.01"
2026-03-13 20:28:50,557 - INFO - [pipeline.py:229] - [Grade: A] Saved to: /Users/kenfasano/Scripts/ScreenArt/Images/TransformedImages/bubbles_6-A.jpeg
2026-03-13 20:28:50,611 - INFO - [pipeline.py:136] - "FluidWarpTransformer","alpha=5.98,sigma=6.19"
2026-03-13 20:28:50,624 - INFO - [pipeline.py:136] - "ColormapTransformer","map=summer"
2026-03-13 20:28:50,643 - INFO - [pipeline.py:229] - [Grade: B] Saved to: /Users/kenfasano/Scripts/ScreenArt/Images/TransformedImages/bubbles_7-B.jpeg
2026-03-13 20:28:50,669 - INFO - [pipeline.py:136] - "RadialWarpTransformer","radius=0.25,strength=95.84387028622254,105.05021638889673,style=pull,pull"
2026-03-13 20:28:50,718 - INFO - [pipeline.py:136] - "HalftoneTransformer","size=2"
2026-03-13 20:28:50,734 - INFO - [pipeline.py:229] - [Grade: A] Saved to: /Users/kenfasano/Scripts/ScreenArt/Images/TransformedImages/cubes_2-A.jpeg
2026-03-13 20:28:50,853 - INFO - [pipeline.py:136] - "FlipWilsonTransformer","keep=top_left,narrow=0.35"
2026-03-13 20:28:50,869 - INFO - [pipeline.py:229] - [Grade: A] Saved to: /Users/kenfasano/Scripts/ScreenArt/Images/TransformedImages/cubes_3-A.jpeg
2026-03-13 20:28:50,933 - INFO - [pipeline.py:136] - "XrayTransformer","colors=64"
2026-03-13 20:28:50,972 - INFO - [pipeline.py:136] - "SwirlWarpTransformer","strength=1.50"
2026-03-13 20:28:51,000 - INFO - [pipeline.py:136] - "GlitchWarpTransformer","intensity=0.01"
2026-03-13 20:28:51,036 - INFO - [pipeline.py:136] - "ThermalImagingTransformer","thermal=True"
2026-03-13 20:28:51,054 - INFO - [pipeline.py:229] - [Grade: C] Saved to: /Users/kenfasano/Scripts/ScreenArt/Images/TransformedImages/cubes_4-C.jpeg
2026-03-13 20:28:51,090 - INFO - [pipeline.py:136] - "GlitchWarpTransformer","intensity=0.01"
2026-03-13 20:28:51,129 - INFO - [pipeline.py:136] - "SwirlWarpTransformer","strength=1.50"
2026-03-13 20:28:51,143 - INFO - [pipeline.py:136] - "PosterizationTransformer","levels=4"
2026-03-13 20:28:51,159 - INFO - [pipeline.py:229] - [Grade: A] Saved to: /Users/kenfasano/Scripts/ScreenArt/Images/TransformedImages/cubes_5-A.jpeg
2026-03-13 20:28:51,215 - INFO - [pipeline.py:136] - "HalftoneTransformer","size=2"
2026-03-13 20:28:51,243 - INFO - [pipeline.py:136] - "GlitchWarpTransformer","intensity=0.01"
2026-03-13 20:28:51,259 - INFO - [pipeline.py:229] - [Grade: A] Saved to: /Users/kenfasano/Scripts/ScreenArt/Images/TransformedImages/cubes_6-A.jpeg
2026-03-13 20:28:51,298 - INFO - [pipeline.py:136] - "FluidWarpTransformer","alpha=17.88,sigma=1.07"
2026-03-13 20:28:51,316 - INFO - [pipeline.py:229] - [Grade: A] Saved to: /Users/kenfasano/Scripts/ScreenArt/Images/TransformedImages/cubes_1-A.jpeg
2026-03-13 20:28:51,336 - INFO - [pipeline.py:136] - "DataMoshTransformer","intensity=0.01"
2026-03-13 20:28:51,352 - INFO - [pipeline.py:136] - "SwirlWarpTransformer","strength=1.50"
2026-03-13 20:28:51,394 - INFO - [pipeline.py:136] - "FlipWilsonTransformer","keep=top_left,narrow=0.35"
2026-03-13 20:28:51,408 - INFO - [pipeline.py:136] - "FractalWarpTransformer","iter=1,scale=0.05"
2026-03-13 20:28:51,415 - INFO - [pipeline.py:229] - [Grade: A] Saved to: /Users/kenfasano/Scripts/ScreenArt/Images/TransformedImages/saturnauroras_hubble_960-A.jpg
2026-03-13 20:28:51,429 - INFO - [pipeline.py:136] - "GlitchWarpTransformer","intensity=0.01"
2026-03-13 20:28:51,434 - INFO - [pipeline.py:136] - "PosterizationTransformer","levels=4"
2026-03-13 20:28:51,447 - INFO - [pipeline.py:136] - "FractalWarpTransformer","iter=1,scale=0.05"
2026-03-13 20:28:51,453 - INFO - [pipeline.py:229] - [Grade: A] Saved to: /Users/kenfasano/Scripts/ScreenArt/Images/TransformedImages/M81GroupIFNwide_Lopez_960-A.jpg
2026-03-13 20:28:51,461 - INFO - [pipeline.py:136] - "ColormapTransformer","map=spring"
2026-03-13 20:28:51,472 - INFO - [pipeline.py:136] - "DataMoshTransformer","intensity=0.01"
2026-03-13 20:28:51,478 - INFO - [pipeline.py:229] - [Grade: B] Saved to: /Users/kenfasano/Scripts/ScreenArt/Images/TransformedImages/GeminidMeteors4hart_900px-B.jpg
2026-03-13 20:28:51,493 - INFO - [pipeline.py:136] - "PosterizationTransformer","levels=4"
2026-03-13 20:28:51,512 - INFO - [pipeline.py:229] - [Grade: A] Saved to: /Users/kenfasano/Scripts/ScreenArt/Images/TransformedImages/Regulus_Dwarf_by_Markus_Horn1024-A.png
2026-03-13 20:28:51,530 - INFO - [pipeline.py:136] - "DataMoshTransformer","intensity=0.01"
2026-03-13 20:28:51,537 - INFO - [pipeline.py:229] - [Grade: A] Saved to: /Users/kenfasano/Scripts/ScreenArt/Images/TransformedImages/Luna_20161206h17.40LT_Lunar-X_insetcrop-A.jpg
2026-03-13 20:28:51,560 - INFO - [pipeline.py:136] - "MeltMorphTransformer","intensity=0.50"
2026-03-13 20:28:51,575 - INFO - [pipeline.py:136] - "HalftoneTransformer","size=2"
2026-03-13 20:28:51,590 - INFO - [pipeline.py:136] - "XrayTransformer","colors=64"
2026-03-13 20:28:51,596 - INFO - [pipeline.py:229] - [Grade: F] Saved to: /Users/kenfasano/Scripts/ScreenArt/Images/Rejected/NGC247_70mosSchedler1024-F.jpg
2026-03-13 20:28:51,610 - INFO - [pipeline.py:136] - "GlitchWarpTransformer","intensity=0.01"
2026-03-13 20:28:51,624 - INFO - [pipeline.py:136] - "SwirlWarpTransformer","strength=1.50"
2026-03-13 20:28:51,690 - INFO - [pipeline.py:136] - "WheelTransformer","blend=add,copies=5"
2026-03-13 20:28:51,702 - INFO - [pipeline.py:136] - "FluidWarpTransformer","alpha=18.68,sigma=1.90"
2026-03-13 20:28:51,709 - INFO - [pipeline.py:229] - [Grade: A] Saved to: /Users/kenfasano/Scripts/ScreenArt/Images/TransformedImages/Helix_BiColour_Finalpugh1022c-A.jpg
2026-03-13 20:28:51,742 - INFO - [pipeline.py:136] - "GlitchWarpTransformer","intensity=0.01"
2026-03-13 20:28:51,761 - INFO - [pipeline.py:136] - "SwirlWarpTransformer","strength=1.50"
2026-03-13 20:28:51,771 - INFO - [pipeline.py:229] - [Grade: A] Saved to: /Users/kenfasano/Scripts/ScreenArt/Images/TransformedImages/TheLargeMagellanicCloud1024-A.jpg
2026-03-13 20:28:51,817 - INFO - [pipeline.py:136] - "XrayTransformer","colors=64"
2026-03-13 20:28:51,821 - INFO - [pipeline.py:229] - [Grade: C] Saved to: /Users/kenfasano/Scripts/ScreenArt/Images/TransformedImages/sunprominence_304erupt_crop800-C.jpg
2026-03-13 20:28:51,854 - INFO - [pipeline.py:136] - "WatercolorTransformer","scale=0.85,style=psychedelic"
2026-03-13 20:28:51,856 - INFO - [pipeline.py:136] - "ColormapTransformer","map=hsv"
2026-03-13 20:28:51,862 - INFO - [pipeline.py:136] - "SwirlWarpTransformer","strength=1.50"
2026-03-13 20:28:51,864 - INFO - [pipeline.py:229] - [Grade: A] Saved to: /Users/kenfasano/Scripts/ScreenArt/Images/TransformedImages/minuteman3_young-A.jpg
2026-03-13 20:28:51,920 - INFO - [pipeline.py:136] - "WatercolorTransformer","scale=0.85,style=monet"
2026-03-13 20:28:51,932 - INFO - [pipeline.py:136] - "FluidWarpTransformer","alpha=13.88,sigma=6.87"
2026-03-13 20:28:51,935 - INFO - [pipeline.py:136] - "ColormapTransformer","map=autumn"
2026-03-13 20:28:51,943 - INFO - [pipeline.py:136] - "ThreeDExtrusionTransformer","ambient=0.49,intensity=0.50"
2026-03-13 20:28:51,947 - INFO - [pipeline.py:229] - [Grade: C] Saved to: /Users/kenfasano/Scripts/ScreenArt/Images/TransformedImages/aurorafallscomet_vetter_960-C.jpg
2026-03-13 20:28:52,145 - INFO - [pipeline.py:136] - "WheelTransformer","blend=add,copies=5"
2026-03-13 20:28:52,158 - INFO - [pipeline.py:136] - "ColormapTransformer","map=spring"
2026-03-13 20:28:52,173 - INFO - [pipeline.py:229] - [Grade: F] Saved to: /Users/kenfasano/Scripts/ScreenArt/Images/Rejected/nasa_earth_1_Mexico_City_True_Color-F.jpeg
2026-03-13 20:28:52,253 - INFO - [pipeline.py:136] - "FlipWilsonTransformer","keep=top_left,narrow=0.35"
2026-03-13 20:28:52,273 - INFO - [pipeline.py:136] - "FisheyeTransformer","shape=oval,strength=0.56,zoom=0.88"
2026-03-13 20:28:52,294 - INFO - [pipeline.py:136] - "ThreeDExtrusionTransformer","ambient=0.59,intensity=0.50"
2026-03-13 20:28:52,327 - INFO - [pipeline.py:136] - "HalftoneTransformer","size=2"
2026-03-13 20:28:52,340 - INFO - [pipeline.py:229] - [Grade: C] Saved to: /Users/kenfasano/Scripts/ScreenArt/Images/TransformedImages/noaa_goes_1_se_Dust-C.jpeg
2026-03-13 20:28:52,457 - INFO - [pipeline.py:136] - "AnamorphicTransformer","intensity=0.0,0.2,0.4,0.6,0.8,thresh=80"
2026-03-13 20:28:52,511 - INFO - [pipeline.py:136] - "DataMoshTransformer","intensity=0.02"
2026-03-13 20:28:52,646 - INFO - [pipeline.py:136] - "FlipWilsonTransformer","keep=top_left,narrow=0.35"
2026-03-13 20:28:52,685 - INFO - [pipeline.py:136] - "FisheyeTransformer","shape=oval,strength=0.78,zoom=1.06"
2026-03-13 20:28:52,705 - INFO - [pipeline.py:229] - [Grade: F] Saved to: /Users/kenfasano/Scripts/ScreenArt/Images/Rejected/Parklink-F.jpeg
2026-03-13 20:28:52,745 - INFO - [pipeline.py:136] - "RadialWarpTransformer","radius=0.25,strength=52.88361525659289,132.57199403172308,style=push,push"
2026-03-13 20:28:52,769 - INFO - [pipeline.py:229] - [Grade: A] Saved to: /Users/kenfasano/Scripts/ScreenArt/Images/TransformedImages/Grattugi-A.jpeg
2026-03-13 20:28:52,968 - INFO - [pipeline.py:136] - "WheelTransformer","blend=add,copies=5"
2026-03-13 20:28:53,004 - INFO - [pipeline.py:136] - "ThreeDExtrusionTransformer","ambient=0.55,intensity=0.50"
2026-03-13 20:28:53,117 - INFO - [pipeline.py:136] - "FractalWarpTransformer","iter=1,scale=0.05"
2026-03-13 20:28:53,161 - INFO - [pipeline.py:136] - "FluidWarpTransformer","alpha=18.53,sigma=1.52"
2026-03-13 20:28:53,179 - INFO - [pipeline.py:229] - [Grade: A] Saved to: /Users/kenfasano/Scripts/ScreenArt/Images/TransformedImages/Menger_--A.jpeg
2026-03-13 20:28:53,242 - INFO - [pipeline.py:136] - "GlitchWarpTransformer","intensity=0.01"
2026-03-13 20:28:53,272 - INFO - [pipeline.py:229] - [Grade: A] Saved to: /Users/kenfasano/Scripts/ScreenArt/Images/TransformedImages/page1-1600px-CA-A.jpeg
2026-03-13 20:28:53,320 - INFO - [pipeline.py:136] - "FisheyeTransformer","shape=circle,strength=0.64,zoom=0.99"
2026-03-13 20:28:53,458 - INFO - [pipeline.py:136] - "FlipWilsonTransformer","keep=top_left,narrow=0.35"
2026-03-13 20:28:53,528 - INFO - [pipeline.py:136] - "HalftoneTransformer","size=2"
2026-03-13 20:28:53,552 - INFO - [pipeline.py:229] - [Grade: A] Saved to: /Users/kenfasano/Scripts/ScreenArt/Images/TransformedImages/Návštěva-A.jpeg
2026-03-13 20:28:53,564 - INFO - [pipeline.py:136] - "FluidWarpTransformer","alpha=9.38,sigma=1.16"
2026-03-13 20:28:53,595 - INFO - [pipeline.py:136] - "FlipWilsonTransformer","keep=top_left,narrow=0.35"
2026-03-13 20:28:53,600 - INFO - [pipeline.py:136] - "ColormapTransformer","map=pink"
2026-03-13 20:28:53,606 - INFO - [pipeline.py:229] - [Grade: B] Saved to: /Users/kenfasano/Scripts/ScreenArt/Images/TransformedImages/960px-Public_fo-B.jpeg
2026-03-13 20:28:53,647 - INFO - [pipeline.py:136] - "GlitchWarpTransformer","intensity=0.01"
2026-03-13 20:28:53,684 - INFO - [pipeline.py:136] - "SwirlWarpTransformer","strength=1.50"
2026-03-13 20:28:53,723 - INFO - [pipeline.py:136] - "ThermalImagingTransformer","thermal=True"
2026-03-13 20:28:53,744 - INFO - [pipeline.py:229] - [Grade: B] Saved to: /Users/kenfasano/Scripts/ScreenArt/Images/TransformedImages/lojong_2-B-columns.jpeg
2026-03-13 20:28:53,940 - INFO - [pipeline.py:136] - "WheelTransformer","blend=add,copies=5"
2026-03-13 20:28:53,958 - INFO - [pipeline.py:229] - [Grade: A] Saved to: /Users/kenfasano/Scripts/ScreenArt/Images/TransformedImages/lojong_3-A-hero.jpeg
2026-03-13 20:28:53,993 - INFO - [pipeline.py:136] - "GlitchWarpTransformer","intensity=0.01"
2026-03-13 20:28:54,010 - INFO - [pipeline.py:229] - [Grade: A] Saved to: /Users/kenfasano/Scripts/ScreenArt/Images/TransformedImages/lojong_8-A-columns.jpeg
2026-03-13 20:28:54,057 - INFO - [pipeline.py:136] - "SwirlWarpTransformer","strength=1.50"
2026-03-13 20:28:54,106 - INFO - [pipeline.py:136] - "HalftoneTransformer","size=2"
2026-03-13 20:28:54,122 - INFO - [pipeline.py:229] - [Grade: C] Saved to: /Users/kenfasano/Scripts/ScreenArt/Images/TransformedImages/lojong_4-C-tile.jpeg
2026-03-13 20:28:54,165 - INFO - [pipeline.py:136] - "FractalWarpTransformer","iter=1,scale=0.05"
2026-03-13 20:28:54,356 - INFO - [pipeline.py:136] - "WheelTransformer","blend=add,copies=5"
2026-03-13 20:28:54,411 - INFO - [pipeline.py:136] - "MeltMorphTransformer","intensity=0.50"
2026-03-13 20:28:54,430 - INFO - [pipeline.py:229] - [Grade: A] Saved to: /Users/kenfasano/Scripts/ScreenArt/Images/TransformedImages/lojong_5-A-scatter.jpeg
2026-03-13 20:28:54,451 - INFO - [pipeline.py:136] - "ColormapTransformer","map=cool"
2026-03-13 20:28:54,486 - INFO - [pipeline.py:136] - "FractalWarpTransformer","iter=1,scale=0.05"
2026-03-13 20:28:54,514 - INFO - [pipeline.py:136] - "GlitchWarpTransformer","intensity=0.01"
2026-03-13 20:28:54,530 - INFO - [pipeline.py:229] - [Grade: A] Saved to: /Users/kenfasano/Scripts/ScreenArt/Images/TransformedImages/lojong_9-A-hero.jpeg
2026-03-13 20:28:54,577 - INFO - [pipeline.py:136] - "SwirlWarpTransformer","strength=1.50"
2026-03-13 20:28:54,763 - INFO - [pipeline.py:136] - "WheelTransformer","blend=add,copies=5"
2026-03-13 20:28:54,776 - INFO - [pipeline.py:136] - "PosterizationTransformer","levels=4"
2026-03-13 20:28:54,795 - INFO - [pipeline.py:229] - [Grade: A] Saved to: /Users/kenfasano/Scripts/ScreenArt/Images/TransformedImages/lojong_6-A-columns.jpeg
2026-03-13 20:28:54,850 - INFO - [pipeline.py:136] - "HalftoneTransformer","size=2"
2026-03-13 20:28:54,864 - INFO - [pipeline.py:136] - "ColormapTransformer","map=jet"
2026-03-13 20:28:54,900 - INFO - [pipeline.py:136] - "ThermalImagingTransformer","thermal=True"
2026-03-13 20:28:54,938 - INFO - [pipeline.py:136] - "DataMoshTransformer","intensity=0.01"
2026-03-13 20:28:54,955 - INFO - [pipeline.py:229] - [Grade: B] Saved to: /Users/kenfasano/Scripts/ScreenArt/Images/TransformedImages/lojong_7-B-scatter.jpeg
2026-03-13 20:28:55,012 - INFO - [pipeline.py:136] - "HalftoneTransformer","size=2"
2026-03-13 20:28:55,239 - INFO - [pipeline.py:136] - "WatercolorTransformer","scale=0.85,style=psychedelic"
2026-03-13 20:28:55,256 - INFO - [pipeline.py:229] - [Grade: F] Saved to: /Users/kenfasano/Scripts/ScreenArt/Images/Rejected/lojong_0-F-scatter.jpeg
2026-03-13 20:28:55,295 - INFO - [pipeline.py:136] - "ThreeDExtrusionTransformer","ambient=0.49,intensity=0.50"
2026-03-13 20:28:55,312 - INFO - [pipeline.py:229] - [Grade: C] Saved to: /Users/kenfasano/Scripts/ScreenArt/Images/TransformedImages/lojong_1-C-scatter.jpeg
2026-03-13 20:28:55,358 - INFO - [pipeline.py:136] - "FluidWarpTransformer","alpha=9.15,sigma=3.61"
2026-03-13 20:28:55,413 - INFO - [pipeline.py:136] - "MeltMorphTransformer","intensity=0.50"
2026-03-13 20:28:55,429 - INFO - [pipeline.py:136] - "RadialWarpTransformer","radius=0.25,strength=138.99980050805348,style=push"
2026-03-13 20:28:55,467 - INFO - [pipeline.py:136] - "DataMoshTransformer","intensity=0.01"
2026-03-13 20:28:55,485 - INFO - [pipeline.py:229] - [Grade: A] Saved to: /Users/kenfasano/Scripts/ScreenArt/Images/TransformedImages/psalms_20-A-scatter.jpeg
2026-03-13 20:28:55,519 - INFO - [pipeline.py:136] - "FisheyeTransformer","shape=circle,strength=0.66,zoom=1.05"
2026-03-13 20:28:55,569 - INFO - [pipeline.py:136] - "HalftoneTransformer","size=2"
2026-03-13 20:28:55,585 - INFO - [pipeline.py:229] - [Grade: C] Saved to: /Users/kenfasano/Scripts/ScreenArt/Images/TransformedImages/psalms_84-C-tile.jpeg
2026-03-13 20:28:55,620 - INFO - [pipeline.py:136] - "FisheyeTransformer","shape=circle,strength=0.36,zoom=1.07"
2026-03-13 20:28:55,637 - INFO - [pipeline.py:229] - [Grade: C] Saved to: /Users/kenfasano/Scripts/ScreenArt/Images/TransformedImages/psalms_71-C-tile.jpeg
2026-03-13 20:28:55,659 - INFO - [pipeline.py:136] - "ColormapTransformer","map=ocean"
2026-03-13 20:28:55,679 - INFO - [pipeline.py:136] - "RadialWarpTransformer","radius=0.25,strength=114.92140602367397,113.43208662552458,style=pull,pull"
2026-03-13 20:28:55,733 - INFO - [pipeline.py:136] - "MeltMorphTransformer","intensity=0.50"
2026-03-13 20:28:55,769 - INFO - [pipeline.py:136] - "FractalWarpTransformer","iter=1,scale=0.05"
2026-03-13 20:28:55,789 - INFO - [pipeline.py:229] - [Grade: A] Saved to: /Users/kenfasano/Scripts/ScreenArt/Images/TransformedImages/psalms_123-A-tile.jpeg
2026-03-13 20:28:55,852 - INFO - [pipeline.py:136] - "MeltMorphTransformer","intensity=0.50"
2026-03-13 20:28:56,042 - INFO - [pipeline.py:136] - "WheelTransformer","blend=add,copies=5"
2026-03-13 20:28:56,057 - INFO - [pipeline.py:136] - "PosterizationTransformer","levels=4"
2026-03-13 20:28:56,075 - INFO - [pipeline.py:136] - "RadialWarpTransformer","radius=0.25,strength=88.52210447777591,style=push"
2026-03-13 20:28:56,093 - INFO - [pipeline.py:229] - [Grade: A] Saved to: /Users/kenfasano/Scripts/ScreenArt/Images/TransformedImages/psalms_139-A-tile.jpeg
2026-03-13 20:28:56,116 - INFO - [pipeline.py:136] - "ColormapTransformer","map=cool"
2026-03-13 20:28:56,135 - INFO - [pipeline.py:229] - [Grade: C] Saved to: /Users/kenfasano/Scripts/ScreenArt/Images/TransformedImages/psalms_81-C-columns.jpeg
2026-03-13 20:28:56,171 - INFO - [pipeline.py:136] - "GlitchWarpTransformer","intensity=0.01"
2026-03-13 20:28:56,189 - INFO - [pipeline.py:229] - [Grade: A] Saved to: /Users/kenfasano/Scripts/ScreenArt/Images/TransformedImages/psalms_54-A-hero.jpeg
2026-03-13 20:28:56,267 - INFO - [pipeline.py:136] - "AnamorphicTransformer","intensity=0.0,0.2,0.4,0.6,0.8,thresh=80"
2026-03-13 20:28:56,460 - INFO - [pipeline.py:136] - "WheelTransformer","blend=add,copies=5"
2026-03-13 20:28:56,484 - INFO - [pipeline.py:136] - "FisheyeTransformer","shape=circle,strength=0.20,zoom=1.02"
2026-03-13 20:28:56,498 - INFO - [pipeline.py:136] - "PosterizationTransformer","levels=4"
2026-03-13 20:28:56,513 - INFO - [pipeline.py:229] - [Grade: F] Saved to: /Users/kenfasano/Scripts/ScreenArt/Images/Rejected/psalms_35-F-scatter.jpeg
2026-03-13 20:28:56,578 - INFO - [pipeline.py:136] - "MeltMorphTransformer","intensity=0.50"
2026-03-13 20:28:56,596 - INFO - [pipeline.py:229] - [Grade: C] Saved to: /Users/kenfasano/Scripts/ScreenArt/Images/TransformedImages/psalms_58-C-tile.jpeg
2026-03-13 20:28:56,643 - INFO - [pipeline.py:136] - "DataMoshTransformer","intensity=0.01"
2026-03-13 20:28:56,660 - INFO - [pipeline.py:229] - [Grade: C] Saved to: /Users/kenfasano/Scripts/ScreenArt/Images/TransformedImages/psalms_38-C-tile.jpeg
2026-03-13 20:28:56,716 - INFO - [pipeline.py:136] - "WheelTransformer","blend=add,copies=5"
2026-03-13 20:28:56,733 - INFO - [pipeline.py:136] - "MeltMorphTransformer","intensity=0.50"
2026-03-13 20:28:56,740 - INFO - [pipeline.py:136] - "FisheyeTransformer","shape=oval,strength=0.68,zoom=1.09"
2026-03-13 20:28:56,748 - INFO - [pipeline.py:136] - "GlitchWarpTransformer","intensity=0.01"
2026-03-13 20:28:56,754 - INFO - [pipeline.py:229] - [Grade: A] Saved to: /Users/kenfasano/Scripts/ScreenArt/Images/TransformedImages/peripheral_drift_2-A.jpeg
2026-03-13 20:28:56,774 - INFO - [pipeline.py:136] - "MeltMorphTransformer","intensity=0.50"
2026-03-13 20:28:56,778 - INFO - [pipeline.py:136] - "PosterizationTransformer","levels=4"
2026-03-13 20:28:56,788 - INFO - [pipeline.py:136] - "FractalWarpTransformer","iter=1,scale=0.05"
2026-03-13 20:28:56,821 - INFO - [pipeline.py:136] - "FlipWilsonTransformer","keep=top_left,narrow=0.35"
2026-03-13 20:28:56,827 - INFO - [pipeline.py:229] - [Grade: A] Saved to: /Users/kenfasano/Scripts/ScreenArt/Images/TransformedImages/peripheral_drift_3-A.jpeg
2026-03-13 20:28:56,834 - INFO - [pipeline.py:136] - "PosterizationTransformer","levels=4"
2026-03-13 20:28:56,846 - INFO - [pipeline.py:136] - "SwirlWarpTransformer","strength=1.50"
2026-03-13 20:28:56,862 - INFO - [pipeline.py:136] - "MeltMorphTransformer","intensity=0.50"
2026-03-13 20:28:56,877 - INFO - [pipeline.py:136] - "HalftoneTransformer","size=2"
2026-03-13 20:28:56,882 - INFO - [pipeline.py:229] - [Grade: A] Saved to: /Users/kenfasano/Scripts/ScreenArt/Images/TransformedImages/peripheral_drift_1-A.jpeg
2026-03-13 20:28:56,882 - INFO - [main.py:196] - WheelTransformer
2026-03-13 20:28:56,882 - INFO - [main.py:196] - WatercolorTransformer
2026-03-13 20:28:56,882 - INFO - [main.py:196] - FlipWilsonTransformer
2026-03-13 20:28:56,882 - INFO - [main.py:196] - AnamorphicTransformer
2026-03-13 20:28:56,882 - INFO - [main.py:196] - HalftoneTransformer
2026-03-13 20:28:56,882 - INFO - [main.py:196] - MeltMorphTransformer
2026-03-13 20:28:56,882 - INFO - [main.py:196] - XrayTransformer
2026-03-13 20:28:56,882 - INFO - [main.py:196] - ThermalImagingTransformer
2026-03-13 20:28:56,882 - INFO - [main.py:196] - FractalWarpTransformer
2026-03-13 20:28:56,882 - INFO - [main.py:196] - DataMoshTransformer
2026-03-13 20:28:56,882 - INFO - [main.py:196] - SwirlWarpTransformer
2026-03-13 20:28:56,882 - INFO - [main.py:196] - FluidWarpTransformer
2026-03-13 20:28:56,882 - INFO - [main.py:196] - FisheyeTransformer
2026-03-13 20:28:56,882 - INFO - [main.py:196] - GlitchWarpTransformer
2026-03-13 20:28:56,882 - INFO - [main.py:196] - ThreeDExtrusionTransformer
2026-03-13 20:28:56,882 - INFO - [main.py:196] - RadialWarpTransformer
2026-03-13 20:28:56,882 - INFO - [main.py:196] - ColormapTransformer
2026-03-13 20:28:56,882 - INFO - [main.py:196] - PosterizationTransformer
2026-03-13 20:28:56,883 - INFO - [main.py:239] - 24s@20:28 ✓
Accepted: 52
Rejected: 6
---
Bible                      ->  6486ms
Wiki                       ->  2730ms
Lojong                     ->  2330ms
GoesGenerator              ->  1939ms
Nasa                       ->  1253ms
NasaMapGenerator           ->   688ms
Bubbles                    ->   547ms
Cubes                      ->   187ms
PeripheralDriftIllusion    ->    41ms
---
WheelTransformer           -> Min:    53ms | Avg:   166ms | Max:   193ms
WatercolorTransformer      -> Min:    31ms | Avg:   104ms | Max:   227ms
FlipWilsonTransformer      -> Min:    31ms | Avg:    88ms | Max:   138ms
AnamorphicTransformer      -> Min:    69ms | Avg:    86ms | Max:   103ms
HalftoneTransformer        -> Min:    14ms | Avg:    43ms | Max:    69ms
MeltMorphTransformer       -> Min:    17ms | Avg:    43ms | Max:    67ms
XrayTransformer            -> Min:    15ms | Avg:    42ms | Max:    58ms
ThermalImagingTransformer  -> Min:    36ms | Avg:    38ms | Max:    41ms
FractalWarpTransformer     -> Min:    11ms | Avg:    36ms | Max:   114ms
DataMoshTransformer        -> Min:    10ms | Avg:    32ms | Max:    54ms
SwirlWarpTransformer       -> Min:     5ms | Avg:    28ms | Max:    42ms
FluidWarpTransformer       -> Min:     9ms | Avg:    27ms | Max:    46ms
FisheyeTransformer         -> Min:     7ms | Avg:    26ms | Max:    39ms
GlitchWarpTransformer      -> Min:     8ms | Avg:    25ms | Max:    53ms
ThreeDExtrusionTransformer -> Min:     7ms | Avg:    24ms | Max:    36ms
RadialWarpTransformer      -> Min:    16ms | Avg:    20ms | Max:    28ms
ColormapTransformer        -> Min:     2ms | Avg:    10ms | Max:    14ms
PosterizationTransformer   -> Min:     4ms | Avg:    10ms | Max:    15ms
