2026-04-02 10:56:04,567 - INFO - [mandala_draw.py:291] - mandala_draw: generated 3/3
2026-04-02 10:56:14,381 - INFO - [pipeline.py:136] - "GlitchWarpTransformer","intensity=0.01"
2026-04-02 10:56:14,401 - INFO - [pipeline.py:250] - [Grade: A] Saved to: /Users/kenfasano/Scripts/ScreenArt/Images/TransformedImages/psalms_136-A-hero_ad73.jpeg
2026-04-02 10:56:14,437 - INFO - [pipeline.py:136] - "ChromaticAberrationTransformer","angle=15.50,edge_fade=1,shift=11.70"
2026-04-02 10:56:14,479 - INFO - [pipeline.py:136] - "DataMoshTransformer","intensity=0.02"
2026-04-02 10:56:14,514 - INFO - [pipeline.py:136] - "OilPaintingTransformer","dyn_ratio=6,size=5"
2026-04-02 10:56:14,553 - INFO - [pipeline.py:136] - "ThermalImagingTransformer","thermal=True"
2026-04-02 10:56:14,571 - INFO - [pipeline.py:250] - [Grade: C] Saved to: /Users/kenfasano/Scripts/ScreenArt/Images/TransformedImages/psalms_24-C-scatter_720e.jpeg
2026-04-02 10:56:14,915 - INFO - [pipeline.py:136] - "VoronoiTransformer","edge_blend=1,num_points=248"
2026-04-02 10:56:14,955 - INFO - [pipeline.py:136] - "FractalWarpTransformer","iter=1,scale=0.05"
2026-04-02 10:56:15,013 - INFO - [pipeline.py:136] - "KaleidoscopeTransformer","cx_off=0.17,cy_off=0.15,segments=12"
2026-04-02 10:56:15,033 - INFO - [pipeline.py:250] - [Grade: C] Saved to: /Users/kenfasano/Scripts/ScreenArt/Images/TransformedImages/psalms_81-C-scatter_f637.jpeg
2026-04-02 10:56:15,162 - INFO - [pipeline.py:136] - "VoronoiTransformer","edge_blend=1,num_points=69"
2026-04-02 10:56:15,198 - INFO - [pipeline.py:136] - "ThermalImagingTransformer","thermal=True"
2026-04-02 10:56:15,224 - INFO - [pipeline.py:136] - "ChromaticAberrationTransformer","angle=344.20,edge_fade=1,shift=12.40"
2026-04-02 10:56:15,242 - INFO - [pipeline.py:250] - [Grade: B] Saved to: /Users/kenfasano/Scripts/ScreenArt/Images/TransformedImages/psalms_22-B-columns_96c2.jpeg
2026-04-02 10:56:15,294 - INFO - [pipeline.py:136] - "ThermalImagingTransformer","thermal=True"
2026-04-02 10:56:15,329 - INFO - [pipeline.py:136] - "FractalWarpTransformer","iter=1,scale=0.05"
2026-04-02 10:56:15,350 - INFO - [pipeline.py:250] - [Grade: C] Saved to: /Users/kenfasano/Scripts/ScreenArt/Images/TransformedImages/psalms_14-C-columns_e0d7.jpeg
2026-04-02 10:56:15,421 - INFO - [pipeline.py:136] - "PixelSortTransformer","direction=cols,high=0.78,low=0.22,sort_key=brightness"
2026-04-02 10:56:15,460 - INFO - [pipeline.py:136] - "ThermalImagingTransformer","thermal=True"
2026-04-02 10:56:15,496 - INFO - [pipeline.py:136] - "DataMoshTransformer","intensity=0.01"
2026-04-02 10:56:15,529 - INFO - [pipeline.py:136] - "OilPaintingTransformer","dyn_ratio=5,size=5"
2026-04-02 10:56:15,548 - INFO - [pipeline.py:250] - [Grade: C] Saved to: /Users/kenfasano/Scripts/ScreenArt/Images/TransformedImages/bubbles_4-C_0996.jpeg
2026-04-02 10:56:15,569 - INFO - [pipeline.py:136] - "ColormapTransformer","map=winter"
2026-04-02 10:56:15,583 - INFO - [pipeline.py:136] - "PosterizationTransformer","levels=4"
2026-04-02 10:56:15,636 - INFO - [pipeline.py:136] - "MeltMorphTransformer","intensity=0.50"
2026-04-02 10:56:15,831 - INFO - [pipeline.py:136] - "PixelSortTransformer","direction=rows,high=0.87,low=0.29,sort_key=brightness"
2026-04-02 10:56:15,851 - INFO - [pipeline.py:250] - [Grade: B] Saved to: /Users/kenfasano/Scripts/ScreenArt/Images/TransformedImages/bubbles_5-B_f5e0.jpeg
2026-04-02 10:56:15,904 - INFO - [pipeline.py:136] - "PixelSortTransformer","direction=cols,high=0.85,low=0.35,sort_key=brightness"
2026-04-02 10:56:15,944 - INFO - [pipeline.py:136] - "FluidWarpTransformer","alpha=6.60,sigma=4.37"
2026-04-02 10:56:15,999 - INFO - [pipeline.py:136] - "FlipWilsonTransformer","keep=right,narrow=0.42"
2026-04-02 10:56:16,017 - INFO - [pipeline.py:250] - [Grade: C] Saved to: /Users/kenfasano/Scripts/ScreenArt/Images/TransformedImages/bubbles_2-C_fd60.jpeg
2026-04-02 10:56:16,062 - INFO - [pipeline.py:136] - "DataMoshTransformer","intensity=0.02"
2026-04-02 10:56:16,080 - INFO - [pipeline.py:250] - [Grade: A] Saved to: /Users/kenfasano/Scripts/ScreenArt/Images/TransformedImages/bubbles_3-A_68ab.jpeg
2026-04-02 10:56:16,135 - INFO - [pipeline.py:136] - "HalftoneTransformer","size=2"
2026-04-02 10:56:16,188 - INFO - [pipeline.py:136] - "OilPaintingTransformer","dyn_ratio=4,size=7"
2026-04-02 10:56:16,204 - INFO - [pipeline.py:250] - [Grade: F] Saved to: /Users/kenfasano/Scripts/ScreenArt/Images/Rejected/bubbles_1-F_21db.jpeg
2026-04-02 10:56:16,238 - INFO - [pipeline.py:136] - "ChromaticAberrationTransformer","angle=283.80,edge_fade=1,shift=9.90"
2026-04-02 10:56:16,255 - INFO - [pipeline.py:250] - [Grade: A] Saved to: /Users/kenfasano/Scripts/ScreenArt/Images/TransformedImages/cubes_2-A_66d6.jpeg
2026-04-02 10:56:16,283 - INFO - [pipeline.py:136] - "RadialWarpTransformer","radius=0.25,strength=124.32867072971506,104.3133385599059,style=push,pull"
2026-04-02 10:56:16,322 - INFO - [pipeline.py:136] - "SwirlWarpTransformer","strength=1.50"
2026-04-02 10:56:16,340 - INFO - [pipeline.py:250] - [Grade: A] Saved to: /Users/kenfasano/Scripts/ScreenArt/Images/TransformedImages/cubes_3-A_b32a.jpeg
2026-04-02 10:56:16,374 - INFO - [pipeline.py:136] - "GlitchWarpTransformer","intensity=0.01"
2026-04-02 10:56:16,430 - INFO - [pipeline.py:136] - "KaleidoscopeTransformer","cx_off=-0.03,cy_off=-0.15,segments=8"
2026-04-02 10:56:16,452 - INFO - [pipeline.py:250] - [Grade: A] Saved to: /Users/kenfasano/Scripts/ScreenArt/Images/TransformedImages/cubes_1-A_5b74.jpeg
2026-04-02 10:56:16,502 - INFO - [pipeline.py:136] - "HalftoneTransformer","size=2"
2026-04-02 10:56:16,618 - INFO - [pipeline.py:136] - "WheelTransformer","blend=lighter,copies=5"
2026-04-02 10:56:16,643 - INFO - [pipeline.py:136] - "RadialWarpTransformer","radius=0.25,strength=41.51847042260915,74.19325777666185,style=pull,pull"
2026-04-02 10:56:16,797 - INFO - [pipeline.py:136] - "VoronoiTransformer","edge_blend=1,num_points=146"
2026-04-02 10:56:16,809 - INFO - [pipeline.py:250] - [Grade: A] Saved to: /Users/kenfasano/Scripts/ScreenArt/Images/TransformedImages/noaa_goes_2_se_Dust-A_6880.jpeg
2026-04-02 10:56:16,837 - INFO - [pipeline.py:136] - "ChromaticAberrationTransformer","angle=39.60,edge_fade=1,shift=16.80"
2026-04-02 10:56:16,871 - INFO - [pipeline.py:136] - "HalftoneTransformer","size=2"
2026-04-02 10:56:17,118 - INFO - [pipeline.py:136] - "VoronoiTransformer","edge_blend=1,num_points=280"
2026-04-02 10:56:17,130 - INFO - [pipeline.py:250] - [Grade: A] Saved to: /Users/kenfasano/Scripts/ScreenArt/Images/TransformedImages/noaa_goes_1_se_Sandwich_RGB-A_5cf8.jpeg
2026-04-02 10:56:17,173 - INFO - [pipeline.py:136] - "FisheyeTransformer","shape=oval,strength=0.70,zoom=0.95"
2026-04-02 10:56:17,192 - INFO - [pipeline.py:250] - [Grade: F] Saved to: /Users/kenfasano/Scripts/ScreenArt/Images/Rejected/lojong_2-F-scatter_2d9c.jpeg
2026-04-02 10:56:17,417 - INFO - [pipeline.py:136] - "WatercolorTransformer","scale=0.85,style=psychedelic"
2026-04-02 10:56:17,436 - INFO - [pipeline.py:250] - [Grade: F] Saved to: /Users/kenfasano/Scripts/ScreenArt/Images/Rejected/lojong_3-F-columns_5fcf.jpeg
2026-04-02 10:56:17,469 - INFO - [pipeline.py:136] - "ChromaticAberrationTransformer","angle=238.10,edge_fade=1,shift=6.00"
2026-04-02 10:56:17,487 - INFO - [pipeline.py:250] - [Grade: F] Saved to: /Users/kenfasano/Scripts/ScreenArt/Images/Rejected/lojong_4-F-hero_80a5.jpeg
2026-04-02 10:56:17,561 - INFO - [pipeline.py:136] - "OilPaintingTransformer","dyn_ratio=5,size=8"
2026-04-02 10:56:17,587 - INFO - [pipeline.py:136] - "FisheyeTransformer","shape=oval,strength=0.54,zoom=1.02"
2026-04-02 10:56:17,622 - INFO - [pipeline.py:136] - "FractalWarpTransformer","iter=1,scale=0.05"
2026-04-02 10:56:17,640 - INFO - [pipeline.py:250] - [Grade: A] Saved to: /Users/kenfasano/Scripts/ScreenArt/Images/TransformedImages/lojong_0-A-tile_0c64.jpeg
2026-04-02 10:56:17,686 - INFO - [pipeline.py:136] - "FluidWarpTransformer","alpha=8.64,sigma=3.71"
2026-04-02 10:56:17,713 - INFO - [pipeline.py:136] - "FisheyeTransformer","shape=oval,strength=0.54,zoom=1.02"
2026-04-02 10:56:17,769 - INFO - [pipeline.py:136] - "FlipWilsonTransformer","keep=right,narrow=0.42"
2026-04-02 10:56:17,787 - INFO - [pipeline.py:250] - [Grade: F] Saved to: /Users/kenfasano/Scripts/ScreenArt/Images/Rejected/lojong_1-F-columns_2472.jpeg
2026-04-02 10:56:17,870 - INFO - [pipeline.py:136] - "HalftoneTransformer","size=2"
2026-04-02 10:56:17,890 - INFO - [pipeline.py:250] - [Grade: A] Saved to: /Users/kenfasano/Scripts/ScreenArt/Images/TransformedImages/mandala_draw_1-A_61b6.jpeg
2026-04-02 10:56:17,918 - INFO - [pipeline.py:136] - "RadialWarpTransformer","radius=0.25,strength=102.25504663812539,style=push"
2026-04-02 10:56:17,951 - INFO - [pipeline.py:136] - "GlitchWarpTransformer","intensity=0.01"
2026-04-02 10:56:17,971 - INFO - [pipeline.py:136] - "PixelSortTransformer","direction=rows,high=0.63,low=0.21,sort_key=red"
2026-04-02 10:56:17,992 - INFO - [pipeline.py:250] - [Grade: A] Saved to: /Users/kenfasano/Scripts/ScreenArt/Images/TransformedImages/mandala_draw_0-A_f4c6.jpeg
2026-04-02 10:56:18,032 - INFO - [pipeline.py:136] - "GlitchWarpTransformer","intensity=0.01"
2026-04-02 10:56:18,136 - INFO - [pipeline.py:136] - "PixelSortTransformer","direction=cols,high=0.86,low=0.25,sort_key=green"
2026-04-02 10:56:18,157 - INFO - [pipeline.py:250] - [Grade: A] Saved to: /Users/kenfasano/Scripts/ScreenArt/Images/TransformedImages/mandala_draw_2-A_c772.jpeg
2026-04-02 10:56:18,226 - INFO - [pipeline.py:136] - "FlipWilsonTransformer","keep=right,narrow=0.42"
2026-04-02 10:56:18,243 - INFO - [pipeline.py:136] - "RadialWarpTransformer","radius=0.25,strength=95.72565268205729,style=push"
2026-04-02 10:56:18,280 - INFO - [pipeline.py:136] - "DataMoshTransformer","intensity=0.02"
2026-04-02 10:56:18,728 - INFO - [pipeline.py:136] - "PixelSortTransformer","direction=cols,high=0.65,low=0.28,sort_key=blue"
2026-04-02 10:56:18,749 - INFO - [pipeline.py:250] - [Grade: A] Saved to: /Users/kenfasano/Scripts/ScreenArt/Images/TransformedImages/nasa_earth_3_Shanghai_Vegetation_False_Color-A_452d.jpeg
2026-04-02 10:56:18,770 - INFO - [pipeline.py:136] - "PosterizationTransformer","levels=4"
2026-04-02 10:56:18,800 - INFO - [pipeline.py:136] - "ThermalImagingTransformer","thermal=True"
2026-04-02 10:56:18,816 - INFO - [pipeline.py:250] - [Grade: F] Saved to: /Users/kenfasano/Scripts/ScreenArt/Images/Rejected/nasa_earth_2_Jakarta_Night_Lights-F_b198.jpeg
2026-04-02 10:56:18,854 - INFO - [pipeline.py:136] - "ChromaticAberrationTransformer","angle=308.90,edge_fade=1,shift=7.10"
2026-04-02 10:56:18,887 - INFO - [pipeline.py:136] - "OilPaintingTransformer","dyn_ratio=1,size=5"
2026-04-02 10:56:18,906 - INFO - [pipeline.py:250] - [Grade: A] Saved to: /Users/kenfasano/Scripts/ScreenArt/Images/TransformedImages/nasa_earth_1_Osaka_True_Color-A_6c62.jpeg
2026-04-02 10:56:18,922 - INFO - [pipeline.py:136] - "ThermalImagingTransformer","thermal=True"
2026-04-02 10:56:18,933 - INFO - [pipeline.py:136] - "DataMoshTransformer","intensity=0.01"
2026-04-02 10:56:18,942 - INFO - [pipeline.py:136] - "RadialWarpTransformer","radius=0.25,strength=38.06266533794477,105.47435994885603,136.41559632696493,style=pull,push,push"
2026-04-02 10:56:18,950 - INFO - [pipeline.py:136] - "GlitchWarpTransformer","intensity=0.01"
2026-04-02 10:56:18,958 - INFO - [pipeline.py:250] - [Grade: A] Saved to: /Users/kenfasano/Scripts/ScreenArt/Images/TransformedImages/748857main_FourXclass_Blend2fix1024-A_8eca.jpg
2026-04-02 10:56:18,969 - INFO - [pipeline.py:136] - "OilPaintingTransformer","dyn_ratio=6,size=3"
2026-04-02 10:56:18,984 - INFO - [pipeline.py:136] - "SwirlWarpTransformer","strength=1.50"
2026-04-02 10:56:18,992 - INFO - [pipeline.py:250] - [Grade: C] Saved to: /Users/kenfasano/Scripts/ScreenArt/Images/TransformedImages/HorseheadFlame_Zauner_960-C_3fb7.jpg
2026-04-02 10:56:19,072 - INFO - [pipeline.py:136] - "WheelTransformer","blend=lighter,copies=5"
2026-04-02 10:56:19,082 - INFO - [pipeline.py:250] - [Grade: A] Saved to: /Users/kenfasano/Scripts/ScreenArt/Images/TransformedImages/PickeringsTriangleDet5_metsavainio1024-A_45d7.jpg
2026-04-02 10:56:19,107 - INFO - [pipeline.py:136] - "WheelTransformer","blend=lighter,copies=5"
2026-04-02 10:56:19,109 - INFO - [pipeline.py:136] - "PosterizationTransformer","levels=4"
2026-04-02 10:56:19,129 - INFO - [pipeline.py:136] - "VoronoiTransformer","edge_blend=1,num_points=83"
2026-04-02 10:56:19,132 - INFO - [pipeline.py:250] - [Grade: A] Saved to: /Users/kenfasano/Scripts/ScreenArt/Images/TransformedImages/blackaurora_curtis-A_ac4a.jpg
2026-04-02 10:56:19,233 - INFO - [pipeline.py:136] - "PixelSortTransformer","direction=rows,high=0.75,low=0.23,sort_key=red"
2026-04-02 10:56:19,241 - INFO - [pipeline.py:136] - "KaleidoscopeTransformer","cx_off=0.14,cy_off=-0.06,segments=6"
2026-04-02 10:56:19,246 - INFO - [pipeline.py:250] - [Grade: B] Saved to: /Users/kenfasano/Scripts/ScreenArt/Images/TransformedImages/g2_bowman-B_dff5.jpg
2026-04-02 10:56:19,251 - INFO - [pipeline.py:136] - "ColormapTransformer","map=hsv"
2026-04-02 10:56:19,257 - INFO - [pipeline.py:250] - [Grade: A] Saved to: /Users/kenfasano/Scripts/ScreenArt/Images/TransformedImages/alpinepanorama_friedman_c90-A_866c.jpg
2026-04-02 10:56:19,280 - INFO - [pipeline.py:136] - "PosterizationTransformer","levels=4"
2026-04-02 10:56:19,296 - INFO - [pipeline.py:250] - [Grade: B] Saved to: /Users/kenfasano/Scripts/ScreenArt/Images/TransformedImages/OrionMosaic_Lim_960-B_8d6a.jpg
2026-04-02 10:56:19,317 - INFO - [pipeline.py:136] - "MeltMorphTransformer","intensity=0.50"
2026-04-02 10:56:19,432 - INFO - [pipeline.py:136] - "VoronoiTransformer","edge_blend=1,num_points=277"
2026-04-02 10:56:19,447 - INFO - [pipeline.py:136] - "FluidWarpTransformer","alpha=11.35,sigma=6.89"
2026-04-02 10:56:19,451 - INFO - [pipeline.py:136] - "PosterizationTransformer","levels=4"
2026-04-02 10:56:19,458 - INFO - [pipeline.py:250] - [Grade: A] Saved to: /Users/kenfasano/Scripts/ScreenArt/Images/TransformedImages/BlackHole_Simonnet_960-A_8fbf.jpg
2026-04-02 10:56:19,488 - INFO - [pipeline.py:136] - "HalftoneTransformer","size=2"
2026-04-02 10:56:19,495 - INFO - [pipeline.py:250] - [Grade: A] Saved to: /Users/kenfasano/Scripts/ScreenArt/Images/TransformedImages/Abell7_VChander1024-A_8b64.jpg
2026-04-02 10:56:19,510 - INFO - [pipeline.py:136] - "SwirlWarpTransformer","strength=1.50"
2026-04-02 10:56:19,534 - INFO - [pipeline.py:136] - "OilPaintingTransformer","dyn_ratio=8,size=8"
2026-04-02 10:56:19,541 - INFO - [pipeline.py:250] - [Grade: A] Saved to: /Users/kenfasano/Scripts/ScreenArt/Images/TransformedImages/omegacen_polleri_960-A_926a.jpg
2026-04-02 10:56:19,601 - INFO - [pipeline.py:136] - "HalftoneTransformer","size=2"
2026-04-02 10:56:19,654 - INFO - [pipeline.py:136] - "MeltMorphTransformer","intensity=0.50"
2026-04-02 10:56:19,674 - INFO - [pipeline.py:250] - [Grade: B] Saved to: /Users/kenfasano/Scripts/ScreenArt/Images/TransformedImages/peace_0-B_98a3.jpeg
2026-04-02 10:56:19,713 - INFO - [pipeline.py:136] - "ChromaticAberrationTransformer","angle=309.30,edge_fade=1,shift=6.90"
2026-04-02 10:56:19,734 - INFO - [pipeline.py:250] - [Grade: A] Saved to: /Users/kenfasano/Scripts/ScreenArt/Images/TransformedImages/peace_1-A_0536.jpeg
2026-04-02 10:56:19,777 - INFO - [pipeline.py:136] - "FisheyeTransformer","shape=circle,strength=0.80,zoom=0.99"
2026-04-02 10:56:19,804 - INFO - [pipeline.py:136] - "ChromaticAberrationTransformer","angle=347.20,edge_fade=1,shift=16.20"
2026-04-02 10:56:19,822 - INFO - [pipeline.py:136] - "OilPaintingTransformer","dyn_ratio=4,size=3"
2026-04-02 10:56:19,841 - INFO - [pipeline.py:250] - [Grade: C] Saved to: /Users/kenfasano/Scripts/ScreenArt/Images/TransformedImages/peace_2-C_9eb8.jpeg
2026-04-02 10:56:19,911 - INFO - [pipeline.py:136] - "FlipWilsonTransformer","keep=right,narrow=0.42"
2026-04-02 10:56:19,933 - INFO - [pipeline.py:250] - [Grade: A] Saved to: /Users/kenfasano/Scripts/ScreenArt/Images/TransformedImages/peace_3-A_63f2.jpeg
2026-04-02 10:56:19,947 - INFO - [pipeline.py:136] - "FractalWarpTransformer","iter=1,scale=0.05"
2026-04-02 10:56:20,008 - INFO - [pipeline.py:136] - "WheelTransformer","blend=lighter,copies=5"
2026-04-02 10:56:20,020 - INFO - [pipeline.py:136] - "ChromaticAberrationTransformer","angle=220.60,edge_fade=1,shift=17.00"
2026-04-02 10:56:20,033 - INFO - [pipeline.py:136] - "OilPaintingTransformer","dyn_ratio=3,size=5"
2026-04-02 10:56:20,040 - INFO - [pipeline.py:250] - [Grade: A] Saved to: /Users/kenfasano/Scripts/ScreenArt/Images/TransformedImages/peripheral_drift_2-A_50f9.jpeg
2026-04-02 10:56:20,054 - INFO - [pipeline.py:136] - "GlitchWarpTransformer","intensity=0.01"
2026-04-02 10:56:20,073 - INFO - [pipeline.py:136] - "OilPaintingTransformer","dyn_ratio=2,size=7"
2026-04-02 10:56:20,087 - INFO - [pipeline.py:136] - "ThermalImagingTransformer","thermal=True"
2026-04-02 10:56:20,171 - INFO - [pipeline.py:136] - "VoronoiTransformer","edge_blend=1,num_points=200"
2026-04-02 10:56:20,177 - INFO - [pipeline.py:250] - [Grade: A] Saved to: /Users/kenfasano/Scripts/ScreenArt/Images/TransformedImages/peripheral_drift_3-A_fd84.jpeg
2026-04-02 10:56:20,198 - INFO - [pipeline.py:136] - "KaleidoscopeTransformer","cx_off=0.04,cy_off=-0.12,segments=12"
2026-04-02 10:56:20,206 - INFO - [pipeline.py:136] - "GlitchWarpTransformer","intensity=0.01"
2026-04-02 10:56:20,274 - INFO - [pipeline.py:136] - "WatercolorTransformer","scale=0.85,style=monet"
2026-04-02 10:56:20,280 - INFO - [pipeline.py:250] - [Grade: C] Saved to: /Users/kenfasano/Scripts/ScreenArt/Images/TransformedImages/peripheral_drift_8-C_6fce.jpeg
2026-04-02 10:56:20,290 - INFO - [pipeline.py:136] - "RadialWarpTransformer","radius=0.25,strength=119.61426911498175,style=push"
2026-04-02 10:56:20,301 - INFO - [pipeline.py:136] - "OilPaintingTransformer","dyn_ratio=6,size=5"
2026-04-02 10:56:20,366 - INFO - [pipeline.py:136] - "WatercolorTransformer","scale=0.85,style=psychedelic"
2026-04-02 10:56:20,437 - INFO - [pipeline.py:136] - "VoronoiTransformer","edge_blend=1,num_points=166"
2026-04-02 10:56:20,445 - INFO - [pipeline.py:250] - [Grade: A] Saved to: /Users/kenfasano/Scripts/ScreenArt/Images/TransformedImages/peripheral_drift_4-A_ecd9.jpeg
2026-04-02 10:56:20,552 - INFO - [pipeline.py:136] - "VoronoiTransformer","edge_blend=1,num_points=257"
2026-04-02 10:56:20,556 - INFO - [pipeline.py:136] - "PosterizationTransformer","levels=4"
2026-04-02 10:56:20,563 - INFO - [pipeline.py:136] - "FisheyeTransformer","shape=oval,strength=0.73,zoom=0.94"
2026-04-02 10:56:20,570 - INFO - [pipeline.py:250] - [Grade: A] Saved to: /Users/kenfasano/Scripts/ScreenArt/Images/TransformedImages/peripheral_drift_5-A_1b26.jpeg
2026-04-02 10:56:20,582 - INFO - [pipeline.py:136] - "ChromaticAberrationTransformer","angle=53.10,edge_fade=1,shift=17.90"
2026-04-02 10:56:20,588 - INFO - [pipeline.py:250] - [Grade: A] Saved to: /Users/kenfasano/Scripts/ScreenArt/Images/TransformedImages/peripheral_drift_9-A_f3b8.jpeg
2026-04-02 10:56:20,598 - INFO - [pipeline.py:136] - "FisheyeTransformer","shape=oval,strength=0.71,zoom=1.13"
2026-04-02 10:56:20,613 - INFO - [pipeline.py:136] - "HalftoneTransformer","size=2"
2026-04-02 10:56:20,624 - INFO - [pipeline.py:136] - "FractalWarpTransformer","iter=1,scale=0.05"
2026-04-02 10:56:20,631 - INFO - [pipeline.py:136] - "RadialWarpTransformer","radius=0.25,strength=138.4827809084149,95.02631017517112,style=pull,push"
2026-04-02 10:56:20,637 - INFO - [pipeline.py:250] - [Grade: A] Saved to: /Users/kenfasano/Scripts/ScreenArt/Images/TransformedImages/peripheral_drift_10-A_0f56.jpeg
2026-04-02 10:56:20,645 - INFO - [pipeline.py:136] - "ColormapTransformer","map=bone"
2026-04-02 10:56:20,651 - INFO - [pipeline.py:250] - [Grade: A] Saved to: /Users/kenfasano/Scripts/ScreenArt/Images/TransformedImages/peripheral_drift_6-A_c123.jpeg
2026-04-02 10:56:20,705 - INFO - [pipeline.py:136] - "WheelTransformer","blend=lighter,copies=5"
2026-04-02 10:56:20,711 - INFO - [pipeline.py:136] - "OilPaintingTransformer","dyn_ratio=1,size=3"
2026-04-02 10:56:20,719 - INFO - [pipeline.py:250] - [Grade: A] Saved to: /Users/kenfasano/Scripts/ScreenArt/Images/TransformedImages/peripheral_drift_7-A_4f78.jpeg
2026-04-02 10:56:20,811 - INFO - [pipeline.py:136] - "VoronoiTransformer","edge_blend=1,num_points=201"
2026-04-02 10:56:20,819 - INFO - [pipeline.py:136] - "FisheyeTransformer","shape=circle,strength=0.62,zoom=1.05"
2026-04-02 10:56:20,833 - INFO - [pipeline.py:136] - "HalftoneTransformer","size=2"
2026-04-02 10:56:20,849 - INFO - [pipeline.py:136] - "KaleidoscopeTransformer","cx_off=-0.20,cy_off=-0.05,segments=8"
2026-04-02 10:56:20,855 - INFO - [pipeline.py:250] - [Grade: A] Saved to: /Users/kenfasano/Scripts/ScreenArt/Images/TransformedImages/peripheral_drift_1-A_345e.jpeg
2026-04-02 10:56:20,882 - INFO - [pipeline.py:136] - "DataMoshTransformer","intensity=0.02"
2026-04-02 10:56:20,895 - INFO - [pipeline.py:136] - "FisheyeTransformer","shape=circle,strength=0.29,zoom=0.97"
2026-04-02 10:56:20,915 - INFO - [pipeline.py:136] - "SwirlWarpTransformer","strength=1.50"
2026-04-02 10:56:20,942 - INFO - [pipeline.py:136] - "MeltMorphTransformer","intensity=0.50"
2026-04-02 10:56:20,954 - INFO - [pipeline.py:250] - [Grade: A] Saved to: /Users/kenfasano/Scripts/ScreenArt/Images/TransformedImages/static_mandala_0-A_3258.jpeg
2026-04-02 10:56:20,966 - INFO - [pipeline.py:136] - "FluidWarpTransformer","alpha=3.04,sigma=7.91"
2026-04-02 10:56:20,971 - INFO - [pipeline.py:136] - "GlitchWarpTransformer","intensity=0.01"
2026-04-02 10:56:20,979 - INFO - [pipeline.py:136] - "ThermalImagingTransformer","thermal=True"
2026-04-02 10:56:20,985 - INFO - [pipeline.py:250] - [Grade: B] Saved to: /Users/kenfasano/Scripts/ScreenArt/Images/TransformedImages/static_mandala_1-B_cf00.jpeg
2026-04-02 10:56:21,130 - INFO - [pipeline.py:136] - "MeltMorphTransformer","intensity=0.50"
2026-04-02 10:56:21,225 - INFO - [pipeline.py:136] - "HalftoneTransformer","size=2"
2026-04-02 10:56:21,535 - INFO - [pipeline.py:136] - "WheelTransformer","blend=lighter,copies=5"
2026-04-02 10:56:21,607 - INFO - [pipeline.py:136] - "ThermalImagingTransformer","thermal=True"
2026-04-02 10:56:21,648 - INFO - [pipeline.py:250] - [Grade: C] Saved to: /Users/kenfasano/Scripts/ScreenArt/Images/TransformedImages/static_mandala_2-C_e2de.jpeg
2026-04-02 10:56:21,697 - INFO - [pipeline.py:136] - "RadialWarpTransformer","radius=0.25,strength=38.46729999022719,119.61303582869746,60.18097799579993,style=pull,pull,push"
2026-04-02 10:56:21,723 - INFO - [pipeline.py:250] - [Grade: B] Saved to: /Users/kenfasano/Scripts/ScreenArt/Images/TransformedImages/The_stor-B_d736.jpeg
2026-04-02 10:56:21,806 - INFO - [pipeline.py:136] - "OilPaintingTransformer","dyn_ratio=6,size=3"
2026-04-02 10:56:21,965 - INFO - [pipeline.py:136] - "KaleidoscopeTransformer","cx_off=-0.06,cy_off=-0.04,segments=8"
2026-04-02 10:56:22,010 - INFO - [pipeline.py:250] - [Grade: A] Saved to: /Users/kenfasano/Scripts/ScreenArt/Images/TransformedImages/Biblia_t-A_3565.jpeg
2026-04-02 10:56:22,052 - INFO - [pipeline.py:136] - "WatercolorTransformer","scale=0.85,style=psychedelic"
2026-04-02 10:56:22,061 - INFO - [pipeline.py:136] - "KaleidoscopeTransformer","cx_off=0.05,cy_off=-0.01,segments=12"
2026-04-02 10:56:22,064 - INFO - [pipeline.py:136] - "RadialWarpTransformer","radius=0.25,strength=133.39747646822588,95.14357620465279,137.50800707307076,style=pull,pull,pull"
2026-04-02 10:56:22,067 - INFO - [pipeline.py:250] - [Grade: C] Saved to: /Users/kenfasano/Scripts/ScreenArt/Images/TransformedImages/A_genuine_histo-C_1d9c.jpeg
2026-04-02 10:56:22,129 - INFO - [pipeline.py:136] - "ThermalImagingTransformer","thermal=True"
2026-04-02 10:56:22,156 - INFO - [pipeline.py:250] - [Grade: A] Saved to: /Users/kenfasano/Scripts/ScreenArt/Images/TransformedImages/X61404-t-A_cadb.jpeg
2026-04-02 10:56:22,205 - INFO - [pipeline.py:136] - "OilPaintingTransformer","dyn_ratio=1,size=4"
2026-04-02 10:56:22,223 - INFO - [pipeline.py:136] - "PosterizationTransformer","levels=4"
2026-04-02 10:56:22,280 - INFO - [pipeline.py:136] - "SwirlWarpTransformer","strength=1.50"
2026-04-02 10:56:22,308 - INFO - [pipeline.py:250] - [Grade: A] Saved to: /Users/kenfasano/Scripts/ScreenArt/Images/TransformedImages/Rione_IV-A_dd07.jpeg
2026-04-02 10:56:22,373 - INFO - [pipeline.py:136] - "ThermalImagingTransformer","thermal=True"
2026-04-02 10:56:22,596 - INFO - [pipeline.py:136] - "WheelTransformer","blend=lighter,copies=5"
2026-04-02 10:56:22,932 - INFO - [pipeline.py:136] - "VoronoiTransformer","edge_blend=1,num_points=195"
2026-04-02 10:56:22,983 - INFO - [pipeline.py:136] - "DataMoshTransformer","intensity=0.02"
2026-04-02 10:56:23,007 - INFO - [pipeline.py:250] - [Grade: A] Saved to: /Users/kenfasano/Scripts/ScreenArt/Images/TransformedImages/S7-Subsu-A_3ac7.jpeg
2026-04-02 10:56:23,143 - INFO - [pipeline.py:136] - "DataMoshTransformer","intensity=0.02"
2026-04-02 10:56:23,178 - INFO - [pipeline.py:136] - "PosterizationTransformer","levels=4"
2026-04-02 10:56:23,313 - INFO - [pipeline.py:136] - "HalftoneTransformer","size=2"
2026-04-02 10:56:23,375 - INFO - [pipeline.py:136] - "RadialWarpTransformer","radius=0.25,strength=84.56370240183301,90.96541906002227,119.27474531022142,style=pull,push,push"
2026-04-02 10:56:23,421 - INFO - [pipeline.py:250] - [Grade: A] Saved to: /Users/kenfasano/Scripts/ScreenArt/Images/TransformedImages/lossy-page1-192-A_d022.jpeg
2026-04-02 10:56:23,477 - INFO - [pipeline.py:136] - "MeltMorphTransformer","intensity=0.50"
2026-04-02 10:56:23,492 - INFO - [pipeline.py:250] - [Grade: A] Saved to: /Users/kenfasano/Scripts/ScreenArt/Images/TransformedImages/2011-07-18_Marg-A_5597.jpeg
2026-04-02 10:56:23,493 - INFO - [main.py:195] - VoronoiTransformer
2026-04-02 10:56:23,493 - INFO - [main.py:195] - PixelSortTransformer
2026-04-02 10:56:23,493 - INFO - [main.py:195] - WheelTransformer
2026-04-02 10:56:23,493 - INFO - [main.py:195] - WatercolorTransformer
2026-04-02 10:56:23,493 - INFO - [main.py:195] - FlipWilsonTransformer
2026-04-02 10:56:23,493 - INFO - [main.py:195] - MeltMorphTransformer
2026-04-02 10:56:23,493 - INFO - [main.py:195] - HalftoneTransformer
2026-04-02 10:56:23,493 - INFO - [main.py:195] - KaleidoscopeTransformer
2026-04-02 10:56:23,493 - INFO - [main.py:195] - DataMoshTransformer
2026-04-02 10:56:23,493 - INFO - [main.py:195] - ThermalImagingTransformer
2026-04-02 10:56:23,493 - INFO - [main.py:195] - OilPaintingTransformer
2026-04-02 10:56:23,493 - INFO - [main.py:195] - SwirlWarpTransformer
2026-04-02 10:56:23,493 - INFO - [main.py:195] - FractalWarpTransformer
2026-04-02 10:56:23,493 - INFO - [main.py:195] - FluidWarpTransformer
2026-04-02 10:56:23,493 - INFO - [main.py:195] - ChromaticAberrationTransformer
2026-04-02 10:56:23,493 - INFO - [main.py:195] - RadialWarpTransformer
2026-04-02 10:56:23,493 - INFO - [main.py:195] - GlitchWarpTransformer
2026-04-02 10:56:23,493 - INFO - [main.py:195] - FisheyeTransformer
2026-04-02 10:56:23,493 - INFO - [main.py:195] - PosterizationTransformer
2026-04-02 10:56:23,493 - INFO - [main.py:195] - ColormapTransformer
2026-04-02 10:56:23,493 - INFO - [main.py:238] - 23s@10:56 ✓
Accepted: 55
Rejected: 6
---
Peace                      ->  4628ms
Wiki                       ->  3203ms
Bible                      ->  2234ms
Nasa                       ->   970ms
Lojong                     ->   870ms
NasaMapGenerator           ->   780ms
GoesGenerator              ->   518ms
Bubbles                    ->   298ms
PeripheralDriftIllusion    ->   155ms
Cubes                      ->    95ms
MandalaDraw                ->    29ms
StaticMandala              ->     3ms
---
VoronoiTransformer               -> Min:    20ms | Avg:   151ms | Max:   336ms
PixelSortTransformer             -> Min:    20ms | Avg:   139ms | Max:   447ms
WheelTransformer                 -> Min:    24ms | Avg:   122ms | Max:   310ms
WatercolorTransformer            -> Min:    33ms | Avg:    96ms | Max:   218ms
FlipWilsonTransformer            -> Min:    55ms | Avg:    56ms | Max:    57ms
MeltMorphTransformer             -> Min:    17ms | Avg:    52ms | Max:   120ms
HalftoneTransformer              -> Min:    14ms | Avg:    52ms | Max:   135ms
KaleidoscopeTransformer          -> Min:     8ms | Avg:    46ms | Max:   159ms
DataMoshTransformer              -> Min:    12ms | Avg:    43ms | Max:   110ms
ThermalImagingTransformer        -> Min:     8ms | Avg:    35ms | Max:    72ms
OilPaintingTransformer           -> Min:     6ms | Avg:    29ms | Max:    66ms
SwirlWarpTransformer             -> Min:    11ms | Avg:    28ms | Max:    57ms
FractalWarpTransformer           -> Min:    11ms | Avg:    26ms | Max:    41ms
FluidWarpTransformer             -> Min:     8ms | Avg:    25ms | Max:    40ms
ChromaticAberrationTransformer   -> Min:     8ms | Avg:    23ms | Max:    29ms
RadialWarpTransformer            -> Min:     3ms | Avg:    20ms | Max:    62ms
GlitchWarpTransformer            -> Min:     5ms | Avg:    19ms | Max:    32ms
FisheyeTransformer               -> Min:     7ms | Avg:    18ms | Max:    36ms
PosterizationTransformer         -> Min:     2ms | Avg:    12ms | Max:    35ms
ColormapTransformer              -> Min:     3ms | Avg:     7ms | Max:    13ms
