2026-03-23 12:35:01,916 - INFO - [pipeline.py:136] - "ThermalImagingTransformer","thermal=True"
2026-03-23 12:35:02,103 - INFO - [pipeline.py:136] - "HalftoneTransformer","size=2"
2026-03-23 12:35:02,203 - INFO - [pipeline.py:136] - "FractalWarpTransformer","iter=1,scale=0.05"
2026-03-23 12:35:02,243 - INFO - [pipeline.py:136] - "ColormapTransformer","map=rainbow"
2026-03-23 12:35:02,329 - INFO - [pipeline.py:248] - [Grade: A] Saved to: /Users/kenfasano/Scripts/ScreenArt/Images/TransformedImages/bubbles_4-A.jpeg
2026-03-23 12:35:02,962 - INFO - [pipeline.py:136] - "PixelSortTransformer","direction=rows,high=0.84,low=0.33,sort_key=saturation"
2026-03-23 12:35:02,995 - INFO - [pipeline.py:136] - "PosterizationTransformer","levels=4"
2026-03-23 12:35:03,046 - INFO - [pipeline.py:248] - [Grade: B] Saved to: /Users/kenfasano/Scripts/ScreenArt/Images/TransformedImages/bubbles_8-B.jpeg
2026-03-23 12:35:03,267 - INFO - [pipeline.py:136] - "PixelSortTransformer","direction=cols,high=0.71,low=0.27,sort_key=brightness"
2026-03-23 12:35:03,310 - INFO - [pipeline.py:248] - [Grade: C] Saved to: /Users/kenfasano/Scripts/ScreenArt/Images/TransformedImages/bubbles_9-C.jpeg
2026-03-23 12:35:03,441 - INFO - [pipeline.py:136] - "SwirlWarpTransformer","strength=1.50"
2026-03-23 12:35:03,472 - INFO - [pipeline.py:136] - "PosterizationTransformer","levels=4"
2026-03-23 12:35:03,818 - INFO - [pipeline.py:136] - "WheelTransformer","blend=add,copies=3"
2026-03-23 12:35:03,900 - INFO - [pipeline.py:136] - "ChromaticAberrationTransformer","angle=139.40,edge_fade=1,shift=14.90"
2026-03-23 12:35:03,950 - INFO - [pipeline.py:248] - [Grade: C] Saved to: /Users/kenfasano/Scripts/ScreenArt/Images/TransformedImages/bubbles_5-C.jpeg
2026-03-23 12:35:04,099 - INFO - [pipeline.py:136] - "HalftoneTransformer","size=2"
2026-03-23 12:35:04,148 - INFO - [pipeline.py:248] - [Grade: F] Saved to: /Users/kenfasano/Scripts/ScreenArt/Images/Rejected/bubbles_2-F.jpeg
2026-03-23 12:35:04,199 - INFO - [pipeline.py:136] - "ColormapTransformer","map=winter"
2026-03-23 12:35:04,301 - INFO - [pipeline.py:136] - "ThermalImagingTransformer","thermal=True"
2026-03-23 12:35:04,317 - INFO - [pipeline.py:136] - "PixelSortTransformer","direction=rows,high=0.56,low=0.32,sort_key=brightness"
2026-03-23 12:35:04,441 - INFO - [pipeline.py:136] - "HalftoneTransformer","size=2"
2026-03-23 12:35:04,488 - INFO - [pipeline.py:248] - [Grade: B] Saved to: /Users/kenfasano/Scripts/ScreenArt/Images/TransformedImages/bubbles_3-B.jpeg
2026-03-23 12:35:04,556 - INFO - [pipeline.py:136] - "PosterizationTransformer","levels=4"
2026-03-23 12:35:04,608 - INFO - [pipeline.py:248] - [Grade: A] Saved to: /Users/kenfasano/Scripts/ScreenArt/Images/TransformedImages/bubbles_10-A.jpeg
2026-03-23 12:35:04,764 - INFO - [pipeline.py:136] - "DataMoshTransformer","intensity=0.02"
2026-03-23 12:35:04,846 - INFO - [pipeline.py:136] - "ChromaticAberrationTransformer","angle=297.20,edge_fade=1,shift=17.30"
2026-03-23 12:35:04,981 - INFO - [pipeline.py:136] - "HalftoneTransformer","size=2"
2026-03-23 12:35:05,013 - INFO - [pipeline.py:136] - "PosterizationTransformer","levels=4"
2026-03-23 12:35:05,065 - INFO - [pipeline.py:248] - [Grade: F] Saved to: /Users/kenfasano/Scripts/ScreenArt/Images/Rejected/bubbles_1-F.jpeg
2026-03-23 12:35:05,245 - INFO - [pipeline.py:136] - "MeltMorphTransformer","intensity=0.50"
2026-03-23 12:35:05,773 - INFO - [pipeline.py:136] - "OilPaintingTransformer","dyn_ratio=4,size=8"
2026-03-23 12:35:06,102 - INFO - [pipeline.py:136] - "WheelTransformer","blend=add,copies=3"
2026-03-23 12:35:06,152 - INFO - [pipeline.py:248] - [Grade: B] Saved to: /Users/kenfasano/Scripts/ScreenArt/Images/TransformedImages/bubbles_6-B.jpeg
2026-03-23 12:35:06,275 - INFO - [pipeline.py:136] - "FisheyeTransformer","shape=oval,strength=0.45,zoom=1.11"
2026-03-23 12:35:06,442 - INFO - [pipeline.py:136] - "MeltMorphTransformer","intensity=0.50"
2026-03-23 12:35:06,488 - INFO - [pipeline.py:248] - [Grade: F] Saved to: /Users/kenfasano/Scripts/ScreenArt/Images/Rejected/bubbles_7-F.jpeg
2026-03-23 12:35:06,534 - INFO - [pipeline.py:136] - "PosterizationTransformer","levels=4"
2026-03-23 12:35:06,569 - INFO - [pipeline.py:136] - "ColormapTransformer","map=hsv"
2026-03-23 12:35:06,953 - INFO - [pipeline.py:136] - "OilPaintingTransformer","dyn_ratio=6,size=3"
2026-03-23 12:35:07,073 - INFO - [pipeline.py:136] - "SwirlWarpTransformer","strength=1.50"
2026-03-23 12:35:07,117 - INFO - [pipeline.py:248] - [Grade: A] Saved to: /Users/kenfasano/Scripts/ScreenArt/Images/TransformedImages/cubes_2-A.jpeg
2026-03-23 12:35:07,286 - INFO - [pipeline.py:136] - "PixelSortTransformer","direction=rows,high=0.88,low=0.33,sort_key=brightness"
2026-03-23 12:35:07,355 - INFO - [pipeline.py:136] - "RadialWarpTransformer","radius=0.25,strength=109.63906581920158,98.28735816455418,style=pull,pull"
2026-03-23 12:35:07,400 - INFO - [pipeline.py:136] - "PosterizationTransformer","levels=4"
2026-03-23 12:35:07,446 - INFO - [pipeline.py:248] - [Grade: A] Saved to: /Users/kenfasano/Scripts/ScreenArt/Images/TransformedImages/cubes_3-A.jpeg
2026-03-23 12:35:07,625 - INFO - [pipeline.py:136] - "KaleidoscopeTransformer","cx_off=0.19,cy_off=-0.03,segments=8"
2026-03-23 12:35:08,172 - INFO - [pipeline.py:136] - "WatercolorTransformer","scale=0.85,style=psychedelic"
2026-03-23 12:35:08,510 - INFO - [pipeline.py:136] - "WheelTransformer","blend=add,copies=3"
2026-03-23 12:35:08,683 - INFO - [pipeline.py:248] - [Grade: A] Saved to: /Users/kenfasano/Scripts/ScreenArt/Images/TransformedImages/cubes_4-A.jpeg
2026-03-23 12:35:08,851 - INFO - [pipeline.py:136] - "FractalWarpTransformer","iter=1,scale=0.05"
2026-03-23 12:35:08,937 - INFO - [pipeline.py:136] - "ChromaticAberrationTransformer","angle=186.40,edge_fade=1,shift=9.30"
2026-03-23 12:35:09,121 - INFO - [pipeline.py:136] - "KaleidoscopeTransformer","cx_off=-0.12,cy_off=-0.11,segments=6"
2026-03-23 12:35:09,331 - INFO - [pipeline.py:136] - "FlipWilsonTransformer","keep=bottom,narrow=0.25"
2026-03-23 12:35:09,383 - INFO - [pipeline.py:248] - [Grade: A] Saved to: /Users/kenfasano/Scripts/ScreenArt/Images/TransformedImages/cubes_5-A.jpeg
2026-03-23 12:35:09,549 - INFO - [pipeline.py:136] - "SwirlWarpTransformer","strength=1.50"
2026-03-23 12:35:09,949 - INFO - [pipeline.py:136] - "OilPaintingTransformer","dyn_ratio=4,size=3"
2026-03-23 12:35:10,112 - INFO - [pipeline.py:136] - "PixelSortTransformer","direction=rows,high=0.59,low=0.16,sort_key=brightness"
2026-03-23 12:35:10,162 - INFO - [pipeline.py:248] - [Grade: A] Saved to: /Users/kenfasano/Scripts/ScreenArt/Images/TransformedImages/cubes_6-A.jpeg
2026-03-23 12:35:10,281 - INFO - [pipeline.py:136] - "GlitchWarpTransformer","intensity=0.01"
2026-03-23 12:35:11,030 - INFO - [pipeline.py:136] - "PixelSortTransformer","direction=cols,high=0.60,low=0.26,sort_key=brightness"
2026-03-23 12:35:11,074 - INFO - [pipeline.py:248] - [Grade: A] Saved to: /Users/kenfasano/Scripts/ScreenArt/Images/TransformedImages/cubes_1-A.jpeg
2026-03-23 12:35:11,310 - INFO - [pipeline.py:136] - "OilPaintingTransformer","dyn_ratio=3,size=8"
2026-03-23 12:35:11,334 - INFO - [pipeline.py:136] - "GlitchWarpTransformer","intensity=0.01"
2026-03-23 12:35:11,352 - INFO - [pipeline.py:248] - [Grade: F] Saved to: /Users/kenfasano/Scripts/ScreenArt/Images/Rejected/MapObsUni_SDSS_960-F.jpg
2026-03-23 12:35:11,386 - INFO - [pipeline.py:136] - "FluidWarpTransformer","alpha=13.35,sigma=0.95"
2026-03-23 12:35:11,411 - INFO - [pipeline.py:248] - [Grade: A] Saved to: /Users/kenfasano/Scripts/ScreenArt/Images/TransformedImages/bhbinary_xmm_960-A.jpg
2026-03-23 12:35:11,569 - INFO - [pipeline.py:136] - "VoronoiTransformer","edge_blend=1,num_points=295"
2026-03-23 12:35:11,616 - INFO - [pipeline.py:136] - "WheelTransformer","blend=add,copies=3"
2026-03-23 12:35:11,631 - INFO - [pipeline.py:136] - "ChromaticAberrationTransformer","angle=69.50,edge_fade=1,shift=8.30"
2026-03-23 12:35:11,700 - INFO - [pipeline.py:136] - "OilPaintingTransformer","dyn_ratio=7,size=8"
2026-03-23 12:35:11,705 - INFO - [pipeline.py:248] - [Grade: A] Saved to: /Users/kenfasano/Scripts/ScreenArt/Images/TransformedImages/idadactyl_galileo-A.jpg
2026-03-23 12:35:11,718 - INFO - [pipeline.py:136] - "DataMoshTransformer","intensity=0.02"
2026-03-23 12:35:11,725 - INFO - [pipeline.py:248] - [Grade: A] Saved to: /Users/kenfasano/Scripts/ScreenArt/Images/TransformedImages/bluemarble_apollo17-A.jpg
2026-03-23 12:35:11,745 - INFO - [pipeline.py:136] - "SwirlWarpTransformer","strength=1.50"
2026-03-23 12:35:11,756 - INFO - [pipeline.py:136] - "FractalWarpTransformer","iter=1,scale=0.05"
2026-03-23 12:35:11,763 - INFO - [pipeline.py:248] - [Grade: B] Saved to: /Users/kenfasano/Scripts/ScreenArt/Images/TransformedImages/iridescent_stankievech_900-B.jpg
2026-03-23 12:35:11,774 - INFO - [pipeline.py:136] - "ChromaticAberrationTransformer","angle=130.70,edge_fade=1,shift=10.00"
2026-03-23 12:35:11,798 - INFO - [pipeline.py:136] - "FractalWarpTransformer","iter=1,scale=0.05"
2026-03-23 12:35:11,802 - INFO - [pipeline.py:136] - "ColormapTransformer","map=hsv"
2026-03-23 12:35:11,806 - INFO - [pipeline.py:248] - [Grade: A] Saved to: /Users/kenfasano/Scripts/ScreenArt/Images/TransformedImages/trifid_aao-A.jpg
2026-03-23 12:35:11,818 - INFO - [pipeline.py:136] - "PosterizationTransformer","levels=4"
2026-03-23 12:35:11,826 - INFO - [pipeline.py:136] - "RadialWarpTransformer","radius=0.25,strength=110.15067153554448,87.7268687866305,style=push,push"
2026-03-23 12:35:11,838 - INFO - [pipeline.py:136] - "ThermalImagingTransformer","thermal=True"
2026-03-23 12:35:11,845 - INFO - [pipeline.py:248] - [Grade: A] Saved to: /Users/kenfasano/Scripts/ScreenArt/Images/TransformedImages/ISS002-E-7377_1024c-A.jpg
2026-03-23 12:35:12,012 - INFO - [pipeline.py:136] - "OilPaintingTransformer","dyn_ratio=2,size=6"
2026-03-23 12:35:12,301 - INFO - [pipeline.py:136] - "VoronoiTransformer","edge_blend=1,num_points=250"
2026-03-23 12:35:12,349 - INFO - [pipeline.py:136] - "SwirlWarpTransformer","strength=1.50"
2026-03-23 12:35:12,378 - INFO - [pipeline.py:248] - [Grade: A] Saved to: /Users/kenfasano/Scripts/ScreenArt/Images/TransformedImages/ESA_Rosetta_OSIRIS_NAC_20150812_T1735c-A.jpg
2026-03-23 12:35:12,398 - INFO - [pipeline.py:136] - "PosterizationTransformer","levels=4"
2026-03-23 12:35:12,459 - INFO - [pipeline.py:136] - "FlipWilsonTransformer","keep=bottom,narrow=0.25"
2026-03-23 12:35:12,483 - INFO - [pipeline.py:248] - [Grade: A] Saved to: /Users/kenfasano/Scripts/ScreenArt/Images/TransformedImages/Tarantula_HubbleLacrue_960-A.jpg
2026-03-23 12:35:12,503 - INFO - [pipeline.py:136] - "GlitchWarpTransformer","intensity=0.01"
2026-03-23 12:35:12,520 - INFO - [pipeline.py:136] - "FractalWarpTransformer","iter=1,scale=0.05"
2026-03-23 12:35:12,539 - INFO - [pipeline.py:136] - "ThermalImagingTransformer","thermal=True"
2026-03-23 12:35:12,550 - INFO - [pipeline.py:248] - [Grade: C] Saved to: /Users/kenfasano/Scripts/ScreenArt/Images/TransformedImages/whiteboatrock_spirit-C.jpg
2026-03-23 12:35:12,570 - INFO - [pipeline.py:136] - "RadialWarpTransformer","radius=0.25,strength=99.70501552722781,style=pull"
2026-03-23 12:35:12,598 - INFO - [pipeline.py:136] - "DataMoshTransformer","intensity=0.02"
2026-03-23 12:35:12,617 - INFO - [pipeline.py:136] - "FisheyeTransformer","shape=oval,strength=0.76,zoom=1.15"
2026-03-23 12:35:12,633 - INFO - [pipeline.py:248] - [Grade: C] Saved to: /Users/kenfasano/Scripts/ScreenArt/Images/TransformedImages/M76_150crawford900c-C.jpg
2026-03-23 12:35:12,769 - INFO - [pipeline.py:136] - "FractalWarpTransformer","iter=1,scale=0.05"
2026-03-23 12:35:12,819 - INFO - [pipeline.py:248] - [Grade: A] Saved to: /Users/kenfasano/Scripts/ScreenArt/Images/TransformedImages/nasa_earth_1_Mumbai_True_Color-A.jpeg
2026-03-23 12:35:12,970 - INFO - [pipeline.py:136] - "SwirlWarpTransformer","strength=1.50"
2026-03-23 12:35:13,581 - INFO - [pipeline.py:136] - "WatercolorTransformer","scale=0.85,style=psychedelic"
2026-03-23 12:35:13,634 - INFO - [pipeline.py:248] - [Grade: B] Saved to: /Users/kenfasano/Scripts/ScreenArt/Images/TransformedImages/nasa_earth_3_Moscow_Vegetation_False_Color-B.jpeg
2026-03-23 12:35:13,801 - INFO - [pipeline.py:136] - "FluidWarpTransformer","alpha=0.41,sigma=7.72"
2026-03-23 12:35:14,170 - INFO - [pipeline.py:136] - "OilPaintingTransformer","dyn_ratio=3,size=4"
2026-03-23 12:35:14,271 - INFO - [pipeline.py:136] - "ThermalImagingTransformer","thermal=True"
2026-03-23 12:35:14,316 - INFO - [pipeline.py:248] - [Grade: C] Saved to: /Users/kenfasano/Scripts/ScreenArt/Images/TransformedImages/nasa_earth_4_Cape_Town_Surface_Temp_Day-C.jpeg
2026-03-23 12:35:14,385 - INFO - [pipeline.py:136] - "RadialWarpTransformer","radius=0.25,strength=78.96815317054453,103.97276936382751,style=push,pull"
2026-03-23 12:35:15,157 - INFO - [pipeline.py:136] - "VoronoiTransformer","edge_blend=1,num_points=307"
2026-03-23 12:35:15,225 - INFO - [pipeline.py:136] - "ChromaticAberrationTransformer","angle=142.30,edge_fade=1,shift=8.00"
2026-03-23 12:35:15,329 - INFO - [pipeline.py:136] - "FractalWarpTransformer","iter=1,scale=0.05"
2026-03-23 12:35:15,371 - INFO - [pipeline.py:248] - [Grade: F] Saved to: /Users/kenfasano/Scripts/ScreenArt/Images/Rejected/nasa_earth_2_Istanbul_Night_Lights-F.jpeg
2026-03-23 12:35:15,846 - INFO - [pipeline.py:136] - "PixelSortTransformer","direction=cols,high=0.76,low=0.10,sort_key=brightness"
2026-03-23 12:35:15,861 - INFO - [pipeline.py:248] - [Grade: A] Saved to: /Users/kenfasano/Scripts/ScreenArt/Images/TransformedImages/noaa_goes_1_se_GeoColor-A.jpeg
2026-03-23 12:35:15,983 - INFO - [pipeline.py:136] - "HalftoneTransformer","size=2"
2026-03-23 12:35:16,064 - INFO - [pipeline.py:136] - "FlipWilsonTransformer","keep=bottom,narrow=0.25"
2026-03-23 12:35:16,119 - INFO - [pipeline.py:136] - "SwirlWarpTransformer","strength=1.50"
2026-03-23 12:35:16,165 - INFO - [pipeline.py:136] - "DataMoshTransformer","intensity=0.01"
2026-03-23 12:35:16,191 - INFO - [pipeline.py:248] - [Grade: A] Saved to: /Users/kenfasano/Scripts/ScreenArt/Images/TransformedImages/Digital_-A.jpeg
2026-03-23 12:35:16,209 - INFO - [pipeline.py:136] - "WheelTransformer","blend=add,copies=3"
2026-03-23 12:35:16,240 - INFO - [pipeline.py:136] - "WatercolorTransformer","scale=0.85,style=monet"
2026-03-23 12:35:16,243 - INFO - [pipeline.py:248] - [Grade: A] Saved to: /Users/kenfasano/Scripts/ScreenArt/Images/TransformedImages/Helmburn_Farm_--A.jpeg
2026-03-23 12:35:16,353 - INFO - [pipeline.py:136] - "WheelTransformer","blend=add,copies=3"
2026-03-23 12:35:16,405 - INFO - [pipeline.py:136] - "KaleidoscopeTransformer","cx_off=0.02,cy_off=-0.20,segments=8"
2026-03-23 12:35:16,424 - INFO - [pipeline.py:248] - [Grade: A] Saved to: /Users/kenfasano/Scripts/ScreenArt/Images/TransformedImages/Rustam_Bagh__Ox-A.jpeg
2026-03-23 12:35:16,433 - INFO - [pipeline.py:136] - "DataMoshTransformer","intensity=0.01"
2026-03-23 12:35:16,439 - INFO - [pipeline.py:136] - "ThermalImagingTransformer","thermal=True"
2026-03-23 12:35:16,443 - INFO - [pipeline.py:136] - "GlitchWarpTransformer","intensity=0.01"
2026-03-23 12:35:16,448 - INFO - [pipeline.py:248] - [Grade: B] Saved to: /Users/kenfasano/Scripts/ScreenArt/Images/TransformedImages/Walker__Long_an-B.jpeg
2026-03-23 12:35:16,529 - INFO - [pipeline.py:136] - "ColormapTransformer","map=autumn"
2026-03-23 12:35:16,664 - INFO - [pipeline.py:136] - "KaleidoscopeTransformer","cx_off=-0.04,cy_off=-0.03,segments=8"
2026-03-23 12:35:17,229 - INFO - [pipeline.py:136] - "WatercolorTransformer","scale=0.85,style=psychedelic"
2026-03-23 12:35:17,310 - INFO - [pipeline.py:136] - "FractalWarpTransformer","iter=1,scale=0.05"
2026-03-23 12:35:17,346 - INFO - [pipeline.py:248] - [Grade: A] Saved to: /Users/kenfasano/Scripts/ScreenArt/Images/TransformedImages/lossy-page1-192-A.jpeg
2026-03-23 12:35:17,377 - INFO - [pipeline.py:136] - "PosterizationTransformer","levels=4"
2026-03-23 12:35:17,524 - INFO - [pipeline.py:136] - "WheelTransformer","blend=add,copies=3"
2026-03-23 12:35:17,560 - INFO - [pipeline.py:136] - "FisheyeTransformer","shape=oval,strength=0.38,zoom=1.05"
2026-03-23 12:35:17,585 - INFO - [pipeline.py:248] - [Grade: A] Saved to: /Users/kenfasano/Scripts/ScreenArt/Images/TransformedImages/MD.NS.Bă-A.jpeg
2026-03-23 12:35:17,677 - INFO - [pipeline.py:136] - "PixelSortTransformer","direction=rows,high=0.66,low=0.29,sort_key=blue"
2026-03-23 12:35:17,716 - INFO - [pipeline.py:136] - "SwirlWarpTransformer","strength=1.50"
2026-03-23 12:35:17,829 - INFO - [pipeline.py:136] - "WheelTransformer","blend=add,copies=3"
2026-03-23 12:35:17,848 - INFO - [pipeline.py:248] - [Grade: A] Saved to: /Users/kenfasano/Scripts/ScreenArt/Images/TransformedImages/lojong_2-A-tile.jpeg
2026-03-23 12:35:17,896 - INFO - [pipeline.py:136] - "ThermalImagingTransformer","thermal=True"
2026-03-23 12:35:17,909 - INFO - [pipeline.py:136] - "ColormapTransformer","map=bone"
2026-03-23 12:35:17,929 - INFO - [pipeline.py:248] - [Grade: B] Saved to: /Users/kenfasano/Scripts/ScreenArt/Images/TransformedImages/lojong_3-B-columns.jpeg
2026-03-23 12:35:17,951 - INFO - [pipeline.py:136] - "PosterizationTransformer","levels=4"
2026-03-23 12:35:18,648 - INFO - [pipeline.py:136] - "PixelSortTransformer","direction=cols,high=0.71,low=0.08,sort_key=green"
2026-03-23 12:35:18,885 - INFO - [pipeline.py:136] - "FluidWarpTransformer","alpha=0.17,sigma=6.49"
2026-03-23 12:35:18,975 - INFO - [pipeline.py:248] - [Grade: A] Saved to: /Users/kenfasano/Scripts/ScreenArt/Images/TransformedImages/lojong_8-A-scatter.jpeg
2026-03-23 12:35:19,061 - INFO - [pipeline.py:136] - "PosterizationTransformer","levels=4"
2026-03-23 12:35:19,196 - INFO - [pipeline.py:136] - "FlipWilsonTransformer","keep=bottom,narrow=0.25"
2026-03-23 12:35:19,362 - INFO - [pipeline.py:136] - "OilPaintingTransformer","dyn_ratio=3,size=7"
2026-03-23 12:35:19,381 - INFO - [pipeline.py:248] - [Grade: C] Saved to: /Users/kenfasano/Scripts/ScreenArt/Images/TransformedImages/lojong_4-C-hero.jpeg
2026-03-23 12:35:19,644 - INFO - [pipeline.py:136] - "OilPaintingTransformer","dyn_ratio=4,size=6"
2026-03-23 12:35:19,960 - INFO - [pipeline.py:136] - "PixelSortTransformer","direction=rows,high=0.87,low=0.13,sort_key=saturation"
2026-03-23 12:35:19,974 - INFO - [pipeline.py:136] - "PosterizationTransformer","levels=4"
2026-03-23 12:35:20,014 - INFO - [pipeline.py:136] - "FractalWarpTransformer","iter=1,scale=0.05"
2026-03-23 12:35:20,033 - INFO - [pipeline.py:248] - [Grade: A] Saved to: /Users/kenfasano/Scripts/ScreenArt/Images/TransformedImages/lojong_5-A-columns.jpeg
2026-03-23 12:35:20,097 - INFO - [pipeline.py:136] - "MeltMorphTransformer","intensity=0.50"
2026-03-23 12:35:20,134 - INFO - [pipeline.py:136] - "FractalWarpTransformer","iter=1,scale=0.05"
2026-03-23 12:35:20,218 - INFO - [pipeline.py:136] - "PixelSortTransformer","direction=rows,high=0.86,low=0.05,sort_key=brightness"
2026-03-23 12:35:20,236 - INFO - [pipeline.py:248] - [Grade: A] Saved to: /Users/kenfasano/Scripts/ScreenArt/Images/TransformedImages/lojong_9-A-hero.jpeg
2026-03-23 12:35:20,294 - INFO - [pipeline.py:136] - "HalftoneTransformer","size=2"
2026-03-23 12:35:20,327 - INFO - [pipeline.py:136] - "FluidWarpTransformer","alpha=13.06,sigma=1.88"
2026-03-23 12:35:20,423 - INFO - [pipeline.py:136] - "PixelSortTransformer","direction=rows,high=0.58,low=0.11,sort_key=brightness"
2026-03-23 12:35:20,441 - INFO - [pipeline.py:136] - "RadialWarpTransformer","radius=0.25,strength=97.43181408655255,style=push"
2026-03-23 12:35:20,459 - INFO - [pipeline.py:248] - [Grade: A] Saved to: /Users/kenfasano/Scripts/ScreenArt/Images/TransformedImages/lojong_6-A-scatter.jpeg
2026-03-23 12:35:20,489 - INFO - [pipeline.py:136] - "RadialWarpTransformer","radius=0.25,strength=118.19854060733644,59.715619565771576,style=pull,pull"
2026-03-23 12:35:20,603 - INFO - [pipeline.py:136] - "PixelSortTransformer","direction=rows,high=0.74,low=0.16,sort_key=blue"
2026-03-23 12:35:20,622 - INFO - [pipeline.py:248] - [Grade: C] Saved to: /Users/kenfasano/Scripts/ScreenArt/Images/TransformedImages/lojong_7-C-scatter.jpeg
2026-03-23 12:35:20,644 - INFO - [pipeline.py:136] - "ColormapTransformer","map=bone"
2026-03-23 12:35:20,760 - INFO - [pipeline.py:136] - "WheelTransformer","blend=add,copies=3"
2026-03-23 12:35:20,809 - INFO - [pipeline.py:136] - "HalftoneTransformer","size=2"
2026-03-23 12:35:20,822 - INFO - [pipeline.py:136] - "PosterizationTransformer","levels=4"
2026-03-23 12:35:20,840 - INFO - [pipeline.py:248] - [Grade: A] Saved to: /Users/kenfasano/Scripts/ScreenArt/Images/TransformedImages/lojong_0-A-scatter.jpeg
2026-03-23 12:35:20,968 - INFO - [pipeline.py:136] - "PixelSortTransformer","direction=rows,high=0.83,low=0.26,sort_key=green"
2026-03-23 12:35:20,995 - INFO - [pipeline.py:136] - "ChromaticAberrationTransformer","angle=294.80,edge_fade=1,shift=16.10"
2026-03-23 12:35:21,050 - INFO - [pipeline.py:136] - "MeltMorphTransformer","intensity=0.50"
2026-03-23 12:35:21,099 - INFO - [pipeline.py:136] - "HalftoneTransformer","size=2"
2026-03-23 12:35:21,117 - INFO - [pipeline.py:248] - [Grade: A] Saved to: /Users/kenfasano/Scripts/ScreenArt/Images/TransformedImages/lojong_1-A-columns.jpeg
2026-03-23 12:35:21,140 - INFO - [pipeline.py:136] - "ColormapTransformer","map=bone"
2026-03-23 12:35:21,153 - INFO - [pipeline.py:136] - "PosterizationTransformer","levels=4"
2026-03-23 12:35:21,311 - INFO - [pipeline.py:136] - "VoronoiTransformer","edge_blend=1,num_points=102"
2026-03-23 12:35:21,350 - INFO - [pipeline.py:136] - "DataMoshTransformer","intensity=0.02"
2026-03-23 12:35:21,403 - INFO - [pipeline.py:248] - [Grade: C] Saved to: /Users/kenfasano/Scripts/ScreenArt/Images/TransformedImages/psalms_106-C-hero.jpeg
2026-03-23 12:35:21,456 - INFO - [pipeline.py:136] - "RadialWarpTransformer","radius=0.25,strength=98.03770549914927,107.54255676595386,122.64874882512845,style=pull,pull,pull"
2026-03-23 12:35:21,775 - INFO - [pipeline.py:136] - "VoronoiTransformer","edge_blend=1,num_points=210"
2026-03-23 12:35:21,795 - INFO - [pipeline.py:248] - [Grade: A] Saved to: /Users/kenfasano/Scripts/ScreenArt/Images/TransformedImages/psalms_70-A-hero.jpeg
2026-03-23 12:35:21,824 - INFO - [pipeline.py:136] - "PosterizationTransformer","levels=4"
2026-03-23 12:35:21,853 - INFO - [pipeline.py:136] - "GlitchWarpTransformer","intensity=0.01"
2026-03-23 12:35:22,110 - INFO - [pipeline.py:136] - "WatercolorTransformer","scale=0.85,style=monet"
2026-03-23 12:35:22,149 - INFO - [pipeline.py:136] - "RadialWarpTransformer","radius=0.25,strength=74.47753519191258,58.383014661863754,82.675750292873,style=pull,pull,pull"
2026-03-23 12:35:22,171 - INFO - [pipeline.py:248] - [Grade: A] Saved to: /Users/kenfasano/Scripts/ScreenArt/Images/TransformedImages/psalms_93-A-columns.jpeg
2026-03-23 12:35:22,201 - INFO - [pipeline.py:136] - "RadialWarpTransformer","radius=0.25,strength=128.86118635769407,39.46152668288032,style=push,pull"
2026-03-23 12:35:22,228 - INFO - [pipeline.py:136] - "ChromaticAberrationTransformer","angle=124.80,edge_fade=1,shift=8.00"
2026-03-23 12:35:22,283 - INFO - [pipeline.py:136] - "MeltMorphTransformer","intensity=0.50"
2026-03-23 12:35:22,306 - INFO - [pipeline.py:248] - [Grade: C] Saved to: /Users/kenfasano/Scripts/ScreenArt/Images/TransformedImages/psalms_100-C-hero.jpeg
2026-03-23 12:35:22,361 - INFO - [pipeline.py:136] - "FractalWarpTransformer","iter=1,scale=0.05"
2026-03-23 12:35:22,388 - INFO - [pipeline.py:136] - "ChromaticAberrationTransformer","angle=101.30,edge_fade=1,shift=8.80"
2026-03-23 12:35:22,407 - INFO - [pipeline.py:248] - [Grade: A] Saved to: /Users/kenfasano/Scripts/ScreenArt/Images/TransformedImages/psalms_28-A-hero.jpeg
2026-03-23 12:35:22,591 - INFO - [pipeline.py:136] - "VoronoiTransformer","edge_blend=1,num_points=112"
2026-03-23 12:35:22,799 - INFO - [pipeline.py:136] - "WatercolorTransformer","scale=0.85,style=psychedelic"
2026-03-23 12:35:22,812 - INFO - [pipeline.py:136] - "PosterizationTransformer","levels=4"
2026-03-23 12:35:22,825 - INFO - [pipeline.py:136] - "ColormapTransformer","map=rainbow"
2026-03-23 12:35:22,845 - INFO - [pipeline.py:248] - [Grade: A] Saved to: /Users/kenfasano/Scripts/ScreenArt/Images/TransformedImages/psalms_129-A-tile.jpeg
2026-03-23 12:35:22,878 - INFO - [pipeline.py:136] - "ChromaticAberrationTransformer","angle=209.10,edge_fade=1,shift=14.50"
2026-03-23 12:35:22,976 - INFO - [pipeline.py:136] - "PixelSortTransformer","direction=cols,high=0.69,low=0.27,sort_key=brightness"
2026-03-23 12:35:23,029 - INFO - [pipeline.py:136] - "MeltMorphTransformer","intensity=0.50"
2026-03-23 12:35:23,042 - INFO - [pipeline.py:136] - "PosterizationTransformer","levels=4"
2026-03-23 12:35:23,061 - INFO - [pipeline.py:248] - [Grade: A] Saved to: /Users/kenfasano/Scripts/ScreenArt/Images/TransformedImages/psalms_81-A-hero.jpeg
2026-03-23 12:35:23,105 - INFO - [pipeline.py:136] - "FractalWarpTransformer","iter=1,scale=0.05"
2026-03-23 12:35:23,130 - INFO - [pipeline.py:136] - "ChromaticAberrationTransformer","angle=286.90,edge_fade=1,shift=17.10"
2026-03-23 12:35:23,153 - INFO - [pipeline.py:136] - "FisheyeTransformer","shape=circle,strength=0.28,zoom=1.12"
2026-03-23 12:35:23,172 - INFO - [pipeline.py:248] - [Grade: F] Saved to: /Users/kenfasano/Scripts/ScreenArt/Images/Rejected/psalms_105-F-tile.jpeg
2026-03-23 12:35:23,217 - INFO - [pipeline.py:136] - "ThermalImagingTransformer","thermal=True"
2026-03-23 12:35:23,229 - INFO - [pipeline.py:136] - "PosterizationTransformer","levels=4"
2026-03-23 12:35:23,242 - INFO - [pipeline.py:136] - "ColormapTransformer","map=summer"
2026-03-23 12:35:23,260 - INFO - [pipeline.py:248] - [Grade: A] Saved to: /Users/kenfasano/Scripts/ScreenArt/Images/TransformedImages/psalms_18-A-scatter.jpeg
2026-03-23 12:35:23,282 - INFO - [pipeline.py:136] - "PosterizationTransformer","levels=4"
2026-03-23 12:35:23,301 - INFO - [pipeline.py:248] - [Grade: A] Saved to: /Users/kenfasano/Scripts/ScreenArt/Images/TransformedImages/psalms_14-A-scatter.jpeg
2026-03-23 12:35:23,310 - INFO - [pipeline.py:136] - "RadialWarpTransformer","radius=0.25,strength=68.49814431583516,style=pull"
2026-03-23 12:35:23,316 - INFO - [pipeline.py:136] - "ColormapTransformer","map=hsv"
2026-03-23 12:35:23,323 - INFO - [pipeline.py:248] - [Grade: A] Saved to: /Users/kenfasano/Scripts/ScreenArt/Images/TransformedImages/peripheral_drift_18-A.jpeg
2026-03-23 12:35:23,337 - INFO - [pipeline.py:136] - "FluidWarpTransformer","alpha=4.00,sigma=4.66"
2026-03-23 12:35:23,344 - INFO - [pipeline.py:248] - [Grade: A] Saved to: /Users/kenfasano/Scripts/ScreenArt/Images/TransformedImages/peripheral_drift_2-A.jpeg
2026-03-23 12:35:23,360 - INFO - [pipeline.py:136] - "ThermalImagingTransformer","thermal=True"
2026-03-23 12:35:23,378 - INFO - [pipeline.py:136] - "KaleidoscopeTransformer","cx_off=-0.10,cy_off=-0.10,segments=8"
2026-03-23 12:35:23,456 - INFO - [pipeline.py:136] - "VoronoiTransformer","edge_blend=1,num_points=184"
2026-03-23 12:35:23,464 - INFO - [pipeline.py:248] - [Grade: A] Saved to: /Users/kenfasano/Scripts/ScreenArt/Images/TransformedImages/peripheral_drift_14-A.jpeg
2026-03-23 12:35:23,483 - INFO - [pipeline.py:136] - "ChromaticAberrationTransformer","angle=77.50,edge_fade=1,shift=4.90"
2026-03-23 12:35:23,487 - INFO - [pipeline.py:136] - "PosterizationTransformer","levels=4"
2026-03-23 12:35:23,495 - INFO - [pipeline.py:248] - [Grade: A] Saved to: /Users/kenfasano/Scripts/ScreenArt/Images/TransformedImages/peripheral_drift_15-A.jpeg
2026-03-23 12:35:23,514 - INFO - [pipeline.py:136] - "HalftoneTransformer","size=2"
2026-03-23 12:35:23,520 - INFO - [pipeline.py:248] - [Grade: A] Saved to: /Users/kenfasano/Scripts/ScreenArt/Images/TransformedImages/peripheral_drift_3-A.jpeg
2026-03-23 12:35:23,536 - INFO - [pipeline.py:136] - "DataMoshTransformer","intensity=0.02"
2026-03-23 12:35:23,552 - INFO - [pipeline.py:136] - "KaleidoscopeTransformer","cx_off=-0.15,cy_off=-0.14,segments=6"
2026-03-23 12:35:23,561 - INFO - [pipeline.py:248] - [Grade: A] Saved to: /Users/kenfasano/Scripts/ScreenArt/Images/TransformedImages/peripheral_drift_19-A.jpeg
2026-03-23 12:35:23,578 - INFO - [pipeline.py:136] - "DataMoshTransformer","intensity=0.02"
2026-03-23 12:35:23,589 - INFO - [pipeline.py:248] - [Grade: A] Saved to: /Users/kenfasano/Scripts/ScreenArt/Images/TransformedImages/peripheral_drift_12-A.jpeg
2026-03-23 12:35:23,612 - INFO - [pipeline.py:136] - "FlipWilsonTransformer","keep=bottom,narrow=0.25"
2026-03-23 12:35:23,630 - INFO - [pipeline.py:136] - "KaleidoscopeTransformer","cx_off=0.19,cy_off=-0.13,segments=8"
2026-03-23 12:35:23,669 - INFO - [pipeline.py:136] - "OilPaintingTransformer","dyn_ratio=4,size=6"
2026-03-23 12:35:23,677 - INFO - [pipeline.py:248] - [Grade: A] Saved to: /Users/kenfasano/Scripts/ScreenArt/Images/TransformedImages/peripheral_drift_8-A.jpeg
2026-03-23 12:35:23,699 - INFO - [pipeline.py:136] - "KaleidoscopeTransformer","cx_off=0.20,cy_off=0.14,segments=6"
2026-03-23 12:35:23,734 - INFO - [pipeline.py:136] - "OilPaintingTransformer","dyn_ratio=6,size=5"
2026-03-23 12:35:23,748 - INFO - [pipeline.py:136] - "HalftoneTransformer","size=2"
2026-03-23 12:35:23,754 - INFO - [pipeline.py:248] - [Grade: A] Saved to: /Users/kenfasano/Scripts/ScreenArt/Images/TransformedImages/peripheral_drift_4-A.jpeg
2026-03-23 12:35:23,794 - INFO - [pipeline.py:136] - "OilPaintingTransformer","dyn_ratio=3,size=6"
2026-03-23 12:35:23,828 - INFO - [pipeline.py:136] - "WheelTransformer","blend=add,copies=3"
2026-03-23 12:35:23,840 - INFO - [pipeline.py:136] - "DataMoshTransformer","intensity=0.02"
2026-03-23 12:35:23,857 - INFO - [pipeline.py:136] - "KaleidoscopeTransformer","cx_off=-0.07,cy_off=0.02,segments=12"
2026-03-23 12:35:23,864 - INFO - [pipeline.py:248] - [Grade: A] Saved to: /Users/kenfasano/Scripts/ScreenArt/Images/TransformedImages/peripheral_drift_5-A.jpeg
2026-03-23 12:35:23,877 - INFO - [pipeline.py:136] - "ChromaticAberrationTransformer","angle=150.80,edge_fade=1,shift=15.80"
2026-03-23 12:35:23,884 - INFO - [pipeline.py:248] - [Grade: A] Saved to: /Users/kenfasano/Scripts/ScreenArt/Images/TransformedImages/peripheral_drift_9-A.jpeg
2026-03-23 12:35:23,902 - INFO - [pipeline.py:136] - "FluidWarpTransformer","alpha=11.90,sigma=6.96"
2026-03-23 12:35:23,910 - INFO - [pipeline.py:136] - "ChromaticAberrationTransformer","angle=233.80,edge_fade=1,shift=12.50"
2026-03-23 12:35:23,980 - INFO - [pipeline.py:136] - "WatercolorTransformer","scale=0.85,style=psychedelic"
2026-03-23 12:35:23,985 - INFO - [pipeline.py:136] - "ColormapTransformer","map=summer"
2026-03-23 12:35:23,993 - INFO - [pipeline.py:248] - [Grade: B] Saved to: /Users/kenfasano/Scripts/ScreenArt/Images/TransformedImages/peripheral_drift_13-B.jpeg
2026-03-23 12:35:24,005 - INFO - [pipeline.py:136] - "FluidWarpTransformer","alpha=8.03,sigma=0.99"
2026-03-23 12:35:24,013 - INFO - [pipeline.py:248] - [Grade: A] Saved to: /Users/kenfasano/Scripts/ScreenArt/Images/TransformedImages/peripheral_drift_10-A.jpeg
2026-03-23 12:35:24,066 - INFO - [pipeline.py:136] - "PixelSortTransformer","direction=rows,high=0.61,low=0.06,sort_key=red"
2026-03-23 12:35:24,086 - INFO - [pipeline.py:136] - "FlipWilsonTransformer","keep=bottom,narrow=0.25"
2026-03-23 12:35:24,094 - INFO - [pipeline.py:248] - [Grade: A] Saved to: /Users/kenfasano/Scripts/ScreenArt/Images/TransformedImages/peripheral_drift_6-A.jpeg
2026-03-23 12:35:24,112 - INFO - [pipeline.py:136] - "SwirlWarpTransformer","strength=1.50"
2026-03-23 12:35:24,126 - INFO - [pipeline.py:248] - [Grade: A] Saved to: /Users/kenfasano/Scripts/ScreenArt/Images/TransformedImages/peripheral_drift_7-A.jpeg
2026-03-23 12:35:24,148 - INFO - [pipeline.py:136] - "HalftoneTransformer","size=2"
2026-03-23 12:35:24,165 - INFO - [pipeline.py:136] - "KaleidoscopeTransformer","cx_off=-0.01,cy_off=0.11,segments=6"
2026-03-23 12:35:24,202 - INFO - [pipeline.py:136] - "FlipWilsonTransformer","keep=bottom,narrow=0.25"
2026-03-23 12:35:24,215 - INFO - [pipeline.py:248] - [Grade: A] Saved to: /Users/kenfasano/Scripts/ScreenArt/Images/TransformedImages/peripheral_drift_11-A.jpeg
2026-03-23 12:35:24,238 - INFO - [pipeline.py:136] - "GlitchWarpTransformer","intensity=0.01"
2026-03-23 12:35:24,251 - INFO - [pipeline.py:136] - "FractalWarpTransformer","iter=1,scale=0.05"
2026-03-23 12:35:24,258 - INFO - [pipeline.py:248] - [Grade: A] Saved to: /Users/kenfasano/Scripts/ScreenArt/Images/TransformedImages/peripheral_drift_20-A.jpeg
2026-03-23 12:35:24,277 - INFO - [pipeline.py:136] - "KaleidoscopeTransformer","cx_off=-0.05,cy_off=0.17,segments=4"
2026-03-23 12:35:24,344 - INFO - [pipeline.py:136] - "WatercolorTransformer","scale=0.85,style=psychedelic"
2026-03-23 12:35:24,351 - INFO - [pipeline.py:248] - [Grade: A] Saved to: /Users/kenfasano/Scripts/ScreenArt/Images/TransformedImages/peripheral_drift_16-A.jpeg
2026-03-23 12:35:24,361 - INFO - [pipeline.py:136] - "FisheyeTransformer","shape=circle,strength=0.62,zoom=0.96"
2026-03-23 12:35:24,373 - INFO - [pipeline.py:136] - "FluidWarpTransformer","alpha=1.59,sigma=5.46"
2026-03-23 12:35:24,385 - INFO - [pipeline.py:136] - "SwirlWarpTransformer","strength=1.50"
2026-03-23 12:35:24,392 - INFO - [pipeline.py:248] - [Grade: A] Saved to: /Users/kenfasano/Scripts/ScreenArt/Images/TransformedImages/peripheral_drift_17-A.jpeg
2026-03-23 12:35:24,413 - INFO - [pipeline.py:136] - "KaleidoscopeTransformer","cx_off=0.12,cy_off=0.07,segments=4"
2026-03-23 12:35:24,419 - INFO - [pipeline.py:136] - "RadialWarpTransformer","radius=0.25,strength=72.9796796706667,style=pull"
2026-03-23 12:35:24,429 - INFO - [pipeline.py:248] - [Grade: A] Saved to: /Users/kenfasano/Scripts/ScreenArt/Images/TransformedImages/peripheral_drift_1-A.jpeg
2026-03-23 12:35:24,429 - INFO - [main.py:186] - WatercolorTransformer
2026-03-23 12:35:24,429 - INFO - [main.py:186] - VoronoiTransformer
2026-03-23 12:35:24,429 - INFO - [main.py:186] - PixelSortTransformer
2026-03-23 12:35:24,429 - INFO - [main.py:186] - OilPaintingTransformer
2026-03-23 12:35:24,429 - INFO - [main.py:186] - WheelTransformer
2026-03-23 12:35:24,429 - INFO - [main.py:186] - MeltMorphTransformer
2026-03-23 12:35:24,429 - INFO - [main.py:186] - FlipWilsonTransformer
2026-03-23 12:35:24,429 - INFO - [main.py:186] - HalftoneTransformer
2026-03-23 12:35:24,429 - INFO - [main.py:186] - SwirlWarpTransformer
2026-03-23 12:35:24,429 - INFO - [main.py:186] - FluidWarpTransformer
2026-03-23 12:35:24,429 - INFO - [main.py:186] - KaleidoscopeTransformer
2026-03-23 12:35:24,429 - INFO - [main.py:186] - FractalWarpTransformer
2026-03-23 12:35:24,429 - INFO - [main.py:186] - ThermalImagingTransformer
2026-03-23 12:35:24,429 - INFO - [main.py:186] - FisheyeTransformer
2026-03-23 12:35:24,429 - INFO - [main.py:186] - ChromaticAberrationTransformer
2026-03-23 12:35:24,429 - INFO - [main.py:186] - DataMoshTransformer
2026-03-23 12:35:24,429 - INFO - [main.py:186] - GlitchWarpTransformer
2026-03-23 12:35:24,429 - INFO - [main.py:186] - RadialWarpTransformer
2026-03-23 12:35:24,429 - INFO - [main.py:186] - PosterizationTransformer
2026-03-23 12:35:24,429 - INFO - [main.py:186] - ColormapTransformer
2026-03-23 12:35:24,429 - INFO - [main.py:229] - 48s@12:35 ✓
Accepted: 72
Rejected: 6
---
Bible                      -> 14746ms
Wiki                       ->  4424ms
Lojong                     ->  2549ms
NasaMapGenerator           ->  1154ms
PeripheralDriftIllusion    ->   899ms
Nasa                       ->   847ms
Bubbles                    ->   687ms
GoesGenerator              ->   563ms
Cubes                      ->   228ms
---
WatercolorTransformer            -> Min:    30ms | Avg:   295ms | Max:   612ms
VoronoiTransformer               -> Min:    78ms | Avg:   278ms | Max:   772ms
PixelSortTransformer             -> Min:    15ms | Avg:   249ms | Max:   750ms
OilPaintingTransformer           -> Min:    35ms | Avg:   221ms | Max:   528ms
WheelTransformer                 -> Min:    15ms | Avg:   158ms | Max:   346ms
MeltMorphTransformer             -> Min:    53ms | Avg:    91ms | Max:   168ms
FlipWilsonTransformer            -> Min:    20ms | Avg:    80ms | Max:   210ms
HalftoneTransformer              -> Min:    14ms | Avg:    79ms | Max:   187ms
SwirlWarpTransformer             -> Min:    12ms | Avg:    68ms | Max:   149ms
FluidWarpTransformer             -> Min:     9ms | Avg:    61ms | Max:   237ms
KaleidoscopeTransformer          -> Min:    16ms | Avg:    56ms | Max:   183ms
FractalWarpTransformer           -> Min:    12ms | Avg:    55ms | Max:   114ms
ThermalImagingTransformer        -> Min:     6ms | Avg:    53ms | Max:   148ms
FisheyeTransformer               -> Min:     7ms | Avg:    37ms | Max:   104ms
ChromaticAberrationTransformer   -> Min:     8ms | Avg:    36ms | Max:    85ms
DataMoshTransformer              -> Min:     6ms | Avg:    33ms | Max:   136ms
GlitchWarpTransformer            -> Min:     4ms | Avg:    29ms | Max:    95ms
RadialWarpTransformer            -> Min:     6ms | Avg:    26ms | Max:    69ms
PosterizationTransformer         -> Min:     4ms | Avg:    20ms | Max:    47ms
ColormapTransformer              -> Min:     4ms | Avg:    19ms | Max:    48ms
