2026-03-13 20:23:22,869 - INFO - [pipeline.py:136] - "FisheyeTransformer","shape=circle,strength=0.62,zoom=1.09"
2026-03-13 20:23:22,926 - INFO - [pipeline.py:136] - "MeltMorphTransformer","intensity=0.50"
2026-03-13 20:23:23,040 - INFO - [pipeline.py:136] - "WheelTransformer","blend=add,copies=3"
2026-03-13 20:23:23,054 - INFO - [pipeline.py:136] - "ColormapTransformer","map=autumn"
2026-03-13 20:23:23,072 - INFO - [pipeline.py:229] - [Grade: A] Saved to: /Users/kenfasano/Scripts/ScreenArt/Images/TransformedImages/bubbles_4-A.jpeg
2026-03-13 20:23:23,118 - INFO - [pipeline.py:136] - "DataMoshTransformer","intensity=0.02"
2026-03-13 20:23:23,135 - INFO - [pipeline.py:229] - [Grade: C] Saved to: /Users/kenfasano/Scripts/ScreenArt/Images/TransformedImages/bubbles_8-C.jpeg
2026-03-13 20:23:23,179 - INFO - [pipeline.py:136] - "ThermalImagingTransformer","thermal=True"
2026-03-13 20:23:23,197 - INFO - [pipeline.py:229] - [Grade: A] Saved to: /Users/kenfasano/Scripts/ScreenArt/Images/TransformedImages/bubbles_9-A.jpeg
2026-03-13 20:23:23,332 - INFO - [pipeline.py:136] - "XrayTransformer","colors=256"
2026-03-13 20:23:23,368 - INFO - [pipeline.py:136] - "FractalWarpTransformer","iter=1,scale=0.05"
2026-03-13 20:23:23,384 - INFO - [pipeline.py:229] - [Grade: A] Saved to: /Users/kenfasano/Scripts/ScreenArt/Images/TransformedImages/bubbles_5-A.jpeg
2026-03-13 20:23:23,429 - INFO - [pipeline.py:136] - "ThermalImagingTransformer","thermal=True"
2026-03-13 20:23:23,446 - INFO - [pipeline.py:229] - [Grade: A] Saved to: /Users/kenfasano/Scripts/ScreenArt/Images/TransformedImages/bubbles_2-A.jpeg
2026-03-13 20:23:23,467 - INFO - [pipeline.py:136] - "ColormapTransformer","map=pink"
2026-03-13 20:23:23,491 - INFO - [pipeline.py:136] - "RadialWarpTransformer","radius=0.25,strength=118.65065144957191,98.85433151754523,86.49502218010922,style=push,push,push"
2026-03-13 20:23:23,597 - INFO - [pipeline.py:136] - "XrayTransformer","colors=128"
2026-03-13 20:23:23,614 - INFO - [pipeline.py:229] - [Grade: A] Saved to: /Users/kenfasano/Scripts/ScreenArt/Images/TransformedImages/bubbles_3-A.jpeg
2026-03-13 20:23:23,674 - INFO - [pipeline.py:136] - "MeltMorphTransformer","intensity=0.50"
2026-03-13 20:23:23,734 - INFO - [pipeline.py:136] - "FlipWilsonTransformer","keep=bottom,narrow=0.24"
2026-03-13 20:23:23,751 - INFO - [pipeline.py:229] - [Grade: C] Saved to: /Users/kenfasano/Scripts/ScreenArt/Images/TransformedImages/bubbles_10-C.jpeg
2026-03-13 20:23:23,872 - INFO - [pipeline.py:136] - "WheelTransformer","blend=add,copies=3"
2026-03-13 20:23:23,908 - INFO - [pipeline.py:136] - "ThermalImagingTransformer","thermal=True"
2026-03-13 20:23:23,946 - INFO - [pipeline.py:136] - "DataMoshTransformer","intensity=0.02"
2026-03-13 20:23:23,964 - INFO - [pipeline.py:229] - [Grade: A] Saved to: /Users/kenfasano/Scripts/ScreenArt/Images/TransformedImages/bubbles_1-A.jpeg
2026-03-13 20:23:24,024 - INFO - [pipeline.py:136] - "MeltMorphTransformer","intensity=0.50"
2026-03-13 20:23:24,041 - INFO - [pipeline.py:229] - [Grade: B] Saved to: /Users/kenfasano/Scripts/ScreenArt/Images/TransformedImages/bubbles_6-B.jpeg
2026-03-13 20:23:24,104 - INFO - [pipeline.py:136] - "MeltMorphTransformer","intensity=0.50"
2026-03-13 20:23:24,139 - INFO - [pipeline.py:136] - "FractalWarpTransformer","iter=1,scale=0.05"
2026-03-13 20:23:24,252 - INFO - [pipeline.py:136] - "WheelTransformer","blend=add,copies=3"
2026-03-13 20:23:24,270 - INFO - [pipeline.py:229] - [Grade: A] Saved to: /Users/kenfasano/Scripts/ScreenArt/Images/TransformedImages/bubbles_7-A.jpeg
2026-03-13 20:23:24,315 - INFO - [pipeline.py:136] - "SwirlWarpTransformer","strength=1.50"
2026-03-13 20:23:24,331 - INFO - [pipeline.py:229] - [Grade: A] Saved to: /Users/kenfasano/Scripts/ScreenArt/Images/TransformedImages/cubes_2-A.jpeg
2026-03-13 20:23:24,351 - INFO - [pipeline.py:136] - "PosterizationTransformer","levels=4"
2026-03-13 20:23:24,368 - INFO - [pipeline.py:229] - [Grade: A] Saved to: /Users/kenfasano/Scripts/ScreenArt/Images/TransformedImages/cubes_3-A.jpeg
2026-03-13 20:23:24,393 - INFO - [pipeline.py:136] - "RadialWarpTransformer","radius=0.25,strength=124.83781757643297,100.78059323061778,style=pull,push"
2026-03-13 20:23:24,447 - INFO - [pipeline.py:136] - "MeltMorphTransformer","intensity=0.50"
2026-03-13 20:23:24,658 - INFO - [pipeline.py:136] - "WatercolorTransformer","scale=0.85,style=monet"
2026-03-13 20:23:24,703 - INFO - [pipeline.py:136] - "FluidWarpTransformer","alpha=10.73,sigma=5.86"
2026-03-13 20:23:24,719 - INFO - [pipeline.py:229] - [Grade: A] Saved to: /Users/kenfasano/Scripts/ScreenArt/Images/TransformedImages/cubes_4-A.jpeg
2026-03-13 20:23:24,762 - INFO - [pipeline.py:136] - "ThermalImagingTransformer","thermal=True"
2026-03-13 20:23:24,798 - INFO - [pipeline.py:136] - "FluidWarpTransformer","alpha=13.15,sigma=3.31"
2026-03-13 20:23:24,814 - INFO - [pipeline.py:229] - [Grade: A] Saved to: /Users/kenfasano/Scripts/ScreenArt/Images/TransformedImages/cubes_5-A.jpeg
2026-03-13 20:23:24,871 - INFO - [pipeline.py:136] - "HalftoneTransformer","size=2"
2026-03-13 20:23:24,986 - INFO - [pipeline.py:136] - "WheelTransformer","blend=add,copies=3"
2026-03-13 20:23:25,001 - INFO - [pipeline.py:229] - [Grade: A] Saved to: /Users/kenfasano/Scripts/ScreenArt/Images/TransformedImages/cubes_6-A.jpeg
2026-03-13 20:23:25,106 - INFO - [pipeline.py:136] - "XrayTransformer","colors=128"
2026-03-13 20:23:25,122 - INFO - [pipeline.py:136] - "RadialWarpTransformer","radius=0.25,strength=93.4408501652408,style=push"
2026-03-13 20:23:25,138 - INFO - [pipeline.py:229] - [Grade: A] Saved to: /Users/kenfasano/Scripts/ScreenArt/Images/TransformedImages/cubes_1-A.jpeg
2026-03-13 20:23:25,182 - INFO - [pipeline.py:136] - "WheelTransformer","blend=add,copies=3"
2026-03-13 20:23:25,186 - INFO - [pipeline.py:136] - "PosterizationTransformer","levels=4"
2026-03-13 20:23:25,193 - INFO - [pipeline.py:229] - [Grade: A] Saved to: /Users/kenfasano/Scripts/ScreenArt/Images/TransformedImages/ldn1622LeonardoJulio-ap1024-A.jpg
2026-03-13 20:23:25,218 - INFO - [pipeline.py:136] - "FlipWilsonTransformer","keep=bottom,narrow=0.24"
2026-03-13 20:23:25,225 - INFO - [pipeline.py:229] - [Grade: C] Saved to: /Users/kenfasano/Scripts/ScreenArt/Images/TransformedImages/milkywaypan_brunier_h600-C.jpg
2026-03-13 20:23:25,245 - INFO - [pipeline.py:136] - "ThermalImagingTransformer","thermal=True"
2026-03-13 20:23:25,335 - INFO - [pipeline.py:136] - "WatercolorTransformer","scale=0.85,style=psychedelic"
2026-03-13 20:23:25,350 - INFO - [pipeline.py:136] - "FractalWarpTransformer","iter=1,scale=0.05"
2026-03-13 20:23:25,355 - INFO - [pipeline.py:136] - "PosterizationTransformer","levels=4"
2026-03-13 20:23:25,361 - INFO - [pipeline.py:229] - [Grade: A] Saved to: /Users/kenfasano/Scripts/ScreenArt/Images/TransformedImages/PIA21056_1020c-A.jpg
2026-03-13 20:23:25,372 - INFO - [pipeline.py:136] - "PosterizationTransformer","levels=4"
2026-03-13 20:23:25,378 - INFO - [pipeline.py:229] - [Grade: A] Saved to: /Users/kenfasano/Scripts/ScreenArt/Images/TransformedImages/parkerlaunchperseids.apodDemeter1024-A.jpg
2026-03-13 20:23:25,402 - INFO - [pipeline.py:136] - "FluidWarpTransformer","alpha=3.29,sigma=1.55"
2026-03-13 20:23:25,418 - INFO - [pipeline.py:136] - "RadialWarpTransformer","radius=0.25,strength=79.35277827512715,43.02117717864417,131.89421707437094,style=push,pull,pull"
2026-03-13 20:23:25,427 - INFO - [pipeline.py:136] - "ColormapTransformer","map=spring"
2026-03-13 20:23:25,438 - INFO - [pipeline.py:229] - [Grade: A] Saved to: /Users/kenfasano/Scripts/ScreenArt/Images/TransformedImages/MammatusRushmore_Mattuzzi_960-A.jpg
2026-03-13 20:23:25,443 - INFO - [pipeline.py:136] - "RadialWarpTransformer","radius=0.25,strength=97.87711328654424,117.98471539995137,style=pull,pull"
2026-03-13 20:23:25,445 - INFO - [pipeline.py:136] - "PosterizationTransformer","levels=4"
2026-03-13 20:23:25,448 - INFO - [pipeline.py:229] - [Grade: A] Saved to: /Users/kenfasano/Scripts/ScreenArt/Images/TransformedImages/moonbound_apollo11-A.jpg
2026-03-13 20:23:25,461 - INFO - [pipeline.py:136] - "ThermalImagingTransformer","thermal=True"
2026-03-13 20:23:25,467 - INFO - [pipeline.py:229] - [Grade: A] Saved to: /Users/kenfasano/Scripts/ScreenArt/Images/TransformedImages/DistortedSunrise_Chasiotis_1080-A.jpg
2026-03-13 20:23:25,481 - INFO - [pipeline.py:136] - "SwirlWarpTransformer","strength=1.50"
2026-03-13 20:23:25,486 - INFO - [pipeline.py:229] - [Grade: A] Saved to: /Users/kenfasano/Scripts/ScreenArt/Images/TransformedImages/IC1396RolfGeissinger_900c-A.jpg
2026-03-13 20:23:25,515 - INFO - [pipeline.py:136] - "WheelTransformer","blend=add,copies=3"
2026-03-13 20:23:25,520 - INFO - [pipeline.py:229] - [Grade: A] Saved to: /Users/kenfasano/Scripts/ScreenArt/Images/TransformedImages/perseids2010_verstraaten600h-A.jpg
2026-03-13 20:23:25,539 - INFO - [pipeline.py:136] - "ColormapTransformer","map=cool"
2026-03-13 20:23:25,554 - INFO - [pipeline.py:229] - [Grade: F] Saved to: /Users/kenfasano/Scripts/ScreenArt/Images/Rejected/nasa_earth_1_Sao_Paulo_True_Color-F.jpeg
2026-03-13 20:23:25,590 - INFO - [pipeline.py:136] - "DataMoshTransformer","intensity=0.01"
2026-03-13 20:23:25,610 - INFO - [pipeline.py:136] - "GlitchWarpTransformer","intensity=0.01"
2026-03-13 20:23:25,624 - INFO - [pipeline.py:229] - [Grade: A] Saved to: /Users/kenfasano/Scripts/ScreenArt/Images/TransformedImages/noaa_goes_1_se_Day_Night_Cloud_Micro-A.jpeg
2026-03-13 20:23:25,693 - INFO - [pipeline.py:136] - "FractalWarpTransformer","iter=1,scale=0.05"
2026-03-13 20:23:25,730 - INFO - [pipeline.py:136] - "GlitchWarpTransformer","intensity=0.01"
2026-03-13 20:23:25,757 - INFO - [pipeline.py:229] - [Grade: B] Saved to: /Users/kenfasano/Scripts/ScreenArt/Images/TransformedImages/Заброшен-B.jpeg
2026-03-13 20:23:25,816 - INFO - [pipeline.py:136] - "FractalWarpTransformer","iter=1,scale=0.05"
2026-03-13 20:23:26,029 - INFO - [pipeline.py:136] - "XrayTransformer","colors=128"
2026-03-13 20:23:26,177 - INFO - [pipeline.py:136] - "WheelTransformer","blend=add,copies=3"
2026-03-13 20:23:26,202 - INFO - [pipeline.py:229] - [Grade: A] Saved to: /Users/kenfasano/Scripts/ScreenArt/Images/TransformedImages/01215jfT-A.jpeg
2026-03-13 20:23:26,260 - INFO - [pipeline.py:136] - "SwirlWarpTransformer","strength=1.50"
2026-03-13 20:23:26,538 - INFO - [pipeline.py:136] - "WatercolorTransformer","scale=0.85,style=monet"
2026-03-13 20:23:26,558 - INFO - [pipeline.py:229] - [Grade: A] Saved to: /Users/kenfasano/Scripts/ScreenArt/Images/TransformedImages/ISS062-E-A.jpeg
2026-03-13 20:23:26,645 - INFO - [pipeline.py:136] - "HalftoneTransformer","size=2"
2026-03-13 20:23:26,687 - INFO - [pipeline.py:136] - "ThreeDExtrusionTransformer","ambient=0.26,intensity=0.50"
2026-03-13 20:23:26,737 - INFO - [pipeline.py:136] - "FluidWarpTransformer","alpha=15.83,sigma=3.78"
2026-03-13 20:23:26,762 - INFO - [pipeline.py:229] - [Grade: C] Saved to: /Users/kenfasano/Scripts/ScreenArt/Images/TransformedImages/Roermond-C.jpeg
2026-03-13 20:23:27,061 - INFO - [pipeline.py:136] - "WatercolorTransformer","scale=0.85,style=psychedelic"
2026-03-13 20:23:27,132 - INFO - [pipeline.py:136] - "FlipWilsonTransformer","keep=bottom,narrow=0.24"
2026-03-13 20:23:27,177 - INFO - [pipeline.py:136] - "SwirlWarpTransformer","strength=1.50"
2026-03-13 20:23:27,261 - INFO - [pipeline.py:136] - "XrayTransformer","colors=128"
2026-03-13 20:23:27,281 - INFO - [pipeline.py:229] - [Grade: A] Saved to: /Users/kenfasano/Scripts/ScreenArt/Images/TransformedImages/ISS065-E-A.jpeg
2026-03-13 20:23:27,421 - INFO - [pipeline.py:136] - "WheelTransformer","blend=add,copies=3"
2026-03-13 20:23:27,441 - INFO - [pipeline.py:136] - "RadialWarpTransformer","radius=0.25,strength=78.00843129721866,style=push"
2026-03-13 20:23:27,507 - INFO - [pipeline.py:136] - "MeltMorphTransformer","intensity=0.50"
2026-03-13 20:23:27,528 - INFO - [pipeline.py:229] - [Grade: A] Saved to: /Users/kenfasano/Scripts/ScreenArt/Images/TransformedImages/CINvCHI_-A.jpeg
2026-03-13 20:23:27,569 - INFO - [pipeline.py:136] - "FractalWarpTransformer","iter=1,scale=0.05"
2026-03-13 20:23:27,799 - INFO - [pipeline.py:136] - "WatercolorTransformer","scale=0.85,style=psychedelic"
2026-03-13 20:23:27,817 - INFO - [pipeline.py:229] - [Grade: F] Saved to: /Users/kenfasano/Scripts/ScreenArt/Images/Rejected/lojong_2-F-scatter.jpeg
2026-03-13 20:23:27,861 - INFO - [pipeline.py:136] - "FractalWarpTransformer","iter=1,scale=0.05"
2026-03-13 20:23:27,875 - INFO - [pipeline.py:136] - "PosterizationTransformer","levels=4"
2026-03-13 20:23:27,915 - INFO - [pipeline.py:136] - "FluidWarpTransformer","alpha=12.72,sigma=3.44"
2026-03-13 20:23:27,933 - INFO - [pipeline.py:229] - [Grade: A] Saved to: /Users/kenfasano/Scripts/ScreenArt/Images/TransformedImages/lojong_3-A-scatter.jpeg
2026-03-13 20:23:27,982 - INFO - [pipeline.py:136] - "SwirlWarpTransformer","strength=1.50"
2026-03-13 20:23:27,999 - INFO - [pipeline.py:229] - [Grade: B] Saved to: /Users/kenfasano/Scripts/ScreenArt/Images/TransformedImages/lojong_8-B-tile.jpeg
2026-03-13 20:23:28,059 - INFO - [pipeline.py:136] - "HalftoneTransformer","size=2"
2026-03-13 20:23:28,109 - INFO - [pipeline.py:136] - "XrayTransformer","colors=64"
2026-03-13 20:23:28,146 - INFO - [pipeline.py:136] - "DataMoshTransformer","intensity=0.01"
2026-03-13 20:23:28,163 - INFO - [pipeline.py:229] - [Grade: F] Saved to: /Users/kenfasano/Scripts/ScreenArt/Images/Rejected/lojong_4-F-columns.jpeg
2026-03-13 20:23:28,188 - INFO - [pipeline.py:136] - "RadialWarpTransformer","radius=0.25,strength=52.864269439514345,style=push"
2026-03-13 20:23:28,217 - INFO - [pipeline.py:136] - "GlitchWarpTransformer","intensity=0.01"
2026-03-13 20:23:28,258 - INFO - [pipeline.py:136] - "SwirlWarpTransformer","strength=1.50"
2026-03-13 20:23:28,377 - INFO - [pipeline.py:136] - "WheelTransformer","blend=add,copies=3"
2026-03-13 20:23:28,395 - INFO - [pipeline.py:229] - [Grade: A] Saved to: /Users/kenfasano/Scripts/ScreenArt/Images/TransformedImages/lojong_5-A-scatter.jpeg
2026-03-13 20:23:28,525 - INFO - [pipeline.py:136] - "WheelTransformer","blend=add,copies=3"
2026-03-13 20:23:28,561 - INFO - [pipeline.py:136] - "FractalWarpTransformer","iter=1,scale=0.05"
2026-03-13 20:23:28,574 - INFO - [pipeline.py:136] - "PosterizationTransformer","levels=4"
2026-03-13 20:23:28,591 - INFO - [pipeline.py:136] - "RadialWarpTransformer","radius=0.25,strength=57.90409375544323,style=push"
2026-03-13 20:23:28,611 - INFO - [pipeline.py:229] - [Grade: A] Saved to: /Users/kenfasano/Scripts/ScreenArt/Images/TransformedImages/lojong_9-A-columns.jpeg
2026-03-13 20:23:28,641 - INFO - [pipeline.py:136] - "RadialWarpTransformer","radius=0.25,strength=89.2356653598685,133.200094301283,style=push,push"
2026-03-13 20:23:28,811 - INFO - [pipeline.py:136] - "WheelTransformer","blend=add,copies=3"
2026-03-13 20:23:29,043 - INFO - [pipeline.py:136] - "WatercolorTransformer","scale=0.85,style=psychedelic"
2026-03-13 20:23:29,063 - INFO - [pipeline.py:229] - [Grade: B] Saved to: /Users/kenfasano/Scripts/ScreenArt/Images/TransformedImages/lojong_6-B-tile.jpeg
2026-03-13 20:23:29,116 - INFO - [pipeline.py:136] - "SwirlWarpTransformer","strength=1.50"
2026-03-13 20:23:29,137 - INFO - [pipeline.py:229] - [Grade: A] Saved to: /Users/kenfasano/Scripts/ScreenArt/Images/TransformedImages/lojong_7-A-tile.jpeg
2026-03-13 20:23:29,189 - INFO - [pipeline.py:136] - "FisheyeTransformer","shape=circle,strength=0.73,zoom=0.97"
2026-03-13 20:23:29,230 - INFO - [pipeline.py:136] - "ThermalImagingTransformer","thermal=True"
2026-03-13 20:23:29,244 - INFO - [pipeline.py:136] - "PosterizationTransformer","levels=4"
2026-03-13 20:23:29,262 - INFO - [pipeline.py:229] - [Grade: A] Saved to: /Users/kenfasano/Scripts/ScreenArt/Images/TransformedImages/lojong_0-A-columns.jpeg
2026-03-13 20:23:29,324 - INFO - [pipeline.py:136] - "MeltMorphTransformer","intensity=0.50"
2026-03-13 20:23:29,364 - INFO - [pipeline.py:136] - "ThermalImagingTransformer","thermal=True"
2026-03-13 20:23:29,381 - INFO - [pipeline.py:229] - [Grade: B] Saved to: /Users/kenfasano/Scripts/ScreenArt/Images/TransformedImages/lojong_1-B-scatter.jpeg
2026-03-13 20:23:29,508 - INFO - [pipeline.py:136] - "WheelTransformer","blend=add,copies=3"
2026-03-13 20:23:29,522 - INFO - [pipeline.py:136] - "ColormapTransformer","map=hot"
2026-03-13 20:23:29,559 - INFO - [pipeline.py:136] - "ThermalImagingTransformer","thermal=True"
2026-03-13 20:23:29,579 - INFO - [pipeline.py:229] - [Grade: B] Saved to: /Users/kenfasano/Scripts/ScreenArt/Images/TransformedImages/psalms_150-B-tile.jpeg
2026-03-13 20:23:29,627 - INFO - [pipeline.py:136] - "FluidWarpTransformer","alpha=19.00,sigma=3.37"
2026-03-13 20:23:29,681 - INFO - [pipeline.py:136] - "MeltMorphTransformer","intensity=0.50"
2026-03-13 20:23:29,699 - INFO - [pipeline.py:229] - [Grade: C] Saved to: /Users/kenfasano/Scripts/ScreenArt/Images/TransformedImages/psalms_99-C-columns.jpeg
2026-03-13 20:23:29,737 - INFO - [pipeline.py:136] - "GlitchWarpTransformer","intensity=0.01"
2026-03-13 20:23:29,756 - INFO - [pipeline.py:229] - [Grade: B] Saved to: /Users/kenfasano/Scripts/ScreenArt/Images/TransformedImages/psalms_77-B-scatter.jpeg
2026-03-13 20:23:29,880 - INFO - [pipeline.py:136] - "WheelTransformer","blend=add,copies=3"
2026-03-13 20:23:29,898 - INFO - [pipeline.py:229] - [Grade: A] Saved to: /Users/kenfasano/Scripts/ScreenArt/Images/TransformedImages/psalms_98-A-columns.jpeg
2026-03-13 20:23:29,946 - INFO - [pipeline.py:136] - "FluidWarpTransformer","alpha=1.09,sigma=3.59"
2026-03-13 20:23:29,974 - INFO - [pipeline.py:136] - "GlitchWarpTransformer","intensity=0.01"
2026-03-13 20:23:30,028 - INFO - [pipeline.py:136] - "MeltMorphTransformer","intensity=0.50"
2026-03-13 20:23:30,048 - INFO - [pipeline.py:229] - [Grade: C] Saved to: /Users/kenfasano/Scripts/ScreenArt/Images/TransformedImages/psalms_101-C-columns.jpeg
2026-03-13 20:23:30,107 - INFO - [pipeline.py:136] - "HalftoneTransformer","size=2"
2026-03-13 20:23:30,135 - INFO - [pipeline.py:136] - "GlitchWarpTransformer","intensity=0.01"
2026-03-13 20:23:30,152 - INFO - [pipeline.py:229] - [Grade: C] Saved to: /Users/kenfasano/Scripts/ScreenArt/Images/TransformedImages/psalms_116-C-columns.jpeg
2026-03-13 20:23:30,279 - INFO - [pipeline.py:136] - "WheelTransformer","blend=add,copies=3"
2026-03-13 20:23:30,298 - INFO - [pipeline.py:229] - [Grade: A] Saved to: /Users/kenfasano/Scripts/ScreenArt/Images/TransformedImages/psalms_142-A-columns.jpeg
2026-03-13 20:23:30,353 - INFO - [pipeline.py:136] - "HalftoneTransformer","size=2"
2026-03-13 20:23:30,566 - INFO - [pipeline.py:136] - "WatercolorTransformer","scale=0.85,style=psychedelic"
2026-03-13 20:23:30,679 - INFO - [pipeline.py:136] - "WheelTransformer","blend=add,copies=3"
2026-03-13 20:23:30,695 - INFO - [pipeline.py:229] - [Grade: A] Saved to: /Users/kenfasano/Scripts/ScreenArt/Images/TransformedImages/psalms_65-A-tile.jpeg
2026-03-13 20:23:30,817 - INFO - [pipeline.py:136] - "WheelTransformer","blend=add,copies=3"
2026-03-13 20:23:30,830 - INFO - [pipeline.py:136] - "ColormapTransformer","map=hsv"
2026-03-13 20:23:30,851 - INFO - [pipeline.py:229] - [Grade: B] Saved to: /Users/kenfasano/Scripts/ScreenArt/Images/TransformedImages/psalms_134-B-columns.jpeg
2026-03-13 20:23:30,917 - INFO - [pipeline.py:136] - "FlipWilsonTransformer","keep=bottom,narrow=0.24"
2026-03-13 20:23:30,934 - INFO - [pipeline.py:229] - [Grade: A] Saved to: /Users/kenfasano/Scripts/ScreenArt/Images/TransformedImages/psalms_132-A-hero.jpeg
2026-03-13 20:23:30,949 - INFO - [pipeline.py:136] - "SwirlWarpTransformer","strength=1.50"
2026-03-13 20:23:31,039 - INFO - [pipeline.py:136] - "XrayTransformer","colors=128"
2026-03-13 20:23:31,074 - INFO - [pipeline.py:136] - "WheelTransformer","blend=add,copies=3"
2026-03-13 20:23:31,083 - INFO - [pipeline.py:136] - "FluidWarpTransformer","alpha=0.92,sigma=0.75"
2026-03-13 20:23:31,089 - INFO - [pipeline.py:229] - [Grade: A] Saved to: /Users/kenfasano/Scripts/ScreenArt/Images/TransformedImages/peripheral_drift_2-A.jpeg
2026-03-13 20:23:31,097 - INFO - [pipeline.py:136] - "PosterizationTransformer","levels=4"
2026-03-13 20:23:31,109 - INFO - [pipeline.py:136] - "ThermalImagingTransformer","thermal=True"
2026-03-13 20:23:31,115 - INFO - [pipeline.py:229] - [Grade: B] Saved to: /Users/kenfasano/Scripts/ScreenArt/Images/TransformedImages/peripheral_drift_3-B.jpeg
2026-03-13 20:23:31,191 - INFO - [pipeline.py:136] - "XrayTransformer","colors=64"
2026-03-13 20:23:31,224 - INFO - [pipeline.py:136] - "WheelTransformer","blend=add,copies=3"
2026-03-13 20:23:31,230 - INFO - [pipeline.py:229] - [Grade: A] Saved to: /Users/kenfasano/Scripts/ScreenArt/Images/TransformedImages/peripheral_drift_1-A.jpeg
2026-03-13 20:23:31,230 - INFO - [main.py:196] - WatercolorTransformer
2026-03-13 20:23:31,230 - INFO - [main.py:196] - XrayTransformer
2026-03-13 20:23:31,230 - INFO - [main.py:196] - WheelTransformer
2026-03-13 20:23:31,230 - INFO - [main.py:196] - MeltMorphTransformer
2026-03-13 20:23:31,230 - INFO - [main.py:196] - HalftoneTransformer
2026-03-13 20:23:31,230 - INFO - [main.py:196] - FlipWilsonTransformer
2026-03-13 20:23:31,230 - INFO - [main.py:196] - ThreeDExtrusionTransformer
2026-03-13 20:23:31,230 - INFO - [main.py:196] - FisheyeTransformer
2026-03-13 20:23:31,230 - INFO - [main.py:196] - FractalWarpTransformer
2026-03-13 20:23:31,230 - INFO - [main.py:196] - DataMoshTransformer
2026-03-13 20:23:31,230 - INFO - [main.py:196] - SwirlWarpTransformer
2026-03-13 20:23:31,230 - INFO - [main.py:196] - FluidWarpTransformer
2026-03-13 20:23:31,230 - INFO - [main.py:196] - ThermalImagingTransformer
2026-03-13 20:23:31,230 - INFO - [main.py:196] - GlitchWarpTransformer
2026-03-13 20:23:31,230 - INFO - [main.py:196] - RadialWarpTransformer
2026-03-13 20:23:31,230 - INFO - [main.py:196] - ColormapTransformer
2026-03-13 20:23:31,230 - INFO - [main.py:196] - PosterizationTransformer
2026-03-13 20:23:31,230 - INFO - [main.py:239] - 21s@20:23 ✓
Accepted: 53
Rejected: 3
---
Bible                      ->  4830ms
Lojong                     ->  2476ms
Wiki                       ->  2397ms
GoesGenerator              ->  1784ms
Nasa                       ->   741ms
Bubbles                    ->   546ms
NasaMapGenerator           ->   532ms
Cubes                      ->   180ms
PeripheralDriftIllusion    ->    51ms
---
WatercolorTransformer      -> Min:    90ms | Avg:   220ms | Max:   291ms
XrayTransformer            -> Min:    49ms | Avg:   105ms | Max:   214ms
WheelTransformer           -> Min:    26ms | Avg:   102ms | Max:   170ms
MeltMorphTransformer       -> Min:    53ms | Avg:    56ms | Max:    65ms
HalftoneTransformer        -> Min:    48ms | Avg:    55ms | Max:    74ms
FlipWilsonTransformer      -> Min:    21ms | Avg:    52ms | Max:    71ms
ThreeDExtrusionTransformer -> Min:    42ms | Avg:    42ms | Max:    42ms
FisheyeTransformer         -> Min:    41ms | Avg:    42ms | Max:    42ms
FractalWarpTransformer     -> Min:    14ms | Avg:    36ms | Max:    51ms
DataMoshTransformer        -> Min:    25ms | Avg:    35ms | Max:    39ms
SwirlWarpTransformer       -> Min:    10ms | Avg:    35ms | Max:    47ms
FluidWarpTransformer       -> Min:     9ms | Avg:    34ms | Max:    50ms
ThermalImagingTransformer  -> Min:    11ms | Avg:    30ms | Max:    40ms
GlitchWarpTransformer      -> Min:    19ms | Avg:    28ms | Max:    37ms
RadialWarpTransformer      -> Min:     4ms | Avg:    17ms | Max:    23ms
ColormapTransformer        -> Min:     9ms | Avg:    13ms | Max:    14ms
PosterizationTransformer   -> Min:     2ms | Avg:     8ms | Max:    15ms
