2026-03-23 04:54:32,817 - INFO - [pipeline.py:136] - "RadialWarpTransformer","radius=0.25,strength=90.38083844710106,style=pull"
2026-03-23 04:54:32,934 - INFO - [pipeline.py:136] - "WheelTransformer","blend=add,copies=3"
2026-03-23 04:54:32,952 - INFO - [pipeline.py:248] - [Grade: B] Saved to: /Users/kenfasano/Scripts/ScreenArt/Images/TransformedImages/bubbles_4-B.jpeg
2026-03-23 04:54:33,019 - INFO - [pipeline.py:136] - "HalftoneTransformer","size=2"
2026-03-23 04:54:33,044 - INFO - [pipeline.py:136] - "PixelSortTransformer","direction=cols,high=0.84,low=0.34,sort_key=brightness"
2026-03-23 04:54:33,072 - INFO - [pipeline.py:136] - "GlitchWarpTransformer","intensity=0.01"
2026-03-23 04:54:33,089 - INFO - [pipeline.py:248] - [Grade: F] Saved to: /Users/kenfasano/Scripts/ScreenArt/Images/Rejected/bubbles_8-F.jpeg
2026-03-23 04:54:33,134 - INFO - [pipeline.py:136] - "ThermalImagingTransformer","thermal=True"
2026-03-23 04:54:33,172 - INFO - [pipeline.py:136] - "DataMoshTransformer","intensity=0.01"
2026-03-23 04:54:33,191 - INFO - [pipeline.py:248] - [Grade: A] Saved to: /Users/kenfasano/Scripts/ScreenArt/Images/TransformedImages/bubbles_9-A.jpeg
2026-03-23 04:54:33,236 - INFO - [pipeline.py:136] - "FractalWarpTransformer","iter=1,scale=0.05"
2026-03-23 04:54:33,349 - INFO - [pipeline.py:136] - "WheelTransformer","blend=add,copies=3"
2026-03-23 04:54:33,388 - INFO - [pipeline.py:136] - "DataMoshTransformer","intensity=0.02"
2026-03-23 04:54:33,406 - INFO - [pipeline.py:248] - [Grade: A] Saved to: /Users/kenfasano/Scripts/ScreenArt/Images/TransformedImages/bubbles_5-A.jpeg
2026-03-23 04:54:33,641 - INFO - [pipeline.py:136] - "WatercolorTransformer","scale=0.85,style=psychedelic"
2026-03-23 04:54:33,678 - INFO - [pipeline.py:136] - "ThermalImagingTransformer","thermal=True"
2026-03-23 04:54:33,696 - INFO - [pipeline.py:248] - [Grade: A] Saved to: /Users/kenfasano/Scripts/ScreenArt/Images/TransformedImages/bubbles_2-A.jpeg
2026-03-23 04:54:33,741 - INFO - [pipeline.py:136] - "ThermalImagingTransformer","thermal=True"
2026-03-23 04:54:33,773 - INFO - [pipeline.py:136] - "FisheyeTransformer","shape=oval,strength=0.41,zoom=1.01"
2026-03-23 04:54:33,811 - INFO - [pipeline.py:136] - "DataMoshTransformer","intensity=0.01"
2026-03-23 04:54:33,830 - INFO - [pipeline.py:248] - [Grade: A] Saved to: /Users/kenfasano/Scripts/ScreenArt/Images/TransformedImages/bubbles_3-A.jpeg
2026-03-23 04:54:33,950 - INFO - [pipeline.py:136] - "WheelTransformer","blend=add,copies=3"
2026-03-23 04:54:34,008 - INFO - [pipeline.py:136] - "FlipWilsonTransformer","keep=right,narrow=0.37"
2026-03-23 04:54:34,100 - INFO - [pipeline.py:136] - "PixelSortTransformer","direction=rows,high=0.73,low=0.18,sort_key=green"
2026-03-23 04:54:34,116 - INFO - [pipeline.py:136] - "RadialWarpTransformer","radius=0.25,strength=72.71296687046741,style=pull"
2026-03-23 04:54:34,135 - INFO - [pipeline.py:248] - [Grade: A] Saved to: /Users/kenfasano/Scripts/ScreenArt/Images/TransformedImages/bubbles_10-A.jpeg
2026-03-23 04:54:34,178 - INFO - [pipeline.py:136] - "FractalWarpTransformer","iter=1,scale=0.05"
2026-03-23 04:54:34,290 - INFO - [pipeline.py:136] - "WheelTransformer","blend=add,copies=3"
2026-03-23 04:54:34,304 - INFO - [pipeline.py:136] - "PosterizationTransformer","levels=4"
2026-03-23 04:54:34,323 - INFO - [pipeline.py:248] - [Grade: A] Saved to: /Users/kenfasano/Scripts/ScreenArt/Images/TransformedImages/bubbles_1-A.jpeg
2026-03-23 04:54:34,444 - INFO - [pipeline.py:136] - "WheelTransformer","blend=add,copies=3"
2026-03-23 04:54:34,469 - INFO - [pipeline.py:136] - "RadialWarpTransformer","radius=0.25,strength=51.64985553576323,79.69814582168473,78.85065262122407,style=push,pull,push"
2026-03-23 04:54:34,486 - INFO - [pipeline.py:248] - [Grade: A] Saved to: /Users/kenfasano/Scripts/ScreenArt/Images/TransformedImages/bubbles_6-A.jpeg
2026-03-23 04:54:34,534 - INFO - [pipeline.py:136] - "DataMoshTransformer","intensity=0.02"
2026-03-23 04:54:34,562 - INFO - [pipeline.py:136] - "GlitchWarpTransformer","intensity=0.01"
2026-03-23 04:54:34,582 - INFO - [pipeline.py:248] - [Grade: B] Saved to: /Users/kenfasano/Scripts/ScreenArt/Images/TransformedImages/bubbles_7-B.jpeg
2026-03-23 04:54:34,628 - INFO - [pipeline.py:136] - "DataMoshTransformer","intensity=0.01"
2026-03-23 04:54:34,667 - INFO - [pipeline.py:136] - "SwirlWarpTransformer","strength=1.50"
2026-03-23 04:54:34,686 - INFO - [pipeline.py:248] - [Grade: A] Saved to: /Users/kenfasano/Scripts/ScreenArt/Images/TransformedImages/cubes_2-A.jpeg
2026-03-23 04:54:34,745 - INFO - [pipeline.py:136] - "KaleidoscopeTransformer","cx_off=-0.12,cy_off=-0.08,segments=8"
2026-03-23 04:54:34,781 - INFO - [pipeline.py:136] - "FractalWarpTransformer","iter=1,scale=0.05"
2026-03-23 04:54:34,807 - INFO - [pipeline.py:136] - "ChromaticAberrationTransformer","angle=304.20,edge_fade=1,shift=4.60"
2026-03-23 04:54:34,825 - INFO - [pipeline.py:248] - [Grade: A] Saved to: /Users/kenfasano/Scripts/ScreenArt/Images/TransformedImages/cubes_3-A.jpeg
2026-03-23 04:54:34,932 - INFO - [pipeline.py:136] - "OilPaintingTransformer","dyn_ratio=1,size=3"
2026-03-23 04:54:34,949 - INFO - [pipeline.py:248] - [Grade: A] Saved to: /Users/kenfasano/Scripts/ScreenArt/Images/TransformedImages/cubes_4-A.jpeg
2026-03-23 04:54:35,067 - INFO - [pipeline.py:136] - "WheelTransformer","blend=add,copies=3"
2026-03-23 04:54:35,285 - INFO - [pipeline.py:136] - "WatercolorTransformer","scale=0.85,style=psychedelic"
2026-03-23 04:54:35,321 - INFO - [pipeline.py:136] - "FractalWarpTransformer","iter=1,scale=0.05"
2026-03-23 04:54:35,379 - INFO - [pipeline.py:136] - "FlipWilsonTransformer","keep=right,narrow=0.37"
2026-03-23 04:54:35,398 - INFO - [pipeline.py:248] - [Grade: A] Saved to: /Users/kenfasano/Scripts/ScreenArt/Images/TransformedImages/cubes_5-A.jpeg
2026-03-23 04:54:35,517 - INFO - [pipeline.py:136] - "WheelTransformer","blend=add,copies=3"
2026-03-23 04:54:35,535 - INFO - [pipeline.py:248] - [Grade: A] Saved to: /Users/kenfasano/Scripts/ScreenArt/Images/TransformedImages/cubes_6-A.jpeg
2026-03-23 04:54:35,581 - INFO - [pipeline.py:136] - "SwirlWarpTransformer","strength=1.50"
2026-03-23 04:54:35,598 - INFO - [pipeline.py:248] - [Grade: A] Saved to: /Users/kenfasano/Scripts/ScreenArt/Images/TransformedImages/cubes_1-A.jpeg
2026-03-23 04:54:35,805 - INFO - [pipeline.py:136] - "VoronoiTransformer","edge_blend=1,num_points=300"
2026-03-23 04:54:35,819 - INFO - [pipeline.py:136] - "ChromaticAberrationTransformer","angle=333.00,edge_fade=1,shift=15.70"
2026-03-23 04:54:35,831 - INFO - [pipeline.py:136] - "RadialWarpTransformer","radius=0.25,strength=55.638377187618325,69.14737469563258,style=push,push"
2026-03-23 04:54:35,946 - INFO - [pipeline.py:136] - "WatercolorTransformer","scale=0.85,style=monet"
2026-03-23 04:54:35,956 - INFO - [pipeline.py:248] - [Grade: A] Saved to: /Users/kenfasano/Scripts/ScreenArt/Images/TransformedImages/CallanishAnalemma_Petricca_960-A.jpg
2026-03-23 04:54:35,961 - INFO - [pipeline.py:136] - "ChromaticAberrationTransformer","angle=207.20,edge_fade=1,shift=18.00"
2026-03-23 04:54:35,967 - INFO - [pipeline.py:136] - "HalftoneTransformer","size=2"
2026-03-23 04:54:35,969 - INFO - [pipeline.py:136] - "PosterizationTransformer","levels=4"
2026-03-23 04:54:35,995 - INFO - [pipeline.py:136] - "WatercolorTransformer","scale=0.85,style=psychedelic"
2026-03-23 04:54:35,997 - INFO - [pipeline.py:248] - [Grade: B] Saved to: /Users/kenfasano/Scripts/ScreenArt/Images/TransformedImages/encke_cassini_fc1-B.jpg
2026-03-23 04:54:36,013 - INFO - [pipeline.py:136] - "ThermalImagingTransformer","thermal=True"
2026-03-23 04:54:36,048 - INFO - [pipeline.py:136] - "OilPaintingTransformer","dyn_ratio=4,size=4"
2026-03-23 04:54:36,063 - INFO - [pipeline.py:136] - "HalftoneTransformer","size=2"
2026-03-23 04:54:36,098 - INFO - [pipeline.py:136] - "WheelTransformer","blend=add,copies=3"
2026-03-23 04:54:36,104 - INFO - [pipeline.py:248] - [Grade: A] Saved to: /Users/kenfasano/Scripts/ScreenArt/Images/TransformedImages/catseye4_hst_900-A.jpg
2026-03-23 04:54:36,117 - INFO - [pipeline.py:136] - "FisheyeTransformer","shape=oval,strength=0.62,zoom=1.15"
2026-03-23 04:54:36,128 - INFO - [pipeline.py:136] - "GlitchWarpTransformer","intensity=0.01"
2026-03-23 04:54:36,142 - INFO - [pipeline.py:136] - "FractalWarpTransformer","iter=1,scale=0.05"
2026-03-23 04:54:36,150 - INFO - [pipeline.py:248] - [Grade: A] Saved to: /Users/kenfasano/Scripts/ScreenArt/Images/TransformedImages/DolomitesSky_Lioce_960-A.jpg
2026-03-23 04:54:36,184 - INFO - [pipeline.py:136] - "MeltMorphTransformer","intensity=0.50"
2026-03-23 04:54:36,196 - INFO - [pipeline.py:136] - "FluidWarpTransformer","alpha=13.28,sigma=3.72"
2026-03-23 04:54:36,209 - INFO - [pipeline.py:136] - "ThermalImagingTransformer","thermal=True"
2026-03-23 04:54:36,246 - INFO - [pipeline.py:136] - "WheelTransformer","blend=add,copies=3"
2026-03-23 04:54:36,254 - INFO - [pipeline.py:248] - [Grade: A] Saved to: /Users/kenfasano/Scripts/ScreenArt/Images/TransformedImages/2004BL86_approaching_m44demarchi1024-A.jpg
2026-03-23 04:54:36,268 - INFO - [pipeline.py:136] - "ThermalImagingTransformer","thermal=True"
2026-03-23 04:54:36,274 - INFO - [pipeline.py:136] - "ChromaticAberrationTransformer","angle=140.40,edge_fade=1,shift=7.30"
2026-03-23 04:54:36,285 - INFO - [pipeline.py:136] - "HalftoneTransformer","size=2"
2026-03-23 04:54:36,290 - INFO - [pipeline.py:248] - [Grade: B] Saved to: /Users/kenfasano/Scripts/ScreenArt/Images/TransformedImages/angularsand_spirit_big-B.jpg
2026-03-23 04:54:36,304 - INFO - [pipeline.py:136] - "DataMoshTransformer","intensity=0.02"
2026-03-23 04:54:36,315 - INFO - [pipeline.py:136] - "FluidWarpTransformer","alpha=3.69,sigma=3.39"
2026-03-23 04:54:36,344 - INFO - [pipeline.py:136] - "OilPaintingTransformer","dyn_ratio=2,size=3"
2026-03-23 04:54:36,353 - INFO - [pipeline.py:136] - "GlitchWarpTransformer","intensity=0.01"
2026-03-23 04:54:36,359 - INFO - [pipeline.py:248] - [Grade: A] Saved to: /Users/kenfasano/Scripts/ScreenArt/Images/TransformedImages/BirdsEclipse_Caldas_960-A.jpg
2026-03-23 04:54:36,383 - INFO - [pipeline.py:136] - "WheelTransformer","blend=add,copies=3"
2026-03-23 04:54:36,390 - INFO - [pipeline.py:136] - "FluidWarpTransformer","alpha=10.66,sigma=5.17"
2026-03-23 04:54:36,394 - INFO - [pipeline.py:248] - [Grade: A] Saved to: /Users/kenfasano/Scripts/ScreenArt/Images/TransformedImages/lmc_gleason_f23-A.jpg
2026-03-23 04:54:36,401 - INFO - [pipeline.py:136] - "FractalWarpTransformer","iter=1,scale=0.05"
2026-03-23 04:54:36,407 - INFO - [pipeline.py:136] - "ThermalImagingTransformer","thermal=True"
2026-03-23 04:54:36,411 - INFO - [pipeline.py:248] - [Grade: A] Saved to: /Users/kenfasano/Scripts/ScreenArt/Images/TransformedImages/etrunkcomp_sst_c1-A.jpg
2026-03-23 04:54:36,422 - INFO - [pipeline.py:136] - "ColormapTransformer","map=pink"
2026-03-23 04:54:36,626 - INFO - [pipeline.py:136] - "PixelSortTransformer","direction=rows,high=0.64,low=0.16,sort_key=blue"
2026-03-23 04:54:36,644 - INFO - [pipeline.py:136] - "MeltMorphTransformer","intensity=0.50"
2026-03-23 04:54:36,653 - INFO - [pipeline.py:136] - "ChromaticAberrationTransformer","angle=165.40,edge_fade=1,shift=17.60"
2026-03-23 04:54:36,661 - INFO - [pipeline.py:248] - [Grade: B] Saved to: /Users/kenfasano/Scripts/ScreenArt/Images/TransformedImages/vdB142_L(HaR)GB-finalLeshin1024-B.jpg
2026-03-23 04:54:36,765 - INFO - [pipeline.py:136] - "VoronoiTransformer","edge_blend=1,num_points=240"
2026-03-23 04:54:36,783 - INFO - [pipeline.py:136] - "MeltMorphTransformer","intensity=0.50"
2026-03-23 04:54:36,789 - INFO - [pipeline.py:248] - [Grade: F] Saved to: /Users/kenfasano/Scripts/ScreenArt/Images/Rejected/NGC7814crawford900-F.jpg
2026-03-23 04:54:36,827 - INFO - [pipeline.py:136] - "FisheyeTransformer","shape=oval,strength=0.48,zoom=0.98"
2026-03-23 04:54:36,976 - INFO - [pipeline.py:136] - "PixelSortTransformer","direction=rows,high=0.76,low=0.19,sort_key=brightness"
2026-03-23 04:54:37,014 - INFO - [pipeline.py:136] - "DataMoshTransformer","intensity=0.02"
2026-03-23 04:54:37,204 - INFO - [pipeline.py:136] - "VoronoiTransformer","edge_blend=1,num_points=137"
2026-03-23 04:54:37,222 - INFO - [pipeline.py:248] - [Grade: A] Saved to: /Users/kenfasano/Scripts/ScreenArt/Images/TransformedImages/nasa_earth_4_Delhi_Surface_Temp_Day-A.jpeg
2026-03-23 04:54:37,619 - INFO - [pipeline.py:136] - "PixelSortTransformer","direction=cols,high=0.63,low=0.25,sort_key=blue"
2026-03-23 04:54:37,670 - INFO - [pipeline.py:136] - "KaleidoscopeTransformer","cx_off=-0.04,cy_off=-0.17,segments=12"
2026-03-23 04:54:37,827 - INFO - [pipeline.py:136] - "VoronoiTransformer","edge_blend=1,num_points=108"
2026-03-23 04:54:37,946 - INFO - [pipeline.py:136] - "WheelTransformer","blend=add,copies=3"
2026-03-23 04:54:37,964 - INFO - [pipeline.py:248] - [Grade: A] Saved to: /Users/kenfasano/Scripts/ScreenArt/Images/TransformedImages/nasa_earth_3_Beijing_Vegetation_False_Color-A.jpeg
2026-03-23 04:54:38,004 - INFO - [pipeline.py:136] - "ChromaticAberrationTransformer","angle=121.80,edge_fade=1,shift=8.60"
2026-03-23 04:54:38,059 - INFO - [pipeline.py:136] - "MeltMorphTransformer","intensity=0.50"
2026-03-23 04:54:38,080 - INFO - [pipeline.py:248] - [Grade: A] Saved to: /Users/kenfasano/Scripts/ScreenArt/Images/TransformedImages/nasa_earth_1_Mumbai_True_Color-A.jpeg
2026-03-23 04:54:38,126 - INFO - [pipeline.py:136] - "MeltMorphTransformer","intensity=0.50"
2026-03-23 04:54:38,144 - INFO - [pipeline.py:136] - "ChromaticAberrationTransformer","angle=52.40,edge_fade=1,shift=13.20"
2026-03-23 04:54:38,171 - INFO - [pipeline.py:136] - "DataMoshTransformer","intensity=0.01"
2026-03-23 04:54:38,195 - INFO - [pipeline.py:136] - "FluidWarpTransformer","alpha=19.85,sigma=3.78"
2026-03-23 04:54:38,209 - INFO - [pipeline.py:248] - [Grade: C] Saved to: /Users/kenfasano/Scripts/ScreenArt/Images/TransformedImages/noaa_goes_1_se_Air_Mass-C.jpeg
2026-03-23 04:54:38,210 - INFO - [pipeline.py:136] - "FractalWarpTransformer","iter=1,scale=0.05"
2026-03-23 04:54:38,210 - INFO - [pipeline.py:136] - "GlitchWarpTransformer","intensity=0.01"
2026-03-23 04:54:38,211 - INFO - [pipeline.py:248] - [Grade: B] Saved to: /Users/kenfasano/Scripts/ScreenArt/Images/TransformedImages/Kit_left_arm_un-B.jpeg
2026-03-23 04:54:38,287 - INFO - [pipeline.py:136] - "ThermalImagingTransformer","thermal=True"
2026-03-23 04:54:38,360 - INFO - [pipeline.py:136] - "HalftoneTransformer","size=2"
2026-03-23 04:54:38,382 - INFO - [pipeline.py:248] - [Grade: C] Saved to: /Users/kenfasano/Scripts/ScreenArt/Images/TransformedImages/Kalamaki-C.jpeg
2026-03-23 04:54:38,434 - INFO - [pipeline.py:136] - "DataMoshTransformer","intensity=0.01"
2026-03-23 04:54:38,494 - INFO - [pipeline.py:136] - "FlipWilsonTransformer","keep=right,narrow=0.37"
2026-03-23 04:54:38,523 - INFO - [pipeline.py:248] - [Grade: B] Saved to: /Users/kenfasano/Scripts/ScreenArt/Images/TransformedImages/Casa_al_-B.jpeg
2026-03-23 04:54:38,587 - INFO - [pipeline.py:136] - "DataMoshTransformer","intensity=0.01"
2026-03-23 04:54:38,732 - INFO - [pipeline.py:136] - "WheelTransformer","blend=add,copies=3"
2026-03-23 04:54:38,760 - INFO - [pipeline.py:248] - [Grade: A] Saved to: /Users/kenfasano/Scripts/ScreenArt/Images/TransformedImages/Bird_Wal-A.jpeg
2026-03-23 04:54:38,922 - INFO - [pipeline.py:136] - "PixelSortTransformer","direction=cols,high=0.63,low=0.28,sort_key=brightness"
2026-03-23 04:54:38,933 - INFO - [pipeline.py:136] - "PosterizationTransformer","levels=4"
2026-03-23 04:54:38,950 - INFO - [pipeline.py:248] - [Grade: A] Saved to: /Users/kenfasano/Scripts/ScreenArt/Images/TransformedImages/2016_Day_of_Rus-A.jpeg
2026-03-23 04:54:39,005 - INFO - [pipeline.py:136] - "ColormapTransformer","map=autumn"
2026-03-23 04:54:39,054 - INFO - [pipeline.py:248] - [Grade: B] Saved to: /Users/kenfasano/Scripts/ScreenArt/Images/TransformedImages/Lippincotts_Mon-B.jpeg
2026-03-23 04:54:39,111 - INFO - [pipeline.py:136] - "HalftoneTransformer","size=2"
2026-03-23 04:54:39,224 - INFO - [pipeline.py:136] - "WheelTransformer","blend=add,copies=3"
2026-03-23 04:54:39,241 - INFO - [pipeline.py:248] - [Grade: A] Saved to: /Users/kenfasano/Scripts/ScreenArt/Images/TransformedImages/lojong_2-A-hero.jpeg
2026-03-23 04:54:39,361 - INFO - [pipeline.py:136] - "OilPaintingTransformer","dyn_ratio=2,size=5"
2026-03-23 04:54:39,399 - INFO - [pipeline.py:136] - "FluidWarpTransformer","alpha=5.58,sigma=3.23"
2026-03-23 04:54:39,423 - INFO - [pipeline.py:248] - [Grade: F] Saved to: /Users/kenfasano/Scripts/ScreenArt/Images/Rejected/lojong_3-F-hero.jpeg
2026-03-23 04:54:39,673 - INFO - [pipeline.py:136] - "VoronoiTransformer","edge_blend=1,num_points=175"
2026-03-23 04:54:39,721 - INFO - [pipeline.py:136] - "HalftoneTransformer","size=2"
2026-03-23 04:54:39,738 - INFO - [pipeline.py:248] - [Grade: A] Saved to: /Users/kenfasano/Scripts/ScreenArt/Images/TransformedImages/lojong_8-A-tile.jpeg
2026-03-23 04:54:39,805 - INFO - [pipeline.py:136] - "FlipWilsonTransformer","keep=right,narrow=0.37"
2026-03-23 04:54:39,917 - INFO - [pipeline.py:136] - "WheelTransformer","blend=add,copies=3"
2026-03-23 04:54:40,019 - INFO - [pipeline.py:136] - "OilPaintingTransformer","dyn_ratio=2,size=3"
2026-03-23 04:54:40,033 - INFO - [pipeline.py:136] - "ColormapTransformer","map=summer"
2026-03-23 04:54:40,052 - INFO - [pipeline.py:248] - [Grade: A] Saved to: /Users/kenfasano/Scripts/ScreenArt/Images/TransformedImages/lojong_4-A-tile.jpeg
2026-03-23 04:54:40,071 - INFO - [pipeline.py:136] - "PosterizationTransformer","levels=4"
2026-03-23 04:54:40,164 - INFO - [pipeline.py:136] - "PixelSortTransformer","direction=cols,high=0.70,low=0.22,sort_key=red"
2026-03-23 04:54:40,182 - INFO - [pipeline.py:248] - [Grade: C] Saved to: /Users/kenfasano/Scripts/ScreenArt/Images/TransformedImages/lojong_5-C-tile.jpeg
2026-03-23 04:54:40,297 - INFO - [pipeline.py:136] - "PixelSortTransformer","direction=rows,high=0.73,low=0.14,sort_key=green"
2026-03-23 04:54:40,315 - INFO - [pipeline.py:248] - [Grade: C] Saved to: /Users/kenfasano/Scripts/ScreenArt/Images/TransformedImages/lojong_9-C-tile.jpeg
2026-03-23 04:54:40,337 - INFO - [pipeline.py:136] - "ColormapTransformer","map=ocean"
2026-03-23 04:54:40,389 - INFO - [pipeline.py:136] - "FluidWarpTransformer","alpha=1.69,sigma=7.85"
2026-03-23 04:54:40,410 - INFO - [pipeline.py:248] - [Grade: B] Saved to: /Users/kenfasano/Scripts/ScreenArt/Images/TransformedImages/lojong_6-B-columns.jpeg
2026-03-23 04:54:40,433 - INFO - [pipeline.py:136] - "ColormapTransformer","map=summer"
2026-03-23 04:54:40,469 - INFO - [pipeline.py:136] - "ThermalImagingTransformer","thermal=True"
2026-03-23 04:54:40,582 - INFO - [pipeline.py:136] - "WheelTransformer","blend=add,copies=3"
2026-03-23 04:54:40,601 - INFO - [pipeline.py:248] - [Grade: A] Saved to: /Users/kenfasano/Scripts/ScreenArt/Images/TransformedImages/lojong_7-A-scatter.jpeg
2026-03-23 04:54:40,643 - INFO - [pipeline.py:136] - "FractalWarpTransformer","iter=1,scale=0.05"
2026-03-23 04:54:40,656 - INFO - [pipeline.py:136] - "PosterizationTransformer","levels=4"
2026-03-23 04:54:40,682 - INFO - [pipeline.py:136] - "FisheyeTransformer","shape=oval,strength=0.32,zoom=1.01"
2026-03-23 04:54:40,785 - INFO - [pipeline.py:136] - "VoronoiTransformer","edge_blend=1,num_points=61"
2026-03-23 04:54:40,802 - INFO - [pipeline.py:248] - [Grade: C] Saved to: /Users/kenfasano/Scripts/ScreenArt/Images/TransformedImages/lojong_0-C-columns.jpeg
2026-03-23 04:54:40,925 - INFO - [pipeline.py:136] - "WheelTransformer","blend=add,copies=3"
2026-03-23 04:54:41,042 - INFO - [pipeline.py:136] - "OilPaintingTransformer","dyn_ratio=4,size=5"
2026-03-23 04:54:41,205 - INFO - [pipeline.py:136] - "VoronoiTransformer","edge_blend=1,num_points=104"
2026-03-23 04:54:41,223 - INFO - [pipeline.py:248] - [Grade: A] Saved to: /Users/kenfasano/Scripts/ScreenArt/Images/TransformedImages/lojong_1-A-columns.jpeg
2026-03-23 04:54:41,272 - INFO - [pipeline.py:136] - "SwirlWarpTransformer","strength=1.50"
2026-03-23 04:54:41,329 - INFO - [pipeline.py:136] - "FlipWilsonTransformer","keep=right,narrow=0.37"
2026-03-23 04:54:41,348 - INFO - [pipeline.py:248] - [Grade: A] Saved to: /Users/kenfasano/Scripts/ScreenArt/Images/TransformedImages/psalms_1-A-tile.jpeg
2026-03-23 04:54:41,410 - INFO - [pipeline.py:136] - "KaleidoscopeTransformer","cx_off=0.01,cy_off=0.10,segments=4"
2026-03-23 04:54:41,472 - INFO - [pipeline.py:136] - "FlipWilsonTransformer","keep=right,narrow=0.37"
2026-03-23 04:54:41,492 - INFO - [pipeline.py:136] - "RadialWarpTransformer","radius=0.25,strength=101.00354863695897,85.44076686253392,style=push,pull"
2026-03-23 04:54:41,528 - INFO - [pipeline.py:136] - "FractalWarpTransformer","iter=1,scale=0.05"
2026-03-23 04:54:41,546 - INFO - [pipeline.py:248] - [Grade: A] Saved to: /Users/kenfasano/Scripts/ScreenArt/Images/TransformedImages/psalms_121-A-hero.jpeg
2026-03-23 04:54:41,567 - INFO - [pipeline.py:136] - "PosterizationTransformer","levels=4"
2026-03-23 04:54:41,595 - INFO - [pipeline.py:136] - "GlitchWarpTransformer","intensity=0.01"
2026-03-23 04:54:41,631 - INFO - [pipeline.py:136] - "ThermalImagingTransformer","thermal=True"
2026-03-23 04:54:41,658 - INFO - [pipeline.py:136] - "ChromaticAberrationTransformer","angle=261.90,edge_fade=1,shift=9.10"
2026-03-23 04:54:41,678 - INFO - [pipeline.py:248] - [Grade: B] Saved to: /Users/kenfasano/Scripts/ScreenArt/Images/TransformedImages/psalms_66-B-hero.jpeg
2026-03-23 04:54:41,876 - INFO - [pipeline.py:136] - "VoronoiTransformer","edge_blend=1,num_points=140"
2026-03-23 04:54:42,043 - INFO - [pipeline.py:136] - "PixelSortTransformer","direction=rows,high=0.71,low=0.24,sort_key=saturation"
2026-03-23 04:54:42,069 - INFO - [pipeline.py:136] - "ChromaticAberrationTransformer","angle=348.70,edge_fade=1,shift=10.90"
2026-03-23 04:54:42,089 - INFO - [pipeline.py:248] - [Grade: A] Saved to: /Users/kenfasano/Scripts/ScreenArt/Images/TransformedImages/psalms_70-A-hero.jpeg
2026-03-23 04:54:42,110 - INFO - [pipeline.py:136] - "ColormapTransformer","map=autumn"
2026-03-23 04:54:42,158 - INFO - [pipeline.py:136] - "HalftoneTransformer","size=2"
2026-03-23 04:54:42,177 - INFO - [pipeline.py:248] - [Grade: A] Saved to: /Users/kenfasano/Scripts/ScreenArt/Images/TransformedImages/psalms_136-A-hero.jpeg
2026-03-23 04:54:42,317 - INFO - [pipeline.py:136] - "PixelSortTransformer","direction=cols,high=0.90,low=0.17,sort_key=brightness"
2026-03-23 04:54:42,366 - INFO - [pipeline.py:136] - "HalftoneTransformer","size=2"
2026-03-23 04:54:42,420 - INFO - [pipeline.py:136] - "MeltMorphTransformer","intensity=0.50"
2026-03-23 04:54:42,459 - INFO - [pipeline.py:136] - "SwirlWarpTransformer","strength=1.50"
2026-03-23 04:54:42,477 - INFO - [pipeline.py:248] - [Grade: C] Saved to: /Users/kenfasano/Scripts/ScreenArt/Images/TransformedImages/psalms_6-C-tile.jpeg
2026-03-23 04:54:42,631 - INFO - [pipeline.py:136] - "PixelSortTransformer","direction=cols,high=0.66,low=0.11,sort_key=brightness"
2026-03-23 04:54:42,651 - INFO - [pipeline.py:248] - [Grade: C] Saved to: /Users/kenfasano/Scripts/ScreenArt/Images/TransformedImages/psalms_64-C-tile.jpeg
2026-03-23 04:54:42,672 - INFO - [pipeline.py:136] - "PosterizationTransformer","levels=4"
2026-03-23 04:54:42,886 - INFO - [pipeline.py:136] - "WatercolorTransformer","scale=0.85,style=monet"
2026-03-23 04:54:42,905 - INFO - [pipeline.py:248] - [Grade: F] Saved to: /Users/kenfasano/Scripts/ScreenArt/Images/Rejected/psalms_29-F-hero.jpeg
2026-03-23 04:54:42,949 - INFO - [pipeline.py:136] - "ThermalImagingTransformer","thermal=True"
2026-03-23 04:54:43,302 - INFO - [pipeline.py:136] - "VoronoiTransformer","edge_blend=1,num_points=280"
2026-03-23 04:54:43,357 - INFO - [pipeline.py:136] - "MeltMorphTransformer","intensity=0.50"
2026-03-23 04:54:43,375 - INFO - [pipeline.py:248] - [Grade: C] Saved to: /Users/kenfasano/Scripts/ScreenArt/Images/TransformedImages/psalms_39-C-hero.jpeg
2026-03-23 04:54:43,505 - INFO - [pipeline.py:136] - "WheelTransformer","blend=add,copies=3"
2026-03-23 04:54:43,553 - INFO - [pipeline.py:136] - "HalftoneTransformer","size=2"
2026-03-23 04:54:43,571 - INFO - [pipeline.py:248] - [Grade: A] Saved to: /Users/kenfasano/Scripts/ScreenArt/Images/TransformedImages/psalms_125-A-tile.jpeg
2026-03-23 04:54:43,607 - INFO - [pipeline.py:136] - "WheelTransformer","blend=add,copies=3"
2026-03-23 04:54:43,621 - INFO - [pipeline.py:136] - "SwirlWarpTransformer","strength=1.50"
2026-03-23 04:54:43,633 - INFO - [pipeline.py:136] - "DataMoshTransformer","intensity=0.01"
2026-03-23 04:54:43,649 - INFO - [pipeline.py:136] - "KaleidoscopeTransformer","cx_off=-0.01,cy_off=0.04,segments=8"
2026-03-23 04:54:43,656 - INFO - [pipeline.py:248] - [Grade: A] Saved to: /Users/kenfasano/Scripts/ScreenArt/Images/TransformedImages/peripheral_drift_18-A.jpeg
2026-03-23 04:54:43,772 - INFO - [pipeline.py:136] - "VoronoiTransformer","edge_blend=1,num_points=280"
2026-03-23 04:54:43,821 - INFO - [pipeline.py:136] - "OilPaintingTransformer","dyn_ratio=3,size=7"
2026-03-23 04:54:43,829 - INFO - [pipeline.py:136] - "RadialWarpTransformer","radius=0.25,strength=117.01720736276036,55.559055968874674,style=push,push"
2026-03-23 04:54:43,838 - INFO - [pipeline.py:136] - "ChromaticAberrationTransformer","angle=328.80,edge_fade=1,shift=7.80"
2026-03-23 04:54:43,844 - INFO - [pipeline.py:248] - [Grade: C] Saved to: /Users/kenfasano/Scripts/ScreenArt/Images/TransformedImages/peripheral_drift_2-C.jpeg
2026-03-23 04:54:43,866 - INFO - [pipeline.py:136] - "KaleidoscopeTransformer","cx_off=0.13,cy_off=0.10,segments=8"
2026-03-23 04:54:43,875 - INFO - [pipeline.py:136] - "GlitchWarpTransformer","intensity=0.01"
2026-03-23 04:54:43,882 - INFO - [pipeline.py:248] - [Grade: A] Saved to: /Users/kenfasano/Scripts/ScreenArt/Images/TransformedImages/peripheral_drift_14-A.jpeg
2026-03-23 04:54:43,898 - INFO - [pipeline.py:136] - "ThermalImagingTransformer","thermal=True"
2026-03-23 04:54:43,905 - INFO - [pipeline.py:248] - [Grade: C] Saved to: /Users/kenfasano/Scripts/ScreenArt/Images/TransformedImages/peripheral_drift_15-C.jpeg
2026-03-23 04:54:43,921 - INFO - [pipeline.py:136] - "SwirlWarpTransformer","strength=1.50"
2026-03-23 04:54:43,931 - INFO - [pipeline.py:136] - "RadialWarpTransformer","radius=0.25,strength=131.36663837624795,81.6378180419774,124.32118800027672,style=pull,pull,push"
2026-03-23 04:54:43,935 - INFO - [pipeline.py:136] - "PosterizationTransformer","levels=4"
2026-03-23 04:54:43,980 - INFO - [pipeline.py:136] - "VoronoiTransformer","edge_blend=1,num_points=93"
2026-03-23 04:54:43,986 - INFO - [pipeline.py:248] - [Grade: A] Saved to: /Users/kenfasano/Scripts/ScreenArt/Images/TransformedImages/peripheral_drift_3-A.jpeg
2026-03-23 04:54:44,023 - INFO - [pipeline.py:136] - "WheelTransformer","blend=add,copies=3"
2026-03-23 04:54:44,111 - INFO - [pipeline.py:136] - "VoronoiTransformer","edge_blend=1,num_points=211"
2026-03-23 04:54:44,125 - INFO - [pipeline.py:136] - "HalftoneTransformer","size=2"
2026-03-23 04:54:44,137 - INFO - [pipeline.py:136] - "DataMoshTransformer","intensity=0.01"
2026-03-23 04:54:44,143 - INFO - [pipeline.py:248] - [Grade: A] Saved to: /Users/kenfasano/Scripts/ScreenArt/Images/TransformedImages/peripheral_drift_19-A.jpeg
2026-03-23 04:54:44,158 - INFO - [pipeline.py:136] - "SwirlWarpTransformer","strength=1.50"
2026-03-23 04:54:44,162 - INFO - [pipeline.py:136] - "PosterizationTransformer","levels=4"
2026-03-23 04:54:44,169 - INFO - [pipeline.py:248] - [Grade: A] Saved to: /Users/kenfasano/Scripts/ScreenArt/Images/TransformedImages/peripheral_drift_12-A.jpeg
2026-03-23 04:54:44,184 - INFO - [pipeline.py:136] - "SwirlWarpTransformer","strength=1.50"
2026-03-23 04:54:44,217 - INFO - [pipeline.py:136] - "PixelSortTransformer","direction=rows,high=0.93,low=0.28,sort_key=blue"
2026-03-23 04:54:44,233 - INFO - [pipeline.py:136] - "KaleidoscopeTransformer","cx_off=-0.08,cy_off=-0.06,segments=8"
2026-03-23 04:54:44,269 - INFO - [pipeline.py:136] - "OilPaintingTransformer","dyn_ratio=2,size=5"
2026-03-23 04:54:44,277 - INFO - [pipeline.py:248] - [Grade: A] Saved to: /Users/kenfasano/Scripts/ScreenArt/Images/TransformedImages/peripheral_drift_8-A.jpeg
2026-03-23 04:54:44,288 - INFO - [pipeline.py:136] - "ChromaticAberrationTransformer","angle=47.10,edge_fade=1,shift=14.70"
2026-03-23 04:54:44,300 - INFO - [pipeline.py:136] - "SwirlWarpTransformer","strength=1.50"
2026-03-23 04:54:44,306 - INFO - [pipeline.py:248] - [Grade: A] Saved to: /Users/kenfasano/Scripts/ScreenArt/Images/TransformedImages/peripheral_drift_4-A.jpeg
2026-03-23 04:54:44,321 - INFO - [pipeline.py:136] - "DataMoshTransformer","intensity=0.02"
2026-03-23 04:54:44,334 - INFO - [pipeline.py:136] - "FluidWarpTransformer","alpha=1.99,sigma=6.05"
2026-03-23 04:54:44,491 - INFO - [pipeline.py:136] - "ChromaticAberrationTransformer","angle=210.50,edge_fade=1,shift=4.80"
2026-03-23 04:54:44,507 - INFO - [pipeline.py:248] - [Grade: A] Saved to: /Users/kenfasano/Scripts/ScreenArt/Images/TransformedImages/peripheral_drift_5-A.jpeg
2026-03-23 04:54:44,679 - INFO - [pipeline.py:136] - "VoronoiTransformer","edge_blend=1,num_points=340"
2026-03-23 04:54:44,691 - INFO - [pipeline.py:136] - "DataMoshTransformer","intensity=0.01"
2026-03-23 04:54:44,698 - INFO - [pipeline.py:248] - [Grade: A] Saved to: /Users/kenfasano/Scripts/ScreenArt/Images/TransformedImages/peripheral_drift_9-A.jpeg
2026-03-23 04:54:44,718 - INFO - [pipeline.py:136] - "KaleidoscopeTransformer","cx_off=0.06,cy_off=0.14,segments=6"
2026-03-23 04:54:44,735 - INFO - [pipeline.py:136] - "MeltMorphTransformer","intensity=0.50"
2026-03-23 04:54:44,743 - INFO - [pipeline.py:136] - "ChromaticAberrationTransformer","angle=87.90,edge_fade=1,shift=12.30"
2026-03-23 04:54:44,758 - INFO - [pipeline.py:136] - "HalftoneTransformer","size=2"
2026-03-23 04:54:44,763 - INFO - [pipeline.py:248] - [Grade: A] Saved to: /Users/kenfasano/Scripts/ScreenArt/Images/TransformedImages/peripheral_drift_13-A.jpeg
2026-03-23 04:54:44,775 - INFO - [pipeline.py:136] - "GlitchWarpTransformer","intensity=0.01"
2026-03-23 04:54:44,790 - INFO - [pipeline.py:136] - "HalftoneTransformer","size=2"
2026-03-23 04:54:44,801 - INFO - [pipeline.py:136] - "FractalWarpTransformer","iter=1,scale=0.05"
2026-03-23 04:54:44,806 - INFO - [pipeline.py:248] - [Grade: A] Saved to: /Users/kenfasano/Scripts/ScreenArt/Images/TransformedImages/peripheral_drift_10-A.jpeg
2026-03-23 04:54:44,814 - INFO - [pipeline.py:136] - "ColormapTransformer","map=cool"
2026-03-23 04:54:44,819 - INFO - [pipeline.py:136] - "PosterizationTransformer","levels=4"
2026-03-23 04:54:44,825 - INFO - [pipeline.py:248] - [Grade: C] Saved to: /Users/kenfasano/Scripts/ScreenArt/Images/TransformedImages/peripheral_drift_6-C.jpeg
2026-03-23 04:54:44,847 - INFO - [pipeline.py:136] - "FlipWilsonTransformer","keep=right,narrow=0.37"
2026-03-23 04:54:44,858 - INFO - [pipeline.py:136] - "SwirlWarpTransformer","strength=1.50"
2026-03-23 04:54:44,865 - INFO - [pipeline.py:248] - [Grade: A] Saved to: /Users/kenfasano/Scripts/ScreenArt/Images/TransformedImages/peripheral_drift_7-A.jpeg
2026-03-23 04:54:44,907 - INFO - [pipeline.py:136] - "VoronoiTransformer","edge_blend=1,num_points=77"
2026-03-23 04:54:44,914 - INFO - [pipeline.py:248] - [Grade: C] Saved to: /Users/kenfasano/Scripts/ScreenArt/Images/TransformedImages/peripheral_drift_11-C.jpeg
2026-03-23 04:54:44,928 - INFO - [pipeline.py:136] - "DataMoshTransformer","intensity=0.01"
2026-03-23 04:54:44,936 - INFO - [pipeline.py:136] - "FisheyeTransformer","shape=oval,strength=0.28,zoom=1.07"
2026-03-23 04:54:44,944 - INFO - [pipeline.py:248] - [Grade: A] Saved to: /Users/kenfasano/Scripts/ScreenArt/Images/TransformedImages/peripheral_drift_20-A.jpeg
2026-03-23 04:54:44,965 - INFO - [pipeline.py:136] - "ThermalImagingTransformer","thermal=True"
2026-03-23 04:54:44,994 - INFO - [pipeline.py:136] - "MeltMorphTransformer","intensity=0.50"
2026-03-23 04:54:44,999 - INFO - [pipeline.py:136] - "PosterizationTransformer","levels=4"
2026-03-23 04:54:45,007 - INFO - [pipeline.py:248] - [Grade: B] Saved to: /Users/kenfasano/Scripts/ScreenArt/Images/TransformedImages/peripheral_drift_16-B.jpeg
2026-03-23 04:54:45,044 - INFO - [pipeline.py:136] - "WheelTransformer","blend=add,copies=3"
2026-03-23 04:54:45,049 - INFO - [pipeline.py:136] - "ColormapTransformer","map=bone"
2026-03-23 04:54:45,057 - INFO - [pipeline.py:136] - "GlitchWarpTransformer","intensity=0.01"
2026-03-23 04:54:45,069 - INFO - [pipeline.py:136] - "FractalWarpTransformer","iter=1,scale=0.05"
2026-03-23 04:54:45,074 - INFO - [pipeline.py:248] - [Grade: A] Saved to: /Users/kenfasano/Scripts/ScreenArt/Images/TransformedImages/peripheral_drift_17-A.jpeg
2026-03-23 04:54:45,094 - INFO - [pipeline.py:136] - "KaleidoscopeTransformer","cx_off=-0.02,cy_off=0.19,segments=8"
2026-03-23 04:54:45,101 - INFO - [pipeline.py:248] - [Grade: A] Saved to: /Users/kenfasano/Scripts/ScreenArt/Images/TransformedImages/peripheral_drift_1-A.jpeg
2026-03-23 04:54:45,102 - INFO - [main.py:186] - WatercolorTransformer
2026-03-23 04:54:45,102 - INFO - [main.py:186] - VoronoiTransformer
2026-03-23 04:54:45,102 - INFO - [main.py:186] - PixelSortTransformer
2026-03-23 04:54:45,102 - INFO - [main.py:186] - WheelTransformer
2026-03-23 04:54:45,102 - INFO - [main.py:186] - OilPaintingTransformer
2026-03-23 04:54:45,102 - INFO - [main.py:186] - FlipWilsonTransformer
2026-03-23 04:54:45,102 - INFO - [main.py:186] - HalftoneTransformer
2026-03-23 04:54:45,102 - INFO - [main.py:186] - MeltMorphTransformer
2026-03-23 04:54:45,102 - INFO - [main.py:186] - KaleidoscopeTransformer
2026-03-23 04:54:45,102 - INFO - [main.py:186] - DataMoshTransformer
2026-03-23 04:54:45,102 - INFO - [main.py:186] - ThermalImagingTransformer
2026-03-23 04:54:45,102 - INFO - [main.py:186] - ChromaticAberrationTransformer
2026-03-23 04:54:45,102 - INFO - [main.py:186] - FractalWarpTransformer
2026-03-23 04:54:45,102 - INFO - [main.py:186] - SwirlWarpTransformer
2026-03-23 04:54:45,102 - INFO - [main.py:186] - FluidWarpTransformer
2026-03-23 04:54:45,102 - INFO - [main.py:186] - FisheyeTransformer
2026-03-23 04:54:45,102 - INFO - [main.py:186] - RadialWarpTransformer
2026-03-23 04:54:45,102 - INFO - [main.py:186] - GlitchWarpTransformer
2026-03-23 04:54:45,102 - INFO - [main.py:186] - ColormapTransformer
2026-03-23 04:54:45,102 - INFO - [main.py:186] - PosterizationTransformer
2026-03-23 04:54:45,102 - INFO - [main.py:229] - 24s@04:54 ✓
Accepted: 73
Rejected: 4
---
Bible                      ->  4096ms
Wiki                       ->  2485ms
Lojong                     ->  1689ms
NasaMapGenerator           ->  1206ms
Nasa                       ->  1104ms
Bubbles                    ->   551ms
GoesGenerator              ->   477ms
PeripheralDriftIllusion    ->   468ms
Cubes                      ->   194ms
---
WatercolorTransformer            -> Min:    26ms | Avg:   160ms | Max:   226ms
VoronoiTransformer               -> Min:    39ms | Avg:   153ms | Max:   352ms
PixelSortTransformer             -> Min:    25ms | Avg:   140ms | Max:   385ms
WheelTransformer                 -> Min:    20ms | Avg:    91ms | Max:   145ms
OilPaintingTransformer           -> Min:    30ms | Avg:    73ms | Max:   117ms
FlipWilsonTransformer            -> Min:    18ms | Avg:    53ms | Max:    61ms
HalftoneTransformer              -> Min:     6ms | Avg:    35ms | Max:    73ms
MeltMorphTransformer             -> Min:    17ms | Avg:    33ms | Max:    55ms
KaleidoscopeTransformer          -> Min:    16ms | Avg:    30ms | Max:    53ms
DataMoshTransformer              -> Min:    11ms | Avg:    27ms | Max:    51ms
ThermalImagingTransformer        -> Min:     6ms | Avg:    27ms | Max:    62ms
ChromaticAberrationTransformer   -> Min:     4ms | Avg:    26ms | Max:   157ms
FractalWarpTransformer           -> Min:     0ms | Avg:    23ms | Max:    38ms
SwirlWarpTransformer             -> Min:    12ms | Avg:    23ms | Max:    39ms
FluidWarpTransformer             -> Min:     7ms | Avg:    22ms | Max:    52ms
FisheyeTransformer               -> Min:     7ms | Avg:    20ms | Max:    31ms
RadialWarpTransformer            -> Min:     8ms | Avg:    16ms | Max:    25ms
GlitchWarpTransformer            -> Min:     0ms | Avg:    14ms | Max:    28ms
ColormapTransformer              -> Min:     5ms | Avg:    12ms | Max:    33ms
PosterizationTransformer         -> Min:     2ms | Avg:     9ms | Max:    14ms
