2026-03-08 15:30:02,471 - INFO - [pipeline.py:44] - ColormapTransformer
2026-03-08 15:30:02,485 - INFO - [pipeline.py:44] - SwirlWarpTransformer
2026-03-08 15:30:02,533 - INFO - [pipeline.py:44] - WheelTransformer
2026-03-08 15:30:02,703 - INFO - [pipeline.py:44] - FractalWarpTransformer
2026-03-08 15:30:02,756 - INFO - [pipeline.py:117] - [Grade: A] Saved to: /Users/kenfasano/Scripts/ScreenArt/Images/TransformedImages/bubbles_4-A.jpeg
2026-03-08 15:30:02,765 - INFO - [pipeline.py:44] - WatercolorTransformer
2026-03-08 15:30:02,845 - INFO - [pipeline.py:44] - MeltMorphTransformer
2026-03-08 15:30:02,901 - INFO - [pipeline.py:44] - FluidWarpTransformer
2026-03-08 15:30:02,976 - INFO - [pipeline.py:117] - [Grade: B] Saved to: /Users/kenfasano/Scripts/ScreenArt/Images/TransformedImages/bubbles_8-B.jpeg
2026-03-08 15:30:02,985 - INFO - [pipeline.py:44] - RadialWarpTransformer
2026-03-08 15:30:03,002 - INFO - [pipeline.py:44] - FractalWarpTransformer
2026-03-08 15:30:03,037 - INFO - [pipeline.py:44] - SwirlWarpTransformer
2026-03-08 15:30:03,098 - INFO - [pipeline.py:117] - [Grade: C] Saved to: /Users/kenfasano/Scripts/ScreenArt/Images/TransformedImages/bubbles_9-C.jpeg
2026-03-08 15:30:03,106 - INFO - [pipeline.py:44] - SwirlWarpTransformer
2026-03-08 15:30:03,166 - INFO - [pipeline.py:117] - [Grade: F] Saved to: /Users/kenfasano/Scripts/ScreenArt/Images/Rejected/bubbles_5-F.jpeg
2026-03-08 15:30:03,175 - INFO - [pipeline.py:44] - ColormapTransformer
2026-03-08 15:30:03,186 - INFO - [pipeline.py:44] - InvertRGBTransformer
2026-03-08 15:30:03,202 - INFO - [pipeline.py:117] - [Grade: F] Saved to: /Users/kenfasano/Scripts/ScreenArt/Images/Rejected/bubbles_2-F.jpeg
2026-03-08 15:30:03,211 - INFO - [pipeline.py:44] - FluidWarpTransformer
2026-03-08 15:30:03,264 - INFO - [pipeline.py:44] - XrayTransformer
2026-03-08 15:30:03,391 - INFO - [pipeline.py:44] - FlipWilsonTransformer
2026-03-08 15:30:03,489 - INFO - [pipeline.py:44] - TritoneTransformer
2026-03-08 15:30:03,533 - INFO - [pipeline.py:117] - [Grade: F] Saved to: /Users/kenfasano/Scripts/ScreenArt/Images/Rejected/bubbles_3-F.jpeg
2026-03-08 15:30:03,541 - INFO - [pipeline.py:44] - DataMoshTransformer
2026-03-08 15:30:03,579 - INFO - [pipeline.py:44] - ThermalImagingTransformer
2026-03-08 15:30:03,606 - INFO - [pipeline.py:44] - AnamorphicTransformer
2026-03-08 15:30:03,666 - INFO - [pipeline.py:44] - PosterizationTransformer
2026-03-08 15:30:03,686 - INFO - [pipeline.py:117] - [Grade: F] Saved to: /Users/kenfasano/Scripts/ScreenArt/Images/Rejected/bubbles_10-F.jpeg
2026-03-08 15:30:03,694 - INFO - [pipeline.py:44] - GlitchWarpTransformer
2026-03-08 15:30:03,721 - INFO - [pipeline.py:44] - ThermalImagingTransformer
2026-03-08 15:30:03,748 - INFO - [pipeline.py:44] - HalftoneTransformer
2026-03-08 15:30:03,780 - INFO - [pipeline.py:44] - AnamorphicTransformer
2026-03-08 15:30:03,837 - INFO - [pipeline.py:117] - [Grade: F] Saved to: /Users/kenfasano/Scripts/ScreenArt/Images/Rejected/bubbles_1-F.jpeg
2026-03-08 15:30:03,845 - INFO - [pipeline.py:44] - WheelTransformer
2026-03-08 15:30:04,028 - INFO - [pipeline.py:117] - [Grade: C] Saved to: /Users/kenfasano/Scripts/ScreenArt/Images/TransformedImages/bubbles_6-C.jpeg
2026-03-08 15:30:04,036 - INFO - [pipeline.py:44] - XrayTransformer
2026-03-08 15:30:04,145 - INFO - [pipeline.py:44] - FlipWilsonTransformer
2026-03-08 15:30:04,244 - INFO - [pipeline.py:44] - DataMoshTransformer
2026-03-08 15:30:04,281 - INFO - [pipeline.py:44] - TritoneTransformer
2026-03-08 15:30:04,325 - INFO - [pipeline.py:117] - [Grade: F] Saved to: /Users/kenfasano/Scripts/ScreenArt/Images/Rejected/bubbles_7-F.jpeg
2026-03-08 15:30:04,333 - INFO - [pipeline.py:44] - WatercolorTransformer
2026-03-08 15:30:04,413 - INFO - [pipeline.py:44] - TritoneTransformer
2026-03-08 15:30:04,457 - INFO - [pipeline.py:117] - [Grade: F] Saved to: /Users/kenfasano/Scripts/ScreenArt/Images/Rejected/cubes_2-F.jpeg
2026-03-08 15:30:04,465 - INFO - [pipeline.py:44] - GlitchWarpTransformer
2026-03-08 15:30:04,492 - INFO - [pipeline.py:44] - FlipWilsonTransformer
2026-03-08 15:30:04,617 - INFO - [pipeline.py:117] - [Grade: F] Saved to: /Users/kenfasano/Scripts/ScreenArt/Images/Rejected/cubes_3-F.jpeg
2026-03-08 15:30:04,625 - INFO - [pipeline.py:44] - PosterizationTransformer
2026-03-08 15:30:04,630 - INFO - [pipeline.py:44] - FractalWarpTransformer
2026-03-08 15:30:04,665 - INFO - [pipeline.py:44] - DuotoneTransformer
2026-03-08 15:30:04,762 - INFO - [pipeline.py:117] - [Grade: F] Saved to: /Users/kenfasano/Scripts/ScreenArt/Images/Rejected/cubes_4-F.jpeg
2026-03-08 15:30:04,770 - INFO - [pipeline.py:44] - FisheyeTransformer
2026-03-08 15:30:04,799 - INFO - [pipeline.py:44] - XrayTransformer
2026-03-08 15:30:04,900 - INFO - [pipeline.py:44] - ColormapTransformer
2026-03-08 15:30:04,926 - INFO - [pipeline.py:117] - [Grade: F] Saved to: /Users/kenfasano/Scripts/ScreenArt/Images/Rejected/cubes_5-F.jpeg
2026-03-08 15:30:04,934 - INFO - [pipeline.py:44] - SwirlWarpTransformer
2026-03-08 15:30:04,994 - INFO - [pipeline.py:117] - [Grade: C] Saved to: /Users/kenfasano/Scripts/ScreenArt/Images/TransformedImages/cubes_6-C.jpeg
2026-03-08 15:30:05,001 - INFO - [pipeline.py:44] - FractalWarpTransformer
2026-03-08 15:30:05,036 - INFO - [pipeline.py:44] - WatercolorTransformer
2026-03-08 15:30:05,136 - INFO - [pipeline.py:117] - [Grade: B] Saved to: /Users/kenfasano/Scripts/ScreenArt/Images/TransformedImages/cubes_1-B.jpeg
2026-03-08 15:30:05,140 - INFO - [pipeline.py:44] - InvertRGBTransformer
2026-03-08 15:30:05,141 - INFO - [pipeline.py:44] - WheelTransformer
2026-03-08 15:30:05,232 - INFO - [pipeline.py:117] - [Grade: A] Saved to: /Users/kenfasano/Scripts/ScreenArt/Images/TransformedImages/sts98plume_nasa_900-A.jpg
2026-03-08 15:30:05,236 - INFO - [pipeline.py:44] - ThreeDExtrusionTransformer
2026-03-08 15:30:05,246 - INFO - [pipeline.py:44] - DataMoshTransformer
2026-03-08 15:30:05,257 - INFO - [pipeline.py:44] - DuotoneTransformer
2026-03-08 15:30:05,282 - INFO - [pipeline.py:44] - FlipWilsonTransformer
2026-03-08 15:30:05,317 - INFO - [pipeline.py:117] - [Grade: C] Saved to: /Users/kenfasano/Scripts/ScreenArt/Images/TransformedImages/comacluster_rowe-C.jpg
2026-03-08 15:30:05,321 - INFO - [pipeline.py:44] - MeltMorphTransformer
2026-03-08 15:30:05,337 - INFO - [pipeline.py:44] - FisheyeTransformer
2026-03-08 15:30:05,350 - INFO - [pipeline.py:117] - [Grade: F] Saved to: /Users/kenfasano/Scripts/ScreenArt/Images/Rejected/EquinoxSunset_Christen_960-F.jpg
2026-03-08 15:30:05,356 - INFO - [pipeline.py:44] - WheelTransformer
2026-03-08 15:30:05,397 - INFO - [pipeline.py:44] - ColormapTransformer
2026-03-08 15:30:05,400 - INFO - [pipeline.py:44] - PosterizationTransformer
2026-03-08 15:30:05,401 - INFO - [pipeline.py:44] - ThermalImagingTransformer
2026-03-08 15:30:05,413 - INFO - [pipeline.py:117] - [Grade: F] Saved to: /Users/kenfasano/Scripts/ScreenArt/Images/Rejected/volcanolightning_rietze-F.jpg
2026-03-08 15:30:05,419 - INFO - [pipeline.py:44] - DuotoneTransformer
2026-03-08 15:30:05,444 - INFO - [pipeline.py:44] - GlitchWarpTransformer
2026-03-08 15:30:05,458 - INFO - [pipeline.py:117] - [Grade: C] Saved to: /Users/kenfasano/Scripts/ScreenArt/Images/TransformedImages/PIA25287_insight1024-C.jpg
2026-03-08 15:30:05,473 - INFO - [pipeline.py:44] - FluidWarpTransformer
2026-03-08 15:30:05,502 - INFO - [pipeline.py:44] - FlipWilsonTransformer
2026-03-08 15:30:05,607 - INFO - [pipeline.py:117] - [Grade: B] Saved to: /Users/kenfasano/Scripts/ScreenArt/Images/TransformedImages/APOD_Soponyai_Analemma_Moon-B.jpg
2026-03-08 15:30:05,612 - INFO - [pipeline.py:44] - PosterizationTransformer
2026-03-08 15:30:05,622 - INFO - [pipeline.py:117] - [Grade: F] Saved to: /Users/kenfasano/Scripts/ScreenArt/Images/Rejected/M8_rim2geminicrop600-F.jpg
2026-03-08 15:30:05,628 - INFO - [pipeline.py:44] - FractalWarpTransformer
2026-03-08 15:30:05,642 - INFO - [pipeline.py:44] - DuotoneTransformer
2026-03-08 15:30:05,675 - INFO - [pipeline.py:117] - [Grade: C] Saved to: /Users/kenfasano/Scripts/ScreenArt/Images/TransformedImages/ldn673s_block1123-C.jpg
2026-03-08 15:30:05,676 - INFO - [pipeline.py:44] - PosterizationTransformer
2026-03-08 15:30:05,677 - INFO - [pipeline.py:44] - FluidWarpTransformer
2026-03-08 15:30:05,688 - INFO - [pipeline.py:44] - HalftoneTransformer
2026-03-08 15:30:05,692 - INFO - [pipeline.py:44] - ThreeDExtrusionTransformer
2026-03-08 15:30:05,699 - INFO - [pipeline.py:117] - [Grade: F] Saved to: /Users/kenfasano/Scripts/ScreenArt/Images/Rejected/fomalhaut_atc-F.jpg
2026-03-08 15:30:05,701 - INFO - [pipeline.py:44] - RadialWarpTransformer
2026-03-08 15:30:05,703 - INFO - [pipeline.py:44] - ThreeDExtrusionTransformer
2026-03-08 15:30:05,708 - INFO - [pipeline.py:44] - XrayTransformer
2026-03-08 15:30:05,747 - INFO - [pipeline.py:44] - AnamorphicTransformer
2026-03-08 15:30:05,757 - INFO - [pipeline.py:117] - [Grade: F] Saved to: /Users/kenfasano/Scripts/ScreenArt/Images/Rejected/hodge301_hst_c2-F.jpg
2026-03-08 15:30:05,758 - INFO - [pipeline.py:44] - WatercolorTransformer
2026-03-08 15:30:05,777 - INFO - [pipeline.py:117] - [Grade: F] Saved to: /Users/kenfasano/Scripts/ScreenArt/Images/Rejected/Yuichi-Takasaka2_750-F.jpg
2026-03-08 15:30:05,789 - INFO - [pipeline.py:44] - FractalWarpTransformer
2026-03-08 15:30:05,824 - INFO - [pipeline.py:44] - ColormapTransformer
2026-03-08 15:30:05,853 - INFO - [pipeline.py:117] - [Grade: C] Saved to: /Users/kenfasano/Scripts/ScreenArt/Images/TransformedImages/nasa_earth_1_West_Palm_Beach_True_Color-C.jpeg
2026-03-08 15:30:05,864 - INFO - [pipeline.py:44] - FluidWarpTransformer
2026-03-08 15:30:05,904 - INFO - [pipeline.py:117] - [Grade: A] Saved to: /Users/kenfasano/Scripts/ScreenArt/Images/TransformedImages/noaa_goes_1_se_GeoColor-A.jpeg
2026-03-08 15:30:05,932 - INFO - [pipeline.py:44] - FisheyeTransformer
2026-03-08 15:30:06,061 - INFO - [pipeline.py:117] - [Grade: A] Saved to: /Users/kenfasano/Scripts/ScreenArt/Images/TransformedImages/thumbnai-A.jpeg
2026-03-08 15:30:06,091 - INFO - [pipeline.py:44] - PosterizationTransformer
2026-03-08 15:30:06,110 - INFO - [pipeline.py:44] - FractalWarpTransformer
2026-03-08 15:30:06,226 - INFO - [pipeline.py:117] - [Grade: F] Saved to: /Users/kenfasano/Scripts/ScreenArt/Images/Rejected/Municipa-F.jpeg
2026-03-08 15:30:06,243 - INFO - [pipeline.py:44] - DataMoshTransformer
2026-03-08 15:30:06,294 - INFO - [pipeline.py:44] - FisheyeTransformer
2026-03-08 15:30:06,351 - INFO - [pipeline.py:117] - [Grade: C] Saved to: /Users/kenfasano/Scripts/ScreenArt/Images/TransformedImages/Jim_Blac-C.jpeg
2026-03-08 15:30:06,354 - INFO - [pipeline.py:44] - MeltMorphTransformer
2026-03-08 15:30:06,370 - INFO - [pipeline.py:44] - FractalWarpTransformer
2026-03-08 15:30:06,381 - INFO - [pipeline.py:44] - DuotoneTransformer
2026-03-08 15:30:06,412 - INFO - [pipeline.py:117] - [Grade: C] Saved to: /Users/kenfasano/Scripts/ScreenArt/Images/TransformedImages/Luchar_por_la_v-C.jpeg
2026-03-08 15:30:06,427 - INFO - [pipeline.py:44] - AnamorphicTransformer
2026-03-08 15:30:06,535 - INFO - [pipeline.py:117] - [Grade: F] Saved to: /Users/kenfasano/Scripts/ScreenArt/Images/Rejected/JfSanSim-F.jpeg
2026-03-08 15:30:06,545 - INFO - [pipeline.py:44] - FisheyeTransformer
2026-03-08 15:30:06,577 - INFO - [pipeline.py:44] - FractalWarpTransformer
2026-03-08 15:30:06,632 - INFO - [pipeline.py:44] - RadialWarpTransformer
2026-03-08 15:30:06,655 - INFO - [pipeline.py:44] - XrayTransformer
2026-03-08 15:30:06,785 - INFO - [pipeline.py:117] - [Grade: F] Saved to: /Users/kenfasano/Scripts/ScreenArt/Images/Rejected/Sé_da_Gu-F.jpeg
2026-03-08 15:30:06,793 - INFO - [pipeline.py:44] - FractalWarpTransformer
2026-03-08 15:30:06,829 - INFO - [pipeline.py:44] - FisheyeTransformer
2026-03-08 15:30:06,853 - INFO - [pipeline.py:44] - DataMoshTransformer
2026-03-08 15:30:06,904 - INFO - [pipeline.py:117] - [Grade: A] Saved to: /Users/kenfasano/Scripts/ScreenArt/Images/TransformedImages/lojong_2-A.jpeg
2026-03-08 15:30:06,912 - INFO - [pipeline.py:44] - XrayTransformer
2026-03-08 15:30:07,011 - INFO - [pipeline.py:44] - ThreeDExtrusionTransformer
2026-03-08 15:30:07,041 - INFO - [pipeline.py:44] - FisheyeTransformer
2026-03-08 15:30:07,080 - INFO - [pipeline.py:117] - [Grade: F] Saved to: /Users/kenfasano/Scripts/ScreenArt/Images/Rejected/lojong_3-F.jpeg
2026-03-08 15:30:07,087 - INFO - [pipeline.py:44] - WheelTransformer
2026-03-08 15:30:07,251 - INFO - [pipeline.py:44] - MeltMorphTransformer
2026-03-08 15:30:07,304 - INFO - [pipeline.py:44] - ThermalImagingTransformer
2026-03-08 15:30:07,331 - INFO - [pipeline.py:44] - ThreeDExtrusionTransformer
2026-03-08 15:30:07,378 - INFO - [pipeline.py:117] - [Grade: F] Saved to: /Users/kenfasano/Scripts/ScreenArt/Images/Rejected/lojong_8-F.jpeg
2026-03-08 15:30:07,384 - INFO - [pipeline.py:44] - AnamorphicTransformer
2026-03-08 15:30:07,462 - INFO - [pipeline.py:117] - [Grade: A] Saved to: /Users/kenfasano/Scripts/ScreenArt/Images/TransformedImages/lojong_4-A.jpeg
2026-03-08 15:30:07,469 - INFO - [pipeline.py:44] - MeltMorphTransformer
2026-03-08 15:30:07,522 - INFO - [pipeline.py:44] - RadialWarpTransformer
2026-03-08 15:30:07,538 - INFO - [pipeline.py:44] - XrayTransformer
2026-03-08 15:30:07,645 - INFO - [pipeline.py:117] - [Grade: F] Saved to: /Users/kenfasano/Scripts/ScreenArt/Images/Rejected/lojong_5-F.jpeg
2026-03-08 15:30:07,651 - INFO - [pipeline.py:44] - FractalWarpTransformer
2026-03-08 15:30:07,686 - INFO - [pipeline.py:44] - MeltMorphTransformer
2026-03-08 15:30:07,740 - INFO - [pipeline.py:44] - SwirlWarpTransformer
2026-03-08 15:30:07,798 - INFO - [pipeline.py:117] - [Grade: F] Saved to: /Users/kenfasano/Scripts/ScreenArt/Images/Rejected/lojong_9-F.jpeg
2026-03-08 15:30:07,804 - INFO - [pipeline.py:44] - SwirlWarpTransformer
2026-03-08 15:30:07,862 - INFO - [pipeline.py:117] - [Grade: F] Saved to: /Users/kenfasano/Scripts/ScreenArt/Images/Rejected/lojong_6-F.jpeg
2026-03-08 15:30:07,868 - INFO - [pipeline.py:44] - MeltMorphTransformer
2026-03-08 15:30:07,921 - INFO - [pipeline.py:44] - ThermalImagingTransformer
2026-03-08 15:30:07,947 - INFO - [pipeline.py:44] - XrayTransformer
2026-03-08 15:30:07,998 - INFO - [pipeline.py:44] - WheelTransformer
2026-03-08 15:30:08,178 - INFO - [pipeline.py:117] - [Grade: F] Saved to: /Users/kenfasano/Scripts/ScreenArt/Images/Rejected/lojong_7-F.jpeg
2026-03-08 15:30:08,184 - INFO - [pipeline.py:44] - ThreeDExtrusionTransformer
2026-03-08 15:30:08,214 - INFO - [pipeline.py:44] - ColormapTransformer
2026-03-08 15:30:08,241 - INFO - [pipeline.py:117] - [Grade: C] Saved to: /Users/kenfasano/Scripts/ScreenArt/Images/TransformedImages/lojong_0-C.jpeg
2026-03-08 15:30:08,247 - INFO - [pipeline.py:44] - RadialWarpTransformer
2026-03-08 15:30:08,261 - INFO - [pipeline.py:44] - ThreeDExtrusionTransformer
2026-03-08 15:30:08,307 - INFO - [pipeline.py:117] - [Grade: F] Saved to: /Users/kenfasano/Scripts/ScreenArt/Images/Rejected/lojong_1-F.jpeg
2026-03-08 15:30:08,313 - INFO - [pipeline.py:44] - PosterizationTransformer
2026-03-08 15:30:08,318 - INFO - [pipeline.py:44] - XrayTransformer
2026-03-08 15:30:08,363 - INFO - [pipeline.py:44] - ThermalImagingTransformer
2026-03-08 15:30:08,390 - INFO - [pipeline.py:44] - SwirlWarpTransformer
2026-03-08 15:30:08,448 - INFO - [pipeline.py:117] - [Grade: F] Saved to: /Users/kenfasano/Scripts/ScreenArt/Images/Rejected/psalms_127-F.jpeg
2026-03-08 15:30:08,457 - INFO - [pipeline.py:44] - TritoneTransformer
2026-03-08 15:30:08,503 - INFO - [pipeline.py:117] - [Grade: F] Saved to: /Users/kenfasano/Scripts/ScreenArt/Images/Rejected/psalms_130-F.jpeg
2026-03-08 15:30:08,510 - INFO - [pipeline.py:44] - WatercolorTransformer
2026-03-08 15:30:08,589 - INFO - [pipeline.py:44] - DataMoshTransformer
2026-03-08 15:30:08,625 - INFO - [pipeline.py:44] - FisheyeTransformer
2026-03-08 15:30:08,665 - INFO - [pipeline.py:117] - [Grade: A] Saved to: /Users/kenfasano/Scripts/ScreenArt/Images/TransformedImages/psalms_120-A.jpeg
2026-03-08 15:30:08,675 - INFO - [pipeline.py:44] - ThreeDExtrusionTransformer
2026-03-08 15:30:08,723 - INFO - [pipeline.py:117] - [Grade: F] Saved to: /Users/kenfasano/Scripts/ScreenArt/Images/Rejected/psalms_25-F.jpeg
2026-03-08 15:30:08,733 - INFO - [pipeline.py:44] - InvertRGBTransformer
2026-03-08 15:30:08,734 - INFO - [pipeline.py:44] - WatercolorTransformer
2026-03-08 15:30:08,827 - INFO - [pipeline.py:117] - [Grade: F] Saved to: /Users/kenfasano/Scripts/ScreenArt/Images/Rejected/psalms_103-F.jpeg
2026-03-08 15:30:08,835 - INFO - [pipeline.py:44] - ColormapTransformer
2026-03-08 15:30:08,846 - INFO - [pipeline.py:44] - MeltMorphTransformer
2026-03-08 15:30:08,915 - INFO - [pipeline.py:117] - [Grade: C] Saved to: /Users/kenfasano/Scripts/ScreenArt/Images/TransformedImages/psalms_115-C.jpeg
2026-03-08 15:30:08,923 - INFO - [pipeline.py:44] - MeltMorphTransformer
2026-03-08 15:30:08,993 - INFO - [pipeline.py:117] - [Grade: F] Saved to: /Users/kenfasano/Scripts/ScreenArt/Images/Rejected/psalms_90-F.jpeg
2026-03-08 15:30:09,001 - INFO - [pipeline.py:44] - HalftoneTransformer
2026-03-08 15:30:09,031 - INFO - [pipeline.py:44] - WatercolorTransformer
2026-03-08 15:30:09,109 - INFO - [pipeline.py:44] - MeltMorphTransformer
2026-03-08 15:30:09,163 - INFO - [pipeline.py:44] - FluidWarpTransformer
2026-03-08 15:30:09,223 - INFO - [pipeline.py:117] - [Grade: F] Saved to: /Users/kenfasano/Scripts/ScreenArt/Images/Rejected/psalms_97-F.jpeg
2026-03-08 15:30:09,230 - INFO - [pipeline.py:44] - PosterizationTransformer
2026-03-08 15:30:09,234 - INFO - [pipeline.py:44] - ThreeDExtrusionTransformer
2026-03-08 15:30:09,265 - INFO - [pipeline.py:44] - ColormapTransformer
2026-03-08 15:30:09,291 - INFO - [pipeline.py:117] - [Grade: F] Saved to: /Users/kenfasano/Scripts/ScreenArt/Images/Rejected/psalms_129-F.jpeg
2026-03-08 15:30:09,299 - INFO - [pipeline.py:44] - DuotoneTransformer
2026-03-08 15:30:09,382 - INFO - [pipeline.py:44] - XrayTransformer
2026-03-08 15:30:09,453 - INFO - [pipeline.py:44] - ColormapTransformer
2026-03-08 15:30:09,464 - INFO - [pipeline.py:44] - PosterizationTransformer
2026-03-08 15:30:09,484 - INFO - [pipeline.py:117] - [Grade: F] Saved to: /Users/kenfasano/Scripts/ScreenArt/Images/Rejected/psalms_39-F.jpeg
2026-03-08 15:30:09,487 - INFO - [pipeline.py:44] - SwirlWarpTransformer
2026-03-08 15:30:09,500 - INFO - [pipeline.py:44] - ThreeDExtrusionTransformer
2026-03-08 15:30:09,510 - INFO - [pipeline.py:44] - HalftoneTransformer
2026-03-08 15:30:09,524 - INFO - [pipeline.py:117] - [Grade: F] Saved to: /Users/kenfasano/Scripts/ScreenArt/Images/Rejected/peripheral_drift_2-F.jpeg
2026-03-08 15:30:09,527 - INFO - [pipeline.py:44] - PosterizationTransformer
2026-03-08 15:30:09,528 - INFO - [pipeline.py:44] - FluidWarpTransformer
2026-03-08 15:30:09,561 - INFO - [pipeline.py:117] - [Grade: F] Saved to: /Users/kenfasano/Scripts/ScreenArt/Images/Rejected/peripheral_drift_3-F.jpeg
2026-03-08 15:30:09,564 - INFO - [pipeline.py:44] - FisheyeTransformer
2026-03-08 15:30:09,570 - INFO - [pipeline.py:44] - DataMoshTransformer
2026-03-08 15:30:09,581 - INFO - [pipeline.py:44] - FluidWarpTransformer
2026-03-08 15:30:09,592 - INFO - [pipeline.py:44] - ThreeDExtrusionTransformer
2026-03-08 15:30:09,606 - INFO - [pipeline.py:117] - [Grade: F] Saved to: /Users/kenfasano/Scripts/ScreenArt/Images/Rejected/peripheral_drift_1-F.jpeg
2026-03-08 15:30:09,613 - INFO - [pipeline.py:44] - ThermalImagingTransformer
2026-03-08 15:30:09,656 - INFO - [pipeline.py:117] - [Grade: F] Saved to: /Users/kenfasano/Scripts/ScreenArt/Images/Rejected/koch_snowflake_4_4-F.jpeg
2026-03-08 15:30:09,662 - INFO - [pipeline.py:44] - ThreeDExtrusionTransformer
2026-03-08 15:30:09,693 - INFO - [pipeline.py:44] - RadialWarpTransformer
2026-03-08 15:30:09,709 - INFO - [pipeline.py:44] - FluidWarpTransformer
2026-03-08 15:30:09,760 - INFO - [pipeline.py:44] - XrayTransformer
2026-03-08 15:30:09,890 - INFO - [pipeline.py:117] - [Grade: F] Saved to: /Users/kenfasano/Scripts/ScreenArt/Images/Rejected/koch_snowflake_4_5-F.jpeg
2026-03-08 15:30:09,896 - INFO - [pipeline.py:44] - DataMoshTransformer
2026-03-08 15:30:09,931 - INFO - [pipeline.py:44] - AnamorphicTransformer
2026-03-08 15:30:09,986 - INFO - [pipeline.py:44] - MeltMorphTransformer
2026-03-08 15:30:10,054 - INFO - [pipeline.py:117] - [Grade: A] Saved to: /Users/kenfasano/Scripts/ScreenArt/Images/TransformedImages/koch_snowflake_4_2-A.jpeg
2026-03-08 15:30:10,059 - INFO - [pipeline.py:44] - FluidWarpTransformer
2026-03-08 15:30:10,089 - INFO - [pipeline.py:44] - FractalWarpTransformer
2026-03-08 15:30:10,124 - INFO - [pipeline.py:44] - HalftoneTransformer
2026-03-08 15:30:10,169 - INFO - [pipeline.py:117] - [Grade: F] Saved to: /Users/kenfasano/Scripts/ScreenArt/Images/Rejected/koch_snowflake_4_3-F.jpeg
2026-03-08 15:30:10,176 - INFO - [pipeline.py:44] - ColormapTransformer
2026-03-08 15:30:10,187 - INFO - [pipeline.py:44] - RadialWarpTransformer
2026-03-08 15:30:10,216 - INFO - [pipeline.py:117] - [Grade: B] Saved to: /Users/kenfasano/Scripts/ScreenArt/Images/TransformedImages/koch_snowflake_4_1-B.jpeg
2026-03-08 15:30:10,228 - INFO - [pipeline.py:44] - AnamorphicTransformer
2026-03-08 15:30:10,291 - INFO - [pipeline.py:44] - WheelTransformer
2026-03-08 15:30:10,455 - INFO - [pipeline.py:44] - InvertRGBTransformer
2026-03-08 15:30:10,471 - INFO - [pipeline.py:117] - [Grade: F] Saved to: /Users/kenfasano/Scripts/ScreenArt/Images/Rejected/hilbert_5-F.jpg
2026-03-08 15:30:10,486 - INFO - [pipeline.py:44] - FisheyeTransformer
2026-03-08 15:30:10,529 - INFO - [pipeline.py:117] - [Grade: B] Saved to: /Users/kenfasano/Scripts/ScreenArt/Images/TransformedImages/hilbert_4-B.jpg
2026-03-08 15:30:10,543 - INFO - [pipeline.py:44] - SwirlWarpTransformer
2026-03-08 15:30:10,586 - INFO - [pipeline.py:44] - InvertRGBTransformer
2026-03-08 15:30:10,587 - INFO - [pipeline.py:44] - WatercolorTransformer
2026-03-08 15:30:10,667 - INFO - [pipeline.py:44] - TritoneTransformer
2026-03-08 15:30:10,711 - INFO - [pipeline.py:117] - [Grade: F] Saved to: /Users/kenfasano/Scripts/ScreenArt/Images/Rejected/hilbert_1-F.jpg
2026-03-08 15:30:10,722 - INFO - [pipeline.py:44] - SwirlWarpTransformer
2026-03-08 15:30:10,783 - INFO - [pipeline.py:117] - [Grade: F] Saved to: /Users/kenfasano/Scripts/ScreenArt/Images/Rejected/hilbert_3-F.jpg
2026-03-08 15:30:10,791 - INFO - [pipeline.py:44] - FisheyeTransformer
2026-03-08 15:30:10,831 - INFO - [pipeline.py:117] - [Grade: F] Saved to: /Users/kenfasano/Scripts/ScreenArt/Images/Rejected/hilbert_2-F.jpg
2026-03-08 15:30:10,831 - INFO - [main.py:196] - WheelTransformer
2026-03-08 15:30:10,831 - INFO - [main.py:196] - XrayTransformer
2026-03-08 15:30:10,832 - INFO - [main.py:196] - FlipWilsonTransformer
2026-03-08 15:30:10,832 - INFO - [main.py:196] - WatercolorTransformer
2026-03-08 15:30:10,832 - INFO - [main.py:196] - AnamorphicTransformer
2026-03-08 15:30:10,832 - INFO - [main.py:196] - MeltMorphTransformer
2026-03-08 15:30:10,832 - INFO - [main.py:196] - DuotoneTransformer
2026-03-08 15:30:10,832 - INFO - [main.py:196] - SwirlWarpTransformer
2026-03-08 15:30:10,832 - INFO - [main.py:196] - FractalWarpTransformer
2026-03-08 15:30:10,832 - INFO - [main.py:196] - FluidWarpTransformer
2026-03-08 15:30:10,832 - INFO - [main.py:196] - DataMoshTransformer
2026-03-08 15:30:10,832 - INFO - [main.py:196] - TritoneTransformer
2026-03-08 15:30:10,832 - INFO - [main.py:196] - FisheyeTransformer
2026-03-08 15:30:10,832 - INFO - [main.py:196] - ThermalImagingTransformer
2026-03-08 15:30:10,832 - INFO - [main.py:196] - HalftoneTransformer
2026-03-08 15:30:10,832 - INFO - [main.py:196] - ThreeDExtrusionTransformer
2026-03-08 15:30:10,832 - INFO - [main.py:196] - GlitchWarpTransformer
2026-03-08 15:30:10,832 - INFO - [main.py:196] - RadialWarpTransformer
2026-03-08 15:30:10,832 - INFO - [main.py:196] - ColormapTransformer
2026-03-08 15:30:10,832 - INFO - [main.py:196] - PosterizationTransformer
2026-03-08 15:30:10,832 - INFO - [main.py:196] - InvertRGBTransformer
2026-03-08 15:30:10,832 - INFO - [main.py:239] - 14s@15:30 ✓
Accepted: 24
Rejected: 44
---
Wiki                       ->  3231ms
Nasa                       ->   806ms
GoesGenerator              ->   493ms
Cubes                      ->   483ms
Bible                      ->   475ms
Lojong                     ->   373ms
KochSnowflake              ->   282ms
Bubbles                    ->   242ms
Hilbert                    ->    77ms
PeripheralDriftIllusion    ->    44ms
NasaMapGenerator           ->    35ms
---
WheelTransformer           -> Min:    41ms | Avg:   136ms | Max:   171ms
XrayTransformer            -> Min:    39ms | Avg:    87ms | Max:   128ms
FlipWilsonTransformer      -> Min:    29ms | Avg:    84ms | Max:   107ms
WatercolorTransformer      -> Min:    16ms | Avg:    72ms | Max:    82ms
AnamorphicTransformer      -> Min:     7ms | Avg:    53ms | Max:    86ms
MeltMorphTransformer       -> Min:    16ms | Avg:    46ms | Max:    56ms
DuotoneTransformer         -> Min:    25ms | Avg:    45ms | Max:    83ms
SwirlWarpTransformer       -> Min:    13ms | Avg:    40ms | Max:    48ms
FractalWarpTransformer     -> Min:    11ms | Avg:    37ms | Max:    81ms
FluidWarpTransformer       -> Min:    10ms | Avg:    34ms | Max:    58ms
DataMoshTransformer        -> Min:    11ms | Avg:    32ms | Max:    50ms
TritoneTransformer         -> Min:    29ms | Avg:    29ms | Max:    31ms
FisheyeTransformer         -> Min:     6ms | Avg:    28ms | Max:    86ms
ThermalImagingTransformer  -> Min:     7ms | Avg:    24ms | Max:    27ms
HalftoneTransformer        -> Min:     4ms | Avg:    21ms | Max:    32ms
ThreeDExtrusionTransformer -> Min:     4ms | Avg:    21ms | Max:    31ms
GlitchWarpTransformer      -> Min:     8ms | Avg:    21ms | Max:    27ms
RadialWarpTransformer      -> Min:     2ms | Avg:    14ms | Max:    23ms
ColormapTransformer        -> Min:     3ms | Avg:    11ms | Max:    13ms
PosterizationTransformer   -> Min:     1ms | Avg:     5ms | Max:    19ms
InvertRGBTransformer       -> Min:     1ms | Avg:     1ms | Max:     1ms
