2026-03-14 06:36:23,358 - INFO - [pipeline.py:136] - "RadialWarpTransformer","radius=0.25,strength=78.65177006149752,style=push"
2026-03-14 06:36:23,374 - INFO - [pipeline.py:229] - [Grade: F] Saved to: /Users/kenfasano/Scripts/ScreenArt/Images/Rejected/bubbles_4-F.jpeg
2026-03-14 06:36:23,428 - INFO - [pipeline.py:136] - "DataMoshTransformer","intensity=0.01"
2026-03-14 06:36:23,445 - INFO - [pipeline.py:229] - [Grade: C] Saved to: /Users/kenfasano/Scripts/ScreenArt/Images/TransformedImages/bubbles_8-C.jpeg
2026-03-14 06:36:23,490 - INFO - [pipeline.py:136] - "DataMoshTransformer","intensity=0.01"
2026-03-14 06:36:23,506 - INFO - [pipeline.py:229] - [Grade: C] Saved to: /Users/kenfasano/Scripts/ScreenArt/Images/TransformedImages/bubbles_9-C.jpeg
2026-03-14 06:36:23,571 - INFO - [pipeline.py:136] - "MeltMorphTransformer","intensity=0.50"
2026-03-14 06:36:23,598 - INFO - [pipeline.py:136] - "GlitchWarpTransformer","intensity=0.01"
2026-03-14 06:36:23,638 - INFO - [pipeline.py:136] - "ThermalImagingTransformer","thermal=True"
2026-03-14 06:36:23,651 - INFO - [pipeline.py:136] - "ColormapTransformer","map=winter"
2026-03-14 06:36:23,670 - INFO - [pipeline.py:229] - [Grade: C] Saved to: /Users/kenfasano/Scripts/ScreenArt/Images/TransformedImages/bubbles_5-C.jpeg
2026-03-14 06:36:23,692 - INFO - [pipeline.py:136] - "PosterizationTransformer","levels=4"
2026-03-14 06:36:23,709 - INFO - [pipeline.py:229] - [Grade: A] Saved to: /Users/kenfasano/Scripts/ScreenArt/Images/TransformedImages/bubbles_2-A.jpeg
2026-03-14 06:36:23,736 - INFO - [pipeline.py:136] - "RadialWarpTransformer","radius=0.25,strength=131.2105489910753,73.07569395838865,style=pull,pull"
2026-03-14 06:36:23,749 - INFO - [pipeline.py:136] - "PosterizationTransformer","levels=4"
2026-03-14 06:36:23,777 - INFO - [pipeline.py:136] - "GlitchWarpTransformer","intensity=0.01"
2026-03-14 06:36:23,794 - INFO - [pipeline.py:229] - [Grade: A] Saved to: /Users/kenfasano/Scripts/ScreenArt/Images/TransformedImages/bubbles_3-A.jpeg
2026-03-14 06:36:23,815 - INFO - [pipeline.py:136] - "PosterizationTransformer","levels=4"
2026-03-14 06:36:24,006 - INFO - [pipeline.py:136] - "WheelTransformer","blend=add,copies=5"
2026-03-14 06:36:24,023 - INFO - [pipeline.py:229] - [Grade: A] Saved to: /Users/kenfasano/Scripts/ScreenArt/Images/TransformedImages/bubbles_10-A.jpeg
2026-03-14 06:36:24,068 - INFO - [pipeline.py:136] - "DataMoshTransformer","intensity=0.02"
2026-03-14 06:36:24,085 - INFO - [pipeline.py:229] - [Grade: A] Saved to: /Users/kenfasano/Scripts/ScreenArt/Images/TransformedImages/bubbles_1-A.jpeg
2026-03-14 06:36:24,130 - INFO - [pipeline.py:136] - "DataMoshTransformer","intensity=0.02"
2026-03-14 06:36:24,159 - INFO - [pipeline.py:136] - "FisheyeTransformer","shape=oval,strength=0.71,zoom=0.89"
2026-03-14 06:36:24,177 - INFO - [pipeline.py:229] - [Grade: A] Saved to: /Users/kenfasano/Scripts/ScreenArt/Images/TransformedImages/bubbles_6-A.jpeg
2026-03-14 06:36:24,224 - INFO - [pipeline.py:136] - "ThermalImagingTransformer","thermal=True"
2026-03-14 06:36:24,260 - INFO - [pipeline.py:136] - "FractalWarpTransformer","iter=1,scale=0.05"
2026-03-14 06:36:24,298 - INFO - [pipeline.py:136] - "SwirlWarpTransformer","strength=1.50"
2026-03-14 06:36:24,351 - INFO - [pipeline.py:136] - "MeltMorphTransformer","intensity=0.50"
2026-03-14 06:36:24,370 - INFO - [pipeline.py:229] - [Grade: A] Saved to: /Users/kenfasano/Scripts/ScreenArt/Images/TransformedImages/bubbles_7-A.jpeg
2026-03-14 06:36:24,412 - INFO - [pipeline.py:136] - "ThermalImagingTransformer","thermal=True"
2026-03-14 06:36:24,448 - INFO - [pipeline.py:136] - "DataMoshTransformer","intensity=0.01"
2026-03-14 06:36:24,471 - INFO - [pipeline.py:136] - "FisheyeTransformer","shape=circle,strength=0.66,zoom=0.89"
2026-03-14 06:36:24,488 - INFO - [pipeline.py:229] - [Grade: A] Saved to: /Users/kenfasano/Scripts/ScreenArt/Images/TransformedImages/cubes_2-A.jpeg
2026-03-14 06:36:24,532 - INFO - [pipeline.py:136] - "DataMoshTransformer","intensity=0.02"
2026-03-14 06:36:24,549 - INFO - [pipeline.py:229] - [Grade: A] Saved to: /Users/kenfasano/Scripts/ScreenArt/Images/TransformedImages/cubes_3-A.jpeg
2026-03-14 06:36:24,745 - INFO - [pipeline.py:136] - "WheelTransformer","blend=add,copies=5"
2026-03-14 06:36:24,757 - INFO - [pipeline.py:136] - "PosterizationTransformer","levels=4"
2026-03-14 06:36:24,775 - INFO - [pipeline.py:229] - [Grade: A] Saved to: /Users/kenfasano/Scripts/ScreenArt/Images/TransformedImages/cubes_4-A.jpeg
2026-03-14 06:36:24,820 - INFO - [pipeline.py:136] - "SwirlWarpTransformer","strength=1.50"
2026-03-14 06:36:24,836 - INFO - [pipeline.py:229] - [Grade: A] Saved to: /Users/kenfasano/Scripts/ScreenArt/Images/TransformedImages/cubes_5-A.jpeg
2026-03-14 06:36:24,867 - INFO - [pipeline.py:136] - "FisheyeTransformer","shape=circle,strength=0.27,zoom=1.03"
2026-03-14 06:36:24,900 - INFO - [pipeline.py:136] - "FractalWarpTransformer","iter=1,scale=0.05"
2026-03-14 06:36:24,953 - INFO - [pipeline.py:136] - "MeltMorphTransformer","intensity=0.50"
2026-03-14 06:36:25,001 - INFO - [pipeline.py:136] - "HalftoneTransformer","size=2"
2026-03-14 06:36:25,018 - INFO - [pipeline.py:229] - [Grade: F] Saved to: /Users/kenfasano/Scripts/ScreenArt/Images/Rejected/cubes_6-F.jpeg
2026-03-14 06:36:25,041 - INFO - [pipeline.py:136] - "RadialWarpTransformer","radius=0.25,strength=118.26385979085202,style=pull"
2026-03-14 06:36:25,229 - INFO - [pipeline.py:136] - "WheelTransformer","blend=add,copies=5"
2026-03-14 06:36:25,246 - INFO - [pipeline.py:229] - [Grade: A] Saved to: /Users/kenfasano/Scripts/ScreenArt/Images/TransformedImages/cubes_1-A.jpeg
2026-03-14 06:36:25,309 - INFO - [pipeline.py:136] - "WatercolorTransformer","scale=0.85,style=monet"
2026-03-14 06:36:25,316 - INFO - [pipeline.py:136] - "RadialWarpTransformer","radius=0.25,strength=40.330642674792315,118.5556469419736,83.84328804306793,style=push,pull,pull"
2026-03-14 06:36:25,321 - INFO - [pipeline.py:229] - [Grade: A] Saved to: /Users/kenfasano/Scripts/ScreenArt/Images/TransformedImages/PlutoP4_hst-A.jpg
2026-03-14 06:36:25,432 - INFO - [pipeline.py:136] - "WatercolorTransformer","scale=0.85,style=psychedelic"
2026-03-14 06:36:25,447 - INFO - [pipeline.py:136] - "FluidWarpTransformer","alpha=2.93,sigma=4.49"
2026-03-14 06:36:25,456 - INFO - [pipeline.py:136] - "RadialWarpTransformer","radius=0.25,strength=48.83529453516407,style=pull"
2026-03-14 06:36:25,463 - INFO - [pipeline.py:229] - [Grade: C] Saved to: /Users/kenfasano/Scripts/ScreenArt/Images/TransformedImages/NGC1316Center_HubbleNobre_960-C.jpg
2026-03-14 06:36:25,494 - INFO - [pipeline.py:136] - "DataMoshTransformer","intensity=0.02"
2026-03-14 06:36:25,505 - INFO - [pipeline.py:229] - [Grade: A] Saved to: /Users/kenfasano/Scripts/ScreenArt/Images/TransformedImages/WolfMoon_Zegarski_960-A.jpg
2026-03-14 06:36:25,512 - INFO - [pipeline.py:136] - "PosterizationTransformer","levels=4"
2026-03-14 06:36:25,519 - INFO - [pipeline.py:229] - [Grade: A] Saved to: /Users/kenfasano/Scripts/ScreenArt/Images/TransformedImages/AirglowRings_Wang_1080-A.jpg
2026-03-14 06:36:25,551 - INFO - [pipeline.py:136] - "FractalWarpTransformer","iter=1,scale=0.05"
2026-03-14 06:36:25,614 - INFO - [pipeline.py:136] - "WheelTransformer","blend=add,copies=5"
2026-03-14 06:36:25,622 - INFO - [pipeline.py:136] - "FisheyeTransformer","shape=circle,strength=0.57,zoom=0.86"
2026-03-14 06:36:25,627 - INFO - [pipeline.py:136] - "PosterizationTransformer","levels=4"
2026-03-14 06:36:25,634 - INFO - [pipeline.py:229] - [Grade: A] Saved to: /Users/kenfasano/Scripts/ScreenArt/Images/TransformedImages/ngc-1275-perseus-cluster1024-A.jpg
2026-03-14 06:36:25,804 - INFO - [pipeline.py:136] - "XrayTransformer","colors=128"
2026-03-14 06:36:25,811 - INFO - [pipeline.py:229] - [Grade: A] Saved to: /Users/kenfasano/Scripts/ScreenArt/Images/TransformedImages/30dor_hst-A.jpg
2026-03-14 06:36:25,842 - INFO - [pipeline.py:136] - "MeltMorphTransformer","intensity=0.50"
2026-03-14 06:36:25,909 - INFO - [pipeline.py:136] - "XrayTransformer","colors=64"
2026-03-14 06:36:25,928 - INFO - [pipeline.py:136] - "HalftoneTransformer","size=2"
2026-03-14 06:36:25,936 - INFO - [pipeline.py:229] - [Grade: C] Saved to: /Users/kenfasano/Scripts/ScreenArt/Images/TransformedImages/image_1236LeoTrio1024-C.JPG
2026-03-14 06:36:25,975 - INFO - [pipeline.py:136] - "HalftoneTransformer","size=2"
2026-03-14 06:36:25,997 - INFO - [pipeline.py:136] - "MeltMorphTransformer","intensity=0.50"
2026-03-14 06:36:26,005 - INFO - [pipeline.py:229] - [Grade: C] Saved to: /Users/kenfasano/Scripts/ScreenArt/Images/TransformedImages/Doodad200mmAPOD1024crop-C.jpg
2026-03-14 06:36:26,024 - INFO - [pipeline.py:136] - "FractalWarpTransformer","iter=1,scale=0.05"
2026-03-14 06:36:26,034 - INFO - [pipeline.py:136] - "FisheyeTransformer","shape=circle,strength=0.60,zoom=0.99"
2026-03-14 06:36:26,041 - INFO - [pipeline.py:229] - [Grade: A] Saved to: /Users/kenfasano/Scripts/ScreenArt/Images/TransformedImages/235794main_GPN-2006-000025_1024x865-A.jpg
2026-03-14 06:36:26,063 - INFO - [pipeline.py:136] - "HalftoneTransformer","size=2"
2026-03-14 06:36:26,124 - INFO - [pipeline.py:136] - "WheelTransformer","blend=add,copies=5"
2026-03-14 06:36:26,199 - INFO - [pipeline.py:136] - "WatercolorTransformer","scale=0.85,style=monet"
2026-03-14 06:36:26,212 - INFO - [pipeline.py:136] - "SwirlWarpTransformer","strength=1.50"
2026-03-14 06:36:26,218 - INFO - [pipeline.py:229] - [Grade: A] Saved to: /Users/kenfasano/Scripts/ScreenArt/Images/TransformedImages/catseye2_not-A.jpg
2026-03-14 06:36:26,257 - INFO - [pipeline.py:136] - "FluidWarpTransformer","alpha=17.38,sigma=6.70"
2026-03-14 06:36:26,275 - INFO - [pipeline.py:136] - "GlitchWarpTransformer","intensity=0.01"
2026-03-14 06:36:26,406 - INFO - [pipeline.py:136] - "XrayTransformer","colors=128"
2026-03-14 06:36:26,424 - INFO - [pipeline.py:229] - [Grade: A] Saved to: /Users/kenfasano/Scripts/ScreenArt/Images/TransformedImages/SeaBlueSky_Horalek_960-A.jpg
2026-03-14 06:36:26,477 - INFO - [pipeline.py:136] - "DataMoshTransformer","intensity=0.01"
2026-03-14 06:36:26,497 - INFO - [pipeline.py:229] - [Grade: A] Saved to: /Users/kenfasano/Scripts/ScreenArt/Images/TransformedImages/nasa_earth_1_Los_Angeles_True_Color-A.jpeg
2026-03-14 06:36:26,550 - INFO - [pipeline.py:136] - "FlipWilsonTransformer","keep=bottom,narrow=0.33"
2026-03-14 06:36:26,586 - INFO - [pipeline.py:136] - "HalftoneTransformer","size=2"
2026-03-14 06:36:26,614 - INFO - [pipeline.py:136] - "SwirlWarpTransformer","strength=1.50"
2026-03-14 06:36:26,640 - INFO - [pipeline.py:136] - "FractalWarpTransformer","iter=1,scale=0.05"
2026-03-14 06:36:26,652 - INFO - [pipeline.py:229] - [Grade: A] Saved to: /Users/kenfasano/Scripts/ScreenArt/Images/TransformedImages/noaa_goes_1_se_Sandwich_RGB-A.jpeg
2026-03-14 06:36:26,865 - INFO - [pipeline.py:136] - "AnamorphicTransformer","intensity=0.0,0.2,0.4,0.6,0.8,thresh=80"
2026-03-14 06:36:26,955 - INFO - [pipeline.py:136] - "SwirlWarpTransformer","strength=1.50"
2026-03-14 06:36:26,983 - INFO - [pipeline.py:136] - "ColormapTransformer","map=ocean"
2026-03-14 06:36:27,070 - INFO - [pipeline.py:136] - "FisheyeTransformer","shape=circle,strength=0.61,zoom=0.85"
2026-03-14 06:36:27,108 - INFO - [pipeline.py:229] - [Grade: F] Saved to: /Users/kenfasano/Scripts/ScreenArt/Images/Rejected/Selbstpo-F.jpeg
2026-03-14 06:36:27,195 - INFO - [pipeline.py:136] - "MeltMorphTransformer","intensity=0.50"
2026-03-14 06:36:27,249 - INFO - [pipeline.py:136] - "FractalWarpTransformer","iter=1,scale=0.05"
2026-03-14 06:36:27,274 - INFO - [pipeline.py:229] - [Grade: A] Saved to: /Users/kenfasano/Scripts/ScreenArt/Images/TransformedImages/Adele_Qu-A.jpeg
2026-03-14 06:36:27,332 - INFO - [pipeline.py:136] - "SwirlWarpTransformer","strength=1.50"
2026-03-14 06:36:27,470 - INFO - [pipeline.py:136] - "XrayTransformer","colors=256"
2026-03-14 06:36:27,494 - INFO - [pipeline.py:229] - [Grade: B] Saved to: /Users/kenfasano/Scripts/ScreenArt/Images/TransformedImages/lossy-page1-160-B.jpeg
2026-03-14 06:36:27,499 - INFO - [pipeline.py:136] - "XrayTransformer","colors=64"
2026-03-14 06:36:27,501 - INFO - [pipeline.py:136] - "GlitchWarpTransformer","intensity=0.01"
2026-03-14 06:36:27,502 - INFO - [pipeline.py:229] - [Grade: C] Saved to: /Users/kenfasano/Scripts/ScreenArt/Images/TransformedImages/330px-1_3-cyclo-C.jpeg
2026-03-14 06:36:27,646 - INFO - [pipeline.py:136] - "WatercolorTransformer","scale=0.85,style=monet"
2026-03-14 06:36:27,664 - INFO - [pipeline.py:136] - "FluidWarpTransformer","alpha=4.53,sigma=0.82"
2026-03-14 06:36:27,770 - INFO - [pipeline.py:136] - "WheelTransformer","blend=add,copies=5"
2026-03-14 06:36:27,792 - INFO - [pipeline.py:136] - "DataMoshTransformer","intensity=0.02"
2026-03-14 06:36:27,803 - INFO - [pipeline.py:229] - [Grade: B] Saved to: /Users/kenfasano/Scripts/ScreenArt/Images/TransformedImages/Palácio_de_Belé-B.jpeg
2026-03-14 06:36:28,233 - INFO - [pipeline.py:136] - "WheelTransformer","blend=add,copies=5"
2026-03-14 06:36:28,271 - INFO - [pipeline.py:229] - [Grade: A] Saved to: /Users/kenfasano/Scripts/ScreenArt/Images/TransformedImages/Chronica-A.jpeg
2026-03-14 06:36:28,318 - INFO - [pipeline.py:136] - "FractalWarpTransformer","iter=1,scale=0.05"
2026-03-14 06:36:28,504 - INFO - [pipeline.py:136] - "WheelTransformer","blend=add,copies=5"
2026-03-14 06:36:28,542 - INFO - [pipeline.py:136] - "SwirlWarpTransformer","strength=1.50"
2026-03-14 06:36:28,601 - INFO - [pipeline.py:136] - "FlipWilsonTransformer","keep=bottom,narrow=0.33"
2026-03-14 06:36:28,620 - INFO - [pipeline.py:229] - [Grade: A] Saved to: /Users/kenfasano/Scripts/ScreenArt/Images/TransformedImages/lojong_2-A-columns.jpeg
2026-03-14 06:36:28,642 - INFO - [pipeline.py:136] - "PosterizationTransformer","levels=4"
2026-03-14 06:36:28,666 - INFO - [pipeline.py:136] - "RadialWarpTransformer","radius=0.25,strength=133.6480617446469,90.88729078043173,112.92454560705191,style=pull,push,pull"
2026-03-14 06:36:28,700 - INFO - [pipeline.py:136] - "FractalWarpTransformer","iter=1,scale=0.05"
2026-03-14 06:36:28,886 - INFO - [pipeline.py:136] - "WheelTransformer","blend=add,copies=5"
2026-03-14 06:36:28,907 - INFO - [pipeline.py:229] - [Grade: A] Saved to: /Users/kenfasano/Scripts/ScreenArt/Images/TransformedImages/lojong_3-A-tile.jpeg
2026-03-14 06:36:28,950 - INFO - [pipeline.py:136] - "FluidWarpTransformer","alpha=4.55,sigma=3.49"
2026-03-14 06:36:28,966 - INFO - [pipeline.py:136] - "RadialWarpTransformer","radius=0.25,strength=56.93572540760708,style=pull"
2026-03-14 06:36:29,193 - INFO - [pipeline.py:136] - "WatercolorTransformer","scale=0.85,style=psychedelic"
2026-03-14 06:36:29,206 - INFO - [pipeline.py:136] - "PosterizationTransformer","levels=4"
2026-03-14 06:36:29,223 - INFO - [pipeline.py:229] - [Grade: A] Saved to: /Users/kenfasano/Scripts/ScreenArt/Images/TransformedImages/lojong_8-A-hero.jpeg
2026-03-14 06:36:29,263 - INFO - [pipeline.py:136] - "FractalWarpTransformer","iter=1,scale=0.05"
2026-03-14 06:36:29,478 - INFO - [pipeline.py:136] - "WatercolorTransformer","scale=0.85,style=psychedelic"
2026-03-14 06:36:29,496 - INFO - [pipeline.py:229] - [Grade: F] Saved to: /Users/kenfasano/Scripts/ScreenArt/Images/Rejected/lojong_4-F-hero.jpeg
2026-03-14 06:36:29,536 - INFO - [pipeline.py:136] - "FractalWarpTransformer","iter=1,scale=0.05"
2026-03-14 06:36:29,592 - INFO - [pipeline.py:136] - "AnamorphicTransformer","intensity=0.0,0.2,0.4,0.6,0.8,thresh=80"
2026-03-14 06:36:29,783 - INFO - [pipeline.py:136] - "WheelTransformer","blend=add,copies=5"
2026-03-14 06:36:29,800 - INFO - [pipeline.py:229] - [Grade: B] Saved to: /Users/kenfasano/Scripts/ScreenArt/Images/TransformedImages/lojong_5-B-scatter.jpeg
2026-03-14 06:36:29,993 - INFO - [pipeline.py:136] - "WheelTransformer","blend=add,copies=5"
2026-03-14 06:36:30,030 - INFO - [pipeline.py:136] - "DataMoshTransformer","intensity=0.01"
2026-03-14 06:36:30,042 - INFO - [pipeline.py:136] - "PosterizationTransformer","levels=4"
2026-03-14 06:36:30,255 - INFO - [pipeline.py:136] - "WatercolorTransformer","scale=0.85,style=psychedelic"
2026-03-14 06:36:30,272 - INFO - [pipeline.py:229] - [Grade: B] Saved to: /Users/kenfasano/Scripts/ScreenArt/Images/TransformedImages/lojong_9-B-hero.jpeg
2026-03-14 06:36:30,330 - INFO - [pipeline.py:136] - "HalftoneTransformer","size=2"
2026-03-14 06:36:30,348 - INFO - [pipeline.py:136] - "RadialWarpTransformer","radius=0.25,strength=129.9169575897068,style=push"
2026-03-14 06:36:30,382 - INFO - [pipeline.py:136] - "FractalWarpTransformer","iter=1,scale=0.05"
2026-03-14 06:36:30,399 - INFO - [pipeline.py:229] - [Grade: A] Saved to: /Users/kenfasano/Scripts/ScreenArt/Images/TransformedImages/lojong_6-A-columns.jpeg
2026-03-14 06:36:30,443 - INFO - [pipeline.py:136] - "ThermalImagingTransformer","thermal=True"
2026-03-14 06:36:30,496 - INFO - [pipeline.py:136] - "MeltMorphTransformer","intensity=0.50"
2026-03-14 06:36:30,513 - INFO - [pipeline.py:229] - [Grade: A] Saved to: /Users/kenfasano/Scripts/ScreenArt/Images/TransformedImages/lojong_7-A-tile.jpeg
2026-03-14 06:36:30,566 - INFO - [pipeline.py:136] - "FluidWarpTransformer","alpha=3.07,sigma=6.11"
2026-03-14 06:36:30,601 - INFO - [pipeline.py:136] - "FractalWarpTransformer","iter=1,scale=0.05"
2026-03-14 06:36:30,618 - INFO - [pipeline.py:229] - [Grade: A] Saved to: /Users/kenfasano/Scripts/ScreenArt/Images/TransformedImages/lojong_0-A-hero.jpeg
2026-03-14 06:36:30,815 - INFO - [pipeline.py:136] - "WheelTransformer","blend=add,copies=5"
2026-03-14 06:36:30,852 - INFO - [pipeline.py:136] - "DataMoshTransformer","intensity=0.01"
2026-03-14 06:36:30,905 - INFO - [pipeline.py:136] - "MeltMorphTransformer","intensity=0.50"
2026-03-14 06:36:30,942 - INFO - [pipeline.py:136] - "SwirlWarpTransformer","strength=1.50"
2026-03-14 06:36:30,962 - INFO - [pipeline.py:229] - [Grade: A] Saved to: /Users/kenfasano/Scripts/ScreenArt/Images/TransformedImages/lojong_1-A-hero.jpeg
2026-03-14 06:36:31,155 - INFO - [pipeline.py:136] - "WheelTransformer","blend=add,copies=5"
2026-03-14 06:36:31,202 - INFO - [pipeline.py:136] - "HalftoneTransformer","size=2"
2026-03-14 06:36:31,240 - INFO - [pipeline.py:136] - "SwirlWarpTransformer","strength=1.50"
2026-03-14 06:36:31,257 - INFO - [pipeline.py:229] - [Grade: A] Saved to: /Users/kenfasano/Scripts/ScreenArt/Images/TransformedImages/psalms_131-A-hero.jpeg
2026-03-14 06:36:31,304 - INFO - [pipeline.py:136] - "SwirlWarpTransformer","strength=1.50"
2026-03-14 06:36:31,352 - INFO - [pipeline.py:136] - "HalftoneTransformer","size=2"
2026-03-14 06:36:31,375 - INFO - [pipeline.py:136] - "FisheyeTransformer","shape=oval,strength=0.42,zoom=1.05"
2026-03-14 06:36:31,403 - INFO - [pipeline.py:136] - "GlitchWarpTransformer","intensity=0.01"
2026-03-14 06:36:31,419 - INFO - [pipeline.py:229] - [Grade: C] Saved to: /Users/kenfasano/Scripts/ScreenArt/Images/TransformedImages/psalms_76-C-tile.jpeg
2026-03-14 06:36:31,460 - INFO - [pipeline.py:136] - "FractalWarpTransformer","iter=1,scale=0.05"
2026-03-14 06:36:31,497 - INFO - [pipeline.py:136] - "DataMoshTransformer","intensity=0.02"
2026-03-14 06:36:31,510 - INFO - [pipeline.py:136] - "PosterizationTransformer","levels=4"
2026-03-14 06:36:31,526 - INFO - [pipeline.py:229] - [Grade: A] Saved to: /Users/kenfasano/Scripts/ScreenArt/Images/TransformedImages/psalms_11-A-hero.jpeg
2026-03-14 06:36:31,563 - INFO - [pipeline.py:136] - "FluidWarpTransformer","alpha=19.35,sigma=1.40"
2026-03-14 06:36:31,597 - INFO - [pipeline.py:136] - "FractalWarpTransformer","iter=1,scale=0.05"
2026-03-14 06:36:31,651 - INFO - [pipeline.py:136] - "MeltMorphTransformer","intensity=0.50"
2026-03-14 06:36:31,668 - INFO - [pipeline.py:229] - [Grade: A] Saved to: /Users/kenfasano/Scripts/ScreenArt/Images/TransformedImages/psalms_100-A-hero.jpeg
2026-03-14 06:36:31,729 - INFO - [pipeline.py:136] - "HalftoneTransformer","size=2"
2026-03-14 06:36:31,747 - INFO - [pipeline.py:229] - [Grade: C] Saved to: /Users/kenfasano/Scripts/ScreenArt/Images/TransformedImages/psalms_119-C-columns.jpeg
2026-03-14 06:36:31,788 - INFO - [pipeline.py:136] - "FractalWarpTransformer","iter=1,scale=0.05"
2026-03-14 06:36:31,999 - INFO - [pipeline.py:136] - "WatercolorTransformer","scale=0.85,style=psychedelic"
2026-03-14 06:36:32,013 - INFO - [pipeline.py:136] - "ColormapTransformer","map=cool"
2026-03-14 06:36:32,036 - INFO - [pipeline.py:136] - "FisheyeTransformer","shape=oval,strength=0.27,zoom=1.07"
2026-03-14 06:36:32,052 - INFO - [pipeline.py:229] - [Grade: F] Saved to: /Users/kenfasano/Scripts/ScreenArt/Images/Rejected/psalms_115-F-hero.jpeg
2026-03-14 06:36:32,095 - INFO - [pipeline.py:136] - "FluidWarpTransformer","alpha=11.23,sigma=3.57"
2026-03-14 06:36:32,112 - INFO - [pipeline.py:229] - [Grade: A] Saved to: /Users/kenfasano/Scripts/ScreenArt/Images/TransformedImages/psalms_62-A-scatter.jpeg
2026-03-14 06:36:32,305 - INFO - [pipeline.py:136] - "WheelTransformer","blend=add,copies=5"
2026-03-14 06:36:32,318 - INFO - [pipeline.py:136] - "PosterizationTransformer","levels=4"
2026-03-14 06:36:32,338 - INFO - [pipeline.py:229] - [Grade: A] Saved to: /Users/kenfasano/Scripts/ScreenArt/Images/TransformedImages/psalms_148-A-scatter.jpeg
2026-03-14 06:36:32,360 - INFO - [pipeline.py:136] - "PosterizationTransformer","levels=4"
2026-03-14 06:36:32,398 - INFO - [pipeline.py:136] - "SwirlWarpTransformer","strength=1.50"
2026-03-14 06:36:32,415 - INFO - [pipeline.py:229] - [Grade: A] Saved to: /Users/kenfasano/Scripts/ScreenArt/Images/TransformedImages/psalms_124-A-hero.jpeg
2026-03-14 06:36:32,461 - INFO - [pipeline.py:136] - "ThermalImagingTransformer","thermal=True"
2026-03-14 06:36:32,480 - INFO - [pipeline.py:229] - [Grade: B] Saved to: /Users/kenfasano/Scripts/ScreenArt/Images/TransformedImages/psalms_55-B-columns.jpeg
2026-03-14 06:36:32,497 - INFO - [pipeline.py:136] - "FluidWarpTransformer","alpha=17.82,sigma=7.32"
2026-03-14 06:36:32,505 - INFO - [pipeline.py:136] - "RadialWarpTransformer","radius=0.25,strength=65.81924737564692,108.00841906231302,style=push,push"
2026-03-14 06:36:32,573 - INFO - [pipeline.py:136] - "WatercolorTransformer","scale=0.85,style=psychedelic"
2026-03-14 06:36:32,581 - INFO - [pipeline.py:136] - "GlitchWarpTransformer","intensity=0.01"
2026-03-14 06:36:32,587 - INFO - [pipeline.py:229] - [Grade: A] Saved to: /Users/kenfasano/Scripts/ScreenArt/Images/TransformedImages/peripheral_drift_2-A.jpeg
2026-03-14 06:36:32,645 - INFO - [pipeline.py:136] - "WheelTransformer","blend=add,copies=5"
2026-03-14 06:36:32,699 - INFO - [pipeline.py:136] - "XrayTransformer","colors=64"
2026-03-14 06:36:32,703 - INFO - [pipeline.py:136] - "PosterizationTransformer","levels=4"
2026-03-14 06:36:32,708 - INFO - [pipeline.py:229] - [Grade: A] Saved to: /Users/kenfasano/Scripts/ScreenArt/Images/TransformedImages/peripheral_drift_3-A.jpeg
2026-03-14 06:36:32,721 - INFO - [pipeline.py:136] - "GlitchWarpTransformer","intensity=0.01"
2026-03-14 06:36:32,732 - INFO - [pipeline.py:136] - "ThermalImagingTransformer","thermal=True"
2026-03-14 06:36:32,739 - INFO - [pipeline.py:229] - [Grade: B] Saved to: /Users/kenfasano/Scripts/ScreenArt/Images/TransformedImages/peripheral_drift_1-B.jpeg
2026-03-14 06:36:32,739 - INFO - [main.py:196] - WheelTransformer
2026-03-14 06:36:32,739 - INFO - [main.py:196] - WatercolorTransformer
2026-03-14 06:36:32,739 - INFO - [main.py:196] - AnamorphicTransformer
2026-03-14 06:36:32,739 - INFO - [main.py:196] - XrayTransformer
2026-03-14 06:36:32,739 - INFO - [main.py:196] - FlipWilsonTransformer
2026-03-14 06:36:32,739 - INFO - [main.py:196] - MeltMorphTransformer
2026-03-14 06:36:32,739 - INFO - [main.py:196] - SwirlWarpTransformer
2026-03-14 06:36:32,739 - INFO - [main.py:196] - HalftoneTransformer
2026-03-14 06:36:32,739 - INFO - [main.py:196] - DataMoshTransformer
2026-03-14 06:36:32,739 - INFO - [main.py:196] - ThermalImagingTransformer
2026-03-14 06:36:32,739 - INFO - [main.py:196] - FractalWarpTransformer
2026-03-14 06:36:32,739 - INFO - [main.py:196] - FisheyeTransformer
2026-03-14 06:36:32,739 - INFO - [main.py:196] - FluidWarpTransformer
2026-03-14 06:36:32,739 - INFO - [main.py:196] - ColormapTransformer
2026-03-14 06:36:32,739 - INFO - [main.py:196] - GlitchWarpTransformer
2026-03-14 06:36:32,739 - INFO - [main.py:196] - RadialWarpTransformer
2026-03-14 06:36:32,739 - INFO - [main.py:196] - PosterizationTransformer
2026-03-14 06:36:32,740 - INFO - [main.py:239] - 22s@06:36 ✓
Accepted: 53
Rejected: 5
---
Bible                      ->  5122ms
Wiki                       ->  3466ms
Lojong                     ->  2002ms
Nasa                       ->  1194ms
GoesGenerator              ->   791ms
Bubbles                    ->   545ms
Cubes                      ->   184ms
NasaMapGenerator           ->    53ms
PeripheralDriftIllusion    ->    43ms
---
WheelTransformer           -> Min:    55ms | Avg:   171ms | Max:   401ms
WatercolorTransformer      -> Min:    60ms | Avg:   145ms | Max:   227ms
AnamorphicTransformer      -> Min:    55ms | Avg:   119ms | Max:   182ms
XrayTransformer            -> Min:     4ms | Avg:    93ms | Max:   166ms
FlipWilsonTransformer      -> Min:    45ms | Avg:    52ms | Max:    59ms
MeltMorphTransformer       -> Min:    22ms | Avg:    49ms | Max:    74ms
SwirlWarpTransformer       -> Min:    13ms | Avg:    40ms | Max:    90ms
HalftoneTransformer        -> Min:    16ms | Avg:    36ms | Max:    49ms
DataMoshTransformer        -> Min:    22ms | Avg:    36ms | Max:    46ms
ThermalImagingTransformer  -> Min:    12ms | Avg:    33ms | Max:    39ms
FractalWarpTransformer     -> Min:    13ms | Avg:    32ms | Max:    54ms
FisheyeTransformer         -> Min:     8ms | Avg:    28ms | Max:    87ms
FluidWarpTransformer       -> Min:    15ms | Avg:    28ms | Max:    44ms
ColormapTransformer        -> Min:    13ms | Avg:    18ms | Max:    28ms
GlitchWarpTransformer      -> Min:     2ms | Avg:    17ms | Max:    28ms
RadialWarpTransformer      -> Min:     6ms | Avg:    15ms | Max:    24ms
PosterizationTransformer   -> Min:     4ms | Avg:    11ms | Max:    13ms
