2026-04-02 12:28:04,434 - INFO - [mandala_draw.py:291] - mandala_draw: generated 3/3
2026-04-02 12:28:14,877 - INFO - [pipeline.py:136] - "PosterizationTransformer","levels=4"
2026-04-02 12:28:15,110 - INFO - [pipeline.py:136] - "WatercolorTransformer","scale=0.85,style=psychedelic"
2026-04-02 12:28:15,238 - INFO - [pipeline.py:136] - "PixelSortTransformer","direction=rows,high=0.56,low=0.20,sort_key=brightness"
2026-04-02 12:28:15,258 - INFO - [pipeline.py:250] - [Grade: C] Saved to: /Users/kenfasano/Scripts/ScreenArt/Images/TransformedImages/psalms_121-C-tile_87cf.jpeg
2026-04-02 12:28:15,320 - INFO - [pipeline.py:136] - "HalftoneTransformer","size=2"
2026-04-02 12:28:15,339 - INFO - [pipeline.py:250] - [Grade: C] Saved to: /Users/kenfasano/Scripts/ScreenArt/Images/TransformedImages/psalms_116-C-columns_e717.jpeg
2026-04-02 12:28:15,382 - INFO - [pipeline.py:136] - "FluidWarpTransformer","alpha=8.33,sigma=1.56"
2026-04-02 12:28:15,489 - INFO - [pipeline.py:136] - "WheelTransformer","blend=normal,copies=3"
2026-04-02 12:28:15,546 - INFO - [pipeline.py:136] - "KaleidoscopeTransformer","cx_off=0.14,cy_off=-0.17,segments=6"
2026-04-02 12:28:15,567 - INFO - [pipeline.py:250] - [Grade: A] Saved to: /Users/kenfasano/Scripts/ScreenArt/Images/TransformedImages/psalms_91-A-tile_30dd.jpeg
2026-04-02 12:28:15,614 - INFO - [pipeline.py:136] - "FractalWarpTransformer","iter=1,scale=0.05"
2026-04-02 12:28:15,839 - INFO - [pipeline.py:136] - "WatercolorTransformer","scale=0.85,style=psychedelic"
2026-04-02 12:28:15,857 - INFO - [pipeline.py:250] - [Grade: A] Saved to: /Users/kenfasano/Scripts/ScreenArt/Images/TransformedImages/psalms_108-A-columns_d96f.jpeg
2026-04-02 12:28:16,263 - INFO - [pipeline.py:136] - "VoronoiTransformer","edge_blend=1,num_points=320"
2026-04-02 12:28:16,282 - INFO - [pipeline.py:250] - [Grade: A] Saved to: /Users/kenfasano/Scripts/ScreenArt/Images/TransformedImages/psalms_2-A-scatter_5d20.jpeg
2026-04-02 12:28:16,321 - INFO - [pipeline.py:136] - "FisheyeTransformer","shape=circle,strength=0.50,zoom=0.85"
2026-04-02 12:28:16,339 - INFO - [pipeline.py:250] - [Grade: F] Saved to: /Users/kenfasano/Scripts/ScreenArt/Images/Rejected/bubbles_4-F_20e6.jpeg
2026-04-02 12:28:16,360 - INFO - [pipeline.py:136] - "ColormapTransformer","map=autumn"
2026-04-02 12:28:16,378 - INFO - [pipeline.py:136] - "OilPaintingTransformer","dyn_ratio=7,size=3"
2026-04-02 12:28:16,392 - INFO - [pipeline.py:136] - "PosterizationTransformer","levels=4"
2026-04-02 12:28:16,410 - INFO - [pipeline.py:250] - [Grade: C] Saved to: /Users/kenfasano/Scripts/ScreenArt/Images/TransformedImages/bubbles_5-C_127b.jpeg
2026-04-02 12:28:16,483 - INFO - [pipeline.py:136] - "OilPaintingTransformer","dyn_ratio=8,size=8"
2026-04-02 12:28:16,521 - INFO - [pipeline.py:136] - "SwirlWarpTransformer","strength=1.50"
2026-04-02 12:28:16,539 - INFO - [pipeline.py:250] - [Grade: F] Saved to: /Users/kenfasano/Scripts/ScreenArt/Images/Rejected/bubbles_2-F_c706.jpeg
2026-04-02 12:28:16,600 - INFO - [pipeline.py:136] - "MeltMorphTransformer","intensity=0.50"
2026-04-02 12:28:16,651 - INFO - [pipeline.py:136] - "HalftoneTransformer","size=2"
2026-04-02 12:28:16,668 - INFO - [pipeline.py:250] - [Grade: A] Saved to: /Users/kenfasano/Scripts/ScreenArt/Images/TransformedImages/bubbles_3-A_1cb3.jpeg
2026-04-02 12:28:16,688 - INFO - [pipeline.py:136] - "ColormapTransformer","map=jet"
2026-04-02 12:28:16,791 - INFO - [pipeline.py:136] - "PixelSortTransformer","direction=rows,high=0.84,low=0.30,sort_key=green"
2026-04-02 12:28:16,810 - INFO - [pipeline.py:250] - [Grade: B] Saved to: /Users/kenfasano/Scripts/ScreenArt/Images/TransformedImages/bubbles_1-B_b7d6.jpeg
2026-04-02 12:28:16,916 - INFO - [pipeline.py:136] - "WheelTransformer","blend=normal,copies=3"
2026-04-02 12:28:16,985 - INFO - [pipeline.py:136] - "OilPaintingTransformer","dyn_ratio=4,size=8"
2026-04-02 12:28:17,003 - INFO - [pipeline.py:250] - [Grade: A] Saved to: /Users/kenfasano/Scripts/ScreenArt/Images/TransformedImages/cubes_2-A_e068.jpeg
2026-04-02 12:28:17,045 - INFO - [pipeline.py:136] - "DataMoshTransformer","intensity=0.01"
2026-04-02 12:28:17,140 - INFO - [pipeline.py:136] - "PixelSortTransformer","direction=rows,high=0.76,low=0.13,sort_key=brightness"
2026-04-02 12:28:17,157 - INFO - [pipeline.py:250] - [Grade: A] Saved to: /Users/kenfasano/Scripts/ScreenArt/Images/TransformedImages/cubes_3-A_c588.jpeg
2026-04-02 12:28:17,177 - INFO - [pipeline.py:136] - "PosterizationTransformer","levels=4"
2026-04-02 12:28:17,193 - INFO - [pipeline.py:250] - [Grade: A] Saved to: /Users/kenfasano/Scripts/ScreenArt/Images/TransformedImages/cubes_1-A_3a23.jpeg
2026-04-02 12:28:17,247 - INFO - [pipeline.py:136] - "FlipWilsonTransformer","keep=bottom,narrow=0.41"
2026-04-02 12:28:17,269 - INFO - [pipeline.py:136] - "FisheyeTransformer","shape=oval,strength=0.41,zoom=0.97"
2026-04-02 12:28:17,283 - INFO - [pipeline.py:250] - [Grade: A] Saved to: /Users/kenfasano/Scripts/ScreenArt/Images/TransformedImages/noaa_goes_2_se_Day_Night_Cloud_Micro-A_f13a.jpeg
2026-04-02 12:28:17,317 - INFO - [pipeline.py:136] - "DataMoshTransformer","intensity=0.01"
2026-04-02 12:28:17,331 - INFO - [pipeline.py:250] - [Grade: A] Saved to: /Users/kenfasano/Scripts/ScreenArt/Images/TransformedImages/noaa_goes_1_se_Air_Mass-A_eefe.jpeg
2026-04-02 12:28:17,458 - INFO - [pipeline.py:136] - "PixelSortTransformer","direction=cols,high=0.70,low=0.08,sort_key=green"
2026-04-02 12:28:17,557 - INFO - [pipeline.py:136] - "WheelTransformer","blend=normal,copies=3"
2026-04-02 12:28:17,575 - INFO - [pipeline.py:250] - [Grade: A] Saved to: /Users/kenfasano/Scripts/ScreenArt/Images/TransformedImages/lojong_2-A-hero_dffd.jpeg
2026-04-02 12:28:17,636 - INFO - [pipeline.py:136] - "FluidWarpTransformer","alpha=5.71,sigma=7.03"
2026-04-02 12:28:17,669 - INFO - [pipeline.py:136] - "OilPaintingTransformer","dyn_ratio=4,size=5"
2026-04-02 12:28:17,824 - INFO - [pipeline.py:136] - "PixelSortTransformer","direction=rows,high=0.59,low=0.12,sort_key=green"
2026-04-02 12:28:17,862 - INFO - [pipeline.py:136] - "FractalWarpTransformer","iter=1,scale=0.05"
2026-04-02 12:28:17,880 - INFO - [pipeline.py:250] - [Grade: C] Saved to: /Users/kenfasano/Scripts/ScreenArt/Images/TransformedImages/lojong_3-C-columns_cbaf.jpeg
2026-04-02 12:28:17,916 - INFO - [pipeline.py:136] - "FisheyeTransformer","shape=circle,strength=0.43,zoom=1.05"
2026-04-02 12:28:17,953 - INFO - [pipeline.py:136] - "ThermalImagingTransformer","thermal=True"
2026-04-02 12:28:17,972 - INFO - [pipeline.py:250] - [Grade: C] Saved to: /Users/kenfasano/Scripts/ScreenArt/Images/TransformedImages/lojong_4-C-hero_6c1e.jpeg
2026-04-02 12:28:18,277 - INFO - [pipeline.py:136] - "VoronoiTransformer","edge_blend=1,num_points=235"
2026-04-02 12:28:18,297 - INFO - [pipeline.py:250] - [Grade: A] Saved to: /Users/kenfasano/Scripts/ScreenArt/Images/TransformedImages/lojong_0-A-scatter_6acc.jpeg
2026-04-02 12:28:18,329 - INFO - [pipeline.py:136] - "RadialWarpTransformer","radius=0.25,strength=106.1745770954603,59.81407952572749,55.16526935543267,style=push,pull,pull"
2026-04-02 12:28:18,342 - INFO - [pipeline.py:136] - "PosterizationTransformer","levels=4"
2026-04-02 12:28:18,381 - INFO - [pipeline.py:136] - "SwirlWarpTransformer","strength=1.50"
2026-04-02 12:28:18,436 - INFO - [pipeline.py:136] - "FlipWilsonTransformer","keep=bottom,narrow=0.41"
2026-04-02 12:28:18,454 - INFO - [pipeline.py:250] - [Grade: C] Saved to: /Users/kenfasano/Scripts/ScreenArt/Images/TransformedImages/lojong_1-C-tile_6889.jpeg
2026-04-02 12:28:18,849 - INFO - [pipeline.py:136] - "VoronoiTransformer","edge_blend=1,num_points=257"
2026-04-02 12:28:18,928 - INFO - [pipeline.py:136] - "OilPaintingTransformer","dyn_ratio=1,size=8"
2026-04-02 12:28:19,003 - INFO - [pipeline.py:136] - "MeltMorphTransformer","intensity=0.50"
2026-04-02 12:28:19,024 - INFO - [pipeline.py:250] - [Grade: A] Saved to: /Users/kenfasano/Scripts/ScreenArt/Images/TransformedImages/mandala_draw_1-A_19af.jpeg
2026-04-02 12:28:19,064 - INFO - [pipeline.py:136] - "ChromaticAberrationTransformer","angle=210.30,edge_fade=1,shift=17.70"
2026-04-02 12:28:19,123 - INFO - [pipeline.py:136] - "FluidWarpTransformer","alpha=16.34,sigma=6.99"
2026-04-02 12:28:19,187 - INFO - [pipeline.py:136] - "MeltMorphTransformer","intensity=0.50"
2026-04-02 12:28:19,207 - INFO - [pipeline.py:250] - [Grade: A] Saved to: /Users/kenfasano/Scripts/ScreenArt/Images/TransformedImages/mandala_draw_0-A_05f6.jpeg
2026-04-02 12:28:19,247 - INFO - [pipeline.py:136] - "GlitchWarpTransformer","intensity=0.01"
2026-04-02 12:28:19,315 - INFO - [pipeline.py:136] - "FlipWilsonTransformer","keep=bottom,narrow=0.41"
2026-04-02 12:28:19,335 - INFO - [pipeline.py:250] - [Grade: C] Saved to: /Users/kenfasano/Scripts/ScreenArt/Images/TransformedImages/mandala_draw_2-C_9451.jpeg
2026-04-02 12:28:19,373 - INFO - [pipeline.py:136] - "FisheyeTransformer","shape=oval,strength=0.33,zoom=0.86"
2026-04-02 12:28:19,411 - INFO - [pipeline.py:136] - "ThermalImagingTransformer","thermal=True"
2026-04-02 12:28:19,459 - INFO - [pipeline.py:136] - "HalftoneTransformer","size=2"
2026-04-02 12:28:19,477 - INFO - [pipeline.py:250] - [Grade: A] Saved to: /Users/kenfasano/Scripts/ScreenArt/Images/TransformedImages/nasa_earth_3_Paris_Vegetation_False_Color-A_fad8.jpeg
2026-04-02 12:28:19,516 - INFO - [pipeline.py:136] - "GlitchWarpTransformer","intensity=0.01"
2026-04-02 12:28:19,564 - INFO - [pipeline.py:136] - "HalftoneTransformer","size=2"
2026-04-02 12:28:19,598 - INFO - [pipeline.py:136] - "FractalWarpTransformer","iter=1,scale=0.05"
2026-04-02 12:28:19,616 - INFO - [pipeline.py:250] - [Grade: A] Saved to: /Users/kenfasano/Scripts/ScreenArt/Images/TransformedImages/nasa_earth_1_Los_Angeles_True_Color-A_4695.jpeg
2026-04-02 12:28:19,628 - INFO - [pipeline.py:136] - "DataMoshTransformer","intensity=0.02"
2026-04-02 12:28:19,715 - INFO - [pipeline.py:136] - "VoronoiTransformer","edge_blend=1,num_points=302"
2026-04-02 12:28:19,720 - INFO - [pipeline.py:250] - [Grade: A] Saved to: /Users/kenfasano/Scripts/ScreenArt/Images/TransformedImages/gcenter_2mass-A_e822.jpg
2026-04-02 12:28:19,738 - INFO - [pipeline.py:136] - "FractalWarpTransformer","iter=1,scale=0.05"
2026-04-02 12:28:19,744 - INFO - [pipeline.py:250] - [Grade: A] Saved to: /Users/kenfasano/Scripts/ScreenArt/Images/TransformedImages/SteveMilkyWay_NasaTrinder_960-A_e854.jpg
2026-04-02 12:28:19,755 - INFO - [pipeline.py:136] - "MeltMorphTransformer","intensity=0.50"
2026-04-02 12:28:19,759 - INFO - [pipeline.py:136] - "GlitchWarpTransformer","intensity=0.01"
2026-04-02 12:28:19,794 - INFO - [pipeline.py:136] - "WatercolorTransformer","scale=0.85,style=psychedelic"
2026-04-02 12:28:19,800 - INFO - [pipeline.py:136] - "FractalWarpTransformer","iter=1,scale=0.05"
2026-04-02 12:28:19,804 - INFO - [pipeline.py:250] - [Grade: A] Saved to: /Users/kenfasano/Scripts/ScreenArt/Images/TransformedImages/orionprop_hst-A_521f.jpg
2026-04-02 12:28:19,856 - INFO - [pipeline.py:136] - "PixelSortTransformer","direction=cols,high=0.91,low=0.18,sort_key=red"
2026-04-02 12:28:19,884 - INFO - [pipeline.py:136] - "WheelTransformer","blend=normal,copies=3"
2026-04-02 12:28:19,936 - INFO - [pipeline.py:136] - "VoronoiTransformer","edge_blend=1,num_points=118"
2026-04-02 12:28:19,942 - INFO - [pipeline.py:250] - [Grade: C] Saved to: /Users/kenfasano/Scripts/ScreenArt/Images/TransformedImages/M63_PS1V10snyder900-C_a761.jpg
2026-04-02 12:28:19,951 - INFO - [pipeline.py:136] - "SwirlWarpTransformer","strength=1.50"
2026-04-02 12:28:19,954 - INFO - [pipeline.py:136] - "GlitchWarpTransformer","intensity=0.01"
2026-04-02 12:28:19,958 - INFO - [pipeline.py:136] - "FractalWarpTransformer","iter=1,scale=0.05"
2026-04-02 12:28:19,961 - INFO - [pipeline.py:250] - [Grade: B] Saved to: /Users/kenfasano/Scripts/ScreenArt/Images/TransformedImages/peopleearth94_usda-B_4778.jpg
2026-04-02 12:28:19,970 - INFO - [pipeline.py:136] - "FlipWilsonTransformer","keep=bottom,narrow=0.41"
2026-04-02 12:28:19,975 - INFO - [pipeline.py:136] - "SwirlWarpTransformer","strength=1.50"
2026-04-02 12:28:19,979 - INFO - [pipeline.py:136] - "ChromaticAberrationTransformer","angle=184.80,edge_fade=1,shift=10.40"
2026-04-02 12:28:19,982 - INFO - [pipeline.py:136] - "FisheyeTransformer","shape=circle,strength=0.68,zoom=1.10"
2026-04-02 12:28:19,984 - INFO - [pipeline.py:250] - [Grade: F] Saved to: /Users/kenfasano/Scripts/ScreenArt/Images/Rejected/enceladus_cassini_c-F_bb99.jpg
2026-04-02 12:28:20,066 - INFO - [pipeline.py:136] - "VoronoiTransformer","edge_blend=1,num_points=262"
2026-04-02 12:28:20,071 - INFO - [pipeline.py:250] - [Grade: A] Saved to: /Users/kenfasano/Scripts/ScreenArt/Images/TransformedImages/antennae_hst-A_e448.jpg
2026-04-02 12:28:20,103 - INFO - [pipeline.py:136] - "WheelTransformer","blend=normal,copies=3"
2026-04-02 12:28:20,110 - INFO - [pipeline.py:250] - [Grade: A] Saved to: /Users/kenfasano/Scripts/ScreenArt/Images/TransformedImages/rippledsky_dai_960-A_2344.jpg
2026-04-02 12:28:20,114 - INFO - [pipeline.py:136] - "ColormapTransformer","map=hsv"
2026-04-02 12:28:20,157 - INFO - [pipeline.py:136] - "WatercolorTransformer","scale=0.85,style=psychedelic"
2026-04-02 12:28:20,167 - INFO - [pipeline.py:136] - "MeltMorphTransformer","intensity=0.50"
2026-04-02 12:28:20,172 - INFO - [pipeline.py:250] - [Grade: B] Saved to: /Users/kenfasano/Scripts/ScreenArt/Images/TransformedImages/fragb_73p_hst_c-B_49cc.jpg
2026-04-02 12:28:20,182 - INFO - [pipeline.py:136] - "MeltMorphTransformer","intensity=0.50"
2026-04-02 12:28:20,197 - INFO - [pipeline.py:136] - "PixelSortTransformer","direction=cols,high=0.88,low=0.29,sort_key=blue"
2026-04-02 12:28:20,217 - INFO - [pipeline.py:136] - "WheelTransformer","blend=normal,copies=3"
2026-04-02 12:28:20,221 - INFO - [pipeline.py:250] - [Grade: A] Saved to: /Users/kenfasano/Scripts/ScreenArt/Images/TransformedImages/earthterminator_iss002_c1-A_4e52.jpg
2026-04-02 12:28:20,314 - INFO - [pipeline.py:136] - "VoronoiTransformer","edge_blend=1,num_points=176"
2026-04-02 12:28:20,333 - INFO - [pipeline.py:136] - "MeltMorphTransformer","intensity=0.50"
2026-04-02 12:28:20,342 - INFO - [pipeline.py:136] - "ChromaticAberrationTransformer","angle=60.70,edge_fade=1,shift=9.30"
2026-04-02 12:28:20,350 - INFO - [pipeline.py:250] - [Grade: A] Saved to: /Users/kenfasano/Scripts/ScreenArt/Images/TransformedImages/M87bhPolarized_Eht_960-A_8292.jpg
2026-04-02 12:28:20,397 - INFO - [pipeline.py:136] - "FractalWarpTransformer","iter=1,scale=0.05"
2026-04-02 12:28:20,409 - INFO - [pipeline.py:136] - "PosterizationTransformer","levels=4"
2026-04-02 12:28:20,427 - INFO - [pipeline.py:136] - "RadialWarpTransformer","radius=0.25,strength=64.07035600009729,style=pull"
2026-04-02 12:28:20,449 - INFO - [pipeline.py:250] - [Grade: C] Saved to: /Users/kenfasano/Scripts/ScreenArt/Images/TransformedImages/peace_0-C_8140.jpeg
2026-04-02 12:28:20,586 - INFO - [pipeline.py:136] - "VoronoiTransformer","edge_blend=1,num_points=81"
2026-04-02 12:28:20,603 - INFO - [pipeline.py:250] - [Grade: C] Saved to: /Users/kenfasano/Scripts/ScreenArt/Images/TransformedImages/peace_1-C_7e70.jpeg
2026-04-02 12:28:20,655 - INFO - [pipeline.py:136] - "SwirlWarpTransformer","strength=1.50"
2026-04-02 12:28:20,689 - INFO - [pipeline.py:136] - "FractalWarpTransformer","iter=1,scale=0.05"
2026-04-02 12:28:20,736 - INFO - [pipeline.py:136] - "FluidWarpTransformer","alpha=1.98,sigma=6.26"
2026-04-02 12:28:20,789 - INFO - [pipeline.py:136] - "MeltMorphTransformer","intensity=0.50"
2026-04-02 12:28:20,807 - INFO - [pipeline.py:250] - [Grade: C] Saved to: /Users/kenfasano/Scripts/ScreenArt/Images/TransformedImages/peace_2-C_b2a0.jpeg
2026-04-02 12:28:20,836 - INFO - [pipeline.py:136] - "RadialWarpTransformer","radius=0.25,strength=108.51614585775864,style=push"
2026-04-02 12:28:20,857 - INFO - [pipeline.py:250] - [Grade: C] Saved to: /Users/kenfasano/Scripts/ScreenArt/Images/TransformedImages/peace_3-C_bf30.jpeg
2026-04-02 12:28:20,877 - INFO - [pipeline.py:136] - "FlipWilsonTransformer","keep=bottom,narrow=0.41"
2026-04-02 12:28:20,884 - INFO - [pipeline.py:136] - "FisheyeTransformer","shape=circle,strength=0.51,zoom=0.97"
2026-04-02 12:28:20,891 - INFO - [pipeline.py:250] - [Grade: A] Saved to: /Users/kenfasano/Scripts/ScreenArt/Images/TransformedImages/peripheral_drift_2-A_6eda.jpeg
2026-04-02 12:28:20,959 - INFO - [pipeline.py:136] - "WatercolorTransformer","scale=0.85,style=psychedelic"
2026-04-02 12:28:20,966 - INFO - [pipeline.py:250] - [Grade: B] Saved to: /Users/kenfasano/Scripts/ScreenArt/Images/TransformedImages/peripheral_drift_3-B_02b8.jpeg
2026-04-02 12:28:21,033 - INFO - [pipeline.py:136] - "WatercolorTransformer","scale=0.85,style=monet"
2026-04-02 12:28:21,040 - INFO - [pipeline.py:250] - [Grade: A] Saved to: /Users/kenfasano/Scripts/ScreenArt/Images/TransformedImages/peripheral_drift_8-A_3745.jpeg
2026-04-02 12:28:21,071 - INFO - [pipeline.py:136] - "WheelTransformer","blend=normal,copies=3"
2026-04-02 12:28:21,077 - INFO - [pipeline.py:250] - [Grade: A] Saved to: /Users/kenfasano/Scripts/ScreenArt/Images/TransformedImages/peripheral_drift_4-A_1538.jpeg
2026-04-02 12:28:21,098 - INFO - [pipeline.py:136] - "MeltMorphTransformer","intensity=0.50"
2026-04-02 12:28:21,106 - INFO - [pipeline.py:136] - "GlitchWarpTransformer","intensity=0.01"
2026-04-02 12:28:21,117 - INFO - [pipeline.py:136] - "DataMoshTransformer","intensity=0.01"
2026-04-02 12:28:21,125 - INFO - [pipeline.py:250] - [Grade: B] Saved to: /Users/kenfasano/Scripts/ScreenArt/Images/TransformedImages/peripheral_drift_5-B_99ec.jpeg
2026-04-02 12:28:21,136 - INFO - [pipeline.py:136] - "ChromaticAberrationTransformer","angle=14.80,edge_fade=1,shift=8.40"
2026-04-02 12:28:21,147 - INFO - [pipeline.py:136] - "FractalWarpTransformer","iter=1,scale=0.05"
2026-04-02 12:28:21,153 - INFO - [pipeline.py:250] - [Grade: A] Saved to: /Users/kenfasano/Scripts/ScreenArt/Images/TransformedImages/peripheral_drift_9-A_cc8a.jpeg
2026-04-02 12:28:21,282 - INFO - [pipeline.py:136] - "VoronoiTransformer","edge_blend=1,num_points=321"
2026-04-02 12:28:21,291 - INFO - [pipeline.py:136] - "GlitchWarpTransformer","intensity=0.01"
2026-04-02 12:28:21,307 - INFO - [pipeline.py:136] - "MeltMorphTransformer","intensity=0.50"
2026-04-02 12:28:21,319 - INFO - [pipeline.py:136] - "ThermalImagingTransformer","thermal=True"
2026-04-02 12:28:21,326 - INFO - [pipeline.py:250] - [Grade: B] Saved to: /Users/kenfasano/Scripts/ScreenArt/Images/TransformedImages/peripheral_drift_10-B_3bee.jpeg
2026-04-02 12:28:21,336 - INFO - [pipeline.py:136] - "FisheyeTransformer","shape=oval,strength=0.44,zoom=1.01"
2026-04-02 12:28:21,340 - INFO - [pipeline.py:136] - "PosterizationTransformer","levels=4"
2026-04-02 12:28:21,348 - INFO - [pipeline.py:250] - [Grade: A] Saved to: /Users/kenfasano/Scripts/ScreenArt/Images/TransformedImages/peripheral_drift_6-A_2173.jpeg
2026-04-02 12:28:21,362 - INFO - [pipeline.py:136] - "ThermalImagingTransformer","thermal=True"
2026-04-02 12:28:21,369 - INFO - [pipeline.py:250] - [Grade: C] Saved to: /Users/kenfasano/Scripts/ScreenArt/Images/TransformedImages/peripheral_drift_7-C_b438.jpeg
2026-04-02 12:28:21,380 - INFO - [pipeline.py:136] - "GlitchWarpTransformer","intensity=0.01"
2026-04-02 12:28:21,397 - INFO - [pipeline.py:136] - "MeltMorphTransformer","intensity=0.50"
2026-04-02 12:28:21,413 - INFO - [pipeline.py:136] - "KaleidoscopeTransformer","cx_off=0.09,cy_off=0.11,segments=4"
2026-04-02 12:28:21,424 - INFO - [pipeline.py:136] - "FluidWarpTransformer","alpha=15.45,sigma=3.12"
2026-04-02 12:28:21,430 - INFO - [pipeline.py:250] - [Grade: A] Saved to: /Users/kenfasano/Scripts/ScreenArt/Images/TransformedImages/peripheral_drift_1-A_cdcb.jpeg
2026-04-02 12:28:21,701 - INFO - [pipeline.py:136] - "MeltMorphTransformer","intensity=0.50"
2026-04-02 12:28:21,749 - INFO - [pipeline.py:136] - "PosterizationTransformer","levels=4"
2026-04-02 12:28:21,832 - INFO - [pipeline.py:250] - [Grade: A] Saved to: /Users/kenfasano/Scripts/ScreenArt/Images/TransformedImages/static_mandala_0-A_ec2f.jpeg
2026-04-02 12:28:21,930 - INFO - [pipeline.py:136] - "RadialWarpTransformer","radius=0.25,strength=97.30007051678658,112.40904445043705,style=pull,push"
2026-04-02 12:28:21,981 - INFO - [pipeline.py:250] - [Grade: B] Saved to: /Users/kenfasano/Scripts/ScreenArt/Images/TransformedImages/static_mandala_1-B_37b8.jpeg
2026-04-02 12:28:23,891 - INFO - [pipeline.py:136] - "PixelSortTransformer","direction=cols,high=0.87,low=0.24,sort_key=red"
2026-04-02 12:28:23,917 - INFO - [pipeline.py:136] - "ColormapTransformer","map=pink"
2026-04-02 12:28:23,970 - INFO - [pipeline.py:250] - [Grade: C] Saved to: /Users/kenfasano/Scripts/ScreenArt/Images/TransformedImages/static_mandala_2-C_4e61.jpeg
2026-04-02 12:28:24,008 - INFO - [pipeline.py:136] - "ChromaticAberrationTransformer","angle=210.40,edge_fade=1,shift=5.70"
2026-04-02 12:28:24,027 - INFO - [pipeline.py:250] - [Grade: A] Saved to: /Users/kenfasano/Scripts/ScreenArt/Images/TransformedImages/LEXUS_ES-A_74d5.jpeg
2026-04-02 12:28:24,104 - INFO - [pipeline.py:136] - "HalftoneTransformer","size=2"
2026-04-02 12:28:24,127 - INFO - [pipeline.py:250] - [Grade: A] Saved to: /Users/kenfasano/Scripts/ScreenArt/Images/TransformedImages/Chřibská-A_e35a.jpeg
2026-04-02 12:28:24,233 - INFO - [pipeline.py:136] - "HalftoneTransformer","size=2"
2026-04-02 12:28:24,283 - INFO - [pipeline.py:136] - "GlitchWarpTransformer","intensity=0.01"
2026-04-02 12:28:24,316 - INFO - [pipeline.py:250] - [Grade: A] Saved to: /Users/kenfasano/Scripts/ScreenArt/Images/TransformedImages/Portret_man_in_-A_8c83.jpeg
2026-04-02 12:28:24,396 - INFO - [pipeline.py:136] - "FractalWarpTransformer","iter=1,scale=0.05"
2026-04-02 12:28:24,454 - INFO - [pipeline.py:136] - "SwirlWarpTransformer","strength=1.50"
2026-04-02 12:28:24,538 - INFO - [pipeline.py:136] - "FlipWilsonTransformer","keep=bottom,narrow=0.41"
2026-04-02 12:28:24,566 - INFO - [pipeline.py:250] - [Grade: A] Saved to: /Users/kenfasano/Scripts/ScreenArt/Images/TransformedImages/Number_1-A_332d.jpeg
2026-04-02 12:28:24,630 - INFO - [pipeline.py:136] - "MeltMorphTransformer","intensity=0.50"
2026-04-02 12:28:24,667 - INFO - [pipeline.py:136] - "DataMoshTransformer","intensity=0.01"
2026-04-02 12:28:24,694 - INFO - [pipeline.py:136] - "GlitchWarpTransformer","intensity=0.01"
2026-04-02 12:28:24,707 - INFO - [pipeline.py:136] - "PosterizationTransformer","levels=4"
2026-04-02 12:28:24,731 - INFO - [pipeline.py:250] - [Grade: B] Saved to: /Users/kenfasano/Scripts/ScreenArt/Images/TransformedImages/Parke_ka-B_e11d.jpeg
2026-04-02 12:28:24,739 - INFO - [pipeline.py:136] - "GlitchWarpTransformer","intensity=0.01"
2026-04-02 12:28:24,817 - INFO - [pipeline.py:136] - "PixelSortTransformer","direction=cols,high=0.80,low=0.30,sort_key=saturation"
2026-04-02 12:28:24,819 - INFO - [pipeline.py:136] - "ColormapTransformer","map=hot"
2026-04-02 12:28:24,825 - INFO - [pipeline.py:250] - [Grade: B] Saved to: /Users/kenfasano/Scripts/ScreenArt/Images/TransformedImages/AM05023__396618-B_0750.jpeg
2026-04-02 12:28:24,855 - INFO - [pipeline.py:136] - "HalftoneTransformer","size=2"
2026-04-02 12:28:24,869 - INFO - [pipeline.py:136] - "FisheyeTransformer","shape=oval,strength=0.23,zoom=1.13"
2026-04-02 12:28:24,876 - INFO - [pipeline.py:136] - "PosterizationTransformer","levels=4"
2026-04-02 12:28:24,904 - INFO - [pipeline.py:136] - "KaleidoscopeTransformer","cx_off=0.14,cy_off=0.11,segments=4"
2026-04-02 12:28:24,914 - INFO - [pipeline.py:250] - [Grade: A] Saved to: /Users/kenfasano/Scripts/ScreenArt/Images/TransformedImages/Swaggerty-block-A_6345.jpeg
2026-04-02 12:28:25,368 - INFO - [pipeline.py:136] - "VoronoiTransformer","edge_blend=1,num_points=301"
2026-04-02 12:28:25,436 - INFO - [pipeline.py:136] - "FlipWilsonTransformer","keep=bottom,narrow=0.41"
2026-04-02 12:28:25,457 - INFO - [pipeline.py:250] - [Grade: A] Saved to: /Users/kenfasano/Scripts/ScreenArt/Images/TransformedImages/Pazo_de_-A_6fc3.jpeg
2026-04-02 12:28:25,457 - INFO - [main.py:195] - PixelSortTransformer
2026-04-02 12:28:25,457 - INFO - [main.py:195] - VoronoiTransformer
2026-04-02 12:28:25,457 - INFO - [main.py:195] - WatercolorTransformer
2026-04-02 12:28:25,457 - INFO - [main.py:195] - WheelTransformer
2026-04-02 12:28:25,457 - INFO - [main.py:195] - HalftoneTransformer
2026-04-02 12:28:25,457 - INFO - [main.py:195] - OilPaintingTransformer
2026-04-02 12:28:25,457 - INFO - [main.py:195] - FlipWilsonTransformer
2026-04-02 12:28:25,457 - INFO - [main.py:195] - MeltMorphTransformer
2026-04-02 12:28:25,457 - INFO - [main.py:195] - FluidWarpTransformer
2026-04-02 12:28:25,457 - INFO - [main.py:195] - KaleidoscopeTransformer
2026-04-02 12:28:25,457 - INFO - [main.py:195] - SwirlWarpTransformer
2026-04-02 12:28:25,457 - INFO - [main.py:195] - FractalWarpTransformer
2026-04-02 12:28:25,457 - INFO - [main.py:195] - RadialWarpTransformer
2026-04-02 12:28:25,457 - INFO - [main.py:195] - ThermalImagingTransformer
2026-04-02 12:28:25,457 - INFO - [main.py:195] - DataMoshTransformer
2026-04-02 12:28:25,457 - INFO - [main.py:195] - FisheyeTransformer
2026-04-02 12:28:25,457 - INFO - [main.py:195] - GlitchWarpTransformer
2026-04-02 12:28:25,457 - INFO - [main.py:195] - ChromaticAberrationTransformer
2026-04-02 12:28:25,457 - INFO - [main.py:195] - PosterizationTransformer
2026-04-02 12:28:25,457 - INFO - [main.py:195] - ColormapTransformer
2026-04-02 12:28:25,458 - INFO - [main.py:238] - 25s@12:28 ✓
Accepted: 58
Rejected: 3
---
Peace                      ->  4843ms
Wiki                       ->  2988ms
Bible                      ->  2272ms
Nasa                       ->  1774ms
Lojong                     ->  1710ms
NasaMapGenerator           ->   624ms
GoesGenerator              ->   545ms
Bubbles                    ->   285ms
PeripheralDriftIllusion    ->   139ms
Cubes                      ->    90ms
MandalaDraw                ->    26ms
StaticMandala              ->    10ms
---
PixelSortTransformer             -> Min:    15ms | Avg:   290ms | Max:  1878ms
VoronoiTransformer               -> Min:    52ms | Avg:   208ms | Max:   442ms
WatercolorTransformer            -> Min:    34ms | Avg:   111ms | Max:   233ms
WheelTransformer                 -> Min:    19ms | Avg:    58ms | Max:   107ms
HalftoneTransformer              -> Min:    25ms | Avg:    54ms | Max:    92ms
OilPaintingTransformer           -> Min:    19ms | Avg:    53ms | Max:    79ms
FlipWilsonTransformer            -> Min:     7ms | Avg:    49ms | Max:    83ms
MeltMorphTransformer             -> Min:     9ms | Avg:    48ms | Max:   227ms
FluidWarpTransformer             -> Min:    10ms | Avg:    39ms | Max:    59ms
KaleidoscopeTransformer          -> Min:    17ms | Avg:    34ms | Max:    57ms
SwirlWarpTransformer             -> Min:     5ms | Avg:    31ms | Max:    58ms
FractalWarpTransformer           -> Min:     4ms | Avg:    28ms | Max:    65ms
RadialWarpTransformer            -> Min:    16ms | Avg:    28ms | Max:    53ms
ThermalImagingTransformer        -> Min:    11ms | Avg:    24ms | Max:    37ms
DataMoshTransformer              -> Min:     8ms | Avg:    24ms | Max:    37ms
FisheyeTransformer               -> Min:     3ms | Avg:    17ms | Max:    32ms
GlitchWarpTransformer            -> Min:     3ms | Avg:    17ms | Max:    50ms
ChromaticAberrationTransformer   -> Min:     4ms | Avg:    16ms | Max:    32ms
PosterizationTransformer         -> Min:     4ms | Avg:    15ms | Max:    48ms
ColormapTransformer              -> Min:     3ms | Avg:    12ms | Max:    27ms
