2026-03-08 11:38:25,580 - INFO - [main.py:201] - WheelTransformer
2026-03-08 11:38:25,580 - INFO - [main.py:201] - WatercolorTransformer
2026-03-08 11:38:25,580 - INFO - [main.py:201] - DuotoneTransformer
2026-03-08 11:38:25,580 - INFO - [main.py:201] - XrayTransformer
2026-03-08 11:38:25,580 - INFO - [main.py:201] - AnamorphicTransformer
2026-03-08 11:38:25,580 - INFO - [main.py:201] - FlipWilsonTransformer
2026-03-08 11:38:25,580 - INFO - [main.py:201] - MeltMorphTransformer
2026-03-08 11:38:25,580 - INFO - [main.py:201] - FluidWarpTransformer
2026-03-08 11:38:25,580 - INFO - [main.py:201] - SwirlWarpTransformer
2026-03-08 11:38:25,580 - INFO - [main.py:201] - FractalWarpTransformer
2026-03-08 11:38:25,580 - INFO - [main.py:201] - DataMoshTransformer
2026-03-08 11:38:25,580 - INFO - [main.py:201] - HalftoneTransformer
2026-03-08 11:38:25,580 - INFO - [main.py:201] - TritoneTransformer
2026-03-08 11:38:25,580 - INFO - [main.py:201] - GlitchWarpTransformer
2026-03-08 11:38:25,580 - INFO - [main.py:201] - ColormapTransformer
2026-03-08 11:38:25,580 - INFO - [main.py:201] - ThreeDExtrusionTransformer
2026-03-08 11:38:25,580 - INFO - [main.py:201] - PosterizationTransformer
2026-03-08 11:38:25,580 - INFO - [main.py:201] - RadialWarpTransformer
2026-03-08 11:38:25,580 - INFO - [main.py:201] - InvertRGBTransformer
2026-03-08 11:38:25,581 - INFO - [main.py:244] - 27s@11:38 ✓
Accepted: 54
Rejected: 37
---
Wiki                       ->  2543ms
Nasa                       ->   999ms
GoesGenerator              ->   501ms
Bible                      ->   495ms
Cubes                      ->   465ms
KochSnowflake              ->   296ms
Lojong                     ->   285ms
Bubbles                    ->   276ms
Hilbert                    ->    82ms
PeripheralDriftIllusion    ->    53ms
NasaMapGenerator           ->    36ms
---
WheelTransformer           -> Min:   267ms | Avg:   277ms | Max:   298ms
WatercolorTransformer      -> Min:    31ms | Avg:   105ms | Max:   210ms
DuotoneTransformer         -> Min:    73ms | Avg:    88ms | Max:    97ms
XrayTransformer            -> Min:    45ms | Avg:    80ms | Max:   132ms
AnamorphicTransformer      -> Min:    18ms | Avg:    62ms | Max:    85ms
FlipWilsonTransformer      -> Min:    56ms | Avg:    56ms | Max:    56ms
MeltMorphTransformer       -> Min:    52ms | Avg:    54ms | Max:    86ms
FluidWarpTransformer       -> Min:     9ms | Avg:    48ms | Max:    86ms
SwirlWarpTransformer       -> Min:    41ms | Avg:    42ms | Max:    46ms
FractalWarpTransformer     -> Min:    34ms | Avg:    34ms | Max:    34ms
DataMoshTransformer        -> Min:    25ms | Avg:    32ms | Max:    39ms
HalftoneTransformer        -> Min:    29ms | Avg:    29ms | Max:    30ms
TritoneTransformer         -> Min:    29ms | Avg:    29ms | Max:    29ms
GlitchWarpTransformer      -> Min:    27ms | Avg:    27ms | Max:    27ms
ColormapTransformer        -> Min:    10ms | Avg:    11ms | Max:    11ms
ThreeDExtrusionTransformer -> Min:     4ms | Avg:    11ms | Max:    22ms
PosterizationTransformer   -> Min:     2ms | Avg:    10ms | Max:    22ms
RadialWarpTransformer      -> Min:     4ms | Avg:     5ms | Max:     6ms
InvertRGBTransformer       -> Min:     1ms | Avg:     1ms | Max:     1ms
