2026-03-14 07:14:33,290 - INFO - [pipeline.py:136] - "PosterizationTransformer","levels=4"
2026-03-14 07:14:33,344 - INFO - [pipeline.py:136] - "HalftoneTransformer","size=2"
2026-03-14 07:14:33,382 - INFO - [pipeline.py:136] - "DataMoshTransformer","intensity=0.02"
2026-03-14 07:14:33,399 - INFO - [pipeline.py:229] - [Grade: F] Saved to: /Users/kenfasano/Scripts/ScreenArt/Images/Rejected/bubbles_4-F.jpeg
2026-03-14 07:14:33,454 - INFO - [pipeline.py:136] - "HalftoneTransformer","size=2"
2026-03-14 07:14:33,470 - INFO - [pipeline.py:229] - [Grade: A] Saved to: /Users/kenfasano/Scripts/ScreenArt/Images/TransformedImages/bubbles_8-A.jpeg
2026-03-14 07:14:33,490 - INFO - [pipeline.py:136] - "PosterizationTransformer","levels=4"
2026-03-14 07:14:33,503 - INFO - [pipeline.py:136] - "ColormapTransformer","map=hsv"
2026-03-14 07:14:33,521 - INFO - [pipeline.py:229] - [Grade: A] Saved to: /Users/kenfasano/Scripts/ScreenArt/Images/TransformedImages/bubbles_9-A.jpeg
2026-03-14 07:14:33,545 - INFO - [pipeline.py:136] - "RadialWarpTransformer","radius=0.25,strength=52.756040764114225,style=pull"
2026-03-14 07:14:33,583 - INFO - [pipeline.py:136] - "ThermalImagingTransformer","thermal=True"
2026-03-14 07:14:33,633 - INFO - [pipeline.py:136] - "HalftoneTransformer","size=2"
2026-03-14 07:14:33,810 - INFO - [pipeline.py:136] - "WheelTransformer","blend=lighter,copies=5"
2026-03-14 07:14:33,828 - INFO - [pipeline.py:229] - [Grade: A] Saved to: /Users/kenfasano/Scripts/ScreenArt/Images/TransformedImages/bubbles_5-A.jpeg
2026-03-14 07:14:34,009 - INFO - [pipeline.py:136] - "WheelTransformer","blend=lighter,copies=5"
2026-03-14 07:14:34,047 - INFO - [pipeline.py:136] - "DataMoshTransformer","intensity=0.02"
2026-03-14 07:14:34,065 - INFO - [pipeline.py:229] - [Grade: A] Saved to: /Users/kenfasano/Scripts/ScreenArt/Images/TransformedImages/bubbles_2-A.jpeg
2026-03-14 07:14:34,108 - INFO - [pipeline.py:136] - "FractalWarpTransformer","iter=1,scale=0.05"
2026-03-14 07:14:34,145 - INFO - [pipeline.py:136] - "DataMoshTransformer","intensity=0.01"
2026-03-14 07:14:34,158 - INFO - [pipeline.py:136] - "PosterizationTransformer","levels=4"
2026-03-14 07:14:34,256 - INFO - [pipeline.py:136] - "FlipWilsonTransformer","keep=bottom_left,narrow=0.46"
2026-03-14 07:14:34,273 - INFO - [pipeline.py:229] - [Grade: F] Saved to: /Users/kenfasano/Scripts/ScreenArt/Images/Rejected/bubbles_3-F.jpeg
2026-03-14 07:14:34,315 - INFO - [pipeline.py:136] - "FractalWarpTransformer","iter=1,scale=0.05"
2026-03-14 07:14:34,331 - INFO - [pipeline.py:229] - [Grade: A] Saved to: /Users/kenfasano/Scripts/ScreenArt/Images/TransformedImages/bubbles_10-A.jpeg
2026-03-14 07:14:34,386 - INFO - [pipeline.py:136] - "HalftoneTransformer","size=2"
2026-03-14 07:14:34,561 - INFO - [pipeline.py:136] - "WheelTransformer","blend=lighter,copies=5"
2026-03-14 07:14:34,575 - INFO - [pipeline.py:136] - "PosterizationTransformer","levels=4"
2026-03-14 07:14:34,593 - INFO - [pipeline.py:229] - [Grade: A] Saved to: /Users/kenfasano/Scripts/ScreenArt/Images/TransformedImages/bubbles_1-A.jpeg
2026-03-14 07:14:34,643 - INFO - [pipeline.py:136] - "DataMoshTransformer","intensity=0.01"
2026-03-14 07:14:34,660 - INFO - [pipeline.py:229] - [Grade: A] Saved to: /Users/kenfasano/Scripts/ScreenArt/Images/TransformedImages/bubbles_6-A.jpeg
2026-03-14 07:14:34,708 - INFO - [pipeline.py:136] - "ThermalImagingTransformer","thermal=True"
2026-03-14 07:14:34,725 - INFO - [pipeline.py:229] - [Grade: A] Saved to: /Users/kenfasano/Scripts/ScreenArt/Images/TransformedImages/bubbles_7-A.jpeg
2026-03-14 07:14:34,780 - INFO - [pipeline.py:136] - "HalftoneTransformer","size=2"
2026-03-14 07:14:34,793 - INFO - [pipeline.py:136] - "ColormapTransformer","map=ocean"
2026-03-14 07:14:34,966 - INFO - [pipeline.py:136] - "WheelTransformer","blend=lighter,copies=5"
2026-03-14 07:14:35,066 - INFO - [pipeline.py:136] - "FlipWilsonTransformer","keep=bottom_left,narrow=0.46"
2026-03-14 07:14:35,083 - INFO - [pipeline.py:229] - [Grade: A] Saved to: /Users/kenfasano/Scripts/ScreenArt/Images/TransformedImages/cubes_2-A.jpeg
2026-03-14 07:14:35,129 - INFO - [pipeline.py:136] - "SwirlWarpTransformer","strength=1.50"
2026-03-14 07:14:35,184 - INFO - [pipeline.py:136] - "MeltMorphTransformer","intensity=0.50"
2026-03-14 07:14:35,219 - INFO - [pipeline.py:136] - "FractalWarpTransformer","iter=1,scale=0.05"
2026-03-14 07:14:35,266 - INFO - [pipeline.py:136] - "HalftoneTransformer","size=2"
2026-03-14 07:14:35,282 - INFO - [pipeline.py:229] - [Grade: A] Saved to: /Users/kenfasano/Scripts/ScreenArt/Images/TransformedImages/cubes_3-A.jpeg
2026-03-14 07:14:35,322 - INFO - [pipeline.py:136] - "FractalWarpTransformer","iter=1,scale=0.05"
2026-03-14 07:14:35,422 - INFO - [pipeline.py:136] - "FlipWilsonTransformer","keep=bottom_left,narrow=0.46"
2026-03-14 07:14:35,445 - INFO - [pipeline.py:136] - "FisheyeTransformer","shape=circle,strength=0.44,zoom=0.86"
2026-03-14 07:14:35,493 - INFO - [pipeline.py:136] - "HalftoneTransformer","size=2"
2026-03-14 07:14:35,508 - INFO - [pipeline.py:229] - [Grade: A] Saved to: /Users/kenfasano/Scripts/ScreenArt/Images/TransformedImages/cubes_4-A.jpeg
2026-03-14 07:14:35,537 - INFO - [pipeline.py:136] - "RadialWarpTransformer","radius=0.25,strength=90.88334988111251,96.12026922483481,52.284294272173426,style=push,pull,pull"
2026-03-14 07:14:35,574 - INFO - [pipeline.py:136] - "DataMoshTransformer","intensity=0.01"
2026-03-14 07:14:35,611 - INFO - [pipeline.py:136] - "ThermalImagingTransformer","thermal=True"
2026-03-14 07:14:35,627 - INFO - [pipeline.py:229] - [Grade: A] Saved to: /Users/kenfasano/Scripts/ScreenArt/Images/TransformedImages/cubes_5-A.jpeg
2026-03-14 07:14:35,650 - INFO - [pipeline.py:136] - "RadialWarpTransformer","radius=0.25,strength=37.26983322951555,style=push"
2026-03-14 07:14:35,684 - INFO - [pipeline.py:136] - "ThermalImagingTransformer","thermal=True"
2026-03-14 07:14:35,700 - INFO - [pipeline.py:229] - [Grade: A] Saved to: /Users/kenfasano/Scripts/ScreenArt/Images/TransformedImages/cubes_6-A.jpeg
2026-03-14 07:14:35,719 - INFO - [pipeline.py:136] - "PosterizationTransformer","levels=4"
2026-03-14 07:14:35,772 - INFO - [pipeline.py:136] - "MeltMorphTransformer","intensity=0.50"
2026-03-14 07:14:35,947 - INFO - [pipeline.py:136] - "WheelTransformer","blend=lighter,copies=5"
2026-03-14 07:14:35,980 - INFO - [pipeline.py:136] - "FractalWarpTransformer","iter=1,scale=0.05"
2026-03-14 07:14:35,997 - INFO - [pipeline.py:229] - [Grade: A] Saved to: /Users/kenfasano/Scripts/ScreenArt/Images/TransformedImages/cubes_1-A.jpeg
2026-03-14 07:14:36,007 - INFO - [pipeline.py:136] - "MeltMorphTransformer","intensity=0.50"
2026-03-14 07:14:36,010 - INFO - [pipeline.py:229] - [Grade: B] Saved to: /Users/kenfasano/Scripts/ScreenArt/Images/TransformedImages/plutoMoons_hst_f-B.jpg
2026-03-14 07:14:36,028 - INFO - [pipeline.py:136] - "FisheyeTransformer","shape=circle,strength=0.28,zoom=1.01"
2026-03-14 07:14:36,040 - INFO - [pipeline.py:136] - "FluidWarpTransformer","alpha=10.94,sigma=3.56"
2026-03-14 07:14:36,047 - INFO - [pipeline.py:229] - [Grade: A] Saved to: /Users/kenfasano/Scripts/ScreenArt/Images/TransformedImages/archives_raquarii-A.jpg
2026-03-14 07:14:36,062 - INFO - [pipeline.py:136] - "DataMoshTransformer","intensity=0.02"
2026-03-14 07:14:36,075 - INFO - [pipeline.py:136] - "HalftoneTransformer","size=2"
2026-03-14 07:14:36,082 - INFO - [pipeline.py:136] - "FisheyeTransformer","shape=oval,strength=0.72,zoom=0.90"
2026-03-14 07:14:36,097 - INFO - [pipeline.py:136] - "FluidWarpTransformer","alpha=14.44,sigma=7.98"
2026-03-14 07:14:36,102 - INFO - [pipeline.py:229] - [Grade: A] Saved to: /Users/kenfasano/Scripts/ScreenArt/Images/TransformedImages/iss028e006193_950-A.jpg
2026-03-14 07:14:36,116 - INFO - [pipeline.py:136] - "DataMoshTransformer","intensity=0.02"
2026-03-14 07:14:36,183 - INFO - [pipeline.py:136] - "WatercolorTransformer","scale=0.85,style=monet"
2026-03-14 07:14:36,191 - INFO - [pipeline.py:136] - "RadialWarpTransformer","radius=0.25,strength=101.18648078970341,79.23428759685956,55.838383632816885,style=pull,push,pull"
2026-03-14 07:14:36,196 - INFO - [pipeline.py:229] - [Grade: A] Saved to: /Users/kenfasano/Scripts/ScreenArt/Images/TransformedImages/ngc2170_block_960-A.jpg
2026-03-14 07:14:36,210 - INFO - [pipeline.py:136] - "FluidWarpTransformer","alpha=10.30,sigma=7.73"
2026-03-14 07:14:36,212 - INFO - [pipeline.py:136] - "PosterizationTransformer","levels=4"
2026-03-14 07:14:36,217 - INFO - [pipeline.py:229] - [Grade: A] Saved to: /Users/kenfasano/Scripts/ScreenArt/Images/TransformedImages/20080930bolide_edin_small-A.jpg
2026-03-14 07:14:36,283 - INFO - [pipeline.py:136] - "WatercolorTransformer","scale=0.85,style=psychedelic"
2026-03-14 07:14:36,294 - INFO - [pipeline.py:136] - "FractalWarpTransformer","iter=1,scale=0.05"
2026-03-14 07:14:36,321 - INFO - [pipeline.py:136] - "FlipWilsonTransformer","keep=bottom_left,narrow=0.46"
2026-03-14 07:14:36,366 - INFO - [pipeline.py:136] - "WheelTransformer","blend=lighter,copies=5"
2026-03-14 07:14:36,372 - INFO - [pipeline.py:229] - [Grade: A] Saved to: /Users/kenfasano/Scripts/ScreenArt/Images/TransformedImages/vermeer_stevenson-A.jpg
2026-03-14 07:14:36,382 - INFO - [pipeline.py:136] - "RadialWarpTransformer","radius=0.25,strength=79.74395302793475,style=push"
2026-03-14 07:14:36,388 - INFO - [pipeline.py:229] - [Grade: A] Saved to: /Users/kenfasano/Scripts/ScreenArt/Images/TransformedImages/NGC6726_Schedler_960-A.jpg
2026-03-14 07:14:36,392 - INFO - [pipeline.py:136] - "FisheyeTransformer","shape=circle,strength=0.60,zoom=0.88"
2026-03-14 07:14:36,394 - INFO - [pipeline.py:136] - "ColormapTransformer","map=spring"
2026-03-14 07:14:36,398 - INFO - [pipeline.py:136] - "GlitchWarpTransformer","intensity=0.01"
2026-03-14 07:14:36,401 - INFO - [pipeline.py:229] - [Grade: A] Saved to: /Users/kenfasano/Scripts/ScreenArt/Images/TransformedImages/ikeyazhang_jones-A.jpg
2026-03-14 07:14:36,413 - INFO - [pipeline.py:136] - "FluidWarpTransformer","alpha=2.87,sigma=7.93"
2026-03-14 07:14:36,439 - INFO - [pipeline.py:136] - "XrayTransformer","colors=128"
2026-03-14 07:14:36,443 - INFO - [pipeline.py:229] - [Grade: A] Saved to: /Users/kenfasano/Scripts/ScreenArt/Images/TransformedImages/MercuryandMoon2_heden800-A.jpg
2026-03-14 07:14:36,488 - INFO - [pipeline.py:136] - "XrayTransformer","colors=64"
2026-03-14 07:14:36,492 - INFO - [pipeline.py:229] - [Grade: F] Saved to: /Users/kenfasano/Scripts/ScreenArt/Images/Rejected/soyuzapproach_iss-F.jpg
2026-03-14 07:14:36,512 - INFO - [pipeline.py:136] - "ThermalImagingTransformer","thermal=True"
2026-03-14 07:14:36,521 - INFO - [pipeline.py:229] - [Grade: A] Saved to: /Users/kenfasano/Scripts/ScreenArt/Images/TransformedImages/CometTree_Kamble_960-A.jpg
2026-03-14 07:14:36,547 - INFO - [pipeline.py:136] - "RadialWarpTransformer","radius=0.25,strength=84.03122700215405,111.20436286234867,style=push,push"
2026-03-14 07:14:36,560 - INFO - [pipeline.py:136] - "ColormapTransformer","map=hsv"
2026-03-14 07:14:36,611 - INFO - [pipeline.py:136] - "FluidWarpTransformer","alpha=3.53,sigma=6.98"
2026-03-14 07:14:36,785 - INFO - [pipeline.py:136] - "WheelTransformer","blend=lighter,copies=5"
2026-03-14 07:14:36,800 - INFO - [pipeline.py:229] - [Grade: F] Saved to: /Users/kenfasano/Scripts/ScreenArt/Images/Rejected/nasa_earth_1_Osaka_True_Color-F.jpeg
2026-03-14 07:14:36,835 - INFO - [pipeline.py:136] - "FractalWarpTransformer","iter=1,scale=0.05"
2026-03-14 07:14:36,944 - INFO - [pipeline.py:136] - "WheelTransformer","blend=lighter,copies=5"
2026-03-14 07:14:36,957 - INFO - [pipeline.py:136] - "RadialWarpTransformer","radius=0.25,strength=81.30976556669762,style=pull"
2026-03-14 07:14:36,969 - INFO - [pipeline.py:229] - [Grade: A] Saved to: /Users/kenfasano/Scripts/ScreenArt/Images/TransformedImages/noaa_goes_1_se_Day_Night_Cloud_Micro-A.jpeg
2026-03-14 07:14:37,133 - INFO - [pipeline.py:136] - "ThermalImagingTransformer","thermal=True"
2026-03-14 07:14:37,301 - INFO - [pipeline.py:136] - "SwirlWarpTransformer","strength=1.50"
2026-03-14 07:14:37,687 - INFO - [pipeline.py:136] - "XrayTransformer","colors=256"
2026-03-14 07:14:37,742 - INFO - [pipeline.py:229] - [Grade: B] Saved to: /Users/kenfasano/Scripts/ScreenArt/Images/TransformedImages/2024-05_-B.jpeg
2026-03-14 07:14:37,806 - INFO - [pipeline.py:136] - "SwirlWarpTransformer","strength=1.50"
2026-03-14 07:14:38,030 - INFO - [pipeline.py:136] - "WheelTransformer","blend=lighter,copies=5"
2026-03-14 07:14:38,053 - INFO - [pipeline.py:136] - "RadialWarpTransformer","radius=0.25,strength=36.598549787755545,style=push"
2026-03-14 07:14:38,105 - INFO - [pipeline.py:136] - "DataMoshTransformer","intensity=0.02"
2026-03-14 07:14:38,131 - INFO - [pipeline.py:229] - [Grade: B] Saved to: /Users/kenfasano/Scripts/ScreenArt/Images/TransformedImages/thumbnai-B.jpeg
2026-03-14 07:14:38,191 - INFO - [pipeline.py:136] - "FractalWarpTransformer","iter=1,scale=0.05"
2026-03-14 07:14:38,213 - INFO - [pipeline.py:229] - [Grade: A] Saved to: /Users/kenfasano/Scripts/ScreenArt/Images/TransformedImages/Secretar-A.jpeg
2026-03-14 07:14:38,218 - INFO - [pipeline.py:136] - "SwirlWarpTransformer","strength=1.50"
2026-03-14 07:14:38,221 - INFO - [pipeline.py:136] - "ThermalImagingTransformer","thermal=True"
2026-03-14 07:14:38,230 - INFO - [pipeline.py:136] - "XrayTransformer","colors=64"
2026-03-14 07:14:38,231 - INFO - [pipeline.py:229] - [Grade: C] Saved to: /Users/kenfasano/Scripts/ScreenArt/Images/TransformedImages/500px-Lowering_-C.jpeg
2026-03-14 07:14:38,252 - INFO - [pipeline.py:136] - "ColormapTransformer","map=bone"
2026-03-14 07:14:38,425 - INFO - [pipeline.py:136] - "WheelTransformer","blend=lighter,copies=5"
2026-03-14 07:14:38,462 - INFO - [pipeline.py:136] - "DataMoshTransformer","intensity=0.01"
2026-03-14 07:14:38,478 - INFO - [pipeline.py:229] - [Grade: B] Saved to: /Users/kenfasano/Scripts/ScreenArt/Images/TransformedImages/lojong_2-B-hero.jpeg
2026-03-14 07:14:38,582 - INFO - [pipeline.py:136] - "FlipWilsonTransformer","keep=bottom_left,narrow=0.46"
2026-03-14 07:14:38,621 - INFO - [pipeline.py:136] - "ThermalImagingTransformer","thermal=True"
2026-03-14 07:14:38,639 - INFO - [pipeline.py:229] - [Grade: A] Saved to: /Users/kenfasano/Scripts/ScreenArt/Images/TransformedImages/lojong_3-A-scatter.jpeg
2026-03-14 07:14:38,819 - INFO - [pipeline.py:136] - "WheelTransformer","blend=lighter,copies=5"
2026-03-14 07:14:38,853 - INFO - [pipeline.py:136] - "FractalWarpTransformer","iter=1,scale=0.05"
2026-03-14 07:14:38,866 - INFO - [pipeline.py:136] - "PosterizationTransformer","levels=4"
2026-03-14 07:14:38,883 - INFO - [pipeline.py:229] - [Grade: A] Saved to: /Users/kenfasano/Scripts/ScreenArt/Images/TransformedImages/lojong_8-A-scatter.jpeg
2026-03-14 07:14:39,065 - INFO - [pipeline.py:136] - "WheelTransformer","blend=lighter,copies=5"
2026-03-14 07:14:39,084 - INFO - [pipeline.py:229] - [Grade: A] Saved to: /Users/kenfasano/Scripts/ScreenArt/Images/TransformedImages/lojong_4-A-tile.jpeg
2026-03-14 07:14:39,138 - INFO - [pipeline.py:136] - "HalftoneTransformer","size=2"
2026-03-14 07:14:39,310 - INFO - [pipeline.py:136] - "WheelTransformer","blend=lighter,copies=5"
2026-03-14 07:14:39,323 - INFO - [pipeline.py:136] - "PosterizationTransformer","levels=4"
2026-03-14 07:14:39,356 - INFO - [pipeline.py:136] - "FractalWarpTransformer","iter=1,scale=0.05"
2026-03-14 07:14:39,372 - INFO - [pipeline.py:229] - [Grade: A] Saved to: /Users/kenfasano/Scripts/ScreenArt/Images/TransformedImages/lojong_5-A-hero.jpeg
2026-03-14 07:14:39,399 - INFO - [pipeline.py:136] - "RadialWarpTransformer","radius=0.25,strength=58.64179161052215,55.73327502484054,style=push,pull"
2026-03-14 07:14:39,452 - INFO - [pipeline.py:136] - "MeltMorphTransformer","intensity=0.50"
2026-03-14 07:14:39,667 - INFO - [pipeline.py:136] - "WatercolorTransformer","scale=0.85,style=monet"
2026-03-14 07:14:39,715 - INFO - [pipeline.py:136] - "HalftoneTransformer","size=2"
2026-03-14 07:14:39,731 - INFO - [pipeline.py:229] - [Grade: A] Saved to: /Users/kenfasano/Scripts/ScreenArt/Images/TransformedImages/lojong_9-A-tile.jpeg
2026-03-14 07:14:39,773 - INFO - [pipeline.py:136] - "FractalWarpTransformer","iter=1,scale=0.05"
2026-03-14 07:14:39,811 - INFO - [pipeline.py:136] - "ThermalImagingTransformer","thermal=True"
2026-03-14 07:14:39,825 - INFO - [pipeline.py:136] - "ColormapTransformer","map=autumn"
2026-03-14 07:14:39,864 - INFO - [pipeline.py:136] - "SwirlWarpTransformer","strength=1.50"
2026-03-14 07:14:39,881 - INFO - [pipeline.py:229] - [Grade: A] Saved to: /Users/kenfasano/Scripts/ScreenArt/Images/TransformedImages/lojong_6-A-hero.jpeg
2026-03-14 07:14:39,928 - INFO - [pipeline.py:136] - "FluidWarpTransformer","alpha=1.22,sigma=4.66"
2026-03-14 07:14:39,941 - INFO - [pipeline.py:136] - "ColormapTransformer","map=jet"
2026-03-14 07:14:39,975 - INFO - [pipeline.py:136] - "FractalWarpTransformer","iter=1,scale=0.05"
2026-03-14 07:14:39,988 - INFO - [pipeline.py:136] - "PosterizationTransformer","levels=4"
2026-03-14 07:14:40,004 - INFO - [pipeline.py:229] - [Grade: A] Saved to: /Users/kenfasano/Scripts/ScreenArt/Images/TransformedImages/lojong_7-A-hero.jpeg
2026-03-14 07:14:40,184 - INFO - [pipeline.py:136] - "WheelTransformer","blend=lighter,copies=5"
2026-03-14 07:14:40,203 - INFO - [pipeline.py:136] - "RadialWarpTransformer","radius=0.25,strength=39.04078784485606,50.43765195365855,style=push,pull"
2026-03-14 07:14:40,300 - INFO - [pipeline.py:136] - "FlipWilsonTransformer","keep=bottom_left,narrow=0.46"
2026-03-14 07:14:40,334 - INFO - [pipeline.py:136] - "FractalWarpTransformer","iter=1,scale=0.05"
2026-03-14 07:14:40,349 - INFO - [pipeline.py:229] - [Grade: A] Saved to: /Users/kenfasano/Scripts/ScreenArt/Images/TransformedImages/lojong_0-A-scatter.jpeg
2026-03-14 07:14:40,584 - INFO - [pipeline.py:136] - "WatercolorTransformer","scale=0.85,style=monet"
2026-03-14 07:14:40,639 - INFO - [pipeline.py:136] - "MeltMorphTransformer","intensity=0.50"
2026-03-14 07:14:40,678 - INFO - [pipeline.py:136] - "SwirlWarpTransformer","strength=1.50"
2026-03-14 07:14:40,727 - INFO - [pipeline.py:136] - "FluidWarpTransformer","alpha=0.72,sigma=7.31"
2026-03-14 07:14:40,745 - INFO - [pipeline.py:229] - [Grade: C] Saved to: /Users/kenfasano/Scripts/ScreenArt/Images/TransformedImages/lojong_1-C-columns.jpeg
2026-03-14 07:14:40,776 - INFO - [pipeline.py:136] - "RadialWarpTransformer","radius=0.25,strength=81.87115472454477,63.90217484331197,style=push,pull"
2026-03-14 07:14:40,793 - INFO - [pipeline.py:229] - [Grade: C] Saved to: /Users/kenfasano/Scripts/ScreenArt/Images/TransformedImages/psalms_82-C-columns.jpeg
2026-03-14 07:14:40,815 - INFO - [pipeline.py:136] - "ColormapTransformer","map=ocean"
2026-03-14 07:14:40,862 - INFO - [pipeline.py:136] - "HalftoneTransformer","size=2"
2026-03-14 07:14:40,897 - INFO - [pipeline.py:136] - "ThermalImagingTransformer","thermal=True"
2026-03-14 07:14:40,915 - INFO - [pipeline.py:229] - [Grade: B] Saved to: /Users/kenfasano/Scripts/ScreenArt/Images/TransformedImages/psalms_46-B-hero.jpeg
2026-03-14 07:14:40,935 - INFO - [pipeline.py:136] - "PosterizationTransformer","levels=4"
2026-03-14 07:14:40,977 - INFO - [pipeline.py:136] - "FluidWarpTransformer","alpha=3.49,sigma=5.49"
2026-03-14 07:14:40,997 - INFO - [pipeline.py:136] - "RadialWarpTransformer","radius=0.25,strength=52.37060150937281,68.68984126824168,style=push,pull"
2026-03-14 07:14:41,014 - INFO - [pipeline.py:229] - [Grade: C] Saved to: /Users/kenfasano/Scripts/ScreenArt/Images/TransformedImages/psalms_67-C-tile.jpeg
2026-03-14 07:14:41,077 - INFO - [pipeline.py:136] - "MeltMorphTransformer","intensity=0.50"
2026-03-14 07:14:41,094 - INFO - [pipeline.py:229] - [Grade: A] Saved to: /Users/kenfasano/Scripts/ScreenArt/Images/TransformedImages/psalms_119-A-scatter.jpeg
2026-03-14 07:14:41,120 - INFO - [pipeline.py:136] - "PosterizationTransformer","levels=4"
2026-03-14 07:14:41,140 - INFO - [pipeline.py:229] - [Grade: C] Saved to: /Users/kenfasano/Scripts/ScreenArt/Images/TransformedImages/psalms_81-C-columns.jpeg
2026-03-14 07:14:41,197 - INFO - [pipeline.py:136] - "HalftoneTransformer","size=2"
2026-03-14 07:14:41,211 - INFO - [pipeline.py:136] - "ColormapTransformer","map=summer"
2026-03-14 07:14:41,224 - INFO - [pipeline.py:136] - "PosterizationTransformer","levels=4"
2026-03-14 07:14:41,256 - INFO - [pipeline.py:136] - "FluidWarpTransformer","alpha=19.88,sigma=2.21"
2026-03-14 07:14:41,271 - INFO - [pipeline.py:229] - [Grade: F] Saved to: /Users/kenfasano/Scripts/ScreenArt/Images/Rejected/psalms_144-F-tile.jpeg
2026-03-14 07:14:41,453 - INFO - [pipeline.py:136] - "WheelTransformer","blend=lighter,copies=5"
2026-03-14 07:14:41,492 - INFO - [pipeline.py:136] - "ThermalImagingTransformer","thermal=True"
2026-03-14 07:14:41,515 - INFO - [pipeline.py:136] - "RadialWarpTransformer","radius=0.25,strength=68.55672274905362,80.9070713253819,style=push,pull"
2026-03-14 07:14:41,567 - INFO - [pipeline.py:136] - "HalftoneTransformer","size=2"
2026-03-14 07:14:41,584 - INFO - [pipeline.py:229] - [Grade: A] Saved to: /Users/kenfasano/Scripts/ScreenArt/Images/TransformedImages/psalms_23-A-hero.jpeg
2026-03-14 07:14:41,618 - INFO - [pipeline.py:136] - "RadialWarpTransformer","radius=0.25,strength=76.66383425094628,67.23424771268137,63.048397234814175,style=push,push,push"
2026-03-14 07:14:41,635 - INFO - [pipeline.py:229] - [Grade: C] Saved to: /Users/kenfasano/Scripts/ScreenArt/Images/TransformedImages/psalms_148-C-hero.jpeg
2026-03-14 07:14:41,678 - INFO - [pipeline.py:136] - "ThermalImagingTransformer","thermal=True"
2026-03-14 07:14:41,726 - INFO - [pipeline.py:136] - "HalftoneTransformer","size=2"
2026-03-14 07:14:41,749 - INFO - [pipeline.py:136] - "RadialWarpTransformer","radius=0.25,strength=48.305618711896734,36.02401501040403,46.63244685536685,style=push,pull,push"
2026-03-14 07:14:41,791 - INFO - [pipeline.py:136] - "AnamorphicTransformer","intensity=0.0,0.2,0.4,0.6,0.8,thresh=80"
2026-03-14 07:14:41,807 - INFO - [pipeline.py:229] - [Grade: A] Saved to: /Users/kenfasano/Scripts/ScreenArt/Images/TransformedImages/psalms_59-A-scatter.jpeg
2026-03-14 07:14:41,825 - INFO - [pipeline.py:136] - "FluidWarpTransformer","alpha=7.89,sigma=7.04"
2026-03-14 07:14:41,831 - INFO - [pipeline.py:229] - [Grade: A] Saved to: /Users/kenfasano/Scripts/ScreenArt/Images/TransformedImages/peripheral_drift_2-A.jpeg
2026-03-14 07:14:41,845 - INFO - [pipeline.py:136] - "SwirlWarpTransformer","strength=1.50"
2026-03-14 07:14:41,854 - INFO - [pipeline.py:136] - "GlitchWarpTransformer","intensity=0.01"
2026-03-14 07:14:41,860 - INFO - [pipeline.py:229] - [Grade: A] Saved to: /Users/kenfasano/Scripts/ScreenArt/Images/TransformedImages/peripheral_drift_3-A.jpeg
2026-03-14 07:14:41,894 - INFO - [pipeline.py:136] - "FlipWilsonTransformer","keep=bottom_left,narrow=0.46"
2026-03-14 07:14:41,899 - INFO - [pipeline.py:136] - "ColormapTransformer","map=bone"
2026-03-14 07:14:41,910 - INFO - [pipeline.py:136] - "DataMoshTransformer","intensity=0.01"
2026-03-14 07:14:41,916 - INFO - [pipeline.py:229] - [Grade: A] Saved to: /Users/kenfasano/Scripts/ScreenArt/Images/TransformedImages/peripheral_drift_1-A.jpeg
2026-03-14 07:14:41,916 - INFO - [main.py:196] - WheelTransformer
2026-03-14 07:14:41,916 - INFO - [main.py:196] - WatercolorTransformer
2026-03-14 07:14:41,916 - INFO - [main.py:196] - XrayTransformer
2026-03-14 07:14:41,916 - INFO - [main.py:196] - FlipWilsonTransformer
2026-03-14 07:14:41,916 - INFO - [main.py:196] - SwirlWarpTransformer
2026-03-14 07:14:41,916 - INFO - [main.py:196] - MeltMorphTransformer
2026-03-14 07:14:41,916 - INFO - [main.py:196] - HalftoneTransformer
2026-03-14 07:14:41,916 - INFO - [main.py:196] - AnamorphicTransformer
2026-03-14 07:14:41,916 - INFO - [main.py:196] - ThermalImagingTransformer
2026-03-14 07:14:41,916 - INFO - [main.py:196] - FractalWarpTransformer
2026-03-14 07:14:41,916 - INFO - [main.py:196] - DataMoshTransformer
2026-03-14 07:14:41,916 - INFO - [main.py:196] - FluidWarpTransformer
2026-03-14 07:14:41,916 - INFO - [main.py:196] - RadialWarpTransformer
2026-03-14 07:14:41,916 - INFO - [main.py:196] - PosterizationTransformer
2026-03-14 07:14:41,916 - INFO - [main.py:196] - ColormapTransformer
2026-03-14 07:14:41,916 - INFO - [main.py:196] - FisheyeTransformer
2026-03-14 07:14:41,916 - INFO - [main.py:196] - GlitchWarpTransformer
2026-03-14 07:14:41,916 - INFO - [main.py:239] - 27s@07:14 ✓
Accepted: 50
Rejected: 5
---
Bible                      ->  8363ms
Wiki                       ->  4185ms
Lojong                     ->  2491ms
Nasa                       ->  1466ms
NasaMapGenerator           ->   928ms
GoesGenerator              ->   913ms
Bubbles                    ->   539ms
Cubes                      ->   183ms
PeripheralDriftIllusion    ->    43ms
---
WheelTransformer           -> Min:    45ms | Avg:   164ms | Max:   224ms
WatercolorTransformer      -> Min:    63ms | Avg:   142ms | Max:   223ms
XrayTransformer            -> Min:     9ms | Avg:   116ms | Max:   386ms
FlipWilsonTransformer      -> Min:    27ms | Avg:    79ms | Max:   100ms
SwirlWarpTransformer       -> Min:     3ms | Avg:    50ms | Max:   168ms
MeltMorphTransformer       -> Min:     9ms | Avg:    46ms | Max:    55ms
HalftoneTransformer        -> Min:    13ms | Avg:    46ms | Max:    54ms
AnamorphicTransformer      -> Min:    42ms | Avg:    42ms | Max:    42ms
ThermalImagingTransformer  -> Min:     3ms | Avg:    40ms | Max:   119ms
FractalWarpTransformer     -> Min:    10ms | Avg:    32ms | Max:    46ms
DataMoshTransformer        -> Min:    11ms | Avg:    31ms | Max:    52ms
FluidWarpTransformer       -> Min:    10ms | Avg:    27ms | Max:    51ms
RadialWarpTransformer      -> Min:     6ms | Avg:    18ms | Max:    25ms
PosterizationTransformer   -> Min:     3ms | Avg:    12ms | Max:    18ms
ColormapTransformer        -> Min:     2ms | Avg:    11ms | Max:    14ms
FisheyeTransformer         -> Min:     3ms | Avg:    10ms | Max:    23ms
GlitchWarpTransformer      -> Min:     3ms | Avg:     6ms | Max:     8ms
