2026-03-08 19:54:05,181 - INFO - [pipeline.py:44] - DataMoshTransformer
2026-03-08 19:54:05,240 - INFO - [pipeline.py:117] - [Grade: F] Saved to: /Users/kenfasano/Scripts/ScreenArt/Images/Rejected/bubbles_4-F.jpeg
2026-03-08 19:54:05,250 - INFO - [pipeline.py:44] - PosterizationTransformer
2026-03-08 19:54:05,257 - INFO - [pipeline.py:44] - FluidWarpTransformer
2026-03-08 19:54:05,346 - INFO - [pipeline.py:44] - FisheyeTransformer
2026-03-08 19:54:05,374 - INFO - [pipeline.py:44] - FlipWilsonTransformer
2026-03-08 19:54:05,490 - INFO - [pipeline.py:117] - [Grade: F] Saved to: /Users/kenfasano/Scripts/ScreenArt/Images/Rejected/bubbles_8-F.jpeg
2026-03-08 19:54:05,499 - INFO - [pipeline.py:44] - SwirlWarpTransformer
2026-03-08 19:54:05,543 - INFO - [pipeline.py:44] - HalftoneTransformer
2026-03-08 19:54:05,579 - INFO - [pipeline.py:44] - WatercolorTransformer
2026-03-08 19:54:05,673 - INFO - [pipeline.py:117] - [Grade: F] Saved to: /Users/kenfasano/Scripts/ScreenArt/Images/Rejected/bubbles_9-F.jpeg
2026-03-08 19:54:05,682 - INFO - [pipeline.py:44] - PosterizationTransformer
2026-03-08 19:54:05,687 - INFO - [pipeline.py:44] - TritoneTransformer
2026-03-08 19:54:05,733 - INFO - [pipeline.py:117] - [Grade: F] Saved to: /Users/kenfasano/Scripts/ScreenArt/Images/Rejected/bubbles_5-F.jpeg
2026-03-08 19:54:05,742 - INFO - [pipeline.py:44] - ThermalImagingTransformer
2026-03-08 19:54:05,787 - INFO - [pipeline.py:117] - [Grade: C] Saved to: /Users/kenfasano/Scripts/ScreenArt/Images/TransformedImages/bubbles_2-C.jpeg
2026-03-08 19:54:05,796 - INFO - [pipeline.py:44] - HalftoneTransformer
2026-03-08 19:54:05,826 - INFO - [pipeline.py:44] - PosterizationTransformer
2026-03-08 19:54:05,831 - INFO - [pipeline.py:44] - WatercolorTransformer
2026-03-08 19:54:05,922 - INFO - [pipeline.py:117] - [Grade: F] Saved to: /Users/kenfasano/Scripts/ScreenArt/Images/Rejected/bubbles_3-F.jpeg
2026-03-08 19:54:05,930 - INFO - [pipeline.py:44] - FisheyeTransformer
2026-03-08 19:54:05,954 - INFO - [pipeline.py:44] - AnamorphicTransformer
2026-03-08 19:54:06,011 - INFO - [pipeline.py:44] - FractalWarpTransformer
2026-03-08 19:54:06,045 - INFO - [pipeline.py:44] - HalftoneTransformer
2026-03-08 19:54:06,090 - INFO - [pipeline.py:117] - [Grade: F] Saved to: /Users/kenfasano/Scripts/ScreenArt/Images/Rejected/bubbles_10-F.jpeg
2026-03-08 19:54:06,098 - INFO - [pipeline.py:44] - SwirlWarpTransformer
2026-03-08 19:54:06,141 - INFO - [pipeline.py:44] - ThreeDExtrusionTransformer
2026-03-08 19:54:06,188 - INFO - [pipeline.py:117] - [Grade: F] Saved to: /Users/kenfasano/Scripts/ScreenArt/Images/Rejected/bubbles_1-F.jpeg
2026-03-08 19:54:06,197 - INFO - [pipeline.py:44] - DuotoneTransformer
2026-03-08 19:54:06,282 - INFO - [pipeline.py:44] - FisheyeTransformer
2026-03-08 19:54:06,307 - INFO - [pipeline.py:44] - FractalWarpTransformer
2026-03-08 19:54:06,357 - INFO - [pipeline.py:117] - [Grade: B] Saved to: /Users/kenfasano/Scripts/ScreenArt/Images/TransformedImages/bubbles_6-B.jpeg
2026-03-08 19:54:06,366 - INFO - [pipeline.py:44] - WatercolorTransformer
2026-03-08 19:54:06,448 - INFO - [pipeline.py:44] - ColormapTransformer
2026-03-08 19:54:06,459 - INFO - [pipeline.py:44] - MeltMorphTransformer
2026-03-08 19:54:06,530 - INFO - [pipeline.py:117] - [Grade: A] Saved to: /Users/kenfasano/Scripts/ScreenArt/Images/TransformedImages/bubbles_7-A.jpeg
2026-03-08 19:54:06,537 - INFO - [pipeline.py:44] - InvertRGBTransformer
2026-03-08 19:54:06,538 - INFO - [pipeline.py:44] - HalftoneTransformer
2026-03-08 19:54:06,569 - INFO - [pipeline.py:44] - FlipWilsonTransformer
2026-03-08 19:54:06,680 - INFO - [pipeline.py:117] - [Grade: F] Saved to: /Users/kenfasano/Scripts/ScreenArt/Images/Rejected/cubes_2-F.jpeg
2026-03-08 19:54:06,689 - INFO - [pipeline.py:44] - GlitchWarpTransformer
2026-03-08 19:54:06,716 - INFO - [pipeline.py:44] - TritoneTransformer
2026-03-08 19:54:06,760 - INFO - [pipeline.py:117] - [Grade: F] Saved to: /Users/kenfasano/Scripts/ScreenArt/Images/Rejected/cubes_3-F.jpeg
2026-03-08 19:54:06,768 - INFO - [pipeline.py:44] - PosterizationTransformer
2026-03-08 19:54:06,773 - INFO - [pipeline.py:44] - FisheyeTransformer
2026-03-08 19:54:06,797 - INFO - [pipeline.py:44] - ThreeDExtrusionTransformer
2026-03-08 19:54:06,842 - INFO - [pipeline.py:117] - [Grade: F] Saved to: /Users/kenfasano/Scripts/ScreenArt/Images/Rejected/cubes_4-F.jpeg
2026-03-08 19:54:06,849 - INFO - [pipeline.py:44] - DuotoneTransformer
2026-03-08 19:54:06,933 - INFO - [pipeline.py:44] - TritoneTransformer
2026-03-08 19:54:06,962 - INFO - [pipeline.py:44] - XrayTransformer
2026-03-08 19:54:07,023 - INFO - [pipeline.py:117] - [Grade: F] Saved to: /Users/kenfasano/Scripts/ScreenArt/Images/Rejected/cubes_5-F.jpeg
2026-03-08 19:54:07,029 - INFO - [pipeline.py:44] - ColormapTransformer
2026-03-08 19:54:07,041 - INFO - [pipeline.py:44] - HalftoneTransformer
2026-03-08 19:54:07,071 - INFO - [pipeline.py:44] - ThermalImagingTransformer
2026-03-08 19:54:07,112 - INFO - [pipeline.py:117] - [Grade: F] Saved to: /Users/kenfasano/Scripts/ScreenArt/Images/Rejected/cubes_6-F.jpeg
2026-03-08 19:54:07,120 - INFO - [pipeline.py:44] - GlitchWarpTransformer
2026-03-08 19:54:07,147 - INFO - [pipeline.py:44] - FlipWilsonTransformer
2026-03-08 19:54:07,253 - INFO - [pipeline.py:44] - RadialWarpTransformer
2026-03-08 19:54:07,266 - INFO - [pipeline.py:44] - WheelTransformer
2026-03-08 19:54:07,385 - INFO - [pipeline.py:117] - [Grade: F] Saved to: /Users/kenfasano/Scripts/ScreenArt/Images/Rejected/cubes_1-F.jpeg
2026-03-08 19:54:07,387 - INFO - [pipeline.py:44] - WheelTransformer
2026-03-08 19:54:07,404 - INFO - [pipeline.py:44] - FisheyeTransformer
2026-03-08 19:54:07,414 - INFO - [pipeline.py:117] - [Grade: C] Saved to: /Users/kenfasano/Scripts/ScreenArt/Images/TransformedImages/thor_goldman_c40-C.jpg
2026-03-08 19:54:07,418 - INFO - [pipeline.py:44] - FlipWilsonTransformer
2026-03-08 19:54:07,456 - INFO - [pipeline.py:44] - GlitchWarpTransformer
2026-03-08 19:54:07,466 - INFO - [pipeline.py:44] - FluidWarpTransformer
2026-03-08 19:54:07,491 - INFO - [pipeline.py:44] - FractalWarpTransformer
2026-03-08 19:54:07,513 - INFO - [pipeline.py:117] - [Grade: F] Saved to: /Users/kenfasano/Scripts/ScreenArt/Images/Rejected/Orion212_Volskiy_960-F.jpg
2026-03-08 19:54:07,516 - INFO - [pipeline.py:44] - FractalWarpTransformer
2026-03-08 19:54:07,527 - INFO - [pipeline.py:44] - RadialWarpTransformer
2026-03-08 19:54:07,538 - INFO - [pipeline.py:117] - [Grade: F] Saved to: /Users/kenfasano/Scripts/ScreenArt/Images/Rejected/IridescentClouds_Strand_960-F.jpg
2026-03-08 19:54:07,542 - INFO - [pipeline.py:44] - WheelTransformer
2026-03-08 19:54:07,575 - INFO - [pipeline.py:44] - FractalWarpTransformer
2026-03-08 19:54:07,587 - INFO - [pipeline.py:44] - GlitchWarpTransformer
2026-03-08 19:54:07,603 - INFO - [pipeline.py:117] - [Grade: A] Saved to: /Users/kenfasano/Scripts/ScreenArt/Images/TransformedImages/onthemove_curiosity_960-A.jpg
2026-03-08 19:54:07,607 - INFO - [pipeline.py:44] - WatercolorTransformer
2026-03-08 19:54:07,638 - INFO - [pipeline.py:44] - FisheyeTransformer
2026-03-08 19:54:07,653 - INFO - [pipeline.py:117] - [Grade: F] Saved to: /Users/kenfasano/Scripts/ScreenArt/Images/Rejected/EagleDeep_Lacroce_1080-F.jpg
2026-03-08 19:54:07,656 - INFO - [pipeline.py:44] - GlitchWarpTransformer
2026-03-08 19:54:07,667 - INFO - [pipeline.py:44] - HalftoneTransformer
2026-03-08 19:54:07,677 - INFO - [pipeline.py:44] - ThreeDExtrusionTransformer
2026-03-08 19:54:07,687 - INFO - [pipeline.py:44] - RadialWarpTransformer
2026-03-08 19:54:07,699 - INFO - [pipeline.py:117] - [Grade: F] Saved to: /Users/kenfasano/Scripts/ScreenArt/Images/Rejected/CornMoonRising_Palma_960-F.jpg
2026-03-08 19:54:07,704 - INFO - [pipeline.py:44] - SwirlWarpTransformer
2026-03-08 19:54:07,723 - INFO - [pipeline.py:117] - [Grade: F] Saved to: /Users/kenfasano/Scripts/ScreenArt/Images/Rejected/conjunction_181111_ladanyi_web-F.jpg
2026-03-08 19:54:07,727 - INFO - [pipeline.py:44] - SwirlWarpTransformer
2026-03-08 19:54:07,749 - INFO - [pipeline.py:44] - XrayTransformer
2026-03-08 19:54:07,810 - INFO - [pipeline.py:44] - DuotoneTransformer
2026-03-08 19:54:07,854 - INFO - [pipeline.py:117] - [Grade: F] Saved to: /Users/kenfasano/Scripts/ScreenArt/Images/Rejected/rosetta02_esa_960-F.jpg
2026-03-08 19:54:07,863 - INFO - [pipeline.py:44] - WheelTransformer
2026-03-08 19:54:07,894 - INFO - [pipeline.py:44] - MeltMorphTransformer
2026-03-08 19:54:07,911 - INFO - [pipeline.py:44] - ThermalImagingTransformer
2026-03-08 19:54:07,920 - INFO - [pipeline.py:44] - ColormapTransformer
2026-03-08 19:54:07,929 - INFO - [pipeline.py:117] - [Grade: A] Saved to: /Users/kenfasano/Scripts/ScreenArt/Images/TransformedImages/TrafficTaurusLionelMajzik_1067-A.jpg
2026-03-08 19:54:07,934 - INFO - [pipeline.py:44] - WheelTransformer
2026-03-08 19:54:07,964 - INFO - [pipeline.py:117] - [Grade: C] Saved to: /Users/kenfasano/Scripts/ScreenArt/Images/TransformedImages/AlphaCenHe2111_lorenzi900-C.jpg
2026-03-08 19:54:07,988 - INFO - [pipeline.py:44] - HalftoneTransformer
2026-03-08 19:54:07,996 - INFO - [pipeline.py:44] - FractalWarpTransformer
2026-03-08 19:54:08,012 - INFO - [pipeline.py:117] - [Grade: F] Saved to: /Users/kenfasano/Scripts/ScreenArt/Images/Rejected/JWST_NGC628_Robert_Eder_V2600h-F.jpg
2026-03-08 19:54:08,024 - INFO - [pipeline.py:44] - TritoneTransformer
2026-03-08 19:54:08,068 - INFO - [pipeline.py:117] - [Grade: F] Saved to: /Users/kenfasano/Scripts/ScreenArt/Images/Rejected/nasa_earth_1_Mexico_City_True_Color-F.jpeg
2026-03-08 19:54:08,077 - INFO - [pipeline.py:44] - DuotoneTransformer
2026-03-08 19:54:08,135 - INFO - [pipeline.py:44] - XrayTransformer
2026-03-08 19:54:08,214 - INFO - [pipeline.py:117] - [Grade: F] Saved to: /Users/kenfasano/Scripts/ScreenArt/Images/Rejected/noaa_goes_1_se_Sandwich_RGB-F.jpeg
2026-03-08 19:54:08,217 - INFO - [pipeline.py:44] - AnamorphicTransformer
2026-03-08 19:54:08,233 - INFO - [pipeline.py:44] - FlipWilsonTransformer
2026-03-08 19:54:08,255 - INFO - [pipeline.py:44] - TritoneTransformer
2026-03-08 19:54:08,266 - INFO - [pipeline.py:117] - [Grade: F] Saved to: /Users/kenfasano/Scripts/ScreenArt/Images/Rejected/Grassland_and_w-F.jpeg
2026-03-08 19:54:08,290 - INFO - [pipeline.py:44] - InvertRGBTransformer
2026-03-08 19:54:08,293 - INFO - [pipeline.py:44] - SwirlWarpTransformer
2026-03-08 19:54:08,399 - INFO - [pipeline.py:44] - DataMoshTransformer
2026-03-08 19:54:08,523 - INFO - [pipeline.py:117] - [Grade: F] Saved to: /Users/kenfasano/Scripts/ScreenArt/Images/Rejected/thumbnai-F.jpeg
2026-03-08 19:54:08,531 - INFO - [pipeline.py:44] - GlitchWarpTransformer
2026-03-08 19:54:08,575 - INFO - [pipeline.py:44] - InvertRGBTransformer
2026-03-08 19:54:08,601 - INFO - [pipeline.py:117] - [Grade: F] Saved to: /Users/kenfasano/Scripts/ScreenArt/Images/Rejected/lossy-page1-160-F.jpeg
2026-03-08 19:54:08,611 - INFO - [pipeline.py:44] - FractalWarpTransformer
2026-03-08 19:54:08,629 - INFO - [pipeline.py:44] - WheelTransformer
2026-03-08 19:54:08,676 - INFO - [pipeline.py:44] - ThermalImagingTransformer
2026-03-08 19:54:08,698 - INFO - [pipeline.py:117] - [Grade: A] Saved to: /Users/kenfasano/Scripts/ScreenArt/Images/TransformedImages/EDDI_08mn_20100-A.jpeg
2026-03-08 19:54:08,728 - INFO - [pipeline.py:44] - XrayTransformer
2026-03-08 19:54:09,076 - INFO - [pipeline.py:44] - DuotoneTransformer
2026-03-08 19:54:09,283 - INFO - [pipeline.py:44] - AnamorphicTransformer
2026-03-08 19:54:09,381 - INFO - [pipeline.py:44] - FractalWarpTransformer
2026-03-08 19:54:09,508 - INFO - [pipeline.py:117] - [Grade: B] Saved to: /Users/kenfasano/Scripts/ScreenArt/Images/TransformedImages/Evening_-B.jpeg
2026-03-08 19:54:09,536 - INFO - [pipeline.py:44] - FisheyeTransformer
2026-03-08 19:54:09,617 - INFO - [pipeline.py:44] - HalftoneTransformer
2026-03-08 19:54:09,745 - INFO - [pipeline.py:44] - ThreeDExtrusionTransformer
2026-03-08 19:54:09,878 - INFO - [pipeline.py:117] - [Grade: F] Saved to: /Users/kenfasano/Scripts/ScreenArt/Images/Rejected/Pyramide-F.jpeg
2026-03-08 19:54:09,885 - INFO - [pipeline.py:44] - RadialWarpTransformer
2026-03-08 19:54:09,917 - INFO - [pipeline.py:117] - [Grade: C] Saved to: /Users/kenfasano/Scripts/ScreenArt/Images/TransformedImages/lojong_2-C.jpeg
2026-03-08 19:54:09,925 - INFO - [pipeline.py:44] - TritoneTransformer
2026-03-08 19:54:09,954 - INFO - [pipeline.py:44] - FluidWarpTransformer
2026-03-08 19:54:10,010 - INFO - [pipeline.py:44] - FisheyeTransformer
2026-03-08 19:54:10,048 - INFO - [pipeline.py:117] - [Grade: F] Saved to: /Users/kenfasano/Scripts/ScreenArt/Images/Rejected/lojong_3-F.jpeg
2026-03-08 19:54:10,054 - INFO - [pipeline.py:44] - XrayTransformer
2026-03-08 19:54:10,104 - INFO - [pipeline.py:44] - WheelTransformer
2026-03-08 19:54:10,203 - INFO - [pipeline.py:44] - TritoneTransformer
2026-03-08 19:54:10,247 - INFO - [pipeline.py:117] - [Grade: F] Saved to: /Users/kenfasano/Scripts/ScreenArt/Images/Rejected/lojong_8-F.jpeg
2026-03-08 19:54:10,253 - INFO - [pipeline.py:44] - InvertRGBTransformer
2026-03-08 19:54:10,254 - INFO - [pipeline.py:44] - GlitchWarpTransformer
2026-03-08 19:54:10,298 - INFO - [pipeline.py:117] - [Grade: F] Saved to: /Users/kenfasano/Scripts/ScreenArt/Images/Rejected/lojong_4-F.jpeg
2026-03-08 19:54:10,305 - INFO - [pipeline.py:44] - FluidWarpTransformer
2026-03-08 19:54:10,398 - INFO - [pipeline.py:117] - [Grade: C] Saved to: /Users/kenfasano/Scripts/ScreenArt/Images/TransformedImages/lojong_5-C.jpeg
2026-03-08 19:54:10,405 - INFO - [pipeline.py:44] - MeltMorphTransformer
2026-03-08 19:54:10,458 - INFO - [pipeline.py:44] - FluidWarpTransformer
2026-03-08 19:54:10,485 - INFO - [pipeline.py:44] - XrayTransformer
2026-03-08 19:54:10,537 - INFO - [pipeline.py:44] - DuotoneTransformer
2026-03-08 19:54:10,636 - INFO - [pipeline.py:117] - [Grade: F] Saved to: /Users/kenfasano/Scripts/ScreenArt/Images/Rejected/lojong_9-F.jpeg
2026-03-08 19:54:10,642 - INFO - [pipeline.py:44] - ColormapTransformer
2026-03-08 19:54:10,653 - INFO - [pipeline.py:44] - WheelTransformer
2026-03-08 19:54:10,753 - INFO - [pipeline.py:44] - GlitchWarpTransformer
2026-03-08 19:54:10,780 - INFO - [pipeline.py:44] - WatercolorTransformer
2026-03-08 19:54:10,873 - INFO - [pipeline.py:117] - [Grade: A] Saved to: /Users/kenfasano/Scripts/ScreenArt/Images/TransformedImages/lojong_6-A.jpeg
2026-03-08 19:54:10,879 - INFO - [pipeline.py:44] - SwirlWarpTransformer
2026-03-08 19:54:10,923 - INFO - [pipeline.py:44] - ThreeDExtrusionTransformer
2026-03-08 19:54:10,954 - INFO - [pipeline.py:44] - HalftoneTransformer
2026-03-08 19:54:10,998 - INFO - [pipeline.py:117] - [Grade: F] Saved to: /Users/kenfasano/Scripts/ScreenArt/Images/Rejected/lojong_7-F.jpeg
2026-03-08 19:54:11,006 - INFO - [pipeline.py:44] - GlitchWarpTransformer
2026-03-08 19:54:11,049 - INFO - [pipeline.py:117] - [Grade: F] Saved to: /Users/kenfasano/Scripts/ScreenArt/Images/Rejected/lojong_0-F.jpeg
2026-03-08 19:54:11,055 - INFO - [pipeline.py:44] - WheelTransformer
2026-03-08 19:54:11,155 - INFO - [pipeline.py:44] - DataMoshTransformer
2026-03-08 19:54:11,206 - INFO - [pipeline.py:117] - [Grade: C] Saved to: /Users/kenfasano/Scripts/ScreenArt/Images/TransformedImages/lojong_1-C.jpeg
2026-03-08 19:54:11,214 - INFO - [pipeline.py:44] - FlipWilsonTransformer
2026-03-08 19:54:11,324 - INFO - [pipeline.py:44] - AnamorphicTransformer
2026-03-08 19:54:11,389 - INFO - [pipeline.py:44] - DataMoshTransformer
2026-03-08 19:54:11,441 - INFO - [pipeline.py:117] - [Grade: F] Saved to: /Users/kenfasano/Scripts/ScreenArt/Images/Rejected/psalms_110-F.jpeg
2026-03-08 19:54:11,448 - INFO - [pipeline.py:44] - InvertRGBTransformer
2026-03-08 19:54:11,449 - INFO - [pipeline.py:44] - XrayTransformer
2026-03-08 19:54:11,495 - INFO - [pipeline.py:44] - DataMoshTransformer
2026-03-08 19:54:11,546 - INFO - [pipeline.py:117] - [Grade: F] Saved to: /Users/kenfasano/Scripts/ScreenArt/Images/Rejected/psalms_31-F.jpeg
2026-03-08 19:54:11,555 - INFO - [pipeline.py:44] - ThreeDExtrusionTransformer
2026-03-08 19:54:11,586 - INFO - [pipeline.py:44] - HalftoneTransformer
2026-03-08 19:54:11,616 - INFO - [pipeline.py:44] - XrayTransformer
2026-03-08 19:54:11,678 - INFO - [pipeline.py:117] - [Grade: F] Saved to: /Users/kenfasano/Scripts/ScreenArt/Images/Rejected/psalms_44-F.jpeg
2026-03-08 19:54:11,686 - INFO - [pipeline.py:44] - MeltMorphTransformer
2026-03-08 19:54:11,738 - INFO - [pipeline.py:44] - PosterizationTransformer
2026-03-08 19:54:11,743 - INFO - [pipeline.py:44] - RadialWarpTransformer
2026-03-08 19:54:11,775 - INFO - [pipeline.py:117] - [Grade: F] Saved to: /Users/kenfasano/Scripts/ScreenArt/Images/Rejected/psalms_118-F.jpeg
2026-03-08 19:54:11,784 - INFO - [pipeline.py:44] - XrayTransformer
2026-03-08 19:54:11,889 - INFO - [pipeline.py:44] - RadialWarpTransformer
2026-03-08 19:54:11,901 - INFO - [pipeline.py:44] - ThermalImagingTransformer
2026-03-08 19:54:11,928 - INFO - [pipeline.py:44] - InvertRGBTransformer
2026-03-08 19:54:11,944 - INFO - [pipeline.py:117] - [Grade: F] Saved to: /Users/kenfasano/Scripts/ScreenArt/Images/Rejected/psalms_24-F.jpeg
2026-03-08 19:54:11,952 - INFO - [pipeline.py:44] - FluidWarpTransformer
2026-03-08 19:54:12,043 - INFO - [pipeline.py:117] - [Grade: C] Saved to: /Users/kenfasano/Scripts/ScreenArt/Images/TransformedImages/psalms_78-C.jpeg
2026-03-08 19:54:12,051 - INFO - [pipeline.py:44] - WheelTransformer
2026-03-08 19:54:12,166 - INFO - [pipeline.py:117] - [Grade: F] Saved to: /Users/kenfasano/Scripts/ScreenArt/Images/Rejected/psalms_129-F.jpeg
2026-03-08 19:54:12,174 - INFO - [pipeline.py:44] - SwirlWarpTransformer
2026-03-08 19:54:12,216 - INFO - [pipeline.py:44] - AnamorphicTransformer
2026-03-08 19:54:12,287 - INFO - [pipeline.py:44] - InvertRGBTransformer
2026-03-08 19:54:12,303 - INFO - [pipeline.py:117] - [Grade: F] Saved to: /Users/kenfasano/Scripts/ScreenArt/Images/Rejected/psalms_113-F.jpeg
2026-03-08 19:54:12,312 - INFO - [pipeline.py:44] - WatercolorTransformer
2026-03-08 19:54:12,390 - INFO - [pipeline.py:44] - AnamorphicTransformer
2026-03-08 19:54:12,450 - INFO - [pipeline.py:44] - TritoneTransformer
2026-03-08 19:54:12,479 - INFO - [pipeline.py:44] - PosterizationTransformer
2026-03-08 19:54:12,500 - INFO - [pipeline.py:117] - [Grade: F] Saved to: /Users/kenfasano/Scripts/ScreenArt/Images/Rejected/psalms_132-F.jpeg
2026-03-08 19:54:12,505 - INFO - [pipeline.py:44] - GlitchWarpTransformer
2026-03-08 19:54:12,520 - INFO - [pipeline.py:117] - [Grade: C] Saved to: /Users/kenfasano/Scripts/ScreenArt/Images/TransformedImages/peripheral_drift_2-C.jpeg
2026-03-08 19:54:12,523 - INFO - [pipeline.py:44] - RadialWarpTransformer
2026-03-08 19:54:12,534 - INFO - [pipeline.py:117] - [Grade: F] Saved to: /Users/kenfasano/Scripts/ScreenArt/Images/Rejected/peripheral_drift_3-F.jpeg
2026-03-08 19:54:12,538 - INFO - [pipeline.py:44] - ColormapTransformer
2026-03-08 19:54:12,541 - INFO - [pipeline.py:44] - PosterizationTransformer
2026-03-08 19:54:12,543 - INFO - [pipeline.py:44] - SwirlWarpTransformer
2026-03-08 19:54:12,557 - INFO - [pipeline.py:44] - RadialWarpTransformer
2026-03-08 19:54:12,566 - INFO - [pipeline.py:117] - [Grade: F] Saved to: /Users/kenfasano/Scripts/ScreenArt/Images/Rejected/peripheral_drift_1-F.jpeg
2026-03-08 19:54:12,573 - INFO - [pipeline.py:44] - InvertRGBTransformer
2026-03-08 19:54:12,574 - INFO - [pipeline.py:44] - FisheyeTransformer
2026-03-08 19:54:12,612 - INFO - [pipeline.py:117] - [Grade: F] Saved to: /Users/kenfasano/Scripts/ScreenArt/Images/Rejected/koch_snowflake_1_1-F.jpeg
2026-03-08 19:54:12,618 - INFO - [pipeline.py:44] - DuotoneTransformer
2026-03-08 19:54:12,701 - INFO - [pipeline.py:44] - FractalWarpTransformer
2026-03-08 19:54:12,735 - INFO - [pipeline.py:44] - ThreeDExtrusionTransformer
2026-03-08 19:54:12,781 - INFO - [pipeline.py:117] - [Grade: F] Saved to: /Users/kenfasano/Scripts/ScreenArt/Images/Rejected/koch_snowflake_1_3-F.jpeg
2026-03-08 19:54:12,788 - INFO - [pipeline.py:44] - GlitchWarpTransformer
2026-03-08 19:54:12,816 - INFO - [pipeline.py:44] - RadialWarpTransformer
2026-03-08 19:54:12,828 - INFO - [pipeline.py:44] - HalftoneTransformer
2026-03-08 19:54:12,873 - INFO - [pipeline.py:117] - [Grade: F] Saved to: /Users/kenfasano/Scripts/ScreenArt/Images/Rejected/koch_snowflake_1_2-F.jpeg
2026-03-08 19:54:12,879 - INFO - [pipeline.py:44] - ThermalImagingTransformer
2026-03-08 19:54:12,906 - INFO - [pipeline.py:44] - XrayTransformer
2026-03-08 19:54:12,956 - INFO - [pipeline.py:44] - WheelTransformer
2026-03-08 19:54:13,071 - INFO - [pipeline.py:117] - [Grade: F] Saved to: /Users/kenfasano/Scripts/ScreenArt/Images/Rejected/koch_snowflake_1_5-F.jpeg
2026-03-08 19:54:13,077 - INFO - [pipeline.py:44] - WheelTransformer
2026-03-08 19:54:13,176 - INFO - [pipeline.py:44] - MeltMorphTransformer
2026-03-08 19:54:13,228 - INFO - [pipeline.py:44] - ColormapTransformer
2026-03-08 19:54:13,240 - INFO - [pipeline.py:44] - AnamorphicTransformer
2026-03-08 19:54:13,306 - INFO - [pipeline.py:117] - [Grade: C] Saved to: /Users/kenfasano/Scripts/ScreenArt/Images/TransformedImages/koch_snowflake_1_4-C.jpeg
2026-03-08 19:54:13,313 - INFO - [pipeline.py:44] - InvertRGBTransformer
2026-03-08 19:54:13,314 - INFO - [pipeline.py:44] - WheelTransformer
2026-03-08 19:54:13,413 - INFO - [pipeline.py:44] - ThermalImagingTransformer
2026-03-08 19:54:13,455 - INFO - [pipeline.py:117] - [Grade: C] Saved to: /Users/kenfasano/Scripts/ScreenArt/Images/TransformedImages/hilbert_5-C.jpg
2026-03-08 19:54:13,464 - INFO - [pipeline.py:44] - GlitchWarpTransformer
2026-03-08 19:54:13,491 - INFO - [pipeline.py:44] - WatercolorTransformer
2026-03-08 19:54:13,569 - INFO - [pipeline.py:44] - ColormapTransformer
2026-03-08 19:54:13,580 - INFO - [pipeline.py:44] - TritoneTransformer
2026-03-08 19:54:13,624 - INFO - [pipeline.py:117] - [Grade: F] Saved to: /Users/kenfasano/Scripts/ScreenArt/Images/Rejected/hilbert_4-F.jpg
2026-03-08 19:54:13,636 - INFO - [pipeline.py:44] - AnamorphicTransformer
2026-03-08 19:54:13,705 - INFO - [pipeline.py:44] - ThreeDExtrusionTransformer
2026-03-08 19:54:13,751 - INFO - [pipeline.py:117] - [Grade: F] Saved to: /Users/kenfasano/Scripts/ScreenArt/Images/Rejected/hilbert_1-F.jpg
2026-03-08 19:54:13,762 - INFO - [pipeline.py:44] - ThreeDExtrusionTransformer
2026-03-08 19:54:13,792 - INFO - [pipeline.py:44] - DuotoneTransformer
2026-03-08 19:54:13,876 - INFO - [pipeline.py:44] - WheelTransformer
2026-03-08 19:54:13,977 - INFO - [pipeline.py:44] - DataMoshTransformer
2026-03-08 19:54:14,032 - INFO - [pipeline.py:117] - [Grade: A] Saved to: /Users/kenfasano/Scripts/ScreenArt/Images/TransformedImages/hilbert_3-A.jpg
2026-03-08 19:54:14,043 - INFO - [pipeline.py:44] - WatercolorTransformer
2026-03-08 19:54:14,121 - INFO - [pipeline.py:44] - WheelTransformer
2026-03-08 19:54:14,236 - INFO - [pipeline.py:117] - [Grade: B] Saved to: /Users/kenfasano/Scripts/ScreenArt/Images/TransformedImages/hilbert_2-B.jpg
2026-03-08 19:54:14,237 - INFO - [main.py:196] - DuotoneTransformer
2026-03-08 19:54:14,237 - INFO - [main.py:196] - XrayTransformer
2026-03-08 19:54:14,237 - INFO - [main.py:196] - FlipWilsonTransformer
2026-03-08 19:54:14,237 - INFO - [main.py:196] - WheelTransformer
2026-03-08 19:54:14,237 - INFO - [main.py:196] - WatercolorTransformer
2026-03-08 19:54:14,237 - INFO - [main.py:196] - AnamorphicTransformer
2026-03-08 19:54:14,237 - INFO - [main.py:196] - FluidWarpTransformer
2026-03-08 19:54:14,237 - INFO - [main.py:196] - DataMoshTransformer
2026-03-08 19:54:14,237 - INFO - [main.py:196] - MeltMorphTransformer
2026-03-08 19:54:14,237 - INFO - [main.py:196] - SwirlWarpTransformer
2026-03-08 19:54:14,237 - INFO - [main.py:196] - HalftoneTransformer
2026-03-08 19:54:14,237 - INFO - [main.py:196] - ThreeDExtrusionTransformer
2026-03-08 19:54:14,237 - INFO - [main.py:196] - FractalWarpTransformer
2026-03-08 19:54:14,237 - INFO - [main.py:196] - FisheyeTransformer
2026-03-08 19:54:14,237 - INFO - [main.py:196] - TritoneTransformer
2026-03-08 19:54:14,237 - INFO - [main.py:196] - GlitchWarpTransformer
2026-03-08 19:54:14,237 - INFO - [main.py:196] - ThermalImagingTransformer
2026-03-08 19:54:14,237 - INFO - [main.py:196] - RadialWarpTransformer
2026-03-08 19:54:14,237 - INFO - [main.py:196] - ColormapTransformer
2026-03-08 19:54:14,237 - INFO - [main.py:196] - PosterizationTransformer
2026-03-08 19:54:14,237 - INFO - [main.py:196] - InvertRGBTransformer
2026-03-08 19:54:14,237 - INFO - [main.py:239] - 18s@19:54 ✓
Accepted: 19
Rejected: 48
---
Wiki                       ->  5432ms
Nasa                       ->  1006ms
Bible                      ->   602ms
GoesGenerator              ->   582ms
Cubes                      ->   482ms
KochSnowflake              ->   380ms
Lojong                     ->   358ms
NasaMapGenerator           ->   309ms
Bubbles                    ->   246ms
Hilbert                    ->    58ms
PeripheralDriftIllusion    ->    46ms
---
DuotoneTransformer         -> Min:    37ms | Avg:    90ms | Max:   206ms
XrayTransformer            -> Min:    45ms | Avg:    87ms | Max:   348ms
FlipWilsonTransformer      -> Min:    22ms | Avg:    79ms | Max:   110ms
WheelTransformer           -> Min:    17ms | Avg:    76ms | Max:   101ms
WatercolorTransformer      -> Min:    30ms | Avg:    72ms | Max:    82ms
AnamorphicTransformer      -> Min:    15ms | Avg:    61ms | Max:    98ms
FluidWarpTransformer       -> Min:    24ms | Avg:    58ms | Max:    90ms
DataMoshTransformer        -> Min:    36ms | Avg:    46ms | Max:    91ms
MeltMorphTransformer       -> Min:    17ms | Avg:    45ms | Max:    53ms
SwirlWarpTransformer       -> Min:    13ms | Avg:    41ms | Max:   107ms
HalftoneTransformer        -> Min:     9ms | Avg:    36ms | Max:   128ms
ThreeDExtrusionTransformer -> Min:    10ms | Avg:    35ms | Max:    92ms
FractalWarpTransformer     -> Min:    10ms | Avg:    29ms | Max:    90ms
FisheyeTransformer         -> Min:     6ms | Avg:    27ms | Max:    81ms
TritoneTransformer         -> Min:     7ms | Avg:    27ms | Max:    30ms
GlitchWarpTransformer      -> Min:     9ms | Avg:    23ms | Max:    43ms
ThermalImagingTransformer  -> Min:     8ms | Avg:    22ms | Max:    28ms
RadialWarpTransformer      -> Min:     4ms | Avg:    10ms | Max:    17ms
ColormapTransformer        -> Min:     4ms | Avg:     9ms | Max:    11ms
PosterizationTransformer   -> Min:     2ms | Avg:     4ms | Max:     7ms
InvertRGBTransformer       -> Min:     1ms | Avg:     1ms | Max:     3ms
