2026-03-08 10:06:56,627 - INFO - [main.py:201] - WheelTransformer
2026-03-08 10:06:56,627 - INFO - [main.py:201] - FisheyeTransformer
2026-03-08 10:06:56,627 - INFO - [main.py:201] - TritoneTransformer
2026-03-08 10:06:56,627 - INFO - [main.py:201] - FluidWarpTransformer
2026-03-08 10:06:56,627 - INFO - [main.py:201] - FlipWilsonTransformer
2026-03-08 10:06:56,627 - INFO - [main.py:201] - AnamorphicTransformer
2026-03-08 10:06:56,627 - INFO - [main.py:201] - XrayTransformer
2026-03-08 10:06:56,627 - INFO - [main.py:201] - DataMoshTransformer
2026-03-08 10:06:56,627 - INFO - [main.py:201] - WatercolorTransformer
2026-03-08 10:06:56,627 - INFO - [main.py:201] - MeltMorphTransformer
2026-03-08 10:06:56,627 - INFO - [main.py:201] - FractalWarpTransformer
2026-03-08 10:06:56,627 - INFO - [main.py:201] - HalftoneTransformer
2026-03-08 10:06:56,627 - INFO - [main.py:201] - GlitchWarpTransformer
2026-03-08 10:06:56,627 - INFO - [main.py:201] - RadialWarpTransformer
2026-03-08 10:06:56,627 - INFO - [main.py:201] - ThermalImagingTransformer
2026-03-08 10:06:56,627 - INFO - [main.py:201] - PosterizationTransformer
2026-03-08 10:06:56,628 - INFO - [main.py:244] - 30s@10:06 ✓
Accepted: 62
Rejected: 34
---
Wiki                       ->  5453ms
Nasa                       ->   851ms
GoesGenerator              ->   526ms
Bible                      ->   489ms
Cubes                      ->   461ms
NasaMapGenerator           ->   439ms
Lojong                     ->   305ms
KochSnowflake              ->   292ms
Bubbles                    ->   215ms
Hilbert                    ->    68ms
PeripheralDriftIllusion    ->    50ms
---
WheelTransformer           -> Min:   251ms | Avg:   251ms | Max:   251ms
FisheyeTransformer         -> Min:   128ms | Avg:   156ms | Max:   164ms
TritoneTransformer         -> Min:   138ms | Avg:   139ms | Max:   140ms
FluidWarpTransformer       -> Min:    58ms | Avg:   118ms | Max:   235ms
FlipWilsonTransformer      -> Min:   104ms | Avg:   105ms | Max:   111ms
AnamorphicTransformer      -> Min:     7ms | Avg:   100ms | Max:   322ms
XrayTransformer            -> Min:    64ms | Avg:    77ms | Max:    90ms
DataMoshTransformer        -> Min:    59ms | Avg:    71ms | Max:    96ms
WatercolorTransformer      -> Min:    30ms | Avg:    69ms | Max:   209ms
MeltMorphTransformer       -> Min:    68ms | Avg:    69ms | Max:    71ms
FractalWarpTransformer     -> Min:    49ms | Avg:    51ms | Max:    57ms
HalftoneTransformer        -> Min:    31ms | Avg:    31ms | Max:    31ms
GlitchWarpTransformer      -> Min:    27ms | Avg:    27ms | Max:    27ms
RadialWarpTransformer      -> Min:    13ms | Avg:    13ms | Max:    13ms
ThermalImagingTransformer  -> Min:     4ms | Avg:     9ms | Max:    14ms
PosterizationTransformer   -> Min:     4ms | Avg:     5ms | Max:     5ms
