2026-03-09 12:49:49,834 - INFO - [pipeline.py:51] - "RadialWarpTransformer","radius=0.25,strength=124.63679091906788,style=pull"
2026-03-09 12:49:49,883 - INFO - [pipeline.py:51] - "FractalWarpTransformer","iter=1,scale=0.05"
2026-03-09 12:49:49,944 - INFO - [pipeline.py:51] - "MeltMorphTransformer","intensity=0.50"
2026-03-09 12:49:50,013 - INFO - [pipeline.py:51] - "AnamorphicTransformer","intensity=0.0,0.2,0.4,0.6,0.8,thresh=95"
2026-03-09 12:49:50,030 - INFO - [pipeline.py:132] - [Grade: B] Saved to: /Users/kenfasano/Scripts/ScreenArt/Images/TransformedImages/bubbles_4-B.jpeg
2026-03-09 12:49:50,067 - INFO - [pipeline.py:51] - "GlitchWarpTransformer","intensity=0.01"
2026-03-09 12:49:50,105 - INFO - [pipeline.py:51] - "TritoneTransformer","highlight=#11d92f,mid=#618db3,shadow=#a9a8c5"
2026-03-09 12:49:50,121 - INFO - [pipeline.py:132] - [Grade: F] Saved to: /Users/kenfasano/Scripts/ScreenArt/Images/Rejected/bubbles_8-F.jpeg
2026-03-09 12:49:50,145 - INFO - [pipeline.py:51] - "ColormapTransformer","map=cool"
2026-03-09 12:49:50,176 - INFO - [pipeline.py:51] - "TritoneTransformer","highlight=#2db11c,mid=#b3a372,shadow=#78a062"
2026-03-09 12:49:50,192 - INFO - [pipeline.py:132] - [Grade: F] Saved to: /Users/kenfasano/Scripts/ScreenArt/Images/Rejected/bubbles_9-F.jpeg
2026-03-09 12:49:50,231 - INFO - [pipeline.py:51] - "TritoneTransformer","highlight=#01ae84,mid=#9df3b3,shadow=#ea704e"
2026-03-09 12:49:50,265 - INFO - [pipeline.py:51] - "HalftoneTransformer","size=1"
2026-03-09 12:49:50,312 - INFO - [pipeline.py:51] - "SwirlWarpTransformer","strength=1.50"
2026-03-09 12:49:50,329 - INFO - [pipeline.py:132] - [Grade: F] Saved to: /Users/kenfasano/Scripts/ScreenArt/Images/Rejected/bubbles_5-F.jpeg
2026-03-09 12:49:50,449 - INFO - [pipeline.py:51] - "XrayTransformer","colors=32"
2026-03-09 12:49:50,466 - INFO - [pipeline.py:132] - [Grade: F] Saved to: /Users/kenfasano/Scripts/ScreenArt/Images/Rejected/bubbles_2-F.jpeg
2026-03-09 12:49:50,485 - INFO - [pipeline.py:51] - "ColormapTransformer","map=ocean"
2026-03-09 12:49:50,512 - INFO - [pipeline.py:51] - "GlitchWarpTransformer","intensity=0.01"
2026-03-09 12:49:50,538 - INFO - [pipeline.py:51] - "ThermalImagingTransformer","thermal=True"
2026-03-09 12:49:50,555 - INFO - [pipeline.py:132] - [Grade: F] Saved to: /Users/kenfasano/Scripts/ScreenArt/Images/Rejected/bubbles_3-F.jpeg
2026-03-09 12:49:50,658 - INFO - [pipeline.py:51] - "WatercolorTransformer","scale=0.50,style=monet"
2026-03-09 12:49:50,676 - INFO - [pipeline.py:132] - [Grade: B] Saved to: /Users/kenfasano/Scripts/ScreenArt/Images/TransformedImages/bubbles_10-B.jpeg
2026-03-09 12:49:50,725 - INFO - [pipeline.py:51] - "FisheyeTransformer","shape=oval,strength=0.47,zoom=1.49"
2026-03-09 12:49:50,781 - INFO - [pipeline.py:51] - "AnamorphicTransformer","intensity=0.0,0.2,0.4,0.6,0.8,thresh=95"
2026-03-09 12:49:50,820 - INFO - [pipeline.py:51] - "FractalWarpTransformer","iter=1,scale=0.05"
2026-03-09 12:49:50,854 - INFO - [pipeline.py:51] - "HalftoneTransformer","size=1"
2026-03-09 12:49:50,871 - INFO - [pipeline.py:132] - [Grade: F] Saved to: /Users/kenfasano/Scripts/ScreenArt/Images/Rejected/bubbles_1-F.jpeg
2026-03-09 12:49:50,891 - INFO - [pipeline.py:51] - "ColormapTransformer","map=hot"
2026-03-09 12:49:50,910 - INFO - [pipeline.py:132] - [Grade: C] Saved to: /Users/kenfasano/Scripts/ScreenArt/Images/TransformedImages/bubbles_6-C.jpeg
2026-03-09 12:49:51,033 - INFO - [pipeline.py:51] - "FlipWilsonTransformer","keep=bottom_left,narrow=0.33"
2026-03-09 12:49:51,070 - INFO - [pipeline.py:51] - "DataMoshTransformer","intensity=0.01"
2026-03-09 12:49:51,102 - INFO - [pipeline.py:51] - "FluidWarpTransformer","alpha=2.74,sigma=2.56"
2026-03-09 12:49:51,121 - INFO - [pipeline.py:132] - [Grade: C] Saved to: /Users/kenfasano/Scripts/ScreenArt/Images/TransformedImages/bubbles_7-C.jpeg
2026-03-09 12:49:51,166 - INFO - [pipeline.py:51] - "DataMoshTransformer","intensity=0.01"
2026-03-09 12:49:51,290 - INFO - [pipeline.py:51] - "FlipWilsonTransformer","keep=bottom_left,narrow=0.33"
2026-03-09 12:49:51,311 - INFO - [pipeline.py:132] - [Grade: F] Saved to: /Users/kenfasano/Scripts/ScreenArt/Images/Rejected/cubes_2-F.jpeg
2026-03-09 12:49:51,372 - INFO - [pipeline.py:51] - "AnamorphicTransformer","intensity=0.0,0.2,0.4,0.6,0.8,thresh=95"
2026-03-09 12:49:51,456 - INFO - [pipeline.py:51] - "DuotoneTransformer","highlight=#f207ed,shadow=#9b50ca"
2026-03-09 12:49:51,472 - INFO - [pipeline.py:132] - [Grade: C] Saved to: /Users/kenfasano/Scripts/ScreenArt/Images/TransformedImages/cubes_3-C.jpeg
2026-03-09 12:49:51,655 - INFO - [pipeline.py:51] - "WheelTransformer","blend=lighter,copies=5"
2026-03-09 12:49:51,673 - INFO - [pipeline.py:132] - [Grade: B] Saved to: /Users/kenfasano/Scripts/ScreenArt/Images/TransformedImages/cubes_4-B.jpeg
2026-03-09 12:49:51,707 - INFO - [pipeline.py:51] - "ThermalImagingTransformer","thermal=True"
2026-03-09 12:49:51,724 - INFO - [pipeline.py:51] - "RadialWarpTransformer","radius=0.25,strength=47.31330725958454,style=push"
2026-03-09 12:49:51,725 - INFO - [pipeline.py:51] - "InvertRGBTransformer","invert=True"
2026-03-09 12:49:51,747 - INFO - [pipeline.py:51] - "FisheyeTransformer","shape=oval,strength=0.48,zoom=1.22"
2026-03-09 12:49:51,762 - INFO - [pipeline.py:132] - [Grade: F] Saved to: /Users/kenfasano/Scripts/ScreenArt/Images/Rejected/cubes_5-F.jpeg
2026-03-09 12:49:51,800 - INFO - [pipeline.py:51] - "HalftoneTransformer","size=1"
2026-03-09 12:49:51,834 - INFO - [pipeline.py:51] - "FractalWarpTransformer","iter=1,scale=0.05"
2026-03-09 12:49:51,869 - INFO - [pipeline.py:51] - "DataMoshTransformer","intensity=0.01"
2026-03-09 12:49:51,884 - INFO - [pipeline.py:132] - [Grade: F] Saved to: /Users/kenfasano/Scripts/ScreenArt/Images/Rejected/cubes_6-F.jpeg
2026-03-09 12:49:51,908 - INFO - [pipeline.py:51] - "RadialWarpTransformer","radius=0.25,strength=38.89380942506569,style=push"
2026-03-09 12:49:51,930 - INFO - [pipeline.py:51] - "FisheyeTransformer","shape=circle,strength=0.66,zoom=1.13"
2026-03-09 12:49:51,963 - INFO - [pipeline.py:51] - "FractalWarpTransformer","iter=1,scale=0.05"
2026-03-09 12:49:51,968 - INFO - [pipeline.py:51] - "PosterizationTransformer","levels=2"
2026-03-09 12:49:51,983 - INFO - [pipeline.py:132] - [Grade: F] Saved to: /Users/kenfasano/Scripts/ScreenArt/Images/Rejected/cubes_1-F.jpeg
2026-03-09 12:49:51,992 - INFO - [pipeline.py:51] - "TritoneTransformer","highlight=#4cb325,mid=#34da62,shadow=#22614a"
2026-03-09 12:49:51,995 - INFO - [pipeline.py:132] - [Grade: F] Saved to: /Users/kenfasano/Scripts/ScreenArt/Images/Rejected/tse2006landscape_heinsius_c38-F.jpg
2026-03-09 12:49:52,013 - INFO - [pipeline.py:51] - "FractalWarpTransformer","iter=1,scale=0.05"
2026-03-09 12:49:52,037 - INFO - [pipeline.py:51] - "AnamorphicTransformer","intensity=0.0,0.2,0.4,0.6,0.8,thresh=95"
2026-03-09 12:49:52,041 - INFO - [pipeline.py:51] - "RadialWarpTransformer","radius=0.25,strength=,style="
2026-03-09 12:49:52,059 - INFO - [pipeline.py:51] - "MeltMorphTransformer","intensity=0.50"
2026-03-09 12:49:52,065 - INFO - [pipeline.py:132] - [Grade: F] Saved to: /Users/kenfasano/Scripts/ScreenArt/Images/Rejected/Horsehead_CFHT_960-F.jpg
2026-03-09 12:49:52,084 - INFO - [pipeline.py:51] - "MeltMorphTransformer","intensity=0.50"
2026-03-09 12:49:52,094 - INFO - [pipeline.py:51] - "FractalWarpTransformer","iter=1,scale=0.05"
2026-03-09 12:49:52,100 - INFO - [pipeline.py:132] - [Grade: A] Saved to: /Users/kenfasano/Scripts/ScreenArt/Images/TransformedImages/Hverir_Vetter_960-A.jpg
2026-03-09 12:49:52,106 - INFO - [pipeline.py:51] - "HalftoneTransformer","size=1"
2026-03-09 12:49:52,107 - INFO - [pipeline.py:51] - "PosterizationTransformer","levels=2"
2026-03-09 12:49:52,110 - INFO - [pipeline.py:132] - [Grade: F] Saved to: /Users/kenfasano/Scripts/ScreenArt/Images/Rejected/eislandnight_galfalk-F.jpg
2026-03-09 12:49:52,119 - INFO - [pipeline.py:51] - "TritoneTransformer","highlight=#2b7ba6,mid=#67b155,shadow=#ab1d2b"
2026-03-09 12:49:52,122 - INFO - [pipeline.py:132] - [Grade: F] Saved to: /Users/kenfasano/Scripts/ScreenArt/Images/Rejected/foxfur_cfht_c700-F.jpg
2026-03-09 12:49:52,149 - INFO - [pipeline.py:51] - "FluidWarpTransformer","alpha=19.13,sigma=4.66"
2026-03-09 12:49:52,156 - INFO - [pipeline.py:132] - [Grade: F] Saved to: /Users/kenfasano/Scripts/ScreenArt/Images/Rejected/20231023_orionids_in_taurus_1024c-F.jpg
2026-03-09 12:49:52,197 - INFO - [pipeline.py:51] - "XrayTransformer","colors=1"
2026-03-09 12:49:52,200 - INFO - [pipeline.py:51] - "ColormapTransformer","map=autumn"
2026-03-09 12:49:52,205 - INFO - [pipeline.py:132] - [Grade: F] Saved to: /Users/kenfasano/Scripts/ScreenArt/Images/Rejected/dippers_lodriguss_960-F.jpg
2026-03-09 12:49:52,224 - INFO - [pipeline.py:51] - "DataMoshTransformer","intensity=0.01"
2026-03-09 12:49:52,232 - INFO - [pipeline.py:51] - "FisheyeTransformer","shape=oval,strength=0.27,zoom=1.41"
2026-03-09 12:49:52,240 - INFO - [pipeline.py:132] - [Grade: A] Saved to: /Users/kenfasano/Scripts/ScreenArt/Images/TransformedImages/Europa_Galileo_960-A.jpg
2026-03-09 12:49:52,247 - INFO - [pipeline.py:51] - "RadialWarpTransformer","radius=0.25,strength=123.63566425444829,style=push"
2026-03-09 12:49:52,251 - INFO - [pipeline.py:132] - [Grade: C] Saved to: /Users/kenfasano/Scripts/ScreenArt/Images/TransformedImages/tarantula_hst-C.jpg
2026-03-09 12:49:52,267 - INFO - [pipeline.py:51] - "TritoneTransformer","highlight=#fbb153,mid=#201b1d,shadow=#7672ab"
2026-03-09 12:49:52,306 - INFO - [pipeline.py:51] - "FlipWilsonTransformer","keep=bottom_left,narrow=0.33"
2026-03-09 12:49:52,314 - INFO - [pipeline.py:51] - "FisheyeTransformer","shape=oval,strength=0.22,zoom=1.48"
2026-03-09 12:49:52,320 - INFO - [pipeline.py:132] - [Grade: F] Saved to: /Users/kenfasano/Scripts/ScreenArt/Images/Rejected/ngc7822_WISEantonucci_1080c-F.jpg
2026-03-09 12:49:52,389 - INFO - [pipeline.py:51] - "AnamorphicTransformer","intensity=0.0,0.2,0.4,0.6,0.8,thresh=95"
2026-03-09 12:49:52,406 - INFO - [pipeline.py:132] - [Grade: F] Saved to: /Users/kenfasano/Scripts/ScreenArt/Images/Rejected/nasa_earth_1_Dhaka_True_Color-F.jpeg
2026-03-09 12:49:52,431 - INFO - [pipeline.py:51] - "FisheyeTransformer","shape=oval,strength=0.46,zoom=1.01"
2026-03-09 12:49:52,507 - INFO - [pipeline.py:51] - "FlipWilsonTransformer","keep=bottom_left,narrow=0.33"
2026-03-09 12:49:52,615 - INFO - [pipeline.py:51] - "XrayTransformer","colors=1"
2026-03-09 12:49:52,626 - INFO - [pipeline.py:132] - [Grade: F] Saved to: /Users/kenfasano/Scripts/ScreenArt/Images/Rejected/noaa_goes_1_se_Fire_Temperature-F.jpeg
2026-03-09 12:49:52,853 - INFO - [pipeline.py:51] - "WheelTransformer","blend=lighter,copies=5"
2026-03-09 12:49:52,881 - INFO - [pipeline.py:132] - [Grade: A] Saved to: /Users/kenfasano/Scripts/ScreenArt/Images/TransformedImages/20210611-A.jpeg
2026-03-09 12:49:52,943 - INFO - [pipeline.py:51] - "HalftoneTransformer","size=1"
2026-03-09 12:49:52,964 - INFO - [pipeline.py:132] - [Grade: F] Saved to: /Users/kenfasano/Scripts/ScreenArt/Images/Rejected/Espergær-F.jpeg
2026-03-09 12:49:53,010 - INFO - [pipeline.py:51] - "FisheyeTransformer","shape=oval,strength=0.62,zoom=0.70"
2026-03-09 12:49:53,053 - INFO - [pipeline.py:51] - "DataMoshTransformer","intensity=0.01"
2026-03-09 12:49:53,084 - INFO - [pipeline.py:51] - "GlitchWarpTransformer","intensity=0.01"
2026-03-09 12:49:53,153 - INFO - [pipeline.py:51] - "AnamorphicTransformer","intensity=0.0,0.2,0.4,0.6,0.8,thresh=95"
2026-03-09 12:49:53,174 - INFO - [pipeline.py:132] - [Grade: C] Saved to: /Users/kenfasano/Scripts/ScreenArt/Images/TransformedImages/20170727-C.jpeg
2026-03-09 12:49:53,205 - INFO - [pipeline.py:51] - "ColormapTransformer","map=bone"
2026-03-09 12:49:53,244 - INFO - [pipeline.py:51] - "ThermalImagingTransformer","thermal=True"
2026-03-09 12:49:53,296 - INFO - [pipeline.py:51] - "HalftoneTransformer","size=1"
2026-03-09 12:49:53,542 - INFO - [pipeline.py:51] - "WheelTransformer","blend=lighter,copies=5"
2026-03-09 12:49:53,565 - INFO - [pipeline.py:132] - [Grade: F] Saved to: /Users/kenfasano/Scripts/ScreenArt/Images/Rejected/Diaposit-F.jpeg
2026-03-09 12:49:53,567 - INFO - [pipeline.py:51] - "SwirlWarpTransformer","strength=1.50"
2026-03-09 12:49:53,568 - INFO - [pipeline.py:132] - [Grade: F] Saved to: /Users/kenfasano/Scripts/ScreenArt/Images/Rejected/Transformation_-F.jpeg
2026-03-09 12:49:53,573 - INFO - [pipeline.py:51] - "GlitchWarpTransformer","intensity=0.01"
2026-03-09 12:49:53,579 - INFO - [pipeline.py:51] - "SwirlWarpTransformer","strength=1.50"
2026-03-09 12:49:53,582 - INFO - [pipeline.py:51] - "ThermalImagingTransformer","thermal=True"
2026-03-09 12:49:53,585 - INFO - [pipeline.py:132] - [Grade: A] Saved to: /Users/kenfasano/Scripts/ScreenArt/Images/TransformedImages/Laxford_Bay_-_g-A.jpeg
2026-03-09 12:49:53,627 - INFO - [pipeline.py:51] - "DataMoshTransformer","intensity=0.01"
2026-03-09 12:49:53,686 - INFO - [pipeline.py:51] - "AnamorphicTransformer","intensity=0.0,0.2,0.4,0.6,0.8,thresh=95"
2026-03-09 12:49:53,738 - INFO - [pipeline.py:51] - "MeltMorphTransformer","intensity=0.50"
2026-03-09 12:49:53,754 - INFO - [pipeline.py:132] - [Grade: A] Saved to: /Users/kenfasano/Scripts/ScreenArt/Images/TransformedImages/lojong_2-A.jpeg
2026-03-09 12:49:53,844 - INFO - [pipeline.py:51] - "DuotoneTransformer","highlight=#e192fe,shadow=#7a0ff7"
2026-03-09 12:49:54,018 - INFO - [pipeline.py:51] - "WheelTransformer","blend=lighter,copies=5"
2026-03-09 12:49:54,047 - INFO - [pipeline.py:51] - "ThermalImagingTransformer","thermal=True"
2026-03-09 12:49:54,064 - INFO - [pipeline.py:132] - [Grade: B] Saved to: /Users/kenfasano/Scripts/ScreenArt/Images/TransformedImages/lojong_3-B.jpeg
2026-03-09 12:49:54,244 - INFO - [pipeline.py:51] - "WheelTransformer","blend=lighter,copies=5"
2026-03-09 12:49:54,245 - INFO - [pipeline.py:51] - "InvertRGBTransformer","invert=True"
2026-03-09 12:49:54,279 - INFO - [pipeline.py:51] - "FractalWarpTransformer","iter=1,scale=0.05"
2026-03-09 12:49:54,351 - INFO - [pipeline.py:51] - "XrayTransformer","colors=1"
2026-03-09 12:49:54,366 - INFO - [pipeline.py:132] - [Grade: F] Saved to: /Users/kenfasano/Scripts/ScreenArt/Images/Rejected/lojong_8-F.jpeg
2026-03-09 12:49:54,431 - INFO - [pipeline.py:51] - "XrayTransformer","colors=2"
2026-03-09 12:49:54,467 - INFO - [pipeline.py:51] - "DataMoshTransformer","intensity=0.01"
2026-03-09 12:49:54,497 - INFO - [pipeline.py:51] - "HalftoneTransformer","size=1"
2026-03-09 12:49:54,512 - INFO - [pipeline.py:132] - [Grade: F] Saved to: /Users/kenfasano/Scripts/ScreenArt/Images/Rejected/lojong_4-F.jpeg
2026-03-09 12:49:54,575 - INFO - [pipeline.py:51] - "FluidWarpTransformer","alpha=3.55,sigma=10.32"
2026-03-09 12:49:54,592 - INFO - [pipeline.py:132] - [Grade: F] Saved to: /Users/kenfasano/Scripts/ScreenArt/Images/Rejected/lojong_5-F.jpeg
2026-03-09 12:49:54,635 - INFO - [pipeline.py:51] - "DataMoshTransformer","intensity=0.01"
2026-03-09 12:49:54,639 - INFO - [pipeline.py:51] - "PosterizationTransformer","levels=2"
2026-03-09 12:49:54,655 - INFO - [pipeline.py:132] - [Grade: F] Saved to: /Users/kenfasano/Scripts/ScreenArt/Images/Rejected/lojong_9-F.jpeg
2026-03-09 12:49:54,837 - INFO - [pipeline.py:51] - "WheelTransformer","blend=lighter,copies=5"
2026-03-09 12:49:54,838 - INFO - [pipeline.py:51] - "InvertRGBTransformer","invert=True"
2026-03-09 12:49:54,850 - INFO - [pipeline.py:51] - "RadialWarpTransformer","radius=0.25,strength=,style="
2026-03-09 12:49:54,861 - INFO - [pipeline.py:51] - "ColormapTransformer","map=rainbow"
2026-03-09 12:49:54,877 - INFO - [pipeline.py:132] - [Grade: F] Saved to: /Users/kenfasano/Scripts/ScreenArt/Images/Rejected/lojong_6-F.jpeg
2026-03-09 12:49:54,935 - INFO - [pipeline.py:51] - "MeltMorphTransformer","intensity=0.50"
2026-03-09 12:49:54,966 - INFO - [pipeline.py:51] - "ThreeDExtrusionTransformer","ambient=0.52,intensity=0.50"
2026-03-09 12:49:55,139 - INFO - [pipeline.py:51] - "WheelTransformer","blend=lighter,copies=5"
2026-03-09 12:49:55,168 - INFO - [pipeline.py:51] - "TritoneTransformer","highlight=#9b2969,mid=#19003a,shadow=#28808c"
2026-03-09 12:49:55,185 - INFO - [pipeline.py:132] - [Grade: F] Saved to: /Users/kenfasano/Scripts/ScreenArt/Images/Rejected/lojong_7-F.jpeg
2026-03-09 12:49:55,234 - INFO - [pipeline.py:51] - "SwirlWarpTransformer","strength=1.50"
2026-03-09 12:49:55,295 - INFO - [pipeline.py:51] - "AnamorphicTransformer","intensity=0.0,0.2,0.4,0.6,0.8,thresh=95"
2026-03-09 12:49:55,311 - INFO - [pipeline.py:132] - [Grade: F] Saved to: /Users/kenfasano/Scripts/ScreenArt/Images/Rejected/lojong_0-F.jpeg
2026-03-09 12:49:55,333 - INFO - [pipeline.py:51] - "RadialWarpTransformer","radius=0.25,strength=116.41131206130173,style=pull"
2026-03-09 12:49:55,416 - INFO - [pipeline.py:51] - "DuotoneTransformer","highlight=#530d99,shadow=#f634a0"
2026-03-09 12:49:55,432 - INFO - [pipeline.py:132] - [Grade: F] Saved to: /Users/kenfasano/Scripts/ScreenArt/Images/Rejected/lojong_1-F.jpeg
2026-03-09 12:49:55,492 - INFO - [pipeline.py:51] - "MeltMorphTransformer","intensity=0.50"
2026-03-09 12:49:55,508 - INFO - [pipeline.py:132] - [Grade: F] Saved to: /Users/kenfasano/Scripts/ScreenArt/Images/Rejected/psalms_56-F.jpeg
2026-03-09 12:49:55,597 - INFO - [pipeline.py:51] - "DuotoneTransformer","highlight=#21124c,shadow=#ca1911"
2026-03-09 12:49:55,613 - INFO - [pipeline.py:132] - [Grade: F] Saved to: /Users/kenfasano/Scripts/ScreenArt/Images/Rejected/psalms_126-F.jpeg
2026-03-09 12:49:55,649 - INFO - [pipeline.py:51] - "TritoneTransformer","highlight=#5f0310,mid=#b6c0bb,shadow=#5f9f2f"
2026-03-09 12:49:55,695 - INFO - [pipeline.py:51] - "XrayTransformer","colors=1"
2026-03-09 12:49:55,722 - INFO - [pipeline.py:51] - "ThermalImagingTransformer","thermal=True"
2026-03-09 12:49:55,737 - INFO - [pipeline.py:132] - [Grade: F] Saved to: /Users/kenfasano/Scripts/ScreenArt/Images/Rejected/psalms_137-F.jpeg
2026-03-09 12:49:55,750 - INFO - [pipeline.py:51] - "PosterizationTransformer","levels=2"
2026-03-09 12:49:55,765 - INFO - [pipeline.py:132] - [Grade: F] Saved to: /Users/kenfasano/Scripts/ScreenArt/Images/Rejected/psalms_141-F.jpeg
2026-03-09 12:49:55,835 - INFO - [pipeline.py:51] - "FluidWarpTransformer","alpha=17.97,sigma=12.78"
2026-03-09 12:49:55,941 - INFO - [pipeline.py:51] - "FlipWilsonTransformer","keep=bottom_left,narrow=0.33"
2026-03-09 12:49:55,959 - INFO - [pipeline.py:132] - [Grade: F] Saved to: /Users/kenfasano/Scripts/ScreenArt/Images/Rejected/psalms_87-F.jpeg
2026-03-09 12:49:55,991 - INFO - [pipeline.py:51] - "ThermalImagingTransformer","thermal=True"
2026-03-09 12:49:56,007 - INFO - [pipeline.py:132] - [Grade: F] Saved to: /Users/kenfasano/Scripts/ScreenArt/Images/Rejected/psalms_53-F.jpeg
2026-03-09 12:49:56,044 - INFO - [pipeline.py:51] - "GlitchWarpTransformer","intensity=0.01"
2026-03-09 12:49:56,073 - INFO - [pipeline.py:51] - "HalftoneTransformer","size=1"
2026-03-09 12:49:56,089 - INFO - [pipeline.py:132] - [Grade: F] Saved to: /Users/kenfasano/Scripts/ScreenArt/Images/Rejected/psalms_102-F.jpeg
2026-03-09 12:49:56,179 - INFO - [pipeline.py:51] - "DuotoneTransformer","highlight=#410ced,shadow=#895ba5"
2026-03-09 12:49:56,257 - INFO - [pipeline.py:51] - "WatercolorTransformer","scale=0.50,style=monet"
2026-03-09 12:49:56,325 - INFO - [pipeline.py:51] - "FluidWarpTransformer","alpha=3.06,sigma=13.62"
2026-03-09 12:49:56,381 - INFO - [pipeline.py:51] - "AnamorphicTransformer","intensity=0.0,0.2,0.4,0.6,0.8,thresh=95"
2026-03-09 12:49:56,398 - INFO - [pipeline.py:132] - [Grade: A] Saved to: /Users/kenfasano/Scripts/ScreenArt/Images/TransformedImages/psalms_39-A.jpeg
2026-03-09 12:49:56,433 - INFO - [pipeline.py:51] - "ThreeDExtrusionTransformer","ambient=0.89,intensity=0.50"
2026-03-09 12:49:56,460 - INFO - [pipeline.py:51] - "GlitchWarpTransformer","intensity=0.01"
2026-03-09 12:49:56,489 - INFO - [pipeline.py:51] - "TritoneTransformer","highlight=#009e26,mid=#5f6bc5,shadow=#72f96c"
2026-03-09 12:49:56,565 - INFO - [pipeline.py:51] - "WatercolorTransformer","scale=0.50,style=psychedelic"
2026-03-09 12:49:56,580 - INFO - [pipeline.py:132] - [Grade: F] Saved to: /Users/kenfasano/Scripts/ScreenArt/Images/Rejected/psalms_133-F.jpeg
2026-03-09 12:49:56,688 - INFO - [pipeline.py:51] - "FlipWilsonTransformer","keep=bottom_left,narrow=0.33"
2026-03-09 12:49:56,704 - INFO - [pipeline.py:132] - [Grade: F] Saved to: /Users/kenfasano/Scripts/ScreenArt/Images/Rejected/psalms_128-F.jpeg
2026-03-09 12:49:56,720 - INFO - [pipeline.py:51] - "SwirlWarpTransformer","strength=1.50"
2026-03-09 12:49:56,729 - INFO - [pipeline.py:51] - "GlitchWarpTransformer","intensity=0.01"
2026-03-09 12:49:56,745 - INFO - [pipeline.py:51] - "AnamorphicTransformer","intensity=0.0,0.2,0.4,0.6,0.8,thresh=95"
2026-03-09 12:49:56,777 - INFO - [pipeline.py:51] - "FlipWilsonTransformer","keep=bottom_left,narrow=0.33"
2026-03-09 12:49:56,783 - INFO - [pipeline.py:132] - [Grade: A] Saved to: /Users/kenfasano/Scripts/ScreenArt/Images/TransformedImages/peripheral_drift_2-A.jpeg
2026-03-09 12:49:56,819 - INFO - [pipeline.py:51] - "FlipWilsonTransformer","keep=bottom_left,narrow=0.33"
2026-03-09 12:49:56,825 - INFO - [pipeline.py:51] - "FisheyeTransformer","shape=circle,strength=0.65,zoom=1.33"
2026-03-09 12:49:56,834 - INFO - [pipeline.py:51] - "HalftoneTransformer","size=1"
2026-03-09 12:49:56,839 - INFO - [pipeline.py:132] - [Grade: F] Saved to: /Users/kenfasano/Scripts/ScreenArt/Images/Rejected/peripheral_drift_3-F.jpeg
2026-03-09 12:49:56,846 - INFO - [pipeline.py:51] - "ColormapTransformer","map=summer"
2026-03-09 12:49:56,852 - INFO - [pipeline.py:132] - [Grade: A] Saved to: /Users/kenfasano/Scripts/ScreenArt/Images/TransformedImages/peripheral_drift_1-A.jpeg
2026-03-09 12:49:56,962 - INFO - [pipeline.py:51] - "XrayTransformer","colors=8"
2026-03-09 12:49:56,991 - INFO - [pipeline.py:51] - "TritoneTransformer","highlight=#3801f9,mid=#db5d48,shadow=#29b536"
2026-03-09 12:49:56,995 - INFO - [pipeline.py:51] - "PosterizationTransformer","levels=2"
2026-03-09 12:49:57,010 - INFO - [pipeline.py:132] - [Grade: F] Saved to: /Users/kenfasano/Scripts/ScreenArt/Images/Rejected/koch_snowflake_4_4-F.jpeg
2026-03-09 12:49:57,028 - INFO - [pipeline.py:51] - "ColormapTransformer","map=hot"
2026-03-09 12:49:57,058 - INFO - [pipeline.py:51] - "ThreeDExtrusionTransformer","ambient=0.06,intensity=0.50"
2026-03-09 12:49:57,110 - INFO - [pipeline.py:51] - "MeltMorphTransformer","intensity=0.50"
2026-03-09 12:49:57,139 - INFO - [pipeline.py:51] - "TritoneTransformer","highlight=#f42d0f,mid=#f9f4ef,shadow=#5cffaf"
2026-03-09 12:49:57,154 - INFO - [pipeline.py:132] - [Grade: F] Saved to: /Users/kenfasano/Scripts/ScreenArt/Images/Rejected/koch_snowflake_4_5-F.jpeg
2026-03-09 12:49:57,195 - INFO - [pipeline.py:51] - "FractalWarpTransformer","iter=1,scale=0.05"
2026-03-09 12:49:57,211 - INFO - [pipeline.py:132] - [Grade: A] Saved to: /Users/kenfasano/Scripts/ScreenArt/Images/TransformedImages/koch_snowflake_4_2-A.jpeg
2026-03-09 12:49:57,243 - INFO - [pipeline.py:51] - "ThermalImagingTransformer","thermal=True"
2026-03-09 12:49:57,254 - INFO - [pipeline.py:51] - "ColormapTransformer","map=bone"
2026-03-09 12:49:57,275 - INFO - [pipeline.py:51] - "RadialWarpTransformer","radius=0.25,strength=61.591112577467314,style=pull"
2026-03-09 12:49:57,307 - INFO - [pipeline.py:51] - "ThreeDExtrusionTransformer","ambient=0.14,intensity=0.50"
2026-03-09 12:49:57,323 - INFO - [pipeline.py:132] - [Grade: F] Saved to: /Users/kenfasano/Scripts/ScreenArt/Images/Rejected/koch_snowflake_4_3-F.jpeg
2026-03-09 12:49:57,412 - INFO - [pipeline.py:51] - "DuotoneTransformer","highlight=#458216,shadow=#ebdae2"
2026-03-09 12:49:57,413 - INFO - [pipeline.py:51] - "InvertRGBTransformer","invert=True"
2026-03-09 12:49:57,440 - INFO - [pipeline.py:51] - "GlitchWarpTransformer","intensity=0.01"
2026-03-09 12:49:57,542 - INFO - [pipeline.py:51] - "FlipWilsonTransformer","keep=bottom_left,narrow=0.33"
2026-03-09 12:49:57,557 - INFO - [pipeline.py:132] - [Grade: F] Saved to: /Users/kenfasano/Scripts/ScreenArt/Images/Rejected/koch_snowflake_4_1-F.jpeg
2026-03-09 12:49:57,596 - INFO - [pipeline.py:51] - "ThreeDExtrusionTransformer","ambient=0.63,intensity=0.50"
2026-03-09 12:49:57,607 - INFO - [pipeline.py:51] - "ColormapTransformer","map=hot"
2026-03-09 12:49:57,620 - INFO - [pipeline.py:51] - "RadialWarpTransformer","radius=0.25,strength=,style="
2026-03-09 12:49:57,637 - INFO - [pipeline.py:132] - [Grade: F] Saved to: /Users/kenfasano/Scripts/ScreenArt/Images/Rejected/hilbert_5-F.jpg
2026-03-09 12:49:57,708 - INFO - [pipeline.py:51] - "AnamorphicTransformer","intensity=0.0,0.2,0.4,0.6,0.8,thresh=95"
2026-03-09 12:49:57,721 - INFO - [pipeline.py:51] - "RadialWarpTransformer","radius=0.25,strength=,style="
2026-03-09 12:49:57,799 - INFO - [pipeline.py:51] - "FluidWarpTransformer","alpha=19.08,sigma=16.79"
2026-03-09 12:49:57,833 - INFO - [pipeline.py:51] - "FractalWarpTransformer","iter=1,scale=0.05"
2026-03-09 12:49:57,848 - INFO - [pipeline.py:132] - [Grade: C] Saved to: /Users/kenfasano/Scripts/ScreenArt/Images/TransformedImages/hilbert_4-C.jpg
2026-03-09 12:49:57,869 - INFO - [pipeline.py:51] - "RadialWarpTransformer","radius=0.25,strength=,style="
2026-03-09 12:49:57,936 - INFO - [pipeline.py:51] - "AnamorphicTransformer","intensity=0.0,0.2,0.4,0.6,0.8,thresh=95"
2026-03-09 12:49:57,953 - INFO - [pipeline.py:132] - [Grade: F] Saved to: /Users/kenfasano/Scripts/ScreenArt/Images/Rejected/hilbert_1-F.jpg
2026-03-09 12:49:57,990 - INFO - [pipeline.py:51] - "TritoneTransformer","highlight=#e18861,mid=#93f4db,shadow=#c953e3"
2026-03-09 12:49:58,005 - INFO - [pipeline.py:132] - [Grade: F] Saved to: /Users/kenfasano/Scripts/ScreenArt/Images/Rejected/hilbert_3-F.jpg
2026-03-09 12:49:58,032 - INFO - [pipeline.py:51] - "RadialWarpTransformer","radius=0.25,strength=65.9610691289149,style=pull"
2026-03-09 12:49:58,050 - INFO - [pipeline.py:132] - [Grade: F] Saved to: /Users/kenfasano/Scripts/ScreenArt/Images/Rejected/hilbert_2-F.jpg
2026-03-09 12:49:58,051 - INFO - [main.py:197] - WheelTransformer
2026-03-09 12:49:58,051 - INFO - [main.py:197] - DuotoneTransformer
2026-03-09 12:49:58,051 - INFO - [main.py:197] - WatercolorTransformer
2026-03-09 12:49:58,051 - INFO - [main.py:197] - FlipWilsonTransformer
2026-03-09 12:49:58,051 - INFO - [main.py:197] - XrayTransformer
2026-03-09 12:49:58,051 - INFO - [main.py:197] - AnamorphicTransformer
2026-03-09 12:49:58,051 - INFO - [main.py:197] - FluidWarpTransformer
2026-03-09 12:49:58,051 - INFO - [main.py:197] - MeltMorphTransformer
2026-03-09 12:49:58,051 - INFO - [main.py:197] - DataMoshTransformer
2026-03-09 12:49:58,051 - INFO - [main.py:197] - FractalWarpTransformer
2026-03-09 12:49:58,051 - INFO - [main.py:197] - ThreeDExtrusionTransformer
2026-03-09 12:49:58,051 - INFO - [main.py:197] - HalftoneTransformer
2026-03-09 12:49:58,051 - INFO - [main.py:197] - ThermalImagingTransformer
2026-03-09 12:49:58,051 - INFO - [main.py:197] - TritoneTransformer
2026-03-09 12:49:58,051 - INFO - [main.py:197] - GlitchWarpTransformer
2026-03-09 12:49:58,051 - INFO - [main.py:197] - SwirlWarpTransformer
2026-03-09 12:49:58,051 - INFO - [main.py:197] - FisheyeTransformer
2026-03-09 12:49:58,051 - INFO - [main.py:197] - RadialWarpTransformer
2026-03-09 12:49:58,051 - INFO - [main.py:197] - ColormapTransformer
2026-03-09 12:49:58,051 - INFO - [main.py:197] - PosterizationTransformer
2026-03-09 12:49:58,051 - INFO - [main.py:197] - InvertRGBTransformer
2026-03-09 12:49:58,051 - INFO - [main.py:240] - 14s@12:49 ✓
Accepted: 19
Rejected: 48
---
Wiki                       ->  3228ms
Nasa                       ->   796ms
Cubes                      ->   559ms
GoesGenerator              ->   510ms
Bible                      ->   425ms
Lojong                     ->   328ms
KochSnowflake              ->   315ms
Bubbles                    ->   297ms
Hilbert                    ->    67ms
NasaMapGenerator           ->    47ms
PeripheralDriftIllusion    ->    41ms
---
WheelTransformer           -> Min:   173ms | Avg:   190ms | Max:   246ms
DuotoneTransformer         -> Min:    83ms | Avg:    83ms | Max:    83ms
WatercolorTransformer      -> Min:    75ms | Avg:    83ms | Max:    94ms
FlipWilsonTransformer      -> Min:    32ms | Avg:    81ms | Max:   123ms
XrayTransformer            -> Min:    37ms | Avg:    77ms | Max:   112ms
AnamorphicTransformer      -> Min:    17ms | Avg:    54ms | Max:    69ms
FluidWarpTransformer       -> Min:    13ms | Avg:    52ms | Max:    78ms
MeltMorphTransformer       -> Min:    16ms | Avg:    43ms | Max:    62ms
DataMoshTransformer        -> Min:    14ms | Avg:    34ms | Max:    43ms
FractalWarpTransformer     -> Min:    10ms | Avg:    31ms | Max:    48ms
ThreeDExtrusionTransformer -> Min:    30ms | Avg:    30ms | Max:    32ms
HalftoneTransformer        -> Min:     4ms | Avg:    30ms | Max:    51ms
ThermalImagingTransformer  -> Min:     3ms | Avg:    25ms | Max:    39ms
TritoneTransformer         -> Min:     6ms | Avg:    25ms | Max:    38ms
GlitchWarpTransformer      -> Min:     4ms | Avg:    22ms | Max:    32ms
SwirlWarpTransformer       -> Min:     2ms | Avg:    22ms | Max:    47ms
FisheyeTransformer         -> Min:     6ms | Avg:    20ms | Max:    41ms
RadialWarpTransformer      -> Min:     4ms | Avg:    14ms | Max:    26ms
ColormapTransformer        -> Min:     3ms | Avg:    11ms | Max:    19ms
PosterizationTransformer   -> Min:     1ms | Avg:     4ms | Max:     5ms
InvertRGBTransformer       -> Min:     1ms | Avg:     1ms | Max:     1ms
