2026-03-15 10:25:09,399 - INFO - [pipeline.py:136] - "PixelSortTransformer","direction=cols,high=0.92,low=0.07,sort_key=red"
2026-03-15 10:25:09,415 - INFO - [pipeline.py:136] - "ColormapTransformer","map=bone"
2026-03-15 10:25:09,434 - INFO - [pipeline.py:248] - [Grade: A] Saved to: /Users/kenfasano/Scripts/ScreenArt/Images/TransformedImages/bubbles_4-A.jpeg
2026-03-15 10:25:09,471 - INFO - [pipeline.py:136] - "GlitchWarpTransformer","intensity=0.01"
2026-03-15 10:25:09,484 - INFO - [pipeline.py:136] - "ColormapTransformer","map=bone"
2026-03-15 10:25:09,526 - INFO - [pipeline.py:136] - "SwirlWarpTransformer","strength=1.50"
2026-03-15 10:25:09,561 - INFO - [pipeline.py:136] - "FractalWarpTransformer","iter=1,scale=0.05"
2026-03-15 10:25:09,578 - INFO - [pipeline.py:248] - [Grade: A] Saved to: /Users/kenfasano/Scripts/ScreenArt/Images/TransformedImages/bubbles_8-A.jpeg
2026-03-15 10:25:09,629 - INFO - [pipeline.py:136] - "DataMoshTransformer","intensity=0.02"
2026-03-15 10:25:09,657 - INFO - [pipeline.py:136] - "GlitchWarpTransformer","intensity=0.01"
2026-03-15 10:25:09,691 - INFO - [pipeline.py:136] - "FractalWarpTransformer","iter=1,scale=0.05"
2026-03-15 10:25:09,730 - INFO - [pipeline.py:136] - "ThermalImagingTransformer","thermal=True"
2026-03-15 10:25:09,750 - INFO - [pipeline.py:248] - [Grade: A] Saved to: /Users/kenfasano/Scripts/ScreenArt/Images/TransformedImages/bubbles_9-A.jpeg
2026-03-15 10:25:09,794 - INFO - [pipeline.py:136] - "ThermalImagingTransformer","thermal=True"
2026-03-15 10:25:09,808 - INFO - [pipeline.py:136] - "ColormapTransformer","map=autumn"
2026-03-15 10:25:09,920 - INFO - [pipeline.py:136] - "WheelTransformer","blend=add,copies=3"
2026-03-15 10:25:09,972 - INFO - [pipeline.py:136] - "HalftoneTransformer","size=2"
2026-03-15 10:25:09,989 - INFO - [pipeline.py:248] - [Grade: A] Saved to: /Users/kenfasano/Scripts/ScreenArt/Images/TransformedImages/bubbles_5-A.jpeg
2026-03-15 10:25:10,034 - INFO - [pipeline.py:136] - "ThermalImagingTransformer","thermal=True"
2026-03-15 10:25:10,054 - INFO - [pipeline.py:248] - [Grade: C] Saved to: /Users/kenfasano/Scripts/ScreenArt/Images/TransformedImages/bubbles_2-C.jpeg
2026-03-15 10:25:10,096 - INFO - [pipeline.py:136] - "FractalWarpTransformer","iter=1,scale=0.05"
2026-03-15 10:25:10,114 - INFO - [pipeline.py:248] - [Grade: C] Saved to: /Users/kenfasano/Scripts/ScreenArt/Images/TransformedImages/bubbles_3-C.jpeg
2026-03-15 10:25:10,148 - INFO - [pipeline.py:136] - "RadialWarpTransformer","radius=0.25,strength=36.79715296042929,90.51521796609705,128.4977947442338,style=pull,pull,push"
2026-03-15 10:25:10,161 - INFO - [pipeline.py:136] - "ColormapTransformer","map=ocean"
2026-03-15 10:25:10,199 - INFO - [pipeline.py:136] - "ThermalImagingTransformer","thermal=True"
2026-03-15 10:25:10,218 - INFO - [pipeline.py:248] - [Grade: C] Saved to: /Users/kenfasano/Scripts/ScreenArt/Images/TransformedImages/bubbles_10-C.jpeg
2026-03-15 10:25:10,250 - INFO - [pipeline.py:136] - "RadialWarpTransformer","radius=0.25,strength=99.52370988489662,103.98507478199552,74.76174058483761,style=pull,push,push"
2026-03-15 10:25:10,304 - INFO - [pipeline.py:136] - "MeltMorphTransformer","intensity=0.50"
2026-03-15 10:25:10,321 - INFO - [pipeline.py:248] - [Grade: A] Saved to: /Users/kenfasano/Scripts/ScreenArt/Images/TransformedImages/bubbles_1-A.jpeg
2026-03-15 10:25:10,361 - INFO - [pipeline.py:136] - "FluidWarpTransformer","alpha=11.51,sigma=2.04"
2026-03-15 10:25:10,380 - INFO - [pipeline.py:248] - [Grade: C] Saved to: /Users/kenfasano/Scripts/ScreenArt/Images/TransformedImages/bubbles_6-C.jpeg
2026-03-15 10:25:10,426 - INFO - [pipeline.py:136] - "ThermalImagingTransformer","thermal=True"
2026-03-15 10:25:10,458 - INFO - [pipeline.py:136] - "FisheyeTransformer","shape=circle,strength=0.75,zoom=0.99"
2026-03-15 10:25:10,476 - INFO - [pipeline.py:248] - [Grade: C] Saved to: /Users/kenfasano/Scripts/ScreenArt/Images/TransformedImages/bubbles_7-C.jpeg
2026-03-15 10:25:10,514 - INFO - [pipeline.py:136] - "FluidWarpTransformer","alpha=10.29,sigma=1.44"
2026-03-15 10:25:10,532 - INFO - [pipeline.py:248] - [Grade: A] Saved to: /Users/kenfasano/Scripts/ScreenArt/Images/TransformedImages/cubes_2-A.jpeg
2026-03-15 10:25:10,635 - INFO - [pipeline.py:136] - "FlipWilsonTransformer","keep=top_left,narrow=0.47"
2026-03-15 10:25:10,653 - INFO - [pipeline.py:248] - [Grade: A] Saved to: /Users/kenfasano/Scripts/ScreenArt/Images/TransformedImages/cubes_3-A.jpeg
2026-03-15 10:25:10,694 - INFO - [pipeline.py:136] - "FractalWarpTransformer","iter=1,scale=0.05"
2026-03-15 10:25:10,742 - INFO - [pipeline.py:136] - "HalftoneTransformer","size=2"
2026-03-15 10:25:10,847 - INFO - [pipeline.py:136] - "OilPaintingTransformer","dyn_ratio=6,size=4"
2026-03-15 10:25:10,863 - INFO - [pipeline.py:248] - [Grade: A] Saved to: /Users/kenfasano/Scripts/ScreenArt/Images/TransformedImages/cubes_4-A.jpeg
2026-03-15 10:25:10,982 - INFO - [pipeline.py:136] - "WheelTransformer","blend=add,copies=3"
2026-03-15 10:25:11,036 - INFO - [pipeline.py:136] - "MeltMorphTransformer","intensity=0.50"
2026-03-15 10:25:11,070 - INFO - [pipeline.py:136] - "FractalWarpTransformer","iter=1,scale=0.05"
2026-03-15 10:25:11,088 - INFO - [pipeline.py:248] - [Grade: A] Saved to: /Users/kenfasano/Scripts/ScreenArt/Images/TransformedImages/cubes_5-A.jpeg
2026-03-15 10:25:11,106 - INFO - [pipeline.py:136] - "ColormapTransformer","map=rainbow"
2026-03-15 10:25:11,160 - INFO - [pipeline.py:136] - "MeltMorphTransformer","intensity=0.50"
2026-03-15 10:25:11,177 - INFO - [pipeline.py:248] - [Grade: A] Saved to: /Users/kenfasano/Scripts/ScreenArt/Images/TransformedImages/cubes_6-A.jpeg
2026-03-15 10:25:11,285 - INFO - [pipeline.py:136] - "FlipWilsonTransformer","keep=top_left,narrow=0.47"
2026-03-15 10:25:11,403 - INFO - [pipeline.py:136] - "WheelTransformer","blend=add,copies=3"
2026-03-15 10:25:11,430 - INFO - [pipeline.py:136] - "ChromaticAberrationTransformer","angle=204.50,edge_fade=1,shift=7.20"
2026-03-15 10:25:11,448 - INFO - [pipeline.py:248] - [Grade: A] Saved to: /Users/kenfasano/Scripts/ScreenArt/Images/TransformedImages/cubes_1-A.jpeg
2026-03-15 10:25:11,462 - INFO - [pipeline.py:136] - "ThermalImagingTransformer","thermal=True"
2026-03-15 10:25:11,476 - INFO - [pipeline.py:136] - "HalftoneTransformer","size=2"
2026-03-15 10:25:11,481 - INFO - [pipeline.py:248] - [Grade: A] Saved to: /Users/kenfasano/Scripts/ScreenArt/Images/TransformedImages/JupiterVenus_Luy_960-A.jpg
2026-03-15 10:25:11,488 - INFO - [pipeline.py:136] - "PosterizationTransformer","levels=4"
2026-03-15 10:25:11,498 - INFO - [pipeline.py:136] - "FractalWarpTransformer","iter=1,scale=0.05"
2026-03-15 10:25:11,502 - INFO - [pipeline.py:136] - "ColormapTransformer","map=hot"
2026-03-15 10:25:11,508 - INFO - [pipeline.py:248] - [Grade: A] Saved to: /Users/kenfasano/Scripts/ScreenArt/Images/TransformedImages/orion2010_spitzerMedRC-A.jpg
2026-03-15 10:25:11,519 - INFO - [pipeline.py:136] - "GlitchWarpTransformer","intensity=0.01"
2026-03-15 10:25:11,527 - INFO - [pipeline.py:136] - "RadialWarpTransformer","radius=0.25,strength=63.742713234220574,103.27052290679987,style=pull,push"
2026-03-15 10:25:11,534 - INFO - [pipeline.py:136] - "FisheyeTransformer","shape=circle,strength=0.31,zoom=0.98"
2026-03-15 10:25:11,540 - INFO - [pipeline.py:248] - [Grade: B] Saved to: /Users/kenfasano/Scripts/ScreenArt/Images/TransformedImages/saturnequinox_cassini_960-B.jpg
2026-03-15 10:25:11,546 - INFO - [pipeline.py:136] - "FluidWarpTransformer","alpha=5.46,sigma=1.69"
2026-03-15 10:25:11,549 - INFO - [pipeline.py:248] - [Grade: C] Saved to: /Users/kenfasano/Scripts/ScreenArt/Images/TransformedImages/ic4603_stevens-C.jpg
2026-03-15 10:25:11,566 - INFO - [pipeline.py:136] - "PixelSortTransformer","direction=rows,high=0.64,low=0.32,sort_key=saturation"
2026-03-15 10:25:11,571 - INFO - [pipeline.py:136] - "FluidWarpTransformer","alpha=3.92,sigma=2.16"
2026-03-15 10:25:11,575 - INFO - [pipeline.py:248] - [Grade: B] Saved to: /Users/kenfasano/Scripts/ScreenArt/Images/TransformedImages/saturnoccultation_hackmann720-B.jpg
2026-03-15 10:25:11,587 - INFO - [pipeline.py:136] - "FisheyeTransformer","shape=circle,strength=0.49,zoom=0.93"
2026-03-15 10:25:11,598 - INFO - [pipeline.py:136] - "ChromaticAberrationTransformer","angle=298.20,edge_fade=1,shift=16.20"
2026-03-15 10:25:11,639 - INFO - [pipeline.py:136] - "WheelTransformer","blend=add,copies=3"
2026-03-15 10:25:11,653 - INFO - [pipeline.py:136] - "ThermalImagingTransformer","thermal=True"
2026-03-15 10:25:11,662 - INFO - [pipeline.py:248] - [Grade: A] Saved to: /Users/kenfasano/Scripts/ScreenArt/Images/TransformedImages/Swan25B_Korona_960-A.jpg
2026-03-15 10:25:11,694 - INFO - [pipeline.py:136] - "MeltMorphTransformer","intensity=0.50"
2026-03-15 10:25:11,713 - INFO - [pipeline.py:136] - "SwirlWarpTransformer","strength=1.50"
2026-03-15 10:25:11,720 - INFO - [pipeline.py:136] - "ColormapTransformer","map=spring"
2026-03-15 10:25:11,731 - INFO - [pipeline.py:248] - [Grade: A] Saved to: /Users/kenfasano/Scripts/ScreenArt/Images/TransformedImages/SunHalphaC_Ergun_960-A.jpg
2026-03-15 10:25:11,736 - INFO - [pipeline.py:136] - "RadialWarpTransformer","radius=0.25,strength=110.91426078716364,117.85166676827515,style=pull,pull"
2026-03-15 10:25:11,768 - INFO - [pipeline.py:136] - "VoronoiTransformer","edge_blend=1,num_points=138"
2026-03-15 10:25:11,771 - INFO - [pipeline.py:248] - [Grade: A] Saved to: /Users/kenfasano/Scripts/ScreenArt/Images/TransformedImages/ringwaves_cassini-A.jpg
2026-03-15 10:25:11,789 - INFO - [pipeline.py:136] - "KaleidoscopeTransformer","cx_off=0.07,cy_off=0.08,segments=6"
2026-03-15 10:25:11,793 - INFO - [pipeline.py:136] - "PosterizationTransformer","levels=4"
2026-03-15 10:25:11,825 - INFO - [pipeline.py:136] - "WheelTransformer","blend=add,copies=3"
2026-03-15 10:25:11,830 - INFO - [pipeline.py:136] - "RadialWarpTransformer","radius=0.25,strength=136.4250192680733,style=push"
2026-03-15 10:25:11,837 - INFO - [pipeline.py:248] - [Grade: A] Saved to: /Users/kenfasano/Scripts/ScreenArt/Images/TransformedImages/GeminidAurora_Hansen1_960-A.jpg
2026-03-15 10:25:11,843 - INFO - [pipeline.py:136] - "ChromaticAberrationTransformer","angle=292.60,edge_fade=1,shift=10.60"
2026-03-15 10:25:11,850 - INFO - [pipeline.py:136] - "HalftoneTransformer","size=2"
2026-03-15 10:25:11,853 - INFO - [pipeline.py:248] - [Grade: A] Saved to: /Users/kenfasano/Scripts/ScreenArt/Images/TransformedImages/zimsun_alexander-A.jpg
2026-03-15 10:25:11,887 - INFO - [pipeline.py:136] - "KaleidoscopeTransformer","cx_off=-0.10,cy_off=-0.12,segments=4"
2026-03-15 10:25:11,893 - INFO - [pipeline.py:136] - "ColormapTransformer","map=summer"
2026-03-15 10:25:11,909 - INFO - [pipeline.py:136] - "SwirlWarpTransformer","strength=1.50"
2026-03-15 10:25:11,919 - INFO - [pipeline.py:248] - [Grade: A] Saved to: /Users/kenfasano/Scripts/ScreenArt/Images/TransformedImages/LRGBHa23_n7331r_800c-A.jpg
2026-03-15 10:25:11,984 - INFO - [pipeline.py:136] - "KaleidoscopeTransformer","cx_off=0.04,cy_off=-0.10,segments=6"
2026-03-15 10:25:12,025 - INFO - [pipeline.py:136] - "ThermalImagingTransformer","thermal=True"
2026-03-15 10:25:12,135 - INFO - [pipeline.py:136] - "FlipWilsonTransformer","keep=top_left,narrow=0.47"
2026-03-15 10:25:12,156 - INFO - [pipeline.py:248] - [Grade: A] Saved to: /Users/kenfasano/Scripts/ScreenArt/Images/TransformedImages/nasa_earth_1_Buenos_Aires_True_Color-A.jpeg
2026-03-15 10:25:12,186 - INFO - [pipeline.py:136] - "ChromaticAberrationTransformer","angle=150.50,edge_fade=1,shift=9.60"
2026-03-15 10:25:12,272 - INFO - [pipeline.py:136] - "OilPaintingTransformer","dyn_ratio=5,size=7"
2026-03-15 10:25:12,286 - INFO - [pipeline.py:248] - [Grade: A] Saved to: /Users/kenfasano/Scripts/ScreenArt/Images/TransformedImages/noaa_goes_1_se_Day_Night_Cloud_Micro-A.jpeg
2026-03-15 10:25:12,338 - INFO - [pipeline.py:136] - "StippleTransformer","bg=black,dot_radius=6,jitter=1,spacing=13"
2026-03-15 10:25:12,404 - INFO - [pipeline.py:136] - "MeltMorphTransformer","intensity=0.50"
2026-03-15 10:25:12,420 - INFO - [pipeline.py:136] - "PosterizationTransformer","levels=4"
2026-03-15 10:25:12,572 - INFO - [pipeline.py:136] - "OilPaintingTransformer","dyn_ratio=1,size=8"
2026-03-15 10:25:12,590 - INFO - [pipeline.py:248] - [Grade: F] Saved to: /Users/kenfasano/Scripts/ScreenArt/Images/Rejected/1280px-Gracieus-F.jpeg
2026-03-15 10:25:12,610 - INFO - [pipeline.py:136] - "PosterizationTransformer","levels=4"
2026-03-15 10:25:12,650 - INFO - [pipeline.py:136] - "FluidWarpTransformer","alpha=1.55,sigma=5.15"
2026-03-15 10:25:12,669 - INFO - [pipeline.py:248] - [Grade: A] Saved to: /Users/kenfasano/Scripts/ScreenArt/Images/TransformedImages/Amanhece-A.jpeg
2026-03-15 10:25:12,794 - INFO - [pipeline.py:136] - "SwirlWarpTransformer","strength=1.50"
2026-03-15 10:25:12,945 - INFO - [pipeline.py:136] - "MeltMorphTransformer","intensity=0.50"
2026-03-15 10:25:13,037 - INFO - [pipeline.py:136] - "DataMoshTransformer","intensity=0.02"
2026-03-15 10:25:13,288 - INFO - [pipeline.py:136] - "WheelTransformer","blend=add,copies=3"
2026-03-15 10:25:13,324 - INFO - [pipeline.py:248] - [Grade: A] Saved to: /Users/kenfasano/Scripts/ScreenArt/Images/TransformedImages/Piccolin-A.jpeg
2026-03-15 10:25:13,474 - INFO - [pipeline.py:136] - "OilPaintingTransformer","dyn_ratio=3,size=3"
2026-03-15 10:25:13,509 - INFO - [pipeline.py:136] - "GlitchWarpTransformer","intensity=0.01"
2026-03-15 10:25:13,536 - INFO - [pipeline.py:248] - [Grade: F] Saved to: /Users/kenfasano/Scripts/ScreenArt/Images/Rejected/Systofte-F.jpeg
2026-03-15 10:25:13,569 - INFO - [pipeline.py:136] - "RadialWarpTransformer","radius=0.25,strength=92.99390523403844,71.65290219262232,67.0037426125822,style=pull,pull,pull"
2026-03-15 10:25:13,595 - INFO - [pipeline.py:136] - "ChromaticAberrationTransformer","angle=254.70,edge_fade=1,shift=13.20"
2026-03-15 10:25:13,614 - INFO - [pipeline.py:248] - [Grade: A] Saved to: /Users/kenfasano/Scripts/ScreenArt/Images/TransformedImages/lojong_2-A-tile.jpeg
2026-03-15 10:25:13,645 - INFO - [pipeline.py:136] - "FisheyeTransformer","shape=circle,strength=0.34,zoom=1.15"
2026-03-15 10:25:13,756 - INFO - [pipeline.py:136] - "WheelTransformer","blend=add,copies=3"
2026-03-15 10:25:13,776 - INFO - [pipeline.py:248] - [Grade: A] Saved to: /Users/kenfasano/Scripts/ScreenArt/Images/TransformedImages/lojong_3-A-scatter.jpeg
2026-03-15 10:25:13,887 - INFO - [pipeline.py:136] - "FlipWilsonTransformer","keep=top_left,narrow=0.47"
2026-03-15 10:25:14,011 - INFO - [pipeline.py:136] - "OilPaintingTransformer","dyn_ratio=3,size=7"
2026-03-15 10:25:14,112 - INFO - [pipeline.py:136] - "PixelSortTransformer","direction=rows,high=0.66,low=0.22,sort_key=brightness"
2026-03-15 10:25:14,129 - INFO - [pipeline.py:136] - "RadialWarpTransformer","radius=0.25,strength=43.98541852154049,style=push"
2026-03-15 10:25:14,147 - INFO - [pipeline.py:248] - [Grade: C] Saved to: /Users/kenfasano/Scripts/ScreenArt/Images/TransformedImages/lojong_8-C-columns.jpeg
2026-03-15 10:25:14,378 - INFO - [pipeline.py:136] - "WatercolorTransformer","scale=0.85,style=psychedelic"
2026-03-15 10:25:14,484 - INFO - [pipeline.py:136] - "OilPaintingTransformer","dyn_ratio=7,size=4"
2026-03-15 10:25:14,497 - INFO - [pipeline.py:136] - "PosterizationTransformer","levels=4"
2026-03-15 10:25:14,515 - INFO - [pipeline.py:248] - [Grade: C] Saved to: /Users/kenfasano/Scripts/ScreenArt/Images/TransformedImages/lojong_4-C-columns.jpeg
2026-03-15 10:25:14,639 - INFO - [pipeline.py:136] - "OilPaintingTransformer","dyn_ratio=2,size=6"
2026-03-15 10:25:14,687 - INFO - [pipeline.py:136] - "HalftoneTransformer","size=2"
2026-03-15 10:25:14,704 - INFO - [pipeline.py:248] - [Grade: C] Saved to: /Users/kenfasano/Scripts/ScreenArt/Images/TransformedImages/lojong_5-C-scatter.jpeg
2026-03-15 10:25:14,728 - INFO - [pipeline.py:136] - "RadialWarpTransformer","radius=0.25,strength=132.19074519582256,style=pull"
2026-03-15 10:25:14,746 - INFO - [pipeline.py:248] - [Grade: B] Saved to: /Users/kenfasano/Scripts/ScreenArt/Images/TransformedImages/lojong_9-B-tile.jpeg
2026-03-15 10:25:14,778 - INFO - [pipeline.py:136] - "ChromaticAberrationTransformer","angle=208.80,edge_fade=1,shift=12.20"
2026-03-15 10:25:14,807 - INFO - [pipeline.py:136] - "FluidWarpTransformer","alpha=2.59,sigma=1.04"
2026-03-15 10:25:14,919 - INFO - [pipeline.py:136] - "WheelTransformer","blend=add,copies=3"
2026-03-15 10:25:14,953 - INFO - [pipeline.py:136] - "FractalWarpTransformer","iter=1,scale=0.05"
2026-03-15 10:25:14,971 - INFO - [pipeline.py:248] - [Grade: A] Saved to: /Users/kenfasano/Scripts/ScreenArt/Images/TransformedImages/lojong_6-A-scatter.jpeg
2026-03-15 10:25:15,217 - INFO - [pipeline.py:136] - "PixelSortTransformer","direction=cols,high=0.85,low=0.08,sort_key=green"
2026-03-15 10:25:15,255 - INFO - [pipeline.py:136] - "StippleTransformer","bg=white,dot_radius=3,jitter=1,spacing=11"
2026-03-15 10:25:15,277 - INFO - [pipeline.py:248] - [Grade: F] Saved to: /Users/kenfasano/Scripts/ScreenArt/Images/Rejected/lojong_7-F-columns.jpeg
2026-03-15 10:25:15,304 - INFO - [pipeline.py:136] - "PosterizationTransformer","levels=4"
2026-03-15 10:25:15,327 - INFO - [pipeline.py:248] - [Grade: A] Saved to: /Users/kenfasano/Scripts/ScreenArt/Images/TransformedImages/lojong_0-A-columns.jpeg
2026-03-15 10:25:15,372 - INFO - [pipeline.py:136] - "FractalWarpTransformer","iter=1,scale=0.05"
2026-03-15 10:25:15,486 - INFO - [pipeline.py:136] - "WheelTransformer","blend=add,copies=3"
2026-03-15 10:25:15,602 - INFO - [pipeline.py:136] - "PixelSortTransformer","direction=cols,high=0.94,low=0.26,sort_key=brightness"
2026-03-15 10:25:15,621 - INFO - [pipeline.py:248] - [Grade: A] Saved to: /Users/kenfasano/Scripts/ScreenArt/Images/TransformedImages/lojong_1-A-tile.jpeg
2026-03-15 10:25:15,641 - INFO - [pipeline.py:136] - "PosterizationTransformer","levels=4"
2026-03-15 10:25:15,655 - INFO - [pipeline.py:136] - "ColormapTransformer","map=autumn"
2026-03-15 10:25:15,692 - INFO - [pipeline.py:136] - "SwirlWarpTransformer","strength=1.50"
2026-03-15 10:25:15,711 - INFO - [pipeline.py:248] - [Grade: A] Saved to: /Users/kenfasano/Scripts/ScreenArt/Images/TransformedImages/psalms_83-A-scatter.jpeg
2026-03-15 10:25:15,757 - INFO - [pipeline.py:136] - "SwirlWarpTransformer","strength=1.50"
2026-03-15 10:25:16,180 - INFO - [pipeline.py:136] - "VoronoiTransformer","edge_blend=1,num_points=343"
2026-03-15 10:25:16,207 - INFO - [pipeline.py:136] - "GlitchWarpTransformer","intensity=0.01"
2026-03-15 10:25:16,227 - INFO - [pipeline.py:248] - [Grade: A] Saved to: /Users/kenfasano/Scripts/ScreenArt/Images/TransformedImages/psalms_16-A-tile.jpeg
2026-03-15 10:25:16,262 - INFO - [pipeline.py:136] - "FisheyeTransformer","shape=circle,strength=0.62,zoom=1.03"
2026-03-15 10:25:16,285 - INFO - [pipeline.py:136] - "RadialWarpTransformer","radius=0.25,strength=70.69606171188585,103.56619310570682,53.36094910498983,style=pull,push,pull"
2026-03-15 10:25:16,400 - INFO - [pipeline.py:136] - "WheelTransformer","blend=add,copies=3"
2026-03-15 10:25:16,420 - INFO - [pipeline.py:248] - [Grade: C] Saved to: /Users/kenfasano/Scripts/ScreenArt/Images/TransformedImages/psalms_119-C-tile.jpeg
2026-03-15 10:25:16,443 - INFO - [pipeline.py:136] - "PosterizationTransformer","levels=4"
2026-03-15 10:25:16,492 - INFO - [pipeline.py:136] - "HalftoneTransformer","size=2"
2026-03-15 10:25:16,585 - INFO - [pipeline.py:136] - "PixelSortTransformer","direction=cols,high=0.71,low=0.27,sort_key=red"
2026-03-15 10:25:16,602 - INFO - [pipeline.py:248] - [Grade: C] Saved to: /Users/kenfasano/Scripts/ScreenArt/Images/TransformedImages/psalms_68-C-scatter.jpeg
2026-03-15 10:25:16,624 - INFO - [pipeline.py:136] - "PosterizationTransformer","levels=4"
2026-03-15 10:25:16,649 - INFO - [pipeline.py:136] - "ChromaticAberrationTransformer","angle=290.60,edge_fade=1,shift=15.30"
2026-03-15 10:25:16,669 - INFO - [pipeline.py:248] - [Grade: A] Saved to: /Users/kenfasano/Scripts/ScreenArt/Images/TransformedImages/psalms_118-A-scatter.jpeg
2026-03-15 10:25:16,731 - INFO - [pipeline.py:136] - "MeltMorphTransformer","intensity=0.50"
2026-03-15 10:25:16,750 - INFO - [pipeline.py:248] - [Grade: C] Saved to: /Users/kenfasano/Scripts/ScreenArt/Images/TransformedImages/psalms_122-C-tile.jpeg
2026-03-15 10:25:16,770 - INFO - [pipeline.py:136] - "ColormapTransformer","map=rainbow"
2026-03-15 10:25:16,896 - INFO - [pipeline.py:136] - "OilPaintingTransformer","dyn_ratio=2,size=7"
2026-03-15 10:25:17,107 - INFO - [pipeline.py:136] - "WatercolorTransformer","scale=0.85,style=psychedelic"
2026-03-15 10:25:17,124 - INFO - [pipeline.py:136] - "RadialWarpTransformer","radius=0.25,strength=45.58280193405052,style=pull"
2026-03-15 10:25:17,141 - INFO - [pipeline.py:248] - [Grade: B] Saved to: /Users/kenfasano/Scripts/ScreenArt/Images/TransformedImages/psalms_81-B-scatter.jpeg
2026-03-15 10:25:17,191 - INFO - [pipeline.py:136] - "SwirlWarpTransformer","strength=1.50"
2026-03-15 10:25:17,244 - INFO - [pipeline.py:136] - "MeltMorphTransformer","intensity=0.50"
2026-03-15 10:25:17,265 - INFO - [pipeline.py:248] - [Grade: A] Saved to: /Users/kenfasano/Scripts/ScreenArt/Images/TransformedImages/psalms_104-A-columns.jpeg
2026-03-15 10:25:17,554 - INFO - [pipeline.py:136] - "VoronoiTransformer","edge_blend=1,num_points=215"
2026-03-15 10:25:17,573 - INFO - [pipeline.py:248] - [Grade: A] Saved to: /Users/kenfasano/Scripts/ScreenArt/Images/TransformedImages/psalms_79-A-hero.jpeg
2026-03-15 10:25:17,607 - INFO - [pipeline.py:136] - "FlipWilsonTransformer","keep=top_left,narrow=0.47"
2026-03-15 10:25:17,616 - INFO - [pipeline.py:136] - "GlitchWarpTransformer","intensity=0.01"
2026-03-15 10:25:17,622 - INFO - [pipeline.py:136] - "PixelSortTransformer","direction=cols,high=0.68,low=0.29,sort_key=green"
2026-03-15 10:25:17,629 - INFO - [pipeline.py:248] - [Grade: A] Saved to: /Users/kenfasano/Scripts/ScreenArt/Images/TransformedImages/peripheral_drift_2-A.jpeg
2026-03-15 10:25:17,644 - INFO - [pipeline.py:136] - "SwirlWarpTransformer","strength=1.50"
2026-03-15 10:25:17,655 - INFO - [pipeline.py:136] - "ThermalImagingTransformer","thermal=True"
2026-03-15 10:25:17,667 - INFO - [pipeline.py:136] - "DataMoshTransformer","intensity=0.02"
2026-03-15 10:25:17,673 - INFO - [pipeline.py:248] - [Grade: C] Saved to: /Users/kenfasano/Scripts/ScreenArt/Images/TransformedImages/peripheral_drift_3-C.jpeg
2026-03-15 10:25:17,702 - INFO - [pipeline.py:136] - "StippleTransformer","bg=complement,dot_radius=2,jitter=1,spacing=7"
2026-03-15 10:25:17,710 - INFO - [pipeline.py:248] - [Grade: C] Saved to: /Users/kenfasano/Scripts/ScreenArt/Images/TransformedImages/peripheral_drift_1-C.jpeg
2026-03-15 10:25:17,710 - INFO - [main.py:188] - VoronoiTransformer
2026-03-15 10:25:17,710 - INFO - [main.py:188] - WatercolorTransformer
2026-03-15 10:25:17,710 - INFO - [main.py:188] - OilPaintingTransformer
2026-03-15 10:25:17,710 - INFO - [main.py:188] - WheelTransformer
2026-03-15 10:25:17,710 - INFO - [main.py:188] - PixelSortTransformer
2026-03-15 10:25:17,710 - INFO - [main.py:188] - FlipWilsonTransformer
2026-03-15 10:25:17,710 - INFO - [main.py:188] - MeltMorphTransformer
2026-03-15 10:25:17,710 - INFO - [main.py:188] - DataMoshTransformer
2026-03-15 10:25:17,710 - INFO - [main.py:188] - SwirlWarpTransformer
2026-03-15 10:25:17,710 - INFO - [main.py:188] - HalftoneTransformer
2026-03-15 10:25:17,710 - INFO - [main.py:188] - StippleTransformer
2026-03-15 10:25:17,710 - INFO - [main.py:188] - FractalWarpTransformer
2026-03-15 10:25:17,710 - INFO - [main.py:188] - ThermalImagingTransformer
2026-03-15 10:25:17,710 - INFO - [main.py:188] - KaleidoscopeTransformer
2026-03-15 10:25:17,710 - INFO - [main.py:188] - FluidWarpTransformer
2026-03-15 10:25:17,710 - INFO - [main.py:188] - GlitchWarpTransformer
2026-03-15 10:25:17,710 - INFO - [main.py:188] - ChromaticAberrationTransformer
2026-03-15 10:25:17,710 - INFO - [main.py:188] - FisheyeTransformer
2026-03-15 10:25:17,710 - INFO - [main.py:188] - RadialWarpTransformer
2026-03-15 10:25:17,710 - INFO - [main.py:188] - PosterizationTransformer
2026-03-15 10:25:17,710 - INFO - [main.py:188] - ColormapTransformer
2026-03-15 10:25:17,711 - INFO - [main.py:231] - 25s@10:25 ✓
Accepted: 52
Rejected: 3
---
Bible                      ->  9365ms
Lojong                     ->  2836ms
Wiki                       ->  2814ms
Nasa                       ->   732ms
GoesGenerator              ->   656ms
Bubbles                    ->   458ms
Cubes                      ->   202ms
NasaMapGenerator           ->    52ms
PeripheralDriftIllusion    ->    42ms
---
VoronoiTransformer               -> Min:    32ms | Avg:   245ms | Max:   422ms
WatercolorTransformer            -> Min:   212ms | Avg:   217ms | Max:   222ms
OilPaintingTransformer           -> Min:    86ms | Avg:   118ms | Max:   151ms
WheelTransformer                 -> Min:    32ms | Avg:   112ms | Max:   250ms
PixelSortTransformer             -> Min:     6ms | Avg:   100ms | Max:   231ms
FlipWilsonTransformer            -> Min:    31ms | Avg:    87ms | Max:   110ms
MeltMorphTransformer             -> Min:    26ms | Avg:    64ms | Max:   151ms
DataMoshTransformer              -> Min:    11ms | Avg:    49ms | Max:    92ms
SwirlWarpTransformer             -> Min:    12ms | Avg:    37ms | Max:    96ms
HalftoneTransformer              -> Min:     7ms | Avg:    36ms | Max:    52ms
StippleTransformer               -> Min:    24ms | Avg:    34ms | Max:    40ms
FractalWarpTransformer           -> Min:    10ms | Avg:    32ms | Max:    37ms
ThermalImagingTransformer        -> Min:    11ms | Avg:    30ms | Max:    42ms
KaleidoscopeTransformer          -> Min:    15ms | Avg:    30ms | Max:    52ms
FluidWarpTransformer             -> Min:     4ms | Avg:    24ms | Max:    40ms
GlitchWarpTransformer            -> Min:     8ms | Avg:    23ms | Max:    35ms
ChromaticAberrationTransformer   -> Min:     4ms | Avg:    19ms | Max:    26ms
FisheyeTransformer               -> Min:     7ms | Avg:    19ms | Max:    32ms
RadialWarpTransformer            -> Min:     3ms | Avg:    16ms | Max:    26ms
PosterizationTransformer         -> Min:     3ms | Avg:    11ms | Max:    16ms
ColormapTransformer              -> Min:     4ms | Avg:    11ms | Max:    16ms
