2026-03-08 20:05:30,389 - INFO - [pipeline.py:44] - DuotoneTransformer
2026-03-08 20:05:30,488 - INFO - [pipeline.py:44] - FisheyeTransformer
2026-03-08 20:05:30,535 - INFO - [pipeline.py:117] - [Grade: F] Saved to: /Users/kenfasano/Scripts/ScreenArt/Images/Rejected/bubbles_4-F.jpeg
2026-03-08 20:05:30,544 - INFO - [pipeline.py:44] - DuotoneTransformer
2026-03-08 20:05:30,634 - INFO - [pipeline.py:44] - FluidWarpTransformer
2026-03-08 20:05:30,703 - INFO - [pipeline.py:44] - XrayTransformer
2026-03-08 20:05:30,789 - INFO - [pipeline.py:44] - RadialWarpTransformer
2026-03-08 20:05:30,817 - INFO - [pipeline.py:117] - [Grade: F] Saved to: /Users/kenfasano/Scripts/ScreenArt/Images/Rejected/bubbles_8-F.jpeg
2026-03-08 20:05:30,826 - INFO - [pipeline.py:44] - RadialWarpTransformer
2026-03-08 20:05:30,842 - INFO - [pipeline.py:44] - MeltMorphTransformer
2026-03-08 20:05:30,913 - INFO - [pipeline.py:117] - [Grade: C] Saved to: /Users/kenfasano/Scripts/ScreenArt/Images/TransformedImages/bubbles_9-C.jpeg
2026-03-08 20:05:30,921 - INFO - [pipeline.py:44] - FlipWilsonTransformer
2026-03-08 20:05:30,981 - INFO - [pipeline.py:44] - ThreeDExtrusionTransformer
2026-03-08 20:05:31,030 - INFO - [pipeline.py:117] - [Grade: F] Saved to: /Users/kenfasano/Scripts/ScreenArt/Images/Rejected/bubbles_5-F.jpeg
2026-03-08 20:05:31,039 - INFO - [pipeline.py:44] - ThreeDExtrusionTransformer
2026-03-08 20:05:31,071 - INFO - [pipeline.py:44] - GlitchWarpTransformer
2026-03-08 20:05:31,099 - INFO - [pipeline.py:44] - SwirlWarpTransformer
2026-03-08 20:05:31,158 - INFO - [pipeline.py:117] - [Grade: F] Saved to: /Users/kenfasano/Scripts/ScreenArt/Images/Rejected/bubbles_2-F.jpeg
2026-03-08 20:05:31,166 - INFO - [pipeline.py:44] - AnamorphicTransformer
2026-03-08 20:05:31,227 - INFO - [pipeline.py:44] - ThermalImagingTransformer
2026-03-08 20:05:31,255 - INFO - [pipeline.py:44] - PosterizationTransformer
2026-03-08 20:05:31,261 - INFO - [pipeline.py:44] - WatercolorTransformer
2026-03-08 20:05:31,353 - INFO - [pipeline.py:117] - [Grade: F] Saved to: /Users/kenfasano/Scripts/ScreenArt/Images/Rejected/bubbles_3-F.jpeg
2026-03-08 20:05:31,361 - INFO - [pipeline.py:44] - RadialWarpTransformer
2026-03-08 20:05:31,377 - INFO - [pipeline.py:44] - ThermalImagingTransformer
2026-03-08 20:05:31,421 - INFO - [pipeline.py:117] - [Grade: C] Saved to: /Users/kenfasano/Scripts/ScreenArt/Images/TransformedImages/bubbles_10-C.jpeg
2026-03-08 20:05:31,428 - INFO - [pipeline.py:44] - FractalWarpTransformer
2026-03-08 20:05:31,464 - INFO - [pipeline.py:44] - RadialWarpTransformer
2026-03-08 20:05:31,480 - INFO - [pipeline.py:44] - MeltMorphTransformer
2026-03-08 20:05:31,550 - INFO - [pipeline.py:117] - [Grade: F] Saved to: /Users/kenfasano/Scripts/ScreenArt/Images/Rejected/bubbles_1-F.jpeg
2026-03-08 20:05:31,558 - INFO - [pipeline.py:44] - FluidWarpTransformer
2026-03-08 20:05:31,630 - INFO - [pipeline.py:44] - ThreeDExtrusionTransformer
2026-03-08 20:05:31,660 - INFO - [pipeline.py:44] - ColormapTransformer
2026-03-08 20:05:31,671 - INFO - [pipeline.py:44] - FractalWarpTransformer
2026-03-08 20:05:31,721 - INFO - [pipeline.py:117] - [Grade: C] Saved to: /Users/kenfasano/Scripts/ScreenArt/Images/TransformedImages/bubbles_6-C.jpeg
2026-03-08 20:05:31,729 - INFO - [pipeline.py:44] - ColormapTransformer
2026-03-08 20:05:31,741 - INFO - [pipeline.py:44] - ThermalImagingTransformer
2026-03-08 20:05:31,784 - INFO - [pipeline.py:117] - [Grade: A] Saved to: /Users/kenfasano/Scripts/ScreenArt/Images/TransformedImages/bubbles_7-A.jpeg
2026-03-08 20:05:31,792 - INFO - [pipeline.py:44] - HalftoneTransformer
2026-03-08 20:05:31,821 - INFO - [pipeline.py:44] - WheelTransformer
2026-03-08 20:05:31,921 - INFO - [pipeline.py:44] - AnamorphicTransformer
2026-03-08 20:05:31,964 - INFO - [pipeline.py:44] - ColormapTransformer
2026-03-08 20:05:31,991 - INFO - [pipeline.py:117] - [Grade: F] Saved to: /Users/kenfasano/Scripts/ScreenArt/Images/Rejected/cubes_2-F.jpeg
2026-03-08 20:05:31,998 - INFO - [pipeline.py:44] - ThermalImagingTransformer
2026-03-08 20:05:32,025 - INFO - [pipeline.py:44] - GlitchWarpTransformer
2026-03-08 20:05:32,052 - INFO - [pipeline.py:44] - WatercolorTransformer
2026-03-08 20:05:32,152 - INFO - [pipeline.py:117] - [Grade: B] Saved to: /Users/kenfasano/Scripts/ScreenArt/Images/TransformedImages/cubes_3-B.jpeg
2026-03-08 20:05:32,160 - INFO - [pipeline.py:44] - InvertRGBTransformer
2026-03-08 20:05:32,176 - INFO - [pipeline.py:117] - [Grade: F] Saved to: /Users/kenfasano/Scripts/ScreenArt/Images/Rejected/cubes_4-F.jpeg
2026-03-08 20:05:32,183 - INFO - [pipeline.py:44] - RadialWarpTransformer
2026-03-08 20:05:32,200 - INFO - [pipeline.py:44] - ThermalImagingTransformer
2026-03-08 20:05:32,243 - INFO - [pipeline.py:117] - [Grade: F] Saved to: /Users/kenfasano/Scripts/ScreenArt/Images/Rejected/cubes_5-F.jpeg
2026-03-08 20:05:32,251 - INFO - [pipeline.py:44] - ThreeDExtrusionTransformer
2026-03-08 20:05:32,282 - INFO - [pipeline.py:44] - PosterizationTransformer
2026-03-08 20:05:32,286 - INFO - [pipeline.py:44] - FluidWarpTransformer
2026-03-08 20:05:32,353 - INFO - [pipeline.py:117] - [Grade: F] Saved to: /Users/kenfasano/Scripts/ScreenArt/Images/Rejected/cubes_6-F.jpeg
2026-03-08 20:05:32,361 - INFO - [pipeline.py:44] - PosterizationTransformer
2026-03-08 20:05:32,366 - INFO - [pipeline.py:44] - FlipWilsonTransformer
2026-03-08 20:05:32,419 - INFO - [pipeline.py:44] - RadialWarpTransformer
2026-03-08 20:05:32,447 - INFO - [pipeline.py:117] - [Grade: F] Saved to: /Users/kenfasano/Scripts/ScreenArt/Images/Rejected/cubes_1-F.jpeg
2026-03-08 20:05:32,465 - INFO - [pipeline.py:44] - FlipWilsonTransformer
2026-03-08 20:05:32,496 - INFO - [pipeline.py:117] - [Grade: C] Saved to: /Users/kenfasano/Scripts/ScreenArt/Images/TransformedImages/SagTrip1065_q100_watermark_CopyrightAndys_Astropix2016-C.jpg
2026-03-08 20:05:32,499 - INFO - [pipeline.py:44] - XrayTransformer
2026-03-08 20:05:32,576 - INFO - [pipeline.py:44] - DuotoneTransformer
2026-03-08 20:05:32,603 - INFO - [pipeline.py:44] - GlitchWarpTransformer
2026-03-08 20:05:32,611 - INFO - [pipeline.py:44] - RadialWarpTransformer
2026-03-08 20:05:32,622 - INFO - [pipeline.py:117] - [Grade: F] Saved to: /Users/kenfasano/Scripts/ScreenArt/Images/Rejected/blackhole_hobart_960-F.jpg
2026-03-08 20:05:32,644 - INFO - [pipeline.py:44] - FisheyeTransformer
2026-03-08 20:05:32,651 - INFO - [pipeline.py:44] - PosterizationTransformer
2026-03-08 20:05:32,658 - INFO - [pipeline.py:117] - [Grade: F] Saved to: /Users/kenfasano/Scripts/ScreenArt/Images/Rejected/Ma2024-5_1024-F.jpg
2026-03-08 20:05:32,667 - INFO - [pipeline.py:44] - ThermalImagingTransformer
2026-03-08 20:05:32,675 - INFO - [pipeline.py:44] - FluidWarpTransformer
2026-03-08 20:05:32,685 - INFO - [pipeline.py:44] - WheelTransformer
2026-03-08 20:05:32,718 - INFO - [pipeline.py:117] - [Grade: F] Saved to: /Users/kenfasano/Scripts/ScreenArt/Images/Rejected/2013-11_C2P_950px-F.jpg
2026-03-08 20:05:32,721 - INFO - [pipeline.py:44] - GlitchWarpTransformer
2026-03-08 20:05:32,727 - INFO - [pipeline.py:44] - HalftoneTransformer
2026-03-08 20:05:32,734 - INFO - [pipeline.py:44] - AnamorphicTransformer
2026-03-08 20:05:32,743 - INFO - [pipeline.py:44] - TritoneTransformer
2026-03-08 20:05:32,754 - INFO - [pipeline.py:117] - [Grade: F] Saved to: /Users/kenfasano/Scripts/ScreenArt/Images/Rejected/opportunity_mro-F.jpg
2026-03-08 20:05:32,758 - INFO - [pipeline.py:44] - WatercolorTransformer
2026-03-08 20:05:32,786 - INFO - [pipeline.py:44] - ThermalImagingTransformer
2026-03-08 20:05:32,796 - INFO - [pipeline.py:44] - FractalWarpTransformer
2026-03-08 20:05:32,809 - INFO - [pipeline.py:44] - ColormapTransformer
2026-03-08 20:05:32,819 - INFO - [pipeline.py:117] - [Grade: A] Saved to: /Users/kenfasano/Scripts/ScreenArt/Images/TransformedImages/QuadrantidsOrion_Horalek_960-A.jpg
2026-03-08 20:05:32,830 - INFO - [pipeline.py:44] - FlipWilsonTransformer
2026-03-08 20:05:32,856 - INFO - [pipeline.py:117] - [Grade: C] Saved to: /Users/kenfasano/Scripts/ScreenArt/Images/TransformedImages/SouthernMoonscapeClaviusTycho1024-C.jpg
2026-03-08 20:05:32,858 - INFO - [pipeline.py:44] - FractalWarpTransformer
2026-03-08 20:05:32,866 - INFO - [pipeline.py:117] - [Grade: A] Saved to: /Users/kenfasano/Scripts/ScreenArt/Images/TransformedImages/sunspot_newton-A.jpg
2026-03-08 20:05:32,868 - INFO - [pipeline.py:44] - ThermalImagingTransformer
2026-03-08 20:05:32,879 - INFO - [pipeline.py:44] - DataMoshTransformer
2026-03-08 20:05:32,892 - INFO - [pipeline.py:44] - WatercolorTransformer
2026-03-08 20:05:32,928 - INFO - [pipeline.py:117] - [Grade: F] Saved to: /Users/kenfasano/Scripts/ScreenArt/Images/Rejected/PIA20522enceladusC-F.jpg
2026-03-08 20:05:32,931 - INFO - [pipeline.py:44] - HalftoneTransformer
2026-03-08 20:05:32,941 - INFO - [pipeline.py:44] - DataMoshTransformer
2026-03-08 20:05:32,952 - INFO - [pipeline.py:44] - ThreeDExtrusionTransformer
2026-03-08 20:05:32,966 - INFO - [pipeline.py:117] - [Grade: F] Saved to: /Users/kenfasano/Scripts/ScreenArt/Images/Rejected/LakeMyvatn_Brady_1080-F.jpg
2026-03-08 20:05:32,970 - INFO - [pipeline.py:44] - XrayTransformer
2026-03-08 20:05:33,027 - INFO - [pipeline.py:44] - ThreeDExtrusionTransformer
2026-03-08 20:05:33,031 - INFO - [pipeline.py:44] - FluidWarpTransformer
2026-03-08 20:05:33,038 - INFO - [pipeline.py:44] - InvertRGBTransformer
2026-03-08 20:05:33,041 - INFO - [pipeline.py:117] - [Grade: F] Saved to: /Users/kenfasano/Scripts/ScreenArt/Images/Rejected/pelican_noao-F.jpg
2026-03-08 20:05:33,053 - INFO - [pipeline.py:44] - DataMoshTransformer
2026-03-08 20:05:33,089 - INFO - [pipeline.py:44] - TritoneTransformer
2026-03-08 20:05:33,118 - INFO - [pipeline.py:44] - MeltMorphTransformer
2026-03-08 20:05:33,188 - INFO - [pipeline.py:117] - [Grade: F] Saved to: /Users/kenfasano/Scripts/ScreenArt/Images/Rejected/nasa_earth_1_Mumbai_True_Color-F.jpeg
2026-03-08 20:05:33,198 - INFO - [pipeline.py:44] - SwirlWarpTransformer
2026-03-08 20:05:33,229 - INFO - [pipeline.py:44] - ThermalImagingTransformer
2026-03-08 20:05:33,247 - INFO - [pipeline.py:44] - FisheyeTransformer
2026-03-08 20:05:33,279 - INFO - [pipeline.py:117] - [Grade: A] Saved to: /Users/kenfasano/Scripts/ScreenArt/Images/TransformedImages/noaa_goes_1_se_Day_Night_Cloud_Micro-A.jpeg
2026-03-08 20:05:33,301 - INFO - [pipeline.py:44] - DuotoneTransformer
2026-03-08 20:05:33,417 - INFO - [pipeline.py:44] - InvertRGBTransformer
2026-03-08 20:05:33,419 - INFO - [pipeline.py:44] - FractalWarpTransformer
2026-03-08 20:05:33,467 - INFO - [pipeline.py:44] - GlitchWarpTransformer
2026-03-08 20:05:33,522 - INFO - [pipeline.py:117] - [Grade: C] Saved to: /Users/kenfasano/Scripts/ScreenArt/Images/TransformedImages/Lavuelta-2017-c-C.jpeg
2026-03-08 20:05:33,524 - INFO - [pipeline.py:44] - GlitchWarpTransformer
2026-03-08 20:05:33,529 - INFO - [pipeline.py:117] - [Grade: A] Saved to: /Users/kenfasano/Scripts/ScreenArt/Images/TransformedImages/W._Stepokura_w_-A.jpeg
2026-03-08 20:05:33,544 - INFO - [pipeline.py:44] - RadialWarpTransformer
2026-03-08 20:05:33,567 - INFO - [pipeline.py:44] - FisheyeTransformer
2026-03-08 20:05:33,624 - INFO - [pipeline.py:117] - [Grade: A] Saved to: /Users/kenfasano/Scripts/ScreenArt/Images/TransformedImages/Ritual_T-A.jpeg
2026-03-08 20:05:33,631 - INFO - [pipeline.py:44] - ColormapTransformer
2026-03-08 20:05:33,644 - INFO - [pipeline.py:44] - ThermalImagingTransformer
2026-03-08 20:05:33,695 - INFO - [pipeline.py:117] - [Grade: B] Saved to: /Users/kenfasano/Scripts/ScreenArt/Images/TransformedImages/ISS056-E-B.jpeg
2026-03-08 20:05:33,731 - INFO - [pipeline.py:44] - MeltMorphTransformer
2026-03-08 20:05:33,882 - INFO - [pipeline.py:44] - AnamorphicTransformer
2026-03-08 20:05:34,168 - INFO - [pipeline.py:117] - [Grade: F] Saved to: /Users/kenfasano/Scripts/ScreenArt/Images/Rejected/68-WL-10-F.jpeg
2026-03-08 20:05:34,179 - INFO - [pipeline.py:44] - SwirlWarpTransformer
2026-03-08 20:05:34,266 - INFO - [pipeline.py:117] - [Grade: A] Saved to: /Users/kenfasano/Scripts/ScreenArt/Images/TransformedImages/9106Vega-A.jpeg
2026-03-08 20:05:34,273 - INFO - [pipeline.py:44] - DuotoneTransformer
2026-03-08 20:05:34,380 - INFO - [pipeline.py:117] - [Grade: B] Saved to: /Users/kenfasano/Scripts/ScreenArt/Images/TransformedImages/lojong_2-B.jpeg
2026-03-08 20:05:34,386 - INFO - [pipeline.py:44] - RadialWarpTransformer
2026-03-08 20:05:34,399 - INFO - [pipeline.py:44] - FractalWarpTransformer
2026-03-08 20:05:34,434 - INFO - [pipeline.py:44] - FluidWarpTransformer
2026-03-08 20:05:34,480 - INFO - [pipeline.py:117] - [Grade: F] Saved to: /Users/kenfasano/Scripts/ScreenArt/Images/Rejected/lojong_3-F.jpeg
2026-03-08 20:05:34,486 - INFO - [pipeline.py:44] - TritoneTransformer
2026-03-08 20:05:34,515 - INFO - [pipeline.py:44] - WheelTransformer
2026-03-08 20:05:34,617 - INFO - [pipeline.py:44] - PosterizationTransformer
2026-03-08 20:05:34,623 - INFO - [pipeline.py:44] - FluidWarpTransformer
2026-03-08 20:05:34,726 - INFO - [pipeline.py:117] - [Grade: F] Saved to: /Users/kenfasano/Scripts/ScreenArt/Images/Rejected/lojong_8-F.jpeg
2026-03-08 20:05:34,733 - INFO - [pipeline.py:44] - FluidWarpTransformer
2026-03-08 20:05:34,813 - INFO - [pipeline.py:44] - MeltMorphTransformer
2026-03-08 20:05:34,865 - INFO - [pipeline.py:44] - FractalWarpTransformer
2026-03-08 20:05:34,915 - INFO - [pipeline.py:117] - [Grade: A] Saved to: /Users/kenfasano/Scripts/ScreenArt/Images/TransformedImages/lojong_4-A.jpeg
2026-03-08 20:05:34,921 - INFO - [pipeline.py:44] - TritoneTransformer
2026-03-08 20:05:34,950 - INFO - [pipeline.py:44] - PosterizationTransformer
2026-03-08 20:05:34,955 - INFO - [pipeline.py:44] - FluidWarpTransformer
2026-03-08 20:05:35,013 - INFO - [pipeline.py:44] - ThreeDExtrusionTransformer
2026-03-08 20:05:35,060 - INFO - [pipeline.py:117] - [Grade: C] Saved to: /Users/kenfasano/Scripts/ScreenArt/Images/TransformedImages/lojong_5-C.jpeg
2026-03-08 20:05:35,066 - INFO - [pipeline.py:44] - ThermalImagingTransformer
2026-03-08 20:05:35,093 - INFO - [pipeline.py:44] - GlitchWarpTransformer
2026-03-08 20:05:35,120 - INFO - [pipeline.py:44] - WatercolorTransformer
2026-03-08 20:05:35,213 - INFO - [pipeline.py:117] - [Grade: F] Saved to: /Users/kenfasano/Scripts/ScreenArt/Images/Rejected/lojong_9-F.jpeg
2026-03-08 20:05:35,218 - INFO - [pipeline.py:44] - ThreeDExtrusionTransformer
2026-03-08 20:05:35,248 - INFO - [pipeline.py:44] - FlipWilsonTransformer
2026-03-08 20:05:35,304 - INFO - [pipeline.py:44] - ColormapTransformer
2026-03-08 20:05:35,331 - INFO - [pipeline.py:117] - [Grade: C] Saved to: /Users/kenfasano/Scripts/ScreenArt/Images/TransformedImages/lojong_6-C.jpeg
2026-03-08 20:05:35,337 - INFO - [pipeline.py:44] - SwirlWarpTransformer
2026-03-08 20:05:35,379 - INFO - [pipeline.py:44] - FractalWarpTransformer
2026-03-08 20:05:35,413 - INFO - [pipeline.py:44] - ThermalImagingTransformer
2026-03-08 20:05:35,440 - INFO - [pipeline.py:44] - FlipWilsonTransformer
2026-03-08 20:05:35,509 - INFO - [pipeline.py:117] - [Grade: F] Saved to: /Users/kenfasano/Scripts/ScreenArt/Images/Rejected/lojong_7-F.jpeg
2026-03-08 20:05:35,516 - INFO - [pipeline.py:44] - HalftoneTransformer
2026-03-08 20:05:35,560 - INFO - [pipeline.py:117] - [Grade: F] Saved to: /Users/kenfasano/Scripts/ScreenArt/Images/Rejected/lojong_0-F.jpeg
2026-03-08 20:05:35,566 - INFO - [pipeline.py:44] - DataMoshTransformer
2026-03-08 20:05:35,601 - INFO - [pipeline.py:44] - FisheyeTransformer
2026-03-08 20:05:35,623 - INFO - [pipeline.py:44] - FlipWilsonTransformer
2026-03-08 20:05:35,678 - INFO - [pipeline.py:44] - FluidWarpTransformer
2026-03-08 20:05:35,784 - INFO - [pipeline.py:117] - [Grade: F] Saved to: /Users/kenfasano/Scripts/ScreenArt/Images/Rejected/lojong_1-F.jpeg
2026-03-08 20:05:35,792 - INFO - [pipeline.py:44] - XrayTransformer
2026-03-08 20:05:35,891 - INFO - [pipeline.py:44] - FluidWarpTransformer
2026-03-08 20:05:35,977 - INFO - [pipeline.py:44] - DataMoshTransformer
2026-03-08 20:05:36,027 - INFO - [pipeline.py:117] - [Grade: F] Saved to: /Users/kenfasano/Scripts/ScreenArt/Images/Rejected/psalms_56-F.jpeg
2026-03-08 20:05:36,035 - INFO - [pipeline.py:44] - XrayTransformer
2026-03-08 20:05:36,121 - INFO - [pipeline.py:44] - ThermalImagingTransformer
2026-03-08 20:05:36,148 - INFO - [pipeline.py:44] - GlitchWarpTransformer
2026-03-08 20:05:36,175 - INFO - [pipeline.py:44] - AnamorphicTransformer
2026-03-08 20:05:36,242 - INFO - [pipeline.py:117] - [Grade: F] Saved to: /Users/kenfasano/Scripts/ScreenArt/Images/Rejected/psalms_130-F.jpeg
2026-03-08 20:05:36,250 - INFO - [pipeline.py:44] - DuotoneTransformer
2026-03-08 20:05:36,340 - INFO - [pipeline.py:44] - FlipWilsonTransformer
2026-03-08 20:05:36,395 - INFO - [pipeline.py:44] - TritoneTransformer
2026-03-08 20:05:36,424 - INFO - [pipeline.py:44] - ThermalImagingTransformer
2026-03-08 20:05:36,465 - INFO - [pipeline.py:117] - [Grade: F] Saved to: /Users/kenfasano/Scripts/ScreenArt/Images/Rejected/psalms_85-F.jpeg
2026-03-08 20:05:36,472 - INFO - [pipeline.py:44] - XrayTransformer
2026-03-08 20:05:36,579 - INFO - [pipeline.py:117] - [Grade: F] Saved to: /Users/kenfasano/Scripts/ScreenArt/Images/Rejected/psalms_141-F.jpeg
2026-03-08 20:05:36,585 - INFO - [pipeline.py:44] - WheelTransformer
2026-03-08 20:05:36,685 - INFO - [pipeline.py:44] - MeltMorphTransformer
2026-03-08 20:05:36,753 - INFO - [pipeline.py:117] - [Grade: A] Saved to: /Users/kenfasano/Scripts/ScreenArt/Images/TransformedImages/psalms_119-A.jpeg
2026-03-08 20:05:36,760 - INFO - [pipeline.py:44] - AnamorphicTransformer
2026-03-08 20:05:36,827 - INFO - [pipeline.py:44] - ThermalImagingTransformer
2026-03-08 20:05:36,853 - INFO - [pipeline.py:44] - ColormapTransformer
2026-03-08 20:05:36,864 - INFO - [pipeline.py:44] - FractalWarpTransformer
2026-03-08 20:05:36,917 - INFO - [pipeline.py:117] - [Grade: A] Saved to: /Users/kenfasano/Scripts/ScreenArt/Images/TransformedImages/psalms_9-A.jpeg
2026-03-08 20:05:36,924 - INFO - [pipeline.py:44] - MeltMorphTransformer
2026-03-08 20:05:36,993 - INFO - [pipeline.py:117] - [Grade: B] Saved to: /Users/kenfasano/Scripts/ScreenArt/Images/TransformedImages/psalms_13-B.jpeg
2026-03-08 20:05:37,001 - INFO - [pipeline.py:44] - HalftoneTransformer
2026-03-08 20:05:37,050 - INFO - [pipeline.py:117] - [Grade: F] Saved to: /Users/kenfasano/Scripts/ScreenArt/Images/Rejected/psalms_45-F.jpeg
2026-03-08 20:05:37,057 - INFO - [pipeline.py:44] - WheelTransformer
2026-03-08 20:05:37,175 - INFO - [pipeline.py:117] - [Grade: F] Saved to: /Users/kenfasano/Scripts/ScreenArt/Images/Rejected/psalms_75-F.jpeg
2026-03-08 20:05:37,178 - INFO - [pipeline.py:44] - FlipWilsonTransformer
2026-03-08 20:05:37,202 - INFO - [pipeline.py:44] - DataMoshTransformer
2026-03-08 20:05:37,219 - INFO - [pipeline.py:117] - [Grade: F] Saved to: /Users/kenfasano/Scripts/ScreenArt/Images/Rejected/peripheral_drift_2-F.jpeg
2026-03-08 20:05:37,222 - INFO - [pipeline.py:44] - FisheyeTransformer
2026-03-08 20:05:37,230 - INFO - [pipeline.py:44] - TritoneTransformer
2026-03-08 20:05:37,239 - INFO - [pipeline.py:44] - FractalWarpTransformer
2026-03-08 20:05:37,258 - INFO - [pipeline.py:117] - [Grade: C] Saved to: /Users/kenfasano/Scripts/ScreenArt/Images/TransformedImages/peripheral_drift_3-C.jpeg
2026-03-08 20:05:37,261 - INFO - [pipeline.py:44] - PosterizationTransformer
2026-03-08 20:05:37,269 - INFO - [pipeline.py:117] - [Grade: F] Saved to: /Users/kenfasano/Scripts/ScreenArt/Images/Rejected/peripheral_drift_1-F.jpeg
2026-03-08 20:05:37,277 - INFO - [pipeline.py:44] - FluidWarpTransformer
2026-03-08 20:05:37,312 - INFO - [pipeline.py:44] - RadialWarpTransformer
2026-03-08 20:05:37,345 - INFO - [pipeline.py:117] - [Grade: C] Saved to: /Users/kenfasano/Scripts/ScreenArt/Images/TransformedImages/koch_snowflake_3_1-C.jpeg
2026-03-08 20:05:37,351 - INFO - [pipeline.py:44] - GlitchWarpTransformer
2026-03-08 20:05:37,379 - INFO - [pipeline.py:44] - TritoneTransformer
2026-03-08 20:05:37,409 - INFO - [pipeline.py:44] - ThreeDExtrusionTransformer
2026-03-08 20:05:37,458 - INFO - [pipeline.py:117] - [Grade: F] Saved to: /Users/kenfasano/Scripts/ScreenArt/Images/Rejected/koch_snowflake_3_2-F.jpeg
2026-03-08 20:05:37,466 - INFO - [pipeline.py:44] - XrayTransformer
2026-03-08 20:05:37,568 - INFO - [pipeline.py:44] - WatercolorTransformer
2026-03-08 20:05:37,645 - INFO - [pipeline.py:44] - PosterizationTransformer
2026-03-08 20:05:37,666 - INFO - [pipeline.py:117] - [Grade: F] Saved to: /Users/kenfasano/Scripts/ScreenArt/Images/Rejected/koch_snowflake_3_3-F.jpeg
2026-03-08 20:05:37,672 - INFO - [pipeline.py:44] - GlitchWarpTransformer
2026-03-08 20:05:37,699 - INFO - [pipeline.py:44] - TritoneTransformer
2026-03-08 20:05:37,728 - INFO - [pipeline.py:44] - FluidWarpTransformer
2026-03-08 20:05:37,833 - INFO - [pipeline.py:117] - [Grade: F] Saved to: /Users/kenfasano/Scripts/ScreenArt/Images/Rejected/koch_snowflake_3_4-F.jpeg
2026-03-08 20:05:37,840 - INFO - [pipeline.py:44] - XrayTransformer
2026-03-08 20:05:37,946 - INFO - [pipeline.py:44] - WatercolorTransformer
2026-03-08 20:05:38,027 - INFO - [pipeline.py:44] - RadialWarpTransformer
2026-03-08 20:05:38,056 - INFO - [pipeline.py:117] - [Grade: F] Saved to: /Users/kenfasano/Scripts/ScreenArt/Images/Rejected/koch_snowflake_3_5-F.jpeg
2026-03-08 20:05:38,072 - INFO - [pipeline.py:44] - FractalWarpTransformer
2026-03-08 20:05:38,125 - INFO - [pipeline.py:117] - [Grade: F] Saved to: /Users/kenfasano/Scripts/ScreenArt/Images/Rejected/hilbert_5-F.jpg
2026-03-08 20:05:38,136 - INFO - [pipeline.py:44] - WatercolorTransformer
2026-03-08 20:05:38,215 - INFO - [pipeline.py:44] - XrayTransformer
2026-03-08 20:05:38,317 - INFO - [pipeline.py:44] - FractalWarpTransformer
2026-03-08 20:05:38,352 - INFO - [pipeline.py:44] - AnamorphicTransformer
2026-03-08 20:05:38,432 - INFO - [pipeline.py:117] - [Grade: C] Saved to: /Users/kenfasano/Scripts/ScreenArt/Images/TransformedImages/hilbert_4-C.jpg
2026-03-08 20:05:38,445 - INFO - [pipeline.py:44] - FisheyeTransformer
2026-03-08 20:05:38,471 - INFO - [pipeline.py:44] - ThermalImagingTransformer
2026-03-08 20:05:38,498 - INFO - [pipeline.py:44] - InvertRGBTransformer
2026-03-08 20:05:38,499 - INFO - [pipeline.py:44] - DuotoneTransformer
2026-03-08 20:05:38,606 - INFO - [pipeline.py:117] - [Grade: F] Saved to: /Users/kenfasano/Scripts/ScreenArt/Images/Rejected/hilbert_1-F.jpg
2026-03-08 20:05:38,617 - INFO - [pipeline.py:44] - FlipWilsonTransformer
2026-03-08 20:05:38,673 - INFO - [pipeline.py:44] - RadialWarpTransformer
2026-03-08 20:05:38,686 - INFO - [pipeline.py:44] - GlitchWarpTransformer
2026-03-08 20:05:38,713 - INFO - [pipeline.py:44] - PosterizationTransformer
2026-03-08 20:05:38,733 - INFO - [pipeline.py:117] - [Grade: F] Saved to: /Users/kenfasano/Scripts/ScreenArt/Images/Rejected/hilbert_3-F.jpg
2026-03-08 20:05:38,743 - INFO - [pipeline.py:44] - ThreeDExtrusionTransformer
2026-03-08 20:05:38,777 - INFO - [pipeline.py:44] - HalftoneTransformer
2026-03-08 20:05:38,813 - INFO - [pipeline.py:44] - WheelTransformer
2026-03-08 20:05:38,930 - INFO - [pipeline.py:117] - [Grade: F] Saved to: /Users/kenfasano/Scripts/ScreenArt/Images/Rejected/hilbert_2-F.jpg
2026-03-08 20:05:38,930 - INFO - [main.py:196] - XrayTransformer
2026-03-08 20:05:38,930 - INFO - [main.py:196] - WheelTransformer
2026-03-08 20:05:38,930 - INFO - [main.py:196] - DuotoneTransformer
2026-03-08 20:05:38,930 - INFO - [main.py:196] - AnamorphicTransformer
2026-03-08 20:05:38,930 - INFO - [main.py:196] - MeltMorphTransformer
2026-03-08 20:05:38,930 - INFO - [main.py:196] - WatercolorTransformer
2026-03-08 20:05:38,930 - INFO - [main.py:196] - FluidWarpTransformer
2026-03-08 20:05:38,930 - INFO - [main.py:196] - FlipWilsonTransformer
2026-03-08 20:05:38,930 - INFO - [main.py:196] - SwirlWarpTransformer
2026-03-08 20:05:38,930 - INFO - [main.py:196] - FractalWarpTransformer
2026-03-08 20:05:38,930 - INFO - [main.py:196] - ThreeDExtrusionTransformer
2026-03-08 20:05:38,930 - INFO - [main.py:196] - DataMoshTransformer
2026-03-08 20:05:38,930 - INFO - [main.py:196] - TritoneTransformer
2026-03-08 20:05:38,930 - INFO - [main.py:196] - HalftoneTransformer
2026-03-08 20:05:38,930 - INFO - [main.py:196] - ThermalImagingTransformer
2026-03-08 20:05:38,930 - INFO - [main.py:196] - GlitchWarpTransformer
2026-03-08 20:05:38,930 - INFO - [main.py:196] - FisheyeTransformer
2026-03-08 20:05:38,930 - INFO - [main.py:196] - RadialWarpTransformer
2026-03-08 20:05:38,930 - INFO - [main.py:196] - ColormapTransformer
2026-03-08 20:05:38,930 - INFO - [main.py:196] - PosterizationTransformer
2026-03-08 20:05:38,930 - INFO - [main.py:196] - InvertRGBTransformer
2026-03-08 20:05:38,931 - INFO - [main.py:239] - 16s@20:05 ✓
Accepted: 25
Rejected: 42
---
Wiki                       ->  3812ms
Nasa                       ->  1240ms
GoesGenerator              ->   956ms
Cubes                      ->   480ms
Bible                      ->   464ms
KochSnowflake              ->   313ms
Lojong                     ->   243ms
Bubbles                    ->   240ms
Hilbert                    ->    86ms
PeripheralDriftIllusion    ->    48ms
NasaMapGenerator           ->    45ms
---
XrayTransformer            -> Min:    56ms | Avg:    89ms | Max:   106ms
WheelTransformer           -> Min:    27ms | Avg:    88ms | Max:   102ms
DuotoneTransformer         -> Min:    27ms | Avg:    86ms | Max:   116ms
AnamorphicTransformer      -> Min:    10ms | Avg:    77ms | Max:   244ms
MeltMorphTransformer       -> Min:    52ms | Avg:    67ms | Max:   151ms
WatercolorTransformer      -> Min:    28ms | Avg:    66ms | Max:    83ms
FluidWarpTransformer       -> Min:     7ms | Avg:    59ms | Max:    91ms
FlipWilsonTransformer      -> Min:    19ms | Avg:    45ms | Max:    60ms
SwirlWarpTransformer       -> Min:    30ms | Avg:    44ms | Max:    62ms
FractalWarpTransformer     -> Min:     6ms | Avg:    30ms | Max:    48ms
ThreeDExtrusionTransformer -> Min:     5ms | Avg:    26ms | Max:    34ms
DataMoshTransformer        -> Min:    11ms | Avg:    24ms | Max:    36ms
TritoneTransformer         -> Min:     7ms | Avg:    24ms | Max:    29ms
HalftoneTransformer        -> Min:     6ms | Avg:    24ms | Max:    36ms
ThermalImagingTransformer  -> Min:     7ms | Avg:    23ms | Max:    31ms
GlitchWarpTransformer      -> Min:     3ms | Avg:    22ms | Max:    34ms
FisheyeTransformer         -> Min:     7ms | Avg:    20ms | Max:    31ms
RadialWarpTransformer      -> Min:     5ms | Avg:    15ms | Max:    24ms
ColormapTransformer        -> Min:     4ms | Avg:    10ms | Max:    13ms
PosterizationTransformer   -> Min:     2ms | Avg:     4ms | Max:     6ms
InvertRGBTransformer       -> Min:     0ms | Avg:     1ms | Max:     2ms
