2026-03-23 10:31:54,931 - INFO - [pipeline.py:136] - "WheelTransformer","blend=add,copies=3"
2026-03-23 10:31:54,979 - INFO - [pipeline.py:136] - "DataMoshTransformer","intensity=0.02"
2026-03-23 10:31:55,006 - INFO - [pipeline.py:136] - "ColormapTransformer","map=summer"
2026-03-23 10:31:55,045 - INFO - [pipeline.py:136] - "FractalWarpTransformer","iter=1,scale=0.05"
2026-03-23 10:31:55,069 - INFO - [pipeline.py:248] - [Grade: A] Saved to: /Users/kenfasano/Scripts/ScreenArt/Images/TransformedImages/bubbles_4-A.jpeg
2026-03-23 10:31:55,185 - INFO - [pipeline.py:136] - "FlipWilsonTransformer","keep=top_left,narrow=0.22"
2026-03-23 10:31:55,321 - INFO - [pipeline.py:136] - "PixelSortTransformer","direction=cols,high=0.64,low=0.05,sort_key=brightness"
2026-03-23 10:31:55,358 - INFO - [pipeline.py:136] - "DataMoshTransformer","intensity=0.01"
2026-03-23 10:31:55,377 - INFO - [pipeline.py:248] - [Grade: A] Saved to: /Users/kenfasano/Scripts/ScreenArt/Images/TransformedImages/bubbles_8-A.jpeg
2026-03-23 10:31:55,414 - INFO - [pipeline.py:136] - "GlitchWarpTransformer","intensity=0.01"
2026-03-23 10:31:55,432 - INFO - [pipeline.py:248] - [Grade: C] Saved to: /Users/kenfasano/Scripts/ScreenArt/Images/TransformedImages/bubbles_9-C.jpeg
2026-03-23 10:31:55,470 - INFO - [pipeline.py:136] - "GlitchWarpTransformer","intensity=0.01"
2026-03-23 10:31:55,587 - INFO - [pipeline.py:136] - "WheelTransformer","blend=add,copies=3"
2026-03-23 10:31:55,606 - INFO - [pipeline.py:248] - [Grade: C] Saved to: /Users/kenfasano/Scripts/ScreenArt/Images/TransformedImages/bubbles_5-C.jpeg
2026-03-23 10:31:55,726 - INFO - [pipeline.py:136] - "WheelTransformer","blend=add,copies=3"
2026-03-23 10:31:55,743 - INFO - [pipeline.py:248] - [Grade: B] Saved to: /Users/kenfasano/Scripts/ScreenArt/Images/TransformedImages/bubbles_2-B.jpeg
2026-03-23 10:31:55,792 - INFO - [pipeline.py:136] - "SwirlWarpTransformer","strength=1.50"
2026-03-23 10:31:55,810 - INFO - [pipeline.py:248] - [Grade: F] Saved to: /Users/kenfasano/Scripts/ScreenArt/Images/Rejected/bubbles_3-F.jpeg
2026-03-23 10:31:55,858 - INFO - [pipeline.py:136] - "SwirlWarpTransformer","strength=1.50"
2026-03-23 10:31:55,871 - INFO - [pipeline.py:136] - "ColormapTransformer","map=rainbow"
2026-03-23 10:31:55,924 - INFO - [pipeline.py:136] - "HalftoneTransformer","size=2"
2026-03-23 10:31:55,957 - INFO - [pipeline.py:136] - "FisheyeTransformer","shape=oval,strength=0.23,zoom=0.96"
2026-03-23 10:31:55,974 - INFO - [pipeline.py:248] - [Grade: A] Saved to: /Users/kenfasano/Scripts/ScreenArt/Images/TransformedImages/bubbles_10-A.jpeg
2026-03-23 10:31:56,020 - INFO - [pipeline.py:136] - "ThermalImagingTransformer","thermal=True"
2026-03-23 10:31:56,057 - INFO - [pipeline.py:136] - "DataMoshTransformer","intensity=0.01"
2026-03-23 10:31:56,085 - INFO - [pipeline.py:136] - "ChromaticAberrationTransformer","angle=96.50,edge_fade=1,shift=4.00"
2026-03-23 10:31:56,105 - INFO - [pipeline.py:248] - [Grade: A] Saved to: /Users/kenfasano/Scripts/ScreenArt/Images/TransformedImages/bubbles_1-A.jpeg
2026-03-23 10:31:56,167 - INFO - [pipeline.py:136] - "MeltMorphTransformer","intensity=0.50"
2026-03-23 10:31:56,185 - INFO - [pipeline.py:248] - [Grade: C] Saved to: /Users/kenfasano/Scripts/ScreenArt/Images/TransformedImages/bubbles_6-C.jpeg
2026-03-23 10:31:56,206 - INFO - [pipeline.py:136] - "PosterizationTransformer","levels=4"
2026-03-23 10:31:56,224 - INFO - [pipeline.py:248] - [Grade: C] Saved to: /Users/kenfasano/Scripts/ScreenArt/Images/TransformedImages/bubbles_7-C.jpeg
2026-03-23 10:31:56,245 - INFO - [pipeline.py:136] - "ColormapTransformer","map=hsv"
2026-03-23 10:31:56,281 - INFO - [pipeline.py:136] - "FractalWarpTransformer","iter=1,scale=0.05"
2026-03-23 10:31:56,300 - INFO - [pipeline.py:248] - [Grade: A] Saved to: /Users/kenfasano/Scripts/ScreenArt/Images/TransformedImages/cubes_2-A.jpeg
2026-03-23 10:31:56,418 - INFO - [pipeline.py:136] - "WheelTransformer","blend=add,copies=3"
2026-03-23 10:31:56,455 - INFO - [pipeline.py:136] - "FractalWarpTransformer","iter=1,scale=0.05"
2026-03-23 10:31:56,471 - INFO - [pipeline.py:248] - [Grade: A] Saved to: /Users/kenfasano/Scripts/ScreenArt/Images/TransformedImages/cubes_3-A.jpeg
2026-03-23 10:31:56,532 - INFO - [pipeline.py:136] - "KaleidoscopeTransformer","cx_off=0.15,cy_off=-0.18,segments=6"
2026-03-23 10:31:56,545 - INFO - [pipeline.py:136] - "PosterizationTransformer","levels=4"
2026-03-23 10:31:56,598 - INFO - [pipeline.py:136] - "HalftoneTransformer","size=2"
2026-03-23 10:31:56,614 - INFO - [pipeline.py:248] - [Grade: A] Saved to: /Users/kenfasano/Scripts/ScreenArt/Images/TransformedImages/cubes_4-A.jpeg
2026-03-23 10:31:56,639 - INFO - [pipeline.py:136] - "RadialWarpTransformer","radius=0.25,strength=60.94099098221061,style=push"
2026-03-23 10:31:56,676 - INFO - [pipeline.py:136] - "PixelSortTransformer","direction=rows,high=0.68,low=0.34,sort_key=brightness"
2026-03-23 10:31:56,727 - INFO - [pipeline.py:136] - "KaleidoscopeTransformer","cx_off=-0.07,cy_off=0.15,segments=6"
2026-03-23 10:31:56,745 - INFO - [pipeline.py:248] - [Grade: A] Saved to: /Users/kenfasano/Scripts/ScreenArt/Images/TransformedImages/cubes_5-A.jpeg
2026-03-23 10:31:56,801 - INFO - [pipeline.py:136] - "HalftoneTransformer","size=2"
2026-03-23 10:31:56,842 - INFO - [pipeline.py:136] - "FluidWarpTransformer","alpha=5.74,sigma=3.94"
2026-03-23 10:31:56,858 - INFO - [pipeline.py:248] - [Grade: B] Saved to: /Users/kenfasano/Scripts/ScreenArt/Images/TransformedImages/cubes_6-B.jpeg
2026-03-23 10:31:56,879 - INFO - [pipeline.py:136] - "ColormapTransformer","map=bone"
2026-03-23 10:31:56,915 - INFO - [pipeline.py:136] - "ThermalImagingTransformer","thermal=True"
2026-03-23 10:31:56,987 - INFO - [pipeline.py:136] - "PixelSortTransformer","direction=rows,high=0.56,low=0.05,sort_key=saturation"
2026-03-23 10:31:57,099 - INFO - [pipeline.py:136] - "WheelTransformer","blend=add,copies=3"
2026-03-23 10:31:57,118 - INFO - [pipeline.py:248] - [Grade: A] Saved to: /Users/kenfasano/Scripts/ScreenArt/Images/TransformedImages/cubes_1-A.jpeg
2026-03-23 10:31:57,150 - INFO - [pipeline.py:136] - "WheelTransformer","blend=add,copies=3"
2026-03-23 10:31:57,156 - INFO - [pipeline.py:248] - [Grade: A] Saved to: /Users/kenfasano/Scripts/ScreenArt/Images/TransformedImages/skylens_nyman-A.jpg
2026-03-23 10:31:57,194 - INFO - [pipeline.py:136] - "WheelTransformer","blend=add,copies=3"
2026-03-23 10:31:57,204 - INFO - [pipeline.py:136] - "ChromaticAberrationTransformer","angle=149.10,edge_fade=1,shift=16.60"
2026-03-23 10:31:57,219 - INFO - [pipeline.py:136] - "HalftoneTransformer","size=2"
2026-03-23 10:31:57,223 - INFO - [pipeline.py:136] - "ColormapTransformer","map=hsv"
2026-03-23 10:31:57,230 - INFO - [pipeline.py:248] - [Grade: A] Saved to: /Users/kenfasano/Scripts/ScreenArt/Images/TransformedImages/AntarcticEclipse_bruenjes_960-A.jpg
2026-03-23 10:31:57,270 - INFO - [pipeline.py:136] - "HalftoneTransformer","size=2"
2026-03-23 10:31:57,297 - INFO - [pipeline.py:136] - "SwirlWarpTransformer","strength=1.50"
2026-03-23 10:31:57,306 - INFO - [pipeline.py:136] - "PosterizationTransformer","levels=4"
2026-03-23 10:31:57,327 - INFO - [pipeline.py:136] - "FisheyeTransformer","shape=oval,strength=0.74,zoom=1.11"
2026-03-23 10:31:57,339 - INFO - [pipeline.py:248] - [Grade: A] Saved to: /Users/kenfasano/Scripts/ScreenArt/Images/TransformedImages/ActiveSun_NuSTAR_960-A.jpg
2026-03-23 10:31:57,376 - INFO - [pipeline.py:136] - "WheelTransformer","blend=add,copies=3"
2026-03-23 10:31:57,384 - INFO - [pipeline.py:136] - "RadialWarpTransformer","radius=0.25,strength=66.79343215218975,122.8069218743571,86.87229003736812,style=push,pull,push"
2026-03-23 10:31:57,396 - INFO - [pipeline.py:136] - "FractalWarpTransformer","iter=1,scale=0.05"
2026-03-23 10:31:57,400 - INFO - [pipeline.py:136] - "PosterizationTransformer","levels=4"
2026-03-23 10:31:57,408 - INFO - [pipeline.py:248] - [Grade: A] Saved to: /Users/kenfasano/Scripts/ScreenArt/Images/TransformedImages/CarNorth_Taylor_960-A.jpg
2026-03-23 10:31:57,473 - INFO - [pipeline.py:136] - "OilPaintingTransformer","dyn_ratio=8,size=3"
2026-03-23 10:31:57,514 - INFO - [pipeline.py:136] - "WheelTransformer","blend=add,copies=3"
2026-03-23 10:31:57,530 - INFO - [pipeline.py:136] - "SwirlWarpTransformer","strength=1.50"
2026-03-23 10:31:57,544 - INFO - [pipeline.py:136] - "ThermalImagingTransformer","thermal=True"
2026-03-23 10:31:57,552 - INFO - [pipeline.py:248] - [Grade: A] Saved to: /Users/kenfasano/Scripts/ScreenArt/Images/TransformedImages/rosette_ebersole-A.jpg
2026-03-23 10:31:57,565 - INFO - [pipeline.py:136] - "RadialWarpTransformer","radius=0.25,strength=107.89076322726943,style=pull"
2026-03-23 10:31:57,603 - INFO - [pipeline.py:136] - "FlipWilsonTransformer","keep=top_left,narrow=0.22"
2026-03-23 10:31:57,612 - INFO - [pipeline.py:248] - [Grade: A] Saved to: /Users/kenfasano/Scripts/ScreenArt/Images/TransformedImages/Soul_Jimenez_1080-A.jpg
2026-03-23 10:31:57,659 - INFO - [pipeline.py:136] - "OilPaintingTransformer","dyn_ratio=4,size=3"
2026-03-23 10:31:57,669 - INFO - [pipeline.py:136] - "FisheyeTransformer","shape=oval,strength=0.42,zoom=1.10"
2026-03-23 10:31:57,677 - INFO - [pipeline.py:248] - [Grade: A] Saved to: /Users/kenfasano/Scripts/ScreenArt/Images/TransformedImages/SunRose_bbso_960-A.jpg
2026-03-23 10:31:57,738 - INFO - [pipeline.py:136] - "WheelTransformer","blend=add,copies=3"
2026-03-23 10:31:57,750 - INFO - [pipeline.py:136] - "GlitchWarpTransformer","intensity=0.01"
2026-03-23 10:31:57,767 - INFO - [pipeline.py:136] - "SwirlWarpTransformer","strength=1.50"
2026-03-23 10:31:57,791 - INFO - [pipeline.py:136] - "KaleidoscopeTransformer","cx_off=-0.07,cy_off=-0.17,segments=8"
2026-03-23 10:31:57,877 - INFO - [pipeline.py:248] - [Grade: C] Saved to: /Users/kenfasano/Scripts/ScreenArt/Images/TransformedImages/c2022E3_ZTF_Bartlett800-C.png
2026-03-23 10:31:57,888 - INFO - [pipeline.py:136] - "RadialWarpTransformer","radius=0.25,strength=79.64250547048783,style=push"
2026-03-23 10:31:57,895 - INFO - [pipeline.py:248] - [Grade: A] Saved to: /Users/kenfasano/Scripts/ScreenArt/Images/TransformedImages/Hoag_HubbleBlanco_1080-A.jpg
2026-03-23 10:31:57,927 - INFO - [pipeline.py:136] - "MeltMorphTransformer","intensity=0.50"
2026-03-23 10:31:57,962 - INFO - [pipeline.py:136] - "FlipWilsonTransformer","keep=top_left,narrow=0.22"
2026-03-23 10:31:57,970 - INFO - [pipeline.py:248] - [Grade: C] Saved to: /Users/kenfasano/Scripts/ScreenArt/Images/TransformedImages/Firefox-Lehtonen-Dennis1024-C.jpg
2026-03-23 10:31:58,102 - INFO - [pipeline.py:136] - "OilPaintingTransformer","dyn_ratio=1,size=6"
2026-03-23 10:31:58,105 - INFO - [pipeline.py:136] - "PixelSortTransformer","direction=rows,high=0.72,low=0.09,sort_key=red"
2026-03-23 10:31:58,147 - INFO - [pipeline.py:136] - "FluidWarpTransformer","alpha=16.04,sigma=4.70"
2026-03-23 10:31:58,162 - INFO - [pipeline.py:248] - [Grade: F] Saved to: /Users/kenfasano/Scripts/ScreenArt/Images/Rejected/nasa_earth_2_Dhaka_Night_Lights-F.jpeg
2026-03-23 10:31:58,692 - INFO - [pipeline.py:136] - "PixelSortTransformer","direction=cols,high=0.64,low=0.22,sort_key=saturation"
2026-03-23 10:31:58,713 - INFO - [pipeline.py:248] - [Grade: A] Saved to: /Users/kenfasano/Scripts/ScreenArt/Images/TransformedImages/nasa_earth_3_Dhaka_Vegetation_False_Color-A.jpeg
2026-03-23 10:31:58,837 - INFO - [pipeline.py:136] - "WheelTransformer","blend=add,copies=3"
2026-03-23 10:31:58,892 - INFO - [pipeline.py:136] - "MeltMorphTransformer","intensity=0.50"
2026-03-23 10:31:58,930 - INFO - [pipeline.py:136] - "DataMoshTransformer","intensity=0.02"
2026-03-23 10:31:58,949 - INFO - [pipeline.py:248] - [Grade: A] Saved to: /Users/kenfasano/Scripts/ScreenArt/Images/TransformedImages/nasa_earth_1_Cairo_True_Color-A.jpeg
2026-03-23 10:31:59,012 - INFO - [pipeline.py:136] - "MeltMorphTransformer","intensity=0.50"
2026-03-23 10:31:59,048 - INFO - [pipeline.py:136] - "FractalWarpTransformer","iter=1,scale=0.05"
2026-03-23 10:31:59,168 - INFO - [pipeline.py:136] - "FlipWilsonTransformer","keep=top_left,narrow=0.22"
2026-03-23 10:31:59,402 - INFO - [pipeline.py:136] - "WatercolorTransformer","scale=0.85,style=psychedelic"
2026-03-23 10:31:59,420 - INFO - [pipeline.py:248] - [Grade: C] Saved to: /Users/kenfasano/Scripts/ScreenArt/Images/TransformedImages/nasa_earth_4_London_Surface_Temp_Day-C.jpeg
2026-03-23 10:31:59,502 - INFO - [pipeline.py:136] - "WheelTransformer","blend=add,copies=3"
2026-03-23 10:31:59,535 - INFO - [pipeline.py:136] - "HalftoneTransformer","size=2"
2026-03-23 10:31:59,554 - INFO - [pipeline.py:136] - "GlitchWarpTransformer","intensity=0.01"
2026-03-23 10:31:59,567 - INFO - [pipeline.py:248] - [Grade: A] Saved to: /Users/kenfasano/Scripts/ScreenArt/Images/TransformedImages/noaa_goes_1_se_Air_Mass-A.jpeg
2026-03-23 10:31:59,599 - INFO - [pipeline.py:136] - "RadialWarpTransformer","radius=0.25,strength=85.31828900137782,style=pull"
2026-03-23 10:31:59,620 - INFO - [pipeline.py:248] - [Grade: A] Saved to: /Users/kenfasano/Scripts/ScreenArt/Images/TransformedImages/Busseja_-A.jpeg
2026-03-23 10:31:59,647 - INFO - [pipeline.py:136] - "ColormapTransformer","map=hsv"
2026-03-23 10:31:59,674 - INFO - [pipeline.py:248] - [Grade: A] Saved to: /Users/kenfasano/Scripts/ScreenArt/Images/TransformedImages/thumbnai-A.jpeg
2026-03-23 10:31:59,714 - INFO - [pipeline.py:136] - "RadialWarpTransformer","radius=0.25,strength=60.754344716031255,style=pull"
2026-03-23 10:31:59,773 - INFO - [pipeline.py:136] - "DataMoshTransformer","intensity=0.02"
2026-03-23 10:31:59,842 - INFO - [pipeline.py:136] - "KaleidoscopeTransformer","cx_off=-0.16,cy_off=0.03,segments=4"
2026-03-23 10:31:59,889 - INFO - [pipeline.py:136] - "FractalWarpTransformer","iter=1,scale=0.05"
2026-03-23 10:31:59,915 - INFO - [pipeline.py:248] - [Grade: A] Saved to: /Users/kenfasano/Scripts/ScreenArt/Images/TransformedImages/116th_St-A.jpeg
2026-03-23 10:32:00,083 - INFO - [pipeline.py:136] - "FractalWarpTransformer","iter=1,scale=0.05"
2026-03-23 10:32:00,126 - INFO - [pipeline.py:248] - [Grade: A] Saved to: /Users/kenfasano/Scripts/ScreenArt/Images/TransformedImages/Musée_De-A.jpeg
2026-03-23 10:32:00,321 - INFO - [pipeline.py:136] - "VoronoiTransformer","edge_blend=1,num_points=87"
2026-03-23 10:32:00,339 - INFO - [pipeline.py:136] - "ColormapTransformer","map=autumn"
2026-03-23 10:32:00,379 - INFO - [pipeline.py:136] - "GlitchWarpTransformer","intensity=0.01"
2026-03-23 10:32:00,417 - INFO - [pipeline.py:136] - "ChromaticAberrationTransformer","angle=107.60,edge_fade=1,shift=8.90"
2026-03-23 10:32:00,441 - INFO - [pipeline.py:248] - [Grade: A] Saved to: /Users/kenfasano/Scripts/ScreenArt/Images/TransformedImages/Begonia_-A.jpeg
2026-03-23 10:32:00,559 - INFO - [pipeline.py:136] - "FlipWilsonTransformer","keep=top_left,narrow=0.22"
2026-03-23 10:32:00,578 - INFO - [pipeline.py:248] - [Grade: A] Saved to: /Users/kenfasano/Scripts/ScreenArt/Images/TransformedImages/lojong_2-A-tile.jpeg
2026-03-23 10:32:00,600 - INFO - [pipeline.py:136] - "PosterizationTransformer","levels=4"
2026-03-23 10:32:00,619 - INFO - [pipeline.py:248] - [Grade: A] Saved to: /Users/kenfasano/Scripts/ScreenArt/Images/TransformedImages/lojong_3-A-hero.jpeg
2026-03-23 10:32:00,679 - INFO - [pipeline.py:136] - "HalftoneTransformer","size=2"
2026-03-23 10:32:00,984 - INFO - [pipeline.py:136] - "VoronoiTransformer","edge_blend=1,num_points=234"
2026-03-23 10:32:01,020 - INFO - [pipeline.py:136] - "ThermalImagingTransformer","thermal=True"
2026-03-23 10:32:01,039 - INFO - [pipeline.py:248] - [Grade: C] Saved to: /Users/kenfasano/Scripts/ScreenArt/Images/TransformedImages/lojong_8-C-tile.jpeg
2026-03-23 10:32:01,105 - INFO - [pipeline.py:136] - "MeltMorphTransformer","intensity=0.50"
2026-03-23 10:32:01,130 - INFO - [pipeline.py:136] - "RadialWarpTransformer","radius=0.25,strength=125.80202837103256,68.09411257300403,136.47769383846793,style=push,push,pull"
2026-03-23 10:32:01,167 - INFO - [pipeline.py:136] - "DataMoshTransformer","intensity=0.01"
2026-03-23 10:32:01,187 - INFO - [pipeline.py:248] - [Grade: A] Saved to: /Users/kenfasano/Scripts/ScreenArt/Images/TransformedImages/lojong_4-A-columns.jpeg
2026-03-23 10:32:01,223 - INFO - [pipeline.py:136] - "ChromaticAberrationTransformer","angle=158.80,edge_fade=1,shift=17.30"
2026-03-23 10:32:01,247 - INFO - [pipeline.py:136] - "RadialWarpTransformer","radius=0.25,strength=81.45836073440995,118.12546859953318,36.255647995662684,style=pull,push,pull"
2026-03-23 10:32:01,362 - INFO - [pipeline.py:136] - "VoronoiTransformer","edge_blend=1,num_points=70"
2026-03-23 10:32:01,381 - INFO - [pipeline.py:248] - [Grade: C] Saved to: /Users/kenfasano/Scripts/ScreenArt/Images/TransformedImages/lojong_5-C-columns.jpeg
2026-03-23 10:32:01,496 - INFO - [pipeline.py:136] - "OilPaintingTransformer","dyn_ratio=1,size=4"
2026-03-23 10:32:01,509 - INFO - [pipeline.py:136] - "ColormapTransformer","map=ocean"
2026-03-23 10:32:01,726 - INFO - [pipeline.py:136] - "WatercolorTransformer","scale=0.85,style=psychedelic"
2026-03-23 10:32:01,744 - INFO - [pipeline.py:248] - [Grade: A] Saved to: /Users/kenfasano/Scripts/ScreenArt/Images/TransformedImages/lojong_9-A-scatter.jpeg
2026-03-23 10:32:01,802 - INFO - [pipeline.py:136] - "HalftoneTransformer","size=2"
2026-03-23 10:32:01,815 - INFO - [pipeline.py:136] - "PosterizationTransformer","levels=4"
2026-03-23 10:32:01,923 - INFO - [pipeline.py:136] - "FlipWilsonTransformer","keep=top_left,narrow=0.22"
2026-03-23 10:32:01,939 - INFO - [pipeline.py:248] - [Grade: A] Saved to: /Users/kenfasano/Scripts/ScreenArt/Images/TransformedImages/lojong_6-A-tile.jpeg
2026-03-23 10:32:02,000 - INFO - [pipeline.py:136] - "MeltMorphTransformer","intensity=0.50"
2026-03-23 10:32:02,348 - INFO - [pipeline.py:136] - "VoronoiTransformer","edge_blend=1,num_points=277"
2026-03-23 10:32:02,385 - INFO - [pipeline.py:136] - "DataMoshTransformer","intensity=0.02"
2026-03-23 10:32:02,497 - INFO - [pipeline.py:136] - "WheelTransformer","blend=add,copies=3"
2026-03-23 10:32:02,519 - INFO - [pipeline.py:248] - [Grade: A] Saved to: /Users/kenfasano/Scripts/ScreenArt/Images/TransformedImages/lojong_7-A-hero.jpeg
2026-03-23 10:32:02,562 - INFO - [pipeline.py:136] - "ThermalImagingTransformer","thermal=True"
2026-03-23 10:32:02,613 - INFO - [pipeline.py:136] - "FluidWarpTransformer","alpha=3.33,sigma=7.79"
2026-03-23 10:32:02,647 - INFO - [pipeline.py:136] - "FractalWarpTransformer","iter=1,scale=0.05"
2026-03-23 10:32:02,665 - INFO - [pipeline.py:248] - [Grade: C] Saved to: /Users/kenfasano/Scripts/ScreenArt/Images/TransformedImages/lojong_0-C-scatter.jpeg
2026-03-23 10:32:02,782 - INFO - [pipeline.py:136] - "WheelTransformer","blend=add,copies=3"
2026-03-23 10:32:02,800 - INFO - [pipeline.py:248] - [Grade: A] Saved to: /Users/kenfasano/Scripts/ScreenArt/Images/TransformedImages/lojong_1-A-hero.jpeg
2026-03-23 10:32:02,843 - INFO - [pipeline.py:136] - "FractalWarpTransformer","iter=1,scale=0.05"
2026-03-23 10:32:02,862 - INFO - [pipeline.py:248] - [Grade: A] Saved to: /Users/kenfasano/Scripts/ScreenArt/Images/TransformedImages/psalms_17-A-scatter.jpeg
2026-03-23 10:32:03,297 - INFO - [pipeline.py:136] - "VoronoiTransformer","edge_blend=1,num_points=339"
2026-03-23 10:32:03,489 - INFO - [pipeline.py:136] - "FractalWarpTransformer","iter=1,scale=0.05"
2026-03-23 10:32:03,537 - INFO - [pipeline.py:136] - "PosterizationTransformer","levels=4"
2026-03-23 10:32:03,561 - INFO - [pipeline.py:248] - [Grade: A] Saved to: /Users/kenfasano/Scripts/ScreenArt/Images/TransformedImages/psalms_77-A-hero.jpeg
2026-03-23 10:32:03,613 - INFO - [pipeline.py:136] - "ThermalImagingTransformer","thermal=True"
2026-03-23 10:32:03,634 - INFO - [pipeline.py:248] - [Grade: A] Saved to: /Users/kenfasano/Scripts/ScreenArt/Images/TransformedImages/psalms_52-A-columns.jpeg
2026-03-23 10:32:03,655 - INFO - [pipeline.py:136] - "PosterizationTransformer","levels=4"
2026-03-23 10:32:03,674 - INFO - [pipeline.py:248] - [Grade: A] Saved to: /Users/kenfasano/Scripts/ScreenArt/Images/TransformedImages/psalms_8-A-tile.jpeg
2026-03-23 10:32:03,695 - INFO - [pipeline.py:136] - "PosterizationTransformer","levels=4"
2026-03-23 10:32:03,734 - INFO - [pipeline.py:136] - "SwirlWarpTransformer","strength=1.50"
2026-03-23 10:32:03,769 - INFO - [pipeline.py:136] - "FractalWarpTransformer","iter=1,scale=0.05"
2026-03-23 10:32:04,060 - INFO - [pipeline.py:136] - "VoronoiTransformer","edge_blend=1,num_points=226"
2026-03-23 10:32:04,079 - INFO - [pipeline.py:248] - [Grade: A] Saved to: /Users/kenfasano/Scripts/ScreenArt/Images/TransformedImages/psalms_86-A-scatter.jpeg
2026-03-23 10:32:04,112 - INFO - [pipeline.py:136] - "RadialWarpTransformer","radius=0.25,strength=47.50329702770447,132.83985574014127,137.3592360999674,style=pull,push,pull"
2026-03-23 10:32:04,147 - INFO - [pipeline.py:136] - "FractalWarpTransformer","iter=1,scale=0.05"
2026-03-23 10:32:04,166 - INFO - [pipeline.py:248] - [Grade: A] Saved to: /Users/kenfasano/Scripts/ScreenArt/Images/TransformedImages/psalms_118-A-hero.jpeg
2026-03-23 10:32:04,189 - INFO - [pipeline.py:136] - "PosterizationTransformer","levels=4"
2026-03-23 10:32:04,205 - INFO - [pipeline.py:136] - "RadialWarpTransformer","radius=0.25,strength=41.44332505980391,style=push"
2026-03-23 10:32:04,233 - INFO - [pipeline.py:136] - "GlitchWarpTransformer","intensity=0.01"
2026-03-23 10:32:04,271 - INFO - [pipeline.py:136] - "DataMoshTransformer","intensity=0.02"
2026-03-23 10:32:04,293 - INFO - [pipeline.py:248] - [Grade: C] Saved to: /Users/kenfasano/Scripts/ScreenArt/Images/TransformedImages/psalms_144-C-columns.jpeg
2026-03-23 10:32:04,330 - INFO - [pipeline.py:136] - "GlitchWarpTransformer","intensity=0.01"
2026-03-23 10:32:04,452 - INFO - [pipeline.py:136] - "OilPaintingTransformer","dyn_ratio=8,size=6"
2026-03-23 10:32:04,564 - INFO - [pipeline.py:136] - "WheelTransformer","blend=add,copies=3"
2026-03-23 10:32:04,844 - INFO - [pipeline.py:136] - "VoronoiTransformer","edge_blend=1,num_points=216"
2026-03-23 10:32:04,863 - INFO - [pipeline.py:248] - [Grade: A] Saved to: /Users/kenfasano/Scripts/ScreenArt/Images/TransformedImages/psalms_149-A-scatter.jpeg
2026-03-23 10:32:05,021 - INFO - [pipeline.py:136] - "PixelSortTransformer","direction=rows,high=0.61,low=0.20,sort_key=brightness"
2026-03-23 10:32:05,282 - INFO - [pipeline.py:136] - "VoronoiTransformer","edge_blend=1,num_points=200"
2026-03-23 10:32:05,495 - INFO - [pipeline.py:136] - "WatercolorTransformer","scale=0.85,style=monet"
2026-03-23 10:32:05,521 - INFO - [pipeline.py:136] - "FisheyeTransformer","shape=oval,strength=0.29,zoom=1.04"
2026-03-23 10:32:05,540 - INFO - [pipeline.py:248] - [Grade: A] Saved to: /Users/kenfasano/Scripts/ScreenArt/Images/TransformedImages/psalms_63-A-scatter.jpeg
2026-03-23 10:32:05,578 - INFO - [pipeline.py:136] - "GlitchWarpTransformer","intensity=0.01"
2026-03-23 10:32:05,592 - INFO - [pipeline.py:136] - "PosterizationTransformer","levels=4"
2026-03-23 10:32:05,631 - INFO - [pipeline.py:136] - "SwirlWarpTransformer","strength=1.50"
2026-03-23 10:32:05,789 - INFO - [pipeline.py:136] - "VoronoiTransformer","edge_blend=1,num_points=111"
2026-03-23 10:32:05,807 - INFO - [pipeline.py:248] - [Grade: A] Saved to: /Users/kenfasano/Scripts/ScreenArt/Images/TransformedImages/psalms_38-A-tile.jpeg
2026-03-23 10:32:05,844 - INFO - [pipeline.py:136] - "WheelTransformer","blend=add,copies=3"
2026-03-23 10:32:05,855 - INFO - [pipeline.py:136] - "ThermalImagingTransformer","thermal=True"
2026-03-23 10:32:05,868 - INFO - [pipeline.py:136] - "SwirlWarpTransformer","strength=1.50"
2026-03-23 10:32:05,875 - INFO - [pipeline.py:248] - [Grade: A] Saved to: /Users/kenfasano/Scripts/ScreenArt/Images/TransformedImages/peripheral_drift_18-A.jpeg
2026-03-23 10:32:05,885 - INFO - [pipeline.py:136] - "FisheyeTransformer","shape=oval,strength=0.22,zoom=1.09"
2026-03-23 10:32:05,892 - INFO - [pipeline.py:248] - [Grade: A] Saved to: /Users/kenfasano/Scripts/ScreenArt/Images/TransformedImages/peripheral_drift_2-A.jpeg
2026-03-23 10:32:05,899 - INFO - [pipeline.py:136] - "PosterizationTransformer","levels=4"
2026-03-23 10:32:05,905 - INFO - [pipeline.py:248] - [Grade: A] Saved to: /Users/kenfasano/Scripts/ScreenArt/Images/TransformedImages/peripheral_drift_14-A.jpeg
2026-03-23 10:32:05,918 - INFO - [pipeline.py:136] - "FluidWarpTransformer","alpha=0.77,sigma=2.19"
2026-03-23 10:32:05,932 - INFO - [pipeline.py:136] - "ThermalImagingTransformer","thermal=True"
2026-03-23 10:32:05,936 - INFO - [pipeline.py:136] - "PosterizationTransformer","levels=4"
2026-03-23 10:32:05,947 - INFO - [pipeline.py:136] - "FractalWarpTransformer","iter=1,scale=0.05"
2026-03-23 10:32:05,954 - INFO - [pipeline.py:248] - [Grade: A] Saved to: /Users/kenfasano/Scripts/ScreenArt/Images/TransformedImages/peripheral_drift_15-A.jpeg
2026-03-23 10:32:05,969 - INFO - [pipeline.py:136] - "SwirlWarpTransformer","strength=1.50"
2026-03-23 10:32:06,028 - INFO - [pipeline.py:136] - "VoronoiTransformer","edge_blend=1,num_points=129"
2026-03-23 10:32:06,035 - INFO - [pipeline.py:248] - [Grade: A] Saved to: /Users/kenfasano/Scripts/ScreenArt/Images/TransformedImages/peripheral_drift_3-A.jpeg
2026-03-23 10:32:06,046 - INFO - [pipeline.py:136] - "ChromaticAberrationTransformer","angle=247.20,edge_fade=1,shift=4.20"
2026-03-23 10:32:06,061 - INFO - [pipeline.py:136] - "HalftoneTransformer","size=2"
2026-03-23 10:32:06,066 - INFO - [pipeline.py:248] - [Grade: A] Saved to: /Users/kenfasano/Scripts/ScreenArt/Images/TransformedImages/peripheral_drift_19-A.jpeg
2026-03-23 10:32:06,074 - INFO - [pipeline.py:136] - "ColormapTransformer","map=hot"
2026-03-23 10:32:06,091 - INFO - [pipeline.py:136] - "MeltMorphTransformer","intensity=0.50"
2026-03-23 10:32:06,103 - INFO - [pipeline.py:136] - "ThermalImagingTransformer","thermal=True"
2026-03-23 10:32:06,110 - INFO - [pipeline.py:248] - [Grade: A] Saved to: /Users/kenfasano/Scripts/ScreenArt/Images/TransformedImages/peripheral_drift_12-A.jpeg
2026-03-23 10:32:06,146 - INFO - [pipeline.py:136] - "WheelTransformer","blend=add,copies=3"
2026-03-23 10:32:06,180 - INFO - [pipeline.py:136] - "FlipWilsonTransformer","keep=top_left,narrow=0.22"
2026-03-23 10:32:06,195 - INFO - [pipeline.py:136] - "HalftoneTransformer","size=2"
2026-03-23 10:32:06,200 - INFO - [pipeline.py:248] - [Grade: A] Saved to: /Users/kenfasano/Scripts/ScreenArt/Images/TransformedImages/peripheral_drift_8-A.jpeg
2026-03-23 10:32:06,237 - INFO - [pipeline.py:136] - "FlipWilsonTransformer","keep=top_left,narrow=0.22"
2026-03-23 10:32:06,239 - INFO - [pipeline.py:136] - "PixelSortTransformer","direction=cols,high=0.57,low=0.34,sort_key=green"
2026-03-23 10:32:06,246 - INFO - [pipeline.py:136] - "FisheyeTransformer","shape=oval,strength=0.48,zoom=0.86"
2026-03-23 10:32:06,257 - INFO - [pipeline.py:136] - "ThermalImagingTransformer","thermal=True"
2026-03-23 10:32:06,264 - INFO - [pipeline.py:248] - [Grade: C] Saved to: /Users/kenfasano/Scripts/ScreenArt/Images/TransformedImages/peripheral_drift_4-C.jpeg
2026-03-23 10:32:06,284 - INFO - [pipeline.py:136] - "MeltMorphTransformer","intensity=0.50"
2026-03-23 10:32:06,295 - INFO - [pipeline.py:136] - "FractalWarpTransformer","iter=1,scale=0.05"
2026-03-23 10:32:06,301 - INFO - [pipeline.py:248] - [Grade: A] Saved to: /Users/kenfasano/Scripts/ScreenArt/Images/TransformedImages/peripheral_drift_5-A.jpeg
2026-03-23 10:32:06,312 - INFO - [pipeline.py:136] - "ChromaticAberrationTransformer","angle=269.50,edge_fade=1,shift=10.90"
2026-03-23 10:32:06,322 - INFO - [pipeline.py:136] - "RadialWarpTransformer","radius=0.25,strength=122.09685616058678,81.62952487959805,125.91768635774257,style=push,push,push"
2026-03-23 10:32:06,329 - INFO - [pipeline.py:248] - [Grade: A] Saved to: /Users/kenfasano/Scripts/ScreenArt/Images/TransformedImages/peripheral_drift_9-A.jpeg
2026-03-23 10:32:06,343 - INFO - [pipeline.py:136] - "FractalWarpTransformer","iter=1,scale=0.05"
2026-03-23 10:32:06,348 - INFO - [pipeline.py:136] - "ColormapTransformer","map=jet"
2026-03-23 10:32:06,383 - INFO - [pipeline.py:136] - "FlipWilsonTransformer","keep=top_left,narrow=0.22"
2026-03-23 10:32:06,390 - INFO - [pipeline.py:136] - "FisheyeTransformer","shape=oval,strength=0.22,zoom=1.12"
2026-03-23 10:32:06,398 - INFO - [pipeline.py:248] - [Grade: A] Saved to: /Users/kenfasano/Scripts/ScreenArt/Images/TransformedImages/peripheral_drift_13-A.jpeg
2026-03-23 10:32:06,408 - INFO - [pipeline.py:136] - "ColormapTransformer","map=hsv"
2026-03-23 10:32:06,420 - INFO - [pipeline.py:136] - "DataMoshTransformer","intensity=0.02"
2026-03-23 10:32:06,453 - INFO - [pipeline.py:136] - "WheelTransformer","blend=add,copies=3"
2026-03-23 10:32:06,460 - INFO - [pipeline.py:248] - [Grade: A] Saved to: /Users/kenfasano/Scripts/ScreenArt/Images/TransformedImages/peripheral_drift_10-A.jpeg
2026-03-23 10:32:06,476 - INFO - [pipeline.py:136] - "DataMoshTransformer","intensity=0.01"
2026-03-23 10:32:06,512 - INFO - [pipeline.py:136] - "FlipWilsonTransformer","keep=top_left,narrow=0.22"
2026-03-23 10:32:06,518 - INFO - [pipeline.py:136] - "RadialWarpTransformer","radius=0.25,strength=87.0302460247871,style=push"
2026-03-23 10:32:06,526 - INFO - [pipeline.py:248] - [Grade: A] Saved to: /Users/kenfasano/Scripts/ScreenArt/Images/TransformedImages/peripheral_drift_6-A.jpeg
2026-03-23 10:32:06,537 - INFO - [pipeline.py:136] - "RadialWarpTransformer","radius=0.25,strength=42.312854908498494,81.0314289949049,style=push,push"
2026-03-23 10:32:06,543 - INFO - [pipeline.py:248] - [Grade: A] Saved to: /Users/kenfasano/Scripts/ScreenArt/Images/TransformedImages/peripheral_drift_7-A.jpeg
2026-03-23 10:32:06,559 - INFO - [pipeline.py:136] - "ThermalImagingTransformer","thermal=True"
2026-03-23 10:32:06,594 - INFO - [pipeline.py:136] - "FlipWilsonTransformer","keep=top_left,narrow=0.22"
2026-03-23 10:32:06,627 - INFO - [pipeline.py:136] - "WheelTransformer","blend=add,copies=3"
2026-03-23 10:32:06,643 - INFO - [pipeline.py:136] - "KaleidoscopeTransformer","cx_off=-0.03,cy_off=-0.05,segments=8"
2026-03-23 10:32:06,650 - INFO - [pipeline.py:248] - [Grade: A] Saved to: /Users/kenfasano/Scripts/ScreenArt/Images/TransformedImages/peripheral_drift_11-A.jpeg
2026-03-23 10:32:06,658 - INFO - [pipeline.py:136] - "PosterizationTransformer","levels=4"
2026-03-23 10:32:06,664 - INFO - [pipeline.py:248] - [Grade: A] Saved to: /Users/kenfasano/Scripts/ScreenArt/Images/TransformedImages/peripheral_drift_20-A.jpeg
2026-03-23 10:32:06,678 - INFO - [pipeline.py:136] - "FractalWarpTransformer","iter=1,scale=0.05"
2026-03-23 10:32:06,687 - INFO - [pipeline.py:136] - "GlitchWarpTransformer","intensity=0.01"
2026-03-23 10:32:06,703 - INFO - [pipeline.py:136] - "KaleidoscopeTransformer","cx_off=0.06,cy_off=0.03,segments=4"
2026-03-23 10:32:06,707 - INFO - [pipeline.py:136] - "PosterizationTransformer","levels=4"
2026-03-23 10:32:06,714 - INFO - [pipeline.py:248] - [Grade: C] Saved to: /Users/kenfasano/Scripts/ScreenArt/Images/TransformedImages/peripheral_drift_16-C.jpeg
2026-03-23 10:32:06,734 - INFO - [pipeline.py:136] - "MeltMorphTransformer","intensity=0.50"
2026-03-23 10:32:06,743 - INFO - [pipeline.py:136] - "GlitchWarpTransformer","intensity=0.01"
2026-03-23 10:32:06,786 - INFO - [pipeline.py:136] - "VoronoiTransformer","edge_blend=1,num_points=86"
2026-03-23 10:32:06,830 - INFO - [pipeline.py:136] - "PixelSortTransformer","direction=rows,high=0.74,low=0.09,sort_key=brightness"
2026-03-23 10:32:06,836 - INFO - [pipeline.py:248] - [Grade: A] Saved to: /Users/kenfasano/Scripts/ScreenArt/Images/TransformedImages/peripheral_drift_17-A.jpeg
2026-03-23 10:32:06,854 - INFO - [pipeline.py:136] - "HalftoneTransformer","size=2"
2026-03-23 10:32:06,887 - INFO - [pipeline.py:136] - "FlipWilsonTransformer","keep=top_left,narrow=0.22"
2026-03-23 10:32:06,895 - INFO - [pipeline.py:136] - "GlitchWarpTransformer","intensity=0.01"
2026-03-23 10:32:06,919 - INFO - [pipeline.py:136] - "SwirlWarpTransformer","strength=1.50"
2026-03-23 10:32:06,926 - INFO - [pipeline.py:248] - [Grade: A] Saved to: /Users/kenfasano/Scripts/ScreenArt/Images/TransformedImages/peripheral_drift_1-A.jpeg
2026-03-23 10:32:06,928 - INFO - [main.py:186] - VoronoiTransformer
2026-03-23 10:32:06,928 - INFO - [main.py:186] - WatercolorTransformer
2026-03-23 10:32:06,928 - INFO - [main.py:186] - PixelSortTransformer
2026-03-23 10:32:06,928 - INFO - [main.py:186] - OilPaintingTransformer
2026-03-23 10:32:06,928 - INFO - [main.py:186] - WheelTransformer
2026-03-23 10:32:06,928 - INFO - [main.py:186] - FlipWilsonTransformer
2026-03-23 10:32:06,928 - INFO - [main.py:186] - FractalWarpTransformer
2026-03-23 10:32:06,928 - INFO - [main.py:186] - KaleidoscopeTransformer
2026-03-23 10:32:06,928 - INFO - [main.py:186] - MeltMorphTransformer
2026-03-23 10:32:06,928 - INFO - [main.py:186] - FluidWarpTransformer
2026-03-23 10:32:06,928 - INFO - [main.py:186] - DataMoshTransformer
2026-03-23 10:32:06,928 - INFO - [main.py:186] - HalftoneTransformer
2026-03-23 10:32:06,928 - INFO - [main.py:186] - SwirlWarpTransformer
2026-03-23 10:32:06,928 - INFO - [main.py:186] - ThermalImagingTransformer
2026-03-23 10:32:06,928 - INFO - [main.py:186] - GlitchWarpTransformer
2026-03-23 10:32:06,928 - INFO - [main.py:186] - ChromaticAberrationTransformer
2026-03-23 10:32:06,928 - INFO - [main.py:186] - FisheyeTransformer
2026-03-23 10:32:06,928 - INFO - [main.py:186] - RadialWarpTransformer
2026-03-23 10:32:06,928 - INFO - [main.py:186] - ColormapTransformer
2026-03-23 10:32:06,928 - INFO - [main.py:186] - PosterizationTransformer
2026-03-23 10:32:06,929 - INFO - [main.py:229] - 28s@10:32 ✓
Accepted: 74
Rejected: 2
---
Bible                      ->  5777ms
Wiki                       ->  3096ms
Nasa                       ->  1806ms
Lojong                     ->  1694ms
NasaMapGenerator           ->  1582ms
Bubbles                    ->   902ms
GoesGenerator              ->   568ms
PeripheralDriftIllusion    ->   289ms
Cubes                      ->   187ms
---
VoronoiTransformer               -> Min:    43ms | Avg:   224ms | Max:   428ms
WatercolorTransformer            -> Min:   213ms | Avg:   221ms | Max:   234ms
PixelSortTransformer             -> Min:     2ms | Avg:   120ms | Max:   518ms
OilPaintingTransformer           -> Min:    38ms | Avg:    90ms | Max:   126ms
WheelTransformer                 -> Min:    29ms | Avg:    74ms | Max:   117ms
FlipWilsonTransformer            -> Min:    32ms | Avg:    60ms | Max:   120ms
FractalWarpTransformer           -> Min:    11ms | Avg:    45ms | Max:   191ms
KaleidoscopeTransformer          -> Min:    16ms | Avg:    38ms | Max:    69ms
MeltMorphTransformer             -> Min:    16ms | Avg:    38ms | Max:    56ms
FluidWarpTransformer             -> Min:    10ms | Avg:    36ms | Max:    51ms
DataMoshTransformer              -> Min:    11ms | Avg:    36ms | Max:    59ms
HalftoneTransformer              -> Min:    14ms | Avg:    34ms | Max:    53ms
SwirlWarpTransformer             -> Min:    12ms | Avg:    27ms | Max:    40ms
ThermalImagingTransformer        -> Min:    11ms | Avg:    24ms | Max:    40ms
GlitchWarpTransformer            -> Min:     8ms | Avg:    21ms | Max:    40ms
ChromaticAberrationTransformer   -> Min:     8ms | Avg:    20ms | Max:    39ms
FisheyeTransformer               -> Min:     7ms | Avg:    16ms | Max:    32ms
RadialWarpTransformer            -> Min:     6ms | Avg:    15ms | Max:    25ms
ColormapTransformer              -> Min:     4ms | Avg:    12ms | Max:    27ms
PosterizationTransformer         -> Min:     4ms | Avg:    12ms | Max:    42ms
