2026-03-15 10:26:14,073 - INFO - [pipeline.py:136] - "ThermalImagingTransformer","thermal=True"
2026-03-15 10:26:14,134 - INFO - [pipeline.py:136] - "MeltMorphTransformer","intensity=0.50"
2026-03-15 10:26:14,175 - INFO - [pipeline.py:136] - "SwirlWarpTransformer","strength=1.50"
2026-03-15 10:26:14,225 - INFO - [pipeline.py:136] - "HalftoneTransformer","size=2"
2026-03-15 10:26:14,243 - INFO - [pipeline.py:248] - [Grade: A] Saved to: /Users/kenfasano/Scripts/ScreenArt/Images/TransformedImages/bubbles_4-A.jpeg
2026-03-15 10:26:14,297 - INFO - [pipeline.py:136] - "HalftoneTransformer","size=2"
2026-03-15 10:26:14,314 - INFO - [pipeline.py:248] - [Grade: C] Saved to: /Users/kenfasano/Scripts/ScreenArt/Images/TransformedImages/bubbles_8-C.jpeg
2026-03-15 10:26:14,334 - INFO - [pipeline.py:136] - "PosterizationTransformer","levels=4"
2026-03-15 10:26:14,353 - INFO - [pipeline.py:248] - [Grade: A] Saved to: /Users/kenfasano/Scripts/ScreenArt/Images/TransformedImages/bubbles_9-A.jpeg
2026-03-15 10:26:14,395 - INFO - [pipeline.py:136] - "FisheyeTransformer","shape=circle,strength=0.80,zoom=1.06"
2026-03-15 10:26:14,414 - INFO - [pipeline.py:248] - [Grade: F] Saved to: /Users/kenfasano/Scripts/ScreenArt/Images/Rejected/bubbles_5-F.jpeg
2026-03-15 10:26:14,639 - INFO - [pipeline.py:136] - "WatercolorTransformer","scale=0.85,style=monet"
2026-03-15 10:26:14,657 - INFO - [pipeline.py:248] - [Grade: F] Saved to: /Users/kenfasano/Scripts/ScreenArt/Images/Rejected/bubbles_2-F.jpeg
2026-03-15 10:26:14,692 - INFO - [pipeline.py:136] - "GlitchWarpTransformer","intensity=0.01"
2026-03-15 10:26:14,705 - INFO - [pipeline.py:136] - "ColormapTransformer","map=hsv"
2026-03-15 10:26:14,739 - INFO - [pipeline.py:136] - "FractalWarpTransformer","iter=1,scale=0.05"
2026-03-15 10:26:14,777 - INFO - [pipeline.py:136] - "SwirlWarpTransformer","strength=1.50"
2026-03-15 10:26:14,796 - INFO - [pipeline.py:248] - [Grade: A] Saved to: /Users/kenfasano/Scripts/ScreenArt/Images/TransformedImages/bubbles_3-A.jpeg
2026-03-15 10:26:14,847 - INFO - [pipeline.py:136] - "WheelTransformer","blend=add,copies=4"
2026-03-15 10:26:14,864 - INFO - [pipeline.py:248] - [Grade: A] Saved to: /Users/kenfasano/Scripts/ScreenArt/Images/TransformedImages/bubbles_10-A.jpeg
2026-03-15 10:26:14,911 - INFO - [pipeline.py:136] - "ThermalImagingTransformer","thermal=True"
2026-03-15 10:26:14,953 - INFO - [pipeline.py:136] - "WheelTransformer","blend=add,copies=4"
2026-03-15 10:26:14,972 - INFO - [pipeline.py:248] - [Grade: A] Saved to: /Users/kenfasano/Scripts/ScreenArt/Images/TransformedImages/bubbles_1-A.jpeg
2026-03-15 10:26:15,038 - INFO - [pipeline.py:136] - "PixelSortTransformer","direction=rows,high=0.74,low=0.34,sort_key=blue"
2026-03-15 10:26:15,055 - INFO - [pipeline.py:248] - [Grade: A] Saved to: /Users/kenfasano/Scripts/ScreenArt/Images/TransformedImages/bubbles_6-A.jpeg
2026-03-15 10:26:15,096 - INFO - [pipeline.py:136] - "FractalWarpTransformer","iter=1,scale=0.05"
2026-03-15 10:26:15,124 - INFO - [pipeline.py:136] - "GlitchWarpTransformer","intensity=0.01"
2026-03-15 10:26:15,161 - INFO - [pipeline.py:136] - "ThermalImagingTransformer","thermal=True"
2026-03-15 10:26:15,181 - INFO - [pipeline.py:248] - [Grade: B] Saved to: /Users/kenfasano/Scripts/ScreenArt/Images/TransformedImages/bubbles_7-B.jpeg
2026-03-15 10:26:15,323 - INFO - [pipeline.py:136] - "OilPaintingTransformer","dyn_ratio=2,size=8"
2026-03-15 10:26:15,340 - INFO - [pipeline.py:248] - [Grade: A] Saved to: /Users/kenfasano/Scripts/ScreenArt/Images/TransformedImages/cubes_2-A.jpeg
2026-03-15 10:26:15,364 - INFO - [pipeline.py:136] - "RadialWarpTransformer","radius=0.25,strength=75.71365981777143,style=pull"
2026-03-15 10:26:15,392 - INFO - [pipeline.py:136] - "GlitchWarpTransformer","intensity=0.01"
2026-03-15 10:26:15,573 - INFO - [pipeline.py:136] - "PixelSortTransformer","direction=cols,high=0.75,low=0.29,sort_key=brightness"
2026-03-15 10:26:15,616 - INFO - [pipeline.py:136] - "WheelTransformer","blend=add,copies=4"
2026-03-15 10:26:15,635 - INFO - [pipeline.py:248] - [Grade: A] Saved to: /Users/kenfasano/Scripts/ScreenArt/Images/TransformedImages/cubes_3-A.jpeg
2026-03-15 10:26:15,693 - INFO - [pipeline.py:136] - "KaleidoscopeTransformer","cx_off=0.09,cy_off=-0.16,segments=12"
2026-03-15 10:26:15,721 - INFO - [pipeline.py:136] - "GlitchWarpTransformer","intensity=0.01"
2026-03-15 10:26:15,766 - INFO - [pipeline.py:136] - "FluidWarpTransformer","alpha=5.51,sigma=5.97"
2026-03-15 10:26:15,813 - INFO - [pipeline.py:136] - "PixelSortTransformer","direction=rows,high=0.70,low=0.08,sort_key=brightness"
2026-03-15 10:26:15,831 - INFO - [pipeline.py:248] - [Grade: A] Saved to: /Users/kenfasano/Scripts/ScreenArt/Images/TransformedImages/cubes_4-A.jpeg
2026-03-15 10:26:15,860 - INFO - [pipeline.py:136] - "RadialWarpTransformer","radius=0.25,strength=127.41242734224807,55.413369830335135,128.86398958094463,style=pull,pull,pull"
2026-03-15 10:26:15,908 - INFO - [pipeline.py:136] - "HalftoneTransformer","size=2"
2026-03-15 10:26:15,951 - INFO - [pipeline.py:136] - "WheelTransformer","blend=add,copies=4"
2026-03-15 10:26:15,968 - INFO - [pipeline.py:248] - [Grade: A] Saved to: /Users/kenfasano/Scripts/ScreenArt/Images/TransformedImages/cubes_5-A.jpeg
2026-03-15 10:26:16,008 - INFO - [pipeline.py:136] - "FractalWarpTransformer","iter=1,scale=0.05"
2026-03-15 10:26:16,056 - INFO - [pipeline.py:136] - "HalftoneTransformer","size=2"
2026-03-15 10:26:16,069 - INFO - [pipeline.py:136] - "PosterizationTransformer","levels=4"
2026-03-15 10:26:16,084 - INFO - [pipeline.py:248] - [Grade: A] Saved to: /Users/kenfasano/Scripts/ScreenArt/Images/TransformedImages/cubes_6-A.jpeg
2026-03-15 10:26:16,128 - INFO - [pipeline.py:136] - "FluidWarpTransformer","alpha=8.12,sigma=1.91"
2026-03-15 10:26:16,185 - INFO - [pipeline.py:136] - "MeltMorphTransformer","intensity=0.50"
2026-03-15 10:26:16,222 - INFO - [pipeline.py:136] - "ThermalImagingTransformer","thermal=True"
2026-03-15 10:26:16,239 - INFO - [pipeline.py:248] - [Grade: A] Saved to: /Users/kenfasano/Scripts/ScreenArt/Images/TransformedImages/cubes_1-A.jpeg
2026-03-15 10:26:16,248 - INFO - [pipeline.py:136] - "WheelTransformer","blend=add,copies=4"
2026-03-15 10:26:16,280 - INFO - [pipeline.py:136] - "WatercolorTransformer","scale=0.85,style=monet"
2026-03-15 10:26:16,287 - INFO - [pipeline.py:136] - "HalftoneTransformer","size=2"
2026-03-15 10:26:16,307 - INFO - [pipeline.py:136] - "OilPaintingTransformer","dyn_ratio=4,size=7"
2026-03-15 10:26:16,310 - INFO - [pipeline.py:248] - [Grade: A] Saved to: /Users/kenfasano/Scripts/ScreenArt/Images/TransformedImages/periMapo_cidadao_c1-A.jpg
2026-03-15 10:26:16,321 - INFO - [pipeline.py:136] - "GlitchWarpTransformer","intensity=0.01"
2026-03-15 10:26:16,333 - INFO - [pipeline.py:136] - "ThermalImagingTransformer","thermal=True"
2026-03-15 10:26:16,340 - INFO - [pipeline.py:248] - [Grade: C] Saved to: /Users/kenfasano/Scripts/ScreenArt/Images/TransformedImages/JwstLaunch_Arianespace_1080-C.jpg
2026-03-15 10:26:16,346 - INFO - [pipeline.py:136] - "ColormapTransformer","map=winter"
2026-03-15 10:26:16,353 - INFO - [pipeline.py:136] - "ChromaticAberrationTransformer","angle=89.70,edge_fade=1,shift=13.70"
2026-03-15 10:26:16,359 - INFO - [pipeline.py:136] - "RadialWarpTransformer","radius=0.25,strength=100.95131823682429,125.7091322848941,121.33771210471502,style=pull,pull,push"
2026-03-15 10:26:16,365 - INFO - [pipeline.py:248] - [Grade: A] Saved to: /Users/kenfasano/Scripts/ScreenArt/Images/TransformedImages/ic4603_yoshida-A.jpg
2026-03-15 10:26:16,369 - INFO - [pipeline.py:136] - "PosterizationTransformer","levels=4"
2026-03-15 10:26:16,415 - INFO - [pipeline.py:136] - "PixelSortTransformer","direction=cols,high=0.93,low=0.05,sort_key=brightness"
2026-03-15 10:26:16,429 - INFO - [pipeline.py:136] - "FlipWilsonTransformer","keep=top_right,narrow=0.44"
2026-03-15 10:26:16,433 - INFO - [pipeline.py:136] - "ChromaticAberrationTransformer","angle=54.20,edge_fade=1,shift=4.30"
2026-03-15 10:26:16,437 - INFO - [pipeline.py:248] - [Grade: A] Saved to: /Users/kenfasano/Scripts/ScreenArt/Images/TransformedImages/winter_solstice_pivato_800c-A.jpg
2026-03-15 10:26:16,552 - INFO - [pipeline.py:136] - "PixelSortTransformer","direction=cols,high=0.65,low=0.05,sort_key=brightness"
2026-03-15 10:26:16,560 - INFO - [pipeline.py:248] - [Grade: C] Saved to: /Users/kenfasano/Scripts/ScreenArt/Images/TransformedImages/MirachNGC404KentWood_1024-C.jpg
2026-03-15 10:26:16,564 - INFO - [pipeline.py:136] - "ColormapTransformer","map=bone"
2026-03-15 10:26:16,567 - INFO - [pipeline.py:248] - [Grade: A] Saved to: /Users/kenfasano/Scripts/ScreenArt/Images/TransformedImages/rosette_crawford-A.jpg
2026-03-15 10:26:16,613 - INFO - [pipeline.py:136] - "OilPaintingTransformer","dyn_ratio=2,size=7"
2026-03-15 10:26:16,625 - INFO - [pipeline.py:136] - "DataMoshTransformer","intensity=0.01"
2026-03-15 10:26:16,632 - INFO - [pipeline.py:248] - [Grade: A] Saved to: /Users/kenfasano/Scripts/ScreenArt/Images/TransformedImages/2016_07_20_Uplnkova_noc_Brno_PanoHDR_1024px-A.jpg
2026-03-15 10:26:16,642 - INFO - [pipeline.py:136] - "FisheyeTransformer","shape=circle,strength=0.61,zoom=0.97"
2026-03-15 10:26:16,647 - INFO - [pipeline.py:248] - [Grade: A] Saved to: /Users/kenfasano/Scripts/ScreenArt/Images/TransformedImages/ivan_iss_960-A.jpg
2026-03-15 10:26:16,733 - INFO - [pipeline.py:136] - "OilPaintingTransformer","dyn_ratio=3,size=8"
2026-03-15 10:26:16,760 - INFO - [pipeline.py:136] - "MeltMorphTransformer","intensity=0.50"
2026-03-15 10:26:16,779 - INFO - [pipeline.py:136] - "DataMoshTransformer","intensity=0.02"
2026-03-15 10:26:16,803 - INFO - [pipeline.py:136] - "HalftoneTransformer","size=2"
2026-03-15 10:26:16,811 - INFO - [pipeline.py:248] - [Grade: A] Saved to: /Users/kenfasano/Scripts/ScreenArt/Images/TransformedImages/Siemiony_las_31_01_2021_1024-A.jpg
2026-03-15 10:26:16,823 - INFO - [pipeline.py:136] - "PosterizationTransformer","levels=4"
2026-03-15 10:26:16,909 - INFO - [pipeline.py:136] - "WatercolorTransformer","scale=0.85,style=monet"
2026-03-15 10:26:16,947 - INFO - [pipeline.py:136] - "PixelSortTransformer","direction=rows,high=0.73,low=0.24,sort_key=green"
2026-03-15 10:26:16,966 - INFO - [pipeline.py:136] - "HalftoneTransformer","size=2"
2026-03-15 10:26:16,973 - INFO - [pipeline.py:248] - [Grade: C] Saved to: /Users/kenfasano/Scripts/ScreenArt/Images/TransformedImages/M015-2_Hubl1024-C.jpg
2026-03-15 10:26:16,985 - INFO - [pipeline.py:136] - "GlitchWarpTransformer","intensity=0.01"
2026-03-15 10:26:17,059 - INFO - [pipeline.py:136] - "WatercolorTransformer","scale=0.85,style=monet"
2026-03-15 10:26:17,071 - INFO - [pipeline.py:136] - "FluidWarpTransformer","alpha=16.76,sigma=4.41"
2026-03-15 10:26:17,079 - INFO - [pipeline.py:248] - [Grade: A] Saved to: /Users/kenfasano/Scripts/ScreenArt/Images/TransformedImages/darkplanet_cfa_900-A.jpg
2026-03-15 10:26:17,125 - INFO - [pipeline.py:136] - "FractalWarpTransformer","iter=1,scale=0.05"
2026-03-15 10:26:17,153 - INFO - [pipeline.py:136] - "GlitchWarpTransformer","intensity=0.01"
2026-03-15 10:26:17,173 - INFO - [pipeline.py:248] - [Grade: A] Saved to: /Users/kenfasano/Scripts/ScreenArt/Images/TransformedImages/nasa_earth_1_Manila_True_Color-A.jpeg
2026-03-15 10:26:17,201 - INFO - [pipeline.py:136] - "FisheyeTransformer","shape=oval,strength=0.74,zoom=1.05"
2026-03-15 10:26:17,234 - INFO - [pipeline.py:136] - "HalftoneTransformer","size=2"
2026-03-15 10:26:17,372 - INFO - [pipeline.py:136] - "PixelSortTransformer","direction=cols,high=0.77,low=0.18,sort_key=blue"
2026-03-15 10:26:17,385 - INFO - [pipeline.py:248] - [Grade: A] Saved to: /Users/kenfasano/Scripts/ScreenArt/Images/TransformedImages/noaa_goes_1_se_GeoColor-A.jpeg
2026-03-15 10:26:17,403 - INFO - [pipeline.py:136] - "WatercolorTransformer","scale=0.85,style=monet"
2026-03-15 10:26:17,432 - INFO - [pipeline.py:136] - "VoronoiTransformer","edge_blend=1,num_points=283"
2026-03-15 10:26:17,441 - INFO - [pipeline.py:136] - "OilPaintingTransformer","dyn_ratio=6,size=7"
2026-03-15 10:26:17,443 - INFO - [pipeline.py:248] - [Grade: A] Saved to: /Users/kenfasano/Scripts/ScreenArt/Images/TransformedImages/330px-Around_Br-A.jpeg
2026-03-15 10:26:17,448 - INFO - [pipeline.py:136] - "WheelTransformer","blend=add,copies=4"
2026-03-15 10:26:17,450 - INFO - [pipeline.py:248] - [Grade: B] Saved to: /Users/kenfasano/Scripts/ScreenArt/Images/TransformedImages/500px-Provand_s-B.jpeg
2026-03-15 10:26:17,479 - INFO - [pipeline.py:136] - "SwirlWarpTransformer","strength=1.50"
2026-03-15 10:26:17,489 - INFO - [pipeline.py:136] - "FisheyeTransformer","shape=oval,strength=0.33,zoom=0.96"
2026-03-15 10:26:17,506 - INFO - [pipeline.py:136] - "ThermalImagingTransformer","thermal=True"
2026-03-15 10:26:17,529 - INFO - [pipeline.py:136] - "KaleidoscopeTransformer","cx_off=-0.12,cy_off=-0.02,segments=8"
2026-03-15 10:26:17,538 - INFO - [pipeline.py:248] - [Grade: C] Saved to: /Users/kenfasano/Scripts/ScreenArt/Images/TransformedImages/960px-EDDI_06mn-C.jpeg
2026-03-15 10:26:17,579 - INFO - [pipeline.py:136] - "PosterizationTransformer","levels=4"
2026-03-15 10:26:17,605 - INFO - [pipeline.py:248] - [Grade: A] Saved to: /Users/kenfasano/Scripts/ScreenArt/Images/TransformedImages/Simplex_7-Passe-A.jpeg
2026-03-15 10:26:17,699 - INFO - [pipeline.py:136] - "FlipWilsonTransformer","keep=top_right,narrow=0.44"
2026-03-15 10:26:17,736 - INFO - [pipeline.py:136] - "WheelTransformer","blend=add,copies=4"
2026-03-15 10:26:17,752 - INFO - [pipeline.py:248] - [Grade: B] Saved to: /Users/kenfasano/Scripts/ScreenArt/Images/TransformedImages/1280px-Ocean_Li-B.jpeg
2026-03-15 10:26:17,779 - INFO - [pipeline.py:136] - "RadialWarpTransformer","radius=0.25,strength=61.33176245689533,41.96351453457254,style=push,push"
2026-03-15 10:26:17,815 - INFO - [pipeline.py:136] - "ThermalImagingTransformer","thermal=True"
2026-03-15 10:26:17,834 - INFO - [pipeline.py:248] - [Grade: C] Saved to: /Users/kenfasano/Scripts/ScreenArt/Images/TransformedImages/lojong_2-C-scatter.jpeg
2026-03-15 10:26:17,889 - INFO - [pipeline.py:136] - "HalftoneTransformer","size=2"
2026-03-15 10:26:18,100 - INFO - [pipeline.py:136] - "WatercolorTransformer","scale=0.85,style=monet"
2026-03-15 10:26:18,117 - INFO - [pipeline.py:248] - [Grade: C] Saved to: /Users/kenfasano/Scripts/ScreenArt/Images/TransformedImages/lojong_3-C-hero.jpeg
2026-03-15 10:26:18,172 - INFO - [pipeline.py:136] - "SwirlWarpTransformer","strength=1.50"
2026-03-15 10:26:18,193 - INFO - [pipeline.py:248] - [Grade: B] Saved to: /Users/kenfasano/Scripts/ScreenArt/Images/TransformedImages/lojong_8-B-tile.jpeg
2026-03-15 10:26:18,232 - INFO - [pipeline.py:136] - "GlitchWarpTransformer","intensity=0.01"
2026-03-15 10:26:18,495 - INFO - [pipeline.py:136] - "PixelSortTransformer","direction=rows,high=0.77,low=0.26,sort_key=saturation"
2026-03-15 10:26:18,515 - INFO - [pipeline.py:248] - [Grade: C] Saved to: /Users/kenfasano/Scripts/ScreenArt/Images/TransformedImages/lojong_4-C-tile.jpeg
2026-03-15 10:26:18,560 - INFO - [pipeline.py:136] - "DataMoshTransformer","intensity=0.02"
2026-03-15 10:26:18,710 - INFO - [pipeline.py:136] - "PixelSortTransformer","direction=rows,high=0.85,low=0.34,sort_key=green"
2026-03-15 10:26:18,728 - INFO - [pipeline.py:248] - [Grade: A] Saved to: /Users/kenfasano/Scripts/ScreenArt/Images/TransformedImages/lojong_5-A-columns.jpeg
2026-03-15 10:26:18,777 - INFO - [pipeline.py:136] - "WheelTransformer","blend=add,copies=4"
2026-03-15 10:26:18,825 - INFO - [pipeline.py:136] - "HalftoneTransformer","size=2"
2026-03-15 10:26:18,838 - INFO - [pipeline.py:136] - "PosterizationTransformer","levels=4"
2026-03-15 10:26:18,854 - INFO - [pipeline.py:248] - [Grade: A] Saved to: /Users/kenfasano/Scripts/ScreenArt/Images/TransformedImages/lojong_9-A-scatter.jpeg
2026-03-15 10:26:18,995 - INFO - [pipeline.py:136] - "PixelSortTransformer","direction=cols,high=0.56,low=0.16,sort_key=brightness"
2026-03-15 10:26:19,032 - INFO - [pipeline.py:136] - "DataMoshTransformer","intensity=0.01"
2026-03-15 10:26:19,075 - INFO - [pipeline.py:136] - "WheelTransformer","blend=add,copies=4"
2026-03-15 10:26:19,123 - INFO - [pipeline.py:136] - "HalftoneTransformer","size=2"
2026-03-15 10:26:19,140 - INFO - [pipeline.py:248] - [Grade: A] Saved to: /Users/kenfasano/Scripts/ScreenArt/Images/TransformedImages/lojong_6-A-hero.jpeg
2026-03-15 10:26:19,184 - INFO - [pipeline.py:136] - "DataMoshTransformer","intensity=0.02"
2026-03-15 10:26:19,202 - INFO - [pipeline.py:248] - [Grade: F] Saved to: /Users/kenfasano/Scripts/ScreenArt/Images/Rejected/lojong_7-F-tile.jpeg
2026-03-15 10:26:19,230 - INFO - [pipeline.py:136] - "RadialWarpTransformer","radius=0.25,strength=43.67120151584753,129.73855662063676,style=push,pull"
2026-03-15 10:26:19,248 - INFO - [pipeline.py:248] - [Grade: A] Saved to: /Users/kenfasano/Scripts/ScreenArt/Images/TransformedImages/lojong_0-A-columns.jpeg
2026-03-15 10:26:19,297 - INFO - [pipeline.py:136] - "WheelTransformer","blend=add,copies=4"
2026-03-15 10:26:19,334 - INFO - [pipeline.py:136] - "DataMoshTransformer","intensity=0.01"
2026-03-15 10:26:19,361 - INFO - [pipeline.py:136] - "FisheyeTransformer","shape=circle,strength=0.70,zoom=0.87"
2026-03-15 10:26:19,380 - INFO - [pipeline.py:248] - [Grade: A] Saved to: /Users/kenfasano/Scripts/ScreenArt/Images/TransformedImages/lojong_1-A-scatter.jpeg
2026-03-15 10:26:19,489 - INFO - [pipeline.py:136] - "FlipWilsonTransformer","keep=top_right,narrow=0.44"
2026-03-15 10:26:19,515 - INFO - [pipeline.py:136] - "ChromaticAberrationTransformer","angle=113.00,edge_fade=1,shift=11.00"
2026-03-15 10:26:19,542 - INFO - [pipeline.py:136] - "GlitchWarpTransformer","intensity=0.01"
2026-03-15 10:26:19,595 - INFO - [pipeline.py:136] - "KaleidoscopeTransformer","cx_off=0.18,cy_off=0.03,segments=4"
2026-03-15 10:26:19,613 - INFO - [pipeline.py:248] - [Grade: C] Saved to: /Users/kenfasano/Scripts/ScreenArt/Images/TransformedImages/psalms_146-C-tile.jpeg
2026-03-15 10:26:19,656 - INFO - [pipeline.py:136] - "DataMoshTransformer","intensity=0.02"
2026-03-15 10:26:19,676 - INFO - [pipeline.py:136] - "RadialWarpTransformer","radius=0.25,strength=100.91848626178255,76.51376242279694,style=pull,pull"
2026-03-15 10:26:19,693 - INFO - [pipeline.py:248] - [Grade: F] Saved to: /Users/kenfasano/Scripts/ScreenArt/Images/Rejected/psalms_83-F-hero.jpeg
2026-03-15 10:26:19,735 - INFO - [pipeline.py:136] - "FractalWarpTransformer","iter=1,scale=0.05"
2026-03-15 10:26:19,751 - INFO - [pipeline.py:136] - "RadialWarpTransformer","radius=0.25,strength=82.73813070050373,style=push"
2026-03-15 10:26:19,785 - INFO - [pipeline.py:136] - "ThermalImagingTransformer","thermal=True"
2026-03-15 10:26:19,804 - INFO - [pipeline.py:248] - [Grade: C] Saved to: /Users/kenfasano/Scripts/ScreenArt/Images/TransformedImages/psalms_110-C-tile.jpeg
2026-03-15 10:26:19,848 - INFO - [pipeline.py:136] - "ThermalImagingTransformer","thermal=True"
2026-03-15 10:26:19,886 - INFO - [pipeline.py:136] - "SwirlWarpTransformer","strength=1.50"
2026-03-15 10:26:19,905 - INFO - [pipeline.py:248] - [Grade: C] Saved to: /Users/kenfasano/Scripts/ScreenArt/Images/TransformedImages/psalms_57-C-scatter.jpeg
2026-03-15 10:26:19,941 - INFO - [pipeline.py:136] - "ChromaticAberrationTransformer","angle=307.90,edge_fade=1,shift=11.80"
2026-03-15 10:26:20,367 - INFO - [pipeline.py:136] - "VoronoiTransformer","edge_blend=1,num_points=337"
2026-03-15 10:26:20,422 - INFO - [pipeline.py:136] - "MeltMorphTransformer","intensity=0.50"
2026-03-15 10:26:20,440 - INFO - [pipeline.py:248] - [Grade: A] Saved to: /Users/kenfasano/Scripts/ScreenArt/Images/TransformedImages/psalms_89-A-scatter.jpeg
2026-03-15 10:26:20,547 - INFO - [pipeline.py:136] - "OilPaintingTransformer","dyn_ratio=7,size=3"
2026-03-15 10:26:20,575 - INFO - [pipeline.py:136] - "GlitchWarpTransformer","intensity=0.01"
2026-03-15 10:26:20,587 - INFO - [pipeline.py:136] - "PosterizationTransformer","levels=4"
2026-03-15 10:26:20,606 - INFO - [pipeline.py:248] - [Grade: A] Saved to: /Users/kenfasano/Scripts/ScreenArt/Images/TransformedImages/psalms_120-A-scatter.jpeg
2026-03-15 10:26:20,656 - INFO - [pipeline.py:136] - "SwirlWarpTransformer","strength=1.50"
2026-03-15 10:26:20,679 - INFO - [pipeline.py:136] - "FisheyeTransformer","shape=oval,strength=0.54,zoom=0.99"
2026-03-15 10:26:20,727 - INFO - [pipeline.py:136] - "HalftoneTransformer","size=2"
2026-03-15 10:26:20,744 - INFO - [pipeline.py:248] - [Grade: C] Saved to: /Users/kenfasano/Scripts/ScreenArt/Images/TransformedImages/psalms_13-C-columns.jpeg
2026-03-15 10:26:20,789 - INFO - [pipeline.py:136] - "SwirlWarpTransformer","strength=1.50"
2026-03-15 10:26:20,826 - INFO - [pipeline.py:136] - "DataMoshTransformer","intensity=0.02"
2026-03-15 10:26:20,844 - INFO - [pipeline.py:248] - [Grade: A] Saved to: /Users/kenfasano/Scripts/ScreenArt/Images/TransformedImages/psalms_24-A-scatter.jpeg
2026-03-15 10:26:20,938 - INFO - [pipeline.py:136] - "PixelSortTransformer","direction=rows,high=0.62,low=0.08,sort_key=green"
2026-03-15 10:26:20,950 - INFO - [pipeline.py:136] - "PosterizationTransformer","levels=4"
2026-03-15 10:26:21,063 - INFO - [pipeline.py:136] - "OilPaintingTransformer","dyn_ratio=7,size=5"
2026-03-15 10:26:21,080 - INFO - [pipeline.py:248] - [Grade: F] Saved to: /Users/kenfasano/Scripts/ScreenArt/Images/Rejected/psalms_97-F-hero.jpeg
2026-03-15 10:26:21,127 - INFO - [pipeline.py:136] - "ThermalImagingTransformer","thermal=True"
2026-03-15 10:26:21,156 - INFO - [pipeline.py:136] - "FluidWarpTransformer","alpha=4.81,sigma=1.36"
2026-03-15 10:26:21,182 - INFO - [pipeline.py:136] - "ChromaticAberrationTransformer","angle=44.10,edge_fade=1,shift=15.60"
2026-03-15 10:26:21,201 - INFO - [pipeline.py:248] - [Grade: C] Saved to: /Users/kenfasano/Scripts/ScreenArt/Images/TransformedImages/psalms_144-C-hero.jpeg
2026-03-15 10:26:21,218 - INFO - [pipeline.py:136] - "WheelTransformer","blend=add,copies=4"
2026-03-15 10:26:21,229 - INFO - [pipeline.py:136] - "FractalWarpTransformer","iter=1,scale=0.05"
2026-03-15 10:26:21,257 - INFO - [pipeline.py:136] - "PixelSortTransformer","direction=cols,high=0.63,low=0.29,sort_key=blue"
2026-03-15 10:26:21,263 - INFO - [pipeline.py:248] - [Grade: A] Saved to: /Users/kenfasano/Scripts/ScreenArt/Images/TransformedImages/peripheral_drift_2-A.jpeg
2026-03-15 10:26:21,333 - INFO - [pipeline.py:136] - "WatercolorTransformer","scale=0.85,style=psychedelic"
2026-03-15 10:26:21,348 - INFO - [pipeline.py:136] - "FluidWarpTransformer","alpha=16.78,sigma=7.11"
2026-03-15 10:26:21,360 - INFO - [pipeline.py:136] - "SwirlWarpTransformer","strength=1.50"
2026-03-15 10:26:21,368 - INFO - [pipeline.py:248] - [Grade: A] Saved to: /Users/kenfasano/Scripts/ScreenArt/Images/TransformedImages/peripheral_drift_3-A.jpeg
2026-03-15 10:26:21,388 - INFO - [pipeline.py:136] - "MeltMorphTransformer","intensity=0.50"
2026-03-15 10:26:21,420 - INFO - [pipeline.py:136] - "OilPaintingTransformer","dyn_ratio=1,size=3"
2026-03-15 10:26:21,426 - INFO - [pipeline.py:136] - "RadialWarpTransformer","radius=0.25,strength=93.00487110058671,style=pull"
2026-03-15 10:26:21,433 - INFO - [pipeline.py:248] - [Grade: A] Saved to: /Users/kenfasano/Scripts/ScreenArt/Images/TransformedImages/peripheral_drift_1-A.jpeg
2026-03-15 10:26:21,433 - INFO - [main.py:188] - VoronoiTransformer
2026-03-15 10:26:21,433 - INFO - [main.py:188] - PixelSortTransformer
2026-03-15 10:26:21,433 - INFO - [main.py:188] - WatercolorTransformer
2026-03-15 10:26:21,433 - INFO - [main.py:188] - FlipWilsonTransformer
2026-03-15 10:26:21,433 - INFO - [main.py:188] - OilPaintingTransformer
2026-03-15 10:26:21,433 - INFO - [main.py:188] - MeltMorphTransformer
2026-03-15 10:26:21,433 - INFO - [main.py:188] - KaleidoscopeTransformer
2026-03-15 10:26:21,433 - INFO - [main.py:188] - HalftoneTransformer
2026-03-15 10:26:21,433 - INFO - [main.py:188] - SwirlWarpTransformer
2026-03-15 10:26:21,433 - INFO - [main.py:188] - WheelTransformer
2026-03-15 10:26:21,433 - INFO - [main.py:188] - ThermalImagingTransformer
2026-03-15 10:26:21,433 - INFO - [main.py:188] - DataMoshTransformer
2026-03-15 10:26:21,433 - INFO - [main.py:188] - FractalWarpTransformer
2026-03-15 10:26:21,433 - INFO - [main.py:188] - FluidWarpTransformer
2026-03-15 10:26:21,433 - INFO - [main.py:188] - GlitchWarpTransformer
2026-03-15 10:26:21,433 - INFO - [main.py:188] - FisheyeTransformer
2026-03-15 10:26:21,433 - INFO - [main.py:188] - ChromaticAberrationTransformer
2026-03-15 10:26:21,433 - INFO - [main.py:188] - RadialWarpTransformer
2026-03-15 10:26:21,433 - INFO - [main.py:188] - PosterizationTransformer
2026-03-15 10:26:21,433 - INFO - [main.py:188] - ColormapTransformer
2026-03-15 10:26:21,434 - INFO - [main.py:231] - 20s@10:26 ✓
Accepted: 52
Rejected: 5
---
Bible                      ->  7210ms
Lojong                     ->  2155ms
Wiki                       ->  1610ms
Nasa                       ->   899ms
GoesGenerator              ->   680ms
Bubbles                    ->   457ms
Cubes                      ->   201ms
PeripheralDriftIllusion    ->    45ms
NasaMapGenerator           ->    35ms
---
VoronoiTransformer               -> Min:    29ms | Avg:   227ms | Max:   426ms
PixelSortTransformer             -> Min:    27ms | Avg:   106ms | Max:   263ms
WatercolorTransformer            -> Min:    16ms | Avg:   101ms | Max:   219ms
FlipWilsonTransformer            -> Min:    14ms | Avg:    66ms | Max:   100ms
OilPaintingTransformer           -> Min:     9ms | Avg:    64ms | Max:   135ms
MeltMorphTransformer             -> Min:    18ms | Avg:    43ms | Max:    60ms
KaleidoscopeTransformer          -> Min:    23ms | Avg:    42ms | Max:    52ms
HalftoneTransformer              -> Min:     7ms | Avg:    39ms | Max:    50ms
SwirlWarpTransformer             -> Min:    12ms | Avg:    33ms | Max:    45ms
WheelTransformer                 -> Min:     4ms | Avg:    33ms | Max:    43ms
ThermalImagingTransformer        -> Min:    12ms | Avg:    33ms | Max:    41ms
DataMoshTransformer              -> Min:    12ms | Avg:    32ms | Max:    38ms
FractalWarpTransformer           -> Min:    11ms | Avg:    30ms | Max:    34ms
FluidWarpTransformer             -> Min:    12ms | Avg:    28ms | Max:    45ms
GlitchWarpTransformer            -> Min:     9ms | Avg:    24ms | Max:    31ms
FisheyeTransformer               -> Min:     6ms | Avg:    19ms | Max:    35ms
ChromaticAberrationTransformer   -> Min:     4ms | Avg:    17ms | Max:    26ms
RadialWarpTransformer            -> Min:     6ms | Avg:    16ms | Max:    23ms
PosterizationTransformer         -> Min:     2ms | Avg:    11ms | Max:    21ms
ColormapTransformer              -> Min:     2ms | Avg:     6ms | Max:    13ms
