2026-03-14 06:57:06,286 - INFO - [pipeline.py:136] - "ThermalImagingTransformer","thermal=True"
2026-03-14 06:57:06,328 - INFO - [pipeline.py:136] - "SwirlWarpTransformer","strength=1.50"
2026-03-14 06:57:06,393 - INFO - [pipeline.py:136] - "MeltMorphTransformer","intensity=0.50"
2026-03-14 06:57:06,441 - INFO - [pipeline.py:136] - "HalftoneTransformer","size=2"
2026-03-14 06:57:06,458 - INFO - [pipeline.py:229] - [Grade: A] Saved to: /Users/kenfasano/Scripts/ScreenArt/Images/TransformedImages/bubbles_4-A.jpeg
2026-03-14 06:57:06,503 - INFO - [pipeline.py:136] - "SwirlWarpTransformer","strength=1.50"
2026-03-14 06:57:06,532 - INFO - [pipeline.py:136] - "FisheyeTransformer","shape=oval,strength=0.32,zoom=1.14"
2026-03-14 06:57:06,632 - INFO - [pipeline.py:136] - "WheelTransformer","blend=normal,copies=3"
2026-03-14 06:57:06,656 - INFO - [pipeline.py:136] - "RadialWarpTransformer","radius=0.25,strength=49.03677575588727,66.58752818966113,106.96084741369702,style=push,pull,push"
2026-03-14 06:57:06,673 - INFO - [pipeline.py:229] - [Grade: C] Saved to: /Users/kenfasano/Scripts/ScreenArt/Images/TransformedImages/bubbles_8-C.jpeg
2026-03-14 06:57:06,708 - INFO - [pipeline.py:136] - "GlitchWarpTransformer","intensity=0.01"
2026-03-14 06:57:06,747 - INFO - [pipeline.py:136] - "ThermalImagingTransformer","thermal=True"
2026-03-14 06:57:06,761 - INFO - [pipeline.py:136] - "PosterizationTransformer","levels=4"
2026-03-14 06:57:06,797 - INFO - [pipeline.py:136] - "FractalWarpTransformer","iter=1,scale=0.05"
2026-03-14 06:57:06,815 - INFO - [pipeline.py:229] - [Grade: A] Saved to: /Users/kenfasano/Scripts/ScreenArt/Images/TransformedImages/bubbles_9-A.jpeg
2026-03-14 06:57:06,856 - INFO - [pipeline.py:136] - "FractalWarpTransformer","iter=1,scale=0.05"
2026-03-14 06:57:06,955 - INFO - [pipeline.py:136] - "WheelTransformer","blend=normal,copies=3"
2026-03-14 06:57:06,995 - INFO - [pipeline.py:136] - "SwirlWarpTransformer","strength=1.50"
2026-03-14 06:57:07,008 - INFO - [pipeline.py:136] - "PosterizationTransformer","levels=4"
2026-03-14 06:57:07,025 - INFO - [pipeline.py:229] - [Grade: F] Saved to: /Users/kenfasano/Scripts/ScreenArt/Images/Rejected/bubbles_5-F.jpeg
2026-03-14 06:57:07,131 - INFO - [pipeline.py:136] - "WheelTransformer","blend=normal,copies=3"
2026-03-14 06:57:07,148 - INFO - [pipeline.py:229] - [Grade: C] Saved to: /Users/kenfasano/Scripts/ScreenArt/Images/TransformedImages/bubbles_2-C.jpeg
2026-03-14 06:57:07,171 - INFO - [pipeline.py:136] - "RadialWarpTransformer","radius=0.25,strength=114.28335194926703,style=push"
2026-03-14 06:57:07,188 - INFO - [pipeline.py:229] - [Grade: C] Saved to: /Users/kenfasano/Scripts/ScreenArt/Images/TransformedImages/bubbles_3-C.jpeg
2026-03-14 06:57:07,211 - INFO - [pipeline.py:136] - "RadialWarpTransformer","radius=0.25,strength=53.87482234995823,style=pull"
2026-03-14 06:57:07,251 - INFO - [pipeline.py:136] - "SwirlWarpTransformer","strength=1.50"
2026-03-14 06:57:07,287 - INFO - [pipeline.py:136] - "ThermalImagingTransformer","thermal=True"
2026-03-14 06:57:07,305 - INFO - [pipeline.py:229] - [Grade: A] Saved to: /Users/kenfasano/Scripts/ScreenArt/Images/TransformedImages/bubbles_10-A.jpeg
2026-03-14 06:57:07,411 - INFO - [pipeline.py:136] - "WheelTransformer","blend=normal,copies=3"
2026-03-14 06:57:07,424 - INFO - [pipeline.py:136] - "PosterizationTransformer","levels=4"
2026-03-14 06:57:07,441 - INFO - [pipeline.py:229] - [Grade: A] Saved to: /Users/kenfasano/Scripts/ScreenArt/Images/TransformedImages/bubbles_1-A.jpeg
2026-03-14 06:57:07,502 - INFO - [pipeline.py:136] - "MeltMorphTransformer","intensity=0.50"
2026-03-14 06:57:07,602 - INFO - [pipeline.py:136] - "WheelTransformer","blend=normal,copies=3"
2026-03-14 06:57:07,620 - INFO - [pipeline.py:229] - [Grade: C] Saved to: /Users/kenfasano/Scripts/ScreenArt/Images/TransformedImages/bubbles_6-C.jpeg
2026-03-14 06:57:07,654 - INFO - [pipeline.py:136] - "FisheyeTransformer","shape=circle,strength=0.22,zoom=0.87"
2026-03-14 06:57:07,757 - INFO - [pipeline.py:136] - "FlipWilsonTransformer","keep=top_right,narrow=0.31"
2026-03-14 06:57:07,774 - INFO - [pipeline.py:229] - [Grade: F] Saved to: /Users/kenfasano/Scripts/ScreenArt/Images/Rejected/bubbles_7-F.jpeg
2026-03-14 06:57:07,809 - INFO - [pipeline.py:136] - "GlitchWarpTransformer","intensity=0.01"
2026-03-14 06:57:07,845 - INFO - [pipeline.py:136] - "DataMoshTransformer","intensity=0.01"
2026-03-14 06:57:07,943 - INFO - [pipeline.py:136] - "WheelTransformer","blend=normal,copies=3"
2026-03-14 06:57:07,960 - INFO - [pipeline.py:229] - [Grade: A] Saved to: /Users/kenfasano/Scripts/ScreenArt/Images/TransformedImages/cubes_2-A.jpeg
2026-03-14 06:57:08,004 - INFO - [pipeline.py:136] - "FluidWarpTransformer","alpha=18.47,sigma=4.36"
2026-03-14 06:57:08,042 - INFO - [pipeline.py:136] - "DataMoshTransformer","intensity=0.02"
2026-03-14 06:57:08,055 - INFO - [pipeline.py:136] - "PosterizationTransformer","levels=4"
2026-03-14 06:57:08,071 - INFO - [pipeline.py:229] - [Grade: A] Saved to: /Users/kenfasano/Scripts/ScreenArt/Images/TransformedImages/cubes_3-A.jpeg
2026-03-14 06:57:08,115 - INFO - [pipeline.py:136] - "DataMoshTransformer","intensity=0.02"
2026-03-14 06:57:08,132 - INFO - [pipeline.py:229] - [Grade: A] Saved to: /Users/kenfasano/Scripts/ScreenArt/Images/TransformedImages/cubes_4-A.jpeg
2026-03-14 06:57:08,186 - INFO - [pipeline.py:136] - "HalftoneTransformer","size=2"
2026-03-14 06:57:08,223 - INFO - [pipeline.py:136] - "DataMoshTransformer","intensity=0.01"
2026-03-14 06:57:08,257 - INFO - [pipeline.py:136] - "FractalWarpTransformer","iter=1,scale=0.05"
2026-03-14 06:57:08,273 - INFO - [pipeline.py:229] - [Grade: F] Saved to: /Users/kenfasano/Scripts/ScreenArt/Images/Rejected/cubes_5-F.jpeg
2026-03-14 06:57:08,327 - INFO - [pipeline.py:136] - "HalftoneTransformer","size=2"
2026-03-14 06:57:08,426 - INFO - [pipeline.py:136] - "WheelTransformer","blend=normal,copies=3"
2026-03-14 06:57:08,441 - INFO - [pipeline.py:229] - [Grade: A] Saved to: /Users/kenfasano/Scripts/ScreenArt/Images/TransformedImages/cubes_6-A.jpeg
2026-03-14 06:57:08,665 - INFO - [pipeline.py:136] - "WatercolorTransformer","scale=0.85,style=psychedelic"
2026-03-14 06:57:08,688 - INFO - [pipeline.py:136] - "RadialWarpTransformer","radius=0.25,strength=96.02851740202487,104.3764329546405,116.81744110885592,style=push,pull,pull"
2026-03-14 06:57:08,705 - INFO - [pipeline.py:229] - [Grade: B] Saved to: /Users/kenfasano/Scripts/ScreenArt/Images/TransformedImages/cubes_1-B.jpeg
2026-03-14 06:57:08,716 - INFO - [pipeline.py:136] - "ColormapTransformer","map=summer"
2026-03-14 06:57:08,726 - INFO - [pipeline.py:136] - "RadialWarpTransformer","radius=0.25,strength=51.74783052844495,style=pull"
2026-03-14 06:57:08,743 - INFO - [pipeline.py:136] - "ThermalImagingTransformer","thermal=True"
2026-03-14 06:57:08,752 - INFO - [pipeline.py:229] - [Grade: A] Saved to: /Users/kenfasano/Scripts/ScreenArt/Images/TransformedImages/SaturnIR_CassiniKakitsev_960-A.jpg
2026-03-14 06:57:08,761 - INFO - [pipeline.py:136] - "ColormapTransformer","map=pink"
2026-03-14 06:57:08,775 - INFO - [pipeline.py:136] - "SwirlWarpTransformer","strength=1.50"
2026-03-14 06:57:08,791 - INFO - [pipeline.py:136] - "FluidWarpTransformer","alpha=9.84,sigma=7.71"
2026-03-14 06:57:08,798 - INFO - [pipeline.py:229] - [Grade: A] Saved to: /Users/kenfasano/Scripts/ScreenArt/Images/TransformedImages/ngc4762_hubble_960-A.jpg
2026-03-14 06:57:08,821 - INFO - [pipeline.py:136] - "FluidWarpTransformer","alpha=14.72,sigma=3.59"
2026-03-14 06:57:08,830 - INFO - [pipeline.py:229] - [Grade: A] Saved to: /Users/kenfasano/Scripts/ScreenArt/Images/TransformedImages/allalinmars_credner_plain-A.jpg
2026-03-14 06:57:08,877 - INFO - [pipeline.py:136] - "GlitchWarpTransformer","intensity=0.01"
2026-03-14 06:57:08,892 - INFO - [pipeline.py:136] - "ColormapTransformer","map=summer"
2026-03-14 06:57:08,916 - INFO - [pipeline.py:229] - [Grade: A] Saved to: /Users/kenfasano/Scripts/ScreenArt/Images/TransformedImages/NGC2256_Webb_960-A.jpg
2026-03-14 06:57:08,936 - INFO - [pipeline.py:136] - "SwirlWarpTransformer","strength=1.50"
2026-03-14 06:57:08,942 - INFO - [pipeline.py:136] - "ColormapTransformer","map=cool"
2026-03-14 06:57:09,033 - INFO - [pipeline.py:136] - "WatercolorTransformer","scale=0.85,style=psychedelic"
2026-03-14 06:57:09,040 - INFO - [pipeline.py:229] - [Grade: F] Saved to: /Users/kenfasano/Scripts/ScreenArt/Images/Rejected/QuasarJetDrawing_DESY_1080-F.jpg
2026-03-14 06:57:09,050 - INFO - [pipeline.py:136] - "RadialWarpTransformer","radius=0.25,strength=72.98799358908727,50.04544137494586,style=pull,push"
2026-03-14 06:57:09,116 - INFO - [pipeline.py:136] - "WatercolorTransformer","scale=0.85,style=psychedelic"
2026-03-14 06:57:09,121 - INFO - [pipeline.py:229] - [Grade: F] Saved to: /Users/kenfasano/Scripts/ScreenArt/Images/Rejected/delphinids_lcBeletsky900-F.jpg
2026-03-14 06:57:09,175 - INFO - [pipeline.py:136] - "WheelTransformer","blend=normal,copies=3"
2026-03-14 06:57:09,189 - INFO - [pipeline.py:136] - "GlitchWarpTransformer","intensity=0.01"
2026-03-14 06:57:09,199 - INFO - [pipeline.py:229] - [Grade: B] Saved to: /Users/kenfasano/Scripts/ScreenArt/Images/TransformedImages/VDB142-ESO-1024-B.jpg
2026-03-14 06:57:09,211 - INFO - [pipeline.py:136] - "SwirlWarpTransformer","strength=1.50"
2026-03-14 06:57:09,215 - INFO - [pipeline.py:229] - [Grade: A] Saved to: /Users/kenfasano/Scripts/ScreenArt/Images/TransformedImages/Swift_AGN_galaxies_labels900-A.jpg
2026-03-14 06:57:09,257 - INFO - [pipeline.py:136] - "FlipWilsonTransformer","keep=top_right,narrow=0.31"
2026-03-14 06:57:09,263 - INFO - [pipeline.py:229] - [Grade: F] Saved to: /Users/kenfasano/Scripts/ScreenArt/Images/Rejected/GreatConjunction_Peach_960-F.jpg
2026-03-14 06:57:09,272 - INFO - [pipeline.py:136] - "PosterizationTransformer","levels=4"
2026-03-14 06:57:09,280 - INFO - [pipeline.py:136] - "FisheyeTransformer","shape=oval,strength=0.40,zoom=1.06"
2026-03-14 06:57:09,296 - INFO - [pipeline.py:136] - "HalftoneTransformer","size=2"
2026-03-14 06:57:09,303 - INFO - [pipeline.py:229] - [Grade: A] Saved to: /Users/kenfasano/Scripts/ScreenArt/Images/TransformedImages/RhoOph_WISE_960-A.jpg
2026-03-14 06:57:09,314 - INFO - [pipeline.py:136] - "SwirlWarpTransformer","strength=1.50"
2026-03-14 06:57:09,317 - INFO - [pipeline.py:136] - "ColormapTransformer","map=hot"
2026-03-14 06:57:09,329 - INFO - [pipeline.py:136] - "FluidWarpTransformer","alpha=18.31,sigma=7.95"
2026-03-14 06:57:09,335 - INFO - [pipeline.py:136] - "GlitchWarpTransformer","intensity=0.01"
2026-03-14 06:57:09,340 - INFO - [pipeline.py:229] - [Grade: A] Saved to: /Users/kenfasano/Scripts/ScreenArt/Images/TransformedImages/vb10_jpl-A.jpg
2026-03-14 06:57:09,406 - INFO - [pipeline.py:136] - "MeltMorphTransformer","intensity=0.50"
2026-03-14 06:57:09,445 - INFO - [pipeline.py:136] - "ThermalImagingTransformer","thermal=True"
2026-03-14 06:57:09,468 - INFO - [pipeline.py:229] - [Grade: A] Saved to: /Users/kenfasano/Scripts/ScreenArt/Images/TransformedImages/nasa_earth_1_Kinshasa_True_Color-A.jpeg
2026-03-14 06:57:09,646 - INFO - [pipeline.py:136] - "WatercolorTransformer","scale=0.85,style=monet"
2026-03-14 06:57:09,659 - INFO - [pipeline.py:136] - "RadialWarpTransformer","radius=0.25,strength=135.4454296376756,style=push"
2026-03-14 06:57:09,685 - INFO - [pipeline.py:136] - "DataMoshTransformer","intensity=0.02"
2026-03-14 06:57:09,697 - INFO - [pipeline.py:229] - [Grade: A] Saved to: /Users/kenfasano/Scripts/ScreenArt/Images/TransformedImages/noaa_goes_1_se_GeoColor-A.jpeg
2026-03-14 06:57:09,847 - INFO - [pipeline.py:136] - "ThermalImagingTransformer","thermal=True"
2026-03-14 06:57:09,897 - INFO - [pipeline.py:229] - [Grade: A] Saved to: /Users/kenfasano/Scripts/ScreenArt/Images/TransformedImages/DSC_3273-A.jpeg
2026-03-14 06:57:10,070 - INFO - [pipeline.py:136] - "HalftoneTransformer","size=2"
2026-03-14 06:57:10,102 - INFO - [pipeline.py:136] - "PosterizationTransformer","levels=4"
2026-03-14 06:57:10,141 - INFO - [pipeline.py:229] - [Grade: B] Saved to: /Users/kenfasano/Scripts/ScreenArt/Images/TransformedImages/Archives-B.jpeg
2026-03-14 06:57:10,184 - INFO - [pipeline.py:136] - "FluidWarpTransformer","alpha=0.36,sigma=2.28"
2026-03-14 06:57:10,223 - INFO - [pipeline.py:136] - "DataMoshTransformer","intensity=0.01"
2026-03-14 06:57:10,337 - INFO - [pipeline.py:136] - "FlipWilsonTransformer","keep=top_right,narrow=0.31"
2026-03-14 06:57:10,350 - INFO - [pipeline.py:136] - "ColormapTransformer","map=cool"
2026-03-14 06:57:10,374 - INFO - [pipeline.py:229] - [Grade: C] Saved to: /Users/kenfasano/Scripts/ScreenArt/Images/TransformedImages/ProCar_4-C.jpeg
2026-03-14 06:57:10,380 - INFO - [pipeline.py:136] - "SwirlWarpTransformer","strength=1.50"
2026-03-14 06:57:10,396 - INFO - [pipeline.py:136] - "WatercolorTransformer","scale=0.85,style=psychedelic"
2026-03-14 06:57:10,398 - INFO - [pipeline.py:136] - "ColormapTransformer","map=cool"
2026-03-14 06:57:10,399 - INFO - [pipeline.py:229] - [Grade: F] Saved to: /Users/kenfasano/Scripts/ScreenArt/Images/Rejected/330px-Inside_St-F.jpeg
2026-03-14 06:57:10,417 - INFO - [pipeline.py:136] - "ColormapTransformer","map=rainbow"
2026-03-14 06:57:10,436 - INFO - [pipeline.py:136] - "FisheyeTransformer","shape=oval,strength=0.72,zoom=1.13"
2026-03-14 06:57:10,466 - INFO - [pipeline.py:136] - "FluidWarpTransformer","alpha=13.78,sigma=4.76"
2026-03-14 06:57:10,486 - INFO - [pipeline.py:136] - "GlitchWarpTransformer","intensity=0.01"
2026-03-14 06:57:10,500 - INFO - [pipeline.py:229] - [Grade: A] Saved to: /Users/kenfasano/Scripts/ScreenArt/Images/TransformedImages/1280px-thumbnai-A.jpeg
2026-03-14 06:57:10,575 - INFO - [pipeline.py:136] - "FractalWarpTransformer","iter=1,scale=0.05"
2026-03-14 06:57:10,594 - INFO - [pipeline.py:136] - "ColormapTransformer","map=summer"
2026-03-14 06:57:10,674 - INFO - [pipeline.py:136] - "HalftoneTransformer","size=2"
2026-03-14 06:57:10,827 - INFO - [pipeline.py:136] - "FlipWilsonTransformer","keep=top_right,narrow=0.31"
2026-03-14 06:57:10,853 - INFO - [pipeline.py:229] - [Grade: A] Saved to: /Users/kenfasano/Scripts/ScreenArt/Images/TransformedImages/Juncus_b-A.jpeg
2026-03-14 06:57:10,978 - INFO - [pipeline.py:136] - "WheelTransformer","blend=normal,copies=3"
2026-03-14 06:57:11,085 - INFO - [pipeline.py:136] - "FlipWilsonTransformer","keep=top_right,narrow=0.31"
2026-03-14 06:57:11,109 - INFO - [pipeline.py:229] - [Grade: A] Saved to: /Users/kenfasano/Scripts/ScreenArt/Images/TransformedImages/lojong_2-A-scatter.jpeg
2026-03-14 06:57:11,161 - INFO - [pipeline.py:136] - "DataMoshTransformer","intensity=0.02"
2026-03-14 06:57:11,190 - INFO - [pipeline.py:136] - "GlitchWarpTransformer","intensity=0.01"
2026-03-14 06:57:11,289 - INFO - [pipeline.py:136] - "WheelTransformer","blend=normal,copies=3"
2026-03-14 06:57:11,327 - INFO - [pipeline.py:136] - "SwirlWarpTransformer","strength=1.50"
2026-03-14 06:57:11,344 - INFO - [pipeline.py:229] - [Grade: C] Saved to: /Users/kenfasano/Scripts/ScreenArt/Images/TransformedImages/lojong_3-C-tile.jpeg
2026-03-14 06:57:11,560 - INFO - [pipeline.py:136] - "WatercolorTransformer","scale=0.85,style=monet"
2026-03-14 06:57:11,609 - INFO - [pipeline.py:136] - "HalftoneTransformer","size=2"
2026-03-14 06:57:11,624 - INFO - [pipeline.py:229] - [Grade: F] Saved to: /Users/kenfasano/Scripts/ScreenArt/Images/Rejected/lojong_8-F-hero.jpeg
2026-03-14 06:57:11,730 - INFO - [pipeline.py:136] - "WheelTransformer","blend=normal,copies=3"
2026-03-14 06:57:11,769 - INFO - [pipeline.py:136] - "SwirlWarpTransformer","strength=1.50"
2026-03-14 06:57:11,819 - INFO - [pipeline.py:136] - "HalftoneTransformer","size=2"
2026-03-14 06:57:11,835 - INFO - [pipeline.py:229] - [Grade: A] Saved to: /Users/kenfasano/Scripts/ScreenArt/Images/TransformedImages/lojong_4-A-scatter.jpeg
2026-03-14 06:57:11,878 - INFO - [pipeline.py:136] - "DataMoshTransformer","intensity=0.02"
2026-03-14 06:57:11,891 - INFO - [pipeline.py:136] - "PosterizationTransformer","levels=4"
2026-03-14 06:57:11,990 - INFO - [pipeline.py:136] - "WheelTransformer","blend=normal,copies=3"
2026-03-14 06:57:12,006 - INFO - [pipeline.py:229] - [Grade: A] Saved to: /Users/kenfasano/Scripts/ScreenArt/Images/TransformedImages/lojong_5-A-scatter.jpeg
2026-03-14 06:57:12,051 - INFO - [pipeline.py:136] - "ThermalImagingTransformer","thermal=True"
2026-03-14 06:57:12,068 - INFO - [pipeline.py:229] - [Grade: A] Saved to: /Users/kenfasano/Scripts/ScreenArt/Images/TransformedImages/lojong_9-A-hero.jpeg
2026-03-14 06:57:12,102 - INFO - [pipeline.py:136] - "GlitchWarpTransformer","intensity=0.01"
2026-03-14 06:57:12,140 - INFO - [pipeline.py:136] - "ThermalImagingTransformer","thermal=True"
2026-03-14 06:57:12,158 - INFO - [pipeline.py:229] - [Grade: B] Saved to: /Users/kenfasano/Scripts/ScreenArt/Images/TransformedImages/lojong_6-B-tile.jpeg
2026-03-14 06:57:12,203 - INFO - [pipeline.py:136] - "FractalWarpTransformer","iter=1,scale=0.05"
2026-03-14 06:57:12,219 - INFO - [pipeline.py:229] - [Grade: B] Saved to: /Users/kenfasano/Scripts/ScreenArt/Images/TransformedImages/lojong_7-B-scatter.jpeg
2026-03-14 06:57:12,263 - INFO - [pipeline.py:136] - "FractalWarpTransformer","iter=1,scale=0.05"
2026-03-14 06:57:12,277 - INFO - [pipeline.py:136] - "PosterizationTransformer","levels=4"
2026-03-14 06:57:12,313 - INFO - [pipeline.py:136] - "ThermalImagingTransformer","thermal=True"
2026-03-14 06:57:12,329 - INFO - [pipeline.py:229] - [Grade: B] Saved to: /Users/kenfasano/Scripts/ScreenArt/Images/TransformedImages/lojong_0-B-scatter.jpeg
2026-03-14 06:57:12,348 - INFO - [pipeline.py:136] - "PosterizationTransformer","levels=4"
2026-03-14 06:57:12,451 - INFO - [pipeline.py:136] - "FlipWilsonTransformer","keep=top_right,narrow=0.31"
2026-03-14 06:57:12,477 - INFO - [pipeline.py:136] - "FisheyeTransformer","shape=circle,strength=0.71,zoom=1.03"
2026-03-14 06:57:12,513 - INFO - [pipeline.py:136] - "FractalWarpTransformer","iter=1,scale=0.05"
2026-03-14 06:57:12,528 - INFO - [pipeline.py:229] - [Grade: A] Saved to: /Users/kenfasano/Scripts/ScreenArt/Images/TransformedImages/lojong_1-A-tile.jpeg
2026-03-14 06:57:12,548 - INFO - [pipeline.py:136] - "PosterizationTransformer","levels=4"
2026-03-14 06:57:12,601 - INFO - [pipeline.py:136] - "AnamorphicTransformer","intensity=0.0,0.2,0.4,0.6,0.8,thresh=80"
2026-03-14 06:57:12,656 - INFO - [pipeline.py:136] - "HalftoneTransformer","size=2"
2026-03-14 06:57:12,685 - INFO - [pipeline.py:136] - "FisheyeTransformer","shape=oval,strength=0.60,zoom=1.05"
2026-03-14 06:57:12,702 - INFO - [pipeline.py:229] - [Grade: F] Saved to: /Users/kenfasano/Scripts/ScreenArt/Images/Rejected/psalms_131-F-scatter.jpeg
2026-03-14 06:57:12,745 - INFO - [pipeline.py:136] - "GlitchWarpTransformer","intensity=0.01"
2026-03-14 06:57:12,805 - INFO - [pipeline.py:136] - "FluidWarpTransformer","alpha=5.59,sigma=7.89"
2026-03-14 06:57:12,827 - INFO - [pipeline.py:136] - "RadialWarpTransformer","radius=0.25,strength=55.67957725372424,53.60688330482775,style=pull,push"
2026-03-14 06:57:12,928 - INFO - [pipeline.py:136] - "WheelTransformer","blend=normal,copies=3"
2026-03-14 06:57:12,947 - INFO - [pipeline.py:229] - [Grade: A] Saved to: /Users/kenfasano/Scripts/ScreenArt/Images/TransformedImages/psalms_98-A-scatter.jpeg
2026-03-14 06:57:12,993 - INFO - [pipeline.py:136] - "ThermalImagingTransformer","thermal=True"
2026-03-14 06:57:13,011 - INFO - [pipeline.py:229] - [Grade: A] Saved to: /Users/kenfasano/Scripts/ScreenArt/Images/TransformedImages/psalms_100-A-scatter.jpeg
2026-03-14 06:57:13,121 - INFO - [pipeline.py:136] - "WheelTransformer","blend=normal,copies=3"
2026-03-14 06:57:13,160 - INFO - [pipeline.py:136] - "FractalWarpTransformer","iter=1,scale=0.05"
2026-03-14 06:57:13,267 - INFO - [pipeline.py:136] - "MeltMorphTransformer","intensity=0.50"
2026-03-14 06:57:13,309 - INFO - [pipeline.py:229] - [Grade: A] Saved to: /Users/kenfasano/Scripts/ScreenArt/Images/TransformedImages/psalms_88-A-scatter.jpeg
2026-03-14 06:57:13,348 - INFO - [pipeline.py:136] - "GlitchWarpTransformer","intensity=0.01"
2026-03-14 06:57:13,381 - INFO - [pipeline.py:136] - "FluidWarpTransformer","alpha=7.35,sigma=1.05"
2026-03-14 06:57:13,416 - INFO - [pipeline.py:136] - "FractalWarpTransformer","iter=1,scale=0.05"
2026-03-14 06:57:13,471 - INFO - [pipeline.py:136] - "MeltMorphTransformer","intensity=0.50"
2026-03-14 06:57:13,488 - INFO - [pipeline.py:229] - [Grade: A] Saved to: /Users/kenfasano/Scripts/ScreenArt/Images/TransformedImages/psalms_30-A-scatter.jpeg
2026-03-14 06:57:13,601 - INFO - [pipeline.py:136] - "WheelTransformer","blend=normal,copies=3"
2026-03-14 06:57:13,640 - INFO - [pipeline.py:136] - "FractalWarpTransformer","iter=1,scale=0.05"
2026-03-14 06:57:13,655 - INFO - [pipeline.py:136] - "PosterizationTransformer","levels=4"
2026-03-14 06:57:13,684 - INFO - [pipeline.py:136] - "GlitchWarpTransformer","intensity=0.01"
2026-03-14 06:57:13,706 - INFO - [pipeline.py:229] - [Grade: B] Saved to: /Users/kenfasano/Scripts/ScreenArt/Images/TransformedImages/psalms_119-B-tile.jpeg
2026-03-14 06:57:13,736 - INFO - [pipeline.py:136] - "RadialWarpTransformer","radius=0.25,strength=121.038271549262,74.67228977622524,style=push,push"
2026-03-14 06:57:13,749 - INFO - [pipeline.py:136] - "PosterizationTransformer","levels=4"
2026-03-14 06:57:13,767 - INFO - [pipeline.py:229] - [Grade: A] Saved to: /Users/kenfasano/Scripts/ScreenArt/Images/TransformedImages/psalms_9-A-columns.jpeg
2026-03-14 06:57:13,789 - INFO - [pipeline.py:136] - "ColormapTransformer","map=hsv"
2026-03-14 06:57:13,817 - INFO - [pipeline.py:136] - "FisheyeTransformer","shape=circle,strength=0.33,zoom=1.04"
2026-03-14 06:57:13,837 - INFO - [pipeline.py:229] - [Grade: C] Saved to: /Users/kenfasano/Scripts/ScreenArt/Images/TransformedImages/psalms_143-C-hero.jpeg
2026-03-14 06:57:13,880 - INFO - [pipeline.py:136] - "FluidWarpTransformer","alpha=16.77,sigma=2.12"
2026-03-14 06:57:13,898 - INFO - [pipeline.py:229] - [Grade: C] Saved to: /Users/kenfasano/Scripts/ScreenArt/Images/TransformedImages/psalms_73-C-tile.jpeg
2026-03-14 06:57:13,950 - INFO - [pipeline.py:136] - "FluidWarpTransformer","alpha=6.39,sigma=3.84"
2026-03-14 06:57:13,970 - INFO - [pipeline.py:229] - [Grade: A] Saved to: /Users/kenfasano/Scripts/ScreenArt/Images/TransformedImages/psalms_39-A-columns.jpeg
2026-03-14 06:57:13,982 - INFO - [pipeline.py:136] - "FisheyeTransformer","shape=circle,strength=0.56,zoom=0.88"
2026-03-14 06:57:13,988 - INFO - [pipeline.py:229] - [Grade: A] Saved to: /Users/kenfasano/Scripts/ScreenArt/Images/TransformedImages/peripheral_drift_2-A.jpeg
2026-03-14 06:57:14,000 - INFO - [pipeline.py:136] - "GlitchWarpTransformer","intensity=0.01"
2026-03-14 06:57:14,006 - INFO - [pipeline.py:229] - [Grade: A] Saved to: /Users/kenfasano/Scripts/ScreenArt/Images/TransformedImages/peripheral_drift_3-A.jpeg
2026-03-14 06:57:14,018 - INFO - [pipeline.py:136] - "FluidWarpTransformer","alpha=16.70,sigma=0.84"
2026-03-14 06:57:14,036 - INFO - [pipeline.py:136] - "MeltMorphTransformer","intensity=0.50"
2026-03-14 06:57:14,049 - INFO - [pipeline.py:136] - "SwirlWarpTransformer","strength=1.50"
2026-03-14 06:57:14,055 - INFO - [pipeline.py:229] - [Grade: A] Saved to: /Users/kenfasano/Scripts/ScreenArt/Images/TransformedImages/peripheral_drift_1-A.jpeg
2026-03-14 06:57:14,055 - INFO - [main.py:196] - WatercolorTransformer
2026-03-14 06:57:14,055 - INFO - [main.py:196] - FlipWilsonTransformer
2026-03-14 06:57:14,055 - INFO - [main.py:196] - WheelTransformer
2026-03-14 06:57:14,055 - INFO - [main.py:196] - HalftoneTransformer
2026-03-14 06:57:14,055 - INFO - [main.py:196] - MeltMorphTransformer
2026-03-14 06:57:14,055 - INFO - [main.py:196] - AnamorphicTransformer
2026-03-14 06:57:14,055 - INFO - [main.py:196] - ThermalImagingTransformer
2026-03-14 06:57:14,055 - INFO - [main.py:196] - FractalWarpTransformer
2026-03-14 06:57:14,055 - INFO - [main.py:196] - DataMoshTransformer
2026-03-14 06:57:14,055 - INFO - [main.py:196] - FluidWarpTransformer
2026-03-14 06:57:14,055 - INFO - [main.py:196] - SwirlWarpTransformer
2026-03-14 06:57:14,055 - INFO - [main.py:196] - GlitchWarpTransformer
2026-03-14 06:57:14,055 - INFO - [main.py:196] - FisheyeTransformer
2026-03-14 06:57:14,055 - INFO - [main.py:196] - RadialWarpTransformer
2026-03-14 06:57:14,055 - INFO - [main.py:196] - PosterizationTransformer
2026-03-14 06:57:14,055 - INFO - [main.py:196] - ColormapTransformer
2026-03-14 06:57:14,055 - INFO - [main.py:239] - 25s@06:57 ✓
Accepted: 49
Rejected: 9
---
Bible                      ->  8810ms
Wiki                       ->  3866ms
Lojong                     ->  2066ms
GoesGenerator              ->   852ms
Nasa                       ->   748ms
Bubbles                    ->   544ms
Cubes                      ->   199ms
NasaMapGenerator           ->    53ms
PeripheralDriftIllusion    ->    41ms
---
WatercolorTransformer      -> Min:    17ms | Avg:   128ms | Max:   217ms
FlipWilsonTransformer      -> Min:    39ms | Avg:   103ms | Max:   152ms
WheelTransformer           -> Min:    45ms | Avg:    97ms | Max:   111ms
HalftoneTransformer        -> Min:    16ms | Avg:    60ms | Max:   145ms
MeltMorphTransformer       -> Min:    17ms | Avg:    58ms | Max:   107ms
AnamorphicTransformer      -> Min:    52ms | Avg:    52ms | Max:    52ms
ThermalImagingTransformer  -> Min:    17ms | Avg:    44ms | Max:   118ms
FractalWarpTransformer     -> Min:    34ms | Avg:    39ms | Max:    62ms
DataMoshTransformer        -> Min:    26ms | Avg:    36ms | Max:    42ms
FluidWarpTransformer       -> Min:     9ms | Avg:    29ms | Max:    60ms
SwirlWarpTransformer       -> Min:     3ms | Avg:    25ms | Max:    42ms
GlitchWarpTransformer      -> Min:     6ms | Avg:    24ms | Max:    36ms
FisheyeTransformer         -> Min:     7ms | Avg:    22ms | Max:    29ms
RadialWarpTransformer      -> Min:     6ms | Avg:    17ms | Max:    24ms
PosterizationTransformer   -> Min:     4ms | Avg:    14ms | Max:    32ms
ColormapTransformer        -> Min:     1ms | Avg:     9ms | Max:    18ms
