2026-03-14 14:00:32,124 - INFO - [pipeline.py:137] - "MeltMorphTransformer","intensity=0.50"
2026-03-14 14:00:32,142 - INFO - [pipeline.py:243] - [Grade: A] Saved to: /Users/kenfasano/Scripts/ScreenArt/Images/TransformedImages/bubbles_4-A.jpeg
2026-03-14 14:00:32,190 - INFO - [pipeline.py:137] - "WheelTransformer","blend=lighter,copies=4"
2026-03-14 14:00:32,241 - INFO - [pipeline.py:137] - "HalftoneTransformer","size=2"
2026-03-14 14:00:32,348 - INFO - [pipeline.py:137] - "FlipWilsonTransformer","keep=bottom_right,narrow=0.27"
2026-03-14 14:00:32,365 - INFO - [pipeline.py:243] - [Grade: A] Saved to: /Users/kenfasano/Scripts/ScreenArt/Images/TransformedImages/bubbles_8-A.jpeg
2026-03-14 14:00:32,410 - INFO - [pipeline.py:137] - "WheelTransformer","blend=lighter,copies=4"
2026-03-14 14:00:32,437 - INFO - [pipeline.py:137] - "ChromaticAberrationTransformer","angle=118.90,edge_fade=1,shift=8.80"
2026-03-14 14:00:32,453 - INFO - [pipeline.py:243] - [Grade: C] Saved to: /Users/kenfasano/Scripts/ScreenArt/Images/TransformedImages/bubbles_9-C.jpeg
2026-03-14 14:00:32,566 - INFO - [pipeline.py:137] - "FlipWilsonTransformer","keep=bottom_right,narrow=0.27"
2026-03-14 14:00:32,583 - INFO - [pipeline.py:243] - [Grade: C] Saved to: /Users/kenfasano/Scripts/ScreenArt/Images/TransformedImages/bubbles_5-C.jpeg
2026-03-14 14:00:32,603 - INFO - [pipeline.py:137] - "ColormapTransformer","map=hot"
2026-03-14 14:00:32,616 - INFO - [pipeline.py:137] - "PosterizationTransformer","levels=4"
2026-03-14 14:00:32,653 - INFO - [pipeline.py:137] - "WheelTransformer","blend=lighter,copies=4"
2026-03-14 14:00:32,671 - INFO - [pipeline.py:243] - [Grade: A] Saved to: /Users/kenfasano/Scripts/ScreenArt/Images/TransformedImages/bubbles_2-A.jpeg
2026-03-14 14:00:32,704 - INFO - [pipeline.py:137] - "ChromaticAberrationTransformer","angle=257.10,edge_fade=1,shift=8.30"
2026-03-14 14:00:32,728 - INFO - [pipeline.py:137] - "OilPaintingTransformer","dyn_ratio=2,size=4"
2026-03-14 14:00:32,763 - INFO - [pipeline.py:137] - "FractalWarpTransformer","iter=1,scale=0.05"
2026-03-14 14:00:32,800 - INFO - [pipeline.py:137] - "WheelTransformer","blend=lighter,copies=4"
2026-03-14 14:00:32,817 - INFO - [pipeline.py:243] - [Grade: A] Saved to: /Users/kenfasano/Scripts/ScreenArt/Images/TransformedImages/bubbles_3-A.jpeg
2026-03-14 14:00:32,849 - INFO - [pipeline.py:137] - "RadialWarpTransformer","radius=0.25,strength=138.92612404003202,90.38576481526174,73.52518440097074,style=push,push,push"
2026-03-14 14:00:32,865 - INFO - [pipeline.py:243] - [Grade: C] Saved to: /Users/kenfasano/Scripts/ScreenArt/Images/TransformedImages/bubbles_10-C.jpeg
2026-03-14 14:00:32,886 - INFO - [pipeline.py:137] - "PosterizationTransformer","levels=4"
2026-03-14 14:00:32,926 - INFO - [pipeline.py:137] - "DataMoshTransformer","intensity=0.02"
2026-03-14 14:00:32,945 - INFO - [pipeline.py:243] - [Grade: A] Saved to: /Users/kenfasano/Scripts/ScreenArt/Images/TransformedImages/bubbles_1-A.jpeg
2026-03-14 14:00:32,965 - INFO - [pipeline.py:137] - "ColormapTransformer","map=pink"
2026-03-14 14:00:33,146 - INFO - [pipeline.py:137] - "VoronoiTransformer","edge_blend=1,num_points=128"
2026-03-14 14:00:33,180 - INFO - [pipeline.py:137] - "FractalWarpTransformer","iter=1,scale=0.05"
2026-03-14 14:00:33,196 - INFO - [pipeline.py:243] - [Grade: A] Saved to: /Users/kenfasano/Scripts/ScreenArt/Images/TransformedImages/bubbles_6-A.jpeg
2026-03-14 14:00:33,220 - INFO - [pipeline.py:137] - "RadialWarpTransformer","radius=0.25,strength=92.46879772023178,style=pull"
2026-03-14 14:00:33,248 - INFO - [pipeline.py:137] - "ChromaticAberrationTransformer","angle=282.40,edge_fade=1,shift=6.40"
2026-03-14 14:00:33,287 - INFO - [pipeline.py:137] - "DataMoshTransformer","intensity=0.01"
2026-03-14 14:00:33,304 - INFO - [pipeline.py:243] - [Grade: C] Saved to: /Users/kenfasano/Scripts/ScreenArt/Images/TransformedImages/bubbles_7-C.jpeg
2026-03-14 14:00:33,327 - INFO - [pipeline.py:137] - "PosterizationTransformer","levels=4"
2026-03-14 14:00:33,366 - INFO - [pipeline.py:137] - "SwirlWarpTransformer","strength=1.50"
2026-03-14 14:00:33,382 - INFO - [pipeline.py:243] - [Grade: A] Saved to: /Users/kenfasano/Scripts/ScreenArt/Images/TransformedImages/cubes_2-A.jpeg
2026-03-14 14:00:33,537 - INFO - [pipeline.py:137] - "MeltMorphTransformer","intensity=0.50"
2026-03-14 14:00:33,587 - INFO - [pipeline.py:137] - "HalftoneTransformer","size=2"
2026-03-14 14:00:33,625 - INFO - [pipeline.py:137] - "WheelTransformer","blend=lighter,copies=4"
2026-03-14 14:00:33,640 - INFO - [pipeline.py:243] - [Grade: A] Saved to: /Users/kenfasano/Scripts/ScreenArt/Images/TransformedImages/cubes_3-A.jpeg
2026-03-14 14:00:33,862 - INFO - [pipeline.py:137] - "WatercolorTransformer","scale=0.85,style=psychedelic"
2026-03-14 14:00:33,897 - INFO - [pipeline.py:137] - "ThermalImagingTransformer","thermal=True"
2026-03-14 14:00:33,914 - INFO - [pipeline.py:243] - [Grade: A] Saved to: /Users/kenfasano/Scripts/ScreenArt/Images/TransformedImages/cubes_4-A.jpeg
2026-03-14 14:00:33,959 - INFO - [pipeline.py:137] - "SwirlWarpTransformer","strength=1.50"
2026-03-14 14:00:34,000 - INFO - [pipeline.py:137] - "StippleTransformer","bg=complement,dot_radius=4,jitter=1,spacing=12"
2026-03-14 14:00:34,013 - INFO - [pipeline.py:137] - "PosterizationTransformer","levels=4"
2026-03-14 14:00:34,035 - INFO - [pipeline.py:243] - [Grade: C] Saved to: /Users/kenfasano/Scripts/ScreenArt/Images/TransformedImages/cubes_5-C.jpeg
2026-03-14 14:00:34,077 - INFO - [pipeline.py:137] - "FractalWarpTransformer","iter=1,scale=0.05"
2026-03-14 14:00:34,095 - INFO - [pipeline.py:137] - "RadialWarpTransformer","radius=0.25,strength=136.90614131744098,style=push"
2026-03-14 14:00:34,108 - INFO - [pipeline.py:137] - "PosterizationTransformer","levels=4"
2026-03-14 14:00:34,124 - INFO - [pipeline.py:243] - [Grade: A] Saved to: /Users/kenfasano/Scripts/ScreenArt/Images/TransformedImages/cubes_6-A.jpeg
2026-03-14 14:00:34,271 - INFO - [pipeline.py:137] - "VoronoiTransformer","edge_blend=1,num_points=92"
2026-03-14 14:00:34,287 - INFO - [pipeline.py:243] - [Grade: C] Saved to: /Users/kenfasano/Scripts/ScreenArt/Images/TransformedImages/cubes_1-C.jpeg
2026-03-14 14:00:34,303 - INFO - [pipeline.py:137] - "GlitchWarpTransformer","intensity=0.01"
2026-03-14 14:00:34,311 - INFO - [pipeline.py:243] - [Grade: C] Saved to: /Users/kenfasano/Scripts/ScreenArt/Images/TransformedImages/Barnard18Taurus_POSS2_960-C.jpg
2026-03-14 14:00:34,316 - INFO - [pipeline.py:137] - "PixelSortTransformer","direction=rows,high=0.56,low=0.24,sort_key=blue"
2026-03-14 14:00:34,323 - INFO - [pipeline.py:243] - [Grade: B] Saved to: /Users/kenfasano/Scripts/ScreenArt/Images/TransformedImages/eclipseplane_phillip_960-B.jpg
2026-03-14 14:00:34,343 - INFO - [pipeline.py:137] - "ThermalImagingTransformer","thermal=True"
2026-03-14 14:00:34,349 - INFO - [pipeline.py:243] - [Grade: B] Saved to: /Users/kenfasano/Scripts/ScreenArt/Images/TransformedImages/Lunareclipse_PinnaclesNationalPark1024-B.jpg
2026-03-14 14:00:34,356 - INFO - [pipeline.py:137] - "FractalWarpTransformer","iter=1,scale=0.05"
2026-03-14 14:00:34,359 - INFO - [pipeline.py:243] - [Grade: A] Saved to: /Users/kenfasano/Scripts/ScreenArt/Images/TransformedImages/jupiterTriple_hst_c1-A.jpg
2026-03-14 14:00:34,372 - INFO - [pipeline.py:137] - "HalftoneTransformer","size=2"
2026-03-14 14:00:34,377 - INFO - [pipeline.py:243] - [Grade: A] Saved to: /Users/kenfasano/Scripts/ScreenArt/Images/TransformedImages/jupimpact_hubble800-A.jpg
2026-03-14 14:00:34,379 - INFO - [pipeline.py:137] - "PosterizationTransformer","levels=4"
2026-03-14 14:00:34,382 - INFO - [pipeline.py:243] - [Grade: B] Saved to: /Users/kenfasano/Scripts/ScreenArt/Images/TransformedImages/m81m82_galex_c-B.jpg
2026-03-14 14:00:34,387 - INFO - [pipeline.py:137] - "RadialWarpTransformer","radius=0.25,strength=125.47993432056987,82.15632057964143,style=push,pull"
2026-03-14 14:00:34,394 - INFO - [pipeline.py:137] - "HalftoneTransformer","size=2"
2026-03-14 14:00:34,399 - INFO - [pipeline.py:137] - "ThermalImagingTransformer","thermal=True"
2026-03-14 14:00:34,402 - INFO - [pipeline.py:243] - [Grade: A] Saved to: /Users/kenfasano/Scripts/ScreenArt/Images/TransformedImages/shadowcone2_staiger-A.jpg
2026-03-14 14:00:34,407 - INFO - [pipeline.py:137] - "FisheyeTransformer","shape=oval,strength=0.64,zoom=0.87"
2026-03-14 14:00:34,412 - INFO - [pipeline.py:137] - "ChromaticAberrationTransformer","angle=85.80,edge_fade=1,shift=14.80"
2026-03-14 14:00:34,446 - INFO - [pipeline.py:137] - "VoronoiTransformer","edge_blend=1,num_points=116"
2026-03-14 14:00:34,451 - INFO - [pipeline.py:137] - "RadialWarpTransformer","radius=0.25,strength=100.34977559265455,138.16342477776288,57.04971065167307,style=pull,push,push"
2026-03-14 14:00:34,455 - INFO - [pipeline.py:243] - [Grade: A] Saved to: /Users/kenfasano/Scripts/ScreenArt/Images/TransformedImages/pandora_cassini_big-A.jpg
2026-03-14 14:00:34,462 - INFO - [pipeline.py:137] - "FractalWarpTransformer","iter=1,scale=0.05"
2026-03-14 14:00:34,465 - INFO - [pipeline.py:243] - [Grade: C] Saved to: /Users/kenfasano/Scripts/ScreenArt/Images/TransformedImages/CorkscrewMeteor_westlake-C.jpg
2026-03-14 14:00:34,498 - INFO - [pipeline.py:137] - "WheelTransformer","blend=lighter,copies=4"
2026-03-14 14:00:34,543 - INFO - [pipeline.py:137] - "OilPaintingTransformer","dyn_ratio=6,size=8"
2026-03-14 14:00:34,554 - INFO - [pipeline.py:243] - [Grade: A] Saved to: /Users/kenfasano/Scripts/ScreenArt/Images/TransformedImages/AuroraIceland_Necchi_960-A.jpg
2026-03-14 14:00:34,805 - INFO - [pipeline.py:137] - "VoronoiTransformer","edge_blend=1,num_points=182"
2026-03-14 14:00:34,821 - INFO - [pipeline.py:243] - [Grade: F] Saved to: /Users/kenfasano/Scripts/ScreenArt/Images/Rejected/nasa_earth_1_Seoul_True_Color-F.jpeg
2026-03-14 14:00:34,861 - INFO - [pipeline.py:137] - "WheelTransformer","blend=lighter,copies=4"
2026-03-14 14:00:34,875 - INFO - [pipeline.py:243] - [Grade: A] Saved to: /Users/kenfasano/Scripts/ScreenArt/Images/TransformedImages/noaa_goes_1_se_Fire_Temperature-A.jpeg
2026-03-14 14:00:34,885 - INFO - [pipeline.py:137] - "GlitchWarpTransformer","intensity=0.01"
2026-03-14 14:00:34,890 - INFO - [pipeline.py:243] - [Grade: A] Saved to: /Users/kenfasano/Scripts/ScreenArt/Images/TransformedImages/960px-חטיבת_הרא-A.jpeg
2026-03-14 14:00:34,894 - INFO - [pipeline.py:137] - "RadialWarpTransformer","radius=0.25,strength=92.83876795866107,129.7317274654983,style=pull,push"
2026-03-14 14:00:34,897 - INFO - [pipeline.py:137] - "FluidWarpTransformer","alpha=6.28,sigma=4.52"
2026-03-14 14:00:34,905 - INFO - [pipeline.py:137] - "FlipWilsonTransformer","keep=bottom_right,narrow=0.27"
2026-03-14 14:00:34,907 - INFO - [pipeline.py:243] - [Grade: A] Saved to: /Users/kenfasano/Scripts/ScreenArt/Images/TransformedImages/330px-An_Amorou-A.jpeg
2026-03-14 14:00:34,964 - INFO - [pipeline.py:137] - "StippleTransformer","bg=white,dot_radius=5,jitter=1,spacing=15"
2026-03-14 14:00:35,229 - INFO - [pipeline.py:137] - "PixelSortTransformer","direction=rows,high=0.64,low=0.24,sort_key=brightness"
2026-03-14 14:00:35,285 - INFO - [pipeline.py:137] - "FluidWarpTransformer","alpha=7.19,sigma=3.84"
2026-03-14 14:00:35,312 - INFO - [pipeline.py:243] - [Grade: C] Saved to: /Users/kenfasano/Scripts/ScreenArt/Images/TransformedImages/Autopres-C.jpeg
2026-03-14 14:00:35,379 - INFO - [pipeline.py:137] - "MeltMorphTransformer","intensity=0.50"
2026-03-14 14:00:35,435 - INFO - [pipeline.py:137] - "KaleidoscopeTransformer","cx_off=0.04,cy_off=0.14,segments=4"
2026-03-14 14:00:35,464 - INFO - [pipeline.py:137] - "GlitchWarpTransformer","intensity=0.01"
2026-03-14 14:00:35,503 - INFO - [pipeline.py:137] - "ThermalImagingTransformer","thermal=True"
2026-03-14 14:00:35,521 - INFO - [pipeline.py:243] - [Grade: B] Saved to: /Users/kenfasano/Scripts/ScreenArt/Images/TransformedImages/960px-_Iowa__Mo-B.jpeg
2026-03-14 14:00:35,541 - INFO - [pipeline.py:137] - "ColormapTransformer","map=jet"
2026-03-14 14:00:35,594 - INFO - [pipeline.py:137] - "KaleidoscopeTransformer","cx_off=0.09,cy_off=-0.01,segments=6"
2026-03-14 14:00:35,626 - INFO - [pipeline.py:137] - "StippleTransformer","bg=black,dot_radius=5,jitter=1,spacing=15"
2026-03-14 14:00:35,681 - INFO - [pipeline.py:137] - "OilPaintingTransformer","dyn_ratio=8,size=7"
2026-03-14 14:00:35,705 - INFO - [pipeline.py:243] - [Grade: A] Saved to: /Users/kenfasano/Scripts/ScreenArt/Images/TransformedImages/lojong_2-A-tile.jpeg
2026-03-14 14:00:35,747 - INFO - [pipeline.py:137] - "FractalWarpTransformer","iter=1,scale=0.05"
2026-03-14 14:00:35,763 - INFO - [pipeline.py:243] - [Grade: A] Saved to: /Users/kenfasano/Scripts/ScreenArt/Images/TransformedImages/lojong_3-A-scatter.jpeg
2026-03-14 14:00:35,823 - INFO - [pipeline.py:137] - "KaleidoscopeTransformer","cx_off=0.02,cy_off=-0.04,segments=12"
2026-03-14 14:00:35,840 - INFO - [pipeline.py:243] - [Grade: F] Saved to: /Users/kenfasano/Scripts/ScreenArt/Images/Rejected/lojong_8-F-columns.jpeg
2026-03-14 14:00:35,887 - INFO - [pipeline.py:137] - "FluidWarpTransformer","alpha=4.16,sigma=4.43"
2026-03-14 14:00:35,906 - INFO - [pipeline.py:243] - [Grade: C] Saved to: /Users/kenfasano/Scripts/ScreenArt/Images/TransformedImages/lojong_4-C-tile.jpeg
2026-03-14 14:00:35,955 - INFO - [pipeline.py:137] - "DataMoshTransformer","intensity=0.01"
2026-03-14 14:00:35,994 - INFO - [pipeline.py:137] - "SwirlWarpTransformer","strength=1.50"
2026-03-14 14:00:36,028 - INFO - [pipeline.py:137] - "FluidWarpTransformer","alpha=10.74,sigma=2.85"
2026-03-14 14:00:36,065 - INFO - [pipeline.py:137] - "WheelTransformer","blend=lighter,copies=4"
2026-03-14 14:00:36,084 - INFO - [pipeline.py:243] - [Grade: A] Saved to: /Users/kenfasano/Scripts/ScreenArt/Images/TransformedImages/lojong_5-A-columns.jpeg
2026-03-14 14:00:36,125 - INFO - [pipeline.py:137] - "FractalWarpTransformer","iter=1,scale=0.05"
2026-03-14 14:00:36,142 - INFO - [pipeline.py:243] - [Grade: A] Saved to: /Users/kenfasano/Scripts/ScreenArt/Images/TransformedImages/lojong_9-A-tile.jpeg
2026-03-14 14:00:36,551 - INFO - [pipeline.py:137] - "VoronoiTransformer","edge_blend=1,num_points=324"
2026-03-14 14:00:36,575 - INFO - [pipeline.py:137] - "RadialWarpTransformer","radius=0.25,strength=39.63241900199623,120.60615513365993,128.72675534074938,style=push,push,pull"
2026-03-14 14:00:36,613 - INFO - [pipeline.py:137] - "SwirlWarpTransformer","strength=1.50"
2026-03-14 14:00:36,631 - INFO - [pipeline.py:243] - [Grade: A] Saved to: /Users/kenfasano/Scripts/ScreenArt/Images/TransformedImages/lojong_6-A-scatter.jpeg
2026-03-14 14:00:36,664 - INFO - [pipeline.py:137] - "ChromaticAberrationTransformer","angle=13.90,edge_fade=1,shift=16.90"
2026-03-14 14:00:36,713 - INFO - [pipeline.py:137] - "FluidWarpTransformer","alpha=17.48,sigma=7.67"
2026-03-14 14:00:36,747 - INFO - [pipeline.py:137] - "FractalWarpTransformer","iter=1,scale=0.05"
2026-03-14 14:00:36,775 - INFO - [pipeline.py:137] - "GlitchWarpTransformer","intensity=0.01"
2026-03-14 14:00:36,793 - INFO - [pipeline.py:243] - [Grade: C] Saved to: /Users/kenfasano/Scripts/ScreenArt/Images/TransformedImages/lojong_7-C-hero.jpeg
2026-03-14 14:00:36,847 - INFO - [pipeline.py:137] - "HalftoneTransformer","size=2"
2026-03-14 14:00:36,860 - INFO - [pipeline.py:137] - "ColormapTransformer","map=autumn"
2026-03-14 14:00:36,877 - INFO - [pipeline.py:243] - [Grade: A] Saved to: /Users/kenfasano/Scripts/ScreenArt/Images/TransformedImages/lojong_0-A-scatter.jpeg
2026-03-14 14:00:36,921 - INFO - [pipeline.py:137] - "WheelTransformer","blend=lighter,copies=4"
2026-03-14 14:00:36,948 - INFO - [pipeline.py:137] - "GlitchWarpTransformer","intensity=0.01"
2026-03-14 14:00:36,966 - INFO - [pipeline.py:243] - [Grade: A] Saved to: /Users/kenfasano/Scripts/ScreenArt/Images/TransformedImages/lojong_1-A-scatter.jpeg
2026-03-14 14:00:37,005 - INFO - [pipeline.py:137] - "FluidWarpTransformer","alpha=14.10,sigma=1.01"
2026-03-14 14:00:37,018 - INFO - [pipeline.py:137] - "PosterizationTransformer","levels=4"
2026-03-14 14:00:37,071 - INFO - [pipeline.py:137] - "MeltMorphTransformer","intensity=0.50"
2026-03-14 14:00:37,090 - INFO - [pipeline.py:243] - [Grade: A] Saved to: /Users/kenfasano/Scripts/ScreenArt/Images/TransformedImages/psalms_21-A-columns.jpeg
2026-03-14 14:00:37,128 - INFO - [pipeline.py:137] - "GlitchWarpTransformer","intensity=0.01"
2026-03-14 14:00:37,346 - INFO - [pipeline.py:137] - "PixelSortTransformer","direction=rows,high=0.70,low=0.31,sort_key=saturation"
2026-03-14 14:00:37,364 - INFO - [pipeline.py:243] - [Grade: A] Saved to: /Users/kenfasano/Scripts/ScreenArt/Images/TransformedImages/psalms_51-A-hero.jpeg
2026-03-14 14:00:37,408 - INFO - [pipeline.py:137] - "SwirlWarpTransformer","strength=1.50"
2026-03-14 14:00:37,433 - INFO - [pipeline.py:137] - "ChromaticAberrationTransformer","angle=205.90,edge_fade=1,shift=13.70"
2026-03-14 14:00:37,645 - INFO - [pipeline.py:137] - "WatercolorTransformer","scale=0.85,style=monet"
2026-03-14 14:00:37,693 - INFO - [pipeline.py:137] - "HalftoneTransformer","size=2"
2026-03-14 14:00:37,709 - INFO - [pipeline.py:243] - [Grade: C] Saved to: /Users/kenfasano/Scripts/ScreenArt/Images/TransformedImages/psalms_26-C-hero.jpeg
2026-03-14 14:00:37,765 - INFO - [pipeline.py:137] - "KaleidoscopeTransformer","cx_off=-0.12,cy_off=-0.13,segments=4"
2026-03-14 14:00:37,778 - INFO - [pipeline.py:137] - "PosterizationTransformer","levels=4"
2026-03-14 14:00:37,802 - INFO - [pipeline.py:137] - "FisheyeTransformer","shape=circle,strength=0.55,zoom=0.88"
2026-03-14 14:00:37,840 - INFO - [pipeline.py:137] - "SwirlWarpTransformer","strength=1.50"
2026-03-14 14:00:37,857 - INFO - [pipeline.py:243] - [Grade: C] Saved to: /Users/kenfasano/Scripts/ScreenArt/Images/TransformedImages/psalms_67-C-hero.jpeg
2026-03-14 14:00:37,883 - INFO - [pipeline.py:137] - "OilPaintingTransformer","dyn_ratio=7,size=3"
2026-03-14 14:00:37,935 - INFO - [pipeline.py:137] - "MeltMorphTransformer","intensity=0.50"
2026-03-14 14:00:38,101 - INFO - [pipeline.py:137] - "VoronoiTransformer","edge_blend=1,num_points=117"
2026-03-14 14:00:38,142 - INFO - [pipeline.py:137] - "FluidWarpTransformer","alpha=19.29,sigma=4.87"
2026-03-14 14:00:38,160 - INFO - [pipeline.py:243] - [Grade: A] Saved to: /Users/kenfasano/Scripts/ScreenArt/Images/TransformedImages/psalms_72-A-hero.jpeg
2026-03-14 14:00:38,190 - INFO - [pipeline.py:137] - "FisheyeTransformer","shape=circle,strength=0.63,zoom=0.91"
2026-03-14 14:00:38,211 - INFO - [pipeline.py:243] - [Grade: A] Saved to: /Users/kenfasano/Scripts/ScreenArt/Images/TransformedImages/psalms_48-A-hero.jpeg
2026-03-14 14:00:38,274 - INFO - [pipeline.py:137] - "MeltMorphTransformer","intensity=0.50"
2026-03-14 14:00:38,308 - INFO - [pipeline.py:137] - "FractalWarpTransformer","iter=1,scale=0.05"
2026-03-14 14:00:38,326 - INFO - [pipeline.py:243] - [Grade: A] Saved to: /Users/kenfasano/Scripts/ScreenArt/Images/TransformedImages/psalms_9-A-hero.jpeg
2026-03-14 14:00:38,390 - INFO - [pipeline.py:137] - "MeltMorphTransformer","intensity=0.50"
2026-03-14 14:00:38,409 - INFO - [pipeline.py:243] - [Grade: A] Saved to: /Users/kenfasano/Scripts/ScreenArt/Images/TransformedImages/psalms_108-A-scatter.jpeg
2026-03-14 14:00:38,464 - INFO - [pipeline.py:137] - "HalftoneTransformer","size=2"
2026-03-14 14:00:38,502 - INFO - [pipeline.py:137] - "DataMoshTransformer","intensity=0.02"
2026-03-14 14:00:38,540 - INFO - [pipeline.py:137] - "SwirlWarpTransformer","strength=1.50"
2026-03-14 14:00:38,591 - INFO - [pipeline.py:137] - "PixelSortTransformer","direction=cols,high=0.94,low=0.13,sort_key=saturation"
2026-03-14 14:00:38,609 - INFO - [pipeline.py:243] - [Grade: C] Saved to: /Users/kenfasano/Scripts/ScreenArt/Images/TransformedImages/psalms_80-C-hero.jpeg
2026-03-14 14:00:38,625 - INFO - [pipeline.py:137] - "DataMoshTransformer","intensity=0.02"
2026-03-14 14:00:38,638 - INFO - [pipeline.py:137] - "WheelTransformer","blend=lighter,copies=4"
2026-03-14 14:00:38,644 - INFO - [pipeline.py:243] - [Grade: A] Saved to: /Users/kenfasano/Scripts/ScreenArt/Images/TransformedImages/peripheral_drift_2-A.jpeg
2026-03-14 14:00:38,659 - INFO - [pipeline.py:137] - "ThermalImagingTransformer","thermal=True"
2026-03-14 14:00:38,663 - INFO - [pipeline.py:137] - "PosterizationTransformer","levels=4"
2026-03-14 14:00:38,675 - INFO - [pipeline.py:137] - "FractalWarpTransformer","iter=1,scale=0.05"
2026-03-14 14:00:38,680 - INFO - [pipeline.py:243] - [Grade: A] Saved to: /Users/kenfasano/Scripts/ScreenArt/Images/TransformedImages/peripheral_drift_3-A.jpeg
2026-03-14 14:00:38,695 - INFO - [pipeline.py:137] - "SwirlWarpTransformer","strength=1.50"
2026-03-14 14:00:38,704 - INFO - [pipeline.py:137] - "GlitchWarpTransformer","intensity=0.01"
2026-03-14 14:00:38,782 - INFO - [pipeline.py:137] - "VoronoiTransformer","edge_blend=1,num_points=166"
2026-03-14 14:00:38,788 - INFO - [pipeline.py:243] - [Grade: A] Saved to: /Users/kenfasano/Scripts/ScreenArt/Images/TransformedImages/peripheral_drift_1-A.jpeg
2026-03-14 14:00:38,789 - INFO - [main.py:196] - WatercolorTransformer
2026-03-14 14:00:38,789 - INFO - [main.py:196] - VoronoiTransformer
2026-03-14 14:00:38,789 - INFO - [main.py:196] - PixelSortTransformer
2026-03-14 14:00:38,789 - INFO - [main.py:196] - FlipWilsonTransformer
2026-03-14 14:00:38,789 - INFO - [main.py:196] - MeltMorphTransformer
2026-03-14 14:00:38,789 - INFO - [main.py:196] - KaleidoscopeTransformer
2026-03-14 14:00:38,789 - INFO - [main.py:196] - StippleTransformer
2026-03-14 14:00:38,789 - INFO - [main.py:196] - HalftoneTransformer
2026-03-14 14:00:38,789 - INFO - [main.py:196] - OilPaintingTransformer
2026-03-14 14:00:38,789 - INFO - [main.py:196] - FluidWarpTransformer
2026-03-14 14:00:38,789 - INFO - [main.py:196] - SwirlWarpTransformer
2026-03-14 14:00:38,789 - INFO - [main.py:196] - DataMoshTransformer
2026-03-14 14:00:38,789 - INFO - [main.py:196] - WheelTransformer
2026-03-14 14:00:38,789 - INFO - [main.py:196] - FractalWarpTransformer
2026-03-14 14:00:38,789 - INFO - [main.py:196] - ChromaticAberrationTransformer
2026-03-14 14:00:38,789 - INFO - [main.py:196] - ThermalImagingTransformer
2026-03-14 14:00:38,789 - INFO - [main.py:196] - GlitchWarpTransformer
2026-03-14 14:00:38,789 - INFO - [main.py:196] - FisheyeTransformer
2026-03-14 14:00:38,789 - INFO - [main.py:196] - RadialWarpTransformer
2026-03-14 14:00:38,789 - INFO - [main.py:196] - ColormapTransformer
2026-03-14 14:00:38,789 - INFO - [main.py:196] - PosterizationTransformer
2026-03-14 14:00:38,789 - INFO - [main.py:239] - 20s@14:00 ✓
Accepted: 52
Rejected: 2
---
Bible                      ->  4665ms
Lojong                     ->  2659ms
Wiki                       ->  2215ms
GoesGenerator              ->  1296ms
Nasa                       ->   996ms
NasaMapGenerator           ->   752ms
Bubbles                    ->   497ms
Cubes                      ->   195ms
PeripheralDriftIllusion    ->    48ms
---
WatercolorTransformer            -> Min:   212ms | Avg:   214ms | Max:   215ms
VoronoiTransformer               -> Min:    34ms | Avg:   178ms | Max:   403ms
PixelSortTransformer             -> Min:     3ms | Avg:   134ms | Max:   265ms
FlipWilsonTransformer            -> Min:     8ms | Avg:    74ms | Max:   107ms
MeltMorphTransformer             -> Min:    53ms | Avg:    70ms | Max:   148ms
KaleidoscopeTransformer          -> Min:    49ms | Avg:    52ms | Max:    55ms
StippleTransformer               -> Min:    31ms | Avg:    38ms | Max:    43ms
HalftoneTransformer              -> Min:     7ms | Avg:    37ms | Max:    51ms
OilPaintingTransformer           -> Min:    19ms | Avg:    36ms | Max:    56ms
FluidWarpTransformer             -> Min:     3ms | Avg:    36ms | Max:    55ms
SwirlWarpTransformer             -> Min:    12ms | Avg:    35ms | Max:    39ms
DataMoshTransformer              -> Min:    12ms | Avg:    34ms | Max:    40ms
WheelTransformer                 -> Min:    12ms | Avg:    33ms | Max:    40ms
FractalWarpTransformer           -> Min:     5ms | Avg:    26ms | Max:    36ms
ChromaticAberrationTransformer   -> Min:     5ms | Avg:    22ms | Max:    27ms
ThermalImagingTransformer        -> Min:     5ms | Avg:    21ms | Max:    40ms
GlitchWarpTransformer            -> Min:     8ms | Avg:    20ms | Max:    30ms
FisheyeTransformer               -> Min:     4ms | Avg:    17ms | Max:    23ms
RadialWarpTransformer            -> Min:     2ms | Avg:    13ms | Max:    24ms
ColormapTransformer              -> Min:    13ms | Avg:    13ms | Max:    13ms
PosterizationTransformer         -> Min:     1ms | Avg:    11ms | Max:    15ms
