2026-03-14 07:11:21,213 - INFO - [pipeline.py:136] - "FlipWilsonTransformer","keep=bottom,narrow=0.29"
2026-03-14 07:11:21,242 - INFO - [pipeline.py:136] - "GlitchWarpTransformer","intensity=0.01"
2026-03-14 07:11:21,260 - INFO - [pipeline.py:229] - [Grade: C] Saved to: /Users/kenfasano/Scripts/ScreenArt/Images/TransformedImages/bubbles_4-C.jpeg
2026-03-14 07:11:21,326 - INFO - [pipeline.py:136] - "HalftoneTransformer","size=2"
2026-03-14 07:11:21,379 - INFO - [pipeline.py:136] - "MeltMorphTransformer","intensity=0.50"
2026-03-14 07:11:21,395 - INFO - [pipeline.py:229] - [Grade: A] Saved to: /Users/kenfasano/Scripts/ScreenArt/Images/TransformedImages/bubbles_8-A.jpeg
2026-03-14 07:11:21,445 - INFO - [pipeline.py:136] - "SwirlWarpTransformer","strength=1.50"
2026-03-14 07:11:21,458 - INFO - [pipeline.py:136] - "PosterizationTransformer","levels=4"
2026-03-14 07:11:21,486 - INFO - [pipeline.py:136] - "GlitchWarpTransformer","intensity=0.01"
2026-03-14 07:11:21,521 - INFO - [pipeline.py:136] - "ThermalImagingTransformer","thermal=True"
2026-03-14 07:11:21,540 - INFO - [pipeline.py:229] - [Grade: B] Saved to: /Users/kenfasano/Scripts/ScreenArt/Images/TransformedImages/bubbles_9-B.jpeg
2026-03-14 07:11:21,587 - INFO - [pipeline.py:136] - "SwirlWarpTransformer","strength=1.50"
2026-03-14 07:11:21,601 - INFO - [pipeline.py:136] - "PosterizationTransformer","levels=4"
2026-03-14 07:11:21,619 - INFO - [pipeline.py:229] - [Grade: A] Saved to: /Users/kenfasano/Scripts/ScreenArt/Images/TransformedImages/bubbles_5-A.jpeg
2026-03-14 07:11:21,680 - INFO - [pipeline.py:136] - "MeltMorphTransformer","intensity=0.50"
2026-03-14 07:11:21,720 - INFO - [pipeline.py:136] - "FractalWarpTransformer","iter=1,scale=0.05"
2026-03-14 07:11:21,733 - INFO - [pipeline.py:136] - "ColormapTransformer","map=pink"
2026-03-14 07:11:21,773 - INFO - [pipeline.py:136] - "SwirlWarpTransformer","strength=1.50"
2026-03-14 07:11:21,791 - INFO - [pipeline.py:229] - [Grade: B] Saved to: /Users/kenfasano/Scripts/ScreenArt/Images/TransformedImages/bubbles_2-B.jpeg
2026-03-14 07:11:21,836 - INFO - [pipeline.py:136] - "ThermalImagingTransformer","thermal=True"
2026-03-14 07:11:21,866 - INFO - [pipeline.py:136] - "FisheyeTransformer","shape=oval,strength=0.63,zoom=0.95"
2026-03-14 07:11:21,883 - INFO - [pipeline.py:229] - [Grade: B] Saved to: /Users/kenfasano/Scripts/ScreenArt/Images/TransformedImages/bubbles_3-B.jpeg
2026-03-14 07:11:21,924 - INFO - [pipeline.py:136] - "FractalWarpTransformer","iter=1,scale=0.05"
2026-03-14 07:11:21,940 - INFO - [pipeline.py:229] - [Grade: A] Saved to: /Users/kenfasano/Scripts/ScreenArt/Images/TransformedImages/bubbles_10-A.jpeg
2026-03-14 07:11:22,001 - INFO - [pipeline.py:136] - "MeltMorphTransformer","intensity=0.50"
2026-03-14 07:11:22,018 - INFO - [pipeline.py:229] - [Grade: C] Saved to: /Users/kenfasano/Scripts/ScreenArt/Images/TransformedImages/bubbles_1-C.jpeg
2026-03-14 07:11:22,058 - INFO - [pipeline.py:136] - "FractalWarpTransformer","iter=1,scale=0.05"
2026-03-14 07:11:22,071 - INFO - [pipeline.py:136] - "PosterizationTransformer","levels=4"
2026-03-14 07:11:22,107 - INFO - [pipeline.py:136] - "ThermalImagingTransformer","thermal=True"
2026-03-14 07:11:22,292 - INFO - [pipeline.py:136] - "WheelTransformer","blend=add,copies=5"
2026-03-14 07:11:22,312 - INFO - [pipeline.py:229] - [Grade: A] Saved to: /Users/kenfasano/Scripts/ScreenArt/Images/TransformedImages/bubbles_6-A.jpeg
2026-03-14 07:11:22,357 - INFO - [pipeline.py:136] - "SwirlWarpTransformer","strength=1.50"
2026-03-14 07:11:22,374 - INFO - [pipeline.py:229] - [Grade: F] Saved to: /Users/kenfasano/Scripts/ScreenArt/Images/Rejected/bubbles_7-F.jpeg
2026-03-14 07:11:22,598 - INFO - [pipeline.py:136] - "WatercolorTransformer","scale=0.85,style=monet"
2026-03-14 07:11:22,615 - INFO - [pipeline.py:229] - [Grade: A] Saved to: /Users/kenfasano/Scripts/ScreenArt/Images/TransformedImages/cubes_2-A.jpeg
2026-03-14 07:11:22,635 - INFO - [pipeline.py:136] - "PosterizationTransformer","levels=4"
2026-03-14 07:11:22,651 - INFO - [pipeline.py:229] - [Grade: A] Saved to: /Users/kenfasano/Scripts/ScreenArt/Images/TransformedImages/cubes_3-A.jpeg
2026-03-14 07:11:22,685 - INFO - [pipeline.py:136] - "GlitchWarpTransformer","intensity=0.01"
2026-03-14 07:11:22,702 - INFO - [pipeline.py:229] - [Grade: A] Saved to: /Users/kenfasano/Scripts/ScreenArt/Images/TransformedImages/cubes_4-A.jpeg
2026-03-14 07:11:22,733 - INFO - [pipeline.py:136] - "RadialWarpTransformer","radius=0.25,strength=55.14464386845494,40.79050557787388,110.71484846099088,style=pull,push,pull"
2026-03-14 07:11:22,768 - INFO - [pipeline.py:136] - "DataMoshTransformer","intensity=0.01"
2026-03-14 07:11:22,821 - INFO - [pipeline.py:136] - "MeltMorphTransformer","intensity=0.50"
2026-03-14 07:11:22,855 - INFO - [pipeline.py:136] - "FractalWarpTransformer","iter=1,scale=0.05"
2026-03-14 07:11:22,871 - INFO - [pipeline.py:229] - [Grade: C] Saved to: /Users/kenfasano/Scripts/ScreenArt/Images/TransformedImages/cubes_5-C.jpeg
2026-03-14 07:11:23,063 - INFO - [pipeline.py:136] - "WheelTransformer","blend=add,copies=5"
2026-03-14 07:11:23,100 - INFO - [pipeline.py:136] - "ThermalImagingTransformer","thermal=True"
2026-03-14 07:11:23,138 - INFO - [pipeline.py:136] - "SwirlWarpTransformer","strength=1.50"
2026-03-14 07:11:23,155 - INFO - [pipeline.py:136] - "RadialWarpTransformer","radius=0.25,strength=90.0979865588352,style=pull"
2026-03-14 07:11:23,172 - INFO - [pipeline.py:229] - [Grade: A] Saved to: /Users/kenfasano/Scripts/ScreenArt/Images/TransformedImages/cubes_6-A.jpeg
2026-03-14 07:11:23,214 - INFO - [pipeline.py:136] - "ThermalImagingTransformer","thermal=True"
2026-03-14 07:11:23,227 - INFO - [pipeline.py:136] - "ColormapTransformer","map=bone"
2026-03-14 07:11:23,241 - INFO - [pipeline.py:136] - "PosterizationTransformer","levels=4"
2026-03-14 07:11:23,257 - INFO - [pipeline.py:229] - [Grade: A] Saved to: /Users/kenfasano/Scripts/ScreenArt/Images/TransformedImages/cubes_1-A.jpeg
2026-03-14 07:11:23,267 - INFO - [pipeline.py:136] - "ColormapTransformer","map=spring"
2026-03-14 07:11:23,282 - INFO - [pipeline.py:136] - "SwirlWarpTransformer","strength=1.50"
2026-03-14 07:11:23,289 - INFO - [pipeline.py:229] - [Grade: A] Saved to: /Users/kenfasano/Scripts/ScreenArt/Images/TransformedImages/m42HSO_gonzalez_960-A.jpg
2026-03-14 07:11:23,370 - INFO - [pipeline.py:136] - "WatercolorTransformer","scale=0.85,style=monet"
2026-03-14 07:11:23,376 - INFO - [pipeline.py:229] - [Grade: B] Saved to: /Users/kenfasano/Scripts/ScreenArt/Images/TransformedImages/nh-apluto-mountains-plains-9-17-15-B.jpg
2026-03-14 07:11:23,448 - INFO - [pipeline.py:136] - "WheelTransformer","blend=add,copies=5"
2026-03-14 07:11:23,458 - INFO - [pipeline.py:136] - "GlitchWarpTransformer","intensity=0.01"
2026-03-14 07:11:23,472 - INFO - [pipeline.py:136] - "DataMoshTransformer","intensity=0.02"
2026-03-14 07:11:23,487 - INFO - [pipeline.py:136] - "SwirlWarpTransformer","strength=1.50"
2026-03-14 07:11:23,495 - INFO - [pipeline.py:229] - [Grade: A] Saved to: /Users/kenfasano/Scripts/ScreenArt/Images/TransformedImages/RhoAntares_Abolfath_1080-A.jpg
2026-03-14 07:11:23,523 - INFO - [pipeline.py:136] - "WheelTransformer","blend=add,copies=5"
2026-03-14 07:11:23,529 - INFO - [pipeline.py:136] - "DataMoshTransformer","intensity=0.02"
2026-03-14 07:11:23,536 - INFO - [pipeline.py:136] - "HalftoneTransformer","size=2"
2026-03-14 07:11:23,540 - INFO - [pipeline.py:136] - "GlitchWarpTransformer","intensity=0.01"
2026-03-14 07:11:23,543 - INFO - [pipeline.py:229] - [Grade: B] Saved to: /Users/kenfasano/Scripts/ScreenArt/Images/TransformedImages/marsrover_mer-B.jpg
2026-03-14 07:11:23,559 - INFO - [pipeline.py:136] - "FisheyeTransformer","shape=oval,strength=0.22,zoom=0.99"
2026-03-14 07:11:23,565 - INFO - [pipeline.py:229] - [Grade: A] Saved to: /Users/kenfasano/Scripts/ScreenArt/Images/TransformedImages/m020_rooisand_cdk_1024-A.jpg
2026-03-14 07:11:23,570 - INFO - [pipeline.py:136] - "PosterizationTransformer","levels=4"
2026-03-14 07:11:23,616 - INFO - [pipeline.py:136] - "WatercolorTransformer","scale=0.85,style=monet"
2026-03-14 07:11:23,669 - INFO - [pipeline.py:136] - "XrayTransformer","colors=128"
2026-03-14 07:11:23,673 - INFO - [pipeline.py:229] - [Grade: A] Saved to: /Users/kenfasano/Scripts/ScreenArt/Images/TransformedImages/lagoon_croman_nostars-A.jpg
2026-03-14 07:11:23,716 - INFO - [pipeline.py:136] - "SwirlWarpTransformer","strength=1.50"
2026-03-14 07:11:23,739 - INFO - [pipeline.py:136] - "HalftoneTransformer","size=2"
2026-03-14 07:11:23,745 - INFO - [pipeline.py:136] - "PosterizationTransformer","levels=4"
2026-03-14 07:11:23,773 - INFO - [pipeline.py:136] - "MeltMorphTransformer","intensity=0.50"
2026-03-14 07:11:23,781 - INFO - [pipeline.py:229] - [Grade: A] Saved to: /Users/kenfasano/Scripts/ScreenArt/Images/TransformedImages/IC63_1024-A.jpg
2026-03-14 07:11:23,797 - INFO - [pipeline.py:136] - "SwirlWarpTransformer","strength=1.50"
2026-03-14 07:11:23,851 - INFO - [pipeline.py:136] - "WheelTransformer","blend=add,copies=5"
2026-03-14 07:11:23,857 - INFO - [pipeline.py:229] - [Grade: A] Saved to: /Users/kenfasano/Scripts/ScreenArt/Images/TransformedImages/PIA20349_fig1c1024-A.jpg
2026-03-14 07:11:23,865 - INFO - [pipeline.py:136] - "HalftoneTransformer","size=2"
2026-03-14 07:11:23,871 - INFO - [pipeline.py:136] - "SwirlWarpTransformer","strength=1.50"
2026-03-14 07:11:23,874 - INFO - [pipeline.py:229] - [Grade: A] Saved to: /Users/kenfasano/Scripts/ScreenArt/Images/TransformedImages/foxfur_croman-A.jpg
2026-03-14 07:11:23,882 - INFO - [pipeline.py:136] - "SwirlWarpTransformer","strength=1.50"
2026-03-14 07:11:23,885 - INFO - [pipeline.py:229] - [Grade: A] Saved to: /Users/kenfasano/Scripts/ScreenArt/Images/TransformedImages/umbramontage_sebastien_c1-A.jpg
2026-03-14 07:11:23,895 - INFO - [pipeline.py:136] - "RadialWarpTransformer","radius=0.25,strength=108.03818923272856,style=pull"
2026-03-14 07:11:23,899 - INFO - [pipeline.py:136] - "ColormapTransformer","map=autumn"
2026-03-14 07:11:23,915 - INFO - [pipeline.py:136] - "MeltMorphTransformer","intensity=0.50"
2026-03-14 07:11:23,929 - INFO - [pipeline.py:136] - "HalftoneTransformer","size=2"
2026-03-14 07:11:23,934 - INFO - [pipeline.py:229] - [Grade: A] Saved to: /Users/kenfasano/Scripts/ScreenArt/Images/TransformedImages/22466-22467anaVantuyne900-A.jpg
2026-03-14 07:11:23,952 - INFO - [pipeline.py:136] - "PosterizationTransformer","levels=4"
2026-03-14 07:11:23,980 - INFO - [pipeline.py:136] - "GlitchWarpTransformer","intensity=0.01"
2026-03-14 07:11:24,005 - INFO - [pipeline.py:136] - "FisheyeTransformer","shape=oval,strength=0.27,zoom=1.02"
2026-03-14 07:11:24,058 - INFO - [pipeline.py:136] - "MeltMorphTransformer","intensity=0.50"
2026-03-14 07:11:24,073 - INFO - [pipeline.py:229] - [Grade: F] Saved to: /Users/kenfasano/Scripts/ScreenArt/Images/Rejected/nasa_earth_1_Manila_True_Color-F.jpeg
2026-03-14 07:11:24,088 - INFO - [pipeline.py:136] - "PosterizationTransformer","levels=4"
2026-03-14 07:11:24,099 - INFO - [pipeline.py:229] - [Grade: B] Saved to: /Users/kenfasano/Scripts/ScreenArt/Images/TransformedImages/noaa_goes_1_se_Fire_Temperature-B.jpeg
2026-03-14 07:11:24,227 - INFO - [pipeline.py:136] - "SwirlWarpTransformer","strength=1.50"
2026-03-14 07:11:24,271 - INFO - [pipeline.py:229] - [Grade: C] Saved to: /Users/kenfasano/Scripts/ScreenArt/Images/TransformedImages/Trois_so-C.jpeg
2026-03-14 07:11:24,286 - INFO - [pipeline.py:136] - "ColormapTransformer","map=rainbow"
2026-03-14 07:11:24,299 - INFO - [pipeline.py:229] - [Grade: A] Saved to: /Users/kenfasano/Scripts/ScreenArt/Images/TransformedImages/1280px-Bdg_Swie-A.jpeg
2026-03-14 07:11:24,353 - INFO - [pipeline.py:136] - "XrayTransformer","colors=128"
2026-03-14 07:11:24,366 - INFO - [pipeline.py:136] - "RadialWarpTransformer","radius=0.25,strength=79.73280507447366,116.57634099793921,87.84376619525933,style=push,pull,push"
2026-03-14 07:11:24,374 - INFO - [pipeline.py:229] - [Grade: A] Saved to: /Users/kenfasano/Scripts/ScreenArt/Images/TransformedImages/960px-מסיבת_פרי-A.jpeg
2026-03-14 07:11:24,445 - INFO - [pipeline.py:136] - "FractalWarpTransformer","iter=1,scale=0.05"
2026-03-14 07:11:24,757 - INFO - [pipeline.py:136] - "WatercolorTransformer","scale=0.85,style=psychedelic"
2026-03-14 07:11:24,810 - INFO - [pipeline.py:136] - "SwirlWarpTransformer","strength=1.50"
2026-03-14 07:11:24,858 - INFO - [pipeline.py:136] - "DataMoshTransformer","intensity=0.01"
2026-03-14 07:11:24,880 - INFO - [pipeline.py:229] - [Grade: A] Saved to: /Users/kenfasano/Scripts/ScreenArt/Images/TransformedImages/Taj_Maha-A.jpeg
2026-03-14 07:11:24,994 - INFO - [pipeline.py:136] - "FisheyeTransformer","shape=circle,strength=0.20,zoom=1.09"
2026-03-14 07:11:25,132 - INFO - [pipeline.py:136] - "MeltMorphTransformer","intensity=0.50"
2026-03-14 07:11:25,640 - INFO - [pipeline.py:136] - "WatercolorTransformer","scale=0.85,style=psychedelic"
2026-03-14 07:11:25,678 - INFO - [pipeline.py:229] - [Grade: C] Saved to: /Users/kenfasano/Scripts/ScreenArt/Images/TransformedImages/Max_Lieb-C.jpeg
2026-03-14 07:11:25,734 - INFO - [pipeline.py:136] - "HalftoneTransformer","size=2"
2026-03-14 07:11:25,771 - INFO - [pipeline.py:136] - "DataMoshTransformer","intensity=0.01"
2026-03-14 07:11:25,805 - INFO - [pipeline.py:136] - "FractalWarpTransformer","iter=1,scale=0.05"
2026-03-14 07:11:25,821 - INFO - [pipeline.py:229] - [Grade: A] Saved to: /Users/kenfasano/Scripts/ScreenArt/Images/TransformedImages/lojong_2-A-scatter.jpeg
2026-03-14 07:11:25,882 - INFO - [pipeline.py:136] - "MeltMorphTransformer","intensity=0.50"
2026-03-14 07:11:25,899 - INFO - [pipeline.py:229] - [Grade: A] Saved to: /Users/kenfasano/Scripts/ScreenArt/Images/TransformedImages/lojong_3-A-scatter.jpeg
2026-03-14 07:11:25,962 - INFO - [pipeline.py:136] - "MeltMorphTransformer","intensity=0.50"
2026-03-14 07:11:25,980 - INFO - [pipeline.py:229] - [Grade: A] Saved to: /Users/kenfasano/Scripts/ScreenArt/Images/TransformedImages/lojong_8-A-columns.jpeg
2026-03-14 07:11:26,011 - INFO - [pipeline.py:136] - "RadialWarpTransformer","radius=0.25,strength=108.55980017997798,112.55522894342548,73.8296182452174,style=push,pull,pull"
2026-03-14 07:11:26,027 - INFO - [pipeline.py:229] - [Grade: C] Saved to: /Users/kenfasano/Scripts/ScreenArt/Images/TransformedImages/lojong_4-C-hero.jpeg
2026-03-14 07:11:26,047 - INFO - [pipeline.py:136] - "PosterizationTransformer","levels=4"
2026-03-14 07:11:26,075 - INFO - [pipeline.py:136] - "GlitchWarpTransformer","intensity=0.01"
2026-03-14 07:11:26,286 - INFO - [pipeline.py:136] - "WatercolorTransformer","scale=0.85,style=monet"
2026-03-14 07:11:26,321 - INFO - [pipeline.py:136] - "FluidWarpTransformer","alpha=6.46,sigma=3.43"
2026-03-14 07:11:26,338 - INFO - [pipeline.py:229] - [Grade: F] Saved to: /Users/kenfasano/Scripts/ScreenArt/Images/Rejected/lojong_5-F-tile.jpeg
2026-03-14 07:11:26,380 - INFO - [pipeline.py:136] - "FractalWarpTransformer","iter=1,scale=0.05"
2026-03-14 07:11:26,407 - INFO - [pipeline.py:136] - "GlitchWarpTransformer","intensity=0.01"
2026-03-14 07:11:26,445 - INFO - [pipeline.py:136] - "SwirlWarpTransformer","strength=1.50"
2026-03-14 07:11:26,463 - INFO - [pipeline.py:229] - [Grade: A] Saved to: /Users/kenfasano/Scripts/ScreenArt/Images/TransformedImages/lojong_9-A-tile.jpeg
2026-03-14 07:11:26,524 - INFO - [pipeline.py:136] - "MeltMorphTransformer","intensity=0.50"
2026-03-14 07:11:26,541 - INFO - [pipeline.py:229] - [Grade: A] Saved to: /Users/kenfasano/Scripts/ScreenArt/Images/TransformedImages/lojong_6-A-scatter.jpeg
2026-03-14 07:11:26,596 - INFO - [pipeline.py:136] - "HalftoneTransformer","size=2"
2026-03-14 07:11:26,613 - INFO - [pipeline.py:229] - [Grade: F] Saved to: /Users/kenfasano/Scripts/ScreenArt/Images/Rejected/lojong_7-F-hero.jpeg
2026-03-14 07:11:26,660 - INFO - [pipeline.py:136] - "SwirlWarpTransformer","strength=1.50"
2026-03-14 07:11:26,720 - INFO - [pipeline.py:136] - "FlipWilsonTransformer","keep=bottom,narrow=0.29"
2026-03-14 07:11:26,745 - INFO - [pipeline.py:136] - "RadialWarpTransformer","radius=0.25,strength=76.83199249583339,98.34242909296736,84.31105719905092,style=push,push,pull"
2026-03-14 07:11:26,794 - INFO - [pipeline.py:136] - "HalftoneTransformer","size=2"
2026-03-14 07:11:26,811 - INFO - [pipeline.py:229] - [Grade: A] Saved to: /Users/kenfasano/Scripts/ScreenArt/Images/TransformedImages/lojong_0-A-scatter.jpeg
2026-03-14 07:11:26,852 - INFO - [pipeline.py:136] - "FractalWarpTransformer","iter=1,scale=0.05"
2026-03-14 07:11:27,038 - INFO - [pipeline.py:136] - "WheelTransformer","blend=add,copies=5"
2026-03-14 07:11:27,073 - INFO - [pipeline.py:136] - "ThermalImagingTransformer","thermal=True"
2026-03-14 07:11:27,090 - INFO - [pipeline.py:229] - [Grade: A] Saved to: /Users/kenfasano/Scripts/ScreenArt/Images/TransformedImages/lojong_1-A-scatter.jpeg
2026-03-14 07:11:27,132 - INFO - [pipeline.py:136] - "FisheyeTransformer","shape=circle,strength=0.30,zoom=1.07"
2026-03-14 07:11:27,159 - INFO - [pipeline.py:136] - "RadialWarpTransformer","radius=0.25,strength=109.42808351988015,70.38346034629498,style=pull,pull"
2026-03-14 07:11:27,211 - INFO - [pipeline.py:136] - "SwirlWarpTransformer","strength=1.50"
2026-03-14 07:11:27,230 - INFO - [pipeline.py:229] - [Grade: A] Saved to: /Users/kenfasano/Scripts/ScreenArt/Images/TransformedImages/psalms_21-A-scatter.jpeg
2026-03-14 07:11:27,280 - INFO - [pipeline.py:136] - "FractalWarpTransformer","iter=1,scale=0.05"
2026-03-14 07:11:27,300 - INFO - [pipeline.py:229] - [Grade: A] Saved to: /Users/kenfasano/Scripts/ScreenArt/Images/TransformedImages/psalms_36-A-columns.jpeg
2026-03-14 07:11:27,534 - INFO - [pipeline.py:136] - "WatercolorTransformer","scale=0.85,style=psychedelic"
2026-03-14 07:11:27,590 - INFO - [pipeline.py:136] - "MeltMorphTransformer","intensity=0.50"
2026-03-14 07:11:27,628 - INFO - [pipeline.py:136] - "ThermalImagingTransformer","thermal=True"
2026-03-14 07:11:27,885 - INFO - [pipeline.py:136] - "WheelTransformer","blend=add,copies=5"
2026-03-14 07:11:27,904 - INFO - [pipeline.py:229] - [Grade: A] Saved to: /Users/kenfasano/Scripts/ScreenArt/Images/TransformedImages/psalms_70-A-scatter.jpeg
2026-03-14 07:11:27,978 - INFO - [pipeline.py:136] - "AnamorphicTransformer","intensity=0.0,0.2,0.4,0.6,0.8,thresh=80"
2026-03-14 07:11:27,995 - INFO - [pipeline.py:229] - [Grade: B] Saved to: /Users/kenfasano/Scripts/ScreenArt/Images/TransformedImages/psalms_6-B-tile.jpeg
2026-03-14 07:11:28,192 - INFO - [pipeline.py:136] - "WheelTransformer","blend=add,copies=5"
2026-03-14 07:11:28,205 - INFO - [pipeline.py:136] - "ColormapTransformer","map=pink"
2026-03-14 07:11:28,431 - INFO - [pipeline.py:136] - "WatercolorTransformer","scale=0.85,style=monet"
2026-03-14 07:11:28,468 - INFO - [pipeline.py:136] - "ThermalImagingTransformer","thermal=True"
2026-03-14 07:11:28,486 - INFO - [pipeline.py:229] - [Grade: A] Saved to: /Users/kenfasano/Scripts/ScreenArt/Images/TransformedImages/psalms_49-A-scatter.jpeg
2026-03-14 07:11:28,532 - INFO - [pipeline.py:136] - "SwirlWarpTransformer","strength=1.50"
2026-03-14 07:11:28,552 - INFO - [pipeline.py:229] - [Grade: A] Saved to: /Users/kenfasano/Scripts/ScreenArt/Images/TransformedImages/psalms_134-A-tile.jpeg
2026-03-14 07:11:28,784 - INFO - [pipeline.py:136] - "WatercolorTransformer","scale=0.85,style=psychedelic"
2026-03-14 07:11:28,811 - INFO - [pipeline.py:136] - "GlitchWarpTransformer","intensity=0.01"
2026-03-14 07:11:28,859 - INFO - [pipeline.py:136] - "HalftoneTransformer","size=2"
2026-03-14 07:11:28,876 - INFO - [pipeline.py:229] - [Grade: C] Saved to: /Users/kenfasano/Scripts/ScreenArt/Images/TransformedImages/psalms_144-C-hero.jpeg
2026-03-14 07:11:28,923 - INFO - [pipeline.py:136] - "SwirlWarpTransformer","strength=1.50"
2026-03-14 07:11:28,960 - INFO - [pipeline.py:136] - "FractalWarpTransformer","iter=1,scale=0.05"
2026-03-14 07:11:28,977 - INFO - [pipeline.py:229] - [Grade: A] Saved to: /Users/kenfasano/Scripts/ScreenArt/Images/TransformedImages/psalms_124-A-hero.jpeg
2026-03-14 07:11:29,027 - INFO - [pipeline.py:136] - "FractalWarpTransformer","iter=1,scale=0.05"
2026-03-14 07:11:29,072 - INFO - [pipeline.py:136] - "FluidWarpTransformer","alpha=15.46,sigma=6.11"
2026-03-14 07:11:29,100 - INFO - [pipeline.py:136] - "FisheyeTransformer","shape=circle,strength=0.22,zoom=0.96"
2026-03-14 07:11:29,114 - INFO - [pipeline.py:136] - "ColormapTransformer","map=winter"
2026-03-14 07:11:29,136 - INFO - [pipeline.py:229] - [Grade: A] Saved to: /Users/kenfasano/Scripts/ScreenArt/Images/TransformedImages/psalms_63-A-columns.jpeg
2026-03-14 07:11:29,145 - INFO - [pipeline.py:136] - "ColormapTransformer","map=hsv"
2026-03-14 07:11:29,153 - INFO - [pipeline.py:136] - "RadialWarpTransformer","radius=0.25,strength=60.06136448980432,123.37274766296503,style=push,push"
2026-03-14 07:11:29,166 - INFO - [pipeline.py:136] - "FluidWarpTransformer","alpha=6.61,sigma=5.91"
2026-03-14 07:11:29,178 - INFO - [pipeline.py:136] - "FractalWarpTransformer","iter=1,scale=0.05"
2026-03-14 07:11:29,183 - INFO - [pipeline.py:229] - [Grade: A] Saved to: /Users/kenfasano/Scripts/ScreenArt/Images/TransformedImages/peripheral_drift_2-A.jpeg
2026-03-14 07:11:29,198 - INFO - [pipeline.py:136] - "DataMoshTransformer","intensity=0.02"
2026-03-14 07:11:29,204 - INFO - [pipeline.py:229] - [Grade: A] Saved to: /Users/kenfasano/Scripts/ScreenArt/Images/TransformedImages/peripheral_drift_3-A.jpeg
2026-03-14 07:11:29,219 - INFO - [pipeline.py:136] - "FractalWarpTransformer","iter=1,scale=0.05"
2026-03-14 07:11:29,285 - INFO - [pipeline.py:136] - "WatercolorTransformer","scale=0.85,style=psychedelic"
2026-03-14 07:11:29,291 - INFO - [pipeline.py:229] - [Grade: A] Saved to: /Users/kenfasano/Scripts/ScreenArt/Images/TransformedImages/peripheral_drift_1-A.jpeg
2026-03-14 07:11:29,291 - INFO - [main.py:196] - WatercolorTransformer
2026-03-14 07:11:29,291 - INFO - [main.py:196] - WheelTransformer
2026-03-14 07:11:29,291 - INFO - [main.py:196] - AnamorphicTransformer
2026-03-14 07:11:29,291 - INFO - [main.py:196] - FlipWilsonTransformer
2026-03-14 07:11:29,291 - INFO - [main.py:196] - MeltMorphTransformer
2026-03-14 07:11:29,291 - INFO - [main.py:196] - XrayTransformer
2026-03-14 07:11:29,291 - INFO - [main.py:196] - ThermalImagingTransformer
2026-03-14 07:11:29,291 - INFO - [main.py:196] - FisheyeTransformer
2026-03-14 07:11:29,291 - INFO - [main.py:196] - SwirlWarpTransformer
2026-03-14 07:11:29,291 - INFO - [main.py:196] - HalftoneTransformer
2026-03-14 07:11:29,291 - INFO - [main.py:196] - FractalWarpTransformer
2026-03-14 07:11:29,291 - INFO - [main.py:196] - FluidWarpTransformer
2026-03-14 07:11:29,291 - INFO - [main.py:196] - DataMoshTransformer
2026-03-14 07:11:29,291 - INFO - [main.py:196] - GlitchWarpTransformer
2026-03-14 07:11:29,291 - INFO - [main.py:196] - RadialWarpTransformer
2026-03-14 07:11:29,291 - INFO - [main.py:196] - PosterizationTransformer
2026-03-14 07:11:29,291 - INFO - [main.py:196] - ColormapTransformer
2026-03-14 07:11:29,291 - INFO - [main.py:239] - 22s@07:11 ✓
Accepted: 52
Rejected: 4
---
Bible                      ->  5028ms
Wiki                       ->  3291ms
Lojong                     ->  2363ms
Nasa                       ->  1084ms
NasaMapGenerator           ->   794ms
GoesGenerator              ->   782ms
Bubbles                    ->   547ms
Cubes                      ->   192ms
PeripheralDriftIllusion    ->    51ms
---
WatercolorTransformer      -> Min:    46ms | Avg:   211ms | Max:   508ms
WheelTransformer           -> Min:    27ms | Avg:   143ms | Max:   256ms
AnamorphicTransformer      -> Min:    66ms | Avg:    66ms | Max:    66ms
FlipWilsonTransformer      -> Min:    59ms | Avg:    61ms | Max:    62ms
MeltMorphTransformer       -> Min:    16ms | Avg:    55ms | Max:   138ms
XrayTransformer            -> Min:    51ms | Avg:    52ms | Max:    52ms
ThermalImagingTransformer  -> Min:    35ms | Avg:    36ms | Max:    38ms
FisheyeTransformer         -> Min:     7ms | Avg:    35ms | Max:    88ms
SwirlWarpTransformer       -> Min:     6ms | Avg:    35ms | Max:   100ms
HalftoneTransformer        -> Min:     7ms | Avg:    34ms | Max:    58ms
FractalWarpTransformer     -> Min:    11ms | Avg:    33ms | Max:    61ms
FluidWarpTransformer       -> Min:    13ms | Avg:    31ms | Max:    46ms
DataMoshTransformer        -> Min:     6ms | Avg:    25ms | Max:    48ms
GlitchWarpTransformer      -> Min:     4ms | Avg:    23ms | Max:    29ms
RadialWarpTransformer      -> Min:     5ms | Avg:    18ms | Max:    27ms
PosterizationTransformer   -> Min:     3ms | Avg:    11ms | Max:    14ms
ColormapTransformer        -> Min:     4ms | Avg:     9ms | Max:    14ms
