2026-03-14 13:58:22,593 - INFO - [pipeline.py:137] - "GlitchWarpTransformer","intensity=0.01"
2026-03-14 13:58:22,632 - INFO - [pipeline.py:137] - "ThermalImagingTransformer","thermal=True"
2026-03-14 13:58:22,649 - INFO - [pipeline.py:243] - [Grade: A] Saved to: /Users/kenfasano/Scripts/ScreenArt/Images/TransformedImages/bubbles_4-A.jpeg
2026-03-14 13:58:22,675 - INFO - [pipeline.py:137] - "OilPaintingTransformer","dyn_ratio=3,size=3"
2026-03-14 13:58:22,719 - INFO - [pipeline.py:137] - "DataMoshTransformer","intensity=0.02"
2026-03-14 13:58:22,772 - INFO - [pipeline.py:137] - "HalftoneTransformer","size=2"
2026-03-14 13:58:22,799 - INFO - [pipeline.py:137] - "GlitchWarpTransformer","intensity=0.01"
2026-03-14 13:58:22,818 - INFO - [pipeline.py:243] - [Grade: B] Saved to: /Users/kenfasano/Scripts/ScreenArt/Images/TransformedImages/bubbles_8-B.jpeg
2026-03-14 13:58:22,838 - INFO - [pipeline.py:137] - "PosterizationTransformer","levels=4"
2026-03-14 13:58:22,851 - INFO - [pipeline.py:137] - "ColormapTransformer","map=winter"
2026-03-14 13:58:22,888 - INFO - [pipeline.py:137] - "DataMoshTransformer","intensity=0.01"
2026-03-14 13:58:22,931 - INFO - [pipeline.py:137] - "SwirlWarpTransformer","strength=1.50"
2026-03-14 13:58:22,949 - INFO - [pipeline.py:243] - [Grade: A] Saved to: /Users/kenfasano/Scripts/ScreenArt/Images/TransformedImages/bubbles_9-A.jpeg
2026-03-14 13:58:22,994 - INFO - [pipeline.py:137] - "ThermalImagingTransformer","thermal=True"
2026-03-14 13:58:23,006 - INFO - [pipeline.py:137] - "PosterizationTransformer","levels=4"
2026-03-14 13:58:23,045 - INFO - [pipeline.py:137] - "SwirlWarpTransformer","strength=1.50"
2026-03-14 13:58:23,111 - INFO - [pipeline.py:137] - "FlipWilsonTransformer","keep=left,narrow=0.25"
2026-03-14 13:58:23,129 - INFO - [pipeline.py:243] - [Grade: A] Saved to: /Users/kenfasano/Scripts/ScreenArt/Images/TransformedImages/bubbles_5-A.jpeg
2026-03-14 13:58:23,175 - INFO - [pipeline.py:137] - "SwirlWarpTransformer","strength=1.50"
2026-03-14 13:58:23,209 - INFO - [pipeline.py:137] - "FractalWarpTransformer","iter=1,scale=0.05"
2026-03-14 13:58:23,249 - INFO - [pipeline.py:137] - "WheelTransformer","blend=lighter,copies=4"
2026-03-14 13:58:23,288 - INFO - [pipeline.py:137] - "ThermalImagingTransformer","thermal=True"
2026-03-14 13:58:23,306 - INFO - [pipeline.py:243] - [Grade: A] Saved to: /Users/kenfasano/Scripts/ScreenArt/Images/TransformedImages/bubbles_2-A.jpeg
2026-03-14 13:58:23,351 - INFO - [pipeline.py:137] - "FractalWarpTransformer","iter=1,scale=0.05"
2026-03-14 13:58:23,392 - INFO - [pipeline.py:137] - "OilPaintingTransformer","dyn_ratio=6,size=6"
2026-03-14 13:58:23,417 - INFO - [pipeline.py:137] - "ChromaticAberrationTransformer","angle=261.10,edge_fade=1,shift=13.30"
2026-03-14 13:58:23,454 - INFO - [pipeline.py:137] - "ThermalImagingTransformer","thermal=True"
2026-03-14 13:58:23,471 - INFO - [pipeline.py:243] - [Grade: A] Saved to: /Users/kenfasano/Scripts/ScreenArt/Images/TransformedImages/bubbles_3-A.jpeg
2026-03-14 13:58:23,519 - INFO - [pipeline.py:137] - "OilPaintingTransformer","dyn_ratio=6,size=6"
2026-03-14 13:58:23,553 - INFO - [pipeline.py:137] - "FractalWarpTransformer","iter=1,scale=0.05"
2026-03-14 13:58:23,775 - INFO - [pipeline.py:137] - "WatercolorTransformer","scale=0.85,style=psychedelic"
2026-03-14 13:58:23,792 - INFO - [pipeline.py:243] - [Grade: C] Saved to: /Users/kenfasano/Scripts/ScreenArt/Images/TransformedImages/bubbles_10-C.jpeg
2026-03-14 13:58:23,837 - INFO - [pipeline.py:137] - "SwirlWarpTransformer","strength=1.50"
2026-03-14 13:58:23,850 - INFO - [pipeline.py:137] - "PosterizationTransformer","levels=4"
2026-03-14 13:58:23,867 - INFO - [pipeline.py:243] - [Grade: A] Saved to: /Users/kenfasano/Scripts/ScreenArt/Images/TransformedImages/bubbles_1-A.jpeg
2026-03-14 13:58:23,923 - INFO - [pipeline.py:137] - "HalftoneTransformer","size=2"
2026-03-14 13:58:23,940 - INFO - [pipeline.py:243] - [Grade: A] Saved to: /Users/kenfasano/Scripts/ScreenArt/Images/TransformedImages/bubbles_6-A.jpeg
2026-03-14 13:58:23,984 - INFO - [pipeline.py:137] - "DataMoshTransformer","intensity=0.01"
2026-03-14 13:58:24,001 - INFO - [pipeline.py:243] - [Grade: A] Saved to: /Users/kenfasano/Scripts/ScreenArt/Images/TransformedImages/bubbles_7-A.jpeg
2026-03-14 13:58:24,044 - INFO - [pipeline.py:137] - "DataMoshTransformer","intensity=0.02"
2026-03-14 13:58:24,071 - INFO - [pipeline.py:137] - "GlitchWarpTransformer","intensity=0.01"
2026-03-14 13:58:24,117 - INFO - [pipeline.py:137] - "FluidWarpTransformer","alpha=16.27,sigma=6.24"
2026-03-14 13:58:24,143 - INFO - [pipeline.py:137] - "ChromaticAberrationTransformer","angle=108.70,edge_fade=1,shift=7.80"
2026-03-14 13:58:24,162 - INFO - [pipeline.py:243] - [Grade: A] Saved to: /Users/kenfasano/Scripts/ScreenArt/Images/TransformedImages/cubes_2-A.jpeg
2026-03-14 13:58:24,197 - INFO - [pipeline.py:137] - "StippleTransformer","bg=complement,dot_radius=5,jitter=1,spacing=16"
2026-03-14 13:58:24,246 - INFO - [pipeline.py:137] - "HalftoneTransformer","size=2"
2026-03-14 13:58:24,301 - INFO - [pipeline.py:137] - "MeltMorphTransformer","intensity=0.50"
2026-03-14 13:58:24,321 - INFO - [pipeline.py:243] - [Grade: C] Saved to: /Users/kenfasano/Scripts/ScreenArt/Images/TransformedImages/cubes_3-C.jpeg
2026-03-14 13:58:24,352 - INFO - [pipeline.py:137] - "RadialWarpTransformer","radius=0.25,strength=70.47665580508814,106.403866985878,73.63913703002046,style=push,push,push"
2026-03-14 13:58:24,402 - INFO - [pipeline.py:137] - "KaleidoscopeTransformer","cx_off=0.06,cy_off=-0.06,segments=4"
2026-03-14 13:58:24,428 - INFO - [pipeline.py:137] - "ChromaticAberrationTransformer","angle=279.60,edge_fade=1,shift=5.80"
2026-03-14 13:58:24,483 - INFO - [pipeline.py:137] - "MeltMorphTransformer","intensity=0.50"
2026-03-14 13:58:24,499 - INFO - [pipeline.py:243] - [Grade: B] Saved to: /Users/kenfasano/Scripts/ScreenArt/Images/TransformedImages/cubes_4-B.jpeg
2026-03-14 13:58:24,535 - INFO - [pipeline.py:137] - "FluidWarpTransformer","alpha=11.20,sigma=1.45"
2026-03-14 13:58:24,587 - INFO - [pipeline.py:137] - "KaleidoscopeTransformer","cx_off=-0.08,cy_off=0.10,segments=4"
2026-03-14 13:58:24,628 - INFO - [pipeline.py:137] - "OilPaintingTransformer","dyn_ratio=6,size=6"
2026-03-14 13:58:24,641 - INFO - [pipeline.py:137] - "PosterizationTransformer","levels=4"
2026-03-14 13:58:24,657 - INFO - [pipeline.py:243] - [Grade: A] Saved to: /Users/kenfasano/Scripts/ScreenArt/Images/TransformedImages/cubes_5-A.jpeg
2026-03-14 13:58:24,754 - INFO - [pipeline.py:137] - "PixelSortTransformer","direction=rows,high=0.64,low=0.21,sort_key=brightness"
2026-03-14 13:58:24,770 - INFO - [pipeline.py:137] - "RadialWarpTransformer","radius=0.25,strength=74.21694409664626,style=push"
2026-03-14 13:58:24,782 - INFO - [pipeline.py:137] - "PosterizationTransformer","levels=4"
2026-03-14 13:58:24,819 - INFO - [pipeline.py:137] - "DataMoshTransformer","intensity=0.01"
2026-03-14 13:58:24,836 - INFO - [pipeline.py:243] - [Grade: A] Saved to: /Users/kenfasano/Scripts/ScreenArt/Images/TransformedImages/cubes_6-A.jpeg
2026-03-14 13:58:24,859 - INFO - [pipeline.py:137] - "RadialWarpTransformer","radius=0.25,strength=59.421920232047235,style=pull"
2026-03-14 13:58:24,904 - INFO - [pipeline.py:137] - "FluidWarpTransformer","alpha=16.49,sigma=6.44"
2026-03-14 13:58:24,932 - INFO - [pipeline.py:137] - "FisheyeTransformer","shape=circle,strength=0.55,zoom=1.14"
2026-03-14 13:58:24,957 - INFO - [pipeline.py:137] - "ChromaticAberrationTransformer","angle=52.00,edge_fade=1,shift=8.50"
2026-03-14 13:58:24,973 - INFO - [pipeline.py:243] - [Grade: C] Saved to: /Users/kenfasano/Scripts/ScreenArt/Images/TransformedImages/cubes_1-C.jpeg
2026-03-14 13:58:24,993 - INFO - [pipeline.py:137] - "WheelTransformer","blend=lighter,copies=4"
2026-03-14 13:58:24,997 - INFO - [pipeline.py:137] - "PosterizationTransformer","levels=4"
2026-03-14 13:58:25,003 - INFO - [pipeline.py:243] - [Grade: A] Saved to: /Users/kenfasano/Scripts/ScreenArt/Images/TransformedImages/BavarianHalos_Werner_960-A.jpg
2026-03-14 13:58:25,014 - INFO - [pipeline.py:137] - "StippleTransformer","bg=white,dot_radius=4,jitter=1,spacing=14"
2026-03-14 13:58:25,021 - INFO - [pipeline.py:137] - "FisheyeTransformer","shape=circle,strength=0.40,zoom=1.08"
2026-03-14 13:58:25,028 - INFO - [pipeline.py:137] - "ChromaticAberrationTransformer","angle=107.10,edge_fade=1,shift=5.30"
2026-03-14 13:58:25,031 - INFO - [pipeline.py:137] - "ColormapTransformer","map=bone"
2026-03-14 13:58:25,037 - INFO - [pipeline.py:243] - [Grade: C] Saved to: /Users/kenfasano/Scripts/ScreenArt/Images/TransformedImages/AS12-48-7133_134APODc800-C.jpg
2026-03-14 13:58:25,063 - INFO - [pipeline.py:137] - "FluidWarpTransformer","alpha=16.26,sigma=6.43"
2026-03-14 13:58:25,087 - INFO - [pipeline.py:137] - "HalftoneTransformer","size=2"
2026-03-14 13:58:25,095 - INFO - [pipeline.py:243] - [Grade: A] Saved to: /Users/kenfasano/Scripts/ScreenArt/Images/TransformedImages/PIA19642Titan1024-A.jpg
2026-03-14 13:58:25,115 - INFO - [pipeline.py:137] - "WheelTransformer","blend=lighter,copies=4"
2026-03-14 13:58:25,154 - INFO - [pipeline.py:137] - "PixelSortTransformer","direction=cols,high=0.65,low=0.31,sort_key=blue"
2026-03-14 13:58:25,161 - INFO - [pipeline.py:137] - "RadialWarpTransformer","radius=0.25,strength=60.157699707036954,style=push"
2026-03-14 13:58:25,172 - INFO - [pipeline.py:137] - "FluidWarpTransformer","alpha=13.20,sigma=1.93"
2026-03-14 13:58:25,179 - INFO - [pipeline.py:243] - [Grade: A] Saved to: /Users/kenfasano/Scripts/ScreenArt/Images/TransformedImages/enceladusstripes_cassini_960-A.jpg
2026-03-14 13:58:25,330 - INFO - [pipeline.py:137] - "VoronoiTransformer","edge_blend=1,num_points=220"
2026-03-14 13:58:25,359 - INFO - [pipeline.py:137] - "FlipWilsonTransformer","keep=left,narrow=0.25"
2026-03-14 13:58:25,366 - INFO - [pipeline.py:137] - "ColormapTransformer","map=winter"
2026-03-14 13:58:25,375 - INFO - [pipeline.py:243] - [Grade: A] Saved to: /Users/kenfasano/Scripts/ScreenArt/Images/TransformedImages/NGC2023master2_1024-A.jpg
2026-03-14 13:58:25,405 - INFO - [pipeline.py:137] - "PixelSortTransformer","direction=rows,high=0.70,low=0.20,sort_key=saturation"
2026-03-14 13:58:25,410 - INFO - [pipeline.py:137] - "WheelTransformer","blend=lighter,copies=4"
2026-03-14 13:58:25,415 - INFO - [pipeline.py:137] - "StippleTransformer","bg=black,dot_radius=3,jitter=1,spacing=12"
2026-03-14 13:58:25,417 - INFO - [pipeline.py:137] - "ColormapTransformer","map=autumn"
2026-03-14 13:58:25,420 - INFO - [pipeline.py:243] - [Grade: C] Saved to: /Users/kenfasano/Scripts/ScreenArt/Images/TransformedImages/sun020728_espenak-C.jpg
2026-03-14 13:58:25,433 - INFO - [pipeline.py:137] - "MeltMorphTransformer","intensity=0.50"
2026-03-14 13:58:25,441 - INFO - [pipeline.py:137] - "DataMoshTransformer","intensity=0.02"
2026-03-14 13:58:25,445 - INFO - [pipeline.py:243] - [Grade: A] Saved to: /Users/kenfasano/Scripts/ScreenArt/Images/TransformedImages/sputnik_asm720-A.jpg
2026-03-14 13:58:25,464 - INFO - [pipeline.py:137] - "GlitchWarpTransformer","intensity=0.01"
2026-03-14 13:58:25,484 - INFO - [pipeline.py:137] - "ThermalImagingTransformer","thermal=True"
2026-03-14 13:58:25,611 - INFO - [pipeline.py:137] - "VoronoiTransformer","edge_blend=1,num_points=190"
2026-03-14 13:58:25,620 - INFO - [pipeline.py:243] - [Grade: A] Saved to: /Users/kenfasano/Scripts/ScreenArt/Images/TransformedImages/2018_08_12_Bolid_Perseus_1024pxn-A.jpg
2026-03-14 13:58:25,624 - INFO - [pipeline.py:137] - "FisheyeTransformer","shape=oval,strength=0.43,zoom=0.88"
2026-03-14 13:58:25,630 - INFO - [pipeline.py:137] - "KaleidoscopeTransformer","cx_off=0.02,cy_off=-0.05,segments=4"
2026-03-14 13:58:25,655 - INFO - [pipeline.py:137] - "WatercolorTransformer","scale=0.85,style=psychedelic"
2026-03-14 13:58:25,660 - INFO - [pipeline.py:137] - "FluidWarpTransformer","alpha=8.04,sigma=4.26"
2026-03-14 13:58:25,662 - INFO - [pipeline.py:243] - [Grade: A] Saved to: /Users/kenfasano/Scripts/ScreenArt/Images/TransformedImages/qsohosts_hst-A.jpg
2026-03-14 13:58:25,678 - INFO - [pipeline.py:137] - "WheelTransformer","blend=lighter,copies=4"
2026-03-14 13:58:25,691 - INFO - [pipeline.py:137] - "SwirlWarpTransformer","strength=1.50"
2026-03-14 13:58:25,698 - INFO - [pipeline.py:243] - [Grade: A] Saved to: /Users/kenfasano/Scripts/ScreenArt/Images/TransformedImages/ngc7380_geissenger_900-A.jpg
2026-03-14 13:58:25,720 - INFO - [pipeline.py:137] - "WheelTransformer","blend=lighter,copies=4"
2026-03-14 13:58:25,726 - INFO - [pipeline.py:243] - [Grade: A] Saved to: /Users/kenfasano/Scripts/ScreenArt/Images/TransformedImages/AuroraCrater_ISS_1080-A.jpg
2026-03-14 13:58:25,779 - INFO - [pipeline.py:137] - "ThermalImagingTransformer","thermal=True"
2026-03-14 13:58:25,799 - INFO - [pipeline.py:243] - [Grade: A] Saved to: /Users/kenfasano/Scripts/ScreenArt/Images/TransformedImages/nasa_earth_1_Lagos_True_Color-A.jpeg
2026-03-14 13:58:25,848 - INFO - [pipeline.py:137] - "MeltMorphTransformer","intensity=0.50"
2026-03-14 13:58:25,878 - INFO - [pipeline.py:137] - "ThermalImagingTransformer","thermal=True"
2026-03-14 13:58:25,892 - INFO - [pipeline.py:243] - [Grade: A] Saved to: /Users/kenfasano/Scripts/ScreenArt/Images/TransformedImages/noaa_goes_1_se_GeoColor-A.jpeg
2026-03-14 13:58:25,927 - INFO - [pipeline.py:137] - "DataMoshTransformer","intensity=0.02"
2026-03-14 13:58:25,961 - INFO - [pipeline.py:137] - "FluidWarpTransformer","alpha=6.56,sigma=7.02"
2026-03-14 13:58:26,364 - INFO - [pipeline.py:137] - "PixelSortTransformer","direction=cols,high=0.57,low=0.27,sort_key=saturation"
2026-03-14 13:58:26,409 - INFO - [pipeline.py:137] - "StippleTransformer","bg=black,dot_radius=3,jitter=1,spacing=8"
2026-03-14 13:58:26,425 - INFO - [pipeline.py:243] - [Grade: B] Saved to: /Users/kenfasano/Scripts/ScreenArt/Images/TransformedImages/Recueil_-B.jpeg
2026-03-14 13:58:26,488 - INFO - [pipeline.py:137] - "SwirlWarpTransformer","strength=1.50"
2026-03-14 13:58:26,510 - INFO - [pipeline.py:243] - [Grade: B] Saved to: /Users/kenfasano/Scripts/ScreenArt/Images/TransformedImages/2022-04--B.jpeg
2026-03-14 13:58:26,578 - INFO - [pipeline.py:137] - "DataMoshTransformer","intensity=0.02"
2026-03-14 13:58:26,604 - INFO - [pipeline.py:243] - [Grade: A] Saved to: /Users/kenfasano/Scripts/ScreenArt/Images/TransformedImages/Selborne-A.jpeg
2026-03-14 13:58:26,676 - INFO - [pipeline.py:137] - "DataMoshTransformer","intensity=0.01"
2026-03-14 13:58:26,703 - INFO - [pipeline.py:243] - [Grade: B] Saved to: /Users/kenfasano/Scripts/ScreenArt/Images/TransformedImages/_2020__ว-B.jpeg
2026-03-14 13:58:26,773 - INFO - [pipeline.py:137] - "KaleidoscopeTransformer","cx_off=-0.11,cy_off=-0.16,segments=6"
2026-03-14 13:58:26,834 - INFO - [pipeline.py:137] - "HalftoneTransformer","size=2"
2026-03-14 13:58:26,853 - INFO - [pipeline.py:243] - [Grade: A] Saved to: /Users/kenfasano/Scripts/ScreenArt/Images/TransformedImages/ISS053-E-A.jpeg
2026-03-14 13:58:26,898 - INFO - [pipeline.py:137] - "SwirlWarpTransformer","strength=1.50"
2026-03-14 13:58:26,951 - INFO - [pipeline.py:137] - "MeltMorphTransformer","intensity=0.50"
2026-03-14 13:58:27,327 - INFO - [pipeline.py:137] - "VoronoiTransformer","edge_blend=1,num_points=292"
2026-03-14 13:58:27,345 - INFO - [pipeline.py:243] - [Grade: A] Saved to: /Users/kenfasano/Scripts/ScreenArt/Images/TransformedImages/lojong_2-A-scatter.jpeg
2026-03-14 13:58:27,393 - INFO - [pipeline.py:137] - "StippleTransformer","bg=black,dot_radius=4,jitter=1,spacing=11"
2026-03-14 13:58:27,416 - INFO - [pipeline.py:243] - [Grade: B] Saved to: /Users/kenfasano/Scripts/ScreenArt/Images/TransformedImages/lojong_3-B-tile.jpeg
2026-03-14 13:58:27,436 - INFO - [pipeline.py:137] - "ColormapTransformer","map=winter"
2026-03-14 13:58:27,666 - INFO - [pipeline.py:137] - "VoronoiTransformer","edge_blend=1,num_points=173"
2026-03-14 13:58:27,701 - INFO - [pipeline.py:137] - "ThermalImagingTransformer","thermal=True"
2026-03-14 13:58:27,719 - INFO - [pipeline.py:243] - [Grade: C] Saved to: /Users/kenfasano/Scripts/ScreenArt/Images/TransformedImages/lojong_8-C-tile.jpeg
2026-03-14 13:58:27,780 - INFO - [pipeline.py:137] - "MeltMorphTransformer","intensity=0.50"
2026-03-14 13:58:27,827 - INFO - [pipeline.py:137] - "HalftoneTransformer","size=2"
2026-03-14 13:58:27,852 - INFO - [pipeline.py:137] - "ChromaticAberrationTransformer","angle=48.50,edge_fade=1,shift=11.30"
2026-03-14 13:58:27,870 - INFO - [pipeline.py:243] - [Grade: C] Saved to: /Users/kenfasano/Scripts/ScreenArt/Images/TransformedImages/lojong_4-C-columns.jpeg
2026-03-14 13:58:27,913 - INFO - [pipeline.py:137] - "ThermalImagingTransformer","thermal=True"
2026-03-14 13:58:27,961 - INFO - [pipeline.py:137] - "HalftoneTransformer","size=2"
2026-03-14 13:58:27,980 - INFO - [pipeline.py:137] - "OilPaintingTransformer","dyn_ratio=8,size=3"
2026-03-14 13:58:28,018 - INFO - [pipeline.py:137] - "SwirlWarpTransformer","strength=1.50"
2026-03-14 13:58:28,034 - INFO - [pipeline.py:243] - [Grade: A] Saved to: /Users/kenfasano/Scripts/ScreenArt/Images/TransformedImages/lojong_5-A-columns.jpeg
2026-03-14 13:58:28,078 - INFO - [pipeline.py:137] - "WheelTransformer","blend=lighter,copies=4"
2026-03-14 13:58:28,094 - INFO - [pipeline.py:243] - [Grade: A] Saved to: /Users/kenfasano/Scripts/ScreenArt/Images/TransformedImages/lojong_9-A-scatter.jpeg
2026-03-14 13:58:28,137 - INFO - [pipeline.py:137] - "FractalWarpTransformer","iter=1,scale=0.05"
2026-03-14 13:58:28,189 - INFO - [pipeline.py:137] - "FluidWarpTransformer","alpha=16.79,sigma=7.68"
2026-03-14 13:58:28,206 - INFO - [pipeline.py:243] - [Grade: B] Saved to: /Users/kenfasano/Scripts/ScreenArt/Images/TransformedImages/lojong_6-B-scatter.jpeg
2026-03-14 13:58:28,252 - INFO - [pipeline.py:137] - "WheelTransformer","blend=lighter,copies=4"
2026-03-14 13:58:28,300 - INFO - [pipeline.py:137] - "StippleTransformer","bg=white,dot_radius=3,jitter=1,spacing=10"
2026-03-14 13:58:28,326 - INFO - [pipeline.py:137] - "ChromaticAberrationTransformer","angle=313.90,edge_fade=1,shift=6.50"
2026-03-14 13:58:28,379 - INFO - [pipeline.py:137] - "MeltMorphTransformer","intensity=0.50"
2026-03-14 13:58:28,403 - INFO - [pipeline.py:243] - [Grade: C] Saved to: /Users/kenfasano/Scripts/ScreenArt/Images/TransformedImages/lojong_7-C-scatter.jpeg
2026-03-14 13:58:28,471 - INFO - [pipeline.py:137] - "AnamorphicTransformer","intensity=0.0,0.2,0.4,0.6,0.8,thresh=80"
2026-03-14 13:58:28,487 - INFO - [pipeline.py:243] - [Grade: F] Saved to: /Users/kenfasano/Scripts/ScreenArt/Images/Rejected/lojong_0-F-columns.jpeg
2026-03-14 13:58:28,931 - INFO - [pipeline.py:137] - "VoronoiTransformer","edge_blend=1,num_points=350"
2026-03-14 13:58:28,972 - INFO - [pipeline.py:137] - "OilPaintingTransformer","dyn_ratio=4,size=6"
2026-03-14 13:58:28,989 - INFO - [pipeline.py:137] - "RadialWarpTransformer","radius=0.25,strength=137.54081377481984,style=pull"
2026-03-14 13:58:29,002 - INFO - [pipeline.py:137] - "ColormapTransformer","map=jet"
2026-03-14 13:58:29,021 - INFO - [pipeline.py:243] - [Grade: A] Saved to: /Users/kenfasano/Scripts/ScreenArt/Images/TransformedImages/lojong_1-A-columns.jpeg
2026-03-14 13:58:29,056 - INFO - [pipeline.py:137] - "GlitchWarpTransformer","intensity=0.01"
2026-03-14 13:58:29,072 - INFO - [pipeline.py:243] - [Grade: C] Saved to: /Users/kenfasano/Scripts/ScreenArt/Images/TransformedImages/psalms_98-C-hero.jpeg
2026-03-14 13:58:29,094 - INFO - [pipeline.py:137] - "ColormapTransformer","map=jet"
2026-03-14 13:58:29,133 - INFO - [pipeline.py:137] - "ThermalImagingTransformer","thermal=True"
2026-03-14 13:58:29,161 - INFO - [pipeline.py:137] - "GlitchWarpTransformer","intensity=0.01"
2026-03-14 13:58:29,181 - INFO - [pipeline.py:243] - [Grade: B] Saved to: /Users/kenfasano/Scripts/ScreenArt/Images/TransformedImages/psalms_147-B-hero.jpeg
2026-03-14 13:58:29,243 - INFO - [pipeline.py:137] - "OilPaintingTransformer","dyn_ratio=2,size=7"
2026-03-14 13:58:29,272 - INFO - [pipeline.py:137] - "GlitchWarpTransformer","intensity=0.01"
2026-03-14 13:58:29,317 - INFO - [pipeline.py:137] - "StippleTransformer","bg=white,dot_radius=4,jitter=1,spacing=11"
2026-03-14 13:58:29,342 - INFO - [pipeline.py:243] - [Grade: C] Saved to: /Users/kenfasano/Scripts/ScreenArt/Images/TransformedImages/psalms_66-C-scatter.jpeg
2026-03-14 13:58:29,367 - INFO - [pipeline.py:137] - "RadialWarpTransformer","radius=0.25,strength=37.306006076233345,54.09288353099667,style=push,pull"
2026-03-14 13:58:29,406 - INFO - [pipeline.py:137] - "WheelTransformer","blend=lighter,copies=4"
2026-03-14 13:58:29,420 - INFO - [pipeline.py:137] - "PosterizationTransformer","levels=4"
2026-03-14 13:58:29,437 - INFO - [pipeline.py:243] - [Grade: A] Saved to: /Users/kenfasano/Scripts/ScreenArt/Images/TransformedImages/psalms_73-A-scatter.jpeg
2026-03-14 13:58:29,485 - INFO - [pipeline.py:137] - "SwirlWarpTransformer","strength=1.50"
2026-03-14 13:58:29,505 - INFO - [pipeline.py:137] - "StippleTransformer","bg=white,dot_radius=6,jitter=1,spacing=23"
2026-03-14 13:58:29,526 - INFO - [pipeline.py:243] - [Grade: C] Saved to: /Users/kenfasano/Scripts/ScreenArt/Images/TransformedImages/psalms_78-C-tile.jpeg
2026-03-14 13:58:29,548 - INFO - [pipeline.py:137] - "PosterizationTransformer","levels=4"
2026-03-14 13:58:29,567 - INFO - [pipeline.py:243] - [Grade: A] Saved to: /Users/kenfasano/Scripts/ScreenArt/Images/TransformedImages/psalms_18-A-scatter.jpeg
2026-03-14 13:58:29,834 - INFO - [pipeline.py:137] - "VoronoiTransformer","edge_blend=1,num_points=193"
2026-03-14 13:58:29,871 - INFO - [pipeline.py:137] - "WheelTransformer","blend=lighter,copies=4"
2026-03-14 13:58:29,889 - INFO - [pipeline.py:243] - [Grade: A] Saved to: /Users/kenfasano/Scripts/ScreenArt/Images/TransformedImages/psalms_124-A-columns.jpeg
2026-03-14 13:58:29,948 - INFO - [pipeline.py:137] - "KaleidoscopeTransformer","cx_off=-0.14,cy_off=0.07,segments=8"
2026-03-14 13:58:29,968 - INFO - [pipeline.py:137] - "RadialWarpTransformer","radius=0.25,strength=50.39716431773182,53.135247534301314,style=push,push"
2026-03-14 13:58:30,351 - INFO - [pipeline.py:137] - "VoronoiTransformer","edge_blend=1,num_points=248"
2026-03-14 13:58:30,562 - INFO - [pipeline.py:137] - "WatercolorTransformer","scale=0.85,style=psychedelic"
2026-03-14 13:58:30,579 - INFO - [pipeline.py:243] - [Grade: C] Saved to: /Users/kenfasano/Scripts/ScreenArt/Images/TransformedImages/psalms_80-C-columns.jpeg
2026-03-14 13:58:30,624 - INFO - [pipeline.py:137] - "ThermalImagingTransformer","thermal=True"
2026-03-14 13:58:30,842 - INFO - [pipeline.py:137] - "WatercolorTransformer","scale=0.85,style=monet"
2026-03-14 13:58:30,881 - INFO - [pipeline.py:137] - "FluidWarpTransformer","alpha=7.25,sigma=4.55"
2026-03-14 13:58:30,894 - INFO - [pipeline.py:137] - "PosterizationTransformer","levels=4"
2026-03-14 13:58:30,913 - INFO - [pipeline.py:243] - [Grade: A] Saved to: /Users/kenfasano/Scripts/ScreenArt/Images/TransformedImages/psalms_128-A-hero.jpeg
2026-03-14 13:58:30,927 - INFO - [pipeline.py:137] - "SwirlWarpTransformer","strength=1.50"
2026-03-14 13:58:30,933 - INFO - [pipeline.py:243] - [Grade: A] Saved to: /Users/kenfasano/Scripts/ScreenArt/Images/TransformedImages/peripheral_drift_2-A.jpeg
2026-03-14 13:58:30,949 - INFO - [pipeline.py:137] - "SwirlWarpTransformer","strength=1.50"
2026-03-14 13:58:30,968 - INFO - [pipeline.py:137] - "FlipWilsonTransformer","keep=left,narrow=0.25"
2026-03-14 13:58:30,985 - INFO - [pipeline.py:137] - "KaleidoscopeTransformer","cx_off=0.03,cy_off=-0.15,segments=12"
2026-03-14 13:58:30,991 - INFO - [pipeline.py:243] - [Grade: A] Saved to: /Users/kenfasano/Scripts/ScreenArt/Images/TransformedImages/peripheral_drift_3-A.jpeg
2026-03-14 13:58:31,014 - INFO - [pipeline.py:137] - "FlipWilsonTransformer","keep=left,narrow=0.25"
2026-03-14 13:58:31,020 - INFO - [pipeline.py:243] - [Grade: A] Saved to: /Users/kenfasano/Scripts/ScreenArt/Images/TransformedImages/peripheral_drift_1-A.jpeg
2026-03-14 13:58:31,020 - INFO - [main.py:196] - VoronoiTransformer
2026-03-14 13:58:31,020 - INFO - [main.py:196] - WatercolorTransformer
2026-03-14 13:58:31,020 - INFO - [main.py:196] - PixelSortTransformer
2026-03-14 13:58:31,020 - INFO - [main.py:196] - AnamorphicTransformer
2026-03-14 13:58:31,020 - INFO - [main.py:196] - HalftoneTransformer
2026-03-14 13:58:31,020 - INFO - [main.py:196] - MeltMorphTransformer
2026-03-14 13:58:31,020 - INFO - [main.py:196] - KaleidoscopeTransformer
2026-03-14 13:58:31,020 - INFO - [main.py:196] - DataMoshTransformer
2026-03-14 13:58:31,020 - INFO - [main.py:196] - OilPaintingTransformer
2026-03-14 13:58:31,020 - INFO - [main.py:196] - ThermalImagingTransformer
2026-03-14 13:58:31,020 - INFO - [main.py:196] - FractalWarpTransformer
2026-03-14 13:58:31,020 - INFO - [main.py:196] - FlipWilsonTransformer
2026-03-14 13:58:31,020 - INFO - [main.py:196] - SwirlWarpTransformer
2026-03-14 13:58:31,020 - INFO - [main.py:196] - FluidWarpTransformer
2026-03-14 13:58:31,020 - INFO - [main.py:196] - StippleTransformer
2026-03-14 13:58:31,020 - INFO - [main.py:196] - GlitchWarpTransformer
2026-03-14 13:58:31,020 - INFO - [main.py:196] - WheelTransformer
2026-03-14 13:58:31,020 - INFO - [main.py:196] - ChromaticAberrationTransformer
2026-03-14 13:58:31,020 - INFO - [main.py:196] - RadialWarpTransformer
2026-03-14 13:58:31,020 - INFO - [main.py:196] - FisheyeTransformer
2026-03-14 13:58:31,020 - INFO - [main.py:196] - PosterizationTransformer
2026-03-14 13:58:31,020 - INFO - [main.py:196] - ColormapTransformer
2026-03-14 13:58:31,021 - INFO - [main.py:239] - 24s@13:58 ✓
Accepted: 55
Rejected: 1
---
Bible                      ->  8170ms
Wiki                       ->  2911ms
Lojong                     ->  2293ms
GoesGenerator              ->  1337ms
Nasa                       ->   737ms
Bubbles                    ->   451ms
Cubes                      ->   190ms
PeripheralDriftIllusion    ->    48ms
NasaMapGenerator           ->    35ms
---
VoronoiTransformer               -> Min:   126ms | Avg:   278ms | Max:   430ms
WatercolorTransformer            -> Min:    26ms | Avg:   169ms | Max:   222ms
PixelSortTransformer             -> Min:    29ms | Avg:   140ms | Max:   403ms
AnamorphicTransformer            -> Min:    61ms | Avg:    61ms | Max:    61ms
HalftoneTransformer              -> Min:    23ms | Avg:    47ms | Max:    61ms
MeltMorphTransformer             -> Min:    11ms | Avg:    45ms | Max:    55ms
KaleidoscopeTransformer          -> Min:     6ms | Avg:    39ms | Max:    58ms
DataMoshTransformer              -> Min:     8ms | Avg:    37ms | Max:    54ms
OilPaintingTransformer           -> Min:    18ms | Avg:    36ms | Max:    54ms
ThermalImagingTransformer        -> Min:    20ms | Avg:    35ms | Max:    41ms
FractalWarpTransformer           -> Min:    34ms | Avg:    35ms | Max:    37ms
FlipWilsonTransformer            -> Min:    19ms | Avg:    33ms | Max:    65ms
SwirlWarpTransformer             -> Min:    12ms | Avg:    33ms | Max:    54ms
FluidWarpTransformer             -> Min:     4ms | Avg:    32ms | Max:    52ms
StippleTransformer               -> Min:     5ms | Avg:    30ms | Max:    48ms
GlitchWarpTransformer            -> Min:    14ms | Avg:    26ms | Max:    29ms
WheelTransformer                 -> Min:     5ms | Avg:    25ms | Max:    40ms
ChromaticAberrationTransformer   -> Min:     7ms | Avg:    23ms | Max:    26ms
RadialWarpTransformer            -> Min:     7ms | Avg:    17ms | Max:    24ms
FisheyeTransformer               -> Min:     3ms | Avg:    12ms | Max:    28ms
PosterizationTransformer         -> Min:     4ms | Avg:    12ms | Max:    14ms
ColormapTransformer              -> Min:     2ms | Avg:     9ms | Max:    13ms
