2026-03-13 20:31:35,969 - INFO - [pipeline.py:136] - "DataMoshTransformer","intensity=0.01"
2026-03-13 20:31:36,011 - INFO - [pipeline.py:136] - "SwirlWarpTransformer","strength=1.50"
2026-03-13 20:31:36,025 - INFO - [pipeline.py:136] - "ColormapTransformer","map=ocean"
2026-03-13 20:31:36,086 - INFO - [pipeline.py:136] - "MeltMorphTransformer","intensity=0.50"
2026-03-13 20:31:36,106 - INFO - [pipeline.py:229] - [Grade: A] Saved to: /Users/kenfasano/Scripts/ScreenArt/Images/TransformedImages/bubbles_4-A.jpeg
2026-03-13 20:31:36,130 - INFO - [pipeline.py:136] - "RadialWarpTransformer","radius=0.25,strength=76.18273373551062,style=push"
2026-03-13 20:31:36,172 - INFO - [pipeline.py:136] - "ThermalImagingTransformer","thermal=True"
2026-03-13 20:31:36,190 - INFO - [pipeline.py:229] - [Grade: A] Saved to: /Users/kenfasano/Scripts/ScreenArt/Images/TransformedImages/bubbles_8-A.jpeg
2026-03-13 20:31:36,230 - INFO - [pipeline.py:136] - "FisheyeTransformer","shape=oval,strength=0.59,zoom=0.93"
2026-03-13 20:31:36,244 - INFO - [pipeline.py:136] - "ColormapTransformer","map=rainbow"
2026-03-13 20:31:36,283 - INFO - [pipeline.py:136] - "DataMoshTransformer","intensity=0.01"
2026-03-13 20:31:36,305 - INFO - [pipeline.py:229] - [Grade: B] Saved to: /Users/kenfasano/Scripts/ScreenArt/Images/TransformedImages/bubbles_9-B.jpeg
2026-03-13 20:31:36,375 - INFO - [pipeline.py:136] - "FlipWilsonTransformer","keep=right,narrow=0.29"
2026-03-13 20:31:36,426 - INFO - [pipeline.py:136] - "HalftoneTransformer","size=2"
2026-03-13 20:31:36,443 - INFO - [pipeline.py:229] - [Grade: A] Saved to: /Users/kenfasano/Scripts/ScreenArt/Images/TransformedImages/bubbles_5-A.jpeg
2026-03-13 20:31:36,486 - INFO - [pipeline.py:136] - "FractalWarpTransformer","iter=1,scale=0.05"
2026-03-13 20:31:36,526 - INFO - [pipeline.py:136] - "SwirlWarpTransformer","strength=1.50"
2026-03-13 20:31:36,554 - INFO - [pipeline.py:136] - "GlitchWarpTransformer","intensity=0.01"
2026-03-13 20:31:36,587 - INFO - [pipeline.py:229] - [Grade: B] Saved to: /Users/kenfasano/Scripts/ScreenArt/Images/TransformedImages/bubbles_2-B.jpeg
2026-03-13 20:31:36,669 - INFO - [pipeline.py:136] - "DataMoshTransformer","intensity=0.02"
2026-03-13 20:31:36,698 - INFO - [pipeline.py:136] - "PosterizationTransformer","levels=4"
2026-03-13 20:31:36,727 - INFO - [pipeline.py:136] - "FisheyeTransformer","shape=oval,strength=0.28,zoom=1.00"
2026-03-13 20:31:36,768 - INFO - [pipeline.py:136] - "SwirlWarpTransformer","strength=1.50"
2026-03-13 20:31:36,787 - INFO - [pipeline.py:229] - [Grade: A] Saved to: /Users/kenfasano/Scripts/ScreenArt/Images/TransformedImages/bubbles_3-A.jpeg
2026-03-13 20:31:36,814 - INFO - [pipeline.py:136] - "RadialWarpTransformer","radius=0.25,strength=77.9909097207827,91.06580359682087,style=push,push"
2026-03-13 20:31:36,863 - INFO - [pipeline.py:136] - "HalftoneTransformer","size=2"
2026-03-13 20:31:36,898 - INFO - [pipeline.py:136] - "FractalWarpTransformer","iter=1,scale=0.05"
2026-03-13 20:31:36,935 - INFO - [pipeline.py:136] - "ThermalImagingTransformer","thermal=True"
2026-03-13 20:31:36,952 - INFO - [pipeline.py:229] - [Grade: A] Saved to: /Users/kenfasano/Scripts/ScreenArt/Images/TransformedImages/bubbles_10-A.jpeg
2026-03-13 20:31:36,996 - INFO - [pipeline.py:136] - "FractalWarpTransformer","iter=1,scale=0.05"
2026-03-13 20:31:37,042 - INFO - [pipeline.py:136] - "WheelTransformer","blend=add,copies=4"
2026-03-13 20:31:37,092 - INFO - [pipeline.py:136] - "HalftoneTransformer","size=2"
2026-03-13 20:31:37,109 - INFO - [pipeline.py:229] - [Grade: A] Saved to: /Users/kenfasano/Scripts/ScreenArt/Images/TransformedImages/bubbles_1-A.jpeg
2026-03-13 20:31:37,159 - INFO - [pipeline.py:136] - "WheelTransformer","blend=add,copies=4"
2026-03-13 20:31:37,177 - INFO - [pipeline.py:229] - [Grade: A] Saved to: /Users/kenfasano/Scripts/ScreenArt/Images/TransformedImages/bubbles_6-A.jpeg
2026-03-13 20:31:37,197 - INFO - [pipeline.py:136] - "PosterizationTransformer","levels=4"
2026-03-13 20:31:37,231 - INFO - [pipeline.py:136] - "FractalWarpTransformer","iter=1,scale=0.05"
2026-03-13 20:31:37,247 - INFO - [pipeline.py:229] - [Grade: F] Saved to: /Users/kenfasano/Scripts/ScreenArt/Images/Rejected/bubbles_7-F.jpeg
2026-03-13 20:31:37,465 - INFO - [pipeline.py:136] - "WatercolorTransformer","scale=0.85,style=monet"
2026-03-13 20:31:37,480 - INFO - [pipeline.py:229] - [Grade: A] Saved to: /Users/kenfasano/Scripts/ScreenArt/Images/TransformedImages/cubes_2-A.jpeg
2026-03-13 20:31:37,500 - INFO - [pipeline.py:136] - "ColormapTransformer","map=jet"
2026-03-13 20:31:37,562 - INFO - [pipeline.py:136] - "FlipWilsonTransformer","keep=right,narrow=0.29"
2026-03-13 20:31:37,579 - INFO - [pipeline.py:229] - [Grade: A] Saved to: /Users/kenfasano/Scripts/ScreenArt/Images/TransformedImages/cubes_3-A.jpeg
2026-03-13 20:31:37,606 - INFO - [pipeline.py:136] - "RadialWarpTransformer","radius=0.25,strength=37.91619134575868,137.38586192670815,style=push,push"
2026-03-13 20:31:37,633 - INFO - [pipeline.py:136] - "GlitchWarpTransformer","intensity=0.01"
2026-03-13 20:31:37,650 - INFO - [pipeline.py:229] - [Grade: A] Saved to: /Users/kenfasano/Scripts/ScreenArt/Images/TransformedImages/cubes_4-A.jpeg
2026-03-13 20:31:37,670 - INFO - [pipeline.py:136] - "ColormapTransformer","map=pink"
2026-03-13 20:31:37,683 - INFO - [pipeline.py:136] - "PosterizationTransformer","levels=4"
2026-03-13 20:31:37,720 - INFO - [pipeline.py:136] - "DataMoshTransformer","intensity=0.02"
2026-03-13 20:31:37,738 - INFO - [pipeline.py:229] - [Grade: B] Saved to: /Users/kenfasano/Scripts/ScreenArt/Images/TransformedImages/cubes_5-B.jpeg
2026-03-13 20:31:37,772 - INFO - [pipeline.py:136] - "GlitchWarpTransformer","intensity=0.01"
2026-03-13 20:31:37,834 - INFO - [pipeline.py:136] - "FlipWilsonTransformer","keep=right,narrow=0.29"
2026-03-13 20:31:37,851 - INFO - [pipeline.py:229] - [Grade: A] Saved to: /Users/kenfasano/Scripts/ScreenArt/Images/TransformedImages/cubes_6-A.jpeg
2026-03-13 20:31:37,905 - INFO - [pipeline.py:136] - "HalftoneTransformer","size=2"
2026-03-13 20:31:37,948 - INFO - [pipeline.py:136] - "WheelTransformer","blend=add,copies=4"
2026-03-13 20:31:37,960 - INFO - [pipeline.py:136] - "PosterizationTransformer","levels=4"
2026-03-13 20:31:37,988 - INFO - [pipeline.py:136] - "GlitchWarpTransformer","intensity=0.01"
2026-03-13 20:31:38,004 - INFO - [pipeline.py:229] - [Grade: A] Saved to: /Users/kenfasano/Scripts/ScreenArt/Images/TransformedImages/cubes_1-A.jpeg
2026-03-13 20:31:38,020 - INFO - [pipeline.py:136] - "FlipWilsonTransformer","keep=right,narrow=0.29"
2026-03-13 20:31:38,030 - INFO - [pipeline.py:136] - "ThermalImagingTransformer","thermal=True"
2026-03-13 20:31:38,045 - INFO - [pipeline.py:136] - "MeltMorphTransformer","intensity=0.50"
2026-03-13 20:31:38,055 - INFO - [pipeline.py:136] - "ThreeDExtrusionTransformer","ambient=0.25,intensity=0.50"
2026-03-13 20:31:38,059 - INFO - [pipeline.py:229] - [Grade: F] Saved to: /Users/kenfasano/Scripts/ScreenArt/Images/Rejected/moon_venus_cortner800-F.jpg
2026-03-13 20:31:38,075 - INFO - [pipeline.py:136] - "GlitchWarpTransformer","intensity=0.01"
2026-03-13 20:31:38,156 - INFO - [pipeline.py:136] - "WatercolorTransformer","scale=0.85,style=monet"
2026-03-13 20:31:38,168 - INFO - [pipeline.py:136] - "DataMoshTransformer","intensity=0.01"
2026-03-13 20:31:38,175 - INFO - [pipeline.py:229] - [Grade: A] Saved to: /Users/kenfasano/Scripts/ScreenArt/Images/TransformedImages/LH8056_MobiusArchMoonrise_1024x683-A.jpg
2026-03-13 20:31:38,189 - INFO - [pipeline.py:136] - "SwirlWarpTransformer","strength=1.50"
2026-03-13 20:31:38,201 - INFO - [pipeline.py:136] - "HalftoneTransformer","size=2"
2026-03-13 20:31:38,209 - INFO - [pipeline.py:136] - "ThreeDExtrusionTransformer","ambient=0.54,intensity=0.50"
2026-03-13 20:31:38,214 - INFO - [pipeline.py:229] - [Grade: C] Saved to: /Users/kenfasano/Scripts/ScreenArt/Images/TransformedImages/rosette_lula_900-C.jpg
2026-03-13 20:31:38,223 - INFO - [pipeline.py:136] - "ThreeDExtrusionTransformer","ambient=0.58,intensity=0.50"
2026-03-13 20:31:38,231 - INFO - [pipeline.py:136] - "DataMoshTransformer","intensity=0.01"
2026-03-13 20:31:38,242 - INFO - [pipeline.py:136] - "HalftoneTransformer","size=2"
2026-03-13 20:31:38,245 - INFO - [pipeline.py:136] - "ColormapTransformer","map=autumn"
2026-03-13 20:31:38,250 - INFO - [pipeline.py:229] - [Grade: A] Saved to: /Users/kenfasano/Scripts/ScreenArt/Images/TransformedImages/FireballAyersRock_brimacombe_c800-A.jpg
2026-03-13 20:31:38,261 - INFO - [pipeline.py:136] - "PosterizationTransformer","levels=4"
2026-03-13 20:31:38,270 - INFO - [pipeline.py:229] - [Grade: A] Saved to: /Users/kenfasano/Scripts/ScreenArt/Images/TransformedImages/northamerica_ir_960-A.jpg
2026-03-13 20:31:38,286 - INFO - [pipeline.py:136] - "FractalWarpTransformer","iter=1,scale=0.05"
2026-03-13 20:31:38,296 - INFO - [pipeline.py:136] - "ThreeDExtrusionTransformer","ambient=0.46,intensity=0.50"
2026-03-13 20:31:38,307 - INFO - [pipeline.py:136] - "DataMoshTransformer","intensity=0.01"
2026-03-13 20:31:38,315 - INFO - [pipeline.py:136] - "GlitchWarpTransformer","intensity=0.01"
2026-03-13 20:31:38,322 - INFO - [pipeline.py:229] - [Grade: C] Saved to: /Users/kenfasano/Scripts/ScreenArt/Images/TransformedImages/CometLemmon2013july13martin950-C.jpg
2026-03-13 20:31:38,324 - INFO - [pipeline.py:136] - "PosterizationTransformer","levels=4"
2026-03-13 20:31:38,327 - INFO - [pipeline.py:229] - [Grade: C] Saved to: /Users/kenfasano/Scripts/ScreenArt/Images/TransformedImages/ikeyazhang_cooper-C.jpg
2026-03-13 20:31:38,357 - INFO - [pipeline.py:136] - "WheelTransformer","blend=add,copies=4"
2026-03-13 20:31:38,367 - INFO - [pipeline.py:136] - "FisheyeTransformer","shape=oval,strength=0.72,zoom=1.13"
2026-03-13 20:31:38,375 - INFO - [pipeline.py:229] - [Grade: A] Saved to: /Users/kenfasano/Scripts/ScreenArt/Images/TransformedImages/12P_Pons_Brooks_2024_02_11_185335PST_JuneLake_DEBartlett800-A.jpg
2026-03-13 20:31:38,424 - INFO - [pipeline.py:136] - "FlipWilsonTransformer","keep=right,narrow=0.29"
2026-03-13 20:31:38,433 - INFO - [pipeline.py:229] - [Grade: C] Saved to: /Users/kenfasano/Scripts/ScreenArt/Images/TransformedImages/cheshirecat_chandra_complg_1024-C.jpg
2026-03-13 20:31:38,440 - INFO - [pipeline.py:136] - "PosterizationTransformer","levels=4"
2026-03-13 20:31:38,452 - INFO - [pipeline.py:136] - "HalftoneTransformer","size=2"
2026-03-13 20:31:38,460 - INFO - [pipeline.py:136] - "ThreeDExtrusionTransformer","ambient=0.57,intensity=0.50"
2026-03-13 20:31:38,465 - INFO - [pipeline.py:229] - [Grade: C] Saved to: /Users/kenfasano/Scripts/ScreenArt/Images/TransformedImages/carinagigazoom_eso-C.jpg
2026-03-13 20:31:38,525 - INFO - [pipeline.py:136] - "HalftoneTransformer","size=2"
2026-03-13 20:31:38,541 - INFO - [pipeline.py:136] - "RadialWarpTransformer","radius=0.25,strength=51.632182705136174,style=push"
2026-03-13 20:31:38,577 - INFO - [pipeline.py:136] - "DataMoshTransformer","intensity=0.01"
2026-03-13 20:31:38,606 - INFO - [pipeline.py:136] - "GlitchWarpTransformer","intensity=0.01"
2026-03-13 20:31:38,627 - INFO - [pipeline.py:229] - [Grade: B] Saved to: /Users/kenfasano/Scripts/ScreenArt/Images/TransformedImages/nasa_earth_1_Jakarta_True_Color-B.jpeg
2026-03-13 20:31:38,705 - INFO - [pipeline.py:136] - "XrayTransformer","colors=64"
2026-03-13 20:31:38,717 - INFO - [pipeline.py:229] - [Grade: C] Saved to: /Users/kenfasano/Scripts/ScreenArt/Images/TransformedImages/noaa_goes_1_se_Fire_Temperature-C.jpeg
2026-03-13 20:31:38,797 - INFO - [pipeline.py:136] - "HalftoneTransformer","size=2"
2026-03-13 20:31:38,817 - INFO - [pipeline.py:229] - [Grade: A] Saved to: /Users/kenfasano/Scripts/ScreenArt/Images/TransformedImages/ARTMS_-_-A.jpeg
2026-03-13 20:31:38,869 - INFO - [pipeline.py:136] - "ThermalImagingTransformer","thermal=True"
2026-03-13 20:31:38,915 - INFO - [pipeline.py:136] - "FractalWarpTransformer","iter=1,scale=0.05"
2026-03-13 20:31:38,936 - INFO - [pipeline.py:229] - [Grade: A] Saved to: /Users/kenfasano/Scripts/ScreenArt/Images/TransformedImages/Crystal_-A.jpeg
2026-03-13 20:31:39,014 - INFO - [pipeline.py:136] - "PosterizationTransformer","levels=4"
2026-03-13 20:31:39,190 - INFO - [pipeline.py:136] - "MeltMorphTransformer","intensity=0.50"
2026-03-13 20:31:39,247 - INFO - [pipeline.py:229] - [Grade: C] Saved to: /Users/kenfasano/Scripts/ScreenArt/Images/TransformedImages/Page_181-C.jpeg
2026-03-13 20:31:39,326 - INFO - [pipeline.py:136] - "HalftoneTransformer","size=2"
2026-03-13 20:31:39,379 - INFO - [pipeline.py:136] - "SwirlWarpTransformer","strength=1.50"
2026-03-13 20:31:39,406 - INFO - [pipeline.py:229] - [Grade: A] Saved to: /Users/kenfasano/Scripts/ScreenArt/Images/TransformedImages/1951-195-A.jpeg
2026-03-13 20:31:39,458 - INFO - [pipeline.py:136] - "GlitchWarpTransformer","intensity=0.01"
2026-03-13 20:31:39,782 - INFO - [pipeline.py:136] - "XrayTransformer","colors=256"
2026-03-13 20:31:39,836 - INFO - [pipeline.py:136] - "ThermalImagingTransformer","thermal=True"
2026-03-13 20:31:39,890 - INFO - [pipeline.py:136] - "SwirlWarpTransformer","strength=1.50"
2026-03-13 20:31:39,925 - INFO - [pipeline.py:229] - [Grade: B] Saved to: /Users/kenfasano/Scripts/ScreenArt/Images/TransformedImages/St_Marga-B.jpeg
2026-03-13 20:31:40,012 - INFO - [pipeline.py:136] - "FractalWarpTransformer","iter=1,scale=0.05"
2026-03-13 20:31:40,098 - INFO - [pipeline.py:136] - "WheelTransformer","blend=add,copies=4"
2026-03-13 20:31:40,142 - INFO - [pipeline.py:136] - "GlitchWarpTransformer","intensity=0.01"
2026-03-13 20:31:40,166 - INFO - [pipeline.py:229] - [Grade: B] Saved to: /Users/kenfasano/Scripts/ScreenArt/Images/TransformedImages/Aérodrom-B.jpeg
2026-03-13 20:31:40,285 - INFO - [pipeline.py:136] - "XrayTransformer","colors=64"
2026-03-13 20:31:40,323 - INFO - [pipeline.py:136] - "FractalWarpTransformer","iter=1,scale=0.05"
2026-03-13 20:31:40,343 - INFO - [pipeline.py:229] - [Grade: C] Saved to: /Users/kenfasano/Scripts/ScreenArt/Images/TransformedImages/lojong_2-C-scatter.jpeg
2026-03-13 20:31:40,366 - INFO - [pipeline.py:136] - "PosterizationTransformer","levels=4"
2026-03-13 20:31:40,430 - INFO - [pipeline.py:136] - "XrayTransformer","colors=64"
2026-03-13 20:31:40,447 - INFO - [pipeline.py:229] - [Grade: F] Saved to: /Users/kenfasano/Scripts/ScreenArt/Images/Rejected/lojong_3-F-hero.jpeg
2026-03-13 20:31:40,495 - INFO - [pipeline.py:136] - "DataMoshTransformer","intensity=0.02"
2026-03-13 20:31:40,514 - INFO - [pipeline.py:229] - [Grade: A] Saved to: /Users/kenfasano/Scripts/ScreenArt/Images/TransformedImages/lojong_8-A-columns.jpeg
2026-03-13 20:31:40,556 - INFO - [pipeline.py:136] - "ThermalImagingTransformer","thermal=True"
2026-03-13 20:31:40,618 - INFO - [pipeline.py:136] - "FlipWilsonTransformer","keep=right,narrow=0.29"
2026-03-13 20:31:40,659 - INFO - [pipeline.py:136] - "SwirlWarpTransformer","strength=1.50"
2026-03-13 20:31:40,756 - INFO - [pipeline.py:136] - "XrayTransformer","colors=64"
2026-03-13 20:31:40,772 - INFO - [pipeline.py:229] - [Grade: F] Saved to: /Users/kenfasano/Scripts/ScreenArt/Images/Rejected/lojong_4-F-scatter.jpeg
2026-03-13 20:31:40,808 - INFO - [pipeline.py:136] - "GlitchWarpTransformer","intensity=0.01"
2026-03-13 20:31:40,862 - INFO - [pipeline.py:136] - "HalftoneTransformer","size=2"
2026-03-13 20:31:40,894 - INFO - [pipeline.py:136] - "FisheyeTransformer","shape=circle,strength=0.52,zoom=1.10"
2026-03-13 20:31:40,912 - INFO - [pipeline.py:229] - [Grade: F] Saved to: /Users/kenfasano/Scripts/ScreenArt/Images/Rejected/lojong_5-F-scatter.jpeg
2026-03-13 20:31:40,936 - INFO - [pipeline.py:136] - "RadialWarpTransformer","radius=0.25,strength=125.76576796426848,style=push"
2026-03-13 20:31:40,953 - INFO - [pipeline.py:229] - [Grade: F] Saved to: /Users/kenfasano/Scripts/ScreenArt/Images/Rejected/lojong_9-F-tile.jpeg
2026-03-13 20:31:40,998 - INFO - [pipeline.py:136] - "FractalWarpTransformer","iter=1,scale=0.05"
2026-03-13 20:31:41,027 - INFO - [pipeline.py:136] - "GlitchWarpTransformer","intensity=0.01"
2026-03-13 20:31:41,046 - INFO - [pipeline.py:229] - [Grade: A] Saved to: /Users/kenfasano/Scripts/ScreenArt/Images/TransformedImages/lojong_6-A-scatter.jpeg
2026-03-13 20:31:41,094 - INFO - [pipeline.py:136] - "FractalWarpTransformer","iter=1,scale=0.05"
2026-03-13 20:31:41,113 - INFO - [pipeline.py:229] - [Grade: A] Saved to: /Users/kenfasano/Scripts/ScreenArt/Images/TransformedImages/lojong_7-A-tile.jpeg
2026-03-13 20:31:41,159 - INFO - [pipeline.py:136] - "FractalWarpTransformer","iter=1,scale=0.05"
2026-03-13 20:31:41,200 - INFO - [pipeline.py:136] - "SwirlWarpTransformer","strength=1.50"
2026-03-13 20:31:41,218 - INFO - [pipeline.py:229] - [Grade: A] Saved to: /Users/kenfasano/Scripts/ScreenArt/Images/TransformedImages/lojong_0-A-scatter.jpeg
2026-03-13 20:31:41,290 - INFO - [pipeline.py:136] - "FlipWilsonTransformer","keep=right,narrow=0.29"
2026-03-13 20:31:41,308 - INFO - [pipeline.py:229] - [Grade: A] Saved to: /Users/kenfasano/Scripts/ScreenArt/Images/TransformedImages/lojong_1-A-hero.jpeg
2026-03-13 20:31:41,361 - INFO - [pipeline.py:136] - "SwirlWarpTransformer","strength=1.50"
2026-03-13 20:31:41,398 - INFO - [pipeline.py:136] - "FractalWarpTransformer","iter=1,scale=0.05"
2026-03-13 20:31:41,416 - INFO - [pipeline.py:229] - [Grade: A] Saved to: /Users/kenfasano/Scripts/ScreenArt/Images/TransformedImages/psalms_146-A-tile.jpeg
2026-03-13 20:31:41,668 - INFO - [pipeline.py:136] - "WatercolorTransformer","scale=0.85,style=psychedelic"
2026-03-13 20:31:41,697 - INFO - [pipeline.py:136] - "GlitchWarpTransformer","intensity=0.01"
2026-03-13 20:31:41,738 - INFO - [pipeline.py:136] - "SwirlWarpTransformer","strength=1.50"
2026-03-13 20:31:41,781 - INFO - [pipeline.py:136] - "WheelTransformer","blend=add,copies=4"
2026-03-13 20:31:41,798 - INFO - [pipeline.py:229] - [Grade: A] Saved to: /Users/kenfasano/Scripts/ScreenArt/Images/TransformedImages/psalms_40-A-tile.jpeg
2026-03-13 20:31:41,819 - INFO - [pipeline.py:136] - "PosterizationTransformer","levels=4"
2026-03-13 20:31:41,842 - INFO - [pipeline.py:136] - "RadialWarpTransformer","radius=0.25,strength=58.798208696523844,93.26828518734467,46.93806760776587,style=pull,push,push"
2026-03-13 20:31:41,897 - INFO - [pipeline.py:136] - "MeltMorphTransformer","intensity=0.50"
2026-03-13 20:31:41,915 - INFO - [pipeline.py:229] - [Grade: C] Saved to: /Users/kenfasano/Scripts/ScreenArt/Images/TransformedImages/psalms_137-C-tile.jpeg
2026-03-13 20:31:41,966 - INFO - [pipeline.py:136] - "WheelTransformer","blend=add,copies=4"
2026-03-13 20:31:42,004 - INFO - [pipeline.py:136] - "ThermalImagingTransformer","thermal=True"
2026-03-13 20:31:42,021 - INFO - [pipeline.py:229] - [Grade: A] Saved to: /Users/kenfasano/Scripts/ScreenArt/Images/TransformedImages/psalms_70-A-scatter.jpeg
2026-03-13 20:31:42,243 - INFO - [pipeline.py:136] - "WatercolorTransformer","scale=0.85,style=monet"
2026-03-13 20:31:42,269 - INFO - [pipeline.py:136] - "FisheyeTransformer","shape=oval,strength=0.62,zoom=0.92"
2026-03-13 20:31:42,307 - INFO - [pipeline.py:136] - "ThermalImagingTransformer","thermal=True"
2026-03-13 20:31:42,345 - INFO - [pipeline.py:136] - "DataMoshTransformer","intensity=0.02"
2026-03-13 20:31:42,362 - INFO - [pipeline.py:229] - [Grade: B] Saved to: /Users/kenfasano/Scripts/ScreenArt/Images/TransformedImages/psalms_26-B-scatter.jpeg
2026-03-13 20:31:42,382 - INFO - [pipeline.py:136] - "PosterizationTransformer","levels=4"
2026-03-13 20:31:42,431 - INFO - [pipeline.py:136] - "HalftoneTransformer","size=2"
2026-03-13 20:31:42,474 - INFO - [pipeline.py:136] - "WheelTransformer","blend=add,copies=4"
2026-03-13 20:31:42,512 - INFO - [pipeline.py:136] - "DataMoshTransformer","intensity=0.02"
2026-03-13 20:31:42,529 - INFO - [pipeline.py:229] - [Grade: A] Saved to: /Users/kenfasano/Scripts/ScreenArt/Images/TransformedImages/psalms_123-A-hero.jpeg
2026-03-13 20:31:42,579 - INFO - [pipeline.py:136] - "WheelTransformer","blend=add,copies=4"
2026-03-13 20:31:42,592 - INFO - [pipeline.py:136] - "PosterizationTransformer","levels=4"
2026-03-13 20:31:42,615 - INFO - [pipeline.py:136] - "FisheyeTransformer","shape=circle,strength=0.61,zoom=1.12"
2026-03-13 20:31:42,669 - INFO - [pipeline.py:136] - "MeltMorphTransformer","intensity=0.50"
2026-03-13 20:31:42,686 - INFO - [pipeline.py:229] - [Grade: F] Saved to: /Users/kenfasano/Scripts/ScreenArt/Images/Rejected/psalms_65-F-tile.jpeg
2026-03-13 20:31:42,736 - INFO - [pipeline.py:136] - "WheelTransformer","blend=add,copies=4"
2026-03-13 20:31:42,763 - INFO - [pipeline.py:136] - "GlitchWarpTransformer","intensity=0.01"
2026-03-13 20:31:42,801 - INFO - [pipeline.py:136] - "SwirlWarpTransformer","strength=1.50"
2026-03-13 20:31:42,814 - INFO - [pipeline.py:136] - "PosterizationTransformer","levels=4"
2026-03-13 20:31:42,831 - INFO - [pipeline.py:229] - [Grade: A] Saved to: /Users/kenfasano/Scripts/ScreenArt/Images/TransformedImages/psalms_42-A-tile.jpeg
2026-03-13 20:31:42,875 - INFO - [pipeline.py:136] - "DataMoshTransformer","intensity=0.01"
2026-03-13 20:31:42,892 - INFO - [pipeline.py:229] - [Grade: A] Saved to: /Users/kenfasano/Scripts/ScreenArt/Images/TransformedImages/psalms_149-A-hero.jpeg
2026-03-13 20:31:42,910 - INFO - [pipeline.py:136] - "HalftoneTransformer","size=2"
2026-03-13 20:31:42,916 - INFO - [pipeline.py:229] - [Grade: A] Saved to: /Users/kenfasano/Scripts/ScreenArt/Images/TransformedImages/peripheral_drift_2-A.jpeg
2026-03-13 20:31:42,935 - INFO - [pipeline.py:136] - "MeltMorphTransformer","intensity=0.50"
2026-03-13 20:31:42,941 - INFO - [pipeline.py:229] - [Grade: A] Saved to: /Users/kenfasano/Scripts/ScreenArt/Images/TransformedImages/peripheral_drift_3-A.jpeg
2026-03-13 20:31:42,952 - INFO - [pipeline.py:136] - "GlitchWarpTransformer","intensity=0.01"
2026-03-13 20:31:42,962 - INFO - [pipeline.py:136] - "ThreeDExtrusionTransformer","ambient=0.35,intensity=0.50"
2026-03-13 20:31:42,967 - INFO - [pipeline.py:229] - [Grade: C] Saved to: /Users/kenfasano/Scripts/ScreenArt/Images/TransformedImages/peripheral_drift_1-C.jpeg
2026-03-13 20:31:42,967 - INFO - [main.py:196] - WatercolorTransformer
2026-03-13 20:31:42,967 - INFO - [main.py:196] - XrayTransformer
2026-03-13 20:31:42,967 - INFO - [main.py:196] - MeltMorphTransformer
2026-03-13 20:31:42,967 - INFO - [main.py:196] - FlipWilsonTransformer
2026-03-13 20:31:42,967 - INFO - [main.py:196] - WheelTransformer
2026-03-13 20:31:42,967 - INFO - [main.py:196] - HalftoneTransformer
2026-03-13 20:31:42,967 - INFO - [main.py:196] - SwirlWarpTransformer
2026-03-13 20:31:42,967 - INFO - [main.py:196] - FractalWarpTransformer
2026-03-13 20:31:42,967 - INFO - [main.py:196] - ThermalImagingTransformer
2026-03-13 20:31:42,967 - INFO - [main.py:196] - DataMoshTransformer
2026-03-13 20:31:42,967 - INFO - [main.py:196] - GlitchWarpTransformer
2026-03-13 20:31:42,967 - INFO - [main.py:196] - FisheyeTransformer
2026-03-13 20:31:42,967 - INFO - [main.py:196] - RadialWarpTransformer
2026-03-13 20:31:42,967 - INFO - [main.py:196] - PosterizationTransformer
2026-03-13 20:31:42,968 - INFO - [main.py:196] - ColormapTransformer
2026-03-13 20:31:42,968 - INFO - [main.py:196] - ThreeDExtrusionTransformer
2026-03-13 20:31:42,968 - INFO - [main.py:239] - 21s@20:31 ✓
Accepted: 49
Rejected: 7
---
Wiki                       ->  4956ms
Bible                      ->  4352ms
Lojong                     ->  2288ms
GoesGenerator              ->  1467ms
Nasa                       ->   943ms
Bubbles                    ->   581ms
Cubes                      ->   182ms
NasaMapGenerator           ->    57ms
PeripheralDriftIllusion    ->    46ms
---
WatercolorTransformer      -> Min:    81ms | Avg:   188ms | Max:   244ms
XrayTransformer            -> Min:    64ms | Avg:   133ms | Max:   324ms
MeltMorphTransformer       -> Min:    15ms | Avg:    63ms | Max:   177ms
FlipWilsonTransformer      -> Min:    14ms | Avg:    50ms | Max:    62ms
WheelTransformer           -> Min:    18ms | Avg:    45ms | Max:    87ms
HalftoneTransformer        -> Min:    10ms | Avg:    41ms | Max:    70ms
SwirlWarpTransformer       -> Min:    11ms | Avg:    40ms | Max:    53ms
FractalWarpTransformer     -> Min:    11ms | Avg:    38ms | Max:    67ms
ThermalImagingTransformer  -> Min:    10ms | Avg:    37ms | Max:    54ms
DataMoshTransformer        -> Min:     8ms | Avg:    35ms | Max:    73ms
GlitchWarpTransformer      -> Min:     8ms | Avg:    26ms | Max:    43ms
FisheyeTransformer         -> Min:    10ms | Avg:    26ms | Max:    33ms
RadialWarpTransformer      -> Min:    16ms | Avg:    19ms | Max:    23ms
PosterizationTransformer   -> Min:     2ms | Avg:    15ms | Max:    46ms
ColormapTransformer        -> Min:     3ms | Avg:    11ms | Max:    14ms
ThreeDExtrusionTransformer -> Min:     7ms | Avg:     8ms | Max:     9ms
