2026-03-08 10:08:33,830 - INFO - [main.py:201] - FluidWarpTransformer
2026-03-08 10:08:33,830 - INFO - [main.py:201] - TritoneTransformer
2026-03-08 10:08:33,830 - INFO - [main.py:201] - WatercolorTransformer
2026-03-08 10:08:33,830 - INFO - [main.py:201] - AnamorphicTransformer
2026-03-08 10:08:33,830 - INFO - [main.py:201] - MeltMorphTransformer
2026-03-08 10:08:33,830 - INFO - [main.py:201] - SwirlWarpTransformer
2026-03-08 10:08:33,830 - INFO - [main.py:201] - ThreeDExtrusionTransformer
2026-03-08 10:08:33,830 - INFO - [main.py:201] - XrayTransformer
2026-03-08 10:08:33,830 - INFO - [main.py:201] - DuotoneTransformer
2026-03-08 10:08:33,830 - INFO - [main.py:201] - HalftoneTransformer
2026-03-08 10:08:33,830 - INFO - [main.py:201] - RadialWarpTransformer
2026-03-08 10:08:33,830 - INFO - [main.py:201] - GlitchWarpTransformer
2026-03-08 10:08:33,830 - INFO - [main.py:201] - ColormapTransformer
2026-03-08 10:08:33,830 - INFO - [main.py:201] - PosterizationTransformer
2026-03-08 10:08:33,830 - INFO - [main.py:201] - InvertRGBTransformer
2026-03-08 10:08:33,830 - INFO - [main.py:244] - 36s@10:08 ✓
Accepted: 61
Rejected: 33
---
Wiki                       -> 14237ms
Nasa                       ->  1108ms
GoesGenerator              ->   561ms
Bible                      ->   522ms
Cubes                      ->   463ms
NasaMapGenerator           ->   437ms
KochSnowflake              ->   295ms
Lojong                     ->   285ms
Bubbles                    ->   214ms
Hilbert                    ->    84ms
PeripheralDriftIllusion    ->    50ms
---
FluidWarpTransformer       -> Min:   172ms | Avg:   308ms | Max:   477ms
TritoneTransformer         -> Min:    13ms | Avg:   182ms | Max:   425ms
WatercolorTransformer      -> Min:    14ms | Avg:   127ms | Max:   410ms
AnamorphicTransformer      -> Min:    87ms | Avg:    87ms | Max:    87ms
MeltMorphTransformer       -> Min:    67ms | Avg:    68ms | Max:    79ms
SwirlWarpTransformer       -> Min:    41ms | Avg:    43ms | Max:    49ms
ThreeDExtrusionTransformer -> Min:     3ms | Avg:    40ms | Max:   112ms
XrayTransformer            -> Min:    32ms | Avg:    32ms | Max:    32ms
DuotoneTransformer         -> Min:    28ms | Avg:    28ms | Max:    28ms
HalftoneTransformer        -> Min:     9ms | Avg:    22ms | Max:    30ms
RadialWarpTransformer      -> Min:     9ms | Avg:    15ms | Max:    19ms
GlitchWarpTransformer      -> Min:     8ms | Avg:    13ms | Max:    27ms
ColormapTransformer        -> Min:     8ms | Avg:    11ms | Max:    16ms
PosterizationTransformer   -> Min:     4ms | Avg:     5ms | Max:     5ms
InvertRGBTransformer       -> Min:     1ms | Avg:     1ms | Max:     1ms
