2026-03-08 15:32:35,085 - INFO - [pipeline.py:44] - InvertRGBTransformer
2026-03-08 15:32:35,104 - INFO - [pipeline.py:117] - [Grade: F] Saved to: /Users/kenfasano/Scripts/ScreenArt/Images/Rejected/bubbles_4-F.jpeg
2026-03-08 15:32:35,113 - INFO - [pipeline.py:44] - GlitchWarpTransformer
2026-03-08 15:32:35,140 - INFO - [pipeline.py:44] - RadialWarpTransformer
2026-03-08 15:32:35,159 - INFO - [pipeline.py:44] - InvertRGBTransformer
2026-03-08 15:32:35,177 - INFO - [pipeline.py:117] - [Grade: F] Saved to: /Users/kenfasano/Scripts/ScreenArt/Images/Rejected/bubbles_8-F.jpeg
2026-03-08 15:32:35,186 - INFO - [pipeline.py:44] - WheelTransformer
2026-03-08 15:32:35,378 - INFO - [pipeline.py:44] - PosterizationTransformer
2026-03-08 15:32:35,385 - INFO - [pipeline.py:44] - DataMoshTransformer
2026-03-08 15:32:35,432 - INFO - [pipeline.py:44] - FractalWarpTransformer
2026-03-08 15:32:35,488 - INFO - [pipeline.py:117] - [Grade: F] Saved to: /Users/kenfasano/Scripts/ScreenArt/Images/Rejected/bubbles_9-F.jpeg
2026-03-08 15:32:35,498 - INFO - [pipeline.py:44] - RadialWarpTransformer
2026-03-08 15:32:35,530 - INFO - [pipeline.py:117] - [Grade: C] Saved to: /Users/kenfasano/Scripts/ScreenArt/Images/TransformedImages/bubbles_5-C.jpeg
2026-03-08 15:32:35,540 - INFO - [pipeline.py:44] - XrayTransformer
2026-03-08 15:32:35,653 - INFO - [pipeline.py:44] - ThreeDExtrusionTransformer
2026-03-08 15:32:35,690 - INFO - [pipeline.py:44] - DuotoneTransformer
2026-03-08 15:32:35,780 - INFO - [pipeline.py:44] - TritoneTransformer
2026-03-08 15:32:35,825 - INFO - [pipeline.py:117] - [Grade: F] Saved to: /Users/kenfasano/Scripts/ScreenArt/Images/Rejected/bubbles_2-F.jpeg
2026-03-08 15:32:35,833 - INFO - [pipeline.py:44] - TritoneTransformer
2026-03-08 15:32:35,863 - INFO - [pipeline.py:44] - ColormapTransformer
2026-03-08 15:32:35,889 - INFO - [pipeline.py:117] - [Grade: F] Saved to: /Users/kenfasano/Scripts/ScreenArt/Images/Rejected/bubbles_3-F.jpeg
2026-03-08 15:32:35,897 - INFO - [pipeline.py:44] - WheelTransformer
2026-03-08 15:32:36,092 - INFO - [pipeline.py:117] - [Grade: C] Saved to: /Users/kenfasano/Scripts/ScreenArt/Images/TransformedImages/bubbles_10-C.jpeg
2026-03-08 15:32:36,100 - INFO - [pipeline.py:44] - FlipWilsonTransformer
2026-03-08 15:32:36,182 - INFO - [pipeline.py:117] - [Grade: F] Saved to: /Users/kenfasano/Scripts/ScreenArt/Images/Rejected/bubbles_1-F.jpeg
2026-03-08 15:32:36,189 - INFO - [pipeline.py:44] - ThreeDExtrusionTransformer
2026-03-08 15:32:36,221 - INFO - [pipeline.py:44] - WatercolorTransformer
2026-03-08 15:32:36,319 - INFO - [pipeline.py:117] - [Grade: F] Saved to: /Users/kenfasano/Scripts/ScreenArt/Images/Rejected/bubbles_6-F.jpeg
2026-03-08 15:32:36,328 - INFO - [pipeline.py:44] - RadialWarpTransformer
2026-03-08 15:32:36,342 - INFO - [pipeline.py:44] - AnamorphicTransformer
2026-03-08 15:32:36,416 - INFO - [pipeline.py:44] - TritoneTransformer
2026-03-08 15:32:36,461 - INFO - [pipeline.py:117] - [Grade: F] Saved to: /Users/kenfasano/Scripts/ScreenArt/Images/Rejected/bubbles_7-F.jpeg
2026-03-08 15:32:36,469 - INFO - [pipeline.py:44] - DuotoneTransformer
2026-03-08 15:32:36,560 - INFO - [pipeline.py:44] - GlitchWarpTransformer
2026-03-08 15:32:36,587 - INFO - [pipeline.py:44] - InvertRGBTransformer
2026-03-08 15:32:36,603 - INFO - [pipeline.py:117] - [Grade: F] Saved to: /Users/kenfasano/Scripts/ScreenArt/Images/Rejected/cubes_2-F.jpeg
2026-03-08 15:32:36,612 - INFO - [pipeline.py:44] - FluidWarpTransformer
2026-03-08 15:32:36,685 - INFO - [pipeline.py:44] - ThreeDExtrusionTransformer
2026-03-08 15:32:36,719 - INFO - [pipeline.py:44] - DuotoneTransformer
2026-03-08 15:32:36,827 - INFO - [pipeline.py:117] - [Grade: C] Saved to: /Users/kenfasano/Scripts/ScreenArt/Images/TransformedImages/cubes_3-C.jpeg
2026-03-08 15:32:36,835 - INFO - [pipeline.py:44] - ThermalImagingTransformer
2026-03-08 15:32:36,878 - INFO - [pipeline.py:117] - [Grade: C] Saved to: /Users/kenfasano/Scripts/ScreenArt/Images/TransformedImages/cubes_4-C.jpeg
2026-03-08 15:32:36,886 - INFO - [pipeline.py:44] - FractalWarpTransformer
2026-03-08 15:32:36,922 - INFO - [pipeline.py:44] - DuotoneTransformer
2026-03-08 15:32:37,013 - INFO - [pipeline.py:44] - ThermalImagingTransformer
2026-03-08 15:32:37,039 - INFO - [pipeline.py:44] - PosterizationTransformer
2026-03-08 15:32:37,059 - INFO - [pipeline.py:117] - [Grade: F] Saved to: /Users/kenfasano/Scripts/ScreenArt/Images/Rejected/cubes_5-F.jpeg
2026-03-08 15:32:37,067 - INFO - [pipeline.py:44] - HalftoneTransformer
2026-03-08 15:32:37,098 - INFO - [pipeline.py:44] - FlipWilsonTransformer
2026-03-08 15:32:37,158 - INFO - [pipeline.py:44] - PosterizationTransformer
2026-03-08 15:32:37,163 - INFO - [pipeline.py:44] - WheelTransformer
2026-03-08 15:32:37,357 - INFO - [pipeline.py:117] - [Grade: F] Saved to: /Users/kenfasano/Scripts/ScreenArt/Images/Rejected/cubes_6-F.jpeg
2026-03-08 15:32:37,365 - INFO - [pipeline.py:44] - RadialWarpTransformer
2026-03-08 15:32:37,382 - INFO - [pipeline.py:44] - HalftoneTransformer
2026-03-08 15:32:37,412 - INFO - [pipeline.py:44] - WheelTransformer
2026-03-08 15:32:37,601 - INFO - [pipeline.py:117] - [Grade: F] Saved to: /Users/kenfasano/Scripts/ScreenArt/Images/Rejected/cubes_1-F.jpeg
2026-03-08 15:32:37,603 - INFO - [pipeline.py:44] - RadialWarpTransformer
2026-03-08 15:32:37,610 - INFO - [pipeline.py:117] - [Grade: B] Saved to: /Users/kenfasano/Scripts/ScreenArt/Images/TransformedImages/sombrero_hst-B.jpg
2026-03-08 15:32:37,618 - INFO - [pipeline.py:44] - DataMoshTransformer
2026-03-08 15:32:37,638 - INFO - [pipeline.py:117] - [Grade: F] Saved to: /Users/kenfasano/Scripts/ScreenArt/Images/Rejected/crab_xray_optical-F.jpg
2026-03-08 15:32:37,680 - INFO - [pipeline.py:44] - AnamorphicTransformer
2026-03-08 15:32:37,725 - INFO - [pipeline.py:44] - ColormapTransformer
2026-03-08 15:32:37,731 - INFO - [pipeline.py:44] - RadialWarpTransformer
2026-03-08 15:32:37,738 - INFO - [pipeline.py:44] - ThermalImagingTransformer
2026-03-08 15:32:37,762 - INFO - [pipeline.py:117] - [Grade: F] Saved to: /Users/kenfasano/Scripts/ScreenArt/Images/Rejected/hubble_ngc2419_potw1908a_1024-F.jpg
2026-03-08 15:32:37,773 - INFO - [pipeline.py:44] - XrayTransformer
2026-03-08 15:32:37,872 - INFO - [pipeline.py:44] - FractalWarpTransformer
2026-03-08 15:32:37,888 - INFO - [pipeline.py:44] - SwirlWarpTransformer
2026-03-08 15:32:37,913 - INFO - [pipeline.py:117] - [Grade: F] Saved to: /Users/kenfasano/Scripts/ScreenArt/Images/Rejected/OrionClouds_Andreo_1080-F.jpg
2026-03-08 15:32:37,916 - INFO - [pipeline.py:44] - WatercolorTransformer
2026-03-08 15:32:37,944 - INFO - [pipeline.py:44] - RadialWarpTransformer
2026-03-08 15:32:37,950 - INFO - [pipeline.py:44] - FractalWarpTransformer
2026-03-08 15:32:37,961 - INFO - [pipeline.py:44] - GlitchWarpTransformer
2026-03-08 15:32:37,975 - INFO - [pipeline.py:117] - [Grade: F] Saved to: /Users/kenfasano/Scripts/ScreenArt/Images/Rejected/strangesunrise_argerich_900-F.jpg
2026-03-08 15:32:37,977 - INFO - [pipeline.py:44] - AnamorphicTransformer
2026-03-08 15:32:37,998 - INFO - [pipeline.py:44] - TritoneTransformer
2026-03-08 15:32:38,006 - INFO - [pipeline.py:44] - GlitchWarpTransformer
2026-03-08 15:32:38,017 - INFO - [pipeline.py:117] - [Grade: F] Saved to: /Users/kenfasano/Scripts/ScreenArt/Images/Rejected/mimas2_cassini-F.jpg
2026-03-08 15:32:38,019 - INFO - [pipeline.py:44] - WheelTransformer
2026-03-08 15:32:38,058 - INFO - [pipeline.py:44] - FractalWarpTransformer
2026-03-08 15:32:38,067 - INFO - [pipeline.py:44] - FisheyeTransformer
2026-03-08 15:32:38,077 - INFO - [pipeline.py:117] - [Grade: A] Saved to: /Users/kenfasano/Scripts/ScreenArt/Images/TransformedImages/dione4500_cassini-A.jpg
2026-03-08 15:32:38,079 - INFO - [pipeline.py:44] - TritoneTransformer
2026-03-08 15:32:38,084 - INFO - [pipeline.py:44] - FlipWilsonTransformer
2026-03-08 15:32:38,092 - INFO - [pipeline.py:44] - ThermalImagingTransformer
2026-03-08 15:32:38,096 - INFO - [pipeline.py:44] - ThreeDExtrusionTransformer
2026-03-08 15:32:38,103 - INFO - [pipeline.py:117] - [Grade: F] Saved to: /Users/kenfasano/Scripts/ScreenArt/Images/Rejected/m94_noao-F.jpg
2026-03-08 15:32:38,105 - INFO - [pipeline.py:44] - ThermalImagingTransformer
2026-03-08 15:32:38,112 - INFO - [pipeline.py:117] - [Grade: B] Saved to: /Users/kenfasano/Scripts/ScreenArt/Images/TransformedImages/zimsun_alexander-B.jpg
2026-03-08 15:32:38,114 - INFO - [pipeline.py:44] - XrayTransformer
2026-03-08 15:32:38,154 - INFO - [pipeline.py:44] - AnamorphicTransformer
2026-03-08 15:32:38,161 - INFO - [pipeline.py:44] - InvertRGBTransformer
2026-03-08 15:32:38,163 - INFO - [pipeline.py:117] - [Grade: F] Saved to: /Users/kenfasano/Scripts/ScreenArt/Images/Rejected/b72neb_stevens_c1-F.jpg
2026-03-08 15:32:38,175 - INFO - [pipeline.py:44] - DuotoneTransformer
2026-03-08 15:32:38,265 - INFO - [pipeline.py:44] - FisheyeTransformer
2026-03-08 15:32:38,296 - INFO - [pipeline.py:44] - FluidWarpTransformer
2026-03-08 15:32:38,366 - INFO - [pipeline.py:117] - [Grade: F] Saved to: /Users/kenfasano/Scripts/ScreenArt/Images/Rejected/nasa_earth_1_Shanghai_True_Color-F.jpeg
2026-03-08 15:32:38,377 - INFO - [pipeline.py:44] - SwirlWarpTransformer
2026-03-08 15:32:38,406 - INFO - [pipeline.py:44] - FluidWarpTransformer
2026-03-08 15:32:38,425 - INFO - [pipeline.py:44] - WatercolorTransformer
2026-03-08 15:32:38,483 - INFO - [pipeline.py:44] - InvertRGBTransformer
2026-03-08 15:32:38,495 - INFO - [pipeline.py:117] - [Grade: F] Saved to: /Users/kenfasano/Scripts/ScreenArt/Images/Rejected/noaa_goes_1_se_GeoColor-F.jpeg
2026-03-08 15:32:38,497 - INFO - [pipeline.py:44] - WatercolorTransformer
2026-03-08 15:32:38,512 - INFO - [pipeline.py:117] - [Grade: A] Saved to: /Users/kenfasano/Scripts/ScreenArt/Images/TransformedImages/Audley_End_vill-A.jpeg
2026-03-08 15:32:38,528 - INFO - [pipeline.py:44] - RadialWarpTransformer
2026-03-08 15:32:38,553 - INFO - [pipeline.py:44] - PosterizationTransformer
2026-03-08 15:32:38,582 - INFO - [pipeline.py:117] - [Grade: F] Saved to: /Users/kenfasano/Scripts/ScreenArt/Images/Rejected/LdK_Hamb-F.jpeg
2026-03-08 15:32:38,596 - INFO - [pipeline.py:44] - ColormapTransformer
2026-03-08 15:32:38,619 - INFO - [pipeline.py:44] - InvertRGBTransformer
2026-03-08 15:32:38,647 - INFO - [pipeline.py:117] - [Grade: F] Saved to: /Users/kenfasano/Scripts/ScreenArt/Images/Rejected/lossy-page1-160-F.jpeg
2026-03-08 15:32:38,662 - INFO - [pipeline.py:44] - FractalWarpTransformer
2026-03-08 15:32:38,719 - INFO - [pipeline.py:44] - DataMoshTransformer
2026-03-08 15:32:38,767 - INFO - [pipeline.py:44] - MeltMorphTransformer
2026-03-08 15:32:38,871 - INFO - [pipeline.py:117] - [Grade: C] Saved to: /Users/kenfasano/Scripts/ScreenArt/Images/TransformedImages/Rue_de_l-C.jpeg
2026-03-08 15:32:38,894 - INFO - [pipeline.py:44] - DuotoneTransformer
2026-03-08 15:32:39,189 - INFO - [pipeline.py:117] - [Grade: C] Saved to: /Users/kenfasano/Scripts/ScreenArt/Images/TransformedImages/1991_Col-C.jpeg
2026-03-08 15:32:39,196 - INFO - [pipeline.py:44] - FlipWilsonTransformer
2026-03-08 15:32:39,272 - INFO - [pipeline.py:117] - [Grade: C] Saved to: /Users/kenfasano/Scripts/ScreenArt/Images/TransformedImages/lojong_2-C.jpeg
2026-03-08 15:32:39,278 - INFO - [pipeline.py:44] - DuotoneTransformer
2026-03-08 15:32:39,368 - INFO - [pipeline.py:44] - MeltMorphTransformer
2026-03-08 15:32:39,438 - INFO - [pipeline.py:117] - [Grade: B] Saved to: /Users/kenfasano/Scripts/ScreenArt/Images/TransformedImages/lojong_3-B.jpeg
2026-03-08 15:32:39,445 - INFO - [pipeline.py:44] - AnamorphicTransformer
2026-03-08 15:32:39,519 - INFO - [pipeline.py:117] - [Grade: A] Saved to: /Users/kenfasano/Scripts/ScreenArt/Images/TransformedImages/lojong_8-A.jpeg
2026-03-08 15:32:39,525 - INFO - [pipeline.py:44] - FluidWarpTransformer
2026-03-08 15:32:39,577 - INFO - [pipeline.py:44] - FractalWarpTransformer
2026-03-08 15:32:39,626 - INFO - [pipeline.py:117] - [Grade: C] Saved to: /Users/kenfasano/Scripts/ScreenArt/Images/TransformedImages/lojong_4-C.jpeg
2026-03-08 15:32:39,632 - INFO - [pipeline.py:44] - DuotoneTransformer
2026-03-08 15:32:39,722 - INFO - [pipeline.py:44] - FlipWilsonTransformer
2026-03-08 15:32:39,781 - INFO - [pipeline.py:44] - FluidWarpTransformer
2026-03-08 15:32:39,877 - INFO - [pipeline.py:117] - [Grade: C] Saved to: /Users/kenfasano/Scripts/ScreenArt/Images/TransformedImages/lojong_5-C.jpeg
2026-03-08 15:32:39,883 - INFO - [pipeline.py:44] - InvertRGBTransformer
2026-03-08 15:32:39,884 - INFO - [pipeline.py:44] - ColormapTransformer
2026-03-08 15:32:39,910 - INFO - [pipeline.py:117] - [Grade: F] Saved to: /Users/kenfasano/Scripts/ScreenArt/Images/Rejected/lojong_9-F.jpeg
2026-03-08 15:32:39,917 - INFO - [pipeline.py:44] - HalftoneTransformer
2026-03-08 15:32:39,947 - INFO - [pipeline.py:44] - WheelTransformer
2026-03-08 15:32:40,136 - INFO - [pipeline.py:117] - [Grade: F] Saved to: /Users/kenfasano/Scripts/ScreenArt/Images/Rejected/lojong_6-F.jpeg
2026-03-08 15:32:40,142 - INFO - [pipeline.py:44] - WatercolorTransformer
2026-03-08 15:32:40,237 - INFO - [pipeline.py:117] - [Grade: C] Saved to: /Users/kenfasano/Scripts/ScreenArt/Images/TransformedImages/lojong_7-C.jpeg
2026-03-08 15:32:40,243 - INFO - [pipeline.py:44] - AnamorphicTransformer
2026-03-08 15:32:40,299 - INFO - [pipeline.py:44] - FluidWarpTransformer
2026-03-08 15:32:40,355 - INFO - [pipeline.py:44] - PosterizationTransformer
2026-03-08 15:32:40,375 - INFO - [pipeline.py:117] - [Grade: F] Saved to: /Users/kenfasano/Scripts/ScreenArt/Images/Rejected/lojong_0-F.jpeg
2026-03-08 15:32:40,381 - INFO - [pipeline.py:44] - InvertRGBTransformer
2026-03-08 15:32:40,382 - INFO - [pipeline.py:44] - XrayTransformer
2026-03-08 15:32:40,443 - INFO - [pipeline.py:117] - [Grade: F] Saved to: /Users/kenfasano/Scripts/ScreenArt/Images/Rejected/lojong_1-F.jpeg
2026-03-08 15:32:40,450 - INFO - [pipeline.py:44] - ColormapTransformer
2026-03-08 15:32:40,462 - INFO - [pipeline.py:44] - FractalWarpTransformer
2026-03-08 15:32:40,496 - INFO - [pipeline.py:44] - FluidWarpTransformer
2026-03-08 15:32:40,565 - INFO - [pipeline.py:44] - WatercolorTransformer
2026-03-08 15:32:40,666 - INFO - [pipeline.py:117] - [Grade: A] Saved to: /Users/kenfasano/Scripts/ScreenArt/Images/TransformedImages/psalms_150-A.jpeg
2026-03-08 15:32:40,674 - INFO - [pipeline.py:44] - FisheyeTransformer
2026-03-08 15:32:40,698 - INFO - [pipeline.py:44] - WatercolorTransformer
2026-03-08 15:32:40,795 - INFO - [pipeline.py:117] - [Grade: B] Saved to: /Users/kenfasano/Scripts/ScreenArt/Images/TransformedImages/psalms_76-B.jpeg
2026-03-08 15:32:40,803 - INFO - [pipeline.py:44] - FlipWilsonTransformer
2026-03-08 15:32:40,886 - INFO - [pipeline.py:117] - [Grade: C] Saved to: /Users/kenfasano/Scripts/ScreenArt/Images/TransformedImages/psalms_16-C.jpeg
2026-03-08 15:32:40,893 - INFO - [pipeline.py:44] - PosterizationTransformer
2026-03-08 15:32:40,897 - INFO - [pipeline.py:44] - ThreeDExtrusionTransformer
2026-03-08 15:32:40,928 - INFO - [pipeline.py:44] - DataMoshTransformer
2026-03-08 15:32:40,963 - INFO - [pipeline.py:44] - GlitchWarpTransformer
2026-03-08 15:32:41,006 - INFO - [pipeline.py:117] - [Grade: F] Saved to: /Users/kenfasano/Scripts/ScreenArt/Images/Rejected/psalms_110-F.jpeg
2026-03-08 15:32:41,012 - INFO - [pipeline.py:44] - DataMoshTransformer
2026-03-08 15:32:41,048 - INFO - [pipeline.py:44] - ColormapTransformer
2026-03-08 15:32:41,059 - INFO - [pipeline.py:44] - FluidWarpTransformer
2026-03-08 15:32:41,086 - INFO - [pipeline.py:44] - GlitchWarpTransformer
2026-03-08 15:32:41,129 - INFO - [pipeline.py:117] - [Grade: B] Saved to: /Users/kenfasano/Scripts/ScreenArt/Images/TransformedImages/psalms_57-B.jpeg
2026-03-08 15:32:41,137 - INFO - [pipeline.py:44] - ColormapTransformer
2026-03-08 15:32:41,165 - INFO - [pipeline.py:117] - [Grade: F] Saved to: /Users/kenfasano/Scripts/ScreenArt/Images/Rejected/psalms_136-F.jpeg
2026-03-08 15:32:41,173 - INFO - [pipeline.py:44] - RadialWarpTransformer
2026-03-08 15:32:41,209 - INFO - [pipeline.py:117] - [Grade: C] Saved to: /Users/kenfasano/Scripts/ScreenArt/Images/TransformedImages/psalms_90-C.jpeg
2026-03-08 15:32:41,217 - INFO - [pipeline.py:44] - PosterizationTransformer
2026-03-08 15:32:41,238 - INFO - [pipeline.py:117] - [Grade: F] Saved to: /Users/kenfasano/Scripts/ScreenArt/Images/Rejected/psalms_39-F.jpeg
2026-03-08 15:32:41,245 - INFO - [pipeline.py:44] - ThermalImagingTransformer
2026-03-08 15:32:41,288 - INFO - [pipeline.py:117] - [Grade: B] Saved to: /Users/kenfasano/Scripts/ScreenArt/Images/TransformedImages/psalms_23-B.jpeg
2026-03-08 15:32:41,296 - INFO - [pipeline.py:44] - AnamorphicTransformer
2026-03-08 15:32:41,377 - INFO - [pipeline.py:117] - [Grade: A] Saved to: /Users/kenfasano/Scripts/ScreenArt/Images/TransformedImages/psalms_79-A.jpeg
2026-03-08 15:32:41,380 - INFO - [pipeline.py:44] - HalftoneTransformer
2026-03-08 15:32:41,390 - INFO - [pipeline.py:44] - DataMoshTransformer
2026-03-08 15:32:41,406 - INFO - [pipeline.py:117] - [Grade: F] Saved to: /Users/kenfasano/Scripts/ScreenArt/Images/Rejected/peripheral_drift_2-F.jpeg
2026-03-08 15:32:41,410 - INFO - [pipeline.py:44] - DataMoshTransformer
2026-03-08 15:32:41,421 - INFO - [pipeline.py:44] - WatercolorTransformer
2026-03-08 15:32:41,452 - INFO - [pipeline.py:117] - [Grade: B] Saved to: /Users/kenfasano/Scripts/ScreenArt/Images/TransformedImages/peripheral_drift_3-B.jpeg
2026-03-08 15:32:41,455 - INFO - [pipeline.py:44] - DuotoneTransformer
2026-03-08 15:32:41,483 - INFO - [pipeline.py:44] - FisheyeTransformer
2026-03-08 15:32:41,495 - INFO - [pipeline.py:117] - [Grade: F] Saved to: /Users/kenfasano/Scripts/ScreenArt/Images/Rejected/peripheral_drift_1-F.jpeg
2026-03-08 15:32:41,501 - INFO - [pipeline.py:44] - AnamorphicTransformer
2026-03-08 15:32:41,555 - INFO - [pipeline.py:44] - FractalWarpTransformer
2026-03-08 15:32:41,605 - INFO - [pipeline.py:117] - [Grade: C] Saved to: /Users/kenfasano/Scripts/ScreenArt/Images/TransformedImages/koch_snowflake_3_1-C.jpeg
2026-03-08 15:32:41,611 - INFO - [pipeline.py:44] - XrayTransformer
2026-03-08 15:32:41,701 - INFO - [pipeline.py:44] - ThreeDExtrusionTransformer
2026-03-08 15:32:41,731 - INFO - [pipeline.py:44] - MeltMorphTransformer
2026-03-08 15:32:41,799 - INFO - [pipeline.py:117] - [Grade: F] Saved to: /Users/kenfasano/Scripts/ScreenArt/Images/Rejected/koch_snowflake_3_2-F.jpeg
2026-03-08 15:32:41,804 - INFO - [pipeline.py:44] - FluidWarpTransformer
2026-03-08 15:32:41,847 - INFO - [pipeline.py:117] - [Grade: C] Saved to: /Users/kenfasano/Scripts/ScreenArt/Images/TransformedImages/koch_snowflake_3_3-C.jpeg
2026-03-08 15:32:41,853 - INFO - [pipeline.py:44] - GlitchWarpTransformer
2026-03-08 15:32:41,895 - INFO - [pipeline.py:117] - [Grade: C] Saved to: /Users/kenfasano/Scripts/ScreenArt/Images/TransformedImages/koch_snowflake_3_4-C.jpeg
2026-03-08 15:32:41,901 - INFO - [pipeline.py:44] - InvertRGBTransformer
2026-03-08 15:32:41,902 - INFO - [pipeline.py:44] - PosterizationTransformer
2026-03-08 15:32:41,907 - INFO - [pipeline.py:44] - ThreeDExtrusionTransformer
2026-03-08 15:32:41,938 - INFO - [pipeline.py:44] - FractalWarpTransformer
2026-03-08 15:32:41,987 - INFO - [pipeline.py:117] - [Grade: F] Saved to: /Users/kenfasano/Scripts/ScreenArt/Images/Rejected/koch_snowflake_3_5-F.jpeg
2026-03-08 15:32:41,998 - INFO - [pipeline.py:44] - ThreeDExtrusionTransformer
2026-03-08 15:32:42,029 - INFO - [pipeline.py:44] - HalftoneTransformer
2026-03-08 15:32:42,074 - INFO - [pipeline.py:117] - [Grade: F] Saved to: /Users/kenfasano/Scripts/ScreenArt/Images/Rejected/hilbert_5-F.jpg
2026-03-08 15:32:42,082 - INFO - [pipeline.py:44] - SwirlWarpTransformer
2026-03-08 15:32:42,124 - INFO - [pipeline.py:44] - HalftoneTransformer
2026-03-08 15:32:42,169 - INFO - [pipeline.py:117] - [Grade: F] Saved to: /Users/kenfasano/Scripts/ScreenArt/Images/Rejected/hilbert_4-F.jpg
2026-03-08 15:32:42,183 - INFO - [pipeline.py:44] - DuotoneTransformer
2026-03-08 15:32:42,274 - INFO - [pipeline.py:44] - TritoneTransformer
2026-03-08 15:32:42,318 - INFO - [pipeline.py:117] - [Grade: F] Saved to: /Users/kenfasano/Scripts/ScreenArt/Images/Rejected/hilbert_1-F.jpg
2026-03-08 15:32:42,330 - INFO - [pipeline.py:44] - DataMoshTransformer
2026-03-08 15:32:42,366 - INFO - [pipeline.py:44] - AnamorphicTransformer
2026-03-08 15:32:42,432 - INFO - [pipeline.py:44] - ThreeDExtrusionTransformer
2026-03-08 15:32:42,477 - INFO - [pipeline.py:117] - [Grade: F] Saved to: /Users/kenfasano/Scripts/ScreenArt/Images/Rejected/hilbert_3-F.jpg
2026-03-08 15:32:42,489 - INFO - [pipeline.py:44] - WheelTransformer
2026-03-08 15:32:42,665 - INFO - [pipeline.py:44] - RadialWarpTransformer
2026-03-08 15:32:42,682 - INFO - [pipeline.py:44] - HalftoneTransformer
2026-03-08 15:32:42,727 - INFO - [pipeline.py:117] - [Grade: F] Saved to: /Users/kenfasano/Scripts/ScreenArt/Images/Rejected/hilbert_2-F.jpg
2026-03-08 15:32:42,728 - INFO - [main.py:196] - WheelTransformer
2026-03-08 15:32:42,728 - INFO - [main.py:196] - DuotoneTransformer
2026-03-08 15:32:42,728 - INFO - [main.py:196] - XrayTransformer
2026-03-08 15:32:42,728 - INFO - [main.py:196] - MeltMorphTransformer
2026-03-08 15:32:42,728 - INFO - [main.py:196] - WatercolorTransformer
2026-03-08 15:32:42,728 - INFO - [main.py:196] - FlipWilsonTransformer
2026-03-08 15:32:42,728 - INFO - [main.py:196] - FluidWarpTransformer
2026-03-08 15:32:42,728 - INFO - [main.py:196] - AnamorphicTransformer
2026-03-08 15:32:42,728 - INFO - [main.py:196] - FractalWarpTransformer
2026-03-08 15:32:42,728 - INFO - [main.py:196] - SwirlWarpTransformer
2026-03-08 15:32:42,728 - INFO - [main.py:196] - DataMoshTransformer
2026-03-08 15:32:42,728 - INFO - [main.py:196] - ThreeDExtrusionTransformer
2026-03-08 15:32:42,728 - INFO - [main.py:196] - HalftoneTransformer
2026-03-08 15:32:42,728 - INFO - [main.py:196] - GlitchWarpTransformer
2026-03-08 15:32:42,728 - INFO - [main.py:196] - TritoneTransformer
2026-03-08 15:32:42,728 - INFO - [main.py:196] - ThermalImagingTransformer
2026-03-08 15:32:42,728 - INFO - [main.py:196] - FisheyeTransformer
2026-03-08 15:32:42,728 - INFO - [main.py:196] - RadialWarpTransformer
2026-03-08 15:32:42,728 - INFO - [main.py:196] - ColormapTransformer
2026-03-08 15:32:42,728 - INFO - [main.py:196] - PosterizationTransformer
2026-03-08 15:32:42,728 - INFO - [main.py:196] - InvertRGBTransformer
2026-03-08 15:32:42,728 - INFO - [main.py:239] - 14s@15:32 ✓
Accepted: 27
Rejected: 39
---
Wiki                       ->  2708ms
Nasa                       ->  1128ms
Cubes                      ->   484ms
GoesGenerator              ->   444ms
Bible                      ->   412ms
Lojong                     ->   408ms
KochSnowflake              ->   305ms
Bubbles                    ->   244ms
Hilbert                    ->   134ms
NasaMapGenerator           ->    47ms
PeripheralDriftIllusion    ->    46ms
---
WheelTransformer           -> Min:    38ms | Avg:   159ms | Max:   192ms
DuotoneTransformer         -> Min:    28ms | Avg:   100ms | Max:   249ms
XrayTransformer            -> Min:    40ms | Avg:    77ms | Max:   113ms
MeltMorphTransformer       -> Min:    52ms | Avg:    61ms | Max:    76ms
WatercolorTransformer      -> Min:    12ms | Avg:    56ms | Max:    84ms
FlipWilsonTransformer      -> Min:     8ms | Avg:    53ms | Max:    65ms
FluidWarpTransformer       -> Min:    19ms | Avg:    50ms | Max:    80ms
AnamorphicTransformer      -> Min:     6ms | Avg:    49ms | Max:    74ms
FractalWarpTransformer     -> Min:     9ms | Avg:    30ms | Max:    56ms
SwirlWarpTransformer       -> Min:    19ms | Avg:    30ms | Max:    42ms
DataMoshTransformer        -> Min:    11ms | Avg:    30ms | Max:    48ms
ThreeDExtrusionTransformer -> Min:     4ms | Avg:    29ms | Max:    37ms
HalftoneTransformer        -> Min:     9ms | Avg:    27ms | Max:    30ms
GlitchWarpTransformer      -> Min:     7ms | Avg:    22ms | Max:    27ms
TritoneTransformer         -> Min:     4ms | Avg:    21ms | Max:    29ms
ThermalImagingTransformer  -> Min:     4ms | Avg:    17ms | Max:    27ms
FisheyeTransformer         -> Min:     6ms | Avg:    17ms | Max:    30ms
RadialWarpTransformer      -> Min:     4ms | Avg:    14ms | Max:    25ms
ColormapTransformer        -> Min:     6ms | Avg:    12ms | Max:    23ms
PosterizationTransformer   -> Min:     4ms | Avg:     5ms | Max:     9ms
InvertRGBTransformer       -> Min:     0ms | Avg:     1ms | Max:     2ms
