2026-03-09 17:49:42,891 - INFO - [pipeline.py:48] - "AnamorphicTransformer","intensity=0.0,0.2,0.4,0.6,0.8,thresh=80"
2026-03-09 17:49:42,909 - INFO - [pipeline.py:139] - [Grade: C] Saved to: /Users/kenfasano/Scripts/ScreenArt/Images/TransformedImages/bubbles_4-C.jpeg
2026-03-09 17:49:43,022 - INFO - [pipeline.py:48] - "DuotoneTransformer","highlight=#d2f622,shadow=#565c62"
2026-03-09 17:49:43,057 - INFO - [pipeline.py:48] - "ThreeDExtrusionTransformer","ambient=0.59,intensity=0.50"
2026-03-09 17:49:43,075 - INFO - [pipeline.py:139] - [Grade: C] Saved to: /Users/kenfasano/Scripts/ScreenArt/Images/TransformedImages/bubbles_8-C.jpeg
2026-03-09 17:49:43,110 - INFO - [pipeline.py:48] - "RadialWarpTransformer","radius=0.25,strength=59.510643740097805,46.71959295744059,105.58063554428597,style=push,push,pull"
2026-03-09 17:49:43,341 - INFO - [pipeline.py:48] - "WatercolorTransformer","scale=0.85,style=psychedelic"
2026-03-09 17:49:43,359 - INFO - [pipeline.py:139] - [Grade: A] Saved to: /Users/kenfasano/Scripts/ScreenArt/Images/TransformedImages/bubbles_9-A.jpeg
2026-03-09 17:49:43,380 - INFO - [pipeline.py:48] - "ColormapTransformer","map=cool"
2026-03-09 17:49:43,416 - INFO - [pipeline.py:48] - "ThermalImagingTransformer","thermal=True"
2026-03-09 17:49:43,434 - INFO - [pipeline.py:139] - [Grade: B] Saved to: /Users/kenfasano/Scripts/ScreenArt/Images/TransformedImages/bubbles_5-B.jpeg
2026-03-09 17:49:43,480 - INFO - [pipeline.py:48] - "DataMoshTransformer","intensity=0.01"
2026-03-09 17:49:43,569 - INFO - [pipeline.py:48] - "DuotoneTransformer","highlight=#47683d,shadow=#02bf71"
2026-03-09 17:49:43,586 - INFO - [pipeline.py:139] - [Grade: C] Saved to: /Users/kenfasano/Scripts/ScreenArt/Images/TransformedImages/bubbles_2-C.jpeg
2026-03-09 17:49:43,624 - INFO - [pipeline.py:48] - "ThreeDExtrusionTransformer","ambient=0.54,intensity=0.50"
2026-03-09 17:49:43,658 - INFO - [pipeline.py:48] - "FisheyeTransformer","shape=circle,strength=0.70,zoom=0.89"
2026-03-09 17:49:43,687 - INFO - [pipeline.py:48] - "GlitchWarpTransformer","intensity=0.01"
2026-03-09 17:49:43,705 - INFO - [pipeline.py:139] - [Grade: C] Saved to: /Users/kenfasano/Scripts/ScreenArt/Images/TransformedImages/bubbles_3-C.jpeg
2026-03-09 17:49:43,750 - INFO - [pipeline.py:48] - "DataMoshTransformer","intensity=0.01"
2026-03-09 17:49:43,789 - INFO - [pipeline.py:48] - "FluidWarpTransformer","alpha=12.84,sigma=4.69"
2026-03-09 17:49:43,819 - INFO - [pipeline.py:48] - "TritoneTransformer","highlight=#6231b6,mid=#3185a4,shadow=#c4e68f"
2026-03-09 17:49:43,838 - INFO - [pipeline.py:139] - [Grade: C] Saved to: /Users/kenfasano/Scripts/ScreenArt/Images/TransformedImages/bubbles_10-C.jpeg
2026-03-09 17:49:43,856 - INFO - [pipeline.py:48] - "InvertRGBTransformer","blend=0.48"
2026-03-09 17:49:43,894 - INFO - [pipeline.py:48] - "DataMoshTransformer","intensity=0.02"
2026-03-09 17:49:43,956 - INFO - [pipeline.py:48] - "XrayTransformer","colors=8"
2026-03-09 17:49:44,171 - INFO - [pipeline.py:48] - "WatercolorTransformer","scale=0.85,style=monet"
2026-03-09 17:49:44,187 - INFO - [pipeline.py:139] - [Grade: F] Saved to: /Users/kenfasano/Scripts/ScreenArt/Images/Rejected/bubbles_1-F.jpeg
2026-03-09 17:49:44,225 - INFO - [pipeline.py:48] - "TritoneTransformer","highlight=#26032b,mid=#b664cd,shadow=#0f5925"
2026-03-09 17:49:44,339 - INFO - [pipeline.py:48] - "WheelTransformer","blend=add,copies=3"
2026-03-09 17:49:44,399 - INFO - [pipeline.py:48] - "AnamorphicTransformer","intensity=0.0,0.2,0.4,0.6,0.8,thresh=80"
2026-03-09 17:49:44,415 - INFO - [pipeline.py:139] - [Grade: B] Saved to: /Users/kenfasano/Scripts/ScreenArt/Images/TransformedImages/bubbles_6-B.jpeg
2026-03-09 17:49:44,449 - INFO - [pipeline.py:48] - "FisheyeTransformer","shape=circle,strength=0.39,zoom=1.06"
2026-03-09 17:49:44,459 - INFO - [pipeline.py:48] - "InvertRGBTransformer","blend=0.52"
2026-03-09 17:49:44,473 - INFO - [pipeline.py:48] - "ColormapTransformer","map=rainbow"
2026-03-09 17:49:44,486 - INFO - [pipeline.py:48] - "PosterizationTransformer","levels=4"
2026-03-09 17:49:44,502 - INFO - [pipeline.py:139] - [Grade: A] Saved to: /Users/kenfasano/Scripts/ScreenArt/Images/TransformedImages/bubbles_7-A.jpeg
2026-03-09 17:49:44,559 - INFO - [pipeline.py:48] - "HalftoneTransformer","size=2"
2026-03-09 17:49:44,571 - INFO - [pipeline.py:48] - "PosterizationTransformer","levels=4"
2026-03-09 17:49:44,617 - INFO - [pipeline.py:48] - "XrayTransformer","colors=8"
2026-03-09 17:49:44,632 - INFO - [pipeline.py:139] - [Grade: F] Saved to: /Users/kenfasano/Scripts/ScreenArt/Images/Rejected/cubes_2-F.jpeg
2026-03-09 17:49:44,755 - INFO - [pipeline.py:48] - "XrayTransformer","colors=8"
2026-03-09 17:49:44,770 - INFO - [pipeline.py:139] - [Grade: F] Saved to: /Users/kenfasano/Scripts/ScreenArt/Images/Rejected/cubes_3-F.jpeg
2026-03-09 17:49:44,831 - INFO - [pipeline.py:48] - "MeltMorphTransformer","intensity=0.50"
2026-03-09 17:49:44,920 - INFO - [pipeline.py:48] - "DuotoneTransformer","highlight=#1c8da4,shadow=#9d4988"
2026-03-09 17:49:44,956 - INFO - [pipeline.py:48] - "ThermalImagingTransformer","thermal=True"
2026-03-09 17:49:44,969 - INFO - [pipeline.py:48] - "ColormapTransformer","map=jet"
2026-03-09 17:49:44,986 - INFO - [pipeline.py:139] - [Grade: C] Saved to: /Users/kenfasano/Scripts/ScreenArt/Images/TransformedImages/cubes_4-C.jpeg
2026-03-09 17:49:45,031 - INFO - [pipeline.py:48] - "DataMoshTransformer","intensity=0.01"
2026-03-09 17:49:45,048 - INFO - [pipeline.py:139] - [Grade: C] Saved to: /Users/kenfasano/Scripts/ScreenArt/Images/TransformedImages/cubes_5-C.jpeg
2026-03-09 17:49:45,274 - INFO - [pipeline.py:48] - "WatercolorTransformer","scale=0.85,style=monet"
2026-03-09 17:49:45,288 - INFO - [pipeline.py:48] - "ColormapTransformer","map=autumn"
2026-03-09 17:49:45,328 - INFO - [pipeline.py:48] - "SwirlWarpTransformer","strength=1.50"
2026-03-09 17:49:45,345 - INFO - [pipeline.py:139] - [Grade: A] Saved to: /Users/kenfasano/Scripts/ScreenArt/Images/TransformedImages/cubes_6-A.jpeg
2026-03-09 17:49:45,388 - INFO - [pipeline.py:48] - "ThermalImagingTransformer","thermal=True"
2026-03-09 17:49:45,405 - INFO - [pipeline.py:139] - [Grade: B] Saved to: /Users/kenfasano/Scripts/ScreenArt/Images/TransformedImages/cubes_1-B.jpeg
2026-03-09 17:49:45,412 - INFO - [pipeline.py:48] - "ThermalImagingTransformer","thermal=True"
2026-03-09 17:49:45,415 - INFO - [pipeline.py:139] - [Grade: B] Saved to: /Users/kenfasano/Scripts/ScreenArt/Images/TransformedImages/galcenter_msx_c1-B.jpg
2026-03-09 17:49:45,440 - INFO - [pipeline.py:48] - "DataMoshTransformer","intensity=0.02"
2026-03-09 17:49:45,448 - INFO - [pipeline.py:139] - [Grade: C] Saved to: /Users/kenfasano/Scripts/ScreenArt/Images/TransformedImages/perseid2015tennant_DSC1241-1024db-C.jpg
2026-03-09 17:49:45,455 - INFO - [pipeline.py:48] - "ColormapTransformer","map=autumn"
2026-03-09 17:49:45,462 - INFO - [pipeline.py:139] - [Grade: B] Saved to: /Users/kenfasano/Scripts/ScreenArt/Images/TransformedImages/comacluster_rowe-B.jpg
2026-03-09 17:49:45,481 - INFO - [pipeline.py:48] - "GlitchWarpTransformer","intensity=0.01"
2026-03-09 17:49:45,487 - INFO - [pipeline.py:48] - "PosterizationTransformer","levels=4"
2026-03-09 17:49:45,492 - INFO - [pipeline.py:48] - "ColormapTransformer","map=rainbow"
2026-03-09 17:49:45,530 - INFO - [pipeline.py:48] - "WheelTransformer","blend=add,copies=3"
2026-03-09 17:49:45,537 - INFO - [pipeline.py:139] - [Grade: C] Saved to: /Users/kenfasano/Scripts/ScreenArt/Images/TransformedImages/RosetteNeb1024-C.jpg
2026-03-09 17:49:45,561 - INFO - [pipeline.py:48] - "RadialWarpTransformer","radius=0.25,strength=123.73260391268703,style=pull"
2026-03-09 17:49:45,599 - INFO - [pipeline.py:48] - "MeltMorphTransformer","intensity=0.50"
2026-03-09 17:49:45,622 - INFO - [pipeline.py:48] - "FluidWarpTransformer","alpha=19.35,sigma=2.31"
2026-03-09 17:49:45,685 - INFO - [pipeline.py:48] - "DuotoneTransformer","highlight=#1bc632,shadow=#995e6a"
2026-03-09 17:49:45,696 - INFO - [pipeline.py:139] - [Grade: F] Saved to: /Users/kenfasano/Scripts/ScreenArt/Images/Rejected/Hourglass_HubblePathak_1080-F.jpg
2026-03-09 17:49:45,714 - INFO - [pipeline.py:48] - "ThreeDExtrusionTransformer","ambient=0.57,intensity=0.50"
2026-03-09 17:49:45,727 - INFO - [pipeline.py:48] - "SwirlWarpTransformer","strength=1.50"
2026-03-09 17:49:45,733 - INFO - [pipeline.py:139] - [Grade: B] Saved to: /Users/kenfasano/Scripts/ScreenArt/Images/TransformedImages/PIA24924_1045-B.jpg
2026-03-09 17:49:45,772 - INFO - [pipeline.py:48] - "FlipWilsonTransformer","keep=bottom_left,narrow=0.31"
2026-03-09 17:49:45,777 - INFO - [pipeline.py:139] - [Grade: F] Saved to: /Users/kenfasano/Scripts/ScreenArt/Images/Rejected/igrj11014_xray_label-F.jpg
2026-03-09 17:49:45,813 - INFO - [pipeline.py:48] - "HalftoneTransformer","size=2"
2026-03-09 17:49:45,845 - INFO - [pipeline.py:48] - "AnamorphicTransformer","intensity=0.0,0.2,0.4,0.6,0.8,thresh=80"
2026-03-09 17:49:45,862 - INFO - [pipeline.py:48] - "TritoneTransformer","highlight=#dcf5e1,mid=#fc1f40,shadow=#aade99"
2026-03-09 17:49:45,873 - INFO - [pipeline.py:48] - "RadialWarpTransformer","radius=0.25,strength=102.58255447179576,style=push"
2026-03-09 17:49:45,882 - INFO - [pipeline.py:139] - [Grade: A] Saved to: /Users/kenfasano/Scripts/ScreenArt/Images/TransformedImages/airglow_allsky_beletsky-A.jpg
2026-03-09 17:49:45,890 - INFO - [pipeline.py:48] - "GlitchWarpTransformer","intensity=0.01"
2026-03-09 17:49:45,900 - INFO - [pipeline.py:48] - "SwirlWarpTransformer","strength=1.50"
2026-03-09 17:49:45,952 - INFO - [pipeline.py:48] - "WatercolorTransformer","scale=0.85,style=monet"
2026-03-09 17:49:45,956 - INFO - [pipeline.py:139] - [Grade: A] Saved to: /Users/kenfasano/Scripts/ScreenArt/Images/TransformedImages/marshorizon_opportunity-A.jpg
2026-03-09 17:49:45,972 - INFO - [pipeline.py:48] - "ColormapTransformer","map=bone"
2026-03-09 17:49:46,009 - INFO - [pipeline.py:48] - "DuotoneTransformer","highlight=#a1493a,shadow=#c6d87e"
2026-03-09 17:49:46,025 - INFO - [pipeline.py:48] - "FractalWarpTransformer","iter=1,scale=0.05"
2026-03-09 17:49:46,032 - INFO - [pipeline.py:139] - [Grade: A] Saved to: /Users/kenfasano/Scripts/ScreenArt/Images/TransformedImages/M77_SN2018ivc_LRGB_v019veschini1024-A.jpg
2026-03-09 17:49:46,058 - INFO - [pipeline.py:48] - "PosterizationTransformer","levels=4"
2026-03-09 17:49:46,118 - INFO - [pipeline.py:48] - "XrayTransformer","colors=8"
2026-03-09 17:49:46,135 - INFO - [pipeline.py:139] - [Grade: F] Saved to: /Users/kenfasano/Scripts/ScreenArt/Images/Rejected/nasa_earth_1_Rio_de_Janeiro_True_Color-F.jpeg
2026-03-09 17:49:46,151 - INFO - [pipeline.py:48] - "InvertRGBTransformer","blend=0.49"
2026-03-09 17:49:46,194 - INFO - [pipeline.py:48] - "MeltMorphTransformer","intensity=0.50"
2026-03-09 17:49:46,223 - INFO - [pipeline.py:48] - "DataMoshTransformer","intensity=0.02"
2026-03-09 17:49:46,236 - INFO - [pipeline.py:139] - [Grade: F] Saved to: /Users/kenfasano/Scripts/ScreenArt/Images/Rejected/noaa_goes_1_se_Fire_Temperature-F.jpeg
2026-03-09 17:49:46,279 - INFO - [pipeline.py:48] - "PosterizationTransformer","levels=4"
2026-03-09 17:49:46,309 - INFO - [pipeline.py:48] - "RadialWarpTransformer","radius=0.25,strength=93.63007890575025,35.24079710842671,style=push,pull"
2026-03-09 17:49:46,330 - INFO - [pipeline.py:139] - [Grade: A] Saved to: /Users/kenfasano/Scripts/ScreenArt/Images/TransformedImages/19th_Orl-A.jpeg
2026-03-09 17:49:46,496 - INFO - [pipeline.py:48] - "AnamorphicTransformer","intensity=0.0,0.2,0.4,0.6,0.8,thresh=80"
2026-03-09 17:49:46,553 - INFO - [pipeline.py:48] - "DataMoshTransformer","intensity=0.02"
2026-03-09 17:49:46,574 - INFO - [pipeline.py:139] - [Grade: A] Saved to: /Users/kenfasano/Scripts/ScreenArt/Images/TransformedImages/Rig_Cast-A.jpeg
2026-03-09 17:49:46,644 - INFO - [pipeline.py:48] - "AnamorphicTransformer","intensity=0.0,0.2,0.4,0.6,0.8,thresh=80"
2026-03-09 17:49:46,683 - INFO - [pipeline.py:48] - "TritoneTransformer","highlight=#267769,mid=#0b5187,shadow=#4d4822"
2026-03-09 17:49:46,702 - INFO - [pipeline.py:139] - [Grade: F] Saved to: /Users/kenfasano/Scripts/ScreenArt/Images/Rejected/lossy-page1-160-F.jpeg
2026-03-09 17:49:46,746 - INFO - [pipeline.py:48] - "TritoneTransformer","highlight=#dc20b7,mid=#123151,shadow=#5520c1"
2026-03-09 17:49:46,792 - INFO - [pipeline.py:48] - "DataMoshTransformer","intensity=0.01"
2026-03-09 17:49:46,853 - INFO - [pipeline.py:48] - "FluidWarpTransformer","alpha=15.96,sigma=6.67"
2026-03-09 17:49:46,872 - INFO - [pipeline.py:139] - [Grade: F] Saved to: /Users/kenfasano/Scripts/ScreenArt/Images/Rejected/ISS065-E-F.jpeg
2026-03-09 17:49:46,939 - INFO - [pipeline.py:48] - "ThermalImagingTransformer","thermal=True"
2026-03-09 17:49:47,019 - INFO - [pipeline.py:48] - "MeltMorphTransformer","intensity=0.50"
2026-03-09 17:49:47,047 - INFO - [pipeline.py:139] - [Grade: C] Saved to: /Users/kenfasano/Scripts/ScreenArt/Images/TransformedImages/Rue_Jean-C.jpeg
2026-03-09 17:49:47,160 - INFO - [pipeline.py:48] - "FlipWilsonTransformer","keep=top_right,narrow=0.38"
2026-03-09 17:49:47,190 - INFO - [pipeline.py:48] - "GlitchWarpTransformer","intensity=0.01"
2026-03-09 17:49:47,209 - INFO - [pipeline.py:139] - [Grade: C] Saved to: /Users/kenfasano/Scripts/ScreenArt/Images/TransformedImages/lojong_2-C.jpeg
2026-03-09 17:49:47,245 - INFO - [pipeline.py:48] - "GlitchWarpTransformer","intensity=0.01"
2026-03-09 17:49:47,263 - INFO - [pipeline.py:139] - [Grade: F] Saved to: /Users/kenfasano/Scripts/ScreenArt/Images/Rejected/lojong_3-F.jpeg
2026-03-09 17:49:47,330 - INFO - [pipeline.py:48] - "AnamorphicTransformer","intensity=0.0,0.2,0.4,0.6,0.8,thresh=80"
2026-03-09 17:49:47,353 - INFO - [pipeline.py:139] - [Grade: A] Saved to: /Users/kenfasano/Scripts/ScreenArt/Images/TransformedImages/lojong_8-A.jpeg
2026-03-09 17:49:47,394 - INFO - [pipeline.py:48] - "GlitchWarpTransformer","intensity=0.01"
2026-03-09 17:49:47,515 - INFO - [pipeline.py:48] - "FlipWilsonTransformer","keep=top_right,narrow=0.38"
2026-03-09 17:49:47,532 - INFO - [pipeline.py:139] - [Grade: F] Saved to: /Users/kenfasano/Scripts/ScreenArt/Images/Rejected/lojong_4-F.jpeg
2026-03-09 17:49:47,632 - INFO - [pipeline.py:48] - "DuotoneTransformer","highlight=#56f7a9,shadow=#b77218"
2026-03-09 17:49:47,737 - INFO - [pipeline.py:48] - "FlipWilsonTransformer","keep=top_right,narrow=0.38"
2026-03-09 17:49:47,771 - INFO - [pipeline.py:48] - "ThreeDExtrusionTransformer","ambient=0.26,intensity=0.50"
2026-03-09 17:49:47,788 - INFO - [pipeline.py:139] - [Grade: C] Saved to: /Users/kenfasano/Scripts/ScreenArt/Images/TransformedImages/lojong_5-C.jpeg
2026-03-09 17:49:47,825 - INFO - [pipeline.py:48] - "GlitchWarpTransformer","intensity=0.01"
2026-03-09 17:49:47,843 - INFO - [pipeline.py:139] - [Grade: C] Saved to: /Users/kenfasano/Scripts/ScreenArt/Images/TransformedImages/lojong_9-C.jpeg
2026-03-09 17:49:47,905 - INFO - [pipeline.py:48] - "AnamorphicTransformer","intensity=0.0,0.2,0.4,0.6,0.8,thresh=80"
2026-03-09 17:49:47,946 - INFO - [pipeline.py:48] - "FluidWarpTransformer","alpha=13.70,sigma=4.11"
2026-03-09 17:49:47,990 - INFO - [pipeline.py:48] - "SwirlWarpTransformer","strength=1.50"
2026-03-09 17:49:48,007 - INFO - [pipeline.py:139] - [Grade: A] Saved to: /Users/kenfasano/Scripts/ScreenArt/Images/TransformedImages/lojong_6-A.jpeg
2026-03-09 17:49:48,028 - INFO - [pipeline.py:48] - "ColormapTransformer","map=hsv"
2026-03-09 17:49:48,045 - INFO - [pipeline.py:139] - [Grade: F] Saved to: /Users/kenfasano/Scripts/ScreenArt/Images/Rejected/lojong_7-F.jpeg
2026-03-09 17:49:48,086 - INFO - [pipeline.py:48] - "ThreeDExtrusionTransformer","ambient=0.26,intensity=0.50"
2026-03-09 17:49:48,138 - INFO - [pipeline.py:48] - "AnamorphicTransformer","intensity=0.0,0.2,0.4,0.6,0.8,thresh=80"
2026-03-09 17:49:48,244 - INFO - [pipeline.py:48] - "FlipWilsonTransformer","keep=top_right,narrow=0.38"
2026-03-09 17:49:48,258 - INFO - [pipeline.py:48] - "ColormapTransformer","map=summer"
2026-03-09 17:49:48,274 - INFO - [pipeline.py:139] - [Grade: A] Saved to: /Users/kenfasano/Scripts/ScreenArt/Images/TransformedImages/lojong_0-A.jpeg
2026-03-09 17:49:48,295 - INFO - [pipeline.py:48] - "ColormapTransformer","map=jet"
2026-03-09 17:49:48,334 - INFO - [pipeline.py:48] - "SwirlWarpTransformer","strength=1.50"
2026-03-09 17:49:48,350 - INFO - [pipeline.py:139] - [Grade: C] Saved to: /Users/kenfasano/Scripts/ScreenArt/Images/TransformedImages/lojong_1-C.jpeg
2026-03-09 17:49:48,373 - INFO - [pipeline.py:48] - "ColormapTransformer","map=hsv"
2026-03-09 17:49:48,466 - INFO - [pipeline.py:48] - "DuotoneTransformer","highlight=#49f4e3,shadow=#c5300d"
2026-03-09 17:49:48,587 - INFO - [pipeline.py:48] - "FlipWilsonTransformer","keep=top_right,narrow=0.41"
2026-03-09 17:49:48,630 - INFO - [pipeline.py:48] - "FluidWarpTransformer","alpha=3.82,sigma=4.02"
2026-03-09 17:49:48,649 - INFO - [pipeline.py:139] - [Grade: F] Saved to: /Users/kenfasano/Scripts/ScreenArt/Images/Rejected/psalms_110-F.jpeg
2026-03-09 17:49:48,685 - INFO - [pipeline.py:48] - "GlitchWarpTransformer","intensity=0.01"
2026-03-09 17:49:48,779 - INFO - [pipeline.py:48] - "DuotoneTransformer","highlight=#10e0f8,shadow=#012076"
2026-03-09 17:49:48,796 - INFO - [pipeline.py:139] - [Grade: F] Saved to: /Users/kenfasano/Scripts/ScreenArt/Images/Rejected/psalms_137-F.jpeg
2026-03-09 17:49:48,920 - INFO - [pipeline.py:48] - "FlipWilsonTransformer","keep=top_right,narrow=0.41"
2026-03-09 17:49:48,950 - INFO - [pipeline.py:48] - "ThreeDExtrusionTransformer","ambient=0.41,intensity=0.50"
2026-03-09 17:49:48,999 - INFO - [pipeline.py:48] - "AnamorphicTransformer","intensity=0.0,0.2,0.4,0.6,0.8,thresh=80"
2026-03-09 17:49:49,015 - INFO - [pipeline.py:139] - [Grade: B] Saved to: /Users/kenfasano/Scripts/ScreenArt/Images/TransformedImages/psalms_70-B.jpeg
2026-03-09 17:49:49,050 - INFO - [pipeline.py:48] - "GlitchWarpTransformer","intensity=0.01"
2026-03-09 17:49:49,103 - INFO - [pipeline.py:48] - "AnamorphicTransformer","intensity=0.0,0.2,0.4,0.6,0.8,thresh=80"
2026-03-09 17:49:49,118 - INFO - [pipeline.py:139] - [Grade: A] Saved to: /Users/kenfasano/Scripts/ScreenArt/Images/TransformedImages/psalms_141-A.jpeg
2026-03-09 17:49:49,173 - INFO - [pipeline.py:48] - "FluidWarpTransformer","alpha=1.95,sigma=5.90"
2026-03-09 17:49:49,191 - INFO - [pipeline.py:139] - [Grade: C] Saved to: /Users/kenfasano/Scripts/ScreenArt/Images/TransformedImages/psalms_116-C.jpeg
2026-03-09 17:49:49,300 - INFO - [pipeline.py:48] - "FlipWilsonTransformer","keep=top_right,narrow=0.41"
2026-03-09 17:49:49,313 - INFO - [pipeline.py:48] - "ColormapTransformer","map=cool"
2026-03-09 17:49:49,330 - INFO - [pipeline.py:139] - [Grade: C] Saved to: /Users/kenfasano/Scripts/ScreenArt/Images/TransformedImages/psalms_32-C.jpeg
2026-03-09 17:49:49,427 - INFO - [pipeline.py:48] - "DuotoneTransformer","highlight=#165a14,shadow=#cdfdeb"
2026-03-09 17:49:49,443 - INFO - [pipeline.py:139] - [Grade: C] Saved to: /Users/kenfasano/Scripts/ScreenArt/Images/TransformedImages/psalms_74-C.jpeg
2026-03-09 17:49:49,539 - INFO - [pipeline.py:48] - "DuotoneTransformer","highlight=#b5f909,shadow=#10429c"
2026-03-09 17:49:49,555 - INFO - [pipeline.py:139] - [Grade: C] Saved to: /Users/kenfasano/Scripts/ScreenArt/Images/TransformedImages/psalms_3-C.jpeg
2026-03-09 17:49:49,591 - INFO - [pipeline.py:48] - "GlitchWarpTransformer","intensity=0.01"
2026-03-09 17:49:49,691 - INFO - [pipeline.py:48] - "FlipWilsonTransformer","keep=top_right,narrow=0.41"
2026-03-09 17:49:49,708 - INFO - [pipeline.py:139] - [Grade: F] Saved to: /Users/kenfasano/Scripts/ScreenArt/Images/Rejected/psalms_2-F.jpeg
2026-03-09 17:49:49,743 - INFO - [pipeline.py:48] - "GlitchWarpTransformer","intensity=0.01"
2026-03-09 17:49:49,774 - INFO - [pipeline.py:48] - "ThreeDExtrusionTransformer","ambient=0.43,intensity=0.50"
2026-03-09 17:49:49,867 - INFO - [pipeline.py:48] - "DuotoneTransformer","highlight=#b79e3b,shadow=#33f2ba"
2026-03-09 17:49:49,906 - INFO - [pipeline.py:48] - "SwirlWarpTransformer","strength=1.50"
2026-03-09 17:49:49,923 - INFO - [pipeline.py:139] - [Grade: C] Saved to: /Users/kenfasano/Scripts/ScreenArt/Images/TransformedImages/psalms_112-C.jpeg
2026-03-09 17:49:49,946 - INFO - [pipeline.py:48] - "FlipWilsonTransformer","keep=left,narrow=0.45"
2026-03-09 17:49:49,958 - INFO - [pipeline.py:48] - "SwirlWarpTransformer","strength=1.50"
2026-03-09 17:49:49,964 - INFO - [pipeline.py:139] - [Grade: B] Saved to: /Users/kenfasano/Scripts/ScreenArt/Images/TransformedImages/peripheral_drift_2-B.jpeg
2026-03-09 17:49:49,976 - INFO - [pipeline.py:48] - "TritoneTransformer","highlight=#547c94,mid=#38f24f,shadow=#07afc9"
2026-03-09 17:49:49,993 - INFO - [pipeline.py:48] - "FlipWilsonTransformer","keep=left,narrow=0.45"
2026-03-09 17:49:50,005 - INFO - [pipeline.py:48] - "SwirlWarpTransformer","strength=1.50"
2026-03-09 17:49:50,010 - INFO - [pipeline.py:139] - [Grade: F] Saved to: /Users/kenfasano/Scripts/ScreenArt/Images/Rejected/peripheral_drift_3-F.jpeg
2026-03-09 17:49:50,018 - INFO - [pipeline.py:48] - "ColormapTransformer","map=bone"
2026-03-09 17:49:50,029 - INFO - [pipeline.py:48] - "SwirlWarpTransformer","strength=1.50"
2026-03-09 17:49:50,035 - INFO - [pipeline.py:139] - [Grade: A] Saved to: /Users/kenfasano/Scripts/ScreenArt/Images/TransformedImages/peripheral_drift_1-A.jpeg
2026-03-09 17:49:50,036 - WARNING - [main.py:137] - Pool transformer 'thermal' not in registry — skipping.
2026-03-09 17:49:50,072 - INFO - [pipeline.py:48] - "GlitchWarpTransformer","intensity=0.01"
2026-03-09 17:49:50,086 - INFO - [pipeline.py:48] - "ColormapTransformer","map=winter"
2026-03-09 17:49:50,103 - INFO - [pipeline.py:139] - [Grade: F] Saved to: /Users/kenfasano/Scripts/ScreenArt/Images/Rejected/koch_snowflake_2_2-F.jpeg
2026-03-09 17:49:50,203 - INFO - [pipeline.py:48] - "DuotoneTransformer","highlight=#f39e2b,shadow=#cc1656"
2026-03-09 17:49:50,235 - INFO - [pipeline.py:48] - "TritoneTransformer","highlight=#8566f5,mid=#f4414b,shadow=#747df9"
2026-03-09 17:49:50,251 - INFO - [pipeline.py:139] - [Grade: F] Saved to: /Users/kenfasano/Scripts/ScreenArt/Images/Rejected/koch_snowflake_2_3-F.jpeg
2026-03-09 17:49:50,322 - INFO - [pipeline.py:48] - "FlipWilsonTransformer","keep=left,narrow=0.24"
2026-03-09 17:49:50,354 - INFO - [pipeline.py:48] - "TritoneTransformer","highlight=#2d3927,mid=#5f322f,shadow=#77efd5"
2026-03-09 17:49:50,393 - INFO - [pipeline.py:48] - "DataMoshTransformer","intensity=0.02"
2026-03-09 17:49:50,411 - INFO - [pipeline.py:139] - [Grade: C] Saved to: /Users/kenfasano/Scripts/ScreenArt/Images/TransformedImages/koch_snowflake_2_4-C.jpeg
2026-03-09 17:49:50,454 - INFO - [pipeline.py:48] - "FractalWarpTransformer","iter=1,scale=0.05"
2026-03-09 17:49:50,500 - INFO - [pipeline.py:48] - "DataMoshTransformer","intensity=0.02"
2026-03-09 17:49:50,521 - INFO - [pipeline.py:139] - [Grade: A] Saved to: /Users/kenfasano/Scripts/ScreenArt/Images/TransformedImages/koch_snowflake_2_5-A.jpeg
2026-03-09 17:49:50,566 - INFO - [pipeline.py:48] - "DataMoshTransformer","intensity=0.01"
2026-03-09 17:49:50,597 - INFO - [pipeline.py:48] - "TritoneTransformer","highlight=#b861fe,mid=#0f6abc,shadow=#5e1571"
2026-03-09 17:49:50,770 - INFO - [pipeline.py:48] - "WheelTransformer","blend=lighter,copies=5"
2026-03-09 17:49:50,786 - INFO - [pipeline.py:139] - [Grade: B] Saved to: /Users/kenfasano/Scripts/ScreenArt/Images/TransformedImages/koch_snowflake_2_1-B.jpeg
2026-03-09 17:49:50,787 - WARNING - [main.py:137] - Pool transformer 'thermal' not in registry — skipping.
2026-03-09 17:49:50,825 - INFO - [pipeline.py:48] - "GlitchWarpTransformer","intensity=0.01"
2026-03-09 17:49:50,838 - INFO - [pipeline.py:48] - "ColormapTransformer","map=rainbow"
2026-03-09 17:49:50,869 - INFO - [pipeline.py:48] - "ThreeDExtrusionTransformer","ambient=0.35,intensity=0.50"
2026-03-09 17:49:50,886 - INFO - [pipeline.py:139] - [Grade: F] Saved to: /Users/kenfasano/Scripts/ScreenArt/Images/Rejected/hilbert_5-F.jpg
2026-03-09 17:49:50,932 - INFO - [pipeline.py:48] - "ThreeDExtrusionTransformer","ambient=0.35,intensity=0.50"
2026-03-09 17:49:50,973 - INFO - [pipeline.py:48] - "DataMoshTransformer","intensity=0.01"
2026-03-09 17:49:51,006 - INFO - [pipeline.py:48] - "GlitchWarpTransformer","intensity=0.01"
2026-03-09 17:49:51,022 - INFO - [pipeline.py:48] - "ColormapTransformer","map=cool"
2026-03-09 17:49:51,041 - INFO - [pipeline.py:139] - [Grade: F] Saved to: /Users/kenfasano/Scripts/ScreenArt/Images/Rejected/hilbert_4-F.jpg
2026-03-09 17:49:51,089 - INFO - [pipeline.py:48] - "ThreeDExtrusionTransformer","ambient=0.58,intensity=0.50"
2026-03-09 17:49:51,107 - INFO - [pipeline.py:139] - [Grade: F] Saved to: /Users/kenfasano/Scripts/ScreenArt/Images/Rejected/hilbert_1-F.jpg
2026-03-09 17:49:51,133 - INFO - [pipeline.py:48] - "ColormapTransformer","map=autumn"
2026-03-09 17:49:51,152 - INFO - [pipeline.py:139] - [Grade: F] Saved to: /Users/kenfasano/Scripts/ScreenArt/Images/Rejected/hilbert_3-F.jpg
2026-03-09 17:49:51,195 - INFO - [pipeline.py:48] - "ThreeDExtrusionTransformer","ambient=0.27,intensity=0.50"
2026-03-09 17:49:51,212 - INFO - [pipeline.py:139] - [Grade: F] Saved to: /Users/kenfasano/Scripts/ScreenArt/Images/Rejected/hilbert_2-F.jpg
2026-03-09 17:49:51,212 - INFO - [main.py:252] - WatercolorTransformer
2026-03-09 17:49:51,212 - INFO - [main.py:252] - WheelTransformer
2026-03-09 17:49:51,212 - INFO - [main.py:252] - DuotoneTransformer
2026-03-09 17:49:51,212 - INFO - [main.py:252] - FlipWilsonTransformer
2026-03-09 17:49:51,212 - INFO - [main.py:252] - XrayTransformer
2026-03-09 17:49:51,212 - INFO - [main.py:252] - AnamorphicTransformer
2026-03-09 17:49:51,212 - INFO - [main.py:252] - MeltMorphTransformer
2026-03-09 17:49:51,212 - INFO - [main.py:252] - FluidWarpTransformer
2026-03-09 17:49:51,212 - INFO - [main.py:252] - DataMoshTransformer
2026-03-09 17:49:51,212 - INFO - [main.py:252] - HalftoneTransformer
2026-03-09 17:49:51,212 - INFO - [main.py:252] - ThermalImagingTransformer
2026-03-09 17:49:51,212 - INFO - [main.py:252] - ThreeDExtrusionTransformer
2026-03-09 17:49:51,212 - INFO - [main.py:252] - FisheyeTransformer
2026-03-09 17:49:51,212 - INFO - [main.py:252] - TritoneTransformer
2026-03-09 17:49:51,212 - INFO - [main.py:252] - FractalWarpTransformer
2026-03-09 17:49:51,212 - INFO - [main.py:252] - GlitchWarpTransformer
2026-03-09 17:49:51,212 - INFO - [main.py:252] - SwirlWarpTransformer
2026-03-09 17:49:51,212 - INFO - [main.py:252] - RadialWarpTransformer
2026-03-09 17:49:51,212 - INFO - [main.py:252] - PosterizationTransformer
2026-03-09 17:49:51,212 - INFO - [main.py:252] - ColormapTransformer
2026-03-09 17:49:51,212 - INFO - [main.py:252] - InvertRGBTransformer
2026-03-09 17:49:51,212 - INFO - [main.py:295] - 16s@17:49 ✓
Accepted: 43
Rejected: 23
---
Wiki                       ->  3748ms
Nasa                       ->  1545ms
GoesGenerator              ->   566ms
Cubes                      ->   537ms
Bible                      ->   450ms
Lojong                     ->   396ms
KochSnowflake              ->   302ms
Bubbles                    ->   277ms
Hilbert                    ->    89ms
NasaMapGenerator           ->    52ms
PeripheralDriftIllusion    ->    46ms
---
WatercolorTransformer      -> Min:    51ms | Avg:   179ms | Max:   231ms
WheelTransformer           -> Min:    37ms | Avg:   108ms | Max:   174ms
DuotoneTransformer         -> Min:    37ms | Avg:    86ms | Max:   104ms
FlipWilsonTransformer      -> Min:    17ms | Avg:    84ms | Max:   122ms
XrayTransformer            -> Min:    45ms | Avg:    71ms | Max:   115ms
AnamorphicTransformer      -> Min:    32ms | Avg:    65ms | Max:   150ms
MeltMorphTransformer       -> Min:    38ms | Avg:    53ms | Max:    80ms
FluidWarpTransformer       -> Min:    22ms | Avg:    42ms | Max:    60ms
DataMoshTransformer        -> Min:    13ms | Avg:    38ms | Max:    57ms
HalftoneTransformer        -> Min:    27ms | Avg:    38ms | Max:    48ms
ThermalImagingTransformer  -> Min:     6ms | Avg:    33ms | Max:    54ms
ThreeDExtrusionTransformer -> Min:     9ms | Avg:    30ms | Max:    35ms
FisheyeTransformer         -> Min:    26ms | Avg:    30ms | Max:    33ms
TritoneTransformer         -> Min:     9ms | Avg:    29ms | Max:    39ms
FractalWarpTransformer     -> Min:    16ms | Avg:    27ms | Max:    37ms
GlitchWarpTransformer      -> Min:     6ms | Avg:    26ms | Max:    33ms
SwirlWarpTransformer       -> Min:    10ms | Avg:    24ms | Max:    44ms
RadialWarpTransformer      -> Min:    11ms | Avg:    20ms | Max:    29ms
PosterizationTransformer   -> Min:     5ms | Avg:    15ms | Max:    30ms
ColormapTransformer        -> Min:     4ms | Avg:    12ms | Max:    16ms
InvertRGBTransformer       -> Min:     9ms | Avg:    10ms | Max:    10ms
