2026-03-13 20:33:47,253 - INFO - [pipeline.py:136] - "ThermalImagingTransformer","thermal=True"
2026-03-13 20:33:47,424 - INFO - [pipeline.py:136] - "XrayTransformer","colors=256"
2026-03-13 20:33:47,440 - INFO - [pipeline.py:229] - [Grade: F] Saved to: /Users/kenfasano/Scripts/ScreenArt/Images/Rejected/bubbles_4-F.jpeg
2026-03-13 20:33:47,495 - INFO - [pipeline.py:136] - "DataMoshTransformer","intensity=0.01"
2026-03-13 20:33:47,533 - INFO - [pipeline.py:136] - "FractalWarpTransformer","iter=1,scale=0.05"
2026-03-13 20:33:47,550 - INFO - [pipeline.py:229] - [Grade: A] Saved to: /Users/kenfasano/Scripts/ScreenArt/Images/TransformedImages/bubbles_8-A.jpeg
2026-03-13 20:33:47,586 - INFO - [pipeline.py:136] - "GlitchWarpTransformer","intensity=0.01"
2026-03-13 20:33:47,625 - INFO - [pipeline.py:136] - "DataMoshTransformer","intensity=0.01"
2026-03-13 20:33:47,642 - INFO - [pipeline.py:229] - [Grade: A] Saved to: /Users/kenfasano/Scripts/ScreenArt/Images/TransformedImages/bubbles_9-A.jpeg
2026-03-13 20:33:47,663 - INFO - [pipeline.py:136] - "PosterizationTransformer","levels=4"
2026-03-13 20:33:47,709 - INFO - [pipeline.py:136] - "WheelTransformer","blend=add,copies=4"
2026-03-13 20:33:47,746 - INFO - [pipeline.py:136] - "FractalWarpTransformer","iter=1,scale=0.05"
2026-03-13 20:33:47,765 - INFO - [pipeline.py:229] - [Grade: A] Saved to: /Users/kenfasano/Scripts/ScreenArt/Images/TransformedImages/bubbles_5-A.jpeg
2026-03-13 20:33:47,821 - INFO - [pipeline.py:136] - "DataMoshTransformer","intensity=0.01"
2026-03-13 20:33:47,886 - INFO - [pipeline.py:136] - "MeltMorphTransformer","intensity=0.50"
2026-03-13 20:33:47,915 - INFO - [pipeline.py:229] - [Grade: C] Saved to: /Users/kenfasano/Scripts/ScreenArt/Images/TransformedImages/bubbles_2-C.jpeg
2026-03-13 20:33:47,974 - INFO - [pipeline.py:136] - "WheelTransformer","blend=add,copies=4"
2026-03-13 20:33:48,027 - INFO - [pipeline.py:136] - "HalftoneTransformer","size=2"
2026-03-13 20:33:48,056 - INFO - [pipeline.py:136] - "GlitchWarpTransformer","intensity=0.01"
2026-03-13 20:33:48,074 - INFO - [pipeline.py:229] - [Grade: A] Saved to: /Users/kenfasano/Scripts/ScreenArt/Images/TransformedImages/bubbles_3-A.jpeg
2026-03-13 20:33:48,140 - INFO - [pipeline.py:136] - "FlipWilsonTransformer","keep=top,narrow=0.43"
2026-03-13 20:33:48,169 - INFO - [pipeline.py:136] - "GlitchWarpTransformer","intensity=0.01"
2026-03-13 20:33:48,209 - INFO - [pipeline.py:136] - "SwirlWarpTransformer","strength=1.50"
2026-03-13 20:33:48,244 - INFO - [pipeline.py:136] - "FractalWarpTransformer","iter=1,scale=0.05"
2026-03-13 20:33:48,261 - INFO - [pipeline.py:229] - [Grade: F] Saved to: /Users/kenfasano/Scripts/ScreenArt/Images/Rejected/bubbles_10-F.jpeg
2026-03-13 20:33:48,282 - INFO - [pipeline.py:136] - "PosterizationTransformer","levels=4"
2026-03-13 20:33:48,311 - INFO - [pipeline.py:136] - "GlitchWarpTransformer","intensity=0.01"
2026-03-13 20:33:48,347 - INFO - [pipeline.py:136] - "ThermalImagingTransformer","thermal=True"
2026-03-13 20:33:48,406 - INFO - [pipeline.py:136] - "FlipWilsonTransformer","keep=top,narrow=0.43"
2026-03-13 20:33:48,424 - INFO - [pipeline.py:229] - [Grade: A] Saved to: /Users/kenfasano/Scripts/ScreenArt/Images/TransformedImages/bubbles_1-A.jpeg
2026-03-13 20:33:48,471 - INFO - [pipeline.py:136] - "ThermalImagingTransformer","thermal=True"
2026-03-13 20:33:48,509 - INFO - [pipeline.py:136] - "DataMoshTransformer","intensity=0.02"
2026-03-13 20:33:48,547 - INFO - [pipeline.py:136] - "SwirlWarpTransformer","strength=1.50"
2026-03-13 20:33:48,594 - INFO - [pipeline.py:136] - "HalftoneTransformer","size=2"
2026-03-13 20:33:48,612 - INFO - [pipeline.py:229] - [Grade: A] Saved to: /Users/kenfasano/Scripts/ScreenArt/Images/TransformedImages/bubbles_6-A.jpeg
2026-03-13 20:33:48,850 - INFO - [pipeline.py:136] - "WatercolorTransformer","scale=0.85,style=psychedelic"
2026-03-13 20:33:48,868 - INFO - [pipeline.py:136] - "RadialWarpTransformer","radius=0.25,strength=98.81746586033063,style=pull"
2026-03-13 20:33:48,884 - INFO - [pipeline.py:229] - [Grade: F] Saved to: /Users/kenfasano/Scripts/ScreenArt/Images/Rejected/bubbles_7-F.jpeg
2026-03-13 20:33:48,928 - INFO - [pipeline.py:136] - "FractalWarpTransformer","iter=1,scale=0.05"
2026-03-13 20:33:48,976 - INFO - [pipeline.py:136] - "HalftoneTransformer","size=2"
2026-03-13 20:33:48,992 - INFO - [pipeline.py:229] - [Grade: A] Saved to: /Users/kenfasano/Scripts/ScreenArt/Images/TransformedImages/cubes_2-A.jpeg
2026-03-13 20:33:49,037 - INFO - [pipeline.py:136] - "ThermalImagingTransformer","thermal=True"
2026-03-13 20:33:49,069 - INFO - [pipeline.py:136] - "FluidWarpTransformer","alpha=17.61,sigma=1.48"
2026-03-13 20:33:49,098 - INFO - [pipeline.py:136] - "GlitchWarpTransformer","intensity=0.01"
2026-03-13 20:33:49,138 - INFO - [pipeline.py:136] - "SwirlWarpTransformer","strength=1.50"
2026-03-13 20:33:49,156 - INFO - [pipeline.py:229] - [Grade: A] Saved to: /Users/kenfasano/Scripts/ScreenArt/Images/TransformedImages/cubes_3-A.jpeg
2026-03-13 20:33:49,191 - INFO - [pipeline.py:136] - "GlitchWarpTransformer","intensity=0.01"
2026-03-13 20:33:49,208 - INFO - [pipeline.py:229] - [Grade: A] Saved to: /Users/kenfasano/Scripts/ScreenArt/Images/TransformedImages/cubes_4-A.jpeg
2026-03-13 20:33:49,238 - INFO - [pipeline.py:136] - "RadialWarpTransformer","radius=0.25,strength=115.63769578866962,127.96426649674643,64.87727270560971,style=pull,pull,pull"
2026-03-13 20:33:49,254 - INFO - [pipeline.py:229] - [Grade: A] Saved to: /Users/kenfasano/Scripts/ScreenArt/Images/TransformedImages/cubes_5-A.jpeg
2026-03-13 20:33:49,299 - INFO - [pipeline.py:136] - "ThermalImagingTransformer","thermal=True"
2026-03-13 20:33:49,516 - INFO - [pipeline.py:136] - "WatercolorTransformer","scale=0.85,style=monet"
2026-03-13 20:33:49,532 - INFO - [pipeline.py:229] - [Grade: A] Saved to: /Users/kenfasano/Scripts/ScreenArt/Images/TransformedImages/cubes_6-A.jpeg
2026-03-13 20:33:49,567 - INFO - [pipeline.py:136] - "GlitchWarpTransformer","intensity=0.01"
2026-03-13 20:33:49,583 - INFO - [pipeline.py:229] - [Grade: A] Saved to: /Users/kenfasano/Scripts/ScreenArt/Images/TransformedImages/cubes_1-A.jpeg
2026-03-13 20:33:49,596 - INFO - [pipeline.py:136] - "FisheyeTransformer","shape=circle,strength=0.55,zoom=0.88"
2026-03-13 20:33:49,601 - INFO - [pipeline.py:136] - "ColormapTransformer","map=spring"
2026-03-13 20:33:49,609 - INFO - [pipeline.py:136] - "RadialWarpTransformer","radius=0.25,strength=124.47709747451215,48.37505900059112,style=push,pull"
2026-03-13 20:33:49,622 - INFO - [pipeline.py:136] - "DataMoshTransformer","intensity=0.02"
2026-03-13 20:33:49,629 - INFO - [pipeline.py:229] - [Grade: A] Saved to: /Users/kenfasano/Scripts/ScreenArt/Images/TransformedImages/n6946_block900c-A.jpg
2026-03-13 20:33:49,644 - INFO - [pipeline.py:136] - "FlipWilsonTransformer","keep=top,narrow=0.43"
2026-03-13 20:33:49,647 - INFO - [pipeline.py:136] - "ColormapTransformer","map=winter"
2026-03-13 20:33:49,654 - INFO - [pipeline.py:136] - "ThreeDExtrusionTransformer","ambient=0.27,intensity=0.50"
2026-03-13 20:33:49,657 - INFO - [pipeline.py:136] - "PosterizationTransformer","levels=4"
2026-03-13 20:33:49,662 - INFO - [pipeline.py:229] - [Grade: F] Saved to: /Users/kenfasano/Scripts/ScreenArt/Images/Rejected/pelicanzoom_alves-F.jpg
2026-03-13 20:33:49,701 - INFO - [pipeline.py:136] - "WheelTransformer","blend=add,copies=4"
2026-03-13 20:33:49,711 - INFO - [pipeline.py:229] - [Grade: A] Saved to: /Users/kenfasano/Scripts/ScreenArt/Images/TransformedImages/apollo11TranquilitybasePan600h-A.jpg
2026-03-13 20:33:49,735 - INFO - [pipeline.py:136] - "FlipWilsonTransformer","keep=top,narrow=0.43"
2026-03-13 20:33:49,740 - INFO - [pipeline.py:229] - [Grade: A] Saved to: /Users/kenfasano/Scripts/ScreenArt/Images/TransformedImages/SDOargoFD_bridgman950c-A.jpg
2026-03-13 20:33:49,748 - INFO - [pipeline.py:136] - "SwirlWarpTransformer","strength=1.50"
2026-03-13 20:33:49,769 - INFO - [pipeline.py:136] - "XrayTransformer","colors=128"
2026-03-13 20:33:49,776 - INFO - [pipeline.py:136] - "WheelTransformer","blend=add,copies=4"
2026-03-13 20:33:49,780 - INFO - [pipeline.py:229] - [Grade: A] Saved to: /Users/kenfasano/Scripts/ScreenArt/Images/TransformedImages/saturnm1_wodaski_c2-A.jpg
2026-03-13 20:33:49,804 - INFO - [pipeline.py:136] - "MeltMorphTransformer","intensity=0.50"
2026-03-13 20:33:49,817 - INFO - [pipeline.py:136] - "DataMoshTransformer","intensity=0.02"
2026-03-13 20:33:49,842 - INFO - [pipeline.py:136] - "FlipWilsonTransformer","keep=top,narrow=0.43"
2026-03-13 20:33:49,857 - INFO - [pipeline.py:136] - "SwirlWarpTransformer","strength=1.50"
2026-03-13 20:33:49,863 - INFO - [pipeline.py:229] - [Grade: A] Saved to: /Users/kenfasano/Scripts/ScreenArt/Images/TransformedImages/BHmassChartGW17a1024-A.jpg
2026-03-13 20:33:49,938 - INFO - [pipeline.py:136] - "WatercolorTransformer","scale=0.85,style=monet"
2026-03-13 20:33:49,950 - INFO - [pipeline.py:136] - "FractalWarpTransformer","iter=1,scale=0.05"
2026-03-13 20:33:49,963 - INFO - [pipeline.py:136] - "DataMoshTransformer","intensity=0.01"
2026-03-13 20:33:49,978 - INFO - [pipeline.py:136] - "WheelTransformer","blend=add,copies=4"
2026-03-13 20:33:49,984 - INFO - [pipeline.py:229] - [Grade: A] Saved to: /Users/kenfasano/Scripts/ScreenArt/Images/TransformedImages/hcg87_gmoss_960-A.jpg
2026-03-13 20:33:49,993 - INFO - [pipeline.py:136] - "RadialWarpTransformer","radius=0.25,strength=106.29115246706698,59.76810959624623,style=push,pull"
2026-03-13 20:33:50,065 - INFO - [pipeline.py:136] - "WatercolorTransformer","scale=0.85,style=monet"
2026-03-13 20:33:50,072 - INFO - [pipeline.py:136] - "FisheyeTransformer","shape=circle,strength=0.48,zoom=0.90"
2026-03-13 20:33:50,077 - INFO - [pipeline.py:229] - [Grade: B] Saved to: /Users/kenfasano/Scripts/ScreenArt/Images/TransformedImages/fires_mccolgan_960-B.jpg
2026-03-13 20:33:50,081 - INFO - [pipeline.py:136] - "FisheyeTransformer","shape=circle,strength=0.66,zoom=1.07"
2026-03-13 20:33:50,087 - INFO - [pipeline.py:136] - "ThermalImagingTransformer","thermal=True"
2026-03-13 20:33:50,091 - INFO - [pipeline.py:136] - "GlitchWarpTransformer","intensity=0.01"
2026-03-13 20:33:50,094 - INFO - [pipeline.py:229] - [Grade: A] Saved to: /Users/kenfasano/Scripts/ScreenArt/Images/TransformedImages/venustransit_cortner-A.jpg
2026-03-13 20:33:50,106 - INFO - [pipeline.py:136] - "DataMoshTransformer","intensity=0.01"
2026-03-13 20:33:50,124 - INFO - [pipeline.py:136] - "AnamorphicTransformer","intensity=0.0,0.2,0.4,0.6,0.8,thresh=80"
2026-03-13 20:33:50,131 - INFO - [pipeline.py:136] - "GlitchWarpTransformer","intensity=0.01"
2026-03-13 20:33:50,136 - INFO - [pipeline.py:229] - [Grade: A] Saved to: /Users/kenfasano/Scripts/ScreenArt/Images/TransformedImages/tle2010_hetlage900c-A.jpg
2026-03-13 20:33:50,141 - INFO - [pipeline.py:136] - "SwirlWarpTransformer","strength=1.50"
2026-03-13 20:33:50,144 - INFO - [pipeline.py:229] - [Grade: A] Saved to: /Users/kenfasano/Scripts/ScreenArt/Images/TransformedImages/pluto_sri-A.jpg
2026-03-13 20:33:50,196 - INFO - [pipeline.py:136] - "FluidWarpTransformer","alpha=6.69,sigma=4.61"
2026-03-13 20:33:50,215 - INFO - [pipeline.py:229] - [Grade: A] Saved to: /Users/kenfasano/Scripts/ScreenArt/Images/TransformedImages/nasa_earth_1_Manila_True_Color-A.jpeg
2026-03-13 20:33:50,254 - INFO - [pipeline.py:136] - "HalftoneTransformer","size=2"
2026-03-13 20:33:50,274 - INFO - [pipeline.py:136] - "FluidWarpTransformer","alpha=11.28,sigma=0.52"
2026-03-13 20:33:50,300 - INFO - [pipeline.py:136] - "ThermalImagingTransformer","thermal=True"
2026-03-13 20:33:50,329 - INFO - [pipeline.py:136] - "DataMoshTransformer","intensity=0.01"
2026-03-13 20:33:50,341 - INFO - [pipeline.py:229] - [Grade: B] Saved to: /Users/kenfasano/Scripts/ScreenArt/Images/TransformedImages/noaa_goes_1_se_Fire_Temperature-B.jpeg
2026-03-13 20:33:50,382 - INFO - [pipeline.py:136] - "PosterizationTransformer","levels=4"
2026-03-13 20:33:50,432 - INFO - [pipeline.py:136] - "ThermalImagingTransformer","thermal=True"
2026-03-13 20:33:50,459 - INFO - [pipeline.py:229] - [Grade: A] Saved to: /Users/kenfasano/Scripts/ScreenArt/Images/TransformedImages/0743jfBu-A.jpeg
2026-03-13 20:33:50,511 - INFO - [pipeline.py:136] - "DataMoshTransformer","intensity=0.02"
2026-03-13 20:33:50,559 - INFO - [pipeline.py:136] - "FractalWarpTransformer","iter=1,scale=0.05"
2026-03-13 20:33:50,574 - INFO - [pipeline.py:136] - "ColormapTransformer","map=rainbow"
2026-03-13 20:33:50,620 - INFO - [pipeline.py:136] - "FluidWarpTransformer","alpha=2.72,sigma=4.48"
2026-03-13 20:33:50,641 - INFO - [pipeline.py:229] - [Grade: C] Saved to: /Users/kenfasano/Scripts/ScreenArt/Images/TransformedImages/ISS030-E-C.jpeg
2026-03-13 20:33:50,725 - INFO - [pipeline.py:136] - "HalftoneTransformer","size=2"
2026-03-13 20:33:50,748 - INFO - [pipeline.py:229] - [Grade: A] Saved to: /Users/kenfasano/Scripts/ScreenArt/Images/TransformedImages/Sompting-A.jpeg
2026-03-13 20:33:50,808 - INFO - [pipeline.py:136] - "ColormapTransformer","map=pink"
2026-03-13 20:33:50,892 - INFO - [pipeline.py:136] - "ThreeDExtrusionTransformer","ambient=0.37,intensity=0.50"
2026-03-13 20:33:50,944 - INFO - [pipeline.py:229] - [Grade: B] Saved to: /Users/kenfasano/Scripts/ScreenArt/Images/TransformedImages/Southern-B.jpeg
2026-03-13 20:33:50,966 - INFO - [pipeline.py:136] - "ColormapTransformer","map=rainbow"
2026-03-13 20:33:51,032 - INFO - [pipeline.py:136] - "AnamorphicTransformer","intensity=0.0,0.2,0.4,0.6,0.8,thresh=80"
2026-03-13 20:33:51,064 - INFO - [pipeline.py:136] - "ThermalImagingTransformer","thermal=True"
2026-03-13 20:33:51,077 - INFO - [pipeline.py:136] - "PosterizationTransformer","levels=4"
2026-03-13 20:33:51,092 - INFO - [pipeline.py:229] - [Grade: F] Saved to: /Users/kenfasano/Scripts/ScreenArt/Images/Rejected/Foto_Keg-F.jpeg
2026-03-13 20:33:51,113 - INFO - [pipeline.py:136] - "PosterizationTransformer","levels=4"
2026-03-13 20:33:51,131 - INFO - [pipeline.py:229] - [Grade: A] Saved to: /Users/kenfasano/Scripts/ScreenArt/Images/TransformedImages/lojong_2-A-hero.jpeg
2026-03-13 20:33:51,190 - INFO - [pipeline.py:136] - "HalftoneTransformer","size=2"
2026-03-13 20:33:51,226 - INFO - [pipeline.py:136] - "ThermalImagingTransformer","thermal=True"
2026-03-13 20:33:51,253 - INFO - [pipeline.py:136] - "GlitchWarpTransformer","intensity=0.01"
2026-03-13 20:33:51,267 - INFO - [pipeline.py:136] - "PosterizationTransformer","levels=4"
2026-03-13 20:33:51,287 - INFO - [pipeline.py:229] - [Grade: F] Saved to: /Users/kenfasano/Scripts/ScreenArt/Images/Rejected/lojong_3-F-columns.jpeg
2026-03-13 20:33:51,338 - INFO - [pipeline.py:136] - "SwirlWarpTransformer","strength=1.50"
2026-03-13 20:33:51,418 - INFO - [pipeline.py:136] - "AnamorphicTransformer","intensity=0.0,0.2,0.4,0.6,0.8,thresh=80"
2026-03-13 20:33:51,472 - INFO - [pipeline.py:136] - "MeltMorphTransformer","intensity=0.50"
2026-03-13 20:33:51,487 - INFO - [pipeline.py:229] - [Grade: F] Saved to: /Users/kenfasano/Scripts/ScreenArt/Images/Rejected/lojong_8-F-columns.jpeg
2026-03-13 20:33:51,547 - INFO - [pipeline.py:136] - "MeltMorphTransformer","intensity=0.50"
2026-03-13 20:33:51,590 - INFO - [pipeline.py:136] - "WheelTransformer","blend=add,copies=4"
2026-03-13 20:33:51,607 - INFO - [pipeline.py:229] - [Grade: A] Saved to: /Users/kenfasano/Scripts/ScreenArt/Images/TransformedImages/lojong_4-A-tile.jpeg
2026-03-13 20:33:51,887 - INFO - [pipeline.py:136] - "WatercolorTransformer","scale=0.85,style=psychedelic"
2026-03-13 20:33:51,911 - INFO - [pipeline.py:136] - "RadialWarpTransformer","radius=0.25,strength=122.0496912006093,87.97329049108562,60.06130400796664,style=push,push,pull"
2026-03-13 20:33:51,928 - INFO - [pipeline.py:229] - [Grade: F] Saved to: /Users/kenfasano/Scripts/ScreenArt/Images/Rejected/lojong_5-F-tile.jpeg
2026-03-13 20:33:51,987 - INFO - [pipeline.py:136] - "MeltMorphTransformer","intensity=0.50"
2026-03-13 20:33:52,022 - INFO - [pipeline.py:136] - "FractalWarpTransformer","iter=1,scale=0.05"
2026-03-13 20:33:52,050 - INFO - [pipeline.py:136] - "FisheyeTransformer","shape=circle,strength=0.22,zoom=1.06"
2026-03-13 20:33:52,068 - INFO - [pipeline.py:229] - [Grade: A] Saved to: /Users/kenfasano/Scripts/ScreenArt/Images/TransformedImages/lojong_9-A-scatter.jpeg
2026-03-13 20:33:52,104 - INFO - [pipeline.py:136] - "GlitchWarpTransformer","intensity=0.01"
2026-03-13 20:33:52,152 - INFO - [pipeline.py:136] - "HalftoneTransformer","size=2"
2026-03-13 20:33:52,187 - INFO - [pipeline.py:136] - "ThermalImagingTransformer","thermal=True"
2026-03-13 20:33:52,395 - INFO - [pipeline.py:136] - "WatercolorTransformer","scale=0.85,style=monet"
2026-03-13 20:33:52,410 - INFO - [pipeline.py:229] - [Grade: A] Saved to: /Users/kenfasano/Scripts/ScreenArt/Images/TransformedImages/lojong_6-A-columns.jpeg
2026-03-13 20:33:52,456 - INFO - [pipeline.py:136] - "SwirlWarpTransformer","strength=1.50"
2026-03-13 20:33:52,503 - INFO - [pipeline.py:136] - "HalftoneTransformer","size=2"
2026-03-13 20:33:52,519 - INFO - [pipeline.py:136] - "RadialWarpTransformer","radius=0.25,strength=41.46577185636,style=push"
2026-03-13 20:33:52,535 - INFO - [pipeline.py:229] - [Grade: A] Saved to: /Users/kenfasano/Scripts/ScreenArt/Images/TransformedImages/lojong_7-A-scatter.jpeg
2026-03-13 20:33:52,779 - INFO - [pipeline.py:136] - "WatercolorTransformer","scale=0.85,style=monet"
2026-03-13 20:33:52,793 - INFO - [pipeline.py:136] - "PosterizationTransformer","levels=4"
2026-03-13 20:33:52,814 - INFO - [pipeline.py:229] - [Grade: A] Saved to: /Users/kenfasano/Scripts/ScreenArt/Images/TransformedImages/lojong_0-A-columns.jpeg
2026-03-13 20:33:52,836 - INFO - [pipeline.py:136] - "PosterizationTransformer","levels=4"
2026-03-13 20:33:52,856 - INFO - [pipeline.py:136] - "RadialWarpTransformer","radius=0.25,strength=130.44244686314525,style=push"
2026-03-13 20:33:52,892 - INFO - [pipeline.py:136] - "FractalWarpTransformer","iter=1,scale=0.05"
2026-03-13 20:33:52,909 - INFO - [pipeline.py:229] - [Grade: A] Saved to: /Users/kenfasano/Scripts/ScreenArt/Images/TransformedImages/lojong_1-A-columns.jpeg
2026-03-13 20:33:52,929 - INFO - [pipeline.py:136] - "PosterizationTransformer","levels=4"
2026-03-13 20:33:52,965 - INFO - [pipeline.py:136] - "FractalWarpTransformer","iter=1,scale=0.05"
2026-03-13 20:33:53,007 - INFO - [pipeline.py:136] - "FluidWarpTransformer","alpha=6.63,sigma=4.51"
2026-03-13 20:33:53,024 - INFO - [pipeline.py:229] - [Grade: B] Saved to: /Users/kenfasano/Scripts/ScreenArt/Images/TransformedImages/psalms_98-B-hero.jpeg
2026-03-13 20:33:53,162 - INFO - [pipeline.py:136] - "XrayTransformer","colors=64"
2026-03-13 20:33:53,182 - INFO - [pipeline.py:136] - "RadialWarpTransformer","radius=0.25,strength=130.61822178056,128.13671199415813,style=pull,push"
2026-03-13 20:33:53,217 - INFO - [pipeline.py:136] - "FractalWarpTransformer","iter=1,scale=0.05"
2026-03-13 20:33:53,256 - INFO - [pipeline.py:136] - "SwirlWarpTransformer","strength=1.50"
2026-03-13 20:33:53,272 - INFO - [pipeline.py:229] - [Grade: F] Saved to: /Users/kenfasano/Scripts/ScreenArt/Images/Rejected/psalms_93-F-scatter.jpeg
2026-03-13 20:33:53,300 - INFO - [pipeline.py:136] - "RadialWarpTransformer","radius=0.25,strength=39.81673545803163,style=push"
2026-03-13 20:33:53,328 - INFO - [pipeline.py:136] - "GlitchWarpTransformer","intensity=0.01"
2026-03-13 20:33:53,372 - INFO - [pipeline.py:136] - "WheelTransformer","blend=add,copies=4"
2026-03-13 20:33:53,412 - INFO - [pipeline.py:136] - "FluidWarpTransformer","alpha=8.14,sigma=4.52"
2026-03-13 20:33:53,431 - INFO - [pipeline.py:229] - [Grade: A] Saved to: /Users/kenfasano/Scripts/ScreenArt/Images/TransformedImages/psalms_116-A-columns.jpeg
2026-03-13 20:33:53,478 - INFO - [pipeline.py:136] - "SwirlWarpTransformer","strength=1.50"
2026-03-13 20:33:53,533 - INFO - [pipeline.py:136] - "FlipWilsonTransformer","keep=top,narrow=0.43"
2026-03-13 20:33:53,567 - INFO - [pipeline.py:136] - "FractalWarpTransformer","iter=1,scale=0.05"
2026-03-13 20:33:53,597 - INFO - [pipeline.py:136] - "FluidWarpTransformer","alpha=17.78,sigma=1.25"
2026-03-13 20:33:53,616 - INFO - [pipeline.py:229] - [Grade: A] Saved to: /Users/kenfasano/Scripts/ScreenArt/Images/TransformedImages/psalms_44-A-tile.jpeg
2026-03-13 20:33:53,842 - INFO - [pipeline.py:136] - "WatercolorTransformer","scale=0.85,style=psychedelic"
2026-03-13 20:33:53,867 - INFO - [pipeline.py:136] - "FisheyeTransformer","shape=circle,strength=0.64,zoom=1.09"
2026-03-13 20:33:53,901 - INFO - [pipeline.py:136] - "FluidWarpTransformer","alpha=19.61,sigma=2.69"
2026-03-13 20:33:53,914 - INFO - [pipeline.py:136] - "ColormapTransformer","map=hot"
2026-03-13 20:33:53,933 - INFO - [pipeline.py:229] - [Grade: A] Saved to: /Users/kenfasano/Scripts/ScreenArt/Images/TransformedImages/psalms_115-A-hero.jpeg
2026-03-13 20:33:53,974 - INFO - [pipeline.py:136] - "GlitchWarpTransformer","intensity=0.01"
2026-03-13 20:33:54,028 - INFO - [pipeline.py:136] - "MeltMorphTransformer","intensity=0.50"
2026-03-13 20:33:54,051 - INFO - [pipeline.py:229] - [Grade: A] Saved to: /Users/kenfasano/Scripts/ScreenArt/Images/TransformedImages/psalms_45-A-columns.jpeg
2026-03-13 20:33:54,284 - INFO - [pipeline.py:136] - "WatercolorTransformer","scale=0.85,style=monet"
2026-03-13 20:33:54,338 - INFO - [pipeline.py:136] - "MeltMorphTransformer","intensity=0.50"
2026-03-13 20:33:54,381 - INFO - [pipeline.py:136] - "WheelTransformer","blend=add,copies=4"
2026-03-13 20:33:54,429 - INFO - [pipeline.py:136] - "HalftoneTransformer","size=2"
2026-03-13 20:33:54,446 - INFO - [pipeline.py:229] - [Grade: A] Saved to: /Users/kenfasano/Scripts/ScreenArt/Images/TransformedImages/psalms_28-A-columns.jpeg
2026-03-13 20:33:54,502 - INFO - [pipeline.py:136] - "HalftoneTransformer","size=2"
2026-03-13 20:33:54,518 - INFO - [pipeline.py:229] - [Grade: C] Saved to: /Users/kenfasano/Scripts/ScreenArt/Images/TransformedImages/psalms_24-C-hero.jpeg
2026-03-13 20:33:54,560 - INFO - [pipeline.py:136] - "GlitchWarpTransformer","intensity=0.01"
2026-03-13 20:33:54,580 - INFO - [pipeline.py:229] - [Grade: B] Saved to: /Users/kenfasano/Scripts/ScreenArt/Images/TransformedImages/psalms_132-B-columns.jpeg
2026-03-13 20:33:54,602 - INFO - [pipeline.py:136] - "ColormapTransformer","map=hsv"
2026-03-13 20:33:54,643 - INFO - [pipeline.py:136] - "ThermalImagingTransformer","thermal=True"
2026-03-13 20:33:54,662 - INFO - [pipeline.py:229] - [Grade: B] Saved to: /Users/kenfasano/Scripts/ScreenArt/Images/TransformedImages/psalms_145-B-hero.jpeg
2026-03-13 20:33:54,678 - INFO - [pipeline.py:136] - "ThermalImagingTransformer","thermal=True"
2026-03-13 20:33:54,684 - INFO - [pipeline.py:229] - [Grade: B] Saved to: /Users/kenfasano/Scripts/ScreenArt/Images/TransformedImages/peripheral_drift_2-B.jpeg
2026-03-13 20:33:54,699 - INFO - [pipeline.py:136] - "SwirlWarpTransformer","strength=1.50"
2026-03-13 20:33:54,705 - INFO - [pipeline.py:229] - [Grade: A] Saved to: /Users/kenfasano/Scripts/ScreenArt/Images/TransformedImages/peripheral_drift_3-A.jpeg
2026-03-13 20:33:54,719 - INFO - [pipeline.py:136] - "SwirlWarpTransformer","strength=1.50"
2026-03-13 20:33:54,724 - INFO - [pipeline.py:229] - [Grade: A] Saved to: /Users/kenfasano/Scripts/ScreenArt/Images/TransformedImages/peripheral_drift_1-A.jpeg
2026-03-13 20:33:54,725 - INFO - [main.py:196] - WatercolorTransformer
2026-03-13 20:33:54,725 - INFO - [main.py:196] - XrayTransformer
2026-03-13 20:33:54,725 - INFO - [main.py:196] - AnamorphicTransformer
2026-03-13 20:33:54,725 - INFO - [main.py:196] - MeltMorphTransformer
2026-03-13 20:33:54,725 - INFO - [main.py:196] - HalftoneTransformer
2026-03-13 20:33:54,725 - INFO - [main.py:196] - ThreeDExtrusionTransformer
2026-03-13 20:33:54,725 - INFO - [main.py:196] - FlipWilsonTransformer
2026-03-13 20:33:54,725 - INFO - [main.py:196] - FluidWarpTransformer
2026-03-13 20:33:54,725 - INFO - [main.py:196] - FractalWarpTransformer
2026-03-13 20:33:54,725 - INFO - [main.py:196] - WheelTransformer
2026-03-13 20:33:54,725 - INFO - [main.py:196] - ThermalImagingTransformer
2026-03-13 20:33:54,725 - INFO - [main.py:196] - DataMoshTransformer
2026-03-13 20:33:54,725 - INFO - [main.py:196] - SwirlWarpTransformer
2026-03-13 20:33:54,725 - INFO - [main.py:196] - GlitchWarpTransformer
2026-03-13 20:33:54,725 - INFO - [main.py:196] - RadialWarpTransformer
2026-03-13 20:33:54,725 - INFO - [main.py:196] - FisheyeTransformer
2026-03-13 20:33:54,725 - INFO - [main.py:196] - ColormapTransformer
2026-03-13 20:33:54,725 - INFO - [main.py:196] - PosterizationTransformer
2026-03-13 20:33:54,725 - INFO - [main.py:239] - 22s@20:33 ✓
Accepted: 48
Rejected: 9
---
Bible                      ->  6734ms
Wiki                       ->  3577ms
Lojong                     ->  2372ms
GoesGenerator              ->   980ms
Nasa                       ->   835ms
Bubbles                    ->   559ms
Cubes                      ->   186ms
NasaMapGenerator           ->   121ms
PeripheralDriftIllusion    ->    50ms
---
WatercolorTransformer      -> Min:    72ms | Avg:   194ms | Max:   273ms
XrayTransformer            -> Min:    21ms | Avg:   107ms | Max:   171ms
AnamorphicTransformer      -> Min:    17ms | Avg:    54ms | Max:    80ms
MeltMorphTransformer       -> Min:    19ms | Avg:    50ms | Max:    64ms
HalftoneTransformer        -> Min:    33ms | Avg:    49ms | Max:    71ms
ThreeDExtrusionTransformer -> Min:     7ms | Avg:    46ms | Max:    84ms
FlipWilsonTransformer      -> Min:    13ms | Avg:    38ms | Max:    59ms
FluidWarpTransformer       -> Min:    20ms | Avg:    36ms | Max:    46ms
FractalWarpTransformer     -> Min:    12ms | Avg:    35ms | Max:    48ms
WheelTransformer           -> Min:     7ms | Avg:    34ms | Max:    47ms
ThermalImagingTransformer  -> Min:     6ms | Avg:    33ms | Max:    50ms
DataMoshTransformer        -> Min:    10ms | Avg:    29ms | Max:    48ms
SwirlWarpTransformer       -> Min:     4ms | Avg:    27ms | Max:    41ms
GlitchWarpTransformer      -> Min:     4ms | Avg:    25ms | Max:    29ms
RadialWarpTransformer      -> Min:     6ms | Avg:    17ms | Max:    23ms
FisheyeTransformer         -> Min:     3ms | Avg:    14ms | Max:    28ms
ColormapTransformer        -> Min:     4ms | Avg:    14ms | Max:    35ms
PosterizationTransformer   -> Min:     3ms | Avg:    14ms | Max:    27ms
