2026-03-15 10:27:16,561 - INFO - [pipeline.py:136] - "FractalWarpTransformer","iter=1,scale=0.05"
2026-03-15 10:27:16,601 - INFO - [pipeline.py:136] - "FisheyeTransformer","shape=circle,strength=0.58,zoom=1.10"
2026-03-15 10:27:16,638 - INFO - [pipeline.py:136] - "ThermalImagingTransformer","thermal=True"
2026-03-15 10:27:16,658 - INFO - [pipeline.py:248] - [Grade: A] Saved to: /Users/kenfasano/Scripts/ScreenArt/Images/TransformedImages/bubbles_4-A.jpeg
2026-03-15 10:27:16,701 - INFO - [pipeline.py:136] - "DataMoshTransformer","intensity=0.01"
2026-03-15 10:27:16,739 - INFO - [pipeline.py:136] - "ThermalImagingTransformer","thermal=True"
2026-03-15 10:27:16,758 - INFO - [pipeline.py:248] - [Grade: C] Saved to: /Users/kenfasano/Scripts/ScreenArt/Images/TransformedImages/bubbles_8-C.jpeg
2026-03-15 10:27:16,803 - INFO - [pipeline.py:136] - "ThermalImagingTransformer","thermal=True"
2026-03-15 10:27:16,909 - INFO - [pipeline.py:136] - "WheelTransformer","blend=lighter,copies=3"
2026-03-15 10:27:17,049 - INFO - [pipeline.py:136] - "PixelSortTransformer","direction=rows,high=0.76,low=0.19,sort_key=blue"
2026-03-15 10:27:17,068 - INFO - [pipeline.py:248] - [Grade: A] Saved to: /Users/kenfasano/Scripts/ScreenArt/Images/TransformedImages/bubbles_9-A.jpeg
2026-03-15 10:27:17,136 - INFO - [pipeline.py:136] - "FlipWilsonTransformer","keep=right,narrow=0.21"
2026-03-15 10:27:17,149 - INFO - [pipeline.py:136] - "ColormapTransformer","map=hsv"
2026-03-15 10:27:17,162 - INFO - [pipeline.py:136] - "PosterizationTransformer","levels=4"
2026-03-15 10:27:17,182 - INFO - [pipeline.py:248] - [Grade: C] Saved to: /Users/kenfasano/Scripts/ScreenArt/Images/TransformedImages/bubbles_5-C.jpeg
2026-03-15 10:27:17,228 - INFO - [pipeline.py:136] - "ThermalImagingTransformer","thermal=True"
2026-03-15 10:27:17,262 - INFO - [pipeline.py:136] - "FractalWarpTransformer","iter=1,scale=0.05"
2026-03-15 10:27:17,315 - INFO - [pipeline.py:136] - "HalftoneTransformer","size=2"
2026-03-15 10:27:17,355 - INFO - [pipeline.py:136] - "DataMoshTransformer","intensity=0.01"
2026-03-15 10:27:17,374 - INFO - [pipeline.py:248] - [Grade: A] Saved to: /Users/kenfasano/Scripts/ScreenArt/Images/TransformedImages/bubbles_2-A.jpeg
2026-03-15 10:27:17,437 - INFO - [pipeline.py:136] - "MeltMorphTransformer","intensity=0.50"
2026-03-15 10:27:17,498 - INFO - [pipeline.py:136] - "FlipWilsonTransformer","keep=right,narrow=0.21"
2026-03-15 10:27:17,511 - INFO - [pipeline.py:136] - "PosterizationTransformer","levels=4"
2026-03-15 10:27:17,524 - INFO - [pipeline.py:136] - "ColormapTransformer","map=summer"
2026-03-15 10:27:17,542 - INFO - [pipeline.py:248] - [Grade: A] Saved to: /Users/kenfasano/Scripts/ScreenArt/Images/TransformedImages/bubbles_3-A.jpeg
2026-03-15 10:27:17,562 - INFO - [pipeline.py:136] - "PosterizationTransformer","levels=4"
2026-03-15 10:27:17,623 - INFO - [pipeline.py:136] - "FlipWilsonTransformer","keep=right,narrow=0.21"
2026-03-15 10:27:17,728 - INFO - [pipeline.py:136] - "WheelTransformer","blend=lighter,copies=3"
2026-03-15 10:27:17,746 - INFO - [pipeline.py:248] - [Grade: A] Saved to: /Users/kenfasano/Scripts/ScreenArt/Images/TransformedImages/bubbles_10-A.jpeg
2026-03-15 10:27:17,790 - INFO - [pipeline.py:136] - "DataMoshTransformer","intensity=0.01"
2026-03-15 10:27:17,844 - INFO - [pipeline.py:136] - "MeltMorphTransformer","intensity=0.50"
2026-03-15 10:27:17,915 - INFO - [pipeline.py:136] - "PixelSortTransformer","direction=rows,high=0.83,low=0.26,sort_key=brightness"
2026-03-15 10:27:17,933 - INFO - [pipeline.py:248] - [Grade: A] Saved to: /Users/kenfasano/Scripts/ScreenArt/Images/TransformedImages/bubbles_1-A.jpeg
2026-03-15 10:27:17,963 - INFO - [pipeline.py:136] - "StippleTransformer","bg=black,dot_radius=5,jitter=1,spacing=20"
2026-03-15 10:27:18,068 - INFO - [pipeline.py:136] - "WheelTransformer","blend=lighter,copies=3"
2026-03-15 10:27:18,106 - INFO - [pipeline.py:136] - "SwirlWarpTransformer","strength=1.50"
2026-03-15 10:27:18,171 - INFO - [pipeline.py:136] - "FlipWilsonTransformer","keep=right,narrow=0.21"
2026-03-15 10:27:18,189 - INFO - [pipeline.py:248] - [Grade: F] Saved to: /Users/kenfasano/Scripts/ScreenArt/Images/Rejected/bubbles_6-F.jpeg
2026-03-15 10:27:18,237 - INFO - [pipeline.py:136] - "ThermalImagingTransformer","thermal=True"
2026-03-15 10:27:18,250 - INFO - [pipeline.py:136] - "PosterizationTransformer","levels=4"
2026-03-15 10:27:18,608 - INFO - [pipeline.py:136] - "PixelSortTransformer","direction=cols,high=0.59,low=0.08,sort_key=blue"
2026-03-15 10:27:18,643 - INFO - [pipeline.py:136] - "DataMoshTransformer","intensity=0.01"
2026-03-15 10:27:18,663 - INFO - [pipeline.py:248] - [Grade: A] Saved to: /Users/kenfasano/Scripts/ScreenArt/Images/TransformedImages/bubbles_7-A.jpeg
2026-03-15 10:27:18,708 - INFO - [pipeline.py:136] - "SwirlWarpTransformer","strength=1.50"
2026-03-15 10:27:18,745 - INFO - [pipeline.py:136] - "DataMoshTransformer","intensity=0.02"
2026-03-15 10:27:18,763 - INFO - [pipeline.py:248] - [Grade: A] Saved to: /Users/kenfasano/Scripts/ScreenArt/Images/TransformedImages/cubes_2-A.jpeg
2026-03-15 10:27:18,819 - INFO - [pipeline.py:136] - "PixelSortTransformer","direction=cols,high=0.70,low=0.11,sort_key=saturation"
2026-03-15 10:27:18,853 - INFO - [pipeline.py:136] - "FractalWarpTransformer","iter=1,scale=0.05"
2026-03-15 10:27:18,869 - INFO - [pipeline.py:248] - [Grade: A] Saved to: /Users/kenfasano/Scripts/ScreenArt/Images/TransformedImages/cubes_3-A.jpeg
2026-03-15 10:27:18,940 - INFO - [pipeline.py:136] - "FlipWilsonTransformer","keep=right,narrow=0.21"
2026-03-15 10:27:18,974 - INFO - [pipeline.py:136] - "FractalWarpTransformer","iter=1,scale=0.05"
2026-03-15 10:27:18,988 - INFO - [pipeline.py:136] - "ColormapTransformer","map=jet"
2026-03-15 10:27:19,009 - INFO - [pipeline.py:248] - [Grade: A] Saved to: /Users/kenfasano/Scripts/ScreenArt/Images/TransformedImages/cubes_4-A.jpeg
2026-03-15 10:27:19,044 - INFO - [pipeline.py:136] - "GlitchWarpTransformer","intensity=0.01"
2026-03-15 10:27:19,075 - INFO - [pipeline.py:136] - "FluidWarpTransformer","alpha=11.33,sigma=1.94"
2026-03-15 10:27:19,093 - INFO - [pipeline.py:248] - [Grade: A] Saved to: /Users/kenfasano/Scripts/ScreenArt/Images/TransformedImages/cubes_5-A.jpeg
2026-03-15 10:27:19,150 - INFO - [pipeline.py:136] - "KaleidoscopeTransformer","cx_off=-0.01,cy_off=-0.05,segments=6"
2026-03-15 10:27:19,211 - INFO - [pipeline.py:136] - "FlipWilsonTransformer","keep=right,narrow=0.21"
2026-03-15 10:27:19,227 - INFO - [pipeline.py:248] - [Grade: A] Saved to: /Users/kenfasano/Scripts/ScreenArt/Images/TransformedImages/cubes_6-A.jpeg
2026-03-15 10:27:19,247 - INFO - [pipeline.py:136] - "PosterizationTransformer","levels=4"
2026-03-15 10:27:19,371 - INFO - [pipeline.py:136] - "SwirlWarpTransformer","strength=1.50"
2026-03-15 10:27:19,411 - INFO - [pipeline.py:248] - [Grade: A] Saved to: /Users/kenfasano/Scripts/ScreenArt/Images/TransformedImages/cubes_1-A.jpeg
2026-03-15 10:27:19,421 - INFO - [pipeline.py:136] - "GlitchWarpTransformer","intensity=0.01"
2026-03-15 10:27:19,504 - INFO - [pipeline.py:136] - "VoronoiTransformer","edge_blend=1,num_points=283"
2026-03-15 10:27:19,513 - INFO - [pipeline.py:136] - "FractalWarpTransformer","iter=1,scale=0.05"
2026-03-15 10:27:19,527 - INFO - [pipeline.py:136] - "FlipWilsonTransformer","keep=right,narrow=0.21"
2026-03-15 10:27:19,531 - INFO - [pipeline.py:248] - [Grade: A] Saved to: /Users/kenfasano/Scripts/ScreenArt/Images/TransformedImages/M64_RC_tamanti_c800-A.jpg
2026-03-15 10:27:19,538 - INFO - [pipeline.py:136] - "PosterizationTransformer","levels=4"
2026-03-15 10:27:19,571 - INFO - [pipeline.py:136] - "OilPaintingTransformer","dyn_ratio=2,size=4"
2026-03-15 10:27:19,605 - INFO - [pipeline.py:136] - "WheelTransformer","blend=lighter,copies=3"
2026-03-15 10:27:19,611 - INFO - [pipeline.py:248] - [Grade: A] Saved to: /Users/kenfasano/Scripts/ScreenArt/Images/TransformedImages/JwstLaunch_Arianespace_1080-A.jpg
2026-03-15 10:27:19,696 - INFO - [pipeline.py:136] - "WatercolorTransformer","scale=0.85,style=monet"
2026-03-15 10:27:19,714 - INFO - [pipeline.py:136] - "MeltMorphTransformer","intensity=0.50"
2026-03-15 10:27:19,749 - INFO - [pipeline.py:136] - "WheelTransformer","blend=lighter,copies=3"
2026-03-15 10:27:19,756 - INFO - [pipeline.py:248] - [Grade: A] Saved to: /Users/kenfasano/Scripts/ScreenArt/Images/TransformedImages/SHonda_ISS-Dragon-NY-0530_1024-A.jpg
2026-03-15 10:27:19,763 - INFO - [pipeline.py:136] - "FluidWarpTransformer","alpha=18.66,sigma=4.34"
2026-03-15 10:27:19,767 - INFO - [pipeline.py:136] - "ChromaticAberrationTransformer","angle=348.60,edge_fade=1,shift=16.60"
2026-03-15 10:27:19,775 - INFO - [pipeline.py:136] - "MeltMorphTransformer","intensity=0.50"
2026-03-15 10:27:19,779 - INFO - [pipeline.py:248] - [Grade: A] Saved to: /Users/kenfasano/Scripts/ScreenArt/Images/TransformedImages/gaspra_galileo-A.jpg
2026-03-15 10:27:19,842 - INFO - [pipeline.py:136] - "PixelSortTransformer","direction=rows,high=0.92,low=0.10,sort_key=blue"
2026-03-15 10:27:19,856 - INFO - [pipeline.py:136] - "FractalWarpTransformer","iter=1,scale=0.05"
2026-03-15 10:27:19,900 - INFO - [pipeline.py:136] - "VoronoiTransformer","edge_blend=1,num_points=74"
2026-03-15 10:27:19,907 - INFO - [pipeline.py:248] - [Grade: C] Saved to: /Users/kenfasano/Scripts/ScreenArt/Images/TransformedImages/airglow120824_ladanyi_600h-C.jpg
2026-03-15 10:27:19,920 - INFO - [pipeline.py:136] - "RadialWarpTransformer","radius=0.25,strength=86.60705640868201,style=push"
2026-03-15 10:27:19,933 - INFO - [pipeline.py:136] - "ChromaticAberrationTransformer","angle=106.70,edge_fade=1,shift=11.00"
2026-03-15 10:27:19,951 - INFO - [pipeline.py:136] - "ThermalImagingTransformer","thermal=True"
2026-03-15 10:27:19,961 - INFO - [pipeline.py:248] - [Grade: A] Saved to: /Users/kenfasano/Scripts/ScreenArt/Images/TransformedImages/butterfly_hst-A.jpg
2026-03-15 10:27:19,984 - INFO - [pipeline.py:136] - "FractalWarpTransformer","iter=1,scale=0.05"
2026-03-15 10:27:20,035 - INFO - [pipeline.py:136] - "WheelTransformer","blend=lighter,copies=3"
2026-03-15 10:27:20,048 - INFO - [pipeline.py:136] - "FisheyeTransformer","shape=circle,strength=0.72,zoom=0.92"
2026-03-15 10:27:20,075 - INFO - [pipeline.py:136] - "FluidWarpTransformer","alpha=14.37,sigma=7.97"
2026-03-15 10:27:20,085 - INFO - [pipeline.py:248] - [Grade: B] Saved to: /Users/kenfasano/Scripts/ScreenArt/Images/TransformedImages/g292chandra-B.jpg
2026-03-15 10:27:20,138 - INFO - [pipeline.py:136] - "PixelSortTransformer","direction=cols,high=0.75,low=0.28,sort_key=brightness"
2026-03-15 10:27:20,148 - INFO - [pipeline.py:136] - "FisheyeTransformer","shape=circle,strength=0.47,zoom=0.96"
2026-03-15 10:27:20,247 - INFO - [pipeline.py:136] - "WatercolorTransformer","scale=0.85,style=psychedelic"
2026-03-15 10:27:20,262 - INFO - [pipeline.py:136] - "ThermalImagingTransformer","thermal=True"
2026-03-15 10:27:20,271 - INFO - [pipeline.py:248] - [Grade: A] Saved to: /Users/kenfasano/Scripts/ScreenArt/Images/TransformedImages/235794main_GPN-2006-000025_1024x865-A.jpg
2026-03-15 10:27:20,280 - INFO - [pipeline.py:136] - "ThermalImagingTransformer","thermal=True"
2026-03-15 10:27:20,293 - INFO - [pipeline.py:136] - "FlipWilsonTransformer","keep=right,narrow=0.21"
2026-03-15 10:27:20,296 - INFO - [pipeline.py:136] - "PosterizationTransformer","levels=4"
2026-03-15 10:27:20,301 - INFO - [pipeline.py:248] - [Grade: B] Saved to: /Users/kenfasano/Scripts/ScreenArt/Images/TransformedImages/earthlights2_dmsp-B.jpg
2026-03-15 10:27:20,409 - INFO - [pipeline.py:136] - "VoronoiTransformer","edge_blend=1,num_points=288"
2026-03-15 10:27:20,415 - INFO - [pipeline.py:248] - [Grade: A] Saved to: /Users/kenfasano/Scripts/ScreenArt/Images/TransformedImages/SiccarPoint_CuriosityGill_1080-A.jpg
2026-03-15 10:27:20,422 - INFO - [pipeline.py:136] - "DataMoshTransformer","intensity=0.02"
2026-03-15 10:27:20,461 - INFO - [pipeline.py:136] - "VoronoiTransformer","edge_blend=1,num_points=203"
2026-03-15 10:27:20,469 - INFO - [pipeline.py:136] - "FlipWilsonTransformer","keep=right,narrow=0.21"
2026-03-15 10:27:20,474 - INFO - [pipeline.py:136] - "FractalWarpTransformer","iter=1,scale=0.05"
2026-03-15 10:27:20,478 - INFO - [pipeline.py:248] - [Grade: A] Saved to: /Users/kenfasano/Scripts/ScreenArt/Images/TransformedImages/sonicboomplane_navy-A.jpg
2026-03-15 10:27:20,900 - INFO - [pipeline.py:136] - "PixelSortTransformer","direction=cols,high=0.66,low=0.17,sort_key=red"
2026-03-15 10:27:20,933 - INFO - [pipeline.py:136] - "FractalWarpTransformer","iter=1,scale=0.05"
2026-03-15 10:27:20,946 - INFO - [pipeline.py:136] - "PosterizationTransformer","levels=4"
2026-03-15 10:27:21,008 - INFO - [pipeline.py:136] - "FlipWilsonTransformer","keep=right,narrow=0.21"
2026-03-15 10:27:21,026 - INFO - [pipeline.py:248] - [Grade: A] Saved to: /Users/kenfasano/Scripts/ScreenArt/Images/TransformedImages/nasa_earth_1_Paris_True_Color-A.jpeg
2026-03-15 10:27:21,046 - INFO - [pipeline.py:136] - "PosterizationTransformer","levels=4"
2026-03-15 10:27:21,060 - INFO - [pipeline.py:248] - [Grade: A] Saved to: /Users/kenfasano/Scripts/ScreenArt/Images/TransformedImages/noaa_goes_1_se_Fire_Temperature-A.jpeg
2026-03-15 10:27:21,348 - INFO - [pipeline.py:136] - "WatercolorTransformer","scale=0.85,style=psychedelic"
2026-03-15 10:27:21,421 - INFO - [pipeline.py:136] - "HalftoneTransformer","size=2"
2026-03-15 10:27:21,545 - INFO - [pipeline.py:136] - "WheelTransformer","blend=lighter,copies=3"
2026-03-15 10:27:21,565 - INFO - [pipeline.py:248] - [Grade: A] Saved to: /Users/kenfasano/Scripts/ScreenArt/Images/TransformedImages/Kirche_G-A.jpeg
2026-03-15 10:27:21,586 - INFO - [pipeline.py:136] - "MeltMorphTransformer","intensity=0.50"
2026-03-15 10:27:21,614 - INFO - [pipeline.py:136] - "OilPaintingTransformer","dyn_ratio=3,size=3"
2026-03-15 10:27:21,627 - INFO - [pipeline.py:136] - "ThermalImagingTransformer","thermal=True"
2026-03-15 10:27:21,635 - INFO - [pipeline.py:248] - [Grade: B] Saved to: /Users/kenfasano/Scripts/ScreenArt/Images/TransformedImages/960px-Sulphur_S-B.jpeg
2026-03-15 10:27:21,645 - INFO - [pipeline.py:136] - "ChromaticAberrationTransformer","angle=95.90,edge_fade=1,shift=17.50"
2026-03-15 10:27:21,654 - INFO - [pipeline.py:136] - "FractalWarpTransformer","iter=1,scale=0.05"
2026-03-15 10:27:21,662 - INFO - [pipeline.py:136] - "GlitchWarpTransformer","intensity=0.01"
2026-03-15 10:27:21,668 - INFO - [pipeline.py:248] - [Grade: A] Saved to: /Users/kenfasano/Scripts/ScreenArt/Images/TransformedImages/500px-Italiarre-A.jpeg
2026-03-15 10:27:21,706 - INFO - [pipeline.py:136] - "PosterizationTransformer","levels=4"
2026-03-15 10:27:22,220 - INFO - [pipeline.py:136] - "VoronoiTransformer","edge_blend=1,num_points=310"
2026-03-15 10:27:22,360 - INFO - [pipeline.py:136] - "WheelTransformer","blend=lighter,copies=3"
2026-03-15 10:27:22,385 - INFO - [pipeline.py:248] - [Grade: A] Saved to: /Users/kenfasano/Scripts/ScreenArt/Images/TransformedImages/Shinyrib-A.jpeg
2026-03-15 10:27:22,429 - INFO - [pipeline.py:136] - "StippleTransformer","bg=black,dot_radius=6,jitter=1,spacing=17"
2026-03-15 10:27:22,611 - INFO - [pipeline.py:136] - "VoronoiTransformer","edge_blend=1,num_points=92"
2026-03-15 10:27:22,681 - INFO - [pipeline.py:136] - "HalftoneTransformer","size=2"
2026-03-15 10:27:22,702 - INFO - [pipeline.py:248] - [Grade: F] Saved to: /Users/kenfasano/Scripts/ScreenArt/Images/Rejected/Gas_stas-F.jpeg
2026-03-15 10:27:23,062 - INFO - [pipeline.py:136] - "VoronoiTransformer","edge_blend=1,num_points=86"
2026-03-15 10:27:23,230 - INFO - [pipeline.py:136] - "MeltMorphTransformer","intensity=0.50"
2026-03-15 10:27:23,318 - INFO - [pipeline.py:136] - "ThermalImagingTransformer","thermal=True"
2026-03-15 10:27:23,632 - INFO - [pipeline.py:136] - "OilPaintingTransformer","dyn_ratio=8,size=6"
2026-03-15 10:27:23,674 - INFO - [pipeline.py:248] - [Grade: A] Saved to: /Users/kenfasano/Scripts/ScreenArt/Images/TransformedImages/Attic_bl-A.jpeg
2026-03-15 10:27:23,697 - INFO - [pipeline.py:136] - "ColormapTransformer","map=spring"
2026-03-15 10:27:23,725 - INFO - [pipeline.py:136] - "GlitchWarpTransformer","intensity=0.01"
2026-03-15 10:27:23,747 - INFO - [pipeline.py:248] - [Grade: B] Saved to: /Users/kenfasano/Scripts/ScreenArt/Images/TransformedImages/lojong_2-B-tile.jpeg
2026-03-15 10:27:23,850 - INFO - [pipeline.py:136] - "OilPaintingTransformer","dyn_ratio=5,size=3"
2026-03-15 10:27:23,886 - INFO - [pipeline.py:136] - "ThermalImagingTransformer","thermal=True"
2026-03-15 10:27:23,994 - INFO - [pipeline.py:136] - "WheelTransformer","blend=lighter,copies=3"
2026-03-15 10:27:24,011 - INFO - [pipeline.py:248] - [Grade: A] Saved to: /Users/kenfasano/Scripts/ScreenArt/Images/TransformedImages/lojong_3-A-columns.jpeg
2026-03-15 10:27:24,033 - INFO - [pipeline.py:136] - "PosterizationTransformer","levels=4"
2026-03-15 10:27:24,166 - INFO - [pipeline.py:136] - "PixelSortTransformer","direction=cols,high=0.88,low=0.24,sort_key=green"
2026-03-15 10:27:24,200 - INFO - [pipeline.py:136] - "FractalWarpTransformer","iter=1,scale=0.05"
2026-03-15 10:27:24,213 - INFO - [pipeline.py:136] - "ColormapTransformer","map=bone"
2026-03-15 10:27:24,231 - INFO - [pipeline.py:248] - [Grade: A] Saved to: /Users/kenfasano/Scripts/ScreenArt/Images/TransformedImages/lojong_8-A-scatter.jpeg
2026-03-15 10:27:24,384 - INFO - [pipeline.py:136] - "OilPaintingTransformer","dyn_ratio=7,size=8"
2026-03-15 10:27:24,402 - INFO - [pipeline.py:248] - [Grade: F] Saved to: /Users/kenfasano/Scripts/ScreenArt/Images/Rejected/lojong_4-F-hero.jpeg
2026-03-15 10:27:24,515 - INFO - [pipeline.py:136] - "WheelTransformer","blend=lighter,copies=3"
2026-03-15 10:27:24,541 - INFO - [pipeline.py:136] - "ChromaticAberrationTransformer","angle=252.60,edge_fade=1,shift=11.20"
2026-03-15 10:27:24,559 - INFO - [pipeline.py:248] - [Grade: A] Saved to: /Users/kenfasano/Scripts/ScreenArt/Images/TransformedImages/lojong_5-A-scatter.jpeg
2026-03-15 10:27:24,606 - INFO - [pipeline.py:136] - "StippleTransformer","bg=complement,dot_radius=4,jitter=1,spacing=11"
2026-03-15 10:27:24,634 - INFO - [pipeline.py:136] - "GlitchWarpTransformer","intensity=0.01"
2026-03-15 10:27:24,672 - INFO - [pipeline.py:136] - "SwirlWarpTransformer","strength=1.50"
2026-03-15 10:27:24,694 - INFO - [pipeline.py:248] - [Grade: C] Saved to: /Users/kenfasano/Scripts/ScreenArt/Images/TransformedImages/lojong_9-C-tile.jpeg
2026-03-15 10:27:24,806 - INFO - [pipeline.py:136] - "WheelTransformer","blend=lighter,copies=3"
2026-03-15 10:27:24,831 - INFO - [pipeline.py:136] - "ChromaticAberrationTransformer","angle=279.50,edge_fade=1,shift=6.50"
2026-03-15 10:27:24,879 - INFO - [pipeline.py:136] - "HalftoneTransformer","size=2"
2026-03-15 10:27:24,892 - INFO - [pipeline.py:136] - "ColormapTransformer","map=rainbow"
2026-03-15 10:27:24,910 - INFO - [pipeline.py:248] - [Grade: C] Saved to: /Users/kenfasano/Scripts/ScreenArt/Images/TransformedImages/lojong_6-C-hero.jpeg
2026-03-15 10:27:25,062 - INFO - [pipeline.py:136] - "OilPaintingTransformer","dyn_ratio=8,size=8"
2026-03-15 10:27:25,403 - INFO - [pipeline.py:136] - "VoronoiTransformer","edge_blend=1,num_points=270"
2026-03-15 10:27:25,422 - INFO - [pipeline.py:248] - [Grade: A] Saved to: /Users/kenfasano/Scripts/ScreenArt/Images/TransformedImages/lojong_7-A-scatter.jpeg
2026-03-15 10:27:25,465 - INFO - [pipeline.py:136] - "ThermalImagingTransformer","thermal=True"
2026-03-15 10:27:25,484 - INFO - [pipeline.py:248] - [Grade: A] Saved to: /Users/kenfasano/Scripts/ScreenArt/Images/TransformedImages/lojong_0-A-scatter.jpeg
2026-03-15 10:27:25,539 - INFO - [pipeline.py:136] - "HalftoneTransformer","size=2"
2026-03-15 10:27:25,556 - INFO - [pipeline.py:248] - [Grade: C] Saved to: /Users/kenfasano/Scripts/ScreenArt/Images/TransformedImages/lojong_1-C-tile.jpeg
2026-03-15 10:27:25,605 - INFO - [pipeline.py:136] - "ThermalImagingTransformer","thermal=True"
2026-03-15 10:27:25,712 - INFO - [pipeline.py:136] - "WheelTransformer","blend=lighter,copies=3"
2026-03-15 10:27:25,877 - INFO - [pipeline.py:136] - "PixelSortTransformer","direction=cols,high=0.85,low=0.30,sort_key=saturation"
2026-03-15 10:27:25,897 - INFO - [pipeline.py:248] - [Grade: B] Saved to: /Users/kenfasano/Scripts/ScreenArt/Images/TransformedImages/psalms_17-B-columns.jpeg
2026-03-15 10:27:26,314 - INFO - [pipeline.py:136] - "VoronoiTransformer","edge_blend=1,num_points=328"
2026-03-15 10:27:26,327 - INFO - [pipeline.py:136] - "ColormapTransformer","map=hsv"
2026-03-15 10:27:26,382 - INFO - [pipeline.py:136] - "MeltMorphTransformer","intensity=0.50"
2026-03-15 10:27:26,401 - INFO - [pipeline.py:248] - [Grade: A] Saved to: /Users/kenfasano/Scripts/ScreenArt/Images/TransformedImages/psalms_61-A-hero.jpeg
2026-03-15 10:27:26,447 - INFO - [pipeline.py:136] - "DataMoshTransformer","intensity=0.01"
2026-03-15 10:27:26,470 - INFO - [pipeline.py:136] - "RadialWarpTransformer","radius=0.25,strength=66.24321136160496,36.566663103032305,96.8618086941535,style=pull,pull,push"
2026-03-15 10:27:26,504 - INFO - [pipeline.py:136] - "FractalWarpTransformer","iter=1,scale=0.05"
2026-03-15 10:27:26,523 - INFO - [pipeline.py:248] - [Grade: C] Saved to: /Users/kenfasano/Scripts/ScreenArt/Images/TransformedImages/psalms_69-C-columns.jpeg
2026-03-15 10:27:26,549 - INFO - [pipeline.py:136] - "ColormapTransformer","map=hsv"
2026-03-15 10:27:26,589 - INFO - [pipeline.py:136] - "ThermalImagingTransformer","thermal=True"
2026-03-15 10:27:26,613 - INFO - [pipeline.py:248] - [Grade: C] Saved to: /Users/kenfasano/Scripts/ScreenArt/Images/TransformedImages/psalms_4-C-columns.jpeg
2026-03-15 10:27:26,671 - INFO - [pipeline.py:136] - "FluidWarpTransformer","alpha=1.60,sigma=6.75"
2026-03-15 10:27:26,731 - INFO - [pipeline.py:136] - "FlipWilsonTransformer","keep=right,narrow=0.21"
2026-03-15 10:27:26,759 - INFO - [pipeline.py:136] - "GlitchWarpTransformer","intensity=0.01"
2026-03-15 10:27:26,779 - INFO - [pipeline.py:248] - [Grade: A] Saved to: /Users/kenfasano/Scripts/ScreenArt/Images/TransformedImages/psalms_144-A-tile.jpeg
2026-03-15 10:27:26,800 - INFO - [pipeline.py:136] - "PosterizationTransformer","levels=4"
2026-03-15 10:27:26,838 - INFO - [pipeline.py:136] - "SwirlWarpTransformer","strength=1.50"
2026-03-15 10:27:26,858 - INFO - [pipeline.py:248] - [Grade: A] Saved to: /Users/kenfasano/Scripts/ScreenArt/Images/TransformedImages/psalms_54-A-tile.jpeg
2026-03-15 10:27:26,885 - INFO - [pipeline.py:136] - "RadialWarpTransformer","radius=0.25,strength=132.76635623098628,style=pull"
2026-03-15 10:27:26,926 - INFO - [pipeline.py:136] - "ThermalImagingTransformer","thermal=True"
2026-03-15 10:27:26,974 - INFO - [pipeline.py:136] - "HalftoneTransformer","size=2"
2026-03-15 10:27:26,992 - INFO - [pipeline.py:248] - [Grade: A] Saved to: /Users/kenfasano/Scripts/ScreenArt/Images/TransformedImages/psalms_34-A-columns.jpeg
2026-03-15 10:27:27,038 - INFO - [pipeline.py:136] - "ThermalImagingTransformer","thermal=True"
2026-03-15 10:27:27,058 - INFO - [pipeline.py:248] - [Grade: C] Saved to: /Users/kenfasano/Scripts/ScreenArt/Images/TransformedImages/psalms_132-C-hero.jpeg
2026-03-15 10:27:27,100 - INFO - [pipeline.py:136] - "FractalWarpTransformer","iter=1,scale=0.05"
2026-03-15 10:27:27,120 - INFO - [pipeline.py:248] - [Grade: A] Saved to: /Users/kenfasano/Scripts/ScreenArt/Images/TransformedImages/psalms_80-A-hero.jpeg
2026-03-15 10:27:27,164 - INFO - [pipeline.py:136] - "FractalWarpTransformer","iter=1,scale=0.05"
2026-03-15 10:27:27,212 - INFO - [pipeline.py:136] - "HalftoneTransformer","size=2"
2026-03-15 10:27:27,319 - INFO - [pipeline.py:136] - "WheelTransformer","blend=lighter,copies=3"
2026-03-15 10:27:27,712 - INFO - [pipeline.py:136] - "VoronoiTransformer","edge_blend=1,num_points=301"
2026-03-15 10:27:27,729 - INFO - [pipeline.py:248] - [Grade: A] Saved to: /Users/kenfasano/Scripts/ScreenArt/Images/TransformedImages/psalms_128-A-columns.jpeg
2026-03-15 10:27:27,739 - INFO - [pipeline.py:136] - "FisheyeTransformer","shape=oval,strength=0.22,zoom=1.08"
2026-03-15 10:27:27,751 - INFO - [pipeline.py:136] - "ThermalImagingTransformer","thermal=True"
2026-03-15 10:27:27,760 - INFO - [pipeline.py:136] - "GlitchWarpTransformer","intensity=0.01"
2026-03-15 10:27:27,767 - INFO - [pipeline.py:248] - [Grade: A] Saved to: /Users/kenfasano/Scripts/ScreenArt/Images/TransformedImages/peripheral_drift_2-A.jpeg
2026-03-15 10:27:27,777 - INFO - [pipeline.py:136] - "FisheyeTransformer","shape=oval,strength=0.80,zoom=1.13"
2026-03-15 10:27:27,792 - INFO - [pipeline.py:136] - "FluidWarpTransformer","alpha=5.16,sigma=7.78"
2026-03-15 10:27:27,800 - INFO - [pipeline.py:136] - "GlitchWarpTransformer","intensity=0.01"
2026-03-15 10:27:27,813 - INFO - [pipeline.py:136] - "ThermalImagingTransformer","thermal=True"
2026-03-15 10:27:27,820 - INFO - [pipeline.py:248] - [Grade: B] Saved to: /Users/kenfasano/Scripts/ScreenArt/Images/TransformedImages/peripheral_drift_3-B.jpeg
2026-03-15 10:27:27,853 - INFO - [pipeline.py:136] - "WheelTransformer","blend=lighter,copies=3"
2026-03-15 10:27:27,865 - INFO - [pipeline.py:136] - "ThermalImagingTransformer","thermal=True"
2026-03-15 10:27:27,874 - INFO - [pipeline.py:136] - "RadialWarpTransformer","radius=0.25,strength=99.88593057173773,137.0040139651377,130.06009010040418,style=pull,push,pull"
2026-03-15 10:27:27,880 - INFO - [pipeline.py:248] - [Grade: A] Saved to: /Users/kenfasano/Scripts/ScreenArt/Images/TransformedImages/peripheral_drift_1-A.jpeg
2026-03-15 10:27:27,881 - INFO - [main.py:188] - VoronoiTransformer
2026-03-15 10:27:27,881 - INFO - [main.py:188] - PixelSortTransformer
2026-03-15 10:27:27,881 - INFO - [main.py:188] - WatercolorTransformer
2026-03-15 10:27:27,881 - INFO - [main.py:188] - OilPaintingTransformer
2026-03-15 10:27:27,881 - INFO - [main.py:188] - WheelTransformer
2026-03-15 10:27:27,881 - INFO - [main.py:188] - HalftoneTransformer
2026-03-15 10:27:27,881 - INFO - [main.py:188] - SwirlWarpTransformer
2026-03-15 10:27:27,881 - INFO - [main.py:188] - MeltMorphTransformer
2026-03-15 10:27:27,881 - INFO - [main.py:188] - KaleidoscopeTransformer
2026-03-15 10:27:27,881 - INFO - [main.py:188] - FlipWilsonTransformer
2026-03-15 10:27:27,881 - INFO - [main.py:188] - DataMoshTransformer
2026-03-15 10:27:27,881 - INFO - [main.py:188] - StippleTransformer
2026-03-15 10:27:27,881 - INFO - [main.py:188] - ThermalImagingTransformer
2026-03-15 10:27:27,881 - INFO - [main.py:188] - FractalWarpTransformer
2026-03-15 10:27:27,881 - INFO - [main.py:188] - FluidWarpTransformer
2026-03-15 10:27:27,881 - INFO - [main.py:188] - GlitchWarpTransformer
2026-03-15 10:27:27,881 - INFO - [main.py:188] - FisheyeTransformer
2026-03-15 10:27:27,881 - INFO - [main.py:188] - ChromaticAberrationTransformer
2026-03-15 10:27:27,881 - INFO - [main.py:188] - RadialWarpTransformer
2026-03-15 10:27:27,881 - INFO - [main.py:188] - ColormapTransformer
2026-03-15 10:27:27,881 - INFO - [main.py:188] - PosterizationTransformer
2026-03-15 10:27:27,881 - INFO - [main.py:231] - 23s@10:27 ✓
Accepted: 55
Rejected: 3
---
Bible                      ->  3845ms
Wiki                       ->  3204ms
Lojong                     ->  2383ms
Nasa                       ->  1323ms
GoesGenerator              ->   600ms
Bubbles                    ->   456ms
Cubes                      ->   196ms
NasaMapGenerator           ->   186ms
PeripheralDriftIllusion    ->    41ms
---
VoronoiTransformer               -> Min:    39ms | Avg:   244ms | Max:   515ms
PixelSortTransformer             -> Min:    50ms | Avg:   160ms | Max:   410ms
WatercolorTransformer            -> Min:    78ms | Avg:   150ms | Max:   274ms
OilPaintingTransformer           -> Min:    29ms | Avg:   127ms | Max:   314ms
WheelTransformer                 -> Min:    30ms | Avg:    90ms | Max:   139ms
HalftoneTransformer              -> Min:    47ms | Avg:    55ms | Max:    74ms
SwirlWarpTransformer             -> Min:    38ms | Avg:    55ms | Max:   124ms
MeltMorphTransformer             -> Min:     8ms | Avg:    53ms | Max:   167ms
KaleidoscopeTransformer          -> Min:    50ms | Avg:    50ms | Max:    50ms
FlipWilsonTransformer            -> Min:     8ms | Avg:    48ms | Max:    65ms
DataMoshTransformer              -> Min:     5ms | Avg:    32ms | Max:    40ms
StippleTransformer               -> Min:    22ms | Avg:    32ms | Max:    39ms
ThermalImagingTransformer        -> Min:     7ms | Avg:    31ms | Max:    88ms
FractalWarpTransformer           -> Min:     5ms | Avg:    26ms | Max:    43ms
FluidWarpTransformer             -> Min:     6ms | Avg:    25ms | Max:    46ms
GlitchWarpTransformer            -> Min:     7ms | Avg:    18ms | Max:    29ms
FisheyeTransformer               -> Min:     7ms | Avg:    15ms | Max:    40ms
ChromaticAberrationTransformer   -> Min:     4ms | Avg:    15ms | Max:    26ms
RadialWarpTransformer            -> Min:     8ms | Avg:    14ms | Max:    24ms
ColormapTransformer              -> Min:    13ms | Avg:    13ms | Max:    14ms
PosterizationTransformer         -> Min:     2ms | Avg:    12ms | Max:    23ms
