2026-03-09 17:39:43,855 - INFO - [pipeline.py:48] - "FractalWarpTransformer","iter=1,scale=0.05"
2026-03-09 17:39:43,927 - INFO - [pipeline.py:48] - "AnamorphicTransformer","intensity=0.0,0.2,0.4,0.6,0.8,thresh=80"
2026-03-09 17:39:43,944 - INFO - [pipeline.py:139] - [Grade: A] Saved to: /Users/kenfasano/Scripts/ScreenArt/Images/TransformedImages/bubbles_4-A.jpeg
2026-03-09 17:39:43,992 - INFO - [pipeline.py:48] - "ThreeDExtrusionTransformer","ambient=0.38,intensity=0.50"
2026-03-09 17:39:44,009 - INFO - [pipeline.py:139] - [Grade: F] Saved to: /Users/kenfasano/Scripts/ScreenArt/Images/Rejected/bubbles_8-F.jpeg
2026-03-09 17:39:44,280 - INFO - [pipeline.py:48] - "WatercolorTransformer","scale=0.85,style=monet"
2026-03-09 17:39:44,298 - INFO - [pipeline.py:139] - [Grade: A] Saved to: /Users/kenfasano/Scripts/ScreenArt/Images/TransformedImages/bubbles_9-A.jpeg
2026-03-09 17:39:44,338 - INFO - [pipeline.py:48] - "ThreeDExtrusionTransformer","ambient=0.39,intensity=0.50"
2026-03-09 17:39:44,359 - INFO - [pipeline.py:48] - "RadialWarpTransformer","radius=0.25,strength=119.56823226793074,70.62480335051285,style=pull,pull"
2026-03-09 17:39:44,575 - INFO - [pipeline.py:48] - "WatercolorTransformer","scale=0.85,style=monet"
2026-03-09 17:39:44,591 - INFO - [pipeline.py:139] - [Grade: F] Saved to: /Users/kenfasano/Scripts/ScreenArt/Images/Rejected/bubbles_5-F.jpeg
2026-03-09 17:39:44,709 - INFO - [pipeline.py:48] - "WheelTransformer","blend=lighter,copies=3"
2026-03-09 17:39:44,766 - INFO - [pipeline.py:48] - "AnamorphicTransformer","intensity=0.0,0.2,0.4,0.6,0.8,thresh=80"
2026-03-09 17:39:44,797 - INFO - [pipeline.py:48] - "ThreeDExtrusionTransformer","ambient=0.38,intensity=0.50"
2026-03-09 17:39:44,891 - INFO - [pipeline.py:48] - "XrayTransformer","colors=128"
2026-03-09 17:39:44,907 - INFO - [pipeline.py:139] - [Grade: C] Saved to: /Users/kenfasano/Scripts/ScreenArt/Images/TransformedImages/bubbles_2-C.jpeg
2026-03-09 17:39:44,943 - INFO - [pipeline.py:48] - "GlitchWarpTransformer","intensity=0.01"
2026-03-09 17:39:44,996 - INFO - [pipeline.py:48] - "MeltMorphTransformer","intensity=0.50"
2026-03-09 17:39:45,037 - INFO - [pipeline.py:48] - "SwirlWarpTransformer","strength=1.50"
2026-03-09 17:39:45,056 - INFO - [pipeline.py:139] - [Grade: B] Saved to: /Users/kenfasano/Scripts/ScreenArt/Images/TransformedImages/bubbles_3-B.jpeg
2026-03-09 17:39:45,092 - INFO - [pipeline.py:48] - "GlitchWarpTransformer","intensity=0.01"
2026-03-09 17:39:45,177 - INFO - [pipeline.py:48] - "DuotoneTransformer","highlight=#9490c2,shadow=#4a3705"
2026-03-09 17:39:45,395 - INFO - [pipeline.py:48] - "WatercolorTransformer","scale=0.85,style=psychedelic"
2026-03-09 17:39:45,411 - INFO - [pipeline.py:139] - [Grade: F] Saved to: /Users/kenfasano/Scripts/ScreenArt/Images/Rejected/bubbles_10-F.jpeg
2026-03-09 17:39:45,425 - INFO - [pipeline.py:48] - "PosterizationTransformer","levels=4"
2026-03-09 17:39:45,471 - INFO - [pipeline.py:48] - "XrayTransformer","colors=8"
2026-03-09 17:39:45,494 - INFO - [pipeline.py:48] - "RadialWarpTransformer","radius=0.25,strength=114.34421454666419,112.03864288104286,37.70400362991677,style=push,pull,pull"
2026-03-09 17:39:45,521 - INFO - [pipeline.py:48] - "GlitchWarpTransformer","intensity=0.01"
2026-03-09 17:39:45,536 - INFO - [pipeline.py:139] - [Grade: F] Saved to: /Users/kenfasano/Scripts/ScreenArt/Images/Rejected/bubbles_1-F.jpeg
2026-03-09 17:39:45,571 - INFO - [pipeline.py:48] - "GlitchWarpTransformer","intensity=0.01"
2026-03-09 17:39:45,607 - INFO - [pipeline.py:48] - "ThermalImagingTransformer","thermal=True"
2026-03-09 17:39:45,624 - INFO - [pipeline.py:139] - [Grade: C] Saved to: /Users/kenfasano/Scripts/ScreenArt/Images/TransformedImages/bubbles_6-C.jpeg
2026-03-09 17:39:45,672 - INFO - [pipeline.py:48] - "ThermalImagingTransformer","thermal=True"
2026-03-09 17:39:45,703 - INFO - [pipeline.py:48] - "TritoneTransformer","highlight=#6e685b,mid=#2457cd,shadow=#02fc28"
2026-03-09 17:39:45,738 - INFO - [pipeline.py:48] - "DataMoshTransformer","intensity=0.01"
2026-03-09 17:39:45,780 - INFO - [pipeline.py:48] - "AnamorphicTransformer","intensity=0.0,0.2,0.4,0.6,0.8,thresh=80"
2026-03-09 17:39:45,795 - INFO - [pipeline.py:139] - [Grade: F] Saved to: /Users/kenfasano/Scripts/ScreenArt/Images/Rejected/bubbles_7-F.jpeg
2026-03-09 17:39:45,856 - INFO - [pipeline.py:48] - "MeltMorphTransformer","intensity=0.50"
2026-03-09 17:39:46,075 - INFO - [pipeline.py:48] - "WatercolorTransformer","scale=0.85,style=psychedelic"
2026-03-09 17:39:46,092 - INFO - [pipeline.py:139] - [Grade: A] Saved to: /Users/kenfasano/Scripts/ScreenArt/Images/TransformedImages/cubes_2-A.jpeg
2026-03-09 17:39:46,129 - INFO - [pipeline.py:48] - "TritoneTransformer","highlight=#f52c79,mid=#19ca7e,shadow=#87c775"
2026-03-09 17:39:46,145 - INFO - [pipeline.py:139] - [Grade: F] Saved to: /Users/kenfasano/Scripts/ScreenArt/Images/Rejected/cubes_3-F.jpeg
2026-03-09 17:39:46,177 - INFO - [pipeline.py:48] - "FisheyeTransformer","shape=oval,strength=0.73,zoom=0.93"
2026-03-09 17:39:46,205 - INFO - [pipeline.py:48] - "GlitchWarpTransformer","intensity=0.01"
2026-03-09 17:39:46,242 - INFO - [pipeline.py:48] - "ThermalImagingTransformer","thermal=True"
2026-03-09 17:39:46,255 - INFO - [pipeline.py:48] - "ColormapTransformer","map=spring"
2026-03-09 17:39:46,273 - INFO - [pipeline.py:139] - [Grade: B] Saved to: /Users/kenfasano/Scripts/ScreenArt/Images/TransformedImages/cubes_4-B.jpeg
2026-03-09 17:39:46,403 - INFO - [pipeline.py:48] - "XrayTransformer","colors=32"
2026-03-09 17:39:46,437 - INFO - [pipeline.py:48] - "FractalWarpTransformer","iter=1,scale=0.05"
2026-03-09 17:39:46,465 - INFO - [pipeline.py:48] - "GlitchWarpTransformer","intensity=0.01"
2026-03-09 17:39:46,488 - INFO - [pipeline.py:48] - "RadialWarpTransformer","radius=0.25,strength=116.47262858592555,36.39367145066263,70.68578079726808,style=pull,pull,pull"
2026-03-09 17:39:46,505 - INFO - [pipeline.py:139] - [Grade: C] Saved to: /Users/kenfasano/Scripts/ScreenArt/Images/TransformedImages/cubes_5-C.jpeg
2026-03-09 17:39:46,627 - INFO - [pipeline.py:48] - "XrayTransformer","colors=4"
2026-03-09 17:39:46,667 - INFO - [pipeline.py:48] - "AnamorphicTransformer","intensity=0.0,0.2,0.4,0.6,0.8,thresh=80"
2026-03-09 17:39:46,697 - INFO - [pipeline.py:48] - "FluidWarpTransformer","alpha=11.46,sigma=0.85"
2026-03-09 17:39:46,780 - INFO - [pipeline.py:48] - "DuotoneTransformer","highlight=#de5ea1,shadow=#930522"
2026-03-09 17:39:46,795 - INFO - [pipeline.py:139] - [Grade: F] Saved to: /Users/kenfasano/Scripts/ScreenArt/Images/Rejected/cubes_6-F.jpeg
2026-03-09 17:39:46,840 - INFO - [pipeline.py:48] - "HalftoneTransformer","size=2"
2026-03-09 17:39:46,877 - INFO - [pipeline.py:48] - "DataMoshTransformer","intensity=0.02"
2026-03-09 17:39:46,893 - INFO - [pipeline.py:139] - [Grade: F] Saved to: /Users/kenfasano/Scripts/ScreenArt/Images/Rejected/cubes_1-F.jpeg
2026-03-09 17:39:46,903 - INFO - [pipeline.py:48] - "GlitchWarpTransformer","intensity=0.01"
2026-03-09 17:39:46,908 - INFO - [pipeline.py:139] - [Grade: A] Saved to: /Users/kenfasano/Scripts/ScreenArt/Images/TransformedImages/ar1944_alean_mg_6384h900-A.jpg
2026-03-09 17:39:46,945 - INFO - [pipeline.py:48] - "ThermalImagingTransformer","thermal=True"
2026-03-09 17:39:46,965 - INFO - [pipeline.py:48] - "DataMoshTransformer","intensity=0.02"
2026-03-09 17:39:46,993 - INFO - [pipeline.py:48] - "HalftoneTransformer","size=2"
2026-03-09 17:39:47,003 - INFO - [pipeline.py:139] - [Grade: F] Saved to: /Users/kenfasano/Scripts/ScreenArt/Images/Rejected/GS_20210917_Handol_5651_Pan1024-F.jpg
2026-03-09 17:39:47,031 - INFO - [pipeline.py:48] - "AnamorphicTransformer","intensity=0.0,0.2,0.4,0.6,0.8,thresh=80"
2026-03-09 17:39:47,045 - INFO - [pipeline.py:48] - "ThermalImagingTransformer","thermal=True"
2026-03-09 17:39:47,057 - INFO - [pipeline.py:48] - "ThreeDExtrusionTransformer","ambient=0.59,intensity=0.50"
2026-03-09 17:39:47,068 - INFO - [pipeline.py:48] - "GlitchWarpTransformer","intensity=0.01"
2026-03-09 17:39:47,074 - INFO - [pipeline.py:139] - [Grade: B] Saved to: /Users/kenfasano/Scripts/ScreenArt/Images/TransformedImages/AnticrepRainbow_Rummel_1080-B.jpg
2026-03-09 17:39:47,083 - INFO - [pipeline.py:48] - "PosterizationTransformer","levels=4"
2026-03-09 17:39:47,107 - INFO - [pipeline.py:48] - "AnamorphicTransformer","intensity=0.0,0.2,0.4,0.6,0.8,thresh=80"
2026-03-09 17:39:47,165 - INFO - [pipeline.py:48] - "FlipWilsonTransformer","keep=bottom_right,narrow=0.28"
2026-03-09 17:39:47,174 - INFO - [pipeline.py:139] - [Grade: F] Saved to: /Users/kenfasano/Scripts/ScreenArt/Images/Rejected/JupiterAbyss_JunoEichstadt_1080-F.jpg
2026-03-09 17:39:47,201 - INFO - [pipeline.py:48] - "FlipWilsonTransformer","keep=bottom_right,narrow=0.28"
2026-03-09 17:39:47,206 - INFO - [pipeline.py:48] - "RadialWarpTransformer","radius=0.25,strength=85.19255830582952,style=push"
2026-03-09 17:39:47,210 - INFO - [pipeline.py:139] - [Grade: B] Saved to: /Users/kenfasano/Scripts/ScreenArt/Images/TransformedImages/cta1_fermi-B.jpg
2026-03-09 17:39:47,235 - INFO - [pipeline.py:48] - "DataMoshTransformer","intensity=0.02"
2026-03-09 17:39:47,245 - INFO - [pipeline.py:48] - "FluidWarpTransformer","alpha=18.50,sigma=1.27"
2026-03-09 17:39:47,280 - INFO - [pipeline.py:48] - "FlipWilsonTransformer","keep=bottom_right,narrow=0.28"
2026-03-09 17:39:47,351 - INFO - [pipeline.py:48] - "XrayTransformer","colors=16"
2026-03-09 17:39:47,357 - INFO - [pipeline.py:139] - [Grade: F] Saved to: /Users/kenfasano/Scripts/ScreenArt/Images/Rejected/Tse_2015_Svalbard_800mm_Nikon_D810-small-F.jpg
2026-03-09 17:39:47,365 - INFO - [pipeline.py:48] - "HalftoneTransformer","size=2"
2026-03-09 17:39:47,371 - INFO - [pipeline.py:48] - "XrayTransformer","colors=16"
2026-03-09 17:39:47,374 - INFO - [pipeline.py:139] - [Grade: F] Saved to: /Users/kenfasano/Scripts/ScreenArt/Images/Rejected/m55_mochejska_c1-F.jpg
2026-03-09 17:39:47,394 - INFO - [pipeline.py:48] - "SwirlWarpTransformer","strength=1.50"
2026-03-09 17:39:47,401 - INFO - [pipeline.py:139] - [Grade: A] Saved to: /Users/kenfasano/Scripts/ScreenArt/Images/TransformedImages/AtlasFields_Salazar_1080-A.jpg
2026-03-09 17:39:47,422 - INFO - [pipeline.py:48] - "AnamorphicTransformer","intensity=0.0,0.2,0.4,0.6,0.8,thresh=80"
2026-03-09 17:39:47,449 - INFO - [pipeline.py:48] - "DuotoneTransformer","highlight=#daff98,shadow=#bb478c"
2026-03-09 17:39:47,483 - INFO - [pipeline.py:48] - "WheelTransformer","blend=lighter,copies=3"
2026-03-09 17:39:47,489 - INFO - [pipeline.py:139] - [Grade: A] Saved to: /Users/kenfasano/Scripts/ScreenArt/Images/TransformedImages/SkyReflections_Godward_1080-A.jpg
2026-03-09 17:39:47,501 - INFO - [pipeline.py:48] - "HalftoneTransformer","size=2"
2026-03-09 17:39:47,516 - INFO - [pipeline.py:48] - "MeltMorphTransformer","intensity=0.50"
2026-03-09 17:39:47,523 - INFO - [pipeline.py:48] - "GlitchWarpTransformer","intensity=0.01"
2026-03-09 17:39:47,528 - INFO - [pipeline.py:48] - "RadialWarpTransformer","radius=0.25,strength=45.58906408129144,style=pull"
2026-03-09 17:39:47,532 - INFO - [pipeline.py:139] - [Grade: F] Saved to: /Users/kenfasano/Scripts/ScreenArt/Images/Rejected/morninggloryclouds_petroff-F.jpg
2026-03-09 17:39:47,551 - INFO - [pipeline.py:48] - "FractalWarpTransformer","iter=1,scale=0.05"
2026-03-09 17:39:47,556 - INFO - [pipeline.py:48] - "ColormapTransformer","map=ocean"
2026-03-09 17:39:47,564 - INFO - [pipeline.py:139] - [Grade: C] Saved to: /Users/kenfasano/Scripts/ScreenArt/Images/TransformedImages/2015_02_20_conj_bourque1024-C.jpg
2026-03-09 17:39:47,589 - INFO - [pipeline.py:48] - "ColormapTransformer","map=spring"
2026-03-09 17:39:47,627 - INFO - [pipeline.py:48] - "SwirlWarpTransformer","strength=1.50"
2026-03-09 17:39:47,647 - INFO - [pipeline.py:48] - "RadialWarpTransformer","radius=0.25,strength=125.12194807930896,52.62126258725121,style=push,pull"
2026-03-09 17:39:47,676 - INFO - [pipeline.py:48] - "TritoneTransformer","highlight=#bb50e2,mid=#48e2ec,shadow=#c124d3"
2026-03-09 17:39:47,691 - INFO - [pipeline.py:139] - [Grade: F] Saved to: /Users/kenfasano/Scripts/ScreenArt/Images/Rejected/nasa_earth_1_Osaka_True_Color-F.jpeg
2026-03-09 17:39:47,712 - INFO - [pipeline.py:48] - "ColormapTransformer","map=pink"
2026-03-09 17:39:47,738 - INFO - [pipeline.py:48] - "SwirlWarpTransformer","strength=1.50"
2026-03-09 17:39:47,775 - INFO - [pipeline.py:48] - "MeltMorphTransformer","intensity=0.50"
2026-03-09 17:39:47,810 - INFO - [pipeline.py:48] - "AnamorphicTransformer","intensity=0.0,0.2,0.4,0.6,0.8,thresh=80"
2026-03-09 17:39:47,820 - INFO - [pipeline.py:139] - [Grade: F] Saved to: /Users/kenfasano/Scripts/ScreenArt/Images/Rejected/noaa_goes_1_se_GeoColor-F.jpeg
2026-03-09 17:39:47,866 - INFO - [pipeline.py:48] - "GlitchWarpTransformer","intensity=0.01"
2026-03-09 17:39:47,894 - INFO - [pipeline.py:139] - [Grade: C] Saved to: /Users/kenfasano/Scripts/ScreenArt/Images/TransformedImages/Ֆինանսատ-C.jpeg
2026-03-09 17:39:47,931 - INFO - [pipeline.py:48] - "ThreeDExtrusionTransformer","ambient=0.30,intensity=0.50"
2026-03-09 17:39:47,955 - INFO - [pipeline.py:48] - "FisheyeTransformer","shape=circle,strength=0.65,zoom=0.96"
2026-03-09 17:39:48,059 - INFO - [pipeline.py:48] - "WheelTransformer","blend=lighter,copies=3"
2026-03-09 17:39:48,078 - INFO - [pipeline.py:48] - "RadialWarpTransformer","radius=0.25,strength=61.43175686662329,style=push"
2026-03-09 17:39:48,096 - INFO - [pipeline.py:139] - [Grade: A] Saved to: /Users/kenfasano/Scripts/ScreenArt/Images/TransformedImages/HUA-156605-Afbe-A.jpeg
2026-03-09 17:39:48,330 - INFO - [pipeline.py:48] - "DuotoneTransformer","highlight=#cccf98,shadow=#30c5e1"
2026-03-09 17:39:48,462 - INFO - [pipeline.py:48] - "RadialWarpTransformer","radius=0.25,strength=110.55835475743098,60.70384928364177,style=push,push"
2026-03-09 17:39:48,497 - INFO - [pipeline.py:139] - [Grade: F] Saved to: /Users/kenfasano/Scripts/ScreenArt/Images/Rejected/Святе_ці-F.jpeg
2026-03-09 17:39:48,641 - INFO - [pipeline.py:48] - "XrayTransformer","colors=8"
2026-03-09 17:39:48,688 - INFO - [pipeline.py:48] - "FractalWarpTransformer","iter=1,scale=0.05"
2026-03-09 17:39:48,757 - INFO - [pipeline.py:48] - "MeltMorphTransformer","intensity=0.50"
2026-03-09 17:39:48,777 - INFO - [pipeline.py:139] - [Grade: F] Saved to: /Users/kenfasano/Scripts/ScreenArt/Images/Rejected/lossy-page1-160-F.jpeg
2026-03-09 17:39:48,843 - INFO - [pipeline.py:48] - "ThermalImagingTransformer","thermal=True"
2026-03-09 17:39:48,894 - INFO - [pipeline.py:48] - "HalftoneTransformer","size=2"
2026-03-09 17:39:48,944 - INFO - [pipeline.py:48] - "FractalWarpTransformer","iter=1,scale=0.05"
2026-03-09 17:39:48,994 - INFO - [pipeline.py:48] - "DataMoshTransformer","intensity=0.01"
2026-03-09 17:39:49,014 - INFO - [pipeline.py:139] - [Grade: F] Saved to: /Users/kenfasano/Scripts/ScreenArt/Images/Rejected/Bayuquan-F.jpeg
2026-03-09 17:39:49,084 - INFO - [pipeline.py:48] - "FlipWilsonTransformer","keep=top,narrow=0.48"
2026-03-09 17:39:49,133 - INFO - [pipeline.py:48] - "FluidWarpTransformer","alpha=10.59,sigma=7.19"
2026-03-09 17:39:49,152 - INFO - [pipeline.py:139] - [Grade: A] Saved to: /Users/kenfasano/Scripts/ScreenArt/Images/TransformedImages/lojong_2-A.jpeg
2026-03-09 17:39:49,189 - INFO - [pipeline.py:48] - "GlitchWarpTransformer","intensity=0.01"
2026-03-09 17:39:49,202 - INFO - [pipeline.py:48] - "ColormapTransformer","map=ocean"
2026-03-09 17:39:49,262 - INFO - [pipeline.py:48] - "FlipWilsonTransformer","keep=top,narrow=0.48"
2026-03-09 17:39:49,306 - INFO - [pipeline.py:48] - "SwirlWarpTransformer","strength=1.50"
2026-03-09 17:39:49,325 - INFO - [pipeline.py:139] - [Grade: C] Saved to: /Users/kenfasano/Scripts/ScreenArt/Images/TransformedImages/lojong_3-C.jpeg
2026-03-09 17:39:49,362 - INFO - [pipeline.py:48] - "FluidWarpTransformer","alpha=19.73,sigma=0.90"
2026-03-09 17:39:49,419 - INFO - [pipeline.py:48] - "FlipWilsonTransformer","keep=top,narrow=0.48"
2026-03-09 17:39:49,502 - INFO - [pipeline.py:48] - "DuotoneTransformer","highlight=#1ce84a,shadow=#760d1f"
2026-03-09 17:39:49,518 - INFO - [pipeline.py:139] - [Grade: C] Saved to: /Users/kenfasano/Scripts/ScreenArt/Images/TransformedImages/lojong_8-C.jpeg
2026-03-09 17:39:49,557 - INFO - [pipeline.py:48] - "FluidWarpTransformer","alpha=7.44,sigma=2.62"
2026-03-09 17:39:49,573 - INFO - [pipeline.py:139] - [Grade: A] Saved to: /Users/kenfasano/Scripts/ScreenArt/Images/TransformedImages/lojong_4-A.jpeg
2026-03-09 17:39:49,632 - INFO - [pipeline.py:48] - "AnamorphicTransformer","intensity=0.0,0.2,0.4,0.6,0.8,thresh=80"
2026-03-09 17:39:49,650 - INFO - [pipeline.py:139] - [Grade: A] Saved to: /Users/kenfasano/Scripts/ScreenArt/Images/TransformedImages/lojong_5-A.jpeg
2026-03-09 17:39:49,697 - INFO - [pipeline.py:48] - "SwirlWarpTransformer","strength=1.50"
2026-03-09 17:39:49,710 - INFO - [pipeline.py:48] - "ColormapTransformer","map=hot"
2026-03-09 17:39:49,726 - INFO - [pipeline.py:139] - [Grade: F] Saved to: /Users/kenfasano/Scripts/ScreenArt/Images/Rejected/lojong_9-F.jpeg
2026-03-09 17:39:49,760 - INFO - [pipeline.py:48] - "GlitchWarpTransformer","intensity=0.01"
2026-03-09 17:39:49,798 - INFO - [pipeline.py:48] - "SwirlWarpTransformer","strength=1.50"
2026-03-09 17:39:49,855 - INFO - [pipeline.py:48] - "FlipWilsonTransformer","keep=top,narrow=0.48"
2026-03-09 17:39:49,872 - INFO - [pipeline.py:139] - [Grade: C] Saved to: /Users/kenfasano/Scripts/ScreenArt/Images/TransformedImages/lojong_6-C.jpeg
2026-03-09 17:39:49,917 - INFO - [pipeline.py:48] - "FluidWarpTransformer","alpha=7.87,sigma=4.27"
2026-03-09 17:39:49,956 - INFO - [pipeline.py:48] - "SwirlWarpTransformer","strength=1.50"
2026-03-09 17:39:50,007 - INFO - [pipeline.py:48] - "AnamorphicTransformer","intensity=0.0,0.2,0.4,0.6,0.8,thresh=80"
2026-03-09 17:39:50,035 - INFO - [pipeline.py:48] - "GlitchWarpTransformer","intensity=0.01"
2026-03-09 17:39:50,050 - INFO - [pipeline.py:139] - [Grade: C] Saved to: /Users/kenfasano/Scripts/ScreenArt/Images/TransformedImages/lojong_7-C.jpeg
2026-03-09 17:39:50,094 - INFO - [pipeline.py:48] - "SwirlWarpTransformer","strength=1.50"
2026-03-09 17:39:50,110 - INFO - [pipeline.py:139] - [Grade: C] Saved to: /Users/kenfasano/Scripts/ScreenArt/Images/TransformedImages/lojong_0-C.jpeg
2026-03-09 17:39:50,203 - INFO - [pipeline.py:48] - "DuotoneTransformer","highlight=#86277f,shadow=#f154da"
2026-03-09 17:39:50,241 - INFO - [pipeline.py:48] - "SwirlWarpTransformer","strength=1.50"
2026-03-09 17:39:50,279 - INFO - [pipeline.py:48] - "FluidWarpTransformer","alpha=7.06,sigma=4.27"
2026-03-09 17:39:50,294 - INFO - [pipeline.py:139] - [Grade: F] Saved to: /Users/kenfasano/Scripts/ScreenArt/Images/Rejected/lojong_1-F.jpeg
2026-03-09 17:39:50,388 - INFO - [pipeline.py:48] - "DuotoneTransformer","highlight=#b0f767,shadow=#05d402"
2026-03-09 17:39:50,420 - INFO - [pipeline.py:48] - "ThreeDExtrusionTransformer","ambient=0.59,intensity=0.50"
2026-03-09 17:39:50,436 - INFO - [pipeline.py:139] - [Grade: C] Saved to: /Users/kenfasano/Scripts/ScreenArt/Images/TransformedImages/psalms_150-C.jpeg
2026-03-09 17:39:50,459 - INFO - [pipeline.py:48] - "ColormapTransformer","map=spring"
2026-03-09 17:39:50,476 - INFO - [pipeline.py:139] - [Grade: F] Saved to: /Users/kenfasano/Scripts/ScreenArt/Images/Rejected/psalms_41-F.jpeg
2026-03-09 17:39:50,522 - INFO - [pipeline.py:48] - "ThreeDExtrusionTransformer","ambient=0.26,intensity=0.50"
2026-03-09 17:39:50,610 - INFO - [pipeline.py:48] - "DuotoneTransformer","highlight=#d3c415,shadow=#b4290e"
2026-03-09 17:39:50,626 - INFO - [pipeline.py:48] - "ColormapTransformer","map=autumn"
2026-03-09 17:39:50,678 - INFO - [pipeline.py:48] - "AnamorphicTransformer","intensity=0.0,0.2,0.4,0.6,0.8,thresh=80"
2026-03-09 17:39:50,694 - INFO - [pipeline.py:139] - [Grade: C] Saved to: /Users/kenfasano/Scripts/ScreenArt/Images/TransformedImages/psalms_121-C.jpeg
2026-03-09 17:39:50,799 - INFO - [pipeline.py:48] - "FlipWilsonTransformer","keep=bottom_right,narrow=0.40"
2026-03-09 17:39:50,814 - INFO - [pipeline.py:139] - [Grade: C] Saved to: /Users/kenfasano/Scripts/ScreenArt/Images/TransformedImages/psalms_93-C.jpeg
2026-03-09 17:39:50,865 - INFO - [pipeline.py:48] - "AnamorphicTransformer","intensity=0.0,0.2,0.4,0.6,0.8,thresh=80"
2026-03-09 17:39:50,966 - INFO - [pipeline.py:48] - "FlipWilsonTransformer","keep=bottom_right,narrow=0.40"
2026-03-09 17:39:50,993 - INFO - [pipeline.py:48] - "GlitchWarpTransformer","intensity=0.01"
2026-03-09 17:39:51,009 - INFO - [pipeline.py:139] - [Grade: F] Saved to: /Users/kenfasano/Scripts/ScreenArt/Images/Rejected/psalms_92-F.jpeg
2026-03-09 17:39:51,101 - INFO - [pipeline.py:48] - "DuotoneTransformer","highlight=#e77d3e,shadow=#d61cfa"
2026-03-09 17:39:51,149 - INFO - [pipeline.py:48] - "FluidWarpTransformer","alpha=5.78,sigma=7.50"
2026-03-09 17:39:51,192 - INFO - [pipeline.py:48] - "SwirlWarpTransformer","strength=1.50"
2026-03-09 17:39:51,222 - INFO - [pipeline.py:48] - "GlitchWarpTransformer","intensity=0.01"
2026-03-09 17:39:51,239 - INFO - [pipeline.py:139] - [Grade: F] Saved to: /Users/kenfasano/Scripts/ScreenArt/Images/Rejected/psalms_100-F.jpeg
2026-03-09 17:39:51,290 - INFO - [pipeline.py:48] - "FluidWarpTransformer","alpha=2.90,sigma=4.44"
2026-03-09 17:39:51,307 - INFO - [pipeline.py:139] - [Grade: C] Saved to: /Users/kenfasano/Scripts/ScreenArt/Images/TransformedImages/psalms_45-C.jpeg
2026-03-09 17:39:51,415 - INFO - [pipeline.py:48] - "FlipWilsonTransformer","keep=bottom_right,narrow=0.40"
2026-03-09 17:39:51,430 - INFO - [pipeline.py:139] - [Grade: C] Saved to: /Users/kenfasano/Scripts/ScreenArt/Images/TransformedImages/psalms_69-C.jpeg
2026-03-09 17:39:51,469 - INFO - [pipeline.py:48] - "ThreeDExtrusionTransformer","ambient=0.34,intensity=0.50"
2026-03-09 17:39:51,570 - INFO - [pipeline.py:48] - "FlipWilsonTransformer","keep=bottom_right,narrow=0.40"
2026-03-09 17:39:51,608 - INFO - [pipeline.py:48] - "SwirlWarpTransformer","strength=1.50"
2026-03-09 17:39:51,623 - INFO - [pipeline.py:139] - [Grade: C] Saved to: /Users/kenfasano/Scripts/ScreenArt/Images/TransformedImages/psalms_81-C.jpeg
2026-03-09 17:39:51,654 - INFO - [pipeline.py:48] - "DuotoneTransformer","highlight=#4109e3,shadow=#04579d"
2026-03-09 17:39:51,659 - INFO - [pipeline.py:139] - [Grade: F] Saved to: /Users/kenfasano/Scripts/ScreenArt/Images/Rejected/peripheral_drift_2-F.jpeg
2026-03-09 17:39:51,675 - INFO - [pipeline.py:48] - "SwirlWarpTransformer","strength=1.50"
2026-03-09 17:39:51,701 - INFO - [pipeline.py:48] - "DuotoneTransformer","highlight=#43d3c0,shadow=#fc8174"
2026-03-09 17:39:51,707 - INFO - [pipeline.py:139] - [Grade: F] Saved to: /Users/kenfasano/Scripts/ScreenArt/Images/Rejected/peripheral_drift_3-F.jpeg
2026-03-09 17:39:51,715 - INFO - [pipeline.py:48] - "ColormapTransformer","map=winter"
2026-03-09 17:39:51,726 - INFO - [pipeline.py:48] - "FluidWarpTransformer","alpha=9.18,sigma=4.37"
2026-03-09 17:39:51,738 - INFO - [pipeline.py:48] - "SwirlWarpTransformer","strength=1.50"
2026-03-09 17:39:51,744 - INFO - [pipeline.py:139] - [Grade: A] Saved to: /Users/kenfasano/Scripts/ScreenArt/Images/TransformedImages/peripheral_drift_1-A.jpeg
2026-03-09 17:39:51,745 - WARNING - [main.py:137] - Pool transformer 'thermal' not in registry — skipping.
2026-03-09 17:39:51,790 - INFO - [pipeline.py:48] - "FractalWarpTransformer","iter=1,scale=0.05"
2026-03-09 17:39:51,808 - INFO - [pipeline.py:139] - [Grade: A] Saved to: /Users/kenfasano/Scripts/ScreenArt/Images/TransformedImages/koch_snowflake_4_4-A.jpeg
2026-03-09 17:39:51,853 - INFO - [pipeline.py:48] - "FractalWarpTransformer","iter=1,scale=0.05"
2026-03-09 17:39:51,869 - INFO - [pipeline.py:139] - [Grade: A] Saved to: /Users/kenfasano/Scripts/ScreenArt/Images/TransformedImages/koch_snowflake_4_5-A.jpeg
2026-03-09 17:39:51,904 - INFO - [pipeline.py:48] - "GlitchWarpTransformer","intensity=0.01"
2026-03-09 17:39:52,013 - INFO - [pipeline.py:48] - "WheelTransformer","blend=normal,copies=3"
2026-03-09 17:39:52,030 - INFO - [pipeline.py:139] - [Grade: A] Saved to: /Users/kenfasano/Scripts/ScreenArt/Images/TransformedImages/koch_snowflake_4_2-A.jpeg
2026-03-09 17:39:52,097 - INFO - [pipeline.py:48] - "FlipWilsonTransformer","keep=top,narrow=0.28"
2026-03-09 17:39:52,138 - INFO - [pipeline.py:48] - "FractalWarpTransformer","iter=1,scale=0.05"
2026-03-09 17:39:52,227 - INFO - [pipeline.py:48] - "DuotoneTransformer","highlight=#a74d69,shadow=#cabbc4"
2026-03-09 17:39:52,243 - INFO - [pipeline.py:139] - [Grade: C] Saved to: /Users/kenfasano/Scripts/ScreenArt/Images/TransformedImages/koch_snowflake_4_3-C.jpeg
2026-03-09 17:39:52,309 - INFO - [pipeline.py:48] - "FlipWilsonTransformer","keep=top,narrow=0.28"
2026-03-09 17:39:52,325 - INFO - [pipeline.py:139] - [Grade: F] Saved to: /Users/kenfasano/Scripts/ScreenArt/Images/Rejected/koch_snowflake_4_1-F.jpeg
2026-03-09 17:39:52,326 - WARNING - [main.py:137] - Pool transformer 'thermal' not in registry — skipping.
2026-03-09 17:39:52,375 - INFO - [pipeline.py:48] - "FractalWarpTransformer","iter=1,scale=0.05"
2026-03-09 17:39:52,395 - INFO - [pipeline.py:139] - [Grade: C] Saved to: /Users/kenfasano/Scripts/ScreenArt/Images/TransformedImages/hilbert_5-C.jpg
2026-03-09 17:39:52,424 - INFO - [pipeline.py:48] - "ColormapTransformer","map=rainbow"
2026-03-09 17:39:52,546 - INFO - [pipeline.py:48] - "WheelTransformer","blend=add,copies=3"
2026-03-09 17:39:52,589 - INFO - [pipeline.py:48] - "DataMoshTransformer","intensity=0.02"
2026-03-09 17:39:52,619 - INFO - [pipeline.py:48] - "TritoneTransformer","highlight=#114a6c,mid=#cb6dab,shadow=#b79560"
2026-03-09 17:39:52,635 - INFO - [pipeline.py:139] - [Grade: F] Saved to: /Users/kenfasano/Scripts/ScreenArt/Images/Rejected/hilbert_4-F.jpg
2026-03-09 17:39:52,684 - INFO - [pipeline.py:48] - "ThreeDExtrusionTransformer","ambient=0.52,intensity=0.50"
2026-03-09 17:39:52,698 - INFO - [pipeline.py:48] - "ColormapTransformer","map=summer"
2026-03-09 17:39:52,789 - INFO - [pipeline.py:48] - "DuotoneTransformer","highlight=#a996b3,shadow=#6af976"
2026-03-09 17:39:52,889 - INFO - [pipeline.py:48] - "FlipWilsonTransformer","keep=top_left,narrow=0.38"
2026-03-09 17:39:52,906 - INFO - [pipeline.py:139] - [Grade: F] Saved to: /Users/kenfasano/Scripts/ScreenArt/Images/Rejected/hilbert_1-F.jpg
2026-03-09 17:39:52,951 - INFO - [pipeline.py:48] - "DataMoshTransformer","intensity=0.01"
2026-03-09 17:39:52,985 - INFO - [pipeline.py:48] - "FractalWarpTransformer","iter=1,scale=0.05"
2026-03-09 17:39:53,002 - INFO - [pipeline.py:139] - [Grade: C] Saved to: /Users/kenfasano/Scripts/ScreenArt/Images/TransformedImages/hilbert_3-C.jpg
2026-03-09 17:39:53,053 - INFO - [pipeline.py:48] - "DataMoshTransformer","intensity=0.02"
2026-03-09 17:39:53,071 - INFO - [pipeline.py:139] - [Grade: C] Saved to: /Users/kenfasano/Scripts/ScreenArt/Images/TransformedImages/hilbert_2-C.jpg
2026-03-09 17:39:53,072 - INFO - [main.py:252] - WatercolorTransformer
2026-03-09 17:39:53,072 - INFO - [main.py:252] - WheelTransformer
2026-03-09 17:39:53,072 - INFO - [main.py:252] - XrayTransformer
2026-03-09 17:39:53,072 - INFO - [main.py:252] - DuotoneTransformer
2026-03-09 17:39:53,072 - INFO - [main.py:252] - FlipWilsonTransformer
2026-03-09 17:39:53,072 - INFO - [main.py:252] - MeltMorphTransformer
2026-03-09 17:39:53,072 - INFO - [main.py:252] - AnamorphicTransformer
2026-03-09 17:39:53,072 - INFO - [main.py:252] - FractalWarpTransformer
2026-03-09 17:39:53,072 - INFO - [main.py:252] - DataMoshTransformer
2026-03-09 17:39:53,072 - INFO - [main.py:252] - SwirlWarpTransformer
2026-03-09 17:39:53,072 - INFO - [main.py:252] - ThermalImagingTransformer
2026-03-09 17:39:53,072 - INFO - [main.py:252] - FluidWarpTransformer
2026-03-09 17:39:53,072 - INFO - [main.py:252] - ThreeDExtrusionTransformer
2026-03-09 17:39:53,072 - INFO - [main.py:252] - RadialWarpTransformer
2026-03-09 17:39:53,072 - INFO - [main.py:252] - TritoneTransformer
2026-03-09 17:39:53,072 - INFO - [main.py:252] - GlitchWarpTransformer
2026-03-09 17:39:53,072 - INFO - [main.py:252] - HalftoneTransformer
2026-03-09 17:39:53,072 - INFO - [main.py:252] - FisheyeTransformer
2026-03-09 17:39:53,072 - INFO - [main.py:252] - ColormapTransformer
2026-03-09 17:39:53,072 - INFO - [main.py:252] - PosterizationTransformer
2026-03-09 17:39:53,072 - INFO - [main.py:295] - 20s@17:39 ✓
Accepted: 38
Rejected: 28
---
Wiki                       ->  7103ms
Nasa                       ->  1090ms
GoesGenerator              ->   697ms
Cubes                      ->   489ms
Lojong                     ->   457ms
Bible                      ->   437ms
Bubbles                    ->   299ms
KochSnowflake              ->   294ms
Hilbert                    ->   129ms
PeripheralDriftIllusion    ->    46ms
NasaMapGenerator           ->    35ms
---
WatercolorTransformer      -> Min:   216ms | Avg:   228ms | Max:   260ms
WheelTransformer           -> Min:    34ms | Avg:    95ms | Max:   122ms
XrayTransformer            -> Min:     6ms | Avg:    83ms | Max:   134ms
DuotoneTransformer         -> Min:    26ms | Avg:    81ms | Max:   202ms
FlipWilsonTransformer      -> Min:    24ms | Avg:    69ms | Max:   101ms
MeltMorphTransformer       -> Min:    14ms | Avg:    45ms | Max:    68ms
AnamorphicTransformer      -> Min:    17ms | Avg:    42ms | Max:    72ms
FractalWarpTransformer     -> Min:    12ms | Avg:    38ms | Max:    50ms
DataMoshTransformer        -> Min:    13ms | Avg:    34ms | Max:    50ms
SwirlWarpTransformer       -> Min:    12ms | Avg:    33ms | Max:    44ms
ThermalImagingTransformer  -> Min:    15ms | Avg:    33ms | Max:    54ms
FluidWarpTransformer       -> Min:    10ms | Avg:    32ms | Max:    50ms
ThreeDExtrusionTransformer -> Min:    12ms | Avg:    31ms | Max:    38ms
RadialWarpTransformer      -> Min:     4ms | Avg:    31ms | Max:   131ms
TritoneTransformer         -> Min:    29ms | Avg:    30ms | Max:    31ms
GlitchWarpTransformer      -> Min:     7ms | Avg:    24ms | Max:    35ms
HalftoneTransformer        -> Min:     5ms | Avg:    24ms | Max:    50ms
FisheyeTransformer         -> Min:    24ms | Avg:    24ms | Max:    24ms
ColormapTransformer        -> Min:     5ms | Avg:    12ms | Max:    16ms
PosterizationTransformer   -> Min:     3ms | Avg:     4ms | Max:     5ms
