2026-03-14 13:39:05,754 - INFO - [pipeline.py:137] - "PosterizationTransformer","levels=4"
2026-03-14 13:39:05,772 - INFO - [pipeline.py:243] - [Grade: A] Saved to: /Users/kenfasano/Scripts/ScreenArt/Images/TransformedImages/bubbles_4-A.jpeg
2026-03-14 13:39:05,799 - INFO - [pipeline.py:137] - "OilPaintingTransformer","dyn_ratio=8,size=3"
2026-03-14 13:39:05,816 - INFO - [pipeline.py:243] - [Grade: C] Saved to: /Users/kenfasano/Scripts/ScreenArt/Images/TransformedImages/bubbles_8-C.jpeg
2026-03-14 13:39:05,841 - INFO - [pipeline.py:137] - "RadialWarpTransformer","radius=0.25,strength=93.76146382974257,style=push"
2026-03-14 13:39:05,869 - INFO - [pipeline.py:137] - "ChromaticAberrationTransformer","angle=282.10,edge_fade=1,shift=4.30"
2026-03-14 13:39:05,910 - INFO - [pipeline.py:137] - "FluidWarpTransformer","alpha=5.03,sigma=4.99"
2026-03-14 13:39:05,927 - INFO - [pipeline.py:243] - [Grade: F] Saved to: /Users/kenfasano/Scripts/ScreenArt/Images/Rejected/bubbles_9-F.jpeg
2026-03-14 13:39:05,960 - INFO - [pipeline.py:137] - "ChromaticAberrationTransformer","angle=215.40,edge_fade=1,shift=12.90"
2026-03-14 13:39:05,998 - INFO - [pipeline.py:137] - "WheelTransformer","blend=lighter,copies=4"
2026-03-14 13:39:06,095 - INFO - [pipeline.py:137] - "FlipWilsonTransformer","keep=top_right,narrow=0.44"
2026-03-14 13:39:06,111 - INFO - [pipeline.py:137] - "RadialWarpTransformer","radius=0.25,strength=105.56260399215844,style=push"
2026-03-14 13:39:06,128 - INFO - [pipeline.py:243] - [Grade: B] Saved to: /Users/kenfasano/Scripts/ScreenArt/Images/TransformedImages/bubbles_5-B.jpeg
2026-03-14 13:39:06,194 - INFO - [pipeline.py:137] - "MeltMorphTransformer","intensity=0.50"
2026-03-14 13:39:06,221 - INFO - [pipeline.py:137] - "ChromaticAberrationTransformer","angle=158.40,edge_fade=1,shift=13.30"
2026-03-14 13:39:06,241 - INFO - [pipeline.py:243] - [Grade: C] Saved to: /Users/kenfasano/Scripts/ScreenArt/Images/TransformedImages/bubbles_2-C.jpeg
2026-03-14 13:39:06,294 - INFO - [pipeline.py:137] - "SwirlWarpTransformer","strength=1.50"
2026-03-14 13:39:06,331 - INFO - [pipeline.py:137] - "ThermalImagingTransformer","thermal=True"
2026-03-14 13:39:06,365 - INFO - [pipeline.py:137] - "FractalWarpTransformer","iter=1,scale=0.05"
2026-03-14 13:39:06,408 - INFO - [pipeline.py:137] - "StippleTransformer","bg=black,dot_radius=6,jitter=1,spacing=12"
2026-03-14 13:39:06,424 - INFO - [pipeline.py:243] - [Grade: C] Saved to: /Users/kenfasano/Scripts/ScreenArt/Images/TransformedImages/bubbles_3-C.jpeg
2026-03-14 13:39:06,470 - INFO - [pipeline.py:137] - "ThermalImagingTransformer","thermal=True"
2026-03-14 13:39:06,483 - INFO - [pipeline.py:137] - "ColormapTransformer","map=winter"
2026-03-14 13:39:06,502 - INFO - [pipeline.py:243] - [Grade: B] Saved to: /Users/kenfasano/Scripts/ScreenArt/Images/TransformedImages/bubbles_10-B.jpeg
2026-03-14 13:39:06,547 - INFO - [pipeline.py:137] - "StippleTransformer","bg=white,dot_radius=3,jitter=1,spacing=11"
2026-03-14 13:39:06,572 - INFO - [pipeline.py:137] - "ChromaticAberrationTransformer","angle=113.10,edge_fade=1,shift=7.60"
2026-03-14 13:39:06,624 - INFO - [pipeline.py:137] - "KaleidoscopeTransformer","cx_off=-0.06,cy_off=0.11,segments=8"
2026-03-14 13:39:06,665 - INFO - [pipeline.py:137] - "OilPaintingTransformer","dyn_ratio=5,size=6"
2026-03-14 13:39:06,687 - INFO - [pipeline.py:243] - [Grade: F] Saved to: /Users/kenfasano/Scripts/ScreenArt/Images/Rejected/bubbles_1-F.jpeg
2026-03-14 13:39:06,722 - INFO - [pipeline.py:137] - "GlitchWarpTransformer","intensity=0.01"
2026-03-14 13:39:06,759 - INFO - [pipeline.py:137] - "ThermalImagingTransformer","thermal=True"
2026-03-14 13:39:06,777 - INFO - [pipeline.py:243] - [Grade: A] Saved to: /Users/kenfasano/Scripts/ScreenArt/Images/TransformedImages/bubbles_6-A.jpeg
2026-03-14 13:39:06,812 - INFO - [pipeline.py:137] - "GlitchWarpTransformer","intensity=0.01"
2026-03-14 13:39:06,875 - INFO - [pipeline.py:137] - "PixelSortTransformer","direction=rows,high=0.82,low=0.33,sort_key=brightness"
2026-03-14 13:39:06,916 - INFO - [pipeline.py:137] - "FluidWarpTransformer","alpha=7.18,sigma=5.01"
2026-03-14 13:39:06,933 - INFO - [pipeline.py:243] - [Grade: A] Saved to: /Users/kenfasano/Scripts/ScreenArt/Images/TransformedImages/bubbles_7-A.jpeg
2026-03-14 13:39:06,996 - INFO - [pipeline.py:137] - "MeltMorphTransformer","intensity=0.50"
2026-03-14 13:39:07,012 - INFO - [pipeline.py:243] - [Grade: A] Saved to: /Users/kenfasano/Scripts/ScreenArt/Images/TransformedImages/cubes_2-A.jpeg
2026-03-14 13:39:07,032 - INFO - [pipeline.py:137] - "PosterizationTransformer","levels=4"
2026-03-14 13:39:07,087 - INFO - [pipeline.py:137] - "KaleidoscopeTransformer","cx_off=0.19,cy_off=0.14,segments=12"
2026-03-14 13:39:07,138 - INFO - [pipeline.py:137] - "OilPaintingTransformer","dyn_ratio=8,size=7"
2026-03-14 13:39:07,155 - INFO - [pipeline.py:243] - [Grade: A] Saved to: /Users/kenfasano/Scripts/ScreenArt/Images/TransformedImages/cubes_3-A.jpeg
2026-03-14 13:39:07,195 - INFO - [pipeline.py:137] - "FractalWarpTransformer","iter=1,scale=0.05"
2026-03-14 13:39:07,244 - INFO - [pipeline.py:137] - "HalftoneTransformer","size=2"
2026-03-14 13:39:07,295 - INFO - [pipeline.py:137] - "StippleTransformer","bg=black,dot_radius=3,jitter=1,spacing=10"
2026-03-14 13:39:07,312 - INFO - [pipeline.py:243] - [Grade: F] Saved to: /Users/kenfasano/Scripts/ScreenArt/Images/Rejected/cubes_4-F.jpeg
2026-03-14 13:39:07,354 - INFO - [pipeline.py:137] - "FractalWarpTransformer","iter=1,scale=0.05"
2026-03-14 13:39:07,367 - INFO - [pipeline.py:137] - "ColormapTransformer","map=rainbow"
2026-03-14 13:39:07,418 - INFO - [pipeline.py:137] - "KaleidoscopeTransformer","cx_off=-0.18,cy_off=-0.07,segments=8"
2026-03-14 13:39:07,832 - INFO - [pipeline.py:137] - "VoronoiTransformer","edge_blend=1,num_points=334"
2026-03-14 13:39:07,849 - INFO - [pipeline.py:243] - [Grade: A] Saved to: /Users/kenfasano/Scripts/ScreenArt/Images/TransformedImages/cubes_5-A.jpeg
2026-03-14 13:39:07,944 - INFO - [pipeline.py:137] - "PixelSortTransformer","direction=rows,high=0.77,low=0.12,sort_key=brightness"
2026-03-14 13:39:07,968 - INFO - [pipeline.py:137] - "OilPaintingTransformer","dyn_ratio=8,size=4"
2026-03-14 13:39:08,165 - INFO - [pipeline.py:137] - "VoronoiTransformer","edge_blend=1,num_points=143"
2026-03-14 13:39:08,180 - INFO - [pipeline.py:243] - [Grade: C] Saved to: /Users/kenfasano/Scripts/ScreenArt/Images/TransformedImages/cubes_6-C.jpeg
2026-03-14 13:39:08,216 - INFO - [pipeline.py:137] - "FluidWarpTransformer","alpha=7.30,sigma=0.96"
2026-03-14 13:39:08,234 - INFO - [pipeline.py:243] - [Grade: A] Saved to: /Users/kenfasano/Scripts/ScreenArt/Images/TransformedImages/cubes_1-A.jpeg
2026-03-14 13:39:08,298 - INFO - [pipeline.py:137] - "PixelSortTransformer","direction=cols,high=0.67,low=0.12,sort_key=saturation"
2026-03-14 13:39:08,313 - INFO - [pipeline.py:243] - [Grade: A] Saved to: /Users/kenfasano/Scripts/ScreenArt/Images/TransformedImages/MonsRumker_Letellier-A.jpg
2026-03-14 13:39:08,328 - INFO - [pipeline.py:137] - "PosterizationTransformer","levels=4"
2026-03-14 13:39:08,338 - INFO - [pipeline.py:243] - [Grade: A] Saved to: /Users/kenfasano/Scripts/ScreenArt/Images/TransformedImages/20171117dawnTezel1200c-A.jpg
2026-03-14 13:39:08,355 - INFO - [pipeline.py:137] - "HalftoneTransformer","size=2"
2026-03-14 13:39:08,372 - INFO - [pipeline.py:137] - "KaleidoscopeTransformer","cx_off=-0.12,cy_off=-0.08,segments=8"
2026-03-14 13:39:08,380 - INFO - [pipeline.py:137] - "ChromaticAberrationTransformer","angle=102.20,edge_fade=1,shift=13.60"
2026-03-14 13:39:08,450 - INFO - [pipeline.py:137] - "PixelSortTransformer","direction=cols,high=0.61,low=0.20,sort_key=brightness"
2026-03-14 13:39:08,456 - INFO - [pipeline.py:243] - [Grade: A] Saved to: /Users/kenfasano/Scripts/ScreenArt/Images/TransformedImages/mcnaught3_kemppainen-A.jpg
2026-03-14 13:39:08,472 - INFO - [pipeline.py:137] - "GlitchWarpTransformer","intensity=0.01"
2026-03-14 13:39:08,480 - INFO - [pipeline.py:243] - [Grade: A] Saved to: /Users/kenfasano/Scripts/ScreenArt/Images/TransformedImages/FomalhautRing_ALMA_1080-A.jpg
2026-03-14 13:39:08,510 - INFO - [pipeline.py:137] - "FractalWarpTransformer","iter=1,scale=0.05"
2026-03-14 13:39:08,630 - INFO - [pipeline.py:137] - "VoronoiTransformer","edge_blend=1,num_points=199"
2026-03-14 13:39:08,638 - INFO - [pipeline.py:243] - [Grade: A] Saved to: /Users/kenfasano/Scripts/ScreenArt/Images/TransformedImages/Central_Colours_1024-A.jpg
2026-03-14 13:39:08,641 - INFO - [pipeline.py:137] - "ColormapTransformer","map=winter"
2026-03-14 13:39:08,687 - INFO - [pipeline.py:137] - "VoronoiTransformer","edge_blend=1,num_points=255"
2026-03-14 13:39:08,691 - INFO - [pipeline.py:137] - "ChromaticAberrationTransformer","angle=130.80,edge_fade=1,shift=13.00"
2026-03-14 13:39:08,694 - INFO - [pipeline.py:243] - [Grade: A] Saved to: /Users/kenfasano/Scripts/ScreenArt/Images/TransformedImages/poodlemars_pacholka-A.jpg
2026-03-14 13:39:08,715 - INFO - [pipeline.py:137] - "SwirlWarpTransformer","strength=1.50"
2026-03-14 13:39:08,728 - INFO - [pipeline.py:137] - "FractalWarpTransformer","iter=1,scale=0.05"
2026-03-14 13:39:08,870 - INFO - [pipeline.py:137] - "PixelSortTransformer","direction=cols,high=0.64,low=0.31,sort_key=saturation"
2026-03-14 13:39:08,882 - INFO - [pipeline.py:137] - "FluidWarpTransformer","alpha=17.33,sigma=2.32"
2026-03-14 13:39:08,890 - INFO - [pipeline.py:243] - [Grade: A] Saved to: /Users/kenfasano/Scripts/ScreenArt/Images/TransformedImages/MarsLagoonTrifid_Voltmer_960-A.jpg
2026-03-14 13:39:08,898 - INFO - [pipeline.py:137] - "SwirlWarpTransformer","strength=1.50"
2026-03-14 13:39:08,906 - INFO - [pipeline.py:137] - "KaleidoscopeTransformer","cx_off=0.19,cy_off=0.16,segments=12"
2026-03-14 13:39:08,912 - INFO - [pipeline.py:137] - "DataMoshTransformer","intensity=0.02"
2026-03-14 13:39:08,917 - INFO - [pipeline.py:137] - "FractalWarpTransformer","iter=1,scale=0.05"
2026-03-14 13:39:08,920 - INFO - [pipeline.py:243] - [Grade: A] Saved to: /Users/kenfasano/Scripts/ScreenArt/Images/TransformedImages/tarantula_ctio-A.jpg
2026-03-14 13:39:08,932 - INFO - [pipeline.py:137] - "KaleidoscopeTransformer","cx_off=0.00,cy_off=0.02,segments=6"
2026-03-14 13:39:08,939 - INFO - [pipeline.py:137] - "ThermalImagingTransformer","thermal=True"
2026-03-14 13:39:08,943 - INFO - [pipeline.py:243] - [Grade: A] Saved to: /Users/kenfasano/Scripts/ScreenArt/Images/TransformedImages/n3242b_hst_cg82-A.jpg
2026-03-14 13:39:08,965 - INFO - [pipeline.py:137] - "StippleTransformer","bg=complement,dot_radius=2,jitter=1,spacing=5"
2026-03-14 13:39:08,970 - INFO - [pipeline.py:137] - "FractalWarpTransformer","iter=1,scale=0.05"
2026-03-14 13:39:09,018 - INFO - [pipeline.py:137] - "PixelSortTransformer","direction=cols,high=0.88,low=0.15,sort_key=brightness"
2026-03-14 13:39:09,021 - INFO - [pipeline.py:243] - [Grade: A] Saved to: /Users/kenfasano/Scripts/ScreenArt/Images/TransformedImages/toweraurora_nettfoto-A.jpg
2026-03-14 13:39:09,025 - INFO - [pipeline.py:137] - "RadialWarpTransformer","radius=0.25,strength=42.12460636084009,119.56022367006837,style=push,pull"
2026-03-14 13:39:09,027 - INFO - [pipeline.py:243] - [Grade: A] Saved to: /Users/kenfasano/Scripts/ScreenArt/Images/TransformedImages/gj876_cook_big-A.jpg
2026-03-14 13:39:09,229 - INFO - [pipeline.py:137] - "PixelSortTransformer","direction=cols,high=0.75,low=0.09,sort_key=saturation"
2026-03-14 13:39:09,246 - INFO - [pipeline.py:243] - [Grade: A] Saved to: /Users/kenfasano/Scripts/ScreenArt/Images/TransformedImages/nasa_earth_1_Karachi_True_Color-A.jpeg
2026-03-14 13:39:09,300 - INFO - [pipeline.py:137] - "KaleidoscopeTransformer","cx_off=-0.14,cy_off=0.17,segments=4"
2026-03-14 13:39:09,330 - INFO - [pipeline.py:137] - "SwirlWarpTransformer","strength=1.50"
2026-03-14 13:39:09,364 - INFO - [pipeline.py:137] - "OilPaintingTransformer","dyn_ratio=4,size=6"
2026-03-14 13:39:09,377 - INFO - [pipeline.py:243] - [Grade: A] Saved to: /Users/kenfasano/Scripts/ScreenArt/Images/TransformedImages/noaa_goes_1_se_Air_Mass-A.jpeg
2026-03-14 13:39:09,383 - INFO - [pipeline.py:137] - "ColormapTransformer","map=pink"
2026-03-14 13:39:09,494 - INFO - [pipeline.py:137] - "VoronoiTransformer","edge_blend=1,num_points=281"
2026-03-14 13:39:09,500 - INFO - [pipeline.py:243] - [Grade: A] Saved to: /Users/kenfasano/Scripts/ScreenArt/Images/TransformedImages/960px-River_Lee-A.jpeg
2026-03-14 13:39:09,587 - INFO - [pipeline.py:137] - "KaleidoscopeTransformer","cx_off=-0.04,cy_off=-0.17,segments=12"
2026-03-14 13:39:09,635 - INFO - [pipeline.py:137] - "DataMoshTransformer","intensity=0.01"
2026-03-14 13:39:09,679 - INFO - [pipeline.py:137] - "FractalWarpTransformer","iter=1,scale=0.05"
2026-03-14 13:39:09,704 - INFO - [pipeline.py:243] - [Grade: A] Saved to: /Users/kenfasano/Scripts/ScreenArt/Images/TransformedImages/Cunningh-A.jpeg
2026-03-14 13:39:09,773 - INFO - [pipeline.py:137] - "DataMoshTransformer","intensity=0.01"
2026-03-14 13:39:10,068 - INFO - [pipeline.py:137] - "PixelSortTransformer","direction=rows,high=0.64,low=0.09,sort_key=saturation"
2026-03-14 13:39:10,086 - INFO - [pipeline.py:137] - "ColormapTransformer","map=jet"
2026-03-14 13:39:10,161 - INFO - [pipeline.py:137] - "HalftoneTransformer","size=2"
2026-03-14 13:39:10,187 - INFO - [pipeline.py:243] - [Grade: A] Saved to: /Users/kenfasano/Scripts/ScreenArt/Images/TransformedImages/Каштан_в-A.jpeg
2026-03-14 13:39:10,278 - INFO - [pipeline.py:137] - "WheelTransformer","blend=lighter,copies=4"
2026-03-14 13:39:10,307 - INFO - [pipeline.py:137] - "PosterizationTransformer","levels=4"
2026-03-14 13:39:10,341 - INFO - [pipeline.py:243] - [Grade: A] Saved to: /Users/kenfasano/Scripts/ScreenArt/Images/TransformedImages/HyundaiI-A.jpeg
2026-03-14 13:39:10,377 - INFO - [pipeline.py:137] - "GlitchWarpTransformer","intensity=0.01"
2026-03-14 13:39:10,591 - INFO - [pipeline.py:137] - "WatercolorTransformer","scale=0.85,style=psychedelic"
2026-03-14 13:39:10,609 - INFO - [pipeline.py:243] - [Grade: C] Saved to: /Users/kenfasano/Scripts/ScreenArt/Images/TransformedImages/lojong_2-C-scatter.jpeg
2026-03-14 13:39:10,651 - INFO - [pipeline.py:137] - "FractalWarpTransformer","iter=1,scale=0.05"
2026-03-14 13:39:10,668 - INFO - [pipeline.py:137] - "RadialWarpTransformer","radius=0.25,strength=77.62335949650316,style=pull"
2026-03-14 13:39:10,684 - INFO - [pipeline.py:243] - [Grade: B] Saved to: /Users/kenfasano/Scripts/ScreenArt/Images/TransformedImages/lojong_3-B-hero.jpeg
2026-03-14 13:39:10,717 - INFO - [pipeline.py:137] - "GlitchWarpTransformer","intensity=0.01"
2026-03-14 13:39:10,733 - INFO - [pipeline.py:243] - [Grade: C] Saved to: /Users/kenfasano/Scripts/ScreenArt/Images/TransformedImages/lojong_8-C-scatter.jpeg
2026-03-14 13:39:11,073 - INFO - [pipeline.py:137] - "PixelSortTransformer","direction=rows,high=0.67,low=0.13,sort_key=green"
2026-03-14 13:39:11,111 - INFO - [pipeline.py:137] - "WheelTransformer","blend=lighter,copies=4"
2026-03-14 13:39:11,336 - INFO - [pipeline.py:137] - "WatercolorTransformer","scale=0.85,style=monet"
2026-03-14 13:39:11,352 - INFO - [pipeline.py:243] - [Grade: B] Saved to: /Users/kenfasano/Scripts/ScreenArt/Images/TransformedImages/lojong_4-B-tile.jpeg
2026-03-14 13:39:11,398 - INFO - [pipeline.py:137] - "SwirlWarpTransformer","strength=1.50"
2026-03-14 13:39:11,414 - INFO - [pipeline.py:137] - "RadialWarpTransformer","radius=0.25,strength=117.43337435688696,style=push"
2026-03-14 13:39:11,451 - INFO - [pipeline.py:137] - "ThermalImagingTransformer","thermal=True"
2026-03-14 13:39:11,479 - INFO - [pipeline.py:137] - "GlitchWarpTransformer","intensity=0.01"
2026-03-14 13:39:11,496 - INFO - [pipeline.py:243] - [Grade: A] Saved to: /Users/kenfasano/Scripts/ScreenArt/Images/TransformedImages/lojong_5-A-scatter.jpeg
2026-03-14 13:39:11,541 - INFO - [pipeline.py:137] - "WheelTransformer","blend=lighter,copies=4"
2026-03-14 13:39:11,558 - INFO - [pipeline.py:243] - [Grade: A] Saved to: /Users/kenfasano/Scripts/ScreenArt/Images/TransformedImages/lojong_9-A-columns.jpeg
2026-03-14 13:39:11,916 - INFO - [pipeline.py:137] - "VoronoiTransformer","edge_blend=1,num_points=279"
2026-03-14 13:39:11,958 - INFO - [pipeline.py:137] - "OilPaintingTransformer","dyn_ratio=2,size=6"
2026-03-14 13:39:11,984 - INFO - [pipeline.py:137] - "ChromaticAberrationTransformer","angle=144.30,edge_fade=1,shift=10.60"
2026-03-14 13:39:12,084 - INFO - [pipeline.py:137] - "FlipWilsonTransformer","keep=top_right,narrow=0.44"
2026-03-14 13:39:12,103 - INFO - [pipeline.py:243] - [Grade: C] Saved to: /Users/kenfasano/Scripts/ScreenArt/Images/TransformedImages/lojong_6-C-hero.jpeg
2026-03-14 13:39:12,167 - INFO - [pipeline.py:137] - "AnamorphicTransformer","intensity=0.0,0.2,0.4,0.6,0.8,thresh=80"
2026-03-14 13:39:12,216 - INFO - [pipeline.py:137] - "KaleidoscopeTransformer","cx_off=-0.01,cy_off=-0.18,segments=4"
2026-03-14 13:39:12,233 - INFO - [pipeline.py:243] - [Grade: B] Saved to: /Users/kenfasano/Scripts/ScreenArt/Images/TransformedImages/lojong_7-B-tile.jpeg
2026-03-14 13:39:12,290 - INFO - [pipeline.py:137] - "HalftoneTransformer","size=2"
2026-03-14 13:39:12,307 - INFO - [pipeline.py:243] - [Grade: A] Saved to: /Users/kenfasano/Scripts/ScreenArt/Images/TransformedImages/lojong_0-A-scatter.jpeg
2026-03-14 13:39:12,354 - INFO - [pipeline.py:137] - "WheelTransformer","blend=lighter,copies=4"
2026-03-14 13:39:12,373 - INFO - [pipeline.py:243] - [Grade: A] Saved to: /Users/kenfasano/Scripts/ScreenArt/Images/TransformedImages/lojong_1-A-columns.jpeg
2026-03-14 13:39:12,612 - INFO - [pipeline.py:137] - "WatercolorTransformer","scale=0.85,style=monet"
2026-03-14 13:39:12,625 - INFO - [pipeline.py:137] - "PosterizationTransformer","levels=4"
2026-03-14 13:39:12,644 - INFO - [pipeline.py:243] - [Grade: A] Saved to: /Users/kenfasano/Scripts/ScreenArt/Images/TransformedImages/psalms_60-A-columns.jpeg
2026-03-14 13:39:12,705 - INFO - [pipeline.py:137] - "MeltMorphTransformer","intensity=0.50"
2026-03-14 13:39:12,738 - INFO - [pipeline.py:137] - "StippleTransformer","bg=white,dot_radius=3,jitter=1,spacing=12"
2026-03-14 13:39:12,763 - INFO - [pipeline.py:137] - "FisheyeTransformer","shape=circle,strength=0.40,zoom=1.11"
2026-03-14 13:39:12,782 - INFO - [pipeline.py:243] - [Grade: C] Saved to: /Users/kenfasano/Scripts/ScreenArt/Images/TransformedImages/psalms_77-C-tile.jpeg
2026-03-14 13:39:12,815 - INFO - [pipeline.py:137] - "ChromaticAberrationTransformer","angle=283.50,edge_fade=1,shift=7.10"
2026-03-14 13:39:12,866 - INFO - [pipeline.py:137] - "KaleidoscopeTransformer","cx_off=-0.03,cy_off=-0.12,segments=8"
2026-03-14 13:39:12,905 - INFO - [pipeline.py:137] - "SwirlWarpTransformer","strength=1.50"
2026-03-14 13:39:12,921 - INFO - [pipeline.py:243] - [Grade: F] Saved to: /Users/kenfasano/Scripts/ScreenArt/Images/Rejected/psalms_16-F-tile.jpeg
2026-03-14 13:39:12,963 - INFO - [pipeline.py:137] - "GlitchWarpTransformer","intensity=0.01"
2026-03-14 13:39:12,984 - INFO - [pipeline.py:243] - [Grade: C] Saved to: /Users/kenfasano/Scripts/ScreenArt/Images/TransformedImages/psalms_88-C-columns.jpeg
2026-03-14 13:39:13,009 - INFO - [pipeline.py:137] - "OilPaintingTransformer","dyn_ratio=5,size=3"
2026-03-14 13:39:13,026 - INFO - [pipeline.py:243] - [Grade: C] Saved to: /Users/kenfasano/Scripts/ScreenArt/Images/TransformedImages/psalms_64-C-hero.jpeg
2026-03-14 13:39:13,071 - INFO - [pipeline.py:137] - "FractalWarpTransformer","iter=1,scale=0.05"
2026-03-14 13:39:13,109 - INFO - [pipeline.py:137] - "SwirlWarpTransformer","strength=1.50"
2026-03-14 13:39:13,161 - INFO - [pipeline.py:137] - "KaleidoscopeTransformer","cx_off=-0.10,cy_off=0.02,segments=8"
2026-03-14 13:39:13,178 - INFO - [pipeline.py:243] - [Grade: A] Saved to: /Users/kenfasano/Scripts/ScreenArt/Images/TransformedImages/psalms_143-A-columns.jpeg
2026-03-14 13:39:13,201 - INFO - [pipeline.py:137] - "ColormapTransformer","map=cool"
2026-03-14 13:39:13,274 - INFO - [pipeline.py:137] - "OilPaintingTransformer","dyn_ratio=5,size=8"
2026-03-14 13:39:13,314 - INFO - [pipeline.py:137] - "WheelTransformer","blend=lighter,copies=4"
2026-03-14 13:39:13,367 - INFO - [pipeline.py:137] - "MeltMorphTransformer","intensity=0.50"
2026-03-14 13:39:13,386 - INFO - [pipeline.py:243] - [Grade: A] Saved to: /Users/kenfasano/Scripts/ScreenArt/Images/TransformedImages/psalms_8-A-tile.jpeg
2026-03-14 13:39:13,431 - INFO - [pipeline.py:137] - "WheelTransformer","blend=lighter,copies=4"
2026-03-14 13:39:13,479 - INFO - [pipeline.py:137] - "HalftoneTransformer","size=2"
2026-03-14 13:39:13,514 - INFO - [pipeline.py:137] - "FractalWarpTransformer","iter=1,scale=0.05"
2026-03-14 13:39:13,530 - INFO - [pipeline.py:243] - [Grade: A] Saved to: /Users/kenfasano/Scripts/ScreenArt/Images/TransformedImages/psalms_138-A-scatter.jpeg
2026-03-14 13:39:13,561 - INFO - [pipeline.py:137] - "FisheyeTransformer","shape=circle,strength=0.76,zoom=0.91"
2026-03-14 13:39:13,903 - INFO - [pipeline.py:137] - "PixelSortTransformer","direction=cols,high=0.59,low=0.19,sort_key=brightness"
2026-03-14 13:39:13,916 - INFO - [pipeline.py:137] - "PosterizationTransformer","levels=4"
2026-03-14 13:39:13,930 - INFO - [pipeline.py:137] - "ColormapTransformer","map=ocean"
2026-03-14 13:39:13,948 - INFO - [pipeline.py:243] - [Grade: B] Saved to: /Users/kenfasano/Scripts/ScreenArt/Images/TransformedImages/psalms_124-B-scatter.jpeg
2026-03-14 13:39:14,008 - INFO - [pipeline.py:137] - "FluidWarpTransformer","alpha=15.97,sigma=7.44"
2026-03-14 13:39:14,036 - INFO - [pipeline.py:137] - "GlitchWarpTransformer","intensity=0.01"
2026-03-14 13:39:14,056 - INFO - [pipeline.py:243] - [Grade: A] Saved to: /Users/kenfasano/Scripts/ScreenArt/Images/TransformedImages/psalms_38-A-columns.jpeg
2026-03-14 13:39:14,078 - INFO - [pipeline.py:137] - "StippleTransformer","bg=white,dot_radius=3,jitter=1,spacing=8"
2026-03-14 13:39:14,089 - INFO - [pipeline.py:137] - "FractalWarpTransformer","iter=1,scale=0.05"
2026-03-14 13:39:14,105 - INFO - [pipeline.py:137] - "MeltMorphTransformer","intensity=0.50"
2026-03-14 13:39:14,112 - INFO - [pipeline.py:243] - [Grade: C] Saved to: /Users/kenfasano/Scripts/ScreenArt/Images/TransformedImages/peripheral_drift_2-C.jpeg
2026-03-14 13:39:14,127 - INFO - [pipeline.py:137] - "ThermalImagingTransformer","thermal=True"
2026-03-14 13:39:14,136 - INFO - [pipeline.py:137] - "RadialWarpTransformer","radius=0.25,strength=61.78282073187861,46.92532433126101,100.12349222681158,style=push,pull,pull"
2026-03-14 13:39:14,141 - INFO - [pipeline.py:137] - "ColormapTransformer","map=jet"
2026-03-14 13:39:14,147 - INFO - [pipeline.py:243] - [Grade: A] Saved to: /Users/kenfasano/Scripts/ScreenArt/Images/TransformedImages/peripheral_drift_3-A.jpeg
2026-03-14 13:39:14,159 - INFO - [pipeline.py:137] - "ChromaticAberrationTransformer","angle=164.50,edge_fade=1,shift=13.70"
2026-03-14 13:39:14,176 - INFO - [pipeline.py:137] - "KaleidoscopeTransformer","cx_off=0.07,cy_off=0.03,segments=12"
2026-03-14 13:39:14,182 - INFO - [pipeline.py:243] - [Grade: A] Saved to: /Users/kenfasano/Scripts/ScreenArt/Images/TransformedImages/peripheral_drift_1-A.jpeg
2026-03-14 13:39:14,182 - INFO - [main.py:196] - WatercolorTransformer
2026-03-14 13:39:14,182 - INFO - [main.py:196] - VoronoiTransformer
2026-03-14 13:39:14,182 - INFO - [main.py:196] - PixelSortTransformer
2026-03-14 13:39:14,182 - INFO - [main.py:196] - FlipWilsonTransformer
2026-03-14 13:39:14,182 - INFO - [main.py:196] - AnamorphicTransformer
2026-03-14 13:39:14,182 - INFO - [main.py:196] - MeltMorphTransformer
2026-03-14 13:39:14,182 - INFO - [main.py:196] - HalftoneTransformer
2026-03-14 13:39:14,182 - INFO - [main.py:196] - WheelTransformer
2026-03-14 13:39:14,182 - INFO - [main.py:196] - KaleidoscopeTransformer
2026-03-14 13:39:14,182 - INFO - [main.py:196] - OilPaintingTransformer
2026-03-14 13:39:14,182 - INFO - [main.py:196] - DataMoshTransformer
2026-03-14 13:39:14,182 - INFO - [main.py:196] - FluidWarpTransformer
2026-03-14 13:39:14,182 - INFO - [main.py:196] - StippleTransformer
2026-03-14 13:39:14,182 - INFO - [main.py:196] - SwirlWarpTransformer
2026-03-14 13:39:14,182 - INFO - [main.py:196] - ThermalImagingTransformer
2026-03-14 13:39:14,182 - INFO - [main.py:196] - GlitchWarpTransformer
2026-03-14 13:39:14,182 - INFO - [main.py:196] - FractalWarpTransformer
2026-03-14 13:39:14,182 - INFO - [main.py:196] - FisheyeTransformer
2026-03-14 13:39:14,182 - INFO - [main.py:196] - ChromaticAberrationTransformer
2026-03-14 13:39:14,182 - INFO - [main.py:196] - PosterizationTransformer
2026-03-14 13:39:14,182 - INFO - [main.py:196] - RadialWarpTransformer
2026-03-14 13:39:14,182 - INFO - [main.py:196] - ColormapTransformer
2026-03-14 13:39:14,182 - INFO - [main.py:239] - 21s@13:39 ✓
Accepted: 52
Rejected: 4
---
Bible                      ->  5165ms
Wiki                       ->  2510ms
Lojong                     ->  2242ms
Nasa                       ->  1126ms
GoesGenerator              ->  1014ms
Bubbles                    ->   475ms
Cubes                      ->   186ms
PeripheralDriftIllusion    ->    45ms
NasaMapGenerator           ->    34ms
---
WatercolorTransformer            -> Min:   214ms | Avg:   222ms | Max:   226ms
VoronoiTransformer               -> Min:    46ms | Avg:   206ms | Max:   414ms
PixelSortTransformer             -> Min:    48ms | Avg:   163ms | Max:   342ms
FlipWilsonTransformer            -> Min:    97ms | Avg:    99ms | Max:   100ms
AnamorphicTransformer            -> Min:    56ms | Avg:    56ms | Max:    56ms
MeltMorphTransformer             -> Min:    17ms | Avg:    48ms | Max:    60ms
HalftoneTransformer              -> Min:    14ms | Avg:    47ms | Max:    75ms
WheelTransformer                 -> Min:    37ms | Avg:    43ms | Max:    72ms
KaleidoscopeTransformer          -> Min:     8ms | Avg:    40ms | Max:    72ms
OilPaintingTransformer           -> Min:    18ms | Avg:    38ms | Max:    74ms
DataMoshTransformer              -> Min:     5ms | Avg:    35ms | Max:    53ms
FluidWarpTransformer             -> Min:    13ms | Avg:    35ms | Max:    48ms
StippleTransformer               -> Min:    19ms | Avg:    34ms | Max:    51ms
SwirlWarpTransformer             -> Min:     6ms | Avg:    30ms | Max:    45ms
ThermalImagingTransformer        -> Min:     7ms | Avg:    28ms | Max:    38ms
GlitchWarpTransformer            -> Min:    11ms | Avg:    26ms | Max:    28ms
FractalWarpTransformer           -> Min:     5ms | Avg:    25ms | Max:    44ms
FisheyeTransformer               -> Min:    23ms | Avg:    24ms | Max:    24ms
ChromaticAberrationTransformer   -> Min:     3ms | Avg:    19ms | Max:    28ms
PosterizationTransformer         -> Min:     7ms | Avg:    15ms | Max:    28ms
RadialWarpTransformer            -> Min:     3ms | Avg:    13ms | Max:    17ms
ColormapTransformer              -> Min:     2ms | Avg:    10ms | Max:    18ms
