2026-04-04 13:15:50,283 - INFO - [mandala_draw.py:291] - mandala_draw: generated 3/3
2026-04-04 13:15:55,026 - INFO - [wiki.py:58] - Wiki: random
2026-04-04 13:15:58,233 - INFO - [pipeline.py:138] - "GlitchWarpTransformer","intensity=0.01"
2026-04-04 13:15:58,288 - INFO - [pipeline.py:138] - "KaleidoscopeTransformer","cx_off=-0.16,cy_off=0.19,segments=12"
2026-04-04 13:15:58,340 - INFO - [pipeline.py:138] - "FluidWarpTransformer","alpha=3.00,sigma=6.86"
2026-04-04 13:15:58,359 - INFO - [pipeline.py:252] - [Grade: C] Saved to: /Users/kenfasano/Scripts/ScreenArt/Images/TransformedImages/psalms_150-C-hero_28e3.jpeg
2026-04-04 13:15:58,409 - INFO - [pipeline.py:138] - "DataMoshTransformer","intensity=0.02"
2026-04-04 13:15:58,424 - INFO - [pipeline.py:138] - "PosterizationTransformer","levels=4"
2026-04-04 13:15:58,449 - INFO - [pipeline.py:138] - "OilPaintingTransformer","dyn_ratio=5,size=4"
2026-04-04 13:15:58,477 - INFO - [pipeline.py:138] - "GlitchWarpTransformer","intensity=0.01"
2026-04-04 13:15:58,497 - INFO - [pipeline.py:252] - [Grade: C] Saved to: /Users/kenfasano/Scripts/ScreenArt/Images/TransformedImages/psalms_87-C-scatter_d2ff.jpeg
2026-04-04 13:15:58,531 - INFO - [pipeline.py:138] - "RadialWarpTransformer","radius=0.25,strength=71.78464997852082,80.2630337216041,120.08310558288858,style=push,push,push"
2026-04-04 13:15:58,550 - INFO - [pipeline.py:252] - [Grade: C] Saved to: /Users/kenfasano/Scripts/ScreenArt/Images/TransformedImages/psalms_34-C-hero_b110.jpeg
2026-04-04 13:15:58,595 - INFO - [pipeline.py:138] - "DataMoshTransformer","intensity=0.02"
2026-04-04 13:15:58,635 - INFO - [pipeline.py:138] - "ThermalImagingTransformer","thermal=True"
2026-04-04 13:15:58,690 - INFO - [pipeline.py:138] - "MeltMorphTransformer","intensity=0.50"
2026-04-04 13:15:58,802 - INFO - [pipeline.py:138] - "WheelTransformer","blend=lighter,copies=3"
2026-04-04 13:15:58,821 - INFO - [pipeline.py:252] - [Grade: B] Saved to: /Users/kenfasano/Scripts/ScreenArt/Images/TransformedImages/psalms_145-B-hero_e21f.jpeg
2026-04-04 13:15:58,860 - INFO - [pipeline.py:138] - "FisheyeTransformer","shape=circle,strength=0.44,zoom=1.00"
2026-04-04 13:15:58,972 - INFO - [pipeline.py:138] - "WheelTransformer","blend=lighter,copies=3"
2026-04-04 13:15:59,010 - INFO - [pipeline.py:138] - "FractalWarpTransformer","iter=1,scale=0.05"
2026-04-04 13:15:59,040 - INFO - [pipeline.py:138] - "GlitchWarpTransformer","intensity=0.01"
2026-04-04 13:15:59,060 - INFO - [pipeline.py:252] - [Grade: C] Saved to: /Users/kenfasano/Scripts/ScreenArt/Images/TransformedImages/bubbles_4-C_62fc.jpeg
2026-04-04 13:15:59,117 - INFO - [pipeline.py:138] - "FluidWarpTransformer","alpha=7.10,sigma=6.91"
2026-04-04 13:15:59,145 - INFO - [pipeline.py:138] - "GlitchWarpTransformer","intensity=0.01"
2026-04-04 13:15:59,165 - INFO - [pipeline.py:252] - [Grade: C] Saved to: /Users/kenfasano/Scripts/ScreenArt/Images/TransformedImages/bubbles_5-C_b85e.jpeg
2026-04-04 13:15:59,196 - INFO - [pipeline.py:138] - "FisheyeTransformer","shape=circle,strength=0.42,zoom=1.05"
2026-04-04 13:15:59,222 - INFO - [pipeline.py:138] - "ChromaticAberrationTransformer","angle=272.90,edge_fade=1,shift=12.20"
2026-04-04 13:15:59,269 - INFO - [pipeline.py:138] - "HalftoneTransformer","size=2"
2026-04-04 13:15:59,282 - INFO - [pipeline.py:138] - "PosterizationTransformer","levels=4"
2026-04-04 13:15:59,298 - INFO - [pipeline.py:252] - [Grade: A] Saved to: /Users/kenfasano/Scripts/ScreenArt/Images/TransformedImages/bubbles_2-A_ae1f.jpeg
2026-04-04 13:15:59,342 - INFO - [pipeline.py:138] - "DataMoshTransformer","intensity=0.01"
2026-04-04 13:15:59,369 - INFO - [pipeline.py:138] - "GlitchWarpTransformer","intensity=0.01"
2026-04-04 13:15:59,417 - INFO - [pipeline.py:138] - "HalftoneTransformer","size=2"
2026-04-04 13:15:59,453 - INFO - [pipeline.py:138] - "ThermalImagingTransformer","thermal=True"
2026-04-04 13:15:59,473 - INFO - [pipeline.py:252] - [Grade: A] Saved to: /Users/kenfasano/Scripts/ScreenArt/Images/TransformedImages/bubbles_3-A_c533.jpeg
2026-04-04 13:15:59,497 - INFO - [pipeline.py:138] - "RadialWarpTransformer","radius=0.25,strength=74.1860564736441,style=pull"
2026-04-04 13:15:59,531 - INFO - [pipeline.py:138] - "FractalWarpTransformer","iter=1,scale=0.05"
2026-04-04 13:15:59,558 - INFO - [pipeline.py:138] - "GlitchWarpTransformer","intensity=0.01"
2026-04-04 13:15:59,594 - INFO - [pipeline.py:138] - "DataMoshTransformer","intensity=0.01"
2026-04-04 13:15:59,613 - INFO - [pipeline.py:252] - [Grade: C] Saved to: /Users/kenfasano/Scripts/ScreenArt/Images/TransformedImages/bubbles_1-C_0883.jpeg
2026-04-04 13:15:59,668 - INFO - [pipeline.py:138] - "HalftoneTransformer","size=2"
2026-04-04 13:15:59,703 - INFO - [pipeline.py:138] - "ThermalImagingTransformer","thermal=True"
2026-04-04 13:15:59,720 - INFO - [pipeline.py:252] - [Grade: A] Saved to: /Users/kenfasano/Scripts/ScreenArt/Images/TransformedImages/cubes_2-A_5e9b.jpeg
2026-04-04 13:15:59,789 - INFO - [pipeline.py:138] - "FlipWilsonTransformer","keep=top,narrow=0.33"
2026-04-04 13:15:59,843 - INFO - [pipeline.py:138] - "KaleidoscopeTransformer","cx_off=0.02,cy_off=0.08,segments=12"
2026-04-04 13:16:00,064 - INFO - [pipeline.py:138] - "WatercolorTransformer","scale=0.85,style=psychedelic"
2026-04-04 13:16:00,082 - INFO - [pipeline.py:252] - [Grade: A] Saved to: /Users/kenfasano/Scripts/ScreenArt/Images/TransformedImages/cubes_3-A_5053.jpeg
2026-04-04 13:16:00,300 - INFO - [pipeline.py:138] - "WatercolorTransformer","scale=0.85,style=monet"
2026-04-04 13:16:00,335 - INFO - [pipeline.py:138] - "DataMoshTransformer","intensity=0.01"
2026-04-04 13:16:00,362 - INFO - [pipeline.py:138] - "GlitchWarpTransformer","intensity=0.01"
2026-04-04 13:16:00,399 - INFO - [pipeline.py:138] - "ThermalImagingTransformer","thermal=True"
2026-04-04 13:16:00,420 - INFO - [pipeline.py:252] - [Grade: C] Saved to: /Users/kenfasano/Scripts/ScreenArt/Images/TransformedImages/cubes_1-C_a6ed.jpeg
2026-04-04 13:16:00,456 - INFO - [pipeline.py:138] - "FluidWarpTransformer","alpha=17.56,sigma=1.96"
2026-04-04 13:16:00,497 - INFO - [pipeline.py:138] - "FlipWilsonTransformer","keep=top,narrow=0.33"
2026-04-04 13:16:00,511 - INFO - [pipeline.py:252] - [Grade: A] Saved to: /Users/kenfasano/Scripts/ScreenArt/Images/TransformedImages/noaa_goes_1_se_Dust-A_6c01.jpeg
2026-04-04 13:16:00,550 - INFO - [pipeline.py:138] - "ThermalImagingTransformer","thermal=True"
2026-04-04 13:16:00,706 - INFO - [pipeline.py:138] - "WatercolorTransformer","scale=0.85,style=monet"
2026-04-04 13:16:00,772 - INFO - [pipeline.py:138] - "WheelTransformer","blend=lighter,copies=3"
2026-04-04 13:16:00,805 - INFO - [pipeline.py:138] - "HalftoneTransformer","size=2"
2026-04-04 13:16:00,818 - INFO - [pipeline.py:252] - [Grade: A] Saved to: /Users/kenfasano/Scripts/ScreenArt/Images/TransformedImages/noaa_goes_2_se_Day_Night_Cloud_Micro-A_8000.jpeg
2026-04-04 13:16:00,873 - INFO - [pipeline.py:138] - "HalftoneTransformer","size=2"
2026-04-04 13:16:00,897 - INFO - [pipeline.py:138] - "FisheyeTransformer","shape=oval,strength=0.36,zoom=0.87"
2026-04-04 13:16:00,913 - INFO - [pipeline.py:138] - "RadialWarpTransformer","radius=0.25,strength=70.6533550449768,style=pull"
2026-04-04 13:16:00,930 - INFO - [pipeline.py:252] - [Grade: A] Saved to: /Users/kenfasano/Scripts/ScreenArt/Images/TransformedImages/lojong_2-A-scatter_bcdc.jpeg
2026-04-04 13:16:00,956 - INFO - [pipeline.py:138] - "RadialWarpTransformer","radius=0.25,strength=102.02081117471431,98.71186797022607,style=push,push"
2026-04-04 13:16:00,969 - INFO - [pipeline.py:138] - "ColormapTransformer","map=winter"
2026-04-04 13:16:01,078 - INFO - [pipeline.py:138] - "WheelTransformer","blend=lighter,copies=3"
2026-04-04 13:16:01,105 - INFO - [pipeline.py:138] - "GlitchWarpTransformer","intensity=0.01"
2026-04-04 13:16:01,125 - INFO - [pipeline.py:252] - [Grade: A] Saved to: /Users/kenfasano/Scripts/ScreenArt/Images/TransformedImages/lojong_3-A-hero_e5f8.jpeg
2026-04-04 13:16:01,169 - INFO - [pipeline.py:138] - "ThermalImagingTransformer","thermal=True"
2026-04-04 13:16:01,228 - INFO - [pipeline.py:138] - "FlipWilsonTransformer","keep=top,narrow=0.33"
2026-04-04 13:16:01,262 - INFO - [pipeline.py:138] - "FractalWarpTransformer","iter=1,scale=0.05"
2026-04-04 13:16:01,279 - INFO - [pipeline.py:252] - [Grade: F] Saved to: /Users/kenfasano/Scripts/ScreenArt/Images/Rejected/lojong_4-F-scatter_d7e2.jpeg
2026-04-04 13:16:01,345 - INFO - [pipeline.py:138] - "FlipWilsonTransformer","keep=top,narrow=0.33"
2026-04-04 13:16:01,519 - INFO - [pipeline.py:138] - "PixelSortTransformer","direction=cols,high=0.63,low=0.28,sort_key=brightness"
2026-04-04 13:16:01,543 - INFO - [pipeline.py:138] - "FisheyeTransformer","shape=circle,strength=0.21,zoom=0.92"
2026-04-04 13:16:01,563 - INFO - [pipeline.py:252] - [Grade: A] Saved to: /Users/kenfasano/Scripts/ScreenArt/Images/TransformedImages/lojong_0-A-columns_330f.jpeg
2026-04-04 13:16:01,676 - INFO - [pipeline.py:138] - "WheelTransformer","blend=lighter,copies=3"
2026-04-04 13:16:01,713 - INFO - [pipeline.py:138] - "ThermalImagingTransformer","thermal=True"
2026-04-04 13:16:01,732 - INFO - [pipeline.py:252] - [Grade: A] Saved to: /Users/kenfasano/Scripts/ScreenArt/Images/TransformedImages/lojong_1-A-columns_462c.jpeg
2026-04-04 13:16:01,843 - INFO - [pipeline.py:138] - "KaleidoscopeTransformer","cx_off=0.02,cy_off=-0.11,segments=8"
2026-04-04 13:16:01,913 - INFO - [pipeline.py:138] - "FlipWilsonTransformer","keep=top,narrow=0.33"
2026-04-04 13:16:02,168 - INFO - [pipeline.py:138] - "WatercolorTransformer","scale=0.85,style=monet"
2026-04-04 13:16:02,188 - INFO - [pipeline.py:252] - [Grade: A] Saved to: /Users/kenfasano/Scripts/ScreenArt/Images/TransformedImages/mandala_draw_1-A_183f.jpeg
2026-04-04 13:16:02,260 - INFO - [pipeline.py:138] - "KaleidoscopeTransformer","cx_off=0.06,cy_off=0.02,segments=8"
2026-04-04 13:16:02,305 - INFO - [pipeline.py:138] - "ThermalImagingTransformer","thermal=True"
2026-04-04 13:16:02,325 - INFO - [pipeline.py:138] - "PosterizationTransformer","levels=4"
2026-04-04 13:16:02,447 - INFO - [pipeline.py:138] - "WheelTransformer","blend=lighter,copies=3"
2026-04-04 13:16:02,468 - INFO - [pipeline.py:252] - [Grade: A] Saved to: /Users/kenfasano/Scripts/ScreenArt/Images/TransformedImages/mandala_draw_0-A_4dc8.jpeg
2026-04-04 13:16:02,517 - INFO - [pipeline.py:138] - "ThermalImagingTransformer","thermal=True"
2026-04-04 13:16:02,580 - INFO - [pipeline.py:138] - "KaleidoscopeTransformer","cx_off=0.10,cy_off=0.08,segments=8"
2026-04-04 13:16:02,599 - INFO - [pipeline.py:252] - [Grade: F] Saved to: /Users/kenfasano/Scripts/ScreenArt/Images/Rejected/mandala_draw_2-F_69f4.jpeg
2026-04-04 13:16:02,624 - INFO - [pipeline.py:138] - "ColormapTransformer","map=summer"
2026-04-04 13:16:02,661 - INFO - [pipeline.py:138] - "FluidWarpTransformer","alpha=4.40,sigma=3.64"
2026-04-04 13:16:02,688 - INFO - [pipeline.py:138] - "GlitchWarpTransformer","intensity=0.01"
2026-04-04 13:16:02,709 - INFO - [pipeline.py:252] - [Grade: A] Saved to: /Users/kenfasano/Scripts/ScreenArt/Images/TransformedImages/nasa_earth_1_Sao_Paulo_True_Color-A_9efe.jpeg
2026-04-04 13:16:02,733 - INFO - [pipeline.py:138] - "ColormapTransformer","map=spring"
2026-04-04 13:16:02,753 - INFO - [pipeline.py:252] - [Grade: A] Saved to: /Users/kenfasano/Scripts/ScreenArt/Images/TransformedImages/nasa_earth_3_Seoul_Vegetation_False_Color-A_99b4.jpeg
2026-04-04 13:16:02,764 - INFO - [pipeline.py:138] - "OilPaintingTransformer","dyn_ratio=2,size=5"
2026-04-04 13:16:02,767 - INFO - [pipeline.py:138] - "PosterizationTransformer","levels=4"
2026-04-04 13:16:02,772 - INFO - [pipeline.py:252] - [Grade: A] Saved to: /Users/kenfasano/Scripts/ScreenArt/Images/TransformedImages/dione3_cassini-A_6905.jpg
2026-04-04 13:16:02,796 - INFO - [pipeline.py:138] - "FluidWarpTransformer","alpha=17.25,sigma=6.06"
2026-04-04 13:16:02,807 - INFO - [pipeline.py:138] - "FractalWarpTransformer","iter=1,scale=0.05"
2026-04-04 13:16:02,814 - INFO - [pipeline.py:138] - "FisheyeTransformer","shape=circle,strength=0.68,zoom=1.00"
2026-04-04 13:16:02,832 - INFO - [pipeline.py:138] - "MeltMorphTransformer","intensity=0.50"
2026-04-04 13:16:02,838 - INFO - [pipeline.py:252] - [Grade: C] Saved to: /Users/kenfasano/Scripts/ScreenArt/Images/TransformedImages/PolarisLovejoy_RBA_1024-C_1e8f.jpg
2026-04-04 13:16:02,866 - INFO - [pipeline.py:138] - "ChromaticAberrationTransformer","angle=242.80,edge_fade=1,shift=10.40"
2026-04-04 13:16:02,875 - INFO - [pipeline.py:252] - [Grade: C] Saved to: /Users/kenfasano/Scripts/ScreenArt/Images/TransformedImages/m51_l2_1024-C_a9f3.jpg
2026-04-04 13:16:02,902 - INFO - [pipeline.py:138] - "FluidWarpTransformer","alpha=18.44,sigma=4.20"
2026-04-04 13:16:02,909 - INFO - [pipeline.py:252] - [Grade: A] Saved to: /Users/kenfasano/Scripts/ScreenArt/Images/TransformedImages/Star-trail-of-planets1067-A_714e.jpg
2026-04-04 13:16:02,931 - INFO - [pipeline.py:138] - "HalftoneTransformer","size=2"
2026-04-04 13:16:02,938 - INFO - [pipeline.py:252] - [Grade: A] Saved to: /Users/kenfasano/Scripts/ScreenArt/Images/TransformedImages/PIA22486CuriositySelf2018dustStorm1024-A_a1f2.jpg
2026-04-04 13:16:02,952 - INFO - [pipeline.py:138] - "DataMoshTransformer","intensity=0.02"
2026-04-04 13:16:02,959 - INFO - [pipeline.py:252] - [Grade: A] Saved to: /Users/kenfasano/Scripts/ScreenArt/Images/TransformedImages/vermeer_stevenson-A_5c70.jpg
2026-04-04 13:16:02,980 - INFO - [pipeline.py:138] - "ThermalImagingTransformer","thermal=True"
2026-04-04 13:16:03,014 - INFO - [pipeline.py:138] - "WheelTransformer","blend=lighter,copies=3"
2026-04-04 13:16:03,029 - INFO - [pipeline.py:138] - "HalftoneTransformer","size=2"
2026-04-04 13:16:03,035 - INFO - [pipeline.py:252] - [Grade: A] Saved to: /Users/kenfasano/Scripts/ScreenArt/Images/TransformedImages/trifid_spitzerR1024-A_ef6c.jpg
2026-04-04 13:16:03,069 - INFO - [pipeline.py:138] - "KaleidoscopeTransformer","cx_off=0.07,cy_off=-0.07,segments=12"
2026-04-04 13:16:03,084 - INFO - [pipeline.py:138] - "ThermalImagingTransformer","thermal=True"
2026-04-04 13:16:03,089 - INFO - [pipeline.py:138] - "ColormapTransformer","map=summer"
2026-04-04 13:16:03,098 - INFO - [pipeline.py:138] - "FisheyeTransformer","shape=oval,strength=0.57,zoom=1.08"
2026-04-04 13:16:03,106 - INFO - [pipeline.py:252] - [Grade: A] Saved to: /Users/kenfasano/Scripts/ScreenArt/Images/TransformedImages/NGC6366_1024-A_cd7d.jpg
2026-04-04 13:16:03,133 - INFO - [pipeline.py:138] - "VoronoiTransformer","edge_blend=1,num_points=121"
2026-04-04 13:16:03,137 - INFO - [pipeline.py:138] - "GlitchWarpTransformer","intensity=0.01"
2026-04-04 13:16:03,144 - INFO - [pipeline.py:138] - "MeltMorphTransformer","intensity=0.50"
2026-04-04 13:16:03,147 - INFO - [pipeline.py:252] - [Grade: A] Saved to: /Users/kenfasano/Scripts/ScreenArt/Images/TransformedImages/minuteman3_young-A_54a1.jpg
2026-04-04 13:16:03,322 - INFO - [pipeline.py:138] - "VoronoiTransformer","edge_blend=1,num_points=173"
2026-04-04 13:16:03,349 - INFO - [pipeline.py:138] - "SwirlWarpTransformer","strength=1.50"
2026-04-04 13:16:03,362 - INFO - [pipeline.py:252] - [Grade: A] Saved to: /Users/kenfasano/Scripts/ScreenArt/Images/TransformedImages/Ngc6357_Webb_960-A_a268.jpg
2026-04-04 13:16:03,384 - INFO - [pipeline.py:138] - "MeltMorphTransformer","intensity=0.50"
2026-04-04 13:16:03,391 - INFO - [pipeline.py:138] - "RadialWarpTransformer","radius=0.25,strength=52.230204488320524,109.77726114016372,style=push,push"
2026-04-04 13:16:03,479 - INFO - [pipeline.py:138] - "VoronoiTransformer","edge_blend=1,num_points=176"
2026-04-04 13:16:03,500 - INFO - [pipeline.py:138] - "FlipWilsonTransformer","keep=top,narrow=0.33"
2026-04-04 13:16:03,507 - INFO - [pipeline.py:252] - [Grade: A] Saved to: /Users/kenfasano/Scripts/ScreenArt/Images/TransformedImages/MarsSharp_Curiosity_1080-A_cd89.jpg
2026-04-04 13:16:03,578 - INFO - [pipeline.py:138] - "FlipWilsonTransformer","keep=top,narrow=0.33"
2026-04-04 13:16:03,605 - INFO - [pipeline.py:138] - "GlitchWarpTransformer","intensity=0.01"
2026-04-04 13:16:03,627 - INFO - [pipeline.py:252] - [Grade: B] Saved to: /Users/kenfasano/Scripts/ScreenArt/Images/TransformedImages/peace_0-B_3121.jpeg
2026-04-04 13:16:03,686 - INFO - [pipeline.py:138] - "HalftoneTransformer","size=2"
2026-04-04 13:16:03,712 - INFO - [pipeline.py:138] - "ChromaticAberrationTransformer","angle=298.20,edge_fade=1,shift=16.50"
2026-04-04 13:16:03,749 - INFO - [pipeline.py:138] - "ThermalImagingTransformer","thermal=True"
2026-04-04 13:16:03,785 - INFO - [pipeline.py:138] - "DataMoshTransformer","intensity=0.01"
2026-04-04 13:16:03,804 - INFO - [pipeline.py:252] - [Grade: A] Saved to: /Users/kenfasano/Scripts/ScreenArt/Images/TransformedImages/peace_1-A_6545.jpeg
2026-04-04 13:16:03,866 - INFO - [pipeline.py:138] - "KaleidoscopeTransformer","cx_off=-0.04,cy_off=-0.09,segments=6"
2026-04-04 13:16:03,904 - INFO - [pipeline.py:138] - "DataMoshTransformer","intensity=0.02"
2026-04-04 13:16:03,943 - INFO - [pipeline.py:138] - "SwirlWarpTransformer","strength=1.50"
2026-04-04 13:16:03,962 - INFO - [pipeline.py:252] - [Grade: A] Saved to: /Users/kenfasano/Scripts/ScreenArt/Images/TransformedImages/peace_2-A_dd02.jpeg
2026-04-04 13:16:04,034 - INFO - [pipeline.py:138] - "FlipWilsonTransformer","keep=top,narrow=0.33"
2026-04-04 13:16:04,089 - INFO - [pipeline.py:138] - "ThermalImagingTransformer","thermal=True"
2026-04-04 13:16:04,226 - INFO - [pipeline.py:138] - "WheelTransformer","blend=lighter,copies=3"
2026-04-04 13:16:04,244 - INFO - [pipeline.py:252] - [Grade: B] Saved to: /Users/kenfasano/Scripts/ScreenArt/Images/TransformedImages/peace_3-B_ffb4.jpeg
2026-04-04 13:16:04,278 - INFO - [pipeline.py:138] - "WheelTransformer","blend=lighter,copies=3"
2026-04-04 13:16:04,287 - INFO - [pipeline.py:138] - "ChromaticAberrationTransformer","angle=76.50,edge_fade=1,shift=12.90"
2026-04-04 13:16:04,294 - INFO - [pipeline.py:252] - [Grade: A] Saved to: /Users/kenfasano/Scripts/ScreenArt/Images/TransformedImages/peripheral_drift_2-A_60b8.jpeg
2026-04-04 13:16:04,310 - INFO - [pipeline.py:138] - "SwirlWarpTransformer","strength=1.50"
2026-04-04 13:16:04,363 - INFO - [pipeline.py:138] - "PixelSortTransformer","direction=cols,high=0.80,low=0.05,sort_key=green"
2026-04-04 13:16:04,433 - INFO - [pipeline.py:138] - "WatercolorTransformer","scale=0.85,style=monet"
2026-04-04 13:16:04,445 - INFO - [pipeline.py:138] - "FractalWarpTransformer","iter=1,scale=0.05"
2026-04-04 13:16:04,452 - INFO - [pipeline.py:252] - [Grade: A] Saved to: /Users/kenfasano/Scripts/ScreenArt/Images/TransformedImages/peripheral_drift_3-A_ea5c.jpeg
2026-04-04 13:16:04,463 - INFO - [pipeline.py:138] - "GlitchWarpTransformer","intensity=0.01"
2026-04-04 13:16:04,532 - INFO - [pipeline.py:138] - "PixelSortTransformer","direction=cols,high=0.70,low=0.08,sort_key=brightness"
2026-04-04 13:16:04,539 - INFO - [pipeline.py:252] - [Grade: A] Saved to: /Users/kenfasano/Scripts/ScreenArt/Images/TransformedImages/peripheral_drift_8-A_bf51.jpeg
2026-04-04 13:16:04,550 - INFO - [pipeline.py:138] - "ChromaticAberrationTransformer","angle=338.50,edge_fade=1,shift=15.40"
2026-04-04 13:16:04,560 - INFO - [pipeline.py:138] - "FluidWarpTransformer","alpha=15.84,sigma=2.64"
2026-04-04 13:16:04,567 - INFO - [pipeline.py:252] - [Grade: A] Saved to: /Users/kenfasano/Scripts/ScreenArt/Images/TransformedImages/peripheral_drift_4-A_b534.jpeg
2026-04-04 13:16:04,579 - INFO - [pipeline.py:138] - "RadialWarpTransformer","radius=0.25,strength=69.01300880114565,114.74408978095272,112.9923468389689,style=pull,pull,pull"
2026-04-04 13:16:04,601 - INFO - [pipeline.py:138] - "OilPaintingTransformer","dyn_ratio=5,size=8"
2026-04-04 13:16:04,617 - INFO - [pipeline.py:138] - "KaleidoscopeTransformer","cx_off=-0.08,cy_off=0.11,segments=6"
2026-04-04 13:16:04,624 - INFO - [pipeline.py:252] - [Grade: A] Saved to: /Users/kenfasano/Scripts/ScreenArt/Images/TransformedImages/peripheral_drift_5-A_6b18.jpeg
2026-04-04 13:16:04,642 - INFO - [pipeline.py:138] - "DataMoshTransformer","intensity=0.01"
2026-04-04 13:16:04,647 - INFO - [pipeline.py:138] - "ColormapTransformer","map=spring"
2026-04-04 13:16:04,680 - INFO - [pipeline.py:138] - "WheelTransformer","blend=lighter,copies=3"
2026-04-04 13:16:04,751 - INFO - [pipeline.py:138] - "WatercolorTransformer","scale=0.85,style=monet"
2026-04-04 13:16:04,758 - INFO - [pipeline.py:252] - [Grade: A] Saved to: /Users/kenfasano/Scripts/ScreenArt/Images/TransformedImages/peripheral_drift_9-A_10f0.jpeg
2026-04-04 13:16:04,769 - INFO - [pipeline.py:138] - "GlitchWarpTransformer","intensity=0.01"
2026-04-04 13:16:04,858 - INFO - [pipeline.py:138] - "PixelSortTransformer","direction=cols,high=0.64,low=0.21,sort_key=green"
2026-04-04 13:16:04,865 - INFO - [pipeline.py:252] - [Grade: A] Saved to: /Users/kenfasano/Scripts/ScreenArt/Images/TransformedImages/peripheral_drift_10-A_3d9f.jpeg
2026-04-04 13:16:04,877 - INFO - [pipeline.py:138] - "RadialWarpTransformer","radius=0.25,strength=53.680405322152055,66.42556446583939,79.03146833954764,style=push,push,pull"
2026-04-04 13:16:04,885 - INFO - [pipeline.py:138] - "ChromaticAberrationTransformer","angle=66.90,edge_fade=1,shift=4.80"
2026-04-04 13:16:04,894 - INFO - [pipeline.py:138] - "FluidWarpTransformer","alpha=9.78,sigma=0.70"
2026-04-04 13:16:04,901 - INFO - [pipeline.py:252] - [Grade: A] Saved to: /Users/kenfasano/Scripts/ScreenArt/Images/TransformedImages/peripheral_drift_6-A_4c90.jpeg
2026-04-04 13:16:04,916 - INFO - [pipeline.py:138] - "DataMoshTransformer","intensity=0.01"
2026-04-04 13:16:04,928 - INFO - [pipeline.py:138] - "ThermalImagingTransformer","thermal=True"
2026-04-04 13:16:04,936 - INFO - [pipeline.py:252] - [Grade: B] Saved to: /Users/kenfasano/Scripts/ScreenArt/Images/TransformedImages/peripheral_drift_7-B_4a40.jpeg
2026-04-04 13:16:05,013 - INFO - [pipeline.py:138] - "VoronoiTransformer","edge_blend=1,num_points=173"
2026-04-04 13:16:05,020 - INFO - [pipeline.py:252] - [Grade: A] Saved to: /Users/kenfasano/Scripts/ScreenArt/Images/TransformedImages/peripheral_drift_1-A_f4ce.jpeg
2026-04-04 13:16:05,121 - INFO - [pipeline.py:138] - "PosterizationTransformer","levels=4"
2026-04-04 13:16:05,289 - INFO - [pipeline.py:138] - "FisheyeTransformer","shape=circle,strength=0.42,zoom=0.95"
2026-04-04 13:16:05,479 - INFO - [pipeline.py:138] - "MeltMorphTransformer","intensity=0.50"
2026-04-04 13:16:05,517 - INFO - [pipeline.py:138] - "ColormapTransformer","map=cool"
2026-04-04 13:16:05,577 - INFO - [pipeline.py:252] - [Grade: C] Saved to: /Users/kenfasano/Scripts/ScreenArt/Images/TransformedImages/static_mandala_0-C_cfb3.jpeg
2026-04-04 13:16:05,590 - INFO - [pipeline.py:138] - "KaleidoscopeTransformer","cx_off=0.16,cy_off=-0.12,segments=4"
2026-04-04 13:16:05,595 - INFO - [pipeline.py:252] - [Grade: A] Saved to: /Users/kenfasano/Scripts/ScreenArt/Images/TransformedImages/static_mandala_1-A_82ba.jpeg
2026-04-04 13:16:05,608 - INFO - [pipeline.py:138] - "GlitchWarpTransformer","intensity=0.01"
2026-04-04 13:16:05,616 - INFO - [pipeline.py:252] - [Grade: B] Saved to: /Users/kenfasano/Scripts/ScreenArt/Images/TransformedImages/static_mandala_2-B_356a.jpeg
2026-04-04 13:16:05,679 - INFO - [pipeline.py:138] - "OilPaintingTransformer","dyn_ratio=1,size=6"
2026-04-04 13:16:05,694 - INFO - [pipeline.py:138] - "PosterizationTransformer","levels=4"
2026-04-04 13:16:05,818 - INFO - [pipeline.py:138] - "WheelTransformer","blend=lighter,copies=3"
2026-04-04 13:16:05,849 - INFO - [pipeline.py:138] - "ChromaticAberrationTransformer","angle=51.40,edge_fade=1,shift=5.20"
2026-04-04 13:16:05,872 - INFO - [pipeline.py:252] - [Grade: A] Saved to: /Users/kenfasano/Scripts/ScreenArt/Images/TransformedImages/Вул.Щерб-A_ef9d.jpeg
2026-04-04 13:16:05,880 - INFO - [pipeline.py:138] - "FluidWarpTransformer","alpha=12.78,sigma=2.88"
2026-04-04 13:16:05,886 - INFO - [pipeline.py:138] - "KaleidoscopeTransformer","cx_off=0.08,cy_off=0.18,segments=6"
2026-04-04 13:16:05,907 - INFO - [pipeline.py:138] - "WatercolorTransformer","scale=0.85,style=psychedelic"
2026-04-04 13:16:05,910 - INFO - [pipeline.py:252] - [Grade: A] Saved to: /Users/kenfasano/Scripts/ScreenArt/Images/TransformedImages/ISR-HW60-A_1f34.jpeg
2026-04-04 13:16:06,046 - INFO - [pipeline.py:138] - "SwirlWarpTransformer","strength=1.50"
2026-04-04 13:16:06,164 - INFO - [pipeline.py:138] - "HalftoneTransformer","size=2"
2026-04-04 13:16:06,205 - INFO - [pipeline.py:252] - [Grade: A] Saved to: /Users/kenfasano/Scripts/ScreenArt/Images/TransformedImages/2021-10--A_4e90.jpeg
2026-04-04 13:16:06,265 - INFO - [pipeline.py:138] - "FractalWarpTransformer","iter=1,scale=0.05"
2026-04-04 13:16:06,330 - INFO - [pipeline.py:138] - "HalftoneTransformer","size=2"
2026-04-04 13:16:06,348 - INFO - [pipeline.py:138] - "PosterizationTransformer","levels=4"
2026-04-04 13:16:06,419 - INFO - [pipeline.py:138] - "KaleidoscopeTransformer","cx_off=-0.20,cy_off=0.15,segments=12"
2026-04-04 13:16:06,444 - INFO - [pipeline.py:252] - [Grade: A] Saved to: /Users/kenfasano/Scripts/ScreenArt/Images/TransformedImages/84138-Va-A_f5c5.jpeg
2026-04-04 13:16:06,498 - INFO - [pipeline.py:138] - "KaleidoscopeTransformer","cx_off=0.09,cy_off=-0.07,segments=6"
2026-04-04 13:16:06,535 - INFO - [pipeline.py:138] - "ThermalImagingTransformer","thermal=True"
2026-04-04 13:16:06,546 - INFO - [pipeline.py:138] - "PosterizationTransformer","levels=4"
2026-04-04 13:16:06,567 - INFO - [pipeline.py:252] - [Grade: B] Saved to: /Users/kenfasano/Scripts/ScreenArt/Images/TransformedImages/Warte_de-B_6957.jpeg
2026-04-04 13:16:06,613 - INFO - [pipeline.py:138] - "ChromaticAberrationTransformer","angle=347.80,edge_fade=1,shift=13.00"
2026-04-04 13:16:06,667 - INFO - [pipeline.py:138] - "SwirlWarpTransformer","strength=1.50"
2026-04-04 13:16:06,806 - INFO - [pipeline.py:138] - "WheelTransformer","blend=lighter,copies=3"
2026-04-04 13:16:06,884 - INFO - [pipeline.py:138] - "FlipWilsonTransformer","keep=top,narrow=0.33"
2026-04-04 13:16:06,909 - INFO - [pipeline.py:252] - [Grade: A] Saved to: /Users/kenfasano/Scripts/ScreenArt/Images/TransformedImages/Leafhopp-A_950c.jpeg
2026-04-04 13:16:07,100 - INFO - [pipeline.py:138] - "WheelTransformer","blend=lighter,copies=3"
2026-04-04 13:16:07,145 - INFO - [pipeline.py:138] - "ChromaticAberrationTransformer","angle=34.10,edge_fade=1,shift=12.00"
2026-04-04 13:16:07,175 - INFO - [pipeline.py:252] - [Grade: A] Saved to: /Users/kenfasano/Scripts/ScreenArt/Images/TransformedImages/Terracot-A_1b69.jpeg
2026-04-04 13:16:07,179 - INFO - [main.py:195] - WatercolorTransformer
2026-04-04 13:16:07,179 - INFO - [main.py:195] - WheelTransformer
2026-04-04 13:16:07,179 - INFO - [main.py:195] - PixelSortTransformer
2026-04-04 13:16:07,179 - INFO - [main.py:195] - VoronoiTransformer
2026-04-04 13:16:07,179 - INFO - [main.py:195] - MeltMorphTransformer
2026-04-04 13:16:07,179 - INFO - [main.py:195] - FlipWilsonTransformer
2026-04-04 13:16:07,179 - INFO - [main.py:195] - SwirlWarpTransformer
2026-04-04 13:16:07,179 - INFO - [main.py:195] - HalftoneTransformer
2026-04-04 13:16:07,179 - INFO - [main.py:195] - KaleidoscopeTransformer
2026-04-04 13:16:07,179 - INFO - [main.py:195] - FisheyeTransformer
2026-04-04 13:16:07,179 - INFO - [main.py:195] - ThermalImagingTransformer
2026-04-04 13:16:07,179 - INFO - [main.py:195] - DataMoshTransformer
2026-04-04 13:16:07,179 - INFO - [main.py:195] - FractalWarpTransformer
2026-04-04 13:16:07,179 - INFO - [main.py:195] - OilPaintingTransformer
2026-04-04 13:16:07,179 - INFO - [main.py:195] - FluidWarpTransformer
2026-04-04 13:16:07,179 - INFO - [main.py:195] - ChromaticAberrationTransformer
2026-04-04 13:16:07,179 - INFO - [main.py:195] - GlitchWarpTransformer
2026-04-04 13:16:07,179 - INFO - [main.py:195] - PosterizationTransformer
2026-04-04 13:16:07,179 - INFO - [main.py:195] - RadialWarpTransformer
2026-04-04 13:16:07,179 - INFO - [main.py:195] - ColormapTransformer
2026-04-04 13:16:07,179 - INFO - [main.py:238] - 21s@13:16 ✓
Accepted: 57
Rejected: 2
---
Peace                      ->  3420ms
Wiki                       ->  3164ms
Bible                      ->  2671ms
Lojong                     ->  1186ms
Nasa                       ->  1070ms
GoesGenerator              ->   555ms
Bubbles                    ->   283ms
PeripheralDriftIllusion    ->   158ms
Cubes                      ->   112ms
NasaMapGenerator           ->    67ms
MandalaDraw                ->    28ms
StaticMandala              ->    10ms
---
WatercolorTransformer            -> Min:    21ms | Avg:   144ms | Max:   255ms
WheelTransformer                 -> Min:    31ms | Avg:   100ms | Max:   179ms
PixelSortTransformer             -> Min:    53ms | Avg:    96ms | Max:   174ms
VoronoiTransformer               -> Min:    26ms | Avg:    89ms | Max:   166ms
MeltMorphTransformer             -> Min:     7ms | Avg:    57ms | Max:   189ms
FlipWilsonTransformer            -> Min:    21ms | Avg:    56ms | Max:    78ms
SwirlWarpTransformer             -> Min:    14ms | Avg:    50ms | Max:   116ms
HalftoneTransformer              -> Min:    15ms | Avg:    49ms | Max:   118ms
KaleidoscopeTransformer          -> Min:     6ms | Avg:    46ms | Max:   102ms
FisheyeTransformer               -> Min:     7ms | Avg:    41ms | Max:   168ms
ThermalImagingTransformer        -> Min:    12ms | Avg:    33ms | Max:    55ms
DataMoshTransformer              -> Min:    10ms | Avg:    29ms | Max:    41ms
FractalWarpTransformer           -> Min:    11ms | Avg:    29ms | Max:    45ms
OilPaintingTransformer           -> Min:     9ms | Avg:    26ms | Max:    49ms
FluidWarpTransformer             -> Min:     3ms | Avg:    23ms | Max:    52ms
ChromaticAberrationTransformer   -> Min:     8ms | Avg:    22ms | Max:    45ms
GlitchWarpTransformer            -> Min:     4ms | Avg:    22ms | Max:    29ms
PosterizationTransformer         -> Min:     3ms | Avg:    19ms | Max:    55ms
RadialWarpTransformer            -> Min:     7ms | Avg:    15ms | Max:    25ms
ColormapTransformer              -> Min:     5ms | Avg:    14ms | Max:    38ms
