2026-04-02 09:24:23,885 - INFO - [mandala_draw.py:291] - mandala_draw: generated 3/3
2026-04-02 09:24:30,284 - INFO - [pipeline.py:136] - "GlitchWarpTransformer","intensity=0.01"
2026-04-02 09:24:30,315 - INFO - [pipeline.py:136] - "ChromaticAberrationTransformer","angle=160.50,edge_fade=1,shift=17.40"
2026-04-02 09:24:30,335 - INFO - [pipeline.py:250] - [Grade: A] Saved to: /Users/kenfasano/Scripts/ScreenArt/Images/TransformedImages/psalms_99-A-tile_aaa5.jpeg
2026-04-02 09:24:30,401 - INFO - [pipeline.py:136] - "KaleidoscopeTransformer","cx_off=0.11,cy_off=-0.11,segments=12"
2026-04-02 09:24:30,420 - INFO - [pipeline.py:250] - [Grade: F] Saved to: /Users/kenfasano/Scripts/ScreenArt/Images/Rejected/psalms_98-F-columns_1ebc.jpeg
2026-04-02 09:24:30,453 - INFO - [pipeline.py:136] - "RadialWarpTransformer","radius=0.25,strength=51.60351063721245,49.71492836257273,119.24012230757532,style=pull,pull,pull"
2026-04-02 09:24:30,513 - INFO - [pipeline.py:136] - "FlipWilsonTransformer","keep=bottom,narrow=0.28"
2026-04-02 09:24:30,614 - INFO - [pipeline.py:136] - "WheelTransformer","blend=normal,copies=3"
2026-04-02 09:24:30,641 - INFO - [pipeline.py:136] - "ChromaticAberrationTransformer","angle=20.50,edge_fade=1,shift=15.50"
2026-04-02 09:24:30,660 - INFO - [pipeline.py:250] - [Grade: A] Saved to: /Users/kenfasano/Scripts/ScreenArt/Images/TransformedImages/psalms_70-A-hero_f8e9.jpeg
2026-04-02 09:24:30,705 - INFO - [pipeline.py:136] - "ThermalImagingTransformer","thermal=True"
2026-04-02 09:24:30,719 - INFO - [pipeline.py:136] - "PosterizationTransformer","levels=4"
2026-04-02 09:24:30,759 - INFO - [pipeline.py:136] - "SwirlWarpTransformer","strength=1.50"
2026-04-02 09:24:30,779 - INFO - [pipeline.py:250] - [Grade: A] Saved to: /Users/kenfasano/Scripts/ScreenArt/Images/TransformedImages/psalms_4-A-columns_0c88.jpeg
2026-04-02 09:24:30,811 - INFO - [pipeline.py:136] - "RadialWarpTransformer","radius=0.25,strength=75.29055003591147,114.98856990150603,51.032909501819304,style=push,push,pull"
2026-04-02 09:24:30,846 - INFO - [pipeline.py:136] - "FractalWarpTransformer","iter=1,scale=0.05"
2026-04-02 09:24:30,859 - INFO - [pipeline.py:136] - "ColormapTransformer","map=winter"
2026-04-02 09:24:30,959 - INFO - [pipeline.py:136] - "WheelTransformer","blend=normal,copies=3"
2026-04-02 09:24:30,979 - INFO - [pipeline.py:250] - [Grade: A] Saved to: /Users/kenfasano/Scripts/ScreenArt/Images/TransformedImages/psalms_43-A-hero_78c6.jpeg
2026-04-02 09:24:31,024 - INFO - [pipeline.py:136] - "SwirlWarpTransformer","strength=1.50"
2026-04-02 09:24:31,051 - INFO - [pipeline.py:136] - "GlitchWarpTransformer","intensity=0.01"
2026-04-02 09:24:31,069 - INFO - [pipeline.py:250] - [Grade: A] Saved to: /Users/kenfasano/Scripts/ScreenArt/Images/TransformedImages/bubbles_4-A_ea95.jpeg
2026-04-02 09:24:31,104 - INFO - [pipeline.py:136] - "ChromaticAberrationTransformer","angle=119.80,edge_fade=1,shift=17.00"
2026-04-02 09:24:31,144 - INFO - [pipeline.py:136] - "SwirlWarpTransformer","strength=1.50"
2026-04-02 09:24:31,161 - INFO - [pipeline.py:136] - "RadialWarpTransformer","radius=0.25,strength=65.45408543857633,style=push"
2026-04-02 09:24:31,178 - INFO - [pipeline.py:250] - [Grade: F] Saved to: /Users/kenfasano/Scripts/ScreenArt/Images/Rejected/bubbles_5-F_b667.jpeg
2026-04-02 09:24:31,247 - INFO - [pipeline.py:136] - "MeltMorphTransformer","intensity=0.50"
2026-04-02 09:24:31,265 - INFO - [pipeline.py:250] - [Grade: C] Saved to: /Users/kenfasano/Scripts/ScreenArt/Images/TransformedImages/bubbles_2-C_c3fc.jpeg
2026-04-02 09:24:31,307 - INFO - [pipeline.py:136] - "FisheyeTransformer","shape=circle,strength=0.73,zoom=0.85"
2026-04-02 09:24:31,321 - INFO - [pipeline.py:136] - "PosterizationTransformer","levels=4"
2026-04-02 09:24:31,358 - INFO - [pipeline.py:136] - "DataMoshTransformer","intensity=0.01"
2026-04-02 09:24:31,376 - INFO - [pipeline.py:250] - [Grade: C] Saved to: /Users/kenfasano/Scripts/ScreenArt/Images/TransformedImages/bubbles_3-C_91d1.jpeg
2026-04-02 09:24:31,410 - INFO - [pipeline.py:136] - "FisheyeTransformer","shape=circle,strength=0.58,zoom=0.97"
2026-04-02 09:24:31,509 - INFO - [pipeline.py:136] - "WheelTransformer","blend=normal,copies=3"
2026-04-02 09:24:31,527 - INFO - [pipeline.py:250] - [Grade: F] Saved to: /Users/kenfasano/Scripts/ScreenArt/Images/Rejected/bubbles_1-F_ef95.jpeg
2026-04-02 09:24:31,582 - INFO - [pipeline.py:136] - "HalftoneTransformer","size=2"
2026-04-02 09:24:31,609 - INFO - [pipeline.py:136] - "GlitchWarpTransformer","intensity=0.01"
2026-04-02 09:24:31,663 - INFO - [pipeline.py:136] - "MeltMorphTransformer","intensity=0.50"
2026-04-02 09:24:31,680 - INFO - [pipeline.py:250] - [Grade: A] Saved to: /Users/kenfasano/Scripts/ScreenArt/Images/TransformedImages/cubes_2-A_3efe.jpeg
2026-04-02 09:24:31,753 - INFO - [pipeline.py:136] - "OilPaintingTransformer","dyn_ratio=4,size=8"
2026-04-02 09:24:31,770 - INFO - [pipeline.py:250] - [Grade: A] Saved to: /Users/kenfasano/Scripts/ScreenArt/Images/TransformedImages/cubes_3-A_a465.jpeg
2026-04-02 09:24:31,854 - INFO - [pipeline.py:136] - "PixelSortTransformer","direction=cols,high=0.81,low=0.13,sort_key=blue"
2026-04-02 09:24:31,881 - INFO - [pipeline.py:136] - "ChromaticAberrationTransformer","angle=275.30,edge_fade=1,shift=14.70"
2026-04-02 09:24:31,907 - INFO - [pipeline.py:136] - "FisheyeTransformer","shape=oval,strength=0.75,zoom=0.95"
2026-04-02 09:24:31,921 - INFO - [pipeline.py:136] - "PosterizationTransformer","levels=4"
2026-04-02 09:24:31,938 - INFO - [pipeline.py:250] - [Grade: A] Saved to: /Users/kenfasano/Scripts/ScreenArt/Images/TransformedImages/cubes_1-A_0347.jpeg
2026-04-02 09:24:32,011 - INFO - [pipeline.py:136] - "WheelTransformer","blend=normal,copies=3"
2026-04-02 09:24:32,051 - INFO - [pipeline.py:136] - "MeltMorphTransformer","intensity=0.50"
2026-04-02 09:24:32,071 - INFO - [pipeline.py:136] - "FisheyeTransformer","shape=oval,strength=0.72,zoom=0.96"
2026-04-02 09:24:32,098 - INFO - [pipeline.py:136] - "SwirlWarpTransformer","strength=1.50"
2026-04-02 09:24:32,111 - INFO - [pipeline.py:250] - [Grade: A] Saved to: /Users/kenfasano/Scripts/ScreenArt/Images/TransformedImages/noaa_goes_1_se_Day_Night_Cloud_Micro-A_0c2a.jpeg
2026-04-02 09:24:32,389 - INFO - [pipeline.py:136] - "VoronoiTransformer","edge_blend=1,num_points=306"
2026-04-02 09:24:32,540 - INFO - [pipeline.py:136] - "WatercolorTransformer","scale=0.85,style=psychedelic"
2026-04-02 09:24:32,553 - INFO - [pipeline.py:250] - [Grade: F] Saved to: /Users/kenfasano/Scripts/ScreenArt/Images/Rejected/noaa_goes_2_se_Fire_Temperature-F_6e0d.jpeg
2026-04-02 09:24:32,609 - INFO - [pipeline.py:136] - "HalftoneTransformer","size=2"
2026-04-02 09:24:32,635 - INFO - [pipeline.py:136] - "FisheyeTransformer","shape=circle,strength=0.29,zoom=1.02"
2026-04-02 09:24:32,652 - INFO - [pipeline.py:250] - [Grade: C] Saved to: /Users/kenfasano/Scripts/ScreenArt/Images/TransformedImages/lojong_2-C-columns_029d.jpeg
2026-04-02 09:24:32,708 - INFO - [pipeline.py:136] - "HalftoneTransformer","size=2"
2026-04-02 09:24:32,725 - INFO - [pipeline.py:136] - "RadialWarpTransformer","radius=0.25,strength=112.8531634464534,style=push"
2026-04-02 09:24:32,778 - INFO - [pipeline.py:136] - "MeltMorphTransformer","intensity=0.50"
2026-04-02 09:24:32,819 - INFO - [pipeline.py:136] - "FluidWarpTransformer","alpha=5.84,sigma=5.13"
2026-04-02 09:24:32,837 - INFO - [pipeline.py:250] - [Grade: C] Saved to: /Users/kenfasano/Scripts/ScreenArt/Images/TransformedImages/lojong_3-C-tile_4000.jpeg
2026-04-02 09:24:32,873 - INFO - [pipeline.py:136] - "GlitchWarpTransformer","intensity=0.01"
2026-04-02 09:24:32,892 - INFO - [pipeline.py:250] - [Grade: A] Saved to: /Users/kenfasano/Scripts/ScreenArt/Images/TransformedImages/lojong_4-A-scatter_77b9.jpeg
2026-04-02 09:24:32,938 - INFO - [pipeline.py:136] - "ThermalImagingTransformer","thermal=True"
2026-04-02 09:24:32,975 - INFO - [pipeline.py:136] - "DataMoshTransformer","intensity=0.02"
2026-04-02 09:24:32,994 - INFO - [pipeline.py:250] - [Grade: C] Saved to: /Users/kenfasano/Scripts/ScreenArt/Images/TransformedImages/lojong_0-C-hero_47ca.jpeg
2026-04-02 09:24:33,099 - INFO - [pipeline.py:136] - "WheelTransformer","blend=normal,copies=3"
2026-04-02 09:24:33,138 - INFO - [pipeline.py:136] - "SwirlWarpTransformer","strength=1.50"
2026-04-02 09:24:33,151 - INFO - [pipeline.py:136] - "PosterizationTransformer","levels=4"
2026-04-02 09:24:33,172 - INFO - [pipeline.py:250] - [Grade: A] Saved to: /Users/kenfasano/Scripts/ScreenArt/Images/TransformedImages/lojong_1-A-scatter_069a.jpeg
2026-04-02 09:24:33,227 - INFO - [pipeline.py:136] - "FluidWarpTransformer","alpha=8.73,sigma=1.01"
2026-04-02 09:24:33,248 - INFO - [pipeline.py:250] - [Grade: A] Saved to: /Users/kenfasano/Scripts/ScreenArt/Images/TransformedImages/mandala_draw_1-A_e724.jpeg
2026-04-02 09:24:33,317 - INFO - [pipeline.py:136] - "HalftoneTransformer","size=2"
2026-04-02 09:24:33,380 - INFO - [pipeline.py:136] - "MeltMorphTransformer","intensity=0.50"
2026-04-02 09:24:33,412 - INFO - [pipeline.py:136] - "ChromaticAberrationTransformer","angle=61.30,edge_fade=1,shift=6.90"
2026-04-02 09:24:33,428 - INFO - [pipeline.py:136] - "PosterizationTransformer","levels=4"
2026-04-02 09:24:33,448 - INFO - [pipeline.py:250] - [Grade: F] Saved to: /Users/kenfasano/Scripts/ScreenArt/Images/Rejected/mandala_draw_0-F_d167.jpeg
2026-04-02 09:24:33,486 - INFO - [pipeline.py:136] - "ChromaticAberrationTransformer","angle=197.70,edge_fade=1,shift=7.10"
2026-04-02 09:24:33,880 - INFO - [pipeline.py:136] - "VoronoiTransformer","edge_blend=1,num_points=264"
2026-04-02 09:24:33,925 - INFO - [pipeline.py:136] - "SwirlWarpTransformer","strength=1.50"
2026-04-02 09:24:33,997 - INFO - [pipeline.py:136] - "FlipWilsonTransformer","keep=bottom,narrow=0.28"
2026-04-02 09:24:34,017 - INFO - [pipeline.py:250] - [Grade: C] Saved to: /Users/kenfasano/Scripts/ScreenArt/Images/TransformedImages/mandala_draw_2-C_a073.jpeg
2026-04-02 09:24:34,056 - INFO - [pipeline.py:136] - "GlitchWarpTransformer","intensity=0.01"
2026-04-02 09:24:34,154 - INFO - [pipeline.py:136] - "WheelTransformer","blend=normal,copies=3"
2026-04-02 09:24:34,499 - INFO - [pipeline.py:136] - "PixelSortTransformer","direction=cols,high=0.59,low=0.25,sort_key=brightness"
2026-04-02 09:24:34,536 - INFO - [pipeline.py:136] - "ThermalImagingTransformer","thermal=True"
2026-04-02 09:24:34,556 - INFO - [pipeline.py:250] - [Grade: A] Saved to: /Users/kenfasano/Scripts/ScreenArt/Images/TransformedImages/nasa_earth_1_West_Palm_Beach_True_Color-A_a1d0.jpeg
2026-04-02 09:24:34,950 - INFO - [pipeline.py:136] - "VoronoiTransformer","edge_blend=1,num_points=307"
2026-04-02 09:24:34,977 - INFO - [pipeline.py:136] - "ChromaticAberrationTransformer","angle=84.90,edge_fade=1,shift=13.30"
2026-04-02 09:24:35,025 - INFO - [pipeline.py:136] - "HalftoneTransformer","size=2"
2026-04-02 09:24:35,042 - INFO - [pipeline.py:250] - [Grade: A] Saved to: /Users/kenfasano/Scripts/ScreenArt/Images/TransformedImages/nasa_earth_3_Dhaka_Vegetation_False_Color-A_606f.jpeg
2026-04-02 09:24:35,069 - INFO - [pipeline.py:136] - "ThermalImagingTransformer","thermal=True"
2026-04-02 09:24:35,077 - INFO - [pipeline.py:136] - "ColormapTransformer","map=cool"
2026-04-02 09:24:35,090 - INFO - [pipeline.py:136] - "RadialWarpTransformer","radius=0.25,strength=60.67281621034107,126.65645254702042,style=pull,pull"
2026-04-02 09:24:35,102 - INFO - [pipeline.py:250] - [Grade: C] Saved to: /Users/kenfasano/Scripts/ScreenArt/Images/TransformedImages/ZodiacalRoad_Merzlyakov_960-C_84d5.jpg
2026-04-02 09:24:35,122 - INFO - [pipeline.py:136] - "MeltMorphTransformer","intensity=0.50"
2026-04-02 09:24:35,133 - INFO - [pipeline.py:136] - "FluidWarpTransformer","alpha=9.73,sigma=3.96"
2026-04-02 09:24:35,142 - INFO - [pipeline.py:136] - "GlitchWarpTransformer","intensity=0.01"
2026-04-02 09:24:35,148 - INFO - [pipeline.py:250] - [Grade: A] Saved to: /Users/kenfasano/Scripts/ScreenArt/Images/TransformedImages/PlutoMoons_NewHorizons_1080-A_61e4.jpg
2026-04-02 09:24:35,153 - INFO - [pipeline.py:136] - "RadialWarpTransformer","radius=0.25,strength=96.84772734650039,55.92336006669501,style=pull,push"
2026-04-02 09:24:35,162 - INFO - [pipeline.py:136] - "FlipWilsonTransformer","keep=bottom,narrow=0.28"
2026-04-02 09:24:35,165 - INFO - [pipeline.py:250] - [Grade: A] Saved to: /Users/kenfasano/Scripts/ScreenArt/Images/TransformedImages/dustdevil_spirit-A_05c4.jpg
2026-04-02 09:24:35,186 - INFO - [pipeline.py:136] - "FlipWilsonTransformer","keep=bottom,narrow=0.28"
2026-04-02 09:24:35,193 - INFO - [pipeline.py:136] - "FisheyeTransformer","shape=oval,strength=0.48,zoom=0.96"
2026-04-02 09:24:35,199 - INFO - [pipeline.py:250] - [Grade: A] Saved to: /Users/kenfasano/Scripts/ScreenArt/Images/TransformedImages/helios_nasa_900-A_2bca.jpg
2026-04-02 09:24:35,206 - INFO - [pipeline.py:136] - "ChromaticAberrationTransformer","angle=79.90,edge_fade=1,shift=13.80"
2026-04-02 09:24:35,232 - INFO - [pipeline.py:136] - "PixelSortTransformer","direction=cols,high=0.86,low=0.24,sort_key=brightness"
2026-04-02 09:24:35,235 - INFO - [pipeline.py:136] - "RadialWarpTransformer","radius=0.25,strength=124.93592315128924,90.58796827648641,style=push,push"
2026-04-02 09:24:35,242 - INFO - [pipeline.py:136] - "ThermalImagingTransformer","thermal=True"
2026-04-02 09:24:35,247 - INFO - [pipeline.py:250] - [Grade: A] Saved to: /Users/kenfasano/Scripts/ScreenArt/Images/TransformedImages/marshills_mgs-A_fecf.jpg
2026-04-02 09:24:35,256 - INFO - [pipeline.py:136] - "FluidWarpTransformer","alpha=3.20,sigma=0.63"
2026-04-02 09:24:35,259 - INFO - [pipeline.py:136] - "ColormapTransformer","map=bone"
2026-04-02 09:24:35,263 - INFO - [pipeline.py:250] - [Grade: B] Saved to: /Users/kenfasano/Scripts/ScreenArt/Images/TransformedImages/c3planets_labels_c33-B_1fb9.jpg
2026-04-02 09:24:35,268 - INFO - [pipeline.py:136] - "ColormapTransformer","map=pink"
2026-04-02 09:24:35,272 - INFO - [pipeline.py:250] - [Grade: C] Saved to: /Users/kenfasano/Scripts/ScreenArt/Images/TransformedImages/virgocenter_cfht-C_fb48.jpg
2026-04-02 09:24:35,309 - INFO - [pipeline.py:136] - "PixelSortTransformer","direction=cols,high=0.90,low=0.22,sort_key=brightness"
2026-04-02 09:24:35,316 - INFO - [pipeline.py:250] - [Grade: A] Saved to: /Users/kenfasano/Scripts/ScreenArt/Images/TransformedImages/rcw86_IRXraycomposite960-A_d478.jpg
2026-04-02 09:24:35,329 - INFO - [pipeline.py:136] - "SwirlWarpTransformer","strength=1.50"
2026-04-02 09:24:35,344 - INFO - [pipeline.py:136] - "MeltMorphTransformer","intensity=0.50"
2026-04-02 09:24:35,368 - INFO - [pipeline.py:136] - "WheelTransformer","blend=normal,copies=3"
2026-04-02 09:24:35,380 - INFO - [pipeline.py:136] - "HalftoneTransformer","size=2"
2026-04-02 09:24:35,386 - INFO - [pipeline.py:250] - [Grade: A] Saved to: /Users/kenfasano/Scripts/ScreenArt/Images/TransformedImages/clouds_aguirre-A_5af1.jpg
2026-04-02 09:24:35,519 - INFO - [pipeline.py:136] - "WatercolorTransformer","scale=0.85,style=monet"
2026-04-02 09:24:35,529 - INFO - [pipeline.py:250] - [Grade: A] Saved to: /Users/kenfasano/Scripts/ScreenArt/Images/TransformedImages/IC63_GruntzBax1024-A_64cd.jpg
2026-04-02 09:24:35,569 - INFO - [pipeline.py:136] - "WheelTransformer","blend=normal,copies=3"
2026-04-02 09:24:35,684 - INFO - [pipeline.py:136] - "VoronoiTransformer","edge_blend=1,num_points=257"
2026-04-02 09:24:35,692 - INFO - [pipeline.py:136] - "RadialWarpTransformer","radius=0.25,strength=132.4838604671528,117.30586694670927,43.279995826659864,style=push,pull,push"
2026-04-02 09:24:35,699 - INFO - [pipeline.py:250] - [Grade: A] Saved to: /Users/kenfasano/Scripts/ScreenArt/Images/TransformedImages/atmosphere_geo5_2018235_eq1200-A_d2e3.jpg
2026-04-02 09:24:35,739 - INFO - [pipeline.py:136] - "FisheyeTransformer","shape=circle,strength=0.26,zoom=1.11"
2026-04-02 09:24:35,765 - INFO - [pipeline.py:136] - "RadialWarpTransformer","radius=0.25,strength=129.66459744172207,68.12000033361863,style=pull,pull"
2026-04-02 09:24:35,819 - INFO - [pipeline.py:136] - "HalftoneTransformer","size=2"
2026-04-02 09:24:35,872 - INFO - [pipeline.py:136] - "KaleidoscopeTransformer","cx_off=-0.19,cy_off=0.10,segments=4"
2026-04-02 09:24:35,890 - INFO - [pipeline.py:250] - [Grade: A] Saved to: /Users/kenfasano/Scripts/ScreenArt/Images/TransformedImages/peace_0-A_4c70.jpeg
2026-04-02 09:24:35,964 - INFO - [pipeline.py:136] - "FlipWilsonTransformer","keep=bottom,narrow=0.28"
2026-04-02 09:24:35,999 - INFO - [pipeline.py:136] - "FractalWarpTransformer","iter=1,scale=0.05"
2026-04-02 09:24:36,012 - INFO - [pipeline.py:136] - "PosterizationTransformer","levels=4"
2026-04-02 09:24:36,034 - INFO - [pipeline.py:250] - [Grade: A] Saved to: /Users/kenfasano/Scripts/ScreenArt/Images/TransformedImages/peace_1-A_acb8.jpeg
2026-04-02 09:24:36,225 - INFO - [pipeline.py:136] - "VoronoiTransformer","edge_blend=1,num_points=129"
2026-04-02 09:24:36,250 - INFO - [pipeline.py:136] - "FisheyeTransformer","shape=circle,strength=0.52,zoom=1.06"
2026-04-02 09:24:36,303 - INFO - [pipeline.py:136] - "KaleidoscopeTransformer","cx_off=-0.11,cy_off=-0.18,segments=12"
2026-04-02 09:24:36,338 - INFO - [pipeline.py:136] - "ThermalImagingTransformer","thermal=True"
2026-04-02 09:24:36,356 - INFO - [pipeline.py:250] - [Grade: C] Saved to: /Users/kenfasano/Scripts/ScreenArt/Images/TransformedImages/peace_2-C_456a.jpeg
2026-04-02 09:24:36,382 - INFO - [pipeline.py:136] - "PosterizationTransformer","levels=4"
2026-04-02 09:24:36,409 - INFO - [pipeline.py:250] - [Grade: B] Saved to: /Users/kenfasano/Scripts/ScreenArt/Images/TransformedImages/peace_3-B_70a4.jpeg
2026-04-02 09:24:36,431 - INFO - [pipeline.py:136] - "HalftoneTransformer","size=2"
2026-04-02 09:24:36,441 - INFO - [pipeline.py:136] - "RadialWarpTransformer","radius=0.25,strength=109.96858665107005,61.3044223440605,135.34933561342262,style=pull,pull,pull"
2026-04-02 09:24:36,447 - INFO - [pipeline.py:250] - [Grade: A] Saved to: /Users/kenfasano/Scripts/ScreenArt/Images/TransformedImages/peripheral_drift_2-A_0cae.jpeg
2026-04-02 09:24:36,466 - INFO - [pipeline.py:136] - "SwirlWarpTransformer","strength=1.50"
2026-04-02 09:24:36,482 - INFO - [pipeline.py:136] - "KaleidoscopeTransformer","cx_off=-0.19,cy_off=0.14,segments=4"
2026-04-02 09:24:36,491 - INFO - [pipeline.py:136] - "GlitchWarpTransformer","intensity=0.01"
2026-04-02 09:24:36,502 - INFO - [pipeline.py:136] - "FractalWarpTransformer","iter=1,scale=0.05"
2026-04-02 09:24:36,508 - INFO - [pipeline.py:250] - [Grade: A] Saved to: /Users/kenfasano/Scripts/ScreenArt/Images/TransformedImages/peripheral_drift_3-A_f01e.jpeg
2026-04-02 09:24:36,530 - INFO - [pipeline.py:136] - "MeltMorphTransformer","intensity=0.50"
2026-04-02 09:24:36,536 - INFO - [pipeline.py:136] - "RadialWarpTransformer","radius=0.25,strength=37.060829350737805,style=push"
2026-04-02 09:24:36,548 - INFO - [pipeline.py:136] - "ThermalImagingTransformer","thermal=True"
2026-04-02 09:24:36,555 - INFO - [pipeline.py:250] - [Grade: B] Saved to: /Users/kenfasano/Scripts/ScreenArt/Images/TransformedImages/peripheral_drift_8-B_92db.jpeg
2026-04-02 09:24:36,564 - INFO - [pipeline.py:136] - "ColormapTransformer","map=bone"
2026-04-02 09:24:36,576 - INFO - [pipeline.py:136] - "DataMoshTransformer","intensity=0.01"
2026-04-02 09:24:36,582 - INFO - [pipeline.py:250] - [Grade: A] Saved to: /Users/kenfasano/Scripts/ScreenArt/Images/TransformedImages/peripheral_drift_4-A_ab3d.jpeg
2026-04-02 09:24:36,598 - INFO - [pipeline.py:136] - "FluidWarpTransformer","alpha=13.81,sigma=6.14"
2026-04-02 09:24:36,603 - INFO - [pipeline.py:136] - "PosterizationTransformer","levels=4"
2026-04-02 09:24:36,608 - INFO - [pipeline.py:136] - "ColormapTransformer","map=pink"
2026-04-02 09:24:36,613 - INFO - [pipeline.py:250] - [Grade: B] Saved to: /Users/kenfasano/Scripts/ScreenArt/Images/TransformedImages/peripheral_drift_5-B_34d3.jpeg
2026-04-02 09:24:36,633 - INFO - [pipeline.py:136] - "KaleidoscopeTransformer","cx_off=-0.02,cy_off=-0.07,segments=6"
2026-04-02 09:24:36,638 - INFO - [pipeline.py:136] - "ColormapTransformer","map=spring"
2026-04-02 09:24:36,648 - INFO - [pipeline.py:136] - "FractalWarpTransformer","iter=1,scale=0.05"
2026-04-02 09:24:36,655 - INFO - [pipeline.py:250] - [Grade: A] Saved to: /Users/kenfasano/Scripts/ScreenArt/Images/TransformedImages/peripheral_drift_9-A_631b.jpeg
2026-04-02 09:24:36,670 - INFO - [pipeline.py:136] - "ThermalImagingTransformer","thermal=True"
2026-04-02 09:24:36,686 - INFO - [pipeline.py:136] - "MeltMorphTransformer","intensity=0.50"
2026-04-02 09:24:36,698 - INFO - [pipeline.py:136] - "SwirlWarpTransformer","strength=1.50"
2026-04-02 09:24:36,703 - INFO - [pipeline.py:136] - "PosterizationTransformer","levels=4"
2026-04-02 09:24:36,709 - INFO - [pipeline.py:250] - [Grade: A] Saved to: /Users/kenfasano/Scripts/ScreenArt/Images/TransformedImages/peripheral_drift_10-A_07f2.jpeg
2026-04-02 09:24:36,725 - INFO - [pipeline.py:136] - "FluidWarpTransformer","alpha=0.38,sigma=4.01"
2026-04-02 09:24:36,730 - INFO - [pipeline.py:136] - "ColormapTransformer","map=summer"
2026-04-02 09:24:36,736 - INFO - [pipeline.py:136] - "OilPaintingTransformer","dyn_ratio=7,size=3"
2026-04-02 09:24:36,744 - INFO - [pipeline.py:136] - "PixelSortTransformer","direction=rows,high=0.62,low=0.25,sort_key=green"
2026-04-02 09:24:36,750 - INFO - [pipeline.py:250] - [Grade: A] Saved to: /Users/kenfasano/Scripts/ScreenArt/Images/TransformedImages/peripheral_drift_6-A_7091.jpeg
2026-04-02 09:24:36,759 - INFO - [pipeline.py:136] - "ColormapTransformer","map=ocean"
2026-04-02 09:24:36,786 - INFO - [pipeline.py:136] - "WheelTransformer","blend=normal,copies=3"
2026-04-02 09:24:36,791 - INFO - [pipeline.py:136] - "PosterizationTransformer","levels=4"
2026-04-02 09:24:36,799 - INFO - [pipeline.py:136] - "ChromaticAberrationTransformer","angle=217.20,edge_fade=1,shift=7.20"
2026-04-02 09:24:36,805 - INFO - [pipeline.py:250] - [Grade: A] Saved to: /Users/kenfasano/Scripts/ScreenArt/Images/TransformedImages/peripheral_drift_7-A_ff1b.jpeg
2026-04-02 09:24:36,823 - INFO - [pipeline.py:136] - "HalftoneTransformer","size=2"
2026-04-02 09:24:36,830 - INFO - [pipeline.py:136] - "FisheyeTransformer","shape=oval,strength=0.47,zoom=0.91"
2026-04-02 09:24:36,836 - INFO - [pipeline.py:136] - "RadialWarpTransformer","radius=0.25,strength=85.52784930663333,style=pull"
2026-04-02 09:24:36,842 - INFO - [pipeline.py:250] - [Grade: A] Saved to: /Users/kenfasano/Scripts/ScreenArt/Images/TransformedImages/peripheral_drift_1-A_0a6c.jpeg
2026-04-02 09:24:36,890 - INFO - [pipeline.py:136] - "KaleidoscopeTransformer","cx_off=-0.11,cy_off=0.04,segments=12"
2026-04-02 09:24:36,920 - INFO - [pipeline.py:136] - "ThermalImagingTransformer","thermal=True"
2026-04-02 09:24:36,962 - INFO - [pipeline.py:136] - "MeltMorphTransformer","intensity=0.50"
2026-04-02 09:24:36,978 - INFO - [pipeline.py:250] - [Grade: B] Saved to: /Users/kenfasano/Scripts/ScreenArt/Images/TransformedImages/static_mandala_0-B_3efc.jpeg
2026-04-02 09:24:37,353 - INFO - [pipeline.py:136] - "FlipWilsonTransformer","keep=bottom,narrow=0.28"
2026-04-02 09:24:37,455 - INFO - [pipeline.py:250] - [Grade: A] Saved to: /Users/kenfasano/Scripts/ScreenArt/Images/TransformedImages/static_mandala_1-A_1c2b.jpeg
2026-04-02 09:24:37,581 - INFO - [pipeline.py:136] - "FractalWarpTransformer","iter=1,scale=0.05"
2026-04-02 09:24:37,777 - INFO - [pipeline.py:136] - "WheelTransformer","blend=normal,copies=3"
2026-04-02 09:24:37,820 - INFO - [pipeline.py:250] - [Grade: A] Saved to: /Users/kenfasano/Scripts/ScreenArt/Images/TransformedImages/static_mandala_2-A_0ab0.jpeg
2026-04-02 09:24:37,821 - INFO - [main.py:195] - VoronoiTransformer
2026-04-02 09:24:37,821 - INFO - [main.py:195] - WatercolorTransformer
2026-04-02 09:24:37,821 - INFO - [main.py:195] - PixelSortTransformer
2026-04-02 09:24:37,821 - INFO - [main.py:195] - FlipWilsonTransformer
2026-04-02 09:24:37,821 - INFO - [main.py:195] - WheelTransformer
2026-04-02 09:24:37,821 - INFO - [main.py:195] - KaleidoscopeTransformer
2026-04-02 09:24:37,821 - INFO - [main.py:195] - HalftoneTransformer
2026-04-02 09:24:37,821 - INFO - [main.py:195] - MeltMorphTransformer
2026-04-02 09:24:37,821 - INFO - [main.py:195] - OilPaintingTransformer
2026-04-02 09:24:37,821 - INFO - [main.py:195] - FractalWarpTransformer
2026-04-02 09:24:37,821 - INFO - [main.py:195] - SwirlWarpTransformer
2026-04-02 09:24:37,821 - INFO - [main.py:195] - DataMoshTransformer
2026-04-02 09:24:37,821 - INFO - [main.py:195] - ThermalImagingTransformer
2026-04-02 09:24:37,821 - INFO - [main.py:195] - GlitchWarpTransformer
2026-04-02 09:24:37,821 - INFO - [main.py:195] - ChromaticAberrationTransformer
2026-04-02 09:24:37,821 - INFO - [main.py:195] - FisheyeTransformer
2026-04-02 09:24:37,821 - INFO - [main.py:195] - FluidWarpTransformer
2026-04-02 09:24:37,821 - INFO - [main.py:195] - RadialWarpTransformer
2026-04-02 09:24:37,821 - INFO - [main.py:195] - PosterizationTransformer
2026-04-02 09:24:37,821 - INFO - [main.py:195] - ColormapTransformer
2026-04-02 09:24:37,821 - INFO - [main.py:238] - 17s@09:24 ✓
Accepted: 48
Rejected: 5
---
Peace                      ->  4794ms
Bible                      ->  1616ms
Lojong                     ->  1216ms
Nasa                       ->  1057ms
GoesGenerator              ->   711ms
Bubbles                    ->   271ms
Wiki                       ->   220ms
PeripheralDriftIllusion    ->   142ms
Cubes                      ->    93ms
NasaMapGenerator           ->    89ms
MandalaDraw                ->    27ms
StaticMandala              ->    10ms
---
VoronoiTransformer               -> Min:   115ms | Avg:   267ms | Max:   393ms
WatercolorTransformer            -> Min:   115ms | Avg:   133ms | Max:   151ms
PixelSortTransformer             -> Min:     8ms | Avg:    97ms | Max:   344ms
FlipWilsonTransformer            -> Min:     9ms | Avg:    87ms | Max:   305ms
WheelTransformer                 -> Min:    24ms | Avg:    84ms | Max:   196ms
KaleidoscopeTransformer          -> Min:    16ms | Avg:    39ms | Max:    58ms
HalftoneTransformer              -> Min:    12ms | Avg:    39ms | Max:    62ms
MeltMorphTransformer             -> Min:    14ms | Avg:    38ms | Max:    63ms
OilPaintingTransformer           -> Min:     6ms | Avg:    36ms | Max:    66ms
FractalWarpTransformer           -> Min:    10ms | Avg:    34ms | Max:    80ms
SwirlWarpTransformer             -> Min:    11ms | Avg:    30ms | Max:    45ms
DataMoshTransformer              -> Min:    11ms | Avg:    28ms | Max:    37ms
ThermalImagingTransformer        -> Min:     6ms | Avg:    25ms | Max:    38ms
GlitchWarpTransformer            -> Min:     8ms | Avg:    24ms | Max:    42ms
ChromaticAberrationTransformer   -> Min:     4ms | Avg:    24ms | Max:    31ms
FisheyeTransformer               -> Min:     7ms | Avg:    22ms | Max:    34ms
FluidWarpTransformer             -> Min:     5ms | Avg:    21ms | Max:    42ms
RadialWarpTransformer            -> Min:     3ms | Avg:    13ms | Max:    26ms
PosterizationTransformer         -> Min:     4ms | Avg:    11ms | Max:    16ms
ColormapTransformer              -> Min:     3ms | Avg:     6ms | Max:    13ms
