2026-03-23 09:30:34,400 - INFO - [pipeline.py:136] - "FlipWilsonTransformer","keep=top,narrow=0.46"
2026-03-23 09:30:34,419 - INFO - [pipeline.py:248] - [Grade: C] Saved to: /Users/kenfasano/Scripts/ScreenArt/Images/TransformedImages/bubbles_4-C.jpeg
2026-03-23 09:30:34,466 - INFO - [pipeline.py:136] - "FisheyeTransformer","shape=circle,strength=0.58,zoom=1.07"
2026-03-23 09:30:34,504 - INFO - [pipeline.py:136] - "ThermalImagingTransformer","thermal=True"
2026-03-23 09:30:34,667 - INFO - [pipeline.py:136] - "WheelTransformer","blend=normal,copies=5"
2026-03-23 09:30:34,693 - INFO - [pipeline.py:136] - "RadialWarpTransformer","radius=0.25,strength=42.36916411105436,132.72051498321986,91.69971778514982,style=push,push,push"
2026-03-23 09:30:34,711 - INFO - [pipeline.py:248] - [Grade: A] Saved to: /Users/kenfasano/Scripts/ScreenArt/Images/TransformedImages/bubbles_8-A.jpeg
2026-03-23 09:30:34,755 - INFO - [pipeline.py:136] - "FractalWarpTransformer","iter=1,scale=0.05"
2026-03-23 09:30:34,775 - INFO - [pipeline.py:136] - "RadialWarpTransformer","radius=0.25,strength=103.11652794347302,109.76574003407455,style=push,push"
2026-03-23 09:30:34,813 - INFO - [pipeline.py:136] - "DataMoshTransformer","intensity=0.02"
2026-03-23 09:30:34,831 - INFO - [pipeline.py:248] - [Grade: A] Saved to: /Users/kenfasano/Scripts/ScreenArt/Images/TransformedImages/bubbles_9-A.jpeg
2026-03-23 09:30:34,863 - INFO - [pipeline.py:136] - "RadialWarpTransformer","radius=0.25,strength=50.22173738522303,87.0087746804778,66.73155586307072,style=push,pull,push"
2026-03-23 09:30:34,901 - INFO - [pipeline.py:136] - "DataMoshTransformer","intensity=0.01"
2026-03-23 09:30:34,928 - INFO - [pipeline.py:136] - "GlitchWarpTransformer","intensity=0.01"
2026-03-23 09:30:34,983 - INFO - [pipeline.py:136] - "HalftoneTransformer","size=2"
2026-03-23 09:30:35,001 - INFO - [pipeline.py:248] - [Grade: A] Saved to: /Users/kenfasano/Scripts/ScreenArt/Images/TransformedImages/bubbles_5-A.jpeg
2026-03-23 09:30:35,036 - INFO - [pipeline.py:136] - "ChromaticAberrationTransformer","angle=342.70,edge_fade=1,shift=13.60"
2026-03-23 09:30:35,056 - INFO - [pipeline.py:136] - "RadialWarpTransformer","radius=0.25,strength=45.29519301243803,42.06666256664384,style=pull,pull"
2026-03-23 09:30:35,074 - INFO - [pipeline.py:248] - [Grade: F] Saved to: /Users/kenfasano/Scripts/ScreenArt/Images/Rejected/bubbles_2-F.jpeg
2026-03-23 09:30:35,122 - INFO - [pipeline.py:136] - "PixelSortTransformer","direction=rows,high=0.83,low=0.27,sort_key=blue"
2026-03-23 09:30:35,159 - INFO - [pipeline.py:136] - "DataMoshTransformer","intensity=0.01"
2026-03-23 09:30:35,177 - INFO - [pipeline.py:248] - [Grade: A] Saved to: /Users/kenfasano/Scripts/ScreenArt/Images/TransformedImages/bubbles_3-A.jpeg
2026-03-23 09:30:35,349 - INFO - [pipeline.py:136] - "WheelTransformer","blend=normal,copies=5"
2026-03-23 09:30:35,366 - INFO - [pipeline.py:248] - [Grade: C] Saved to: /Users/kenfasano/Scripts/ScreenArt/Images/TransformedImages/bubbles_10-C.jpeg
2026-03-23 09:30:35,410 - INFO - [pipeline.py:136] - "FractalWarpTransformer","iter=1,scale=0.05"
2026-03-23 09:30:35,636 - INFO - [pipeline.py:136] - "WatercolorTransformer","scale=0.85,style=monet"
2026-03-23 09:30:35,799 - INFO - [pipeline.py:136] - "WheelTransformer","blend=normal,copies=5"
2026-03-23 09:30:35,818 - INFO - [pipeline.py:248] - [Grade: C] Saved to: /Users/kenfasano/Scripts/ScreenArt/Images/TransformedImages/bubbles_1-C.jpeg
2026-03-23 09:30:35,854 - INFO - [pipeline.py:136] - "FisheyeTransformer","shape=circle,strength=0.54,zoom=0.98"
2026-03-23 09:30:35,890 - INFO - [pipeline.py:136] - "FractalWarpTransformer","iter=1,scale=0.05"
2026-03-23 09:30:35,917 - INFO - [pipeline.py:136] - "PixelSortTransformer","direction=rows,high=0.81,low=0.18,sort_key=red"
2026-03-23 09:30:35,938 - INFO - [pipeline.py:248] - [Grade: C] Saved to: /Users/kenfasano/Scripts/ScreenArt/Images/TransformedImages/bubbles_6-C.jpeg
2026-03-23 09:30:35,999 - INFO - [pipeline.py:136] - "HalftoneTransformer","size=2"
2026-03-23 09:30:36,016 - INFO - [pipeline.py:248] - [Grade: C] Saved to: /Users/kenfasano/Scripts/ScreenArt/Images/TransformedImages/bubbles_7-C.jpeg
2026-03-23 09:30:36,058 - INFO - [pipeline.py:136] - "ThermalImagingTransformer","thermal=True"
2026-03-23 09:30:36,136 - INFO - [pipeline.py:136] - "PixelSortTransformer","direction=rows,high=0.77,low=0.15,sort_key=saturation"
2026-03-23 09:30:36,149 - INFO - [pipeline.py:136] - "PosterizationTransformer","levels=4"
2026-03-23 09:30:36,166 - INFO - [pipeline.py:248] - [Grade: A] Saved to: /Users/kenfasano/Scripts/ScreenArt/Images/TransformedImages/cubes_2-A.jpeg
2026-03-23 09:30:36,197 - INFO - [pipeline.py:136] - "RadialWarpTransformer","radius=0.25,strength=39.607111381625984,88.80449293908924,61.72556471322887,style=push,push,pull"
2026-03-23 09:30:36,253 - INFO - [pipeline.py:136] - "MeltMorphTransformer","intensity=0.50"
2026-03-23 09:30:36,270 - INFO - [pipeline.py:248] - [Grade: A] Saved to: /Users/kenfasano/Scripts/ScreenArt/Images/TransformedImages/cubes_3-A.jpeg
2026-03-23 09:30:36,290 - INFO - [pipeline.py:136] - "PosterizationTransformer","levels=4"
2026-03-23 09:30:36,330 - INFO - [pipeline.py:136] - "SwirlWarpTransformer","strength=1.50"
2026-03-23 09:30:36,347 - INFO - [pipeline.py:248] - [Grade: A] Saved to: /Users/kenfasano/Scripts/ScreenArt/Images/TransformedImages/cubes_4-A.jpeg
2026-03-23 09:30:36,381 - INFO - [pipeline.py:136] - "GlitchWarpTransformer","intensity=0.01"
2026-03-23 09:30:36,399 - INFO - [pipeline.py:248] - [Grade: A] Saved to: /Users/kenfasano/Scripts/ScreenArt/Images/TransformedImages/cubes_5-A.jpeg
2026-03-23 09:30:36,458 - INFO - [pipeline.py:136] - "KaleidoscopeTransformer","cx_off=-0.11,cy_off=0.19,segments=6"
2026-03-23 09:30:36,475 - INFO - [pipeline.py:248] - [Grade: A] Saved to: /Users/kenfasano/Scripts/ScreenArt/Images/TransformedImages/cubes_6-A.jpeg
2026-03-23 09:30:36,536 - INFO - [pipeline.py:136] - "KaleidoscopeTransformer","cx_off=-0.13,cy_off=0.15,segments=8"
2026-03-23 09:30:36,675 - INFO - [pipeline.py:136] - "OilPaintingTransformer","dyn_ratio=1,size=8"
2026-03-23 09:30:36,726 - INFO - [pipeline.py:136] - "HalftoneTransformer","size=2"
2026-03-23 09:30:36,742 - INFO - [pipeline.py:248] - [Grade: A] Saved to: /Users/kenfasano/Scripts/ScreenArt/Images/TransformedImages/cubes_1-A.jpeg
2026-03-23 09:30:36,813 - INFO - [pipeline.py:136] - "WatercolorTransformer","scale=0.85,style=monet"
2026-03-23 09:30:36,820 - INFO - [pipeline.py:248] - [Grade: B] Saved to: /Users/kenfasano/Scripts/ScreenArt/Images/TransformedImages/AirglowFan_Lane_960-B.jpg
2026-03-23 09:30:36,824 - INFO - [pipeline.py:136] - "GlitchWarpTransformer","intensity=0.01"
2026-03-23 09:30:36,866 - INFO - [pipeline.py:136] - "VoronoiTransformer","edge_blend=1,num_points=334"
2026-03-23 09:30:36,867 - INFO - [pipeline.py:136] - "PosterizationTransformer","levels=4"
2026-03-23 09:30:36,871 - INFO - [pipeline.py:248] - [Grade: A] Saved to: /Users/kenfasano/Scripts/ScreenArt/Images/TransformedImages/obafgkm_noao-A.jpg
2026-03-23 09:30:36,880 - INFO - [pipeline.py:136] - "ColormapTransformer","map=winter"
2026-03-23 09:30:36,893 - INFO - [pipeline.py:136] - "FractalWarpTransformer","iter=1,scale=0.05"
2026-03-23 09:30:36,940 - INFO - [pipeline.py:136] - "OilPaintingTransformer","dyn_ratio=6,size=7"
2026-03-23 09:30:36,954 - INFO - [pipeline.py:136] - "SwirlWarpTransformer","strength=1.50"
2026-03-23 09:30:36,962 - INFO - [pipeline.py:248] - [Grade: B] Saved to: /Users/kenfasano/Scripts/ScreenArt/Images/TransformedImages/BokMan_Loro_960-B.jpg
2026-03-23 09:30:36,968 - INFO - [pipeline.py:136] - "PosterizationTransformer","levels=4"
2026-03-23 09:30:36,981 - INFO - [pipeline.py:136] - "HalftoneTransformer","size=2"
2026-03-23 09:30:36,995 - INFO - [pipeline.py:136] - "FlipWilsonTransformer","keep=top,narrow=0.46"
2026-03-23 09:30:37,006 - INFO - [pipeline.py:136] - "ThermalImagingTransformer","thermal=True"
2026-03-23 09:30:37,013 - INFO - [pipeline.py:248] - [Grade: A] Saved to: /Users/kenfasano/Scripts/ScreenArt/Images/TransformedImages/mercuryrays_messenger-A.jpg
2026-03-23 09:30:37,039 - INFO - [pipeline.py:136] - "FractalWarpTransformer","iter=1,scale=0.05"
2026-03-23 09:30:37,072 - INFO - [pipeline.py:136] - "MeltMorphTransformer","intensity=0.50"
2026-03-23 09:30:37,105 - INFO - [pipeline.py:136] - "FlipWilsonTransformer","keep=top,narrow=0.46"
2026-03-23 09:30:37,115 - INFO - [pipeline.py:248] - [Grade: B] Saved to: /Users/kenfasano/Scripts/ScreenArt/Images/TransformedImages/NGC4676_HubbleOstling_960-B.jpg
2026-03-23 09:30:37,164 - INFO - [pipeline.py:136] - "VoronoiTransformer","edge_blend=1,num_points=127"
2026-03-23 09:30:37,169 - INFO - [pipeline.py:248] - [Grade: C] Saved to: /Users/kenfasano/Scripts/ScreenArt/Images/TransformedImages/jet2_smedley-C.jpg
2026-03-23 09:30:37,212 - INFO - [pipeline.py:136] - "MeltMorphTransformer","intensity=0.50"
2026-03-23 09:30:37,243 - INFO - [pipeline.py:136] - "KaleidoscopeTransformer","cx_off=0.20,cy_off=-0.09,segments=8"
2026-03-23 09:30:37,254 - INFO - [pipeline.py:248] - [Grade: C] Saved to: /Users/kenfasano/Scripts/ScreenArt/Images/TransformedImages/GhostNebula_Jarzyna_960-C.jpg
2026-03-23 09:30:37,269 - INFO - [pipeline.py:136] - "FisheyeTransformer","shape=oval,strength=0.73,zoom=1.08"
2026-03-23 09:30:37,281 - INFO - [pipeline.py:136] - "GlitchWarpTransformer","intensity=0.01"
2026-03-23 09:30:37,305 - INFO - [pipeline.py:136] - "KaleidoscopeTransformer","cx_off=-0.04,cy_off=0.14,segments=12"
2026-03-23 09:30:37,514 - INFO - [pipeline.py:136] - "VoronoiTransformer","edge_blend=1,num_points=347"
2026-03-23 09:30:37,525 - INFO - [pipeline.py:248] - [Grade: A] Saved to: /Users/kenfasano/Scripts/ScreenArt/Images/TransformedImages/HotJupiter_ESACarreau_960-A.jpg
2026-03-23 09:30:37,542 - INFO - [pipeline.py:136] - "MeltMorphTransformer","intensity=0.50"
2026-03-23 09:30:37,550 - INFO - [pipeline.py:136] - "GlitchWarpTransformer","intensity=0.01"
2026-03-23 09:30:37,560 - INFO - [pipeline.py:136] - "ThermalImagingTransformer","thermal=True"
2026-03-23 09:30:37,567 - INFO - [pipeline.py:248] - [Grade: C] Saved to: /Users/kenfasano/Scripts/ScreenArt/Images/TransformedImages/DistortedSunrise_Chasiotis_1080-C.jpg
2026-03-23 09:30:37,594 - INFO - [pipeline.py:136] - "GlitchWarpTransformer","intensity=0.01"
2026-03-23 09:30:37,620 - INFO - [pipeline.py:136] - "ThermalImagingTransformer","thermal=True"
2026-03-23 09:30:37,634 - INFO - [pipeline.py:248] - [Grade: A] Saved to: /Users/kenfasano/Scripts/ScreenArt/Images/TransformedImages/EclipsePlanets_Vetter_960-A.jpg
2026-03-23 09:30:37,703 - INFO - [pipeline.py:136] - "PixelSortTransformer","direction=rows,high=0.70,low=0.08,sort_key=brightness"
2026-03-23 09:30:37,723 - INFO - [pipeline.py:136] - "MeltMorphTransformer","intensity=0.50"
2026-03-23 09:30:37,731 - INFO - [pipeline.py:248] - [Grade: A] Saved to: /Users/kenfasano/Scripts/ScreenArt/Images/TransformedImages/PIA24625fromIngenuity1024-A.jpg
2026-03-23 09:30:37,786 - INFO - [pipeline.py:136] - "FluidWarpTransformer","alpha=2.73,sigma=7.48"
2026-03-23 09:30:37,825 - INFO - [pipeline.py:136] - "SwirlWarpTransformer","strength=1.50"
2026-03-23 09:30:37,840 - INFO - [pipeline.py:248] - [Grade: F] Saved to: /Users/kenfasano/Scripts/ScreenArt/Images/Rejected/nasa_earth_2_Sydney_Night_Lights-F.jpeg
2026-03-23 09:30:37,891 - INFO - [pipeline.py:136] - "SwirlWarpTransformer","strength=1.50"
2026-03-23 09:30:37,911 - INFO - [pipeline.py:248] - [Grade: A] Saved to: /Users/kenfasano/Scripts/ScreenArt/Images/TransformedImages/nasa_earth_3_Seoul_Vegetation_False_Color-A.jpeg
2026-03-23 09:30:37,940 - INFO - [pipeline.py:136] - "RadialWarpTransformer","radius=0.25,strength=110.88886103853508,style=pull"
2026-03-23 09:30:37,983 - INFO - [pipeline.py:136] - "FluidWarpTransformer","alpha=8.86,sigma=5.36"
2026-03-23 09:30:37,996 - INFO - [pipeline.py:136] - "PosterizationTransformer","levels=4"
2026-03-23 09:30:38,054 - INFO - [pipeline.py:136] - "FlipWilsonTransformer","keep=top,narrow=0.46"
2026-03-23 09:30:38,076 - INFO - [pipeline.py:248] - [Grade: A] Saved to: /Users/kenfasano/Scripts/ScreenArt/Images/TransformedImages/nasa_earth_1_Bangkok_True_Color-A.jpeg
2026-03-23 09:30:38,142 - INFO - [pipeline.py:136] - "FlipWilsonTransformer","keep=top,narrow=0.46"
2026-03-23 09:30:38,182 - INFO - [pipeline.py:136] - "ThermalImagingTransformer","thermal=True"
2026-03-23 09:30:38,346 - INFO - [pipeline.py:136] - "WheelTransformer","blend=normal,copies=5"
2026-03-23 09:30:38,396 - INFO - [pipeline.py:136] - "HalftoneTransformer","size=2"
2026-03-23 09:30:38,413 - INFO - [pipeline.py:248] - [Grade: A] Saved to: /Users/kenfasano/Scripts/ScreenArt/Images/TransformedImages/nasa_earth_4_Shanghai_Surface_Temp_Day-A.jpeg
2026-03-23 09:30:38,446 - INFO - [pipeline.py:136] - "DataMoshTransformer","intensity=0.01"
2026-03-23 09:30:38,457 - INFO - [pipeline.py:136] - "ColormapTransformer","map=autumn"
2026-03-23 09:30:38,492 - INFO - [pipeline.py:136] - "KaleidoscopeTransformer","cx_off=-0.01,cy_off=-0.09,segments=4"
2026-03-23 09:30:38,507 - INFO - [pipeline.py:248] - [Grade: C] Saved to: /Users/kenfasano/Scripts/ScreenArt/Images/TransformedImages/noaa_goes_1_se_Air_Mass-C.jpeg
2026-03-23 09:30:38,868 - INFO - [pipeline.py:136] - "WatercolorTransformer","scale=0.85,style=psychedelic"
2026-03-23 09:30:39,021 - INFO - [pipeline.py:136] - "OilPaintingTransformer","dyn_ratio=6,size=4"
2026-03-23 09:30:39,046 - INFO - [pipeline.py:248] - [Grade: F] Saved to: /Users/kenfasano/Scripts/ScreenArt/Images/Rejected/Tod_Jesu-F.jpeg
2026-03-23 09:30:39,087 - INFO - [pipeline.py:136] - "RadialWarpTransformer","radius=0.25,strength=38.68261127365431,89.47737690391105,style=push,pull"
2026-03-23 09:30:39,111 - INFO - [pipeline.py:248] - [Grade: A] Saved to: /Users/kenfasano/Scripts/ScreenArt/Images/TransformedImages/Grave_Bo-A.jpeg
2026-03-23 09:30:39,168 - INFO - [pipeline.py:136] - "DataMoshTransformer","intensity=0.02"
2026-03-23 09:30:39,356 - INFO - [pipeline.py:136] - "WheelTransformer","blend=normal,copies=5"
2026-03-23 09:30:39,420 - INFO - [pipeline.py:136] - "HalftoneTransformer","size=2"
2026-03-23 09:30:39,862 - INFO - [pipeline.py:136] - "VoronoiTransformer","edge_blend=1,num_points=299"
2026-03-23 09:30:39,880 - INFO - [pipeline.py:248] - [Grade: F] Saved to: /Users/kenfasano/Scripts/ScreenArt/Images/Rejected/Asambleí-F.jpeg
2026-03-23 09:30:39,929 - INFO - [pipeline.py:136] - "ChromaticAberrationTransformer","angle=339.60,edge_fade=1,shift=9.20"
2026-03-23 09:30:39,946 - INFO - [pipeline.py:136] - "ColormapTransformer","map=hsv"
2026-03-23 09:30:39,983 - INFO - [pipeline.py:136] - "GlitchWarpTransformer","intensity=0.01"
2026-03-23 09:30:40,014 - INFO - [pipeline.py:248] - [Grade: A] Saved to: /Users/kenfasano/Scripts/ScreenArt/Images/TransformedImages/2015-02--A.jpeg
2026-03-23 09:30:40,039 - INFO - [pipeline.py:136] - "PixelSortTransformer","direction=rows,high=0.84,low=0.06,sort_key=brightness"
2026-03-23 09:30:40,048 - INFO - [pipeline.py:136] - "KaleidoscopeTransformer","cx_off=0.05,cy_off=0.01,segments=12"
2026-03-23 09:30:40,052 - INFO - [pipeline.py:248] - [Grade: A] Saved to: /Users/kenfasano/Scripts/ScreenArt/Images/TransformedImages/Alla_warming_up-A.jpeg
2026-03-23 09:30:40,113 - INFO - [pipeline.py:136] - "FractalWarpTransformer","iter=1,scale=0.05"
2026-03-23 09:30:40,134 - INFO - [pipeline.py:136] - "RadialWarpTransformer","radius=0.25,strength=117.53564883928722,style=push"
2026-03-23 09:30:40,157 - INFO - [pipeline.py:248] - [Grade: A] Saved to: /Users/kenfasano/Scripts/ScreenArt/Images/TransformedImages/Карелия--A.jpeg
2026-03-23 09:30:40,201 - INFO - [pipeline.py:136] - "ThermalImagingTransformer","thermal=True"
2026-03-23 09:30:40,364 - INFO - [pipeline.py:136] - "WheelTransformer","blend=normal,copies=5"
2026-03-23 09:30:40,383 - INFO - [pipeline.py:248] - [Grade: C] Saved to: /Users/kenfasano/Scripts/ScreenArt/Images/TransformedImages/lojong_2-C-scatter.jpeg
2026-03-23 09:30:40,426 - INFO - [pipeline.py:136] - "FractalWarpTransformer","iter=1,scale=0.05"
2026-03-23 09:30:40,444 - INFO - [pipeline.py:248] - [Grade: A] Saved to: /Users/kenfasano/Scripts/ScreenArt/Images/TransformedImages/lojong_3-A-tile.jpeg
2026-03-23 09:30:40,480 - INFO - [pipeline.py:136] - "ChromaticAberrationTransformer","angle=260.60,edge_fade=1,shift=8.80"
2026-03-23 09:30:40,535 - INFO - [pipeline.py:136] - "FlipWilsonTransformer","keep=top,narrow=0.46"
2026-03-23 09:30:40,551 - INFO - [pipeline.py:136] - "RadialWarpTransformer","radius=0.25,strength=59.31895066390214,style=pull"
2026-03-23 09:30:40,652 - INFO - [pipeline.py:136] - "PixelSortTransformer","direction=rows,high=0.81,low=0.11,sort_key=blue"
2026-03-23 09:30:40,674 - INFO - [pipeline.py:248] - [Grade: B] Saved to: /Users/kenfasano/Scripts/ScreenArt/Images/TransformedImages/lojong_8-B-columns.jpeg
2026-03-23 09:30:40,712 - INFO - [pipeline.py:136] - "GlitchWarpTransformer","intensity=0.01"
2026-03-23 09:30:40,762 - INFO - [pipeline.py:136] - "HalftoneTransformer","size=2"
2026-03-23 09:30:40,789 - INFO - [pipeline.py:136] - "ChromaticAberrationTransformer","angle=302.20,edge_fade=1,shift=4.90"
2026-03-23 09:30:40,851 - INFO - [pipeline.py:136] - "PixelSortTransformer","direction=rows,high=0.95,low=0.27,sort_key=red"
2026-03-23 09:30:40,869 - INFO - [pipeline.py:248] - [Grade: C] Saved to: /Users/kenfasano/Scripts/ScreenArt/Images/TransformedImages/lojong_4-C-columns.jpeg
2026-03-23 09:30:40,905 - INFO - [pipeline.py:136] - "FisheyeTransformer","shape=oval,strength=0.57,zoom=0.96"
2026-03-23 09:30:40,955 - INFO - [pipeline.py:136] - "HalftoneTransformer","size=2"
2026-03-23 09:30:40,979 - INFO - [pipeline.py:136] - "RadialWarpTransformer","radius=0.25,strength=118.2612616404391,71.85689635881894,92.24768410016986,style=push,pull,pull"
2026-03-23 09:30:41,194 - INFO - [pipeline.py:136] - "WatercolorTransformer","scale=0.85,style=psychedelic"
2026-03-23 09:30:41,211 - INFO - [pipeline.py:248] - [Grade: F] Saved to: /Users/kenfasano/Scripts/ScreenArt/Images/Rejected/lojong_5-F-tile.jpeg
2026-03-23 09:30:41,390 - INFO - [pipeline.py:136] - "VoronoiTransformer","edge_blend=1,num_points=119"
2026-03-23 09:30:41,426 - INFO - [pipeline.py:136] - "ThermalImagingTransformer","thermal=True"
2026-03-23 09:30:41,445 - INFO - [pipeline.py:248] - [Grade: C] Saved to: /Users/kenfasano/Scripts/ScreenArt/Images/TransformedImages/lojong_9-C-hero.jpeg
2026-03-23 09:30:41,488 - INFO - [pipeline.py:136] - "FluidWarpTransformer","alpha=4.21,sigma=2.44"
2026-03-23 09:30:41,507 - INFO - [pipeline.py:248] - [Grade: A] Saved to: /Users/kenfasano/Scripts/ScreenArt/Images/TransformedImages/lojong_6-A-columns.jpeg
2026-03-23 09:30:41,541 - INFO - [pipeline.py:136] - "FisheyeTransformer","shape=oval,strength=0.42,zoom=0.93"
2026-03-23 09:30:41,770 - INFO - [pipeline.py:136] - "WatercolorTransformer","scale=0.85,style=psychedelic"
2026-03-23 09:30:41,949 - INFO - [pipeline.py:136] - "WheelTransformer","blend=normal,copies=5"
2026-03-23 09:30:41,977 - INFO - [pipeline.py:136] - "GlitchWarpTransformer","intensity=0.01"
2026-03-23 09:30:41,996 - INFO - [pipeline.py:248] - [Grade: C] Saved to: /Users/kenfasano/Scripts/ScreenArt/Images/TransformedImages/lojong_7-C-tile.jpeg
2026-03-23 09:30:42,023 - INFO - [pipeline.py:136] - "RadialWarpTransformer","radius=0.25,strength=41.68178457137837,style=pull"
2026-03-23 09:30:42,051 - INFO - [pipeline.py:136] - "ChromaticAberrationTransformer","angle=206.00,edge_fade=1,shift=5.70"
2026-03-23 09:30:42,090 - INFO - [pipeline.py:136] - "ThermalImagingTransformer","thermal=True"
2026-03-23 09:30:42,112 - INFO - [pipeline.py:248] - [Grade: A] Saved to: /Users/kenfasano/Scripts/ScreenArt/Images/TransformedImages/lojong_0-A-columns.jpeg
2026-03-23 09:30:42,284 - INFO - [pipeline.py:136] - "WheelTransformer","blend=normal,copies=5"
2026-03-23 09:30:42,410 - INFO - [pipeline.py:136] - "VoronoiTransformer","edge_blend=1,num_points=81"
2026-03-23 09:30:42,460 - INFO - [pipeline.py:136] - "HalftoneTransformer","size=2"
2026-03-23 09:30:42,477 - INFO - [pipeline.py:248] - [Grade: A] Saved to: /Users/kenfasano/Scripts/ScreenArt/Images/TransformedImages/lojong_1-A-columns.jpeg
2026-03-23 09:30:42,522 - INFO - [pipeline.py:136] - "FractalWarpTransformer","iter=1,scale=0.05"
2026-03-23 09:30:42,567 - INFO - [pipeline.py:136] - "FluidWarpTransformer","alpha=8.65,sigma=5.69"
2026-03-23 09:30:42,678 - INFO - [pipeline.py:136] - "OilPaintingTransformer","dyn_ratio=5,size=4"
2026-03-23 09:30:42,691 - INFO - [pipeline.py:136] - "ColormapTransformer","map=cool"
2026-03-23 09:30:42,711 - INFO - [pipeline.py:248] - [Grade: A] Saved to: /Users/kenfasano/Scripts/ScreenArt/Images/TransformedImages/psalms_111-A-columns.jpeg
2026-03-23 09:30:42,751 - INFO - [pipeline.py:136] - "FisheyeTransformer","shape=circle,strength=0.79,zoom=1.15"
2026-03-23 09:30:42,779 - INFO - [pipeline.py:136] - "ChromaticAberrationTransformer","angle=109.90,edge_fade=1,shift=13.00"
2026-03-23 09:30:42,799 - INFO - [pipeline.py:248] - [Grade: C] Saved to: /Users/kenfasano/Scripts/ScreenArt/Images/TransformedImages/psalms_11-C-columns.jpeg
2026-03-23 09:30:43,209 - INFO - [pipeline.py:136] - "WatercolorTransformer","scale=0.85,style=monet"
2026-03-23 09:30:43,287 - INFO - [pipeline.py:136] - "PixelSortTransformer","direction=rows,high=0.91,low=0.29,sort_key=green"
2026-03-23 09:30:43,322 - INFO - [pipeline.py:136] - "FractalWarpTransformer","iter=1,scale=0.05"
2026-03-23 09:30:43,341 - INFO - [pipeline.py:248] - [Grade: A] Saved to: /Users/kenfasano/Scripts/ScreenArt/Images/TransformedImages/psalms_46-A-columns.jpeg
2026-03-23 09:30:43,388 - INFO - [pipeline.py:136] - "ThermalImagingTransformer","thermal=True"
2026-03-23 09:30:43,462 - INFO - [pipeline.py:136] - "PixelSortTransformer","direction=rows,high=0.88,low=0.07,sort_key=green"
2026-03-23 09:30:43,500 - INFO - [pipeline.py:136] - "DataMoshTransformer","intensity=0.02"
2026-03-23 09:30:43,519 - INFO - [pipeline.py:248] - [Grade: B] Saved to: /Users/kenfasano/Scripts/ScreenArt/Images/TransformedImages/psalms_6-B-scatter.jpeg
2026-03-23 09:30:43,693 - INFO - [pipeline.py:136] - "WheelTransformer","blend=normal,copies=5"
2026-03-23 09:30:43,713 - INFO - [pipeline.py:248] - [Grade: A] Saved to: /Users/kenfasano/Scripts/ScreenArt/Images/TransformedImages/psalms_3-A-columns.jpeg
2026-03-23 09:30:44,080 - INFO - [pipeline.py:136] - "VoronoiTransformer","edge_blend=1,num_points=274"
2026-03-23 09:30:44,130 - INFO - [pipeline.py:136] - "HalftoneTransformer","size=2"
2026-03-23 09:30:44,170 - INFO - [pipeline.py:136] - "SwirlWarpTransformer","strength=1.50"
2026-03-23 09:30:44,334 - INFO - [pipeline.py:136] - "WheelTransformer","blend=normal,copies=5"
2026-03-23 09:30:44,353 - INFO - [pipeline.py:248] - [Grade: A] Saved to: /Users/kenfasano/Scripts/ScreenArt/Images/TransformedImages/psalms_19-A-columns.jpeg
2026-03-23 09:30:44,401 - INFO - [pipeline.py:136] - "SwirlWarpTransformer","strength=1.50"
2026-03-23 09:30:44,452 - INFO - [pipeline.py:136] - "HalftoneTransformer","size=2"
2026-03-23 09:30:44,490 - INFO - [pipeline.py:136] - "DataMoshTransformer","intensity=0.02"
2026-03-23 09:30:44,507 - INFO - [pipeline.py:248] - [Grade: A] Saved to: /Users/kenfasano/Scripts/ScreenArt/Images/TransformedImages/psalms_108-A-tile.jpeg
2026-03-23 09:30:44,548 - INFO - [pipeline.py:136] - "FluidWarpTransformer","alpha=13.97,sigma=2.02"
2026-03-23 09:30:44,605 - INFO - [pipeline.py:136] - "MeltMorphTransformer","intensity=0.50"
2026-03-23 09:30:44,810 - INFO - [pipeline.py:136] - "VoronoiTransformer","edge_blend=1,num_points=148"
2026-03-23 09:30:44,836 - INFO - [pipeline.py:136] - "FisheyeTransformer","shape=oval,strength=0.54,zoom=1.12"
2026-03-23 09:30:44,856 - INFO - [pipeline.py:248] - [Grade: C] Saved to: /Users/kenfasano/Scripts/ScreenArt/Images/TransformedImages/psalms_112-C-tile.jpeg
2026-03-23 09:30:45,042 - INFO - [pipeline.py:136] - "VoronoiTransformer","edge_blend=1,num_points=127"
2026-03-23 09:30:45,060 - INFO - [pipeline.py:248] - [Grade: C] Saved to: /Users/kenfasano/Scripts/ScreenArt/Images/TransformedImages/psalms_79-C-hero.jpeg
2026-03-23 09:30:45,072 - INFO - [pipeline.py:136] - "FisheyeTransformer","shape=circle,strength=0.48,zoom=0.85"
2026-03-23 09:30:45,079 - INFO - [pipeline.py:248] - [Grade: A] Saved to: /Users/kenfasano/Scripts/ScreenArt/Images/TransformedImages/peripheral_drift_18-A.jpeg
2026-03-23 09:30:45,091 - INFO - [pipeline.py:136] - "RadialWarpTransformer","radius=0.25,strength=69.5701151706406,81.93267876311522,style=push,pull"
2026-03-23 09:30:45,100 - INFO - [pipeline.py:136] - "GlitchWarpTransformer","intensity=0.01"
2026-03-23 09:30:45,107 - INFO - [pipeline.py:248] - [Grade: A] Saved to: /Users/kenfasano/Scripts/ScreenArt/Images/TransformedImages/peripheral_drift_2-A.jpeg
2026-03-23 09:30:45,114 - INFO - [pipeline.py:136] - "ColormapTransformer","map=jet"
2026-03-23 09:30:45,126 - INFO - [pipeline.py:136] - "FluidWarpTransformer","alpha=2.95,sigma=4.06"
2026-03-23 09:30:45,170 - INFO - [pipeline.py:136] - "VoronoiTransformer","edge_blend=1,num_points=79"
2026-03-23 09:30:45,179 - INFO - [pipeline.py:136] - "GlitchWarpTransformer","intensity=0.01"
2026-03-23 09:30:45,186 - INFO - [pipeline.py:248] - [Grade: A] Saved to: /Users/kenfasano/Scripts/ScreenArt/Images/TransformedImages/peripheral_drift_14-A.jpeg
2026-03-23 09:30:45,199 - INFO - [pipeline.py:136] - "ChromaticAberrationTransformer","angle=175.40,edge_fade=1,shift=16.90"
2026-03-23 09:30:45,308 - INFO - [pipeline.py:136] - "VoronoiTransformer","edge_blend=1,num_points=268"
2026-03-23 09:30:45,316 - INFO - [pipeline.py:136] - "GlitchWarpTransformer","intensity=0.01"
2026-03-23 09:30:45,328 - INFO - [pipeline.py:136] - "DataMoshTransformer","intensity=0.01"
2026-03-23 09:30:45,336 - INFO - [pipeline.py:248] - [Grade: B] Saved to: /Users/kenfasano/Scripts/ScreenArt/Images/TransformedImages/peripheral_drift_15-B.jpeg
2026-03-23 09:30:45,345 - INFO - [pipeline.py:136] - "PosterizationTransformer","levels=4"
2026-03-23 09:30:45,359 - INFO - [pipeline.py:136] - "DataMoshTransformer","intensity=0.01"
2026-03-23 09:30:45,370 - INFO - [pipeline.py:136] - "GlitchWarpTransformer","intensity=0.01"
2026-03-23 09:30:45,384 - INFO - [pipeline.py:136] - "FractalWarpTransformer","iter=1,scale=0.05"
2026-03-23 09:30:45,391 - INFO - [pipeline.py:248] - [Grade: A] Saved to: /Users/kenfasano/Scripts/ScreenArt/Images/TransformedImages/peripheral_drift_3-A.jpeg
2026-03-23 09:30:45,406 - INFO - [pipeline.py:136] - "ThermalImagingTransformer","thermal=True"
2026-03-23 09:30:45,452 - INFO - [pipeline.py:136] - "WheelTransformer","blend=normal,copies=5"
2026-03-23 09:30:45,458 - INFO - [pipeline.py:248] - [Grade: C] Saved to: /Users/kenfasano/Scripts/ScreenArt/Images/TransformedImages/peripheral_drift_19-C.jpeg
2026-03-23 09:30:45,466 - INFO - [pipeline.py:136] - "ColormapTransformer","map=ocean"
2026-03-23 09:30:45,484 - INFO - [pipeline.py:136] - "MeltMorphTransformer","intensity=0.50"
2026-03-23 09:30:45,491 - INFO - [pipeline.py:248] - [Grade: A] Saved to: /Users/kenfasano/Scripts/ScreenArt/Images/TransformedImages/peripheral_drift_12-A.jpeg
2026-03-23 09:30:45,503 - INFO - [pipeline.py:136] - "FisheyeTransformer","shape=oval,strength=0.62,zoom=1.06"
2026-03-23 09:30:45,511 - INFO - [pipeline.py:248] - [Grade: A] Saved to: /Users/kenfasano/Scripts/ScreenArt/Images/TransformedImages/peripheral_drift_8-A.jpeg
2026-03-23 09:30:45,527 - INFO - [pipeline.py:136] - "DataMoshTransformer","intensity=0.02"
2026-03-23 09:30:45,537 - INFO - [pipeline.py:248] - [Grade: A] Saved to: /Users/kenfasano/Scripts/ScreenArt/Images/TransformedImages/peripheral_drift_4-A.jpeg
2026-03-23 09:30:45,552 - INFO - [pipeline.py:136] - "FractalWarpTransformer","iter=1,scale=0.05"
2026-03-23 09:30:45,598 - INFO - [pipeline.py:136] - "WheelTransformer","blend=normal,copies=5"
2026-03-23 09:30:45,610 - INFO - [pipeline.py:136] - "DataMoshTransformer","intensity=0.01"
2026-03-23 09:30:45,618 - INFO - [pipeline.py:136] - "GlitchWarpTransformer","intensity=0.01"
2026-03-23 09:30:45,625 - INFO - [pipeline.py:248] - [Grade: A] Saved to: /Users/kenfasano/Scripts/ScreenArt/Images/TransformedImages/peripheral_drift_5-A.jpeg
2026-03-23 09:30:45,646 - INFO - [pipeline.py:136] - "PixelSortTransformer","direction=rows,high=0.56,low=0.05,sort_key=saturation"
2026-03-23 09:30:45,663 - INFO - [pipeline.py:136] - "MeltMorphTransformer","intensity=0.50"
2026-03-23 09:30:45,709 - INFO - [pipeline.py:136] - "WheelTransformer","blend=normal,copies=5"
2026-03-23 09:30:45,718 - INFO - [pipeline.py:136] - "ChromaticAberrationTransformer","angle=171.20,edge_fade=1,shift=9.00"
2026-03-23 09:30:45,724 - INFO - [pipeline.py:248] - [Grade: A] Saved to: /Users/kenfasano/Scripts/ScreenArt/Images/TransformedImages/peripheral_drift_9-A.jpeg
2026-03-23 09:30:45,745 - INFO - [pipeline.py:136] - "KaleidoscopeTransformer","cx_off=-0.02,cy_off=0.10,segments=6"
2026-03-23 09:30:45,749 - INFO - [pipeline.py:136] - "PosterizationTransformer","levels=4"
2026-03-23 09:30:45,856 - INFO - [pipeline.py:136] - "VoronoiTransformer","edge_blend=1,num_points=258"
2026-03-23 09:30:45,863 - INFO - [pipeline.py:248] - [Grade: A] Saved to: /Users/kenfasano/Scripts/ScreenArt/Images/TransformedImages/peripheral_drift_13-A.jpeg
2026-03-23 09:30:45,878 - INFO - [pipeline.py:136] - "ThermalImagingTransformer","thermal=True"
2026-03-23 09:30:45,887 - INFO - [pipeline.py:136] - "GlitchWarpTransformer","intensity=0.01"
2026-03-23 09:30:45,899 - INFO - [pipeline.py:136] - "DataMoshTransformer","intensity=0.01"
2026-03-23 09:30:45,906 - INFO - [pipeline.py:248] - [Grade: C] Saved to: /Users/kenfasano/Scripts/ScreenArt/Images/TransformedImages/peripheral_drift_10-C.jpeg
2026-03-23 09:30:45,922 - INFO - [pipeline.py:136] - "ThermalImagingTransformer","thermal=True"
2026-03-23 09:30:45,926 - INFO - [pipeline.py:136] - "PosterizationTransformer","levels=4"
2026-03-23 09:30:45,942 - INFO - [pipeline.py:136] - "HalftoneTransformer","size=2"
2026-03-23 09:30:45,951 - INFO - [pipeline.py:136] - "GlitchWarpTransformer","intensity=0.01"
2026-03-23 09:30:45,957 - INFO - [pipeline.py:248] - [Grade: B] Saved to: /Users/kenfasano/Scripts/ScreenArt/Images/TransformedImages/peripheral_drift_6-B.jpeg
2026-03-23 09:30:45,966 - INFO - [pipeline.py:136] - "RadialWarpTransformer","radius=0.25,strength=59.68029660374289,style=push"
2026-03-23 09:30:45,983 - INFO - [pipeline.py:136] - "KaleidoscopeTransformer","cx_off=0.10,cy_off=0.19,segments=4"
2026-03-23 09:30:46,001 - INFO - [pipeline.py:136] - "MeltMorphTransformer","intensity=0.50"
2026-03-23 09:30:46,008 - INFO - [pipeline.py:248] - [Grade: A] Saved to: /Users/kenfasano/Scripts/ScreenArt/Images/TransformedImages/peripheral_drift_7-A.jpeg
2026-03-23 09:30:46,026 - INFO - [pipeline.py:136] - "HalftoneTransformer","size=2"
2026-03-23 09:30:46,031 - INFO - [pipeline.py:248] - [Grade: A] Saved to: /Users/kenfasano/Scripts/ScreenArt/Images/TransformedImages/peripheral_drift_11-A.jpeg
2026-03-23 09:30:46,077 - INFO - [pipeline.py:136] - "VoronoiTransformer","edge_blend=1,num_points=82"
2026-03-23 09:30:46,122 - INFO - [pipeline.py:136] - "WheelTransformer","blend=normal,copies=5"
2026-03-23 09:30:46,140 - INFO - [pipeline.py:136] - "FlipWilsonTransformer","keep=top,narrow=0.46"
2026-03-23 09:30:46,147 - INFO - [pipeline.py:248] - [Grade: C] Saved to: /Users/kenfasano/Scripts/ScreenArt/Images/TransformedImages/peripheral_drift_20-C.jpeg
2026-03-23 09:30:46,184 - INFO - [pipeline.py:136] - "OilPaintingTransformer","dyn_ratio=3,size=4"
2026-03-23 09:30:46,196 - INFO - [pipeline.py:136] - "SwirlWarpTransformer","strength=1.50"
2026-03-23 09:30:46,214 - INFO - [pipeline.py:136] - "FlipWilsonTransformer","keep=top,narrow=0.46"
2026-03-23 09:30:46,222 - INFO - [pipeline.py:136] - "FisheyeTransformer","shape=oval,strength=0.48,zoom=1.02"
2026-03-23 09:30:46,229 - INFO - [pipeline.py:248] - [Grade: A] Saved to: /Users/kenfasano/Scripts/ScreenArt/Images/TransformedImages/peripheral_drift_16-A.jpeg
2026-03-23 09:30:46,367 - INFO - [pipeline.py:136] - "VoronoiTransformer","edge_blend=1,num_points=307"
2026-03-23 09:30:46,371 - INFO - [pipeline.py:136] - "PosterizationTransformer","levels=4"
2026-03-23 09:30:46,378 - INFO - [pipeline.py:248] - [Grade: A] Saved to: /Users/kenfasano/Scripts/ScreenArt/Images/TransformedImages/peripheral_drift_17-A.jpeg
2026-03-23 09:30:46,424 - INFO - [pipeline.py:136] - "PixelSortTransformer","direction=cols,high=0.89,low=0.15,sort_key=brightness"
2026-03-23 09:30:46,431 - INFO - [pipeline.py:248] - [Grade: A] Saved to: /Users/kenfasano/Scripts/ScreenArt/Images/TransformedImages/peripheral_drift_1-A.jpeg
2026-03-23 09:30:46,431 - INFO - [main.py:186] - WatercolorTransformer
2026-03-23 09:30:46,431 - INFO - [main.py:186] - VoronoiTransformer
2026-03-23 09:30:46,431 - INFO - [main.py:186] - WheelTransformer
2026-03-23 09:30:46,431 - INFO - [main.py:186] - OilPaintingTransformer
2026-03-23 09:30:46,432 - INFO - [main.py:186] - PixelSortTransformer
2026-03-23 09:30:46,432 - INFO - [main.py:186] - HalftoneTransformer
2026-03-23 09:30:46,432 - INFO - [main.py:186] - FlipWilsonTransformer
2026-03-23 09:30:46,432 - INFO - [main.py:186] - FluidWarpTransformer
2026-03-23 09:30:46,432 - INFO - [main.py:186] - SwirlWarpTransformer
2026-03-23 09:30:46,432 - INFO - [main.py:186] - KaleidoscopeTransformer
2026-03-23 09:30:46,432 - INFO - [main.py:186] - MeltMorphTransformer
2026-03-23 09:30:46,432 - INFO - [main.py:186] - FractalWarpTransformer
2026-03-23 09:30:46,432 - INFO - [main.py:186] - DataMoshTransformer
2026-03-23 09:30:46,432 - INFO - [main.py:186] - ThermalImagingTransformer
2026-03-23 09:30:46,432 - INFO - [main.py:186] - ChromaticAberrationTransformer
2026-03-23 09:30:46,432 - INFO - [main.py:186] - FisheyeTransformer
2026-03-23 09:30:46,432 - INFO - [main.py:186] - RadialWarpTransformer
2026-03-23 09:30:46,432 - INFO - [main.py:186] - GlitchWarpTransformer
2026-03-23 09:30:46,432 - INFO - [main.py:186] - ColormapTransformer
2026-03-23 09:30:46,432 - INFO - [main.py:186] - PosterizationTransformer
2026-03-23 09:30:46,432 - INFO - [main.py:229] - 26s@09:30 ✓
Accepted: 72
Rejected: 5
---
Bible                      ->  5514ms
Wiki                       ->  2770ms
Lojong                     ->  2060ms
NasaMapGenerator           ->   899ms
GoesGenerator              ->   891ms
Nasa                       ->   862ms
Bubbles                    ->   530ms
PeripheralDriftIllusion    ->   292ms
Cubes                      ->   190ms
---
WatercolorTransformer            -> Min:    67ms | Avg:   246ms | Max:   398ms
VoronoiTransformer               -> Min:    42ms | Avg:   158ms | Max:   441ms
WheelTransformer                 -> Min:    46ms | Avg:   132ms | Max:   188ms
OilPaintingTransformer           -> Min:    33ms | Avg:    96ms | Max:   153ms
PixelSortTransformer             -> Min:    18ms | Avg:    55ms | Max:   100ms
HalftoneTransformer              -> Min:    13ms | Avg:    44ms | Max:    65ms
FlipWilsonTransformer            -> Min:    14ms | Avg:    38ms | Max:    57ms
FluidWarpTransformer             -> Min:    12ms | Avg:    36ms | Max:    50ms
SwirlWarpTransformer             -> Min:    12ms | Avg:    32ms | Max:    40ms
KaleidoscopeTransformer          -> Min:     8ms | Avg:    30ms | Max:    54ms
MeltMorphTransformer             -> Min:    15ms | Avg:    29ms | Max:    57ms
FractalWarpTransformer           -> Min:    12ms | Avg:    29ms | Max:    45ms
DataMoshTransformer              -> Min:    11ms | Avg:    27ms | Max:    46ms
ThermalImagingTransformer        -> Min:    10ms | Avg:    27ms | Max:    40ms
ChromaticAberrationTransformer   -> Min:     8ms | Avg:    24ms | Max:    36ms
FisheyeTransformer               -> Min:     7ms | Avg:    21ms | Max:    40ms
RadialWarpTransformer            -> Min:     6ms | Avg:    19ms | Max:    29ms
GlitchWarpTransformer            -> Min:     3ms | Avg:    16ms | Max:    37ms
ColormapTransformer              -> Min:     5ms | Avg:     9ms | Max:    17ms
PosterizationTransformer         -> Min:     1ms | Avg:     7ms | Max:    14ms
