2026-03-08 19:55:21,250 - INFO - [pipeline.py:44] - DataMoshTransformer
2026-03-08 19:55:21,295 - INFO - [pipeline.py:44] - HalftoneTransformer
2026-03-08 19:55:21,344 - INFO - [pipeline.py:117] - [Grade: F] Saved to: /Users/kenfasano/Scripts/ScreenArt/Images/Rejected/bubbles_4-F.jpeg
2026-03-08 19:55:21,353 - INFO - [pipeline.py:44] - FractalWarpTransformer
2026-03-08 19:55:21,390 - INFO - [pipeline.py:44] - FlipWilsonTransformer
2026-03-08 19:55:21,506 - INFO - [pipeline.py:44] - WheelTransformer
2026-03-08 19:55:21,619 - INFO - [pipeline.py:44] - ThreeDExtrusionTransformer
2026-03-08 19:55:21,666 - INFO - [pipeline.py:117] - [Grade: C] Saved to: /Users/kenfasano/Scripts/ScreenArt/Images/TransformedImages/bubbles_8-C.jpeg
2026-03-08 19:55:21,675 - INFO - [pipeline.py:44] - WatercolorTransformer
2026-03-08 19:55:21,757 - INFO - [pipeline.py:44] - ThreeDExtrusionTransformer
2026-03-08 19:55:21,794 - INFO - [pipeline.py:44] - FractalWarpTransformer
2026-03-08 19:55:21,833 - INFO - [pipeline.py:44] - FluidWarpTransformer
2026-03-08 19:55:21,899 - INFO - [pipeline.py:117] - [Grade: C] Saved to: /Users/kenfasano/Scripts/ScreenArt/Images/TransformedImages/bubbles_9-C.jpeg
2026-03-08 19:55:21,910 - INFO - [pipeline.py:44] - DuotoneTransformer
2026-03-08 19:55:22,018 - INFO - [pipeline.py:117] - [Grade: C] Saved to: /Users/kenfasano/Scripts/ScreenArt/Images/TransformedImages/bubbles_5-C.jpeg
2026-03-08 19:55:22,027 - INFO - [pipeline.py:44] - AnamorphicTransformer
2026-03-08 19:55:22,086 - INFO - [pipeline.py:44] - SwirlWarpTransformer
2026-03-08 19:55:22,146 - INFO - [pipeline.py:117] - [Grade: F] Saved to: /Users/kenfasano/Scripts/ScreenArt/Images/Rejected/bubbles_2-F.jpeg
2026-03-08 19:55:22,154 - INFO - [pipeline.py:44] - DataMoshTransformer
2026-03-08 19:55:22,190 - INFO - [pipeline.py:44] - MeltMorphTransformer
2026-03-08 19:55:22,260 - INFO - [pipeline.py:117] - [Grade: C] Saved to: /Users/kenfasano/Scripts/ScreenArt/Images/TransformedImages/bubbles_3-C.jpeg
2026-03-08 19:55:22,268 - INFO - [pipeline.py:44] - InvertRGBTransformer
2026-03-08 19:55:22,269 - INFO - [pipeline.py:44] - FluidWarpTransformer
2026-03-08 19:55:22,342 - INFO - [pipeline.py:117] - [Grade: F] Saved to: /Users/kenfasano/Scripts/ScreenArt/Images/Rejected/bubbles_10-F.jpeg
2026-03-08 19:55:22,350 - INFO - [pipeline.py:44] - FisheyeTransformer
2026-03-08 19:55:22,379 - INFO - [pipeline.py:44] - DataMoshTransformer
2026-03-08 19:55:22,415 - INFO - [pipeline.py:44] - TritoneTransformer
2026-03-08 19:55:22,460 - INFO - [pipeline.py:117] - [Grade: F] Saved to: /Users/kenfasano/Scripts/ScreenArt/Images/Rejected/bubbles_1-F.jpeg
2026-03-08 19:55:22,468 - INFO - [pipeline.py:44] - InvertRGBTransformer
2026-03-08 19:55:22,484 - INFO - [pipeline.py:117] - [Grade: F] Saved to: /Users/kenfasano/Scripts/ScreenArt/Images/Rejected/bubbles_6-F.jpeg
2026-03-08 19:55:22,493 - INFO - [pipeline.py:44] - XrayTransformer
2026-03-08 19:55:22,623 - INFO - [pipeline.py:117] - [Grade: F] Saved to: /Users/kenfasano/Scripts/ScreenArt/Images/Rejected/bubbles_7-F.jpeg
2026-03-08 19:55:22,631 - INFO - [pipeline.py:44] - DuotoneTransformer
2026-03-08 19:55:22,721 - INFO - [pipeline.py:44] - ColormapTransformer
2026-03-08 19:55:22,733 - INFO - [pipeline.py:44] - InvertRGBTransformer
2026-03-08 19:55:22,734 - INFO - [pipeline.py:44] - TritoneTransformer
2026-03-08 19:55:22,778 - INFO - [pipeline.py:117] - [Grade: F] Saved to: /Users/kenfasano/Scripts/ScreenArt/Images/Rejected/cubes_2-F.jpeg
2026-03-08 19:55:22,786 - INFO - [pipeline.py:44] - PosterizationTransformer
2026-03-08 19:55:22,808 - INFO - [pipeline.py:117] - [Grade: F] Saved to: /Users/kenfasano/Scripts/ScreenArt/Images/Rejected/cubes_3-F.jpeg
2026-03-08 19:55:22,817 - INFO - [pipeline.py:44] - ThermalImagingTransformer
2026-03-08 19:55:22,845 - INFO - [pipeline.py:44] - DuotoneTransformer
2026-03-08 19:55:22,954 - INFO - [pipeline.py:117] - [Grade: F] Saved to: /Users/kenfasano/Scripts/ScreenArt/Images/Rejected/cubes_4-F.jpeg
2026-03-08 19:55:22,962 - INFO - [pipeline.py:44] - FlipWilsonTransformer
2026-03-08 19:55:23,081 - INFO - [pipeline.py:44] - HalftoneTransformer
2026-03-08 19:55:23,112 - INFO - [pipeline.py:44] - SwirlWarpTransformer
2026-03-08 19:55:23,154 - INFO - [pipeline.py:44] - FisheyeTransformer
2026-03-08 19:55:23,192 - INFO - [pipeline.py:117] - [Grade: F] Saved to: /Users/kenfasano/Scripts/ScreenArt/Images/Rejected/cubes_5-F.jpeg
2026-03-08 19:55:23,200 - INFO - [pipeline.py:44] - AnamorphicTransformer
2026-03-08 19:55:23,274 - INFO - [pipeline.py:117] - [Grade: C] Saved to: /Users/kenfasano/Scripts/ScreenArt/Images/TransformedImages/cubes_6-C.jpeg
2026-03-08 19:55:23,282 - INFO - [pipeline.py:44] - FisheyeTransformer
2026-03-08 19:55:23,306 - INFO - [pipeline.py:44] - ColormapTransformer
2026-03-08 19:55:23,318 - INFO - [pipeline.py:44] - InvertRGBTransformer
2026-03-08 19:55:23,334 - INFO - [pipeline.py:117] - [Grade: F] Saved to: /Users/kenfasano/Scripts/ScreenArt/Images/Rejected/cubes_1-F.jpeg
2026-03-08 19:55:23,336 - INFO - [pipeline.py:44] - TritoneTransformer
2026-03-08 19:55:23,340 - INFO - [pipeline.py:44] - DuotoneTransformer
2026-03-08 19:55:23,352 - INFO - [pipeline.py:44] - RadialWarpTransformer
2026-03-08 19:55:23,356 - INFO - [pipeline.py:117] - [Grade: F] Saved to: /Users/kenfasano/Scripts/ScreenArt/Images/Rejected/ngc4622_hst-F.jpg
2026-03-08 19:55:23,361 - INFO - [pipeline.py:44] - AnamorphicTransformer
2026-03-08 19:55:23,405 - INFO - [pipeline.py:117] - [Grade: B] Saved to: /Users/kenfasano/Scripts/ScreenArt/Images/TransformedImages/MimasPIA17213_fig1_1024-B.jpg
2026-03-08 19:55:23,410 - INFO - [pipeline.py:44] - MeltMorphTransformer
2026-03-08 19:55:23,444 - INFO - [pipeline.py:44] - DataMoshTransformer
2026-03-08 19:55:23,478 - INFO - [pipeline.py:117] - [Grade: A] Saved to: /Users/kenfasano/Scripts/ScreenArt/Images/TransformedImages/SupernumeraryRainbows_Entwistle_960-A.jpg
2026-03-08 19:55:23,480 - INFO - [pipeline.py:44] - TritoneTransformer
2026-03-08 19:55:23,484 - INFO - [pipeline.py:44] - XrayTransformer
2026-03-08 19:55:23,494 - INFO - [pipeline.py:117] - [Grade: F] Saved to: /Users/kenfasano/Scripts/ScreenArt/Images/Rejected/ngc2403sn_hst-F.jpg
2026-03-08 19:55:23,498 - INFO - [pipeline.py:44] - ThreeDExtrusionTransformer
2026-03-08 19:55:23,511 - INFO - [pipeline.py:44] - FluidWarpTransformer
2026-03-08 19:55:23,541 - INFO - [pipeline.py:44] - TritoneTransformer
2026-03-08 19:55:23,559 - INFO - [pipeline.py:117] - [Grade: F] Saved to: /Users/kenfasano/Scripts/ScreenArt/Images/Rejected/lunar-panorama-change-3-lander-2013-12-17re-F.jpg
2026-03-08 19:55:23,573 - INFO - [pipeline.py:44] - DuotoneTransformer
2026-03-08 19:55:23,611 - INFO - [pipeline.py:44] - HalftoneTransformer
2026-03-08 19:55:23,624 - INFO - [pipeline.py:44] - RadialWarpTransformer
2026-03-08 19:55:23,632 - INFO - [pipeline.py:44] - ColormapTransformer
2026-03-08 19:55:23,643 - INFO - [pipeline.py:117] - [Grade: F] Saved to: /Users/kenfasano/Scripts/ScreenArt/Images/Rejected/m104apodsub800c-F.jpg
2026-03-08 19:55:23,647 - INFO - [pipeline.py:44] - FractalWarpTransformer
2026-03-08 19:55:23,662 - INFO - [pipeline.py:44] - SwirlWarpTransformer
2026-03-08 19:55:23,676 - INFO - [pipeline.py:44] - InvertRGBTransformer
2026-03-08 19:55:23,677 - INFO - [pipeline.py:44] - AnamorphicTransformer
2026-03-08 19:55:23,697 - INFO - [pipeline.py:117] - [Grade: F] Saved to: /Users/kenfasano/Scripts/ScreenArt/Images/Rejected/cometmcnaught_druckmuller_960-F.jpg
2026-03-08 19:55:23,699 - INFO - [pipeline.py:44] - DuotoneTransformer
2026-03-08 19:55:23,717 - INFO - [pipeline.py:117] - [Grade: C] Saved to: /Users/kenfasano/Scripts/ScreenArt/Images/TransformedImages/Tempel20_schedler_c-C.jpg
2026-03-08 19:55:23,725 - INFO - [pipeline.py:44] - PosterizationTransformer
2026-03-08 19:55:23,727 - INFO - [pipeline.py:44] - ThreeDExtrusionTransformer
2026-03-08 19:55:23,740 - INFO - [pipeline.py:44] - GlitchWarpTransformer
2026-03-08 19:55:23,759 - INFO - [pipeline.py:117] - [Grade: F] Saved to: /Users/kenfasano/Scripts/ScreenArt/Images/Rejected/Cygnus-New-1024-F.jpg
2026-03-08 19:55:23,762 - INFO - [pipeline.py:44] - FractalWarpTransformer
2026-03-08 19:55:23,778 - INFO - [pipeline.py:117] - [Grade: F] Saved to: /Users/kenfasano/Scripts/ScreenArt/Images/Rejected/saturnequinoxshadows_cassini-F.jpg
2026-03-08 19:55:23,783 - INFO - [pipeline.py:44] - AnamorphicTransformer
2026-03-08 19:55:23,815 - INFO - [pipeline.py:44] - InvertRGBTransformer
2026-03-08 19:55:23,815 - INFO - [pipeline.py:44] - TritoneTransformer
2026-03-08 19:55:23,830 - INFO - [pipeline.py:44] - FisheyeTransformer
2026-03-08 19:55:23,851 - INFO - [pipeline.py:117] - [Grade: F] Saved to: /Users/kenfasano/Scripts/ScreenArt/Images/Rejected/sunvenus_sdo_1024-F.jpg
2026-03-08 19:55:23,864 - INFO - [pipeline.py:44] - InvertRGBTransformer
2026-03-08 19:55:23,880 - INFO - [pipeline.py:117] - [Grade: F] Saved to: /Users/kenfasano/Scripts/ScreenArt/Images/Rejected/nasa_earth_1_London_True_Color-F.jpeg
2026-03-08 19:55:23,886 - INFO - [pipeline.py:44] - WheelTransformer
2026-03-08 19:55:23,960 - INFO - [pipeline.py:44] - WatercolorTransformer
2026-03-08 19:55:24,029 - INFO - [pipeline.py:117] - [Grade: F] Saved to: /Users/kenfasano/Scripts/ScreenArt/Images/Rejected/noaa_goes_1_se_Fire_Temperature-F.jpeg
2026-03-08 19:55:24,042 - INFO - [pipeline.py:44] - FlipWilsonTransformer
2026-03-08 19:55:24,213 - INFO - [pipeline.py:44] - FluidWarpTransformer
2026-03-08 19:55:24,344 - INFO - [pipeline.py:44] - XrayTransformer
2026-03-08 19:55:24,575 - INFO - [pipeline.py:44] - DuotoneTransformer
2026-03-08 19:55:24,752 - INFO - [pipeline.py:117] - [Grade: C] Saved to: /Users/kenfasano/Scripts/ScreenArt/Images/TransformedImages/Postoperative_t-C.jpeg
2026-03-08 19:55:24,754 - INFO - [pipeline.py:44] - WheelTransformer
2026-03-08 19:55:24,770 - INFO - [pipeline.py:44] - WatercolorTransformer
2026-03-08 19:55:24,785 - INFO - [pipeline.py:117] - [Grade: A] Saved to: /Users/kenfasano/Scripts/ScreenArt/Images/TransformedImages/Port_Sunlight_f-A.jpeg
2026-03-08 19:55:24,795 - INFO - [pipeline.py:44] - GlitchWarpTransformer
2026-03-08 19:55:24,831 - INFO - [pipeline.py:44] - FractalWarpTransformer
2026-03-08 19:55:24,882 - INFO - [pipeline.py:44] - SwirlWarpTransformer
2026-03-08 19:55:24,939 - INFO - [pipeline.py:44] - RadialWarpTransformer
2026-03-08 19:55:24,987 - INFO - [pipeline.py:117] - [Grade: C] Saved to: /Users/kenfasano/Scripts/ScreenArt/Images/TransformedImages/Wood_Lan-C.jpeg
2026-03-08 19:55:25,000 - INFO - [pipeline.py:44] - FractalWarpTransformer
2026-03-08 19:55:25,063 - INFO - [pipeline.py:117] - [Grade: F] Saved to: /Users/kenfasano/Scripts/ScreenArt/Images/Rejected/Bhf._Ber-F.jpeg
2026-03-08 19:55:25,089 - INFO - [pipeline.py:44] - SwirlWarpTransformer
2026-03-08 19:55:25,244 - INFO - [pipeline.py:117] - [Grade: A] Saved to: /Users/kenfasano/Scripts/ScreenArt/Images/TransformedImages/St_Göran-A.jpeg
2026-03-08 19:55:25,253 - INFO - [pipeline.py:44] - DataMoshTransformer
2026-03-08 19:55:25,316 - INFO - [pipeline.py:117] - [Grade: A] Saved to: /Users/kenfasano/Scripts/ScreenArt/Images/TransformedImages/Delegaci-A.jpeg
2026-03-08 19:55:25,322 - INFO - [pipeline.py:44] - WheelTransformer
2026-03-08 19:55:25,434 - INFO - [pipeline.py:44] - DataMoshTransformer
2026-03-08 19:55:25,470 - INFO - [pipeline.py:44] - FlipWilsonTransformer
2026-03-08 19:55:25,596 - INFO - [pipeline.py:117] - [Grade: F] Saved to: /Users/kenfasano/Scripts/ScreenArt/Images/Rejected/lojong_2-F.jpeg
2026-03-08 19:55:25,601 - INFO - [pipeline.py:44] - FisheyeTransformer
2026-03-08 19:55:25,625 - INFO - [pipeline.py:44] - MeltMorphTransformer
2026-03-08 19:55:25,677 - INFO - [pipeline.py:44] - FlipWilsonTransformer
2026-03-08 19:55:25,783 - INFO - [pipeline.py:44] - InvertRGBTransformer
2026-03-08 19:55:25,799 - INFO - [pipeline.py:117] - [Grade: F] Saved to: /Users/kenfasano/Scripts/ScreenArt/Images/Rejected/lojong_3-F.jpeg
2026-03-08 19:55:25,805 - INFO - [pipeline.py:44] - DuotoneTransformer
2026-03-08 19:55:25,912 - INFO - [pipeline.py:117] - [Grade: F] Saved to: /Users/kenfasano/Scripts/ScreenArt/Images/Rejected/lojong_8-F.jpeg
2026-03-08 19:55:25,918 - INFO - [pipeline.py:44] - SwirlWarpTransformer
2026-03-08 19:55:26,015 - INFO - [pipeline.py:44] - RadialWarpTransformer
2026-03-08 19:55:26,029 - INFO - [pipeline.py:44] - InvertRGBTransformer
2026-03-08 19:55:26,046 - INFO - [pipeline.py:117] - [Grade: F] Saved to: /Users/kenfasano/Scripts/ScreenArt/Images/Rejected/lojong_4-F.jpeg
2026-03-08 19:55:26,052 - INFO - [pipeline.py:44] - DuotoneTransformer
2026-03-08 19:55:26,157 - INFO - [pipeline.py:117] - [Grade: C] Saved to: /Users/kenfasano/Scripts/ScreenArt/Images/TransformedImages/lojong_5-C.jpeg
2026-03-08 19:55:26,163 - INFO - [pipeline.py:44] - ThermalImagingTransformer
2026-03-08 19:55:26,205 - INFO - [pipeline.py:117] - [Grade: F] Saved to: /Users/kenfasano/Scripts/ScreenArt/Images/Rejected/lojong_9-F.jpeg
2026-03-08 19:55:26,211 - INFO - [pipeline.py:44] - XrayTransformer
2026-03-08 19:55:26,262 - INFO - [pipeline.py:44] - InvertRGBTransformer
2026-03-08 19:55:26,263 - INFO - [pipeline.py:44] - PosterizationTransformer
2026-03-08 19:55:26,267 - INFO - [pipeline.py:44] - GlitchWarpTransformer
2026-03-08 19:55:26,309 - INFO - [pipeline.py:117] - [Grade: F] Saved to: /Users/kenfasano/Scripts/ScreenArt/Images/Rejected/lojong_6-F.jpeg
2026-03-08 19:55:26,315 - INFO - [pipeline.py:44] - FlipWilsonTransformer
2026-03-08 19:55:26,425 - INFO - [pipeline.py:44] - WheelTransformer
2026-03-08 19:55:26,538 - INFO - [pipeline.py:44] - RadialWarpTransformer
2026-03-08 19:55:26,571 - INFO - [pipeline.py:117] - [Grade: C] Saved to: /Users/kenfasano/Scripts/ScreenArt/Images/TransformedImages/lojong_7-C.jpeg
2026-03-08 19:55:26,577 - INFO - [pipeline.py:44] - GlitchWarpTransformer
2026-03-08 19:55:26,605 - INFO - [pipeline.py:44] - SwirlWarpTransformer
2026-03-08 19:55:26,647 - INFO - [pipeline.py:44] - XrayTransformer
2026-03-08 19:55:26,769 - INFO - [pipeline.py:117] - [Grade: F] Saved to: /Users/kenfasano/Scripts/ScreenArt/Images/Rejected/lojong_0-F.jpeg
2026-03-08 19:55:26,776 - INFO - [pipeline.py:44] - WatercolorTransformer
2026-03-08 19:55:26,854 - INFO - [pipeline.py:44] - GlitchWarpTransformer
2026-03-08 19:55:26,881 - INFO - [pipeline.py:44] - RadialWarpTransformer
2026-03-08 19:55:26,914 - INFO - [pipeline.py:117] - [Grade: B] Saved to: /Users/kenfasano/Scripts/ScreenArt/Images/TransformedImages/lojong_1-B.jpeg
2026-03-08 19:55:26,920 - INFO - [pipeline.py:44] - TritoneTransformer
2026-03-08 19:55:26,950 - INFO - [pipeline.py:44] - PosterizationTransformer
2026-03-08 19:55:26,970 - INFO - [pipeline.py:117] - [Grade: F] Saved to: /Users/kenfasano/Scripts/ScreenArt/Images/Rejected/psalms_127-F.jpeg
2026-03-08 19:55:26,977 - INFO - [pipeline.py:44] - PosterizationTransformer
2026-03-08 19:55:26,982 - INFO - [pipeline.py:44] - DataMoshTransformer
2026-03-08 19:55:27,019 - INFO - [pipeline.py:44] - ColormapTransformer
2026-03-08 19:55:27,030 - INFO - [pipeline.py:44] - WheelTransformer
2026-03-08 19:55:27,157 - INFO - [pipeline.py:117] - [Grade: F] Saved to: /Users/kenfasano/Scripts/ScreenArt/Images/Rejected/psalms_106-F.jpeg
2026-03-08 19:55:27,168 - INFO - [pipeline.py:44] - XrayTransformer
2026-03-08 19:55:27,297 - INFO - [pipeline.py:44] - FluidWarpTransformer
2026-03-08 19:55:27,382 - INFO - [pipeline.py:44] - InvertRGBTransformer
2026-03-08 19:55:27,398 - INFO - [pipeline.py:117] - [Grade: F] Saved to: /Users/kenfasano/Scripts/ScreenArt/Images/Rejected/psalms_50-F.jpeg
2026-03-08 19:55:27,406 - INFO - [pipeline.py:44] - SwirlWarpTransformer
2026-03-08 19:55:27,470 - INFO - [pipeline.py:117] - [Grade: F] Saved to: /Users/kenfasano/Scripts/ScreenArt/Images/Rejected/psalms_101-F.jpeg
2026-03-08 19:55:27,478 - INFO - [pipeline.py:44] - ColormapTransformer
2026-03-08 19:55:27,489 - INFO - [pipeline.py:44] - DuotoneTransformer
2026-03-08 19:55:27,580 - INFO - [pipeline.py:44] - MeltMorphTransformer
2026-03-08 19:55:27,647 - INFO - [pipeline.py:117] - [Grade: F] Saved to: /Users/kenfasano/Scripts/ScreenArt/Images/Rejected/psalms_47-F.jpeg
2026-03-08 19:55:27,655 - INFO - [pipeline.py:44] - XrayTransformer
2026-03-08 19:55:27,741 - INFO - [pipeline.py:44] - HalftoneTransformer
2026-03-08 19:55:27,771 - INFO - [pipeline.py:44] - WatercolorTransformer
2026-03-08 19:55:27,847 - INFO - [pipeline.py:44] - DataMoshTransformer
2026-03-08 19:55:27,898 - INFO - [pipeline.py:117] - [Grade: F] Saved to: /Users/kenfasano/Scripts/ScreenArt/Images/Rejected/psalms_88-F.jpeg
2026-03-08 19:55:27,906 - INFO - [pipeline.py:44] - RadialWarpTransformer
2026-03-08 19:55:27,922 - INFO - [pipeline.py:44] - DuotoneTransformer
2026-03-08 19:55:28,029 - INFO - [pipeline.py:117] - [Grade: F] Saved to: /Users/kenfasano/Scripts/ScreenArt/Images/Rejected/psalms_29-F.jpeg
2026-03-08 19:55:28,036 - INFO - [pipeline.py:44] - XrayTransformer
2026-03-08 19:55:28,091 - INFO - [pipeline.py:44] - InvertRGBTransformer
2026-03-08 19:55:28,107 - INFO - [pipeline.py:117] - [Grade: F] Saved to: /Users/kenfasano/Scripts/ScreenArt/Images/Rejected/psalms_8-F.jpeg
2026-03-08 19:55:28,115 - INFO - [pipeline.py:44] - FractalWarpTransformer
2026-03-08 19:55:28,150 - INFO - [pipeline.py:44] - ThreeDExtrusionTransformer
2026-03-08 19:55:28,182 - INFO - [pipeline.py:44] - FisheyeTransformer
2026-03-08 19:55:28,221 - INFO - [pipeline.py:117] - [Grade: F] Saved to: /Users/kenfasano/Scripts/ScreenArt/Images/Rejected/psalms_86-F.jpeg
2026-03-08 19:55:28,228 - INFO - [pipeline.py:44] - MeltMorphTransformer
2026-03-08 19:55:28,298 - INFO - [pipeline.py:117] - [Grade: F] Saved to: /Users/kenfasano/Scripts/ScreenArt/Images/Rejected/psalms_3-F.jpeg
2026-03-08 19:55:28,301 - INFO - [pipeline.py:44] - SwirlWarpTransformer
2026-03-08 19:55:28,314 - INFO - [pipeline.py:44] - ColormapTransformer
2026-03-08 19:55:28,318 - INFO - [pipeline.py:44] - WatercolorTransformer
2026-03-08 19:55:28,343 - INFO - [pipeline.py:44] - InvertRGBTransformer
2026-03-08 19:55:28,349 - INFO - [pipeline.py:117] - [Grade: F] Saved to: /Users/kenfasano/Scripts/ScreenArt/Images/Rejected/peripheral_drift_2-F.jpeg
2026-03-08 19:55:28,352 - INFO - [pipeline.py:44] - RadialWarpTransformer
2026-03-08 19:55:28,358 - INFO - [pipeline.py:44] - HalftoneTransformer
2026-03-08 19:55:28,372 - INFO - [pipeline.py:117] - [Grade: F] Saved to: /Users/kenfasano/Scripts/ScreenArt/Images/Rejected/peripheral_drift_3-F.jpeg
2026-03-08 19:55:28,376 - INFO - [pipeline.py:44] - WheelTransformer
2026-03-08 19:55:28,410 - INFO - [pipeline.py:44] - FractalWarpTransformer
2026-03-08 19:55:28,420 - INFO - [pipeline.py:44] - PosterizationTransformer
2026-03-08 19:55:28,422 - INFO - [pipeline.py:44] - FluidWarpTransformer
2026-03-08 19:55:28,453 - INFO - [pipeline.py:117] - [Grade: F] Saved to: /Users/kenfasano/Scripts/ScreenArt/Images/Rejected/peripheral_drift_1-F.jpeg
2026-03-08 19:55:28,458 - INFO - [pipeline.py:44] - MeltMorphTransformer
2026-03-08 19:55:28,511 - INFO - [pipeline.py:44] - ColormapTransformer
2026-03-08 19:55:28,523 - INFO - [pipeline.py:44] - FluidWarpTransformer
2026-03-08 19:55:28,616 - INFO - [pipeline.py:117] - [Grade: A] Saved to: /Users/kenfasano/Scripts/ScreenArt/Images/TransformedImages/koch_snowflake_3_1-A.jpeg
2026-03-08 19:55:28,622 - INFO - [pipeline.py:44] - ColormapTransformer
2026-03-08 19:55:28,649 - INFO - [pipeline.py:117] - [Grade: C] Saved to: /Users/kenfasano/Scripts/ScreenArt/Images/TransformedImages/koch_snowflake_3_2-C.jpeg
2026-03-08 19:55:28,655 - INFO - [pipeline.py:44] - WheelTransformer
2026-03-08 19:55:28,767 - INFO - [pipeline.py:44] - WatercolorTransformer
2026-03-08 19:55:28,860 - INFO - [pipeline.py:117] - [Grade: A] Saved to: /Users/kenfasano/Scripts/ScreenArt/Images/TransformedImages/koch_snowflake_3_3-A.jpeg
2026-03-08 19:55:28,866 - INFO - [pipeline.py:44] - TritoneTransformer
2026-03-08 19:55:28,895 - INFO - [pipeline.py:44] - SwirlWarpTransformer
2026-03-08 19:55:28,937 - INFO - [pipeline.py:44] - AnamorphicTransformer
2026-03-08 19:55:28,994 - INFO - [pipeline.py:117] - [Grade: F] Saved to: /Users/kenfasano/Scripts/ScreenArt/Images/Rejected/koch_snowflake_3_4-F.jpeg
2026-03-08 19:55:29,000 - INFO - [pipeline.py:44] - FlipWilsonTransformer
2026-03-08 19:55:29,110 - INFO - [pipeline.py:44] - ColormapTransformer
2026-03-08 19:55:29,137 - INFO - [pipeline.py:117] - [Grade: B] Saved to: /Users/kenfasano/Scripts/ScreenArt/Images/TransformedImages/koch_snowflake_3_5-B.jpeg
2026-03-08 19:55:29,146 - INFO - [pipeline.py:44] - FractalWarpTransformer
2026-03-08 19:55:29,180 - INFO - [pipeline.py:44] - FisheyeTransformer
2026-03-08 19:55:29,222 - INFO - [pipeline.py:117] - [Grade: F] Saved to: /Users/kenfasano/Scripts/ScreenArt/Images/Rejected/hilbert_5-F.jpg
2026-03-08 19:55:29,235 - INFO - [pipeline.py:44] - FlipWilsonTransformer
2026-03-08 19:55:29,348 - INFO - [pipeline.py:44] - FisheyeTransformer
2026-03-08 19:55:29,379 - INFO - [pipeline.py:44] - SwirlWarpTransformer
2026-03-08 19:55:29,442 - INFO - [pipeline.py:117] - [Grade: F] Saved to: /Users/kenfasano/Scripts/ScreenArt/Images/Rejected/hilbert_4-F.jpg
2026-03-08 19:55:29,450 - INFO - [pipeline.py:44] - FluidWarpTransformer
2026-03-08 19:55:29,496 - INFO - [pipeline.py:117] - [Grade: F] Saved to: /Users/kenfasano/Scripts/ScreenArt/Images/Rejected/hilbert_1-F.jpg
2026-03-08 19:55:29,505 - INFO - [pipeline.py:44] - FisheyeTransformer
2026-03-08 19:55:29,548 - INFO - [pipeline.py:117] - [Grade: F] Saved to: /Users/kenfasano/Scripts/ScreenArt/Images/Rejected/hilbert_3-F.jpg
2026-03-08 19:55:29,560 - INFO - [pipeline.py:44] - ThreeDExtrusionTransformer
2026-03-08 19:55:29,592 - INFO - [pipeline.py:44] - FisheyeTransformer
2026-03-08 19:55:29,619 - INFO - [pipeline.py:44] - MeltMorphTransformer
2026-03-08 19:55:29,673 - INFO - [pipeline.py:44] - HalftoneTransformer
2026-03-08 19:55:29,721 - INFO - [pipeline.py:117] - [Grade: F] Saved to: /Users/kenfasano/Scripts/ScreenArt/Images/Rejected/hilbert_2-F.jpg
2026-03-08 19:55:29,721 - INFO - [main.py:196] - FlipWilsonTransformer
2026-03-08 19:55:29,721 - INFO - [main.py:196] - XrayTransformer
2026-03-08 19:55:29,721 - INFO - [main.py:196] - WheelTransformer
2026-03-08 19:55:29,721 - INFO - [main.py:196] - DuotoneTransformer
2026-03-08 19:55:29,721 - INFO - [main.py:196] - FluidWarpTransformer
2026-03-08 19:55:29,721 - INFO - [main.py:196] - WatercolorTransformer
2026-03-08 19:55:29,721 - INFO - [main.py:196] - MeltMorphTransformer
2026-03-08 19:55:29,721 - INFO - [main.py:196] - SwirlWarpTransformer
2026-03-08 19:55:29,721 - INFO - [main.py:196] - AnamorphicTransformer
2026-03-08 19:55:29,721 - INFO - [main.py:196] - DataMoshTransformer
2026-03-08 19:55:29,721 - INFO - [main.py:196] - FractalWarpTransformer
2026-03-08 19:55:29,721 - INFO - [main.py:196] - ThermalImagingTransformer
2026-03-08 19:55:29,721 - INFO - [main.py:196] - ThreeDExtrusionTransformer
2026-03-08 19:55:29,721 - INFO - [main.py:196] - GlitchWarpTransformer
2026-03-08 19:55:29,721 - INFO - [main.py:196] - HalftoneTransformer
2026-03-08 19:55:29,721 - INFO - [main.py:196] - FisheyeTransformer
2026-03-08 19:55:29,721 - INFO - [main.py:196] - TritoneTransformer
2026-03-08 19:55:29,721 - INFO - [main.py:196] - RadialWarpTransformer
2026-03-08 19:55:29,721 - INFO - [main.py:196] - ColormapTransformer
2026-03-08 19:55:29,721 - INFO - [main.py:196] - PosterizationTransformer
2026-03-08 19:55:29,721 - INFO - [main.py:196] - InvertRGBTransformer
2026-03-08 19:55:29,721 - INFO - [main.py:239] - 14s@19:55 ✓
Accepted: 20
Rejected: 48
---
Wiki                       ->  3110ms
Nasa                       ->   673ms
GoesGenerator              ->   569ms
Cubes                      ->   460ms
Bible                      ->   442ms
Lojong                     ->   366ms
Bubbles                    ->   299ms
KochSnowflake              ->   295ms
Hilbert                    ->    62ms
PeripheralDriftIllusion    ->    47ms
NasaMapGenerator           ->    46ms
---
FlipWilsonTransformer      -> Min:   105ms | Avg:   119ms | Max:   171ms
XrayTransformer            -> Min:     7ms | Avg:    97ms | Max:   231ms
WheelTransformer           -> Min:    15ms | Avg:    85ms | Max:   113ms
DuotoneTransformer         -> Min:    12ms | Avg:    77ms | Max:   149ms
FluidWarpTransformer       -> Min:    26ms | Avg:    61ms | Max:   131ms
WatercolorTransformer      -> Min:    12ms | Avg:    58ms | Max:    82ms
MeltMorphTransformer       -> Min:    34ms | Avg:    50ms | Max:    54ms
SwirlWarpTransformer       -> Min:    13ms | Avg:    50ms | Max:   110ms
AnamorphicTransformer      -> Min:    15ms | Avg:    40ms | Max:    59ms
DataMoshTransformer        -> Min:    22ms | Avg:    36ms | Max:    45ms
FractalWarpTransformer     -> Min:    11ms | Avg:    30ms | Max:    50ms
ThermalImagingTransformer  -> Min:    27ms | Avg:    27ms | Max:    28ms
ThreeDExtrusionTransformer -> Min:    12ms | Avg:    26ms | Max:    37ms
GlitchWarpTransformer      -> Min:    12ms | Avg:    26ms | Max:    36ms
HalftoneTransformer        -> Min:     9ms | Avg:    24ms | Max:    34ms
FisheyeTransformer         -> Min:    13ms | Avg:    24ms | Max:    31ms
TritoneTransformer         -> Min:     4ms | Avg:    19ms | Max:    30ms
RadialWarpTransformer      -> Min:     2ms | Avg:    13ms | Max:    23ms
ColormapTransformer        -> Min:     4ms | Avg:    10ms | Max:    12ms
PosterizationTransformer   -> Min:     2ms | Avg:     4ms | Max:     5ms
InvertRGBTransformer       -> Min:     0ms | Avg:     1ms | Max:     1ms
