2026-03-14 06:50:40,839 - INFO - [pipeline.py:136] - "DataMoshTransformer","intensity=0.02"
2026-03-14 06:50:40,853 - INFO - [pipeline.py:136] - "ColormapTransformer","map=hot"
2026-03-14 06:50:40,873 - INFO - [pipeline.py:229] - [Grade: B] Saved to: /Users/kenfasano/Scripts/ScreenArt/Images/TransformedImages/bubbles_4-B.jpeg
2026-03-14 06:50:40,919 - INFO - [pipeline.py:136] - "DataMoshTransformer","intensity=0.02"
2026-03-14 06:50:41,095 - INFO - [pipeline.py:136] - "WheelTransformer","blend=lighter,copies=5"
2026-03-14 06:50:41,147 - INFO - [pipeline.py:136] - "HalftoneTransformer","size=2"
2026-03-14 06:50:41,160 - INFO - [pipeline.py:136] - "ColormapTransformer","map=spring"
2026-03-14 06:50:41,180 - INFO - [pipeline.py:229] - [Grade: A] Saved to: /Users/kenfasano/Scripts/ScreenArt/Images/TransformedImages/bubbles_8-A.jpeg
2026-03-14 06:50:41,200 - INFO - [pipeline.py:136] - "ColormapTransformer","map=pink"
2026-03-14 06:50:41,235 - INFO - [pipeline.py:136] - "FractalWarpTransformer","iter=1,scale=0.05"
2026-03-14 06:50:41,263 - INFO - [pipeline.py:136] - "GlitchWarpTransformer","intensity=0.01"
2026-03-14 06:50:41,370 - INFO - [pipeline.py:136] - "FlipWilsonTransformer","keep=bottom_right,narrow=0.30"
2026-03-14 06:50:41,389 - INFO - [pipeline.py:229] - [Grade: B] Saved to: /Users/kenfasano/Scripts/ScreenArt/Images/TransformedImages/bubbles_9-B.jpeg
2026-03-14 06:50:41,430 - INFO - [pipeline.py:136] - "FractalWarpTransformer","iter=1,scale=0.05"
2026-03-14 06:50:41,520 - INFO - [pipeline.py:136] - "SwirlWarpTransformer","strength=1.50"
2026-03-14 06:50:41,548 - INFO - [pipeline.py:136] - "FluidWarpTransformer","alpha=1.52,sigma=0.82"
2026-03-14 06:50:41,566 - INFO - [pipeline.py:229] - [Grade: A] Saved to: /Users/kenfasano/Scripts/ScreenArt/Images/TransformedImages/bubbles_5-A.jpeg
2026-03-14 06:50:41,599 - INFO - [pipeline.py:136] - "RadialWarpTransformer","radius=0.25,strength=125.53940248134765,50.84571539853221,47.36919452087577,style=pull,push,pull"
2026-03-14 06:50:41,628 - INFO - [pipeline.py:136] - "GlitchWarpTransformer","intensity=0.01"
2026-03-14 06:50:41,642 - INFO - [pipeline.py:136] - "ColormapTransformer","map=cool"
2026-03-14 06:50:41,691 - INFO - [pipeline.py:136] - "HalftoneTransformer","size=2"
2026-03-14 06:50:41,708 - INFO - [pipeline.py:229] - [Grade: C] Saved to: /Users/kenfasano/Scripts/ScreenArt/Images/TransformedImages/bubbles_2-C.jpeg
2026-03-14 06:50:41,728 - INFO - [pipeline.py:136] - "PosterizationTransformer","levels=4"
2026-03-14 06:50:41,744 - INFO - [pipeline.py:136] - "RadialWarpTransformer","radius=0.25,strength=67.77244661642003,style=pull"
2026-03-14 06:50:41,761 - INFO - [pipeline.py:229] - [Grade: A] Saved to: /Users/kenfasano/Scripts/ScreenArt/Images/TransformedImages/bubbles_3-A.jpeg
2026-03-14 06:50:41,806 - INFO - [pipeline.py:136] - "DataMoshTransformer","intensity=0.02"
2026-03-14 06:50:41,857 - INFO - [pipeline.py:136] - "FluidWarpTransformer","alpha=17.94,sigma=6.43"
2026-03-14 06:50:41,968 - INFO - [pipeline.py:136] - "FlipWilsonTransformer","keep=bottom_right,narrow=0.30"
2026-03-14 06:50:41,999 - INFO - [pipeline.py:136] - "FisheyeTransformer","shape=oval,strength=0.73,zoom=1.03"
2026-03-14 06:50:42,017 - INFO - [pipeline.py:229] - [Grade: B] Saved to: /Users/kenfasano/Scripts/ScreenArt/Images/TransformedImages/bubbles_10-B.jpeg
2026-03-14 06:50:42,052 - INFO - [pipeline.py:136] - "GlitchWarpTransformer","intensity=0.01"
2026-03-14 06:50:42,091 - INFO - [pipeline.py:136] - "ThermalImagingTransformer","thermal=True"
2026-03-14 06:50:42,139 - INFO - [pipeline.py:136] - "HalftoneTransformer","size=2"
2026-03-14 06:50:42,156 - INFO - [pipeline.py:229] - [Grade: A] Saved to: /Users/kenfasano/Scripts/ScreenArt/Images/TransformedImages/bubbles_1-A.jpeg
2026-03-14 06:50:42,177 - INFO - [pipeline.py:136] - "PosterizationTransformer","levels=4"
2026-03-14 06:50:42,194 - INFO - [pipeline.py:229] - [Grade: A] Saved to: /Users/kenfasano/Scripts/ScreenArt/Images/TransformedImages/bubbles_6-A.jpeg
2026-03-14 06:50:42,214 - INFO - [pipeline.py:136] - "PosterizationTransformer","levels=4"
2026-03-14 06:50:42,230 - INFO - [pipeline.py:229] - [Grade: A] Saved to: /Users/kenfasano/Scripts/ScreenArt/Images/TransformedImages/bubbles_7-A.jpeg
2026-03-14 06:50:42,450 - INFO - [pipeline.py:136] - "WatercolorTransformer","scale=0.85,style=monet"
2026-03-14 06:50:42,497 - INFO - [pipeline.py:136] - "HalftoneTransformer","size=2"
2026-03-14 06:50:42,513 - INFO - [pipeline.py:229] - [Grade: A] Saved to: /Users/kenfasano/Scripts/ScreenArt/Images/TransformedImages/cubes_2-A.jpeg
2026-03-14 06:50:42,569 - INFO - [pipeline.py:136] - "FluidWarpTransformer","alpha=18.26,sigma=7.28"
2026-03-14 06:50:42,585 - INFO - [pipeline.py:229] - [Grade: A] Saved to: /Users/kenfasano/Scripts/ScreenArt/Images/TransformedImages/cubes_3-A.jpeg
2026-03-14 06:50:42,647 - INFO - [pipeline.py:136] - "MeltMorphTransformer","intensity=0.50"
2026-03-14 06:50:42,663 - INFO - [pipeline.py:229] - [Grade: A] Saved to: /Users/kenfasano/Scripts/ScreenArt/Images/TransformedImages/cubes_4-A.jpeg
2026-03-14 06:50:42,707 - INFO - [pipeline.py:136] - "SwirlWarpTransformer","strength=1.50"
2026-03-14 06:50:42,756 - INFO - [pipeline.py:136] - "FluidWarpTransformer","alpha=7.50,sigma=7.23"
2026-03-14 06:50:42,928 - INFO - [pipeline.py:136] - "WheelTransformer","blend=lighter,copies=5"
2026-03-14 06:50:42,981 - INFO - [pipeline.py:136] - "MeltMorphTransformer","intensity=0.50"
2026-03-14 06:50:42,999 - INFO - [pipeline.py:229] - [Grade: A] Saved to: /Users/kenfasano/Scripts/ScreenArt/Images/TransformedImages/cubes_5-A.jpeg
2026-03-14 06:50:43,042 - INFO - [pipeline.py:136] - "DataMoshTransformer","intensity=0.02"
2026-03-14 06:50:43,095 - INFO - [pipeline.py:136] - "MeltMorphTransformer","intensity=0.50"
2026-03-14 06:50:43,112 - INFO - [pipeline.py:229] - [Grade: A] Saved to: /Users/kenfasano/Scripts/ScreenArt/Images/TransformedImages/cubes_6-A.jpeg
2026-03-14 06:50:43,340 - INFO - [pipeline.py:136] - "WatercolorTransformer","scale=0.85,style=psychedelic"
2026-03-14 06:50:43,378 - INFO - [pipeline.py:136] - "ThermalImagingTransformer","thermal=True"
2026-03-14 06:50:43,401 - INFO - [pipeline.py:136] - "RadialWarpTransformer","radius=0.25,strength=38.67557238433916,83.22658799809099,136.96266998319248,style=pull,pull,push"
2026-03-14 06:50:43,418 - INFO - [pipeline.py:229] - [Grade: A] Saved to: /Users/kenfasano/Scripts/ScreenArt/Images/TransformedImages/cubes_1-A.jpeg
2026-03-14 06:50:43,505 - INFO - [pipeline.py:136] - "WatercolorTransformer","scale=0.85,style=psychedelic"
2026-03-14 06:50:43,544 - INFO - [pipeline.py:136] - "FlipWilsonTransformer","keep=bottom_right,narrow=0.30"
2026-03-14 06:50:43,558 - INFO - [pipeline.py:136] - "FractalWarpTransformer","iter=1,scale=0.05"
2026-03-14 06:50:43,564 - INFO - [pipeline.py:229] - [Grade: A] Saved to: /Users/kenfasano/Scripts/ScreenArt/Images/TransformedImages/enceladusstripes_cassini_960-A.jpg
2026-03-14 06:50:43,571 - INFO - [pipeline.py:136] - "RadialWarpTransformer","radius=0.25,strength=105.17371255554254,85.19124295311627,125.95978493528297,style=pull,push,push"
2026-03-14 06:50:43,575 - INFO - [pipeline.py:136] - "FisheyeTransformer","shape=oval,strength=0.25,zoom=1.13"
2026-03-14 06:50:43,616 - INFO - [pipeline.py:136] - "WatercolorTransformer","scale=0.85,style=psychedelic"
2026-03-14 06:50:43,623 - INFO - [pipeline.py:136] - "FractalWarpTransformer","iter=1,scale=0.05"
2026-03-14 06:50:43,627 - INFO - [pipeline.py:229] - [Grade: A] Saved to: /Users/kenfasano/Scripts/ScreenArt/Images/TransformedImages/vesta1_hst-A.jpg
2026-03-14 06:50:43,636 - INFO - [pipeline.py:136] - "FisheyeTransformer","shape=oval,strength=0.26,zoom=1.07"
2026-03-14 06:50:43,646 - INFO - [pipeline.py:136] - "DataMoshTransformer","intensity=0.01"
2026-03-14 06:50:43,651 - INFO - [pipeline.py:229] - [Grade: C] Saved to: /Users/kenfasano/Scripts/ScreenArt/Images/TransformedImages/20110615_eclipse_politis900-C.jpg
2026-03-14 06:50:43,686 - INFO - [pipeline.py:136] - "GlitchWarpTransformer","intensity=0.01"
2026-03-14 06:50:43,699 - INFO - [pipeline.py:136] - "SwirlWarpTransformer","strength=1.50"
2026-03-14 06:50:43,783 - INFO - [pipeline.py:136] - "XrayTransformer","colors=256"
2026-03-14 06:50:43,791 - INFO - [pipeline.py:136] - "FisheyeTransformer","shape=circle,strength=0.65,zoom=0.94"
2026-03-14 06:50:43,798 - INFO - [pipeline.py:229] - [Grade: A] Saved to: /Users/kenfasano/Scripts/ScreenArt/Images/TransformedImages/SquidFinal3smaller1024-A.jpg
2026-03-14 06:50:43,807 - INFO - [pipeline.py:136] - "SwirlWarpTransformer","strength=1.50"
2026-03-14 06:50:43,835 - INFO - [pipeline.py:136] - "WheelTransformer","blend=lighter,copies=5"
2026-03-14 06:50:43,843 - INFO - [pipeline.py:136] - "HalftoneTransformer","size=2"
2026-03-14 06:50:43,849 - INFO - [pipeline.py:136] - "FractalWarpTransformer","iter=1,scale=0.05"
2026-03-14 06:50:43,853 - INFO - [pipeline.py:229] - [Grade: A] Saved to: /Users/kenfasano/Scripts/ScreenArt/Images/TransformedImages/OrionBeltx_demartin_f45-A.jpg
2026-03-14 06:50:43,858 - INFO - [pipeline.py:136] - "RadialWarpTransformer","radius=0.25,strength=75.0659772474279,118.96023446912275,style=push,pull"
2026-03-14 06:50:43,884 - INFO - [pipeline.py:136] - "WheelTransformer","blend=lighter,copies=5"
2026-03-14 06:50:43,908 - INFO - [pipeline.py:136] - "FlipWilsonTransformer","keep=bottom_right,narrow=0.30"
2026-03-14 06:50:43,947 - INFO - [pipeline.py:136] - "WatercolorTransformer","scale=0.85,style=monet"
2026-03-14 06:50:43,951 - INFO - [pipeline.py:229] - [Grade: A] Saved to: /Users/kenfasano/Scripts/ScreenArt/Images/TransformedImages/m74_cxcnoao_compx-A.jpg
2026-03-14 06:50:44,083 - INFO - [pipeline.py:136] - "WatercolorTransformer","scale=0.85,style=monet"
2026-03-14 06:50:44,109 - INFO - [pipeline.py:136] - "HalftoneTransformer","size=2"
2026-03-14 06:50:44,118 - INFO - [pipeline.py:229] - [Grade: A] Saved to: /Users/kenfasano/Scripts/ScreenArt/Images/TransformedImages/thundercloud_dyer_1592-A.jpg
2026-03-14 06:50:44,149 - INFO - [pipeline.py:136] - "DataMoshTransformer","intensity=0.01"
2026-03-14 06:50:44,177 - INFO - [pipeline.py:136] - "FluidWarpTransformer","alpha=17.01,sigma=6.90"
2026-03-14 06:50:44,205 - INFO - [pipeline.py:136] - "HalftoneTransformer","size=2"
2026-03-14 06:50:44,296 - INFO - [pipeline.py:136] - "WheelTransformer","blend=lighter,copies=5"
2026-03-14 06:50:44,306 - INFO - [pipeline.py:229] - [Grade: A] Saved to: /Users/kenfasano/Scripts/ScreenArt/Images/TransformedImages/waterspout_mole_960-A.jpg
2026-03-14 06:50:44,328 - INFO - [pipeline.py:136] - "RadialWarpTransformer","radius=0.25,strength=120.88748294136006,38.0468989125567,style=pull,push"
2026-03-14 06:50:44,342 - INFO - [pipeline.py:136] - "HalftoneTransformer","size=2"
2026-03-14 06:50:44,348 - INFO - [pipeline.py:229] - [Grade: C] Saved to: /Users/kenfasano/Scripts/ScreenArt/Images/TransformedImages/Ou4_difusco1024-C.jpg
2026-03-14 06:50:44,397 - INFO - [pipeline.py:136] - "DataMoshTransformer","intensity=0.01"
2026-03-14 06:50:44,410 - INFO - [pipeline.py:136] - "PosterizationTransformer","levels=4"
2026-03-14 06:50:44,431 - INFO - [pipeline.py:229] - [Grade: A] Saved to: /Users/kenfasano/Scripts/ScreenArt/Images/TransformedImages/nasa_earth_1_Los_Angeles_True_Color-A.jpeg
2026-03-14 06:50:44,455 - INFO - [pipeline.py:136] - "FisheyeTransformer","shape=circle,strength=0.41,zoom=1.11"
2026-03-14 06:50:44,612 - INFO - [pipeline.py:136] - "WatercolorTransformer","scale=0.85,style=monet"
2026-03-14 06:50:44,637 - INFO - [pipeline.py:136] - "FractalWarpTransformer","iter=1,scale=0.05"
2026-03-14 06:50:44,646 - INFO - [pipeline.py:136] - "PosterizationTransformer","levels=4"
2026-03-14 06:50:44,657 - INFO - [pipeline.py:229] - [Grade: F] Saved to: /Users/kenfasano/Scripts/ScreenArt/Images/Rejected/noaa_goes_1_se_Fire_Temperature-F.jpeg
2026-03-14 06:50:44,741 - INFO - [pipeline.py:136] - "FractalWarpTransformer","iter=1,scale=0.05"
2026-03-14 06:50:44,771 - INFO - [pipeline.py:229] - [Grade: A] Saved to: /Users/kenfasano/Scripts/ScreenArt/Images/TransformedImages/Yeast_ce-A.jpeg
2026-03-14 06:50:44,775 - INFO - [pipeline.py:136] - "DataMoshTransformer","intensity=0.01"
2026-03-14 06:50:44,777 - INFO - [pipeline.py:229] - [Grade: A] Saved to: /Users/kenfasano/Scripts/ScreenArt/Images/TransformedImages/500px-Moths_Ult-A.jpeg
2026-03-14 06:50:44,858 - INFO - [pipeline.py:136] - "HalftoneTransformer","size=2"
2026-03-14 06:50:44,933 - INFO - [pipeline.py:136] - "XrayTransformer","colors=128"
2026-03-14 06:50:44,952 - INFO - [pipeline.py:229] - [Grade: F] Saved to: /Users/kenfasano/Scripts/ScreenArt/Images/Rejected/Nordheim-F.jpeg
2026-03-14 06:50:45,009 - INFO - [pipeline.py:136] - "ThermalImagingTransformer","thermal=True"
2026-03-14 06:50:45,039 - INFO - [pipeline.py:136] - "RadialWarpTransformer","radius=0.25,strength=112.50041786979213,62.825508247056156,138.00940294348388,style=push,push,pull"
2026-03-14 06:50:45,061 - INFO - [pipeline.py:229] - [Grade: A] Saved to: /Users/kenfasano/Scripts/ScreenArt/Images/TransformedImages/ITU_Tele-A.jpeg
2026-03-14 06:50:45,114 - INFO - [pipeline.py:136] - "XrayTransformer","colors=64"
2026-03-14 06:50:45,117 - INFO - [pipeline.py:136] - "DataMoshTransformer","intensity=0.02"
2026-03-14 06:50:45,121 - INFO - [pipeline.py:136] - "FractalWarpTransformer","iter=1,scale=0.05"
2026-03-14 06:50:45,123 - INFO - [pipeline.py:229] - [Grade: C] Saved to: /Users/kenfasano/Scripts/ScreenArt/Images/TransformedImages/500px-Bridgwate-C.jpeg
2026-03-14 06:50:45,150 - INFO - [pipeline.py:136] - "RadialWarpTransformer","radius=0.25,strength=48.608113510805495,119.6327363360316,style=pull,pull"
2026-03-14 06:50:45,166 - INFO - [pipeline.py:229] - [Grade: A] Saved to: /Users/kenfasano/Scripts/ScreenArt/Images/TransformedImages/lojong_2-A-tile.jpeg
2026-03-14 06:50:45,278 - INFO - [pipeline.py:136] - "FlipWilsonTransformer","keep=bottom_right,narrow=0.30"
2026-03-14 06:50:45,301 - INFO - [pipeline.py:136] - "FisheyeTransformer","shape=circle,strength=0.55,zoom=1.12"
2026-03-14 06:50:45,313 - INFO - [pipeline.py:136] - "PosterizationTransformer","levels=4"
2026-03-14 06:50:45,331 - INFO - [pipeline.py:229] - [Grade: C] Saved to: /Users/kenfasano/Scripts/ScreenArt/Images/TransformedImages/lojong_3-C-columns.jpeg
2026-03-14 06:50:45,373 - INFO - [pipeline.py:136] - "FractalWarpTransformer","iter=1,scale=0.05"
2026-03-14 06:50:45,386 - INFO - [pipeline.py:136] - "PosterizationTransformer","levels=4"
2026-03-14 06:50:45,408 - INFO - [pipeline.py:136] - "FisheyeTransformer","shape=circle,strength=0.79,zoom=0.93"
2026-03-14 06:50:45,426 - INFO - [pipeline.py:229] - [Grade: A] Saved to: /Users/kenfasano/Scripts/ScreenArt/Images/TransformedImages/lojong_8-A-tile.jpeg
2026-03-14 06:50:45,456 - INFO - [pipeline.py:136] - "RadialWarpTransformer","radius=0.25,strength=117.99984523642406,113.27666043623381,83.93794574998458,style=push,pull,pull"
2026-03-14 06:50:45,472 - INFO - [pipeline.py:229] - [Grade: A] Saved to: /Users/kenfasano/Scripts/ScreenArt/Images/TransformedImages/lojong_4-A-scatter.jpeg
2026-03-14 06:50:45,697 - INFO - [pipeline.py:136] - "WatercolorTransformer","scale=0.85,style=monet"
2026-03-14 06:50:45,713 - INFO - [pipeline.py:136] - "RadialWarpTransformer","radius=0.25,strength=85.1471388983006,style=push"
2026-03-14 06:50:45,726 - INFO - [pipeline.py:136] - "ColormapTransformer","map=winter"
2026-03-14 06:50:45,900 - INFO - [pipeline.py:136] - "WheelTransformer","blend=lighter,copies=5"
2026-03-14 06:50:45,918 - INFO - [pipeline.py:229] - [Grade: A] Saved to: /Users/kenfasano/Scripts/ScreenArt/Images/TransformedImages/lojong_5-A-scatter.jpeg
2026-03-14 06:50:45,938 - INFO - [pipeline.py:136] - "ColormapTransformer","map=bone"
2026-03-14 06:50:46,110 - INFO - [pipeline.py:136] - "WheelTransformer","blend=lighter,copies=5"
2026-03-14 06:50:46,127 - INFO - [pipeline.py:229] - [Grade: A] Saved to: /Users/kenfasano/Scripts/ScreenArt/Images/TransformedImages/lojong_9-A-scatter.jpeg
2026-03-14 06:50:46,176 - INFO - [pipeline.py:136] - "SwirlWarpTransformer","strength=1.50"
2026-03-14 06:50:46,398 - INFO - [pipeline.py:136] - "WatercolorTransformer","scale=0.85,style=psychedelic"
2026-03-14 06:50:46,416 - INFO - [pipeline.py:229] - [Grade: C] Saved to: /Users/kenfasano/Scripts/ScreenArt/Images/TransformedImages/lojong_6-C-columns.jpeg
2026-03-14 06:50:46,474 - INFO - [pipeline.py:136] - "FluidWarpTransformer","alpha=14.92,sigma=7.76"
2026-03-14 06:50:46,581 - INFO - [pipeline.py:136] - "FlipWilsonTransformer","keep=bottom_right,narrow=0.30"
2026-03-14 06:50:46,601 - INFO - [pipeline.py:229] - [Grade: B] Saved to: /Users/kenfasano/Scripts/ScreenArt/Images/TransformedImages/lojong_7-B-scatter.jpeg
2026-03-14 06:50:46,626 - INFO - [pipeline.py:136] - "PosterizationTransformer","levels=4"
2026-03-14 06:50:46,646 - INFO - [pipeline.py:229] - [Grade: A] Saved to: /Users/kenfasano/Scripts/ScreenArt/Images/TransformedImages/lojong_0-A-scatter.jpeg
2026-03-14 06:50:46,828 - INFO - [pipeline.py:136] - "WheelTransformer","blend=lighter,copies=5"
2026-03-14 06:50:46,844 - INFO - [pipeline.py:229] - [Grade: A] Saved to: /Users/kenfasano/Scripts/ScreenArt/Images/TransformedImages/lojong_1-A-scatter.jpeg
2026-03-14 06:50:46,888 - INFO - [pipeline.py:136] - "FractalWarpTransformer","iter=1,scale=0.05"
2026-03-14 06:50:46,906 - INFO - [pipeline.py:229] - [Grade: A] Saved to: /Users/kenfasano/Scripts/ScreenArt/Images/TransformedImages/psalms_76-A-tile.jpeg
2026-03-14 06:50:46,926 - INFO - [pipeline.py:136] - "PosterizationTransformer","levels=4"
2026-03-14 06:50:46,964 - INFO - [pipeline.py:136] - "SwirlWarpTransformer","strength=1.50"
2026-03-14 06:50:46,991 - INFO - [pipeline.py:136] - "GlitchWarpTransformer","intensity=0.01"
2026-03-14 06:50:47,008 - INFO - [pipeline.py:229] - [Grade: C] Saved to: /Users/kenfasano/Scripts/ScreenArt/Images/TransformedImages/psalms_77-C-hero.jpeg
2026-03-14 06:50:47,028 - INFO - [pipeline.py:136] - "PosterizationTransformer","levels=4"
2026-03-14 06:50:47,062 - INFO - [pipeline.py:136] - "FractalWarpTransformer","iter=1,scale=0.05"
2026-03-14 06:50:47,109 - INFO - [pipeline.py:136] - "HalftoneTransformer","size=2"
2026-03-14 06:50:47,125 - INFO - [pipeline.py:229] - [Grade: C] Saved to: /Users/kenfasano/Scripts/ScreenArt/Images/TransformedImages/psalms_93-C-hero.jpeg
2026-03-14 06:50:47,167 - INFO - [pipeline.py:136] - "ThermalImagingTransformer","thermal=True"
2026-03-14 06:50:47,214 - INFO - [pipeline.py:136] - "HalftoneTransformer","size=2"
2026-03-14 06:50:47,230 - INFO - [pipeline.py:229] - [Grade: A] Saved to: /Users/kenfasano/Scripts/ScreenArt/Images/TransformedImages/psalms_67-A-scatter.jpeg
2026-03-14 06:50:47,271 - INFO - [pipeline.py:136] - "FractalWarpTransformer","iter=1,scale=0.05"
2026-03-14 06:50:47,316 - INFO - [pipeline.py:136] - "AnamorphicTransformer","intensity=0.0,0.2,0.4,0.6,0.8,thresh=80"
2026-03-14 06:50:47,332 - INFO - [pipeline.py:136] - "RadialWarpTransformer","radius=0.25,strength=74.3306841121158,style=pull"
2026-03-14 06:50:47,348 - INFO - [pipeline.py:229] - [Grade: B] Saved to: /Users/kenfasano/Scripts/ScreenArt/Images/TransformedImages/psalms_142-B-scatter.jpeg
2026-03-14 06:50:47,408 - INFO - [pipeline.py:136] - "MeltMorphTransformer","intensity=0.50"
2026-03-14 06:50:47,446 - INFO - [pipeline.py:136] - "ThermalImagingTransformer","thermal=True"
2026-03-14 06:50:47,465 - INFO - [pipeline.py:136] - "RadialWarpTransformer","radius=0.25,strength=43.645056577598666,55.32888981218769,style=push,pull"
2026-03-14 06:50:47,478 - INFO - [pipeline.py:136] - "ColormapTransformer","map=autumn"
2026-03-14 06:50:47,497 - INFO - [pipeline.py:229] - [Grade: B] Saved to: /Users/kenfasano/Scripts/ScreenArt/Images/TransformedImages/psalms_102-B-hero.jpeg
2026-03-14 06:50:47,543 - INFO - [pipeline.py:136] - "SwirlWarpTransformer","strength=1.50"
2026-03-14 06:50:47,764 - INFO - [pipeline.py:136] - "WatercolorTransformer","scale=0.85,style=monet"
2026-03-14 06:50:47,780 - INFO - [pipeline.py:229] - [Grade: F] Saved to: /Users/kenfasano/Scripts/ScreenArt/Images/Rejected/psalms_74-F-scatter.jpeg
2026-03-14 06:50:47,837 - INFO - [pipeline.py:136] - "HalftoneTransformer","size=2"
2026-03-14 06:50:47,864 - INFO - [pipeline.py:136] - "GlitchWarpTransformer","intensity=0.01"
2026-03-14 06:50:47,884 - INFO - [pipeline.py:136] - "RadialWarpTransformer","radius=0.25,strength=114.77973409707091,88.68513952559073,style=push,pull"
2026-03-14 06:50:47,937 - INFO - [pipeline.py:136] - "MeltMorphTransformer","intensity=0.50"
2026-03-14 06:50:47,955 - INFO - [pipeline.py:229] - [Grade: C] Saved to: /Users/kenfasano/Scripts/ScreenArt/Images/TransformedImages/psalms_19-C-hero.jpeg
2026-03-14 06:50:48,004 - INFO - [pipeline.py:136] - "ThermalImagingTransformer","thermal=True"
2026-03-14 06:50:48,017 - INFO - [pipeline.py:136] - "ColormapTransformer","map=cool"
2026-03-14 06:50:48,070 - INFO - [pipeline.py:136] - "MeltMorphTransformer","intensity=0.50"
2026-03-14 06:50:48,083 - INFO - [pipeline.py:136] - "PosterizationTransformer","levels=4"
2026-03-14 06:50:48,101 - INFO - [pipeline.py:229] - [Grade: C] Saved to: /Users/kenfasano/Scripts/ScreenArt/Images/TransformedImages/psalms_18-C-hero.jpeg
2026-03-14 06:50:48,136 - INFO - [pipeline.py:136] - "FisheyeTransformer","shape=circle,strength=0.35,zoom=1.08"
2026-03-14 06:50:48,163 - INFO - [pipeline.py:136] - "GlitchWarpTransformer","intensity=0.01"
2026-03-14 06:50:48,176 - INFO - [pipeline.py:136] - "ColormapTransformer","map=spring"
2026-03-14 06:50:48,214 - INFO - [pipeline.py:136] - "SwirlWarpTransformer","strength=1.50"
2026-03-14 06:50:48,235 - INFO - [pipeline.py:229] - [Grade: A] Saved to: /Users/kenfasano/Scripts/ScreenArt/Images/TransformedImages/psalms_22-A-tile.jpeg
2026-03-14 06:50:48,250 - INFO - [pipeline.py:136] - "SwirlWarpTransformer","strength=1.50"
2026-03-14 06:50:48,264 - INFO - [pipeline.py:136] - "HalftoneTransformer","size=2"
2026-03-14 06:50:48,269 - INFO - [pipeline.py:229] - [Grade: A] Saved to: /Users/kenfasano/Scripts/ScreenArt/Images/TransformedImages/peripheral_drift_2-A.jpeg
2026-03-14 06:50:48,289 - INFO - [pipeline.py:136] - "MeltMorphTransformer","intensity=0.50"
2026-03-14 06:50:48,337 - INFO - [pipeline.py:136] - "WheelTransformer","blend=lighter,copies=5"
2026-03-14 06:50:48,404 - INFO - [pipeline.py:136] - "WatercolorTransformer","scale=0.85,style=monet"
2026-03-14 06:50:48,410 - INFO - [pipeline.py:229] - [Grade: A] Saved to: /Users/kenfasano/Scripts/ScreenArt/Images/TransformedImages/peripheral_drift_3-A.jpeg
2026-03-14 06:50:48,424 - INFO - [pipeline.py:136] - "SwirlWarpTransformer","strength=1.50"
2026-03-14 06:50:48,429 - INFO - [pipeline.py:229] - [Grade: A] Saved to: /Users/kenfasano/Scripts/ScreenArt/Images/TransformedImages/peripheral_drift_1-A.jpeg
2026-03-14 06:50:48,430 - INFO - [main.py:196] - WatercolorTransformer
2026-03-14 06:50:48,430 - INFO - [main.py:196] - WheelTransformer
2026-03-14 06:50:48,430 - INFO - [main.py:196] - FlipWilsonTransformer
2026-03-14 06:50:48,430 - INFO - [main.py:196] - XrayTransformer
2026-03-14 06:50:48,430 - INFO - [main.py:196] - MeltMorphTransformer
2026-03-14 06:50:48,430 - INFO - [main.py:196] - AnamorphicTransformer
2026-03-14 06:50:48,430 - INFO - [main.py:196] - FluidWarpTransformer
2026-03-14 06:50:48,430 - INFO - [main.py:196] - ThermalImagingTransformer
2026-03-14 06:50:48,430 - INFO - [main.py:196] - HalftoneTransformer
2026-03-14 06:50:48,430 - INFO - [main.py:196] - SwirlWarpTransformer
2026-03-14 06:50:48,430 - INFO - [main.py:196] - FractalWarpTransformer
2026-03-14 06:50:48,430 - INFO - [main.py:196] - DataMoshTransformer
2026-03-14 06:50:48,430 - INFO - [main.py:196] - GlitchWarpTransformer
2026-03-14 06:50:48,430 - INFO - [main.py:196] - RadialWarpTransformer
2026-03-14 06:50:48,430 - INFO - [main.py:196] - FisheyeTransformer
2026-03-14 06:50:48,430 - INFO - [main.py:196] - ColormapTransformer
2026-03-14 06:50:48,430 - INFO - [main.py:196] - PosterizationTransformer
2026-03-14 06:50:48,430 - INFO - [main.py:239] - 23s@06:50 ✓
Accepted: 52
Rejected: 3
---
Bible                      ->  6988ms
Wiki                       ->  3824ms
Lojong                     ->  2378ms
Nasa                       ->  1020ms
GoesGenerator              ->   657ms
Bubbles                    ->   619ms
Cubes                      ->   189ms
NasaMapGenerator           ->    54ms
PeripheralDriftIllusion    ->    44ms
---
WatercolorTransformer      -> Min:    39ms | Avg:   146ms | Max:   222ms
WheelTransformer           -> Min:    25ms | Avg:   118ms | Max:   176ms
FlipWilsonTransformer      -> Min:    24ms | Avg:    82ms | Max:   112ms
XrayTransformer            -> Min:    51ms | Avg:    70ms | Max:    84ms
MeltMorphTransformer       -> Min:    16ms | Avg:    48ms | Max:    56ms
AnamorphicTransformer      -> Min:    44ms | Avg:    44ms | Max:    44ms
FluidWarpTransformer       -> Min:    28ms | Avg:    42ms | Max:    50ms
ThermalImagingTransformer  -> Min:    35ms | Avg:    39ms | Max:    47ms
HalftoneTransformer        -> Min:     8ms | Avg:    38ms | Max:    70ms
SwirlWarpTransformer       -> Min:     7ms | Avg:    32ms | Max:    90ms
FractalWarpTransformer     -> Min:     3ms | Avg:    27ms | Max:    66ms
DataMoshTransformer        -> Min:     3ms | Avg:    26ms | Max:    49ms
GlitchWarpTransformer      -> Min:     9ms | Avg:    25ms | Max:    29ms
RadialWarpTransformer      -> Min:     4ms | Avg:    17ms | Max:    29ms
FisheyeTransformer         -> Min:     4ms | Avg:    17ms | Max:    30ms
ColormapTransformer        -> Min:    13ms | Avg:    13ms | Max:    14ms
PosterizationTransformer   -> Min:     9ms | Avg:    13ms | Max:    17ms
