2026-03-23 04:23:55,467 - INFO - [pipeline.py:136] - "PosterizationTransformer","levels=4"
2026-03-23 04:23:55,504 - INFO - [pipeline.py:136] - "ThermalImagingTransformer","thermal=True"
2026-03-23 04:23:55,532 - INFO - [pipeline.py:136] - "GlitchWarpTransformer","intensity=0.01"
2026-03-23 04:23:55,552 - INFO - [pipeline.py:248] - [Grade: C] Saved to: /Users/kenfasano/Scripts/ScreenArt/Images/TransformedImages/bubbles_4-C.jpeg
2026-03-23 04:23:55,618 - INFO - [pipeline.py:136] - "HalftoneTransformer","size=2"
2026-03-23 04:23:55,634 - INFO - [pipeline.py:248] - [Grade: F] Saved to: /Users/kenfasano/Scripts/ScreenArt/Images/Rejected/bubbles_8-F.jpeg
2026-03-23 04:23:55,694 - INFO - [pipeline.py:136] - "PixelSortTransformer","direction=rows,high=0.57,low=0.28,sort_key=brightness"
2026-03-23 04:23:55,712 - INFO - [pipeline.py:248] - [Grade: C] Saved to: /Users/kenfasano/Scripts/ScreenArt/Images/TransformedImages/bubbles_9-C.jpeg
2026-03-23 04:23:55,761 - INFO - [pipeline.py:136] - "ThermalImagingTransformer","thermal=True"
2026-03-23 04:23:55,812 - INFO - [pipeline.py:136] - "HalftoneTransformer","size=2"
2026-03-23 04:23:55,829 - INFO - [pipeline.py:248] - [Grade: A] Saved to: /Users/kenfasano/Scripts/ScreenArt/Images/TransformedImages/bubbles_5-A.jpeg
2026-03-23 04:23:55,941 - INFO - [pipeline.py:136] - "PixelSortTransformer","direction=cols,high=0.64,low=0.16,sort_key=brightness"
2026-03-23 04:23:55,979 - INFO - [pipeline.py:136] - "ThermalImagingTransformer","thermal=True"
2026-03-23 04:23:56,009 - INFO - [pipeline.py:136] - "ChromaticAberrationTransformer","angle=88.10,edge_fade=1,shift=14.60"
2026-03-23 04:23:56,022 - INFO - [pipeline.py:136] - "PosterizationTransformer","levels=4"
2026-03-23 04:23:56,041 - INFO - [pipeline.py:248] - [Grade: A] Saved to: /Users/kenfasano/Scripts/ScreenArt/Images/TransformedImages/bubbles_2-A.jpeg
2026-03-23 04:23:56,105 - INFO - [pipeline.py:136] - "MeltMorphTransformer","intensity=0.50"
2026-03-23 04:23:56,210 - INFO - [pipeline.py:136] - "FlipWilsonTransformer","keep=bottom_left,narrow=0.30"
2026-03-23 04:23:56,228 - INFO - [pipeline.py:248] - [Grade: C] Saved to: /Users/kenfasano/Scripts/ScreenArt/Images/TransformedImages/bubbles_3-C.jpeg
2026-03-23 04:23:56,290 - INFO - [pipeline.py:136] - "MeltMorphTransformer","intensity=0.50"
2026-03-23 04:23:56,327 - INFO - [pipeline.py:136] - "DataMoshTransformer","intensity=0.01"
2026-03-23 04:23:56,345 - INFO - [pipeline.py:248] - [Grade: C] Saved to: /Users/kenfasano/Scripts/ScreenArt/Images/TransformedImages/bubbles_10-C.jpeg
2026-03-23 04:23:56,374 - INFO - [pipeline.py:136] - "RadialWarpTransformer","radius=0.25,strength=131.8557727386928,104.74401856336614,style=pull,push"
2026-03-23 04:23:56,391 - INFO - [pipeline.py:248] - [Grade: C] Saved to: /Users/kenfasano/Scripts/ScreenArt/Images/TransformedImages/bubbles_1-C.jpeg
2026-03-23 04:23:56,575 - INFO - [pipeline.py:136] - "WheelTransformer","blend=lighter,copies=5"
2026-03-23 04:23:56,594 - INFO - [pipeline.py:248] - [Grade: B] Saved to: /Users/kenfasano/Scripts/ScreenArt/Images/TransformedImages/bubbles_6-B.jpeg
2026-03-23 04:23:56,650 - INFO - [pipeline.py:136] - "HalftoneTransformer","size=2"
2026-03-23 04:23:56,686 - INFO - [pipeline.py:136] - "FractalWarpTransformer","iter=1,scale=0.05"
2026-03-23 04:23:56,784 - INFO - [pipeline.py:136] - "PixelSortTransformer","direction=rows,high=0.87,low=0.09,sort_key=brightness"
2026-03-23 04:23:56,829 - INFO - [pipeline.py:136] - "SwirlWarpTransformer","strength=1.50"
2026-03-23 04:23:56,847 - INFO - [pipeline.py:248] - [Grade: A] Saved to: /Users/kenfasano/Scripts/ScreenArt/Images/TransformedImages/bubbles_7-A.jpeg
2026-03-23 04:23:57,108 - INFO - [pipeline.py:136] - "WatercolorTransformer","scale=0.85,style=psychedelic"
2026-03-23 04:23:57,127 - INFO - [pipeline.py:248] - [Grade: B] Saved to: /Users/kenfasano/Scripts/ScreenArt/Images/TransformedImages/cubes_2-B.jpeg
2026-03-23 04:23:57,189 - INFO - [pipeline.py:136] - "HalftoneTransformer","size=2"
2026-03-23 04:23:57,203 - INFO - [pipeline.py:136] - "ColormapTransformer","map=summer"
2026-03-23 04:23:57,221 - INFO - [pipeline.py:248] - [Grade: A] Saved to: /Users/kenfasano/Scripts/ScreenArt/Images/TransformedImages/cubes_3-A.jpeg
2026-03-23 04:23:57,277 - INFO - [pipeline.py:136] - "DataMoshTransformer","intensity=0.02"
2026-03-23 04:23:57,296 - INFO - [pipeline.py:248] - [Grade: A] Saved to: /Users/kenfasano/Scripts/ScreenArt/Images/TransformedImages/cubes_4-A.jpeg
2026-03-23 04:23:57,345 - INFO - [pipeline.py:136] - "DataMoshTransformer","intensity=0.02"
2026-03-23 04:23:57,363 - INFO - [pipeline.py:248] - [Grade: A] Saved to: /Users/kenfasano/Scripts/ScreenArt/Images/TransformedImages/cubes_5-A.jpeg
2026-03-23 04:23:57,412 - INFO - [pipeline.py:136] - "ThermalImagingTransformer","thermal=True"
2026-03-23 04:23:57,442 - INFO - [pipeline.py:136] - "GlitchWarpTransformer","intensity=0.01"
2026-03-23 04:23:57,499 - INFO - [pipeline.py:136] - "MeltMorphTransformer","intensity=0.50"
2026-03-23 04:23:57,518 - INFO - [pipeline.py:248] - [Grade: B] Saved to: /Users/kenfasano/Scripts/ScreenArt/Images/TransformedImages/cubes_6-B.jpeg
2026-03-23 04:23:57,934 - INFO - [pipeline.py:136] - "WheelTransformer","blend=lighter,copies=5"
2026-03-23 04:23:57,963 - INFO - [pipeline.py:248] - [Grade: A] Saved to: /Users/kenfasano/Scripts/ScreenArt/Images/TransformedImages/cubes_1-A.jpeg
2026-03-23 04:23:57,976 - INFO - [pipeline.py:136] - "RadialWarpTransformer","radius=0.25,strength=139.84950690994933,101.00273064797926,style=pull,pull"
2026-03-23 04:23:58,047 - INFO - [pipeline.py:136] - "VoronoiTransformer","edge_blend=1,num_points=213"
2026-03-23 04:23:58,051 - INFO - [pipeline.py:136] - "ColormapTransformer","map=pink"
2026-03-23 04:23:58,079 - INFO - [pipeline.py:136] - "FlipWilsonTransformer","keep=bottom_left,narrow=0.30"
2026-03-23 04:23:58,085 - INFO - [pipeline.py:248] - [Grade: C] Saved to: /Users/kenfasano/Scripts/ScreenArt/Images/TransformedImages/superearths_cfa-C.jpg
2026-03-23 04:23:58,091 - INFO - [pipeline.py:136] - "SwirlWarpTransformer","strength=1.50"
2026-03-23 04:23:58,094 - INFO - [pipeline.py:248] - [Grade: A] Saved to: /Users/kenfasano/Scripts/ScreenArt/Images/TransformedImages/redjr_salway_e-A.jpg
2026-03-23 04:23:58,123 - INFO - [pipeline.py:136] - "ThermalImagingTransformer","thermal=True"
2026-03-23 04:23:58,131 - INFO - [pipeline.py:248] - [Grade: C] Saved to: /Users/kenfasano/Scripts/ScreenArt/Images/TransformedImages/NGC1365_v4_1024-C.jpg
2026-03-23 04:23:58,146 - INFO - [pipeline.py:136] - "MeltMorphTransformer","intensity=0.50"
2026-03-23 04:23:58,193 - INFO - [pipeline.py:136] - "WatercolorTransformer","scale=0.85,style=psychedelic"
2026-03-23 04:23:58,198 - INFO - [pipeline.py:248] - [Grade: C] Saved to: /Users/kenfasano/Scripts/ScreenArt/Images/TransformedImages/M31_hallas800-C.jpg
2026-03-23 04:23:58,229 - INFO - [pipeline.py:136] - "HalftoneTransformer","size=2"
2026-03-23 04:23:58,238 - INFO - [pipeline.py:248] - [Grade: A] Saved to: /Users/kenfasano/Scripts/ScreenArt/Images/TransformedImages/IstanbulNewMoon_tezel_dh550-A.jpg
2026-03-23 04:23:58,247 - INFO - [pipeline.py:136] - "PosterizationTransformer","levels=4"
2026-03-23 04:23:58,326 - INFO - [pipeline.py:136] - "WatercolorTransformer","scale=0.85,style=monet"
2026-03-23 04:23:58,339 - INFO - [pipeline.py:136] - "ThermalImagingTransformer","thermal=True"
2026-03-23 04:23:58,347 - INFO - [pipeline.py:248] - [Grade: A] Saved to: /Users/kenfasano/Scripts/ScreenArt/Images/TransformedImages/Arp273Main_HubblePestana_1080-A.jpg
2026-03-23 04:23:58,363 - INFO - [pipeline.py:136] - "ThermalImagingTransformer","thermal=True"
2026-03-23 04:23:58,372 - INFO - [pipeline.py:136] - "RadialWarpTransformer","radius=0.25,strength=117.44600132962066,49.57550862453289,105.2831403155316,style=pull,push,push"
2026-03-23 04:23:58,427 - INFO - [pipeline.py:136] - "WheelTransformer","blend=lighter,copies=5"
2026-03-23 04:23:58,434 - INFO - [pipeline.py:248] - [Grade: A] Saved to: /Users/kenfasano/Scripts/ScreenArt/Images/TransformedImages/Pileus_Jiaqi_960-A.jpg
2026-03-23 04:23:58,443 - INFO - [pipeline.py:136] - "RadialWarpTransformer","radius=0.25,strength=43.20053131598165,103.32244832485469,60.025299362416646,style=pull,push,push"
2026-03-23 04:23:58,457 - INFO - [pipeline.py:136] - "KaleidoscopeTransformer","cx_off=0.16,cy_off=0.16,segments=8"
2026-03-23 04:23:58,461 - INFO - [pipeline.py:248] - [Grade: F] Saved to: /Users/kenfasano/Scripts/ScreenArt/Images/Rejected/NGC3718_hager_c800-F.jpg
2026-03-23 04:23:58,507 - INFO - [pipeline.py:136] - "WheelTransformer","blend=lighter,copies=5"
2026-03-23 04:23:58,517 - INFO - [pipeline.py:136] - "ThermalImagingTransformer","thermal=True"
2026-03-23 04:23:58,524 - INFO - [pipeline.py:248] - [Grade: B] Saved to: /Users/kenfasano/Scripts/ScreenArt/Images/TransformedImages/mp_2011-05_LittleDipperAndreo-B.jpg
2026-03-23 04:23:58,531 - INFO - [pipeline.py:136] - "ColormapTransformer","map=autumn"
2026-03-23 04:23:58,538 - INFO - [pipeline.py:136] - "FluidWarpTransformer","alpha=1.17,sigma=1.42"
2026-03-23 04:23:58,617 - INFO - [pipeline.py:136] - "VoronoiTransformer","edge_blend=1,num_points=261"
2026-03-23 04:23:58,623 - INFO - [pipeline.py:248] - [Grade: A] Saved to: /Users/kenfasano/Scripts/ScreenArt/Images/TransformedImages/4945dietmar800-A.jpg
2026-03-23 04:23:58,632 - INFO - [pipeline.py:136] - "KaleidoscopeTransformer","cx_off=-0.11,cy_off=-0.06,segments=8"
2026-03-23 04:23:58,634 - INFO - [pipeline.py:136] - "PosterizationTransformer","levels=4"
2026-03-23 04:23:58,639 - INFO - [pipeline.py:248] - [Grade: A] Saved to: /Users/kenfasano/Scripts/ScreenArt/Images/TransformedImages/ngc7023_misti_c1-A.jpg
2026-03-23 04:23:58,664 - INFO - [pipeline.py:136] - "ColormapTransformer","map=summer"
2026-03-23 04:23:58,691 - INFO - [pipeline.py:136] - "ChromaticAberrationTransformer","angle=251.30,edge_fade=1,shift=11.90"
2026-03-23 04:23:58,711 - INFO - [pipeline.py:248] - [Grade: A] Saved to: /Users/kenfasano/Scripts/ScreenArt/Images/TransformedImages/nasa_earth_3_Seoul_Vegetation_False_Color-A.jpeg
2026-03-23 04:23:58,744 - INFO - [pipeline.py:136] - "GlitchWarpTransformer","intensity=0.01"
2026-03-23 04:23:58,795 - INFO - [pipeline.py:136] - "KaleidoscopeTransformer","cx_off=-0.03,cy_off=-0.16,segments=6"
2026-03-23 04:23:58,813 - INFO - [pipeline.py:136] - "PosterizationTransformer","levels=4"
2026-03-23 04:23:58,833 - INFO - [pipeline.py:248] - [Grade: F] Saved to: /Users/kenfasano/Scripts/ScreenArt/Images/Rejected/nasa_earth_2_Beijing_Night_Lights-F.jpeg
2026-03-23 04:23:58,951 - INFO - [pipeline.py:136] - "FlipWilsonTransformer","keep=bottom_left,narrow=0.30"
2026-03-23 04:23:58,969 - INFO - [pipeline.py:248] - [Grade: A] Saved to: /Users/kenfasano/Scripts/ScreenArt/Images/TransformedImages/nasa_earth_4_Shanghai_Surface_Temp_Day-A.jpeg
2026-03-23 04:23:59,035 - INFO - [pipeline.py:136] - "MeltMorphTransformer","intensity=0.50"
2026-03-23 04:23:59,063 - INFO - [pipeline.py:136] - "GlitchWarpTransformer","intensity=0.01"
2026-03-23 04:23:59,098 - INFO - [pipeline.py:136] - "FractalWarpTransformer","iter=1,scale=0.05"
2026-03-23 04:23:59,147 - INFO - [pipeline.py:136] - "HalftoneTransformer","size=2"
2026-03-23 04:23:59,164 - INFO - [pipeline.py:248] - [Grade: A] Saved to: /Users/kenfasano/Scripts/ScreenArt/Images/TransformedImages/nasa_earth_1_Lagos_True_Color-A.jpeg
2026-03-23 04:23:59,261 - INFO - [pipeline.py:136] - "OilPaintingTransformer","dyn_ratio=4,size=7"
2026-03-23 04:23:59,274 - INFO - [pipeline.py:248] - [Grade: A] Saved to: /Users/kenfasano/Scripts/ScreenArt/Images/TransformedImages/noaa_goes_1_se_Air_Mass-A.jpeg
2026-03-23 04:23:59,355 - INFO - [pipeline.py:136] - "MeltMorphTransformer","intensity=0.50"
2026-03-23 04:23:59,381 - INFO - [pipeline.py:248] - [Grade: A] Saved to: /Users/kenfasano/Scripts/ScreenArt/Images/TransformedImages/Dan_Hada-A.jpeg
2026-03-23 04:23:59,458 - INFO - [pipeline.py:136] - "HalftoneTransformer","size=2"
2026-03-23 04:23:59,661 - INFO - [pipeline.py:136] - "WheelTransformer","blend=lighter,copies=5"
2026-03-23 04:23:59,744 - INFO - [pipeline.py:136] - "KaleidoscopeTransformer","cx_off=0.00,cy_off=0.19,segments=8"
2026-03-23 04:23:59,759 - INFO - [pipeline.py:136] - "PosterizationTransformer","levels=4"
2026-03-23 04:23:59,785 - INFO - [pipeline.py:248] - [Grade: A] Saved to: /Users/kenfasano/Scripts/ScreenArt/Images/TransformedImages/Bogen_in-A.jpeg
2026-03-23 04:23:59,809 - INFO - [pipeline.py:136] - "OilPaintingTransformer","dyn_ratio=8,size=3"
2026-03-23 04:23:59,814 - INFO - [pipeline.py:248] - [Grade: A] Saved to: /Users/kenfasano/Scripts/ScreenArt/Images/TransformedImages/Glebe_Villas_Ha-A.jpeg
2026-03-23 04:23:59,954 - INFO - [pipeline.py:136] - "OilPaintingTransformer","dyn_ratio=8,size=4"
2026-03-23 04:23:59,988 - INFO - [pipeline.py:136] - "ChromaticAberrationTransformer","angle=120.60,edge_fade=1,shift=9.20"
2026-03-23 04:24:00,010 - INFO - [pipeline.py:248] - [Grade: A] Saved to: /Users/kenfasano/Scripts/ScreenArt/Images/TransformedImages/ISS054-E-A.jpeg
2026-03-23 04:24:00,136 - INFO - [pipeline.py:136] - "FractalWarpTransformer","iter=1,scale=0.05"
2026-03-23 04:24:00,180 - INFO - [pipeline.py:248] - [Grade: A] Saved to: /Users/kenfasano/Scripts/ScreenArt/Images/TransformedImages/Nouvelle-A.jpeg
2026-03-23 04:24:00,544 - INFO - [pipeline.py:136] - "PixelSortTransformer","direction=cols,high=0.81,low=0.29,sort_key=brightness"
2026-03-23 04:24:00,575 - INFO - [pipeline.py:136] - "ChromaticAberrationTransformer","angle=232.40,edge_fade=1,shift=15.00"
2026-03-23 04:24:00,621 - INFO - [pipeline.py:136] - "FractalWarpTransformer","iter=1,scale=0.05"
2026-03-23 04:24:00,644 - INFO - [pipeline.py:248] - [Grade: A] Saved to: /Users/kenfasano/Scripts/ScreenArt/Images/TransformedImages/Cockpit_-A.jpeg
2026-03-23 04:24:00,688 - INFO - [pipeline.py:136] - "FractalWarpTransformer","iter=1,scale=0.05"
2026-03-23 04:24:00,706 - INFO - [pipeline.py:136] - "RadialWarpTransformer","radius=0.25,strength=105.24330094587492,style=push"
2026-03-23 04:24:00,809 - INFO - [pipeline.py:136] - "FlipWilsonTransformer","keep=bottom_left,narrow=0.30"
2026-03-23 04:24:00,828 - INFO - [pipeline.py:248] - [Grade: C] Saved to: /Users/kenfasano/Scripts/ScreenArt/Images/TransformedImages/lojong_2-C-hero.jpeg
2026-03-23 04:24:00,883 - INFO - [pipeline.py:136] - "HalftoneTransformer","size=2"
2026-03-23 04:24:00,920 - INFO - [pipeline.py:136] - "FractalWarpTransformer","iter=1,scale=0.05"
2026-03-23 04:24:00,947 - INFO - [pipeline.py:136] - "GlitchWarpTransformer","intensity=0.01"
2026-03-23 04:24:00,986 - INFO - [pipeline.py:136] - "SwirlWarpTransformer","strength=1.50"
2026-03-23 04:24:01,004 - INFO - [pipeline.py:248] - [Grade: A] Saved to: /Users/kenfasano/Scripts/ScreenArt/Images/TransformedImages/lojong_3-A-scatter.jpeg
2026-03-23 04:24:01,115 - INFO - [pipeline.py:136] - "FlipWilsonTransformer","keep=bottom_left,narrow=0.30"
2026-03-23 04:24:01,135 - INFO - [pipeline.py:136] - "RadialWarpTransformer","radius=0.25,strength=47.498255476892595,57.86698705241242,style=pull,pull"
2026-03-23 04:24:01,153 - INFO - [pipeline.py:248] - [Grade: F] Saved to: /Users/kenfasano/Scripts/ScreenArt/Images/Rejected/lojong_8-F-tile.jpeg
2026-03-23 04:24:01,187 - INFO - [pipeline.py:136] - "ChromaticAberrationTransformer","angle=288.80,edge_fade=1,shift=14.10"
2026-03-23 04:24:01,226 - INFO - [pipeline.py:136] - "DataMoshTransformer","intensity=0.02"
2026-03-23 04:24:01,400 - INFO - [pipeline.py:136] - "WheelTransformer","blend=lighter,copies=5"
2026-03-23 04:24:01,445 - INFO - [pipeline.py:136] - "FractalWarpTransformer","iter=1,scale=0.05"
2026-03-23 04:24:01,466 - INFO - [pipeline.py:248] - [Grade: A] Saved to: /Users/kenfasano/Scripts/ScreenArt/Images/TransformedImages/lojong_4-A-tile.jpeg
2026-03-23 04:24:01,600 - INFO - [pipeline.py:136] - "VoronoiTransformer","edge_blend=1,num_points=79"
2026-03-23 04:24:01,640 - INFO - [pipeline.py:136] - "SwirlWarpTransformer","strength=1.50"
2026-03-23 04:24:01,694 - INFO - [pipeline.py:136] - "MeltMorphTransformer","intensity=0.50"
2026-03-23 04:24:01,713 - INFO - [pipeline.py:248] - [Grade: A] Saved to: /Users/kenfasano/Scripts/ScreenArt/Images/TransformedImages/lojong_5-A-columns.jpeg
2026-03-23 04:24:01,768 - INFO - [pipeline.py:136] - "HalftoneTransformer","size=2"
2026-03-23 04:24:01,804 - INFO - [pipeline.py:136] - "ThermalImagingTransformer","thermal=True"
2026-03-23 04:24:01,922 - INFO - [pipeline.py:136] - "OilPaintingTransformer","dyn_ratio=5,size=5"
2026-03-23 04:24:01,946 - INFO - [pipeline.py:136] - "RadialWarpTransformer","radius=0.25,strength=138.0101897868665,60.86825738055177,87.89357235674532,style=push,pull,pull"
2026-03-23 04:24:01,963 - INFO - [pipeline.py:248] - [Grade: C] Saved to: /Users/kenfasano/Scripts/ScreenArt/Images/TransformedImages/lojong_9-C-tile.jpeg
2026-03-23 04:24:02,252 - INFO - [pipeline.py:136] - "VoronoiTransformer","edge_blend=1,num_points=216"
2026-03-23 04:24:02,427 - INFO - [pipeline.py:136] - "WheelTransformer","blend=lighter,copies=5"
2026-03-23 04:24:02,454 - INFO - [pipeline.py:136] - "ChromaticAberrationTransformer","angle=272.30,edge_fade=1,shift=14.20"
2026-03-23 04:24:02,482 - INFO - [pipeline.py:136] - "GlitchWarpTransformer","intensity=0.01"
2026-03-23 04:24:02,503 - INFO - [pipeline.py:248] - [Grade: A] Saved to: /Users/kenfasano/Scripts/ScreenArt/Images/TransformedImages/lojong_6-A-columns.jpeg
2026-03-23 04:24:02,915 - INFO - [pipeline.py:136] - "VoronoiTransformer","edge_blend=1,num_points=323"
2026-03-23 04:24:02,934 - INFO - [pipeline.py:248] - [Grade: A] Saved to: /Users/kenfasano/Scripts/ScreenArt/Images/TransformedImages/lojong_7-A-tile.jpeg
2026-03-23 04:24:03,026 - INFO - [pipeline.py:136] - "PixelSortTransformer","direction=cols,high=0.62,low=0.13,sort_key=green"
2026-03-23 04:24:03,045 - INFO - [pipeline.py:248] - [Grade: A] Saved to: /Users/kenfasano/Scripts/ScreenArt/Images/TransformedImages/lojong_0-A-scatter.jpeg
2026-03-23 04:24:03,293 - INFO - [pipeline.py:136] - "PixelSortTransformer","direction=rows,high=0.70,low=0.18,sort_key=saturation"
2026-03-23 04:24:03,419 - INFO - [pipeline.py:136] - "OilPaintingTransformer","dyn_ratio=8,size=6"
2026-03-23 04:24:03,446 - INFO - [pipeline.py:136] - "GlitchWarpTransformer","intensity=0.01"
2026-03-23 04:24:03,464 - INFO - [pipeline.py:248] - [Grade: C] Saved to: /Users/kenfasano/Scripts/ScreenArt/Images/TransformedImages/lojong_1-C-columns.jpeg
2026-03-23 04:24:03,512 - INFO - [pipeline.py:136] - "SwirlWarpTransformer","strength=1.50"
2026-03-23 04:24:03,686 - INFO - [pipeline.py:136] - "WheelTransformer","blend=lighter,copies=5"
2026-03-23 04:24:03,715 - INFO - [pipeline.py:136] - "GlitchWarpTransformer","intensity=0.01"
2026-03-23 04:24:03,737 - INFO - [pipeline.py:248] - [Grade: A] Saved to: /Users/kenfasano/Scripts/ScreenArt/Images/TransformedImages/psalms_107-A-hero.jpeg
2026-03-23 04:24:03,803 - INFO - [pipeline.py:136] - "MeltMorphTransformer","intensity=0.50"
2026-03-23 04:24:03,840 - INFO - [pipeline.py:136] - "FractalWarpTransformer","iter=1,scale=0.05"
2026-03-23 04:24:04,071 - INFO - [pipeline.py:136] - "VoronoiTransformer","edge_blend=1,num_points=173"
2026-03-23 04:24:04,084 - INFO - [pipeline.py:136] - "PosterizationTransformer","levels=4"
2026-03-23 04:24:04,103 - INFO - [pipeline.py:248] - [Grade: A] Saved to: /Users/kenfasano/Scripts/ScreenArt/Images/TransformedImages/psalms_83-A-tile.jpeg
2026-03-23 04:24:04,129 - INFO - [pipeline.py:136] - "PosterizationTransformer","levels=4"
2026-03-23 04:24:04,151 - INFO - [pipeline.py:248] - [Grade: B] Saved to: /Users/kenfasano/Scripts/ScreenArt/Images/TransformedImages/psalms_41-B-columns.jpeg
2026-03-23 04:24:04,209 - INFO - [pipeline.py:136] - "HalftoneTransformer","size=2"
2026-03-23 04:24:04,227 - INFO - [pipeline.py:248] - [Grade: A] Saved to: /Users/kenfasano/Scripts/ScreenArt/Images/TransformedImages/psalms_57-A-tile.jpeg
2026-03-23 04:24:04,275 - INFO - [pipeline.py:136] - "SwirlWarpTransformer","strength=1.50"
2026-03-23 04:24:04,295 - INFO - [pipeline.py:248] - [Grade: C] Saved to: /Users/kenfasano/Scripts/ScreenArt/Images/TransformedImages/psalms_7-C-tile.jpeg
2026-03-23 04:24:04,360 - INFO - [pipeline.py:136] - "MeltMorphTransformer","intensity=0.50"
2026-03-23 04:24:04,680 - INFO - [pipeline.py:136] - "VoronoiTransformer","edge_blend=1,num_points=251"
2026-03-23 04:24:04,700 - INFO - [pipeline.py:248] - [Grade: A] Saved to: /Users/kenfasano/Scripts/ScreenArt/Images/TransformedImages/psalms_87-A-columns.jpeg
2026-03-23 04:24:05,078 - INFO - [pipeline.py:136] - "PixelSortTransformer","direction=rows,high=0.79,low=0.07,sort_key=green"
2026-03-23 04:24:05,307 - INFO - [pipeline.py:136] - "WatercolorTransformer","scale=0.85,style=monet"
2026-03-23 04:24:05,327 - INFO - [pipeline.py:248] - [Grade: A] Saved to: /Users/kenfasano/Scripts/ScreenArt/Images/TransformedImages/psalms_78-A-columns.jpeg
2026-03-23 04:24:05,364 - INFO - [pipeline.py:136] - "FisheyeTransformer","shape=circle,strength=0.40,zoom=0.86"
2026-03-23 04:24:05,377 - INFO - [pipeline.py:136] - "ColormapTransformer","map=summer"
2026-03-23 04:24:05,398 - INFO - [pipeline.py:136] - "RadialWarpTransformer","radius=0.25,strength=122.46950233523694,121.85530399007429,style=push,pull"
2026-03-23 04:24:05,430 - INFO - [pipeline.py:248] - [Grade: C] Saved to: /Users/kenfasano/Scripts/ScreenArt/Images/TransformedImages/psalms_58-C-hero.jpeg
2026-03-23 04:24:05,623 - INFO - [pipeline.py:136] - "WheelTransformer","blend=lighter,copies=5"
2026-03-23 04:24:05,678 - INFO - [pipeline.py:136] - "MeltMorphTransformer","intensity=0.50"
2026-03-23 04:24:05,706 - INFO - [pipeline.py:136] - "GlitchWarpTransformer","intensity=0.01"
2026-03-23 04:24:05,726 - INFO - [pipeline.py:248] - [Grade: C] Saved to: /Users/kenfasano/Scripts/ScreenArt/Images/TransformedImages/psalms_22-C-hero.jpeg
2026-03-23 04:24:05,754 - INFO - [pipeline.py:136] - "PosterizationTransformer","levels=4"
2026-03-23 04:24:05,775 - INFO - [pipeline.py:248] - [Grade: A] Saved to: /Users/kenfasano/Scripts/ScreenArt/Images/TransformedImages/psalms_55-A-columns.jpeg
2026-03-23 04:24:05,790 - INFO - [pipeline.py:136] - "ThermalImagingTransformer","thermal=True"
2026-03-23 04:24:05,805 - INFO - [pipeline.py:136] - "FractalWarpTransformer","iter=1,scale=0.05"
2026-03-23 04:24:05,812 - INFO - [pipeline.py:248] - [Grade: C] Saved to: /Users/kenfasano/Scripts/ScreenArt/Images/TransformedImages/peripheral_drift_18-C.jpeg
2026-03-23 04:24:05,824 - INFO - [pipeline.py:136] - "FisheyeTransformer","shape=oval,strength=0.65,zoom=0.85"
2026-03-23 04:24:05,829 - INFO - [pipeline.py:136] - "ColormapTransformer","map=winter"
2026-03-23 04:24:05,901 - INFO - [pipeline.py:136] - "WatercolorTransformer","scale=0.85,style=psychedelic"
2026-03-23 04:24:05,908 - INFO - [pipeline.py:248] - [Grade: C] Saved to: /Users/kenfasano/Scripts/ScreenArt/Images/TransformedImages/peripheral_drift_2-C.jpeg
2026-03-23 04:24:05,921 - INFO - [pipeline.py:136] - "ChromaticAberrationTransformer","angle=113.90,edge_fade=1,shift=12.20"
2026-03-23 04:24:05,930 - INFO - [pipeline.py:136] - "GlitchWarpTransformer","intensity=0.01"
2026-03-23 04:24:05,944 - INFO - [pipeline.py:136] - "HalftoneTransformer","size=2"
2026-03-23 04:24:05,950 - INFO - [pipeline.py:248] - [Grade: A] Saved to: /Users/kenfasano/Scripts/ScreenArt/Images/TransformedImages/peripheral_drift_14-A.jpeg
2026-03-23 04:24:05,963 - INFO - [pipeline.py:136] - "RadialWarpTransformer","radius=0.25,strength=135.90994402445864,76.28741241953435,131.1593469612411,style=push,pull,pull"
2026-03-23 04:24:05,969 - INFO - [pipeline.py:248] - [Grade: A] Saved to: /Users/kenfasano/Scripts/ScreenArt/Images/TransformedImages/peripheral_drift_15-A.jpeg
2026-03-23 04:24:06,065 - INFO - [pipeline.py:136] - "VoronoiTransformer","edge_blend=1,num_points=224"
2026-03-23 04:24:06,071 - INFO - [pipeline.py:248] - [Grade: A] Saved to: /Users/kenfasano/Scripts/ScreenArt/Images/TransformedImages/peripheral_drift_3-A.jpeg
2026-03-23 04:24:06,080 - INFO - [pipeline.py:136] - "PosterizationTransformer","levels=4"
2026-03-23 04:24:06,092 - INFO - [pipeline.py:136] - "ThermalImagingTransformer","thermal=True"
2026-03-23 04:24:06,099 - INFO - [pipeline.py:248] - [Grade: B] Saved to: /Users/kenfasano/Scripts/ScreenArt/Images/TransformedImages/peripheral_drift_19-B.jpeg
2026-03-23 04:24:06,120 - INFO - [pipeline.py:136] - "KaleidoscopeTransformer","cx_off=-0.07,cy_off=-0.14,segments=6"
2026-03-23 04:24:06,127 - INFO - [pipeline.py:248] - [Grade: A] Saved to: /Users/kenfasano/Scripts/ScreenArt/Images/TransformedImages/peripheral_drift_12-A.jpeg
2026-03-23 04:24:06,135 - INFO - [pipeline.py:136] - "ColormapTransformer","map=hot"
2026-03-23 04:24:06,142 - INFO - [pipeline.py:248] - [Grade: A] Saved to: /Users/kenfasano/Scripts/ScreenArt/Images/TransformedImages/peripheral_drift_8-A.jpeg
2026-03-23 04:24:06,158 - INFO - [pipeline.py:136] - "DataMoshTransformer","intensity=0.02"
2026-03-23 04:24:06,208 - INFO - [pipeline.py:136] - "WheelTransformer","blend=lighter,copies=5"
2026-03-23 04:24:06,214 - INFO - [pipeline.py:136] - "RadialWarpTransformer","radius=0.25,strength=66.3384625437718,style=push"
2026-03-23 04:24:06,231 - INFO - [pipeline.py:136] - "MeltMorphTransformer","intensity=0.50"
2026-03-23 04:24:06,238 - INFO - [pipeline.py:248] - [Grade: A] Saved to: /Users/kenfasano/Scripts/ScreenArt/Images/TransformedImages/peripheral_drift_4-A.jpeg
2026-03-23 04:24:06,329 - INFO - [pipeline.py:136] - "VoronoiTransformer","edge_blend=1,num_points=209"
2026-03-23 04:24:06,340 - INFO - [pipeline.py:136] - "FractalWarpTransformer","iter=1,scale=0.05"
2026-03-23 04:24:06,357 - INFO - [pipeline.py:136] - "MeltMorphTransformer","intensity=0.50"
2026-03-23 04:24:06,364 - INFO - [pipeline.py:248] - [Grade: A] Saved to: /Users/kenfasano/Scripts/ScreenArt/Images/TransformedImages/peripheral_drift_5-A.jpeg
2026-03-23 04:24:06,401 - INFO - [pipeline.py:136] - "OilPaintingTransformer","dyn_ratio=4,size=4"
2026-03-23 04:24:06,410 - INFO - [pipeline.py:136] - "GlitchWarpTransformer","intensity=0.01"
2026-03-23 04:24:06,416 - INFO - [pipeline.py:248] - [Grade: A] Saved to: /Users/kenfasano/Scripts/ScreenArt/Images/TransformedImages/peripheral_drift_9-A.jpeg
2026-03-23 04:24:06,425 - INFO - [pipeline.py:136] - "PosterizationTransformer","levels=4"
2026-03-23 04:24:06,431 - INFO - [pipeline.py:248] - [Grade: A] Saved to: /Users/kenfasano/Scripts/ScreenArt/Images/TransformedImages/peripheral_drift_13-A.jpeg
2026-03-23 04:24:06,478 - INFO - [pipeline.py:136] - "OilPaintingTransformer","dyn_ratio=5,size=8"
2026-03-23 04:24:06,602 - INFO - [pipeline.py:136] - "VoronoiTransformer","edge_blend=1,num_points=315"
2026-03-23 04:24:06,614 - INFO - [pipeline.py:136] - "DataMoshTransformer","intensity=0.01"
2026-03-23 04:24:06,621 - INFO - [pipeline.py:136] - "FisheyeTransformer","shape=oval,strength=0.37,zoom=1.07"
2026-03-23 04:24:06,628 - INFO - [pipeline.py:248] - [Grade: A] Saved to: /Users/kenfasano/Scripts/ScreenArt/Images/TransformedImages/peripheral_drift_10-A.jpeg
2026-03-23 04:24:06,643 - INFO - [pipeline.py:136] - "ThermalImagingTransformer","thermal=True"
2026-03-23 04:24:06,648 - INFO - [pipeline.py:136] - "ColormapTransformer","map=hot"
2026-03-23 04:24:06,665 - INFO - [pipeline.py:136] - "MeltMorphTransformer","intensity=0.50"
2026-03-23 04:24:06,670 - INFO - [pipeline.py:136] - "PosterizationTransformer","levels=4"
2026-03-23 04:24:06,676 - INFO - [pipeline.py:248] - [Grade: A] Saved to: /Users/kenfasano/Scripts/ScreenArt/Images/TransformedImages/peripheral_drift_6-A.jpeg
2026-03-23 04:24:06,691 - INFO - [pipeline.py:136] - "DataMoshTransformer","intensity=0.02"
2026-03-23 04:24:06,699 - INFO - [pipeline.py:136] - "ChromaticAberrationTransformer","angle=148.50,edge_fade=1,shift=4.10"
2026-03-23 04:24:06,712 - INFO - [pipeline.py:136] - "ThermalImagingTransformer","thermal=True"
2026-03-23 04:24:06,754 - INFO - [pipeline.py:136] - "PixelSortTransformer","direction=cols,high=0.95,low=0.20,sort_key=red"
2026-03-23 04:24:06,762 - INFO - [pipeline.py:248] - [Grade: A] Saved to: /Users/kenfasano/Scripts/ScreenArt/Images/TransformedImages/peripheral_drift_7-A.jpeg
2026-03-23 04:24:06,809 - INFO - [pipeline.py:136] - "VoronoiTransformer","edge_blend=1,num_points=89"
2026-03-23 04:24:06,841 - INFO - [pipeline.py:136] - "FlipWilsonTransformer","keep=bottom_left,narrow=0.30"
2026-03-23 04:24:06,853 - INFO - [pipeline.py:136] - "SwirlWarpTransformer","strength=1.50"
2026-03-23 04:24:06,939 - INFO - [pipeline.py:136] - "PixelSortTransformer","direction=rows,high=0.93,low=0.08,sort_key=saturation"
2026-03-23 04:24:06,946 - INFO - [pipeline.py:248] - [Grade: A] Saved to: /Users/kenfasano/Scripts/ScreenArt/Images/TransformedImages/peripheral_drift_11-A.jpeg
2026-03-23 04:24:06,983 - INFO - [pipeline.py:136] - "OilPaintingTransformer","dyn_ratio=2,size=4"
2026-03-23 04:24:06,994 - INFO - [pipeline.py:136] - "DataMoshTransformer","intensity=0.02"
2026-03-23 04:24:07,043 - INFO - [pipeline.py:136] - "WheelTransformer","blend=lighter,copies=5"
2026-03-23 04:24:07,050 - INFO - [pipeline.py:248] - [Grade: A] Saved to: /Users/kenfasano/Scripts/ScreenArt/Images/TransformedImages/peripheral_drift_20-A.jpeg
2026-03-23 04:24:07,065 - INFO - [pipeline.py:136] - "DataMoshTransformer","intensity=0.01"
2026-03-23 04:24:07,078 - INFO - [pipeline.py:136] - "SwirlWarpTransformer","strength=1.50"
2026-03-23 04:24:07,085 - INFO - [pipeline.py:248] - [Grade: A] Saved to: /Users/kenfasano/Scripts/ScreenArt/Images/TransformedImages/peripheral_drift_16-A.jpeg
2026-03-23 04:24:07,097 - INFO - [pipeline.py:136] - "GlitchWarpTransformer","intensity=0.01"
2026-03-23 04:24:07,114 - INFO - [pipeline.py:136] - "KaleidoscopeTransformer","cx_off=-0.06,cy_off=0.18,segments=8"
2026-03-23 04:24:07,121 - INFO - [pipeline.py:248] - [Grade: A] Saved to: /Users/kenfasano/Scripts/ScreenArt/Images/TransformedImages/peripheral_drift_17-A.jpeg
2026-03-23 04:24:07,138 - INFO - [pipeline.py:136] - "HalftoneTransformer","size=2"
2026-03-23 04:24:07,144 - INFO - [pipeline.py:248] - [Grade: A] Saved to: /Users/kenfasano/Scripts/ScreenArt/Images/TransformedImages/peripheral_drift_1-A.jpeg
2026-03-23 04:24:07,144 - INFO - [main.py:186] - VoronoiTransformer
2026-03-23 04:24:07,144 - INFO - [main.py:186] - PixelSortTransformer
2026-03-23 04:24:07,144 - INFO - [main.py:186] - WheelTransformer
2026-03-23 04:24:07,144 - INFO - [main.py:186] - WatercolorTransformer
2026-03-23 04:24:07,144 - INFO - [main.py:186] - FlipWilsonTransformer
2026-03-23 04:24:07,144 - INFO - [main.py:186] - OilPaintingTransformer
2026-03-23 04:24:07,144 - INFO - [main.py:186] - MeltMorphTransformer
2026-03-23 04:24:07,144 - INFO - [main.py:186] - HalftoneTransformer
2026-03-23 04:24:07,144 - INFO - [main.py:186] - FractalWarpTransformer
2026-03-23 04:24:07,144 - INFO - [main.py:186] - KaleidoscopeTransformer
2026-03-23 04:24:07,144 - INFO - [main.py:186] - SwirlWarpTransformer
2026-03-23 04:24:07,144 - INFO - [main.py:186] - DataMoshTransformer
2026-03-23 04:24:07,144 - INFO - [main.py:186] - ChromaticAberrationTransformer
2026-03-23 04:24:07,144 - INFO - [main.py:186] - GlitchWarpTransformer
2026-03-23 04:24:07,144 - INFO - [main.py:186] - ThermalImagingTransformer
2026-03-23 04:24:07,144 - INFO - [main.py:186] - FisheyeTransformer
2026-03-23 04:24:07,144 - INFO - [main.py:186] - RadialWarpTransformer
2026-03-23 04:24:07,144 - INFO - [main.py:186] - PosterizationTransformer
2026-03-23 04:24:07,144 - INFO - [main.py:186] - ColormapTransformer
2026-03-23 04:24:07,144 - INFO - [main.py:186] - FluidWarpTransformer
2026-03-23 04:24:07,145 - INFO - [main.py:229] - 27s@04:24 ✓
Accepted: 74
Rejected: 4
---
Bible                      ->  7107ms
Wiki                       ->  2325ms
Lojong                     ->  2043ms
NasaMapGenerator           ->  1542ms
Nasa                       ->   921ms
Bubbles                    ->   527ms
GoesGenerator              ->   445ms
PeripheralDriftIllusion    ->   309ms
Cubes                      ->   250ms
---
VoronoiTransformer               -> Min:    44ms | Avg:   168ms | Max:   404ms
PixelSortTransformer             -> Min:    42ms | Avg:   158ms | Max:   363ms
WheelTransformer                 -> Min:    41ms | Avg:   153ms | Max:   407ms
WatercolorTransformer            -> Min:    46ms | Avg:   136ms | Max:   253ms
FlipWilsonTransformer            -> Min:    27ms | Avg:    80ms | Max:   106ms
OilPaintingTransformer           -> Min:    21ms | Avg:    74ms | Max:   128ms
MeltMorphTransformer             -> Min:    12ms | Avg:    44ms | Max:    69ms
HalftoneTransformer              -> Min:    14ms | Avg:    44ms | Max:    63ms
FractalWarpTransformer           -> Min:    11ms | Avg:    39ms | Max:    93ms
KaleidoscopeTransformer          -> Min:     8ms | Avg:    31ms | Max:    82ms
SwirlWarpTransformer             -> Min:     5ms | Avg:    29ms | Max:    45ms
DataMoshTransformer              -> Min:    11ms | Avg:    25ms | Max:    49ms
ChromaticAberrationTransformer   -> Min:     8ms | Avg:    24ms | Max:    33ms
GlitchWarpTransformer            -> Min:     8ms | Avg:    23ms | Max:    30ms
ThermalImagingTransformer        -> Min:    11ms | Avg:    23ms | Max:    43ms
FisheyeTransformer               -> Min:     8ms | Avg:    14ms | Max:    28ms
RadialWarpTransformer            -> Min:     6ms | Avg:    14ms | Max:    24ms
PosterizationTransformer         -> Min:     2ms | Avg:    10ms | Max:    19ms
ColormapTransformer              -> Min:     3ms | Avg:     8ms | Max:    14ms
FluidWarpTransformer             -> Min:     7ms | Avg:     7ms | Max:     7ms
