2026-03-28 16:58:51,841 - INFO - [mandala_draw.py:291] - mandala_draw: generated 3/3
2026-03-28 16:59:03,165 - INFO - [pipeline.py:136] - "HalftoneTransformer","size=2"
2026-03-28 16:59:03,186 - INFO - [pipeline.py:250] - [Grade: A] Saved to: /Users/kenfasano/Scripts/ScreenArt/Images/TransformedImages/psalms_76-A-columns_06b2.jpeg
2026-03-28 16:59:03,224 - INFO - [pipeline.py:136] - "FisheyeTransformer","shape=circle,strength=0.66,zoom=0.86"
2026-03-28 16:59:03,263 - INFO - [pipeline.py:136] - "FluidWarpTransformer","alpha=8.98,sigma=3.63"
2026-03-28 16:59:03,302 - INFO - [pipeline.py:136] - "FractalWarpTransformer","iter=1,scale=0.05"
2026-03-28 16:59:03,356 - INFO - [pipeline.py:136] - "KaleidoscopeTransformer","cx_off=0.09,cy_off=0.04,segments=8"
2026-03-28 16:59:03,373 - INFO - [pipeline.py:250] - [Grade: C] Saved to: /Users/kenfasano/Scripts/ScreenArt/Images/TransformedImages/psalms_7-C-scatter_48dd.jpeg
2026-03-28 16:59:03,438 - INFO - [pipeline.py:136] - "KaleidoscopeTransformer","cx_off=-0.19,cy_off=-0.01,segments=6"
2026-03-28 16:59:03,602 - INFO - [pipeline.py:136] - "WheelTransformer","blend=normal,copies=5"
2026-03-28 16:59:03,951 - INFO - [pipeline.py:136] - "VoronoiTransformer","edge_blend=1,num_points=271"
2026-03-28 16:59:03,989 - INFO - [pipeline.py:136] - "SwirlWarpTransformer","strength=1.50"
2026-03-28 16:59:04,008 - INFO - [pipeline.py:250] - [Grade: A] Saved to: /Users/kenfasano/Scripts/ScreenArt/Images/TransformedImages/psalms_31-A-columns_1e57.jpeg
2026-03-28 16:59:04,370 - INFO - [pipeline.py:136] - "PixelSortTransformer","direction=rows,high=0.82,low=0.26,sort_key=brightness"
2026-03-28 16:59:04,389 - INFO - [pipeline.py:250] - [Grade: C] Saved to: /Users/kenfasano/Scripts/ScreenArt/Images/TransformedImages/psalms_121-C-columns_2848.jpeg
2026-03-28 16:59:04,445 - INFO - [pipeline.py:136] - "HalftoneTransformer","size=2"
2026-03-28 16:59:04,462 - INFO - [pipeline.py:250] - [Grade: F] Saved to: /Users/kenfasano/Scripts/ScreenArt/Images/Rejected/psalms_26-F-tile_d65e.jpeg
2026-03-28 16:59:04,526 - INFO - [pipeline.py:136] - "KaleidoscopeTransformer","cx_off=0.08,cy_off=-0.19,segments=12"
2026-03-28 16:59:04,547 - INFO - [pipeline.py:250] - [Grade: C] Saved to: /Users/kenfasano/Scripts/ScreenArt/Images/TransformedImages/psalms_119-C-scatter_6766.jpeg
2026-03-28 16:59:04,583 - INFO - [pipeline.py:136] - "OilPaintingTransformer","dyn_ratio=3,size=4"
2026-03-28 16:59:04,774 - INFO - [pipeline.py:136] - "WheelTransformer","blend=normal,copies=5"
2026-03-28 16:59:04,842 - INFO - [pipeline.py:136] - "PixelSortTransformer","direction=cols,high=0.56,low=0.29,sort_key=green"
2026-03-28 16:59:04,856 - INFO - [pipeline.py:136] - "PosterizationTransformer","levels=4"
2026-03-28 16:59:04,874 - INFO - [pipeline.py:250] - [Grade: C] Saved to: /Users/kenfasano/Scripts/ScreenArt/Images/TransformedImages/psalms_68-C-hero_1693.jpeg
2026-03-28 16:59:04,933 - INFO - [pipeline.py:136] - "FluidWarpTransformer","alpha=14.32,sigma=7.93"
2026-03-28 16:59:04,951 - INFO - [pipeline.py:250] - [Grade: A] Saved to: /Users/kenfasano/Scripts/ScreenArt/Images/TransformedImages/psalms_28-A-scatter_8f5f.jpeg
2026-03-28 16:59:05,012 - INFO - [pipeline.py:136] - "HalftoneTransformer","size=2"
2026-03-28 16:59:05,108 - INFO - [pipeline.py:136] - "FlipWilsonTransformer","keep=top_right,narrow=0.48"
2026-03-28 16:59:05,127 - INFO - [pipeline.py:250] - [Grade: C] Saved to: /Users/kenfasano/Scripts/ScreenArt/Images/TransformedImages/psalms_78-C-columns_85b1.jpeg
2026-03-28 16:59:05,149 - INFO - [pipeline.py:136] - "ColormapTransformer","map=rainbow"
2026-03-28 16:59:05,195 - INFO - [pipeline.py:136] - "OilPaintingTransformer","dyn_ratio=4,size=6"
2026-03-28 16:59:05,248 - INFO - [pipeline.py:136] - "MeltMorphTransformer","intensity=0.50"
2026-03-28 16:59:05,296 - INFO - [pipeline.py:136] - "HalftoneTransformer","size=2"
2026-03-28 16:59:05,313 - INFO - [pipeline.py:250] - [Grade: C] Saved to: /Users/kenfasano/Scripts/ScreenArt/Images/TransformedImages/psalms_22-C-hero_dbfa.jpeg
2026-03-28 16:59:05,356 - INFO - [pipeline.py:136] - "DataMoshTransformer","intensity=0.01"
2026-03-28 16:59:05,390 - INFO - [pipeline.py:136] - "FractalWarpTransformer","iter=1,scale=0.05"
2026-03-28 16:59:05,408 - INFO - [pipeline.py:250] - [Grade: C] Saved to: /Users/kenfasano/Scripts/ScreenArt/Images/TransformedImages/bubbles_4-C_a6c5.jpeg
2026-03-28 16:59:05,429 - INFO - [pipeline.py:136] - "ColormapTransformer","map=ocean"
2026-03-28 16:59:05,465 - INFO - [pipeline.py:136] - "FluidWarpTransformer","alpha=11.62,sigma=3.75"
2026-03-28 16:59:05,484 - INFO - [pipeline.py:250] - [Grade: A] Saved to: /Users/kenfasano/Scripts/ScreenArt/Images/TransformedImages/bubbles_8-A_85bd.jpeg
2026-03-28 16:59:05,655 - INFO - [pipeline.py:136] - "WheelTransformer","blend=normal,copies=5"
2026-03-28 16:59:05,682 - INFO - [pipeline.py:136] - "GlitchWarpTransformer","intensity=0.01"
2026-03-28 16:59:05,717 - INFO - [pipeline.py:136] - "FractalWarpTransformer","iter=1,scale=0.05"
2026-03-28 16:59:05,734 - INFO - [pipeline.py:250] - [Grade: C] Saved to: /Users/kenfasano/Scripts/ScreenArt/Images/TransformedImages/bubbles_9-C_c170.jpeg
2026-03-28 16:59:05,961 - INFO - [pipeline.py:136] - "WatercolorTransformer","scale=0.85,style=psychedelic"
2026-03-28 16:59:05,974 - INFO - [pipeline.py:136] - "ColormapTransformer","map=jet"
2026-03-28 16:59:06,008 - INFO - [pipeline.py:136] - "FractalWarpTransformer","iter=1,scale=0.05"
2026-03-28 16:59:06,033 - INFO - [pipeline.py:136] - "ChromaticAberrationTransformer","angle=171.60,edge_fade=1,shift=8.00"
2026-03-28 16:59:06,053 - INFO - [pipeline.py:250] - [Grade: A] Saved to: /Users/kenfasano/Scripts/ScreenArt/Images/TransformedImages/bubbles_5-A_1785.jpeg
2026-03-28 16:59:06,108 - INFO - [pipeline.py:136] - "HalftoneTransformer","size=2"
2026-03-28 16:59:06,133 - INFO - [pipeline.py:136] - "RadialWarpTransformer","radius=0.25,strength=38.01664545435179,107.68348704075522,73.88984366010288,style=pull,pull,pull"
2026-03-28 16:59:06,196 - INFO - [pipeline.py:136] - "PixelSortTransformer","direction=rows,high=0.88,low=0.08,sort_key=saturation"
2026-03-28 16:59:06,214 - INFO - [pipeline.py:250] - [Grade: C] Saved to: /Users/kenfasano/Scripts/ScreenArt/Images/TransformedImages/bubbles_2-C_d841.jpeg
2026-03-28 16:59:06,242 - INFO - [pipeline.py:136] - "RadialWarpTransformer","radius=0.25,strength=39.89553487538478,125.55711754324874,style=push,pull"
2026-03-28 16:59:06,309 - INFO - [pipeline.py:136] - "OilPaintingTransformer","dyn_ratio=1,size=8"
2026-03-28 16:59:06,326 - INFO - [pipeline.py:250] - [Grade: F] Saved to: /Users/kenfasano/Scripts/ScreenArt/Images/Rejected/bubbles_3-F_a4b2.jpeg
2026-03-28 16:59:06,370 - INFO - [pipeline.py:136] - "DataMoshTransformer","intensity=0.02"
2026-03-28 16:59:06,409 - INFO - [pipeline.py:136] - "SwirlWarpTransformer","strength=1.50"
2026-03-28 16:59:06,456 - INFO - [pipeline.py:136] - "HalftoneTransformer","size=2"
2026-03-28 16:59:06,474 - INFO - [pipeline.py:250] - [Grade: A] Saved to: /Users/kenfasano/Scripts/ScreenArt/Images/TransformedImages/bubbles_10-A_e1a0.jpeg
2026-03-28 16:59:06,518 - INFO - [pipeline.py:136] - "ThermalImagingTransformer","thermal=True"
2026-03-28 16:59:06,683 - INFO - [pipeline.py:136] - "WheelTransformer","blend=normal,copies=5"
2026-03-28 16:59:06,746 - INFO - [pipeline.py:136] - "OilPaintingTransformer","dyn_ratio=1,size=8"
2026-03-28 16:59:06,764 - INFO - [pipeline.py:250] - [Grade: A] Saved to: /Users/kenfasano/Scripts/ScreenArt/Images/TransformedImages/bubbles_1-A_d2c1.jpeg
2026-03-28 16:59:06,785 - INFO - [pipeline.py:136] - "PosterizationTransformer","levels=4"
2026-03-28 16:59:06,802 - INFO - [pipeline.py:250] - [Grade: C] Saved to: /Users/kenfasano/Scripts/ScreenArt/Images/TransformedImages/bubbles_6-C_857f.jpeg
2026-03-28 16:59:06,862 - INFO - [pipeline.py:136] - "MeltMorphTransformer","intensity=0.50"
2026-03-28 16:59:06,879 - INFO - [pipeline.py:250] - [Grade: C] Saved to: /Users/kenfasano/Scripts/ScreenArt/Images/TransformedImages/bubbles_7-C_f7f1.jpeg
2026-03-28 16:59:06,921 - INFO - [pipeline.py:136] - "ThermalImagingTransformer","thermal=True"
2026-03-28 16:59:06,938 - INFO - [pipeline.py:250] - [Grade: A] Saved to: /Users/kenfasano/Scripts/ScreenArt/Images/TransformedImages/cubes_2-A_fe57.jpeg
2026-03-28 16:59:07,192 - INFO - [pipeline.py:136] - "WatercolorTransformer","scale=0.85,style=psychedelic"
2026-03-28 16:59:07,217 - INFO - [pipeline.py:136] - "FisheyeTransformer","shape=circle,strength=0.31,zoom=0.94"
2026-03-28 16:59:07,270 - INFO - [pipeline.py:136] - "MeltMorphTransformer","intensity=0.50"
2026-03-28 16:59:07,287 - INFO - [pipeline.py:250] - [Grade: A] Saved to: /Users/kenfasano/Scripts/ScreenArt/Images/TransformedImages/cubes_3-A_b3d7.jpeg
2026-03-28 16:59:07,330 - INFO - [pipeline.py:136] - "DataMoshTransformer","intensity=0.01"
2026-03-28 16:59:07,347 - INFO - [pipeline.py:250] - [Grade: A] Saved to: /Users/kenfasano/Scripts/ScreenArt/Images/TransformedImages/cubes_4-A_dc2d.jpeg
2026-03-28 16:59:07,401 - INFO - [pipeline.py:136] - "HalftoneTransformer","size=2"
2026-03-28 16:59:07,417 - INFO - [pipeline.py:250] - [Grade: A] Saved to: /Users/kenfasano/Scripts/ScreenArt/Images/TransformedImages/cubes_5-A_7825.jpeg
2026-03-28 16:59:07,447 - INFO - [pipeline.py:136] - "FisheyeTransformer","shape=oval,strength=0.65,zoom=1.15"
2026-03-28 16:59:07,481 - INFO - [pipeline.py:136] - "FractalWarpTransformer","iter=1,scale=0.05"
2026-03-28 16:59:07,497 - INFO - [pipeline.py:136] - "RadialWarpTransformer","radius=0.25,strength=79.04769549748458,style=pull"
2026-03-28 16:59:07,512 - INFO - [pipeline.py:250] - [Grade: F] Saved to: /Users/kenfasano/Scripts/ScreenArt/Images/Rejected/cubes_6-F_df7c.jpeg
2026-03-28 16:59:07,566 - INFO - [pipeline.py:136] - "HalftoneTransformer","size=2"
2026-03-28 16:59:07,592 - INFO - [pipeline.py:136] - "ChromaticAberrationTransformer","angle=273.30,edge_fade=1,shift=13.10"
2026-03-28 16:59:07,805 - INFO - [pipeline.py:136] - "WatercolorTransformer","scale=0.85,style=psychedelic"
2026-03-28 16:59:07,840 - INFO - [pipeline.py:136] - "ThermalImagingTransformer","thermal=True"
2026-03-28 16:59:07,860 - INFO - [pipeline.py:250] - [Grade: A] Saved to: /Users/kenfasano/Scripts/ScreenArt/Images/TransformedImages/cubes_1-A_ad42.jpeg
2026-03-28 16:59:07,986 - INFO - [pipeline.py:136] - "VoronoiTransformer","edge_blend=1,num_points=119"
2026-03-28 16:59:08,026 - INFO - [pipeline.py:136] - "OilPaintingTransformer","dyn_ratio=1,size=7"
2026-03-28 16:59:08,039 - INFO - [pipeline.py:250] - [Grade: A] Saved to: /Users/kenfasano/Scripts/ScreenArt/Images/TransformedImages/noaa_goes_1_se_Air_Mass-A_edff.jpeg
2026-03-28 16:59:08,059 - INFO - [pipeline.py:136] - "ColormapTransformer","map=cool"
2026-03-28 16:59:08,093 - INFO - [pipeline.py:136] - "OilPaintingTransformer","dyn_ratio=6,size=5"
2026-03-28 16:59:08,111 - INFO - [pipeline.py:250] - [Grade: C] Saved to: /Users/kenfasano/Scripts/ScreenArt/Images/TransformedImages/lojong_2-C-scatter_57ad.jpeg
2026-03-28 16:59:08,132 - INFO - [pipeline.py:136] - "PosterizationTransformer","levels=4"
2026-03-28 16:59:08,152 - INFO - [pipeline.py:250] - [Grade: A] Saved to: /Users/kenfasano/Scripts/ScreenArt/Images/TransformedImages/lojong_3-A-hero_22b8.jpeg
2026-03-28 16:59:08,173 - INFO - [pipeline.py:136] - "ColormapTransformer","map=autumn"
2026-03-28 16:59:08,194 - INFO - [pipeline.py:250] - [Grade: C] Saved to: /Users/kenfasano/Scripts/ScreenArt/Images/TransformedImages/lojong_8-C-tile_7152.jpeg
2026-03-28 16:59:08,236 - INFO - [pipeline.py:136] - "FractalWarpTransformer","iter=1,scale=0.05"
2026-03-28 16:59:08,262 - INFO - [pipeline.py:136] - "ChromaticAberrationTransformer","angle=330.80,edge_fade=1,shift=5.30"
2026-03-28 16:59:08,300 - INFO - [pipeline.py:136] - "SwirlWarpTransformer","strength=1.50"
2026-03-28 16:59:08,319 - INFO - [pipeline.py:250] - [Grade: A] Saved to: /Users/kenfasano/Scripts/ScreenArt/Images/TransformedImages/lojong_4-A-tile_324e.jpeg
2026-03-28 16:59:08,555 - INFO - [pipeline.py:136] - "WatercolorTransformer","scale=0.85,style=monet"
2026-03-28 16:59:08,573 - INFO - [pipeline.py:250] - [Grade: F] Saved to: /Users/kenfasano/Scripts/ScreenArt/Images/Rejected/lojong_5-F-columns_d0e4.jpeg
2026-03-28 16:59:08,618 - INFO - [pipeline.py:136] - "SwirlWarpTransformer","strength=1.50"
2026-03-28 16:59:08,655 - INFO - [pipeline.py:136] - "ThermalImagingTransformer","thermal=True"
2026-03-28 16:59:08,708 - INFO - [pipeline.py:136] - "MeltMorphTransformer","intensity=0.50"
2026-03-28 16:59:08,726 - INFO - [pipeline.py:250] - [Grade: C] Saved to: /Users/kenfasano/Scripts/ScreenArt/Images/TransformedImages/lojong_9-C-hero_b6c2.jpeg
2026-03-28 16:59:08,771 - INFO - [pipeline.py:136] - "DataMoshTransformer","intensity=0.01"
2026-03-28 16:59:08,790 - INFO - [pipeline.py:250] - [Grade: A] Saved to: /Users/kenfasano/Scripts/ScreenArt/Images/TransformedImages/lojong_6-A-columns_ff57.jpeg
2026-03-28 16:59:08,845 - INFO - [pipeline.py:136] - "HalftoneTransformer","size=2"
2026-03-28 16:59:08,877 - INFO - [pipeline.py:136] - "FluidWarpTransformer","alpha=19.25,sigma=2.37"
2026-03-28 16:59:08,930 - INFO - [pipeline.py:136] - "MeltMorphTransformer","intensity=0.50"
2026-03-28 16:59:08,955 - INFO - [pipeline.py:136] - "ChromaticAberrationTransformer","angle=287.70,edge_fade=1,shift=11.50"
2026-03-28 16:59:08,972 - INFO - [pipeline.py:250] - [Grade: A] Saved to: /Users/kenfasano/Scripts/ScreenArt/Images/TransformedImages/lojong_7-A-hero_77b2.jpeg
2026-03-28 16:59:09,027 - INFO - [pipeline.py:136] - "HalftoneTransformer","size=2"
2026-03-28 16:59:09,091 - INFO - [pipeline.py:136] - "OilPaintingTransformer","dyn_ratio=3,size=8"
2026-03-28 16:59:09,117 - INFO - [pipeline.py:136] - "ChromaticAberrationTransformer","angle=190.40,edge_fade=1,shift=13.50"
2026-03-28 16:59:09,175 - INFO - [pipeline.py:136] - "MeltMorphTransformer","intensity=0.50"
2026-03-28 16:59:09,192 - INFO - [pipeline.py:250] - [Grade: F] Saved to: /Users/kenfasano/Scripts/ScreenArt/Images/Rejected/lojong_0-F-columns_c303.jpeg
2026-03-28 16:59:09,499 - INFO - [pipeline.py:136] - "VoronoiTransformer","edge_blend=1,num_points=233"
2026-03-28 16:59:09,517 - INFO - [pipeline.py:250] - [Grade: A] Saved to: /Users/kenfasano/Scripts/ScreenArt/Images/TransformedImages/lojong_1-A-tile_16ad.jpeg
2026-03-28 16:59:09,555 - INFO - [pipeline.py:136] - "RadialWarpTransformer","radius=0.25,strength=98.34849048046755,111.08218669022068,style=push,push"
2026-03-28 16:59:09,570 - INFO - [pipeline.py:136] - "ColormapTransformer","map=bone"
2026-03-28 16:59:09,649 - INFO - [pipeline.py:136] - "OilPaintingTransformer","dyn_ratio=8,size=8"
2026-03-28 16:59:09,670 - INFO - [pipeline.py:250] - [Grade: F] Saved to: /Users/kenfasano/Scripts/ScreenArt/Images/Rejected/mandala_draw_1-F_290d.jpeg
2026-03-28 16:59:09,745 - INFO - [pipeline.py:136] - "MeltMorphTransformer","intensity=0.50"
2026-03-28 16:59:09,934 - INFO - [pipeline.py:136] - "WheelTransformer","blend=normal,copies=5"
2026-03-28 16:59:09,955 - INFO - [pipeline.py:250] - [Grade: A] Saved to: /Users/kenfasano/Scripts/ScreenArt/Images/TransformedImages/mandala_draw_0-A_bc4a.jpeg
2026-03-28 16:59:10,215 - INFO - [pipeline.py:136] - "WatercolorTransformer","scale=0.85,style=monet"
2026-03-28 16:59:10,247 - INFO - [pipeline.py:136] - "GlitchWarpTransformer","intensity=0.01"
2026-03-28 16:59:10,268 - INFO - [pipeline.py:250] - [Grade: C] Saved to: /Users/kenfasano/Scripts/ScreenArt/Images/TransformedImages/mandala_draw_2-C_19a4.jpeg
2026-03-28 16:59:10,318 - INFO - [pipeline.py:136] - "ThermalImagingTransformer","thermal=True"
2026-03-28 16:59:10,385 - INFO - [pipeline.py:136] - "OilPaintingTransformer","dyn_ratio=6,size=8"
2026-03-28 16:59:10,551 - INFO - [pipeline.py:136] - "WheelTransformer","blend=normal,copies=5"
2026-03-28 16:59:10,572 - INFO - [pipeline.py:250] - [Grade: A] Saved to: /Users/kenfasano/Scripts/ScreenArt/Images/TransformedImages/nasa_earth_3_Paris_Vegetation_False_Color-A_03cc.jpeg
2026-03-28 16:59:10,602 - INFO - [pipeline.py:136] - "ChromaticAberrationTransformer","angle=56.70,edge_fade=1,shift=15.90"
2026-03-28 16:59:10,766 - INFO - [pipeline.py:136] - "WheelTransformer","blend=normal,copies=5"
2026-03-28 16:59:10,781 - INFO - [pipeline.py:250] - [Grade: F] Saved to: /Users/kenfasano/Scripts/ScreenArt/Images/Rejected/nasa_earth_2_Karachi_Night_Lights-F_efe7.jpeg
2026-03-28 16:59:10,844 - INFO - [pipeline.py:136] - "KaleidoscopeTransformer","cx_off=0.07,cy_off=-0.03,segments=8"
2026-03-28 16:59:10,871 - INFO - [pipeline.py:136] - "GlitchWarpTransformer","intensity=0.01"
2026-03-28 16:59:10,905 - INFO - [pipeline.py:136] - "FractalWarpTransformer","iter=1,scale=0.05"
2026-03-28 16:59:10,928 - INFO - [pipeline.py:136] - "FisheyeTransformer","shape=circle,strength=0.41,zoom=0.87"
2026-03-28 16:59:10,947 - INFO - [pipeline.py:250] - [Grade: A] Saved to: /Users/kenfasano/Scripts/ScreenArt/Images/TransformedImages/nasa_earth_1_Beijing_True_Color-A_f443.jpeg
2026-03-28 16:59:11,021 - INFO - [pipeline.py:136] - "ThermalImagingTransformer","thermal=True"
2026-03-28 16:59:11,197 - INFO - [pipeline.py:136] - "WheelTransformer","blend=normal,copies=5"
2026-03-28 16:59:11,419 - INFO - [pipeline.py:136] - "WatercolorTransformer","scale=0.85,style=psychedelic"
2026-03-28 16:59:11,438 - INFO - [pipeline.py:250] - [Grade: A] Saved to: /Users/kenfasano/Scripts/ScreenArt/Images/TransformedImages/nasa_earth_4_Lagos_Surface_Temp_Day-A_4790.jpeg
2026-03-28 16:59:11,456 - INFO - [pipeline.py:136] - "SwirlWarpTransformer","strength=1.50"
2026-03-28 16:59:11,463 - INFO - [pipeline.py:250] - [Grade: A] Saved to: /Users/kenfasano/Scripts/ScreenArt/Images/TransformedImages/AR1520_071112friedman900-A_f4a6.jpg
2026-03-28 16:59:11,490 - INFO - [pipeline.py:136] - "FlipWilsonTransformer","keep=top_right,narrow=0.48"
2026-03-28 16:59:11,495 - INFO - [pipeline.py:250] - [Grade: A] Saved to: /Users/kenfasano/Scripts/ScreenArt/Images/TransformedImages/m51deep_christensen-A_7af6.jpg
2026-03-28 16:59:11,520 - INFO - [pipeline.py:136] - "GlitchWarpTransformer","intensity=0.01"
2026-03-28 16:59:11,541 - INFO - [pipeline.py:136] - "KaleidoscopeTransformer","cx_off=-0.16,cy_off=-0.14,segments=8"
2026-03-28 16:59:11,602 - INFO - [pipeline.py:136] - "WheelTransformer","blend=normal,copies=5"
2026-03-28 16:59:11,612 - INFO - [pipeline.py:136] - "ChromaticAberrationTransformer","angle=119.10,edge_fade=1,shift=14.30"
2026-03-28 16:59:11,621 - INFO - [pipeline.py:250] - [Grade: C] Saved to: /Users/kenfasano/Scripts/ScreenArt/Images/TransformedImages/MontesAlpesBosman1024-C_7645.jpg
2026-03-28 16:59:11,651 - INFO - [pipeline.py:136] - "MeltMorphTransformer","intensity=0.50"
2026-03-28 16:59:11,670 - INFO - [pipeline.py:136] - "KaleidoscopeTransformer","cx_off=-0.08,cy_off=0.11,segments=8"
2026-03-28 16:59:11,722 - INFO - [pipeline.py:136] - "WheelTransformer","blend=normal,copies=5"
2026-03-28 16:59:11,755 - INFO - [pipeline.py:136] - "FlipWilsonTransformer","keep=top_right,narrow=0.48"
2026-03-28 16:59:11,813 - INFO - [pipeline.py:250] - [Grade: A] Saved to: /Users/kenfasano/Scripts/ScreenArt/Images/TransformedImages/LDN1251v7social1024-A_9601.png
2026-03-28 16:59:11,825 - INFO - [pipeline.py:136] - "ThermalImagingTransformer","thermal=True"
2026-03-28 16:59:11,843 - INFO - [pipeline.py:136] - "OilPaintingTransformer","dyn_ratio=2,size=8"
2026-03-28 16:59:11,849 - INFO - [pipeline.py:250] - [Grade: B] Saved to: /Users/kenfasano/Scripts/ScreenArt/Images/TransformedImages/ISS023-E-58455sm-B_f60d.jpg
2026-03-28 16:59:11,856 - INFO - [pipeline.py:136] - "DataMoshTransformer","intensity=0.01"
2026-03-28 16:59:11,865 - INFO - [pipeline.py:136] - "OilPaintingTransformer","dyn_ratio=7,size=6"
2026-03-28 16:59:11,868 - INFO - [pipeline.py:250] - [Grade: C] Saved to: /Users/kenfasano/Scripts/ScreenArt/Images/TransformedImages/landingmovie_phoenix-C_97cd.jpg
2026-03-28 16:59:11,885 - INFO - [pipeline.py:136] - "OilPaintingTransformer","dyn_ratio=3,size=3"
2026-03-28 16:59:11,901 - INFO - [pipeline.py:136] - "GlitchWarpTransformer","intensity=0.01"
2026-03-28 16:59:11,924 - INFO - [pipeline.py:136] - "ThermalImagingTransformer","thermal=True"
2026-03-28 16:59:11,936 - INFO - [pipeline.py:250] - [Grade: A] Saved to: /Users/kenfasano/Scripts/ScreenArt/Images/TransformedImages/CaliforniaNebula_Falls_960-A_02b5.jpg
2026-03-28 16:59:11,957 - INFO - [pipeline.py:136] - "FluidWarpTransformer","alpha=15.33,sigma=6.71"
2026-03-28 16:59:11,965 - INFO - [pipeline.py:250] - [Grade: A] Saved to: /Users/kenfasano/Scripts/ScreenArt/Images/TransformedImages/asperatus_priester_1024-A_4cec.jpg
2026-03-28 16:59:11,982 - INFO - [pipeline.py:136] - "PixelSortTransformer","direction=rows,high=0.88,low=0.31,sort_key=saturation"
2026-03-28 16:59:12,073 - INFO - [pipeline.py:136] - "VoronoiTransformer","edge_blend=1,num_points=226"
2026-03-28 16:59:12,084 - INFO - [pipeline.py:136] - "FractalWarpTransformer","iter=1,scale=0.05"
2026-03-28 16:59:12,090 - INFO - [pipeline.py:250] - [Grade: C] Saved to: /Users/kenfasano/Scripts/ScreenArt/Images/TransformedImages/saturnequinoxshadows_cassini-C_b04a.jpg
2026-03-28 16:59:12,095 - INFO - [pipeline.py:136] - "ChromaticAberrationTransformer","angle=3.60,edge_fade=1,shift=14.50"
2026-03-28 16:59:12,099 - INFO - [pipeline.py:250] - [Grade: B] Saved to: /Users/kenfasano/Scripts/ScreenArt/Images/TransformedImages/mwcore_cxo_c1-B_01e9.jpg
2026-03-28 16:59:12,110 - INFO - [pipeline.py:136] - "DataMoshTransformer","intensity=0.01"
2026-03-28 16:59:12,170 - INFO - [pipeline.py:136] - "VoronoiTransformer","edge_blend=1,num_points=174"
2026-03-28 16:59:12,175 - INFO - [pipeline.py:250] - [Grade: A] Saved to: /Users/kenfasano/Scripts/ScreenArt/Images/TransformedImages/mirandascarp_vg2-A_f2f6.jpg
2026-03-28 16:59:12,223 - INFO - [pipeline.py:136] - "FractalWarpTransformer","iter=1,scale=0.05"
2026-03-28 16:59:12,236 - INFO - [pipeline.py:136] - "ColormapTransformer","map=summer"
2026-03-28 16:59:12,259 - INFO - [pipeline.py:250] - [Grade: B] Saved to: /Users/kenfasano/Scripts/ScreenArt/Images/TransformedImages/peace_0-B_6252.jpeg
2026-03-28 16:59:12,368 - INFO - [pipeline.py:136] - "FlipWilsonTransformer","keep=top_right,narrow=0.48"
2026-03-28 16:59:12,395 - INFO - [pipeline.py:136] - "GlitchWarpTransformer","intensity=0.01"
2026-03-28 16:59:12,416 - INFO - [pipeline.py:250] - [Grade: C] Saved to: /Users/kenfasano/Scripts/ScreenArt/Images/TransformedImages/peace_1-C_c69d.jpeg
2026-03-28 16:59:12,481 - INFO - [pipeline.py:136] - "MeltMorphTransformer","intensity=0.50"
2026-03-28 16:59:12,518 - INFO - [pipeline.py:136] - "SwirlWarpTransformer","strength=1.50"
2026-03-28 16:59:12,565 - INFO - [pipeline.py:136] - "ThermalImagingTransformer","thermal=True"
2026-03-28 16:59:12,588 - INFO - [pipeline.py:136] - "FisheyeTransformer","shape=circle,strength=0.38,zoom=0.86"
2026-03-28 16:59:12,607 - INFO - [pipeline.py:250] - [Grade: C] Saved to: /Users/kenfasano/Scripts/ScreenArt/Images/TransformedImages/peace_2-C_a5bb.jpeg
2026-03-28 16:59:12,784 - INFO - [pipeline.py:136] - "WheelTransformer","blend=normal,copies=5"
2026-03-28 16:59:12,808 - INFO - [pipeline.py:136] - "OilPaintingTransformer","dyn_ratio=3,size=4"
2026-03-28 16:59:12,904 - INFO - [pipeline.py:136] - "FlipWilsonTransformer","keep=top_right,narrow=0.48"
2026-03-28 16:59:12,923 - INFO - [pipeline.py:250] - [Grade: C] Saved to: /Users/kenfasano/Scripts/ScreenArt/Images/TransformedImages/peace_3-C_220d.jpeg
2026-03-28 16:59:12,939 - INFO - [pipeline.py:136] - "SwirlWarpTransformer","strength=1.50"
2026-03-28 16:59:12,951 - INFO - [pipeline.py:136] - "ThermalImagingTransformer","thermal=True"
2026-03-28 16:59:12,959 - INFO - [pipeline.py:136] - "RadialWarpTransformer","radius=0.25,strength=90.64723096722375,65.21365377415498,style=pull,push"
2026-03-28 16:59:12,967 - INFO - [pipeline.py:250] - [Grade: A] Saved to: /Users/kenfasano/Scripts/ScreenArt/Images/TransformedImages/peripheral_drift_18-A_5862.jpeg
2026-03-28 16:59:12,983 - INFO - [pipeline.py:136] - "ThermalImagingTransformer","thermal=True"
2026-03-28 16:59:12,990 - INFO - [pipeline.py:250] - [Grade: B] Saved to: /Users/kenfasano/Scripts/ScreenArt/Images/TransformedImages/peripheral_drift_2-B_df25.jpeg
2026-03-28 16:59:13,007 - INFO - [pipeline.py:136] - "ThermalImagingTransformer","thermal=True"
2026-03-28 16:59:13,015 - INFO - [pipeline.py:136] - "ChromaticAberrationTransformer","angle=163.50,edge_fade=1,shift=17.20"
2026-03-28 16:59:13,026 - INFO - [pipeline.py:136] - "SwirlWarpTransformer","strength=1.50"
2026-03-28 16:59:13,037 - INFO - [pipeline.py:136] - "DataMoshTransformer","intensity=0.01"
2026-03-28 16:59:13,045 - INFO - [pipeline.py:250] - [Grade: A] Saved to: /Users/kenfasano/Scripts/ScreenArt/Images/TransformedImages/peripheral_drift_14-A_1ffd.jpeg
2026-03-28 16:59:13,055 - INFO - [pipeline.py:136] - "ChromaticAberrationTransformer","angle=342.10,edge_fade=1,shift=17.10"
2026-03-28 16:59:13,072 - INFO - [pipeline.py:136] - "MeltMorphTransformer","intensity=0.50"
2026-03-28 16:59:13,118 - INFO - [pipeline.py:136] - "WheelTransformer","blend=normal,copies=5"
2026-03-28 16:59:13,232 - INFO - [pipeline.py:136] - "VoronoiTransformer","edge_blend=1,num_points=279"
2026-03-28 16:59:13,239 - INFO - [pipeline.py:250] - [Grade: A] Saved to: /Users/kenfasano/Scripts/ScreenArt/Images/TransformedImages/peripheral_drift_15-A_cc1e.jpeg
2026-03-28 16:59:13,259 - INFO - [pipeline.py:136] - "KaleidoscopeTransformer","cx_off=0.16,cy_off=-0.12,segments=8"
2026-03-28 16:59:13,263 - INFO - [pipeline.py:136] - "PosterizationTransformer","levels=4"
2026-03-28 16:59:13,269 - INFO - [pipeline.py:250] - [Grade: A] Saved to: /Users/kenfasano/Scripts/ScreenArt/Images/TransformedImages/peripheral_drift_3-A_348d.jpeg
2026-03-28 16:59:13,284 - INFO - [pipeline.py:136] - "SwirlWarpTransformer","strength=1.50"
2026-03-28 16:59:13,295 - INFO - [pipeline.py:136] - "FluidWarpTransformer","alpha=0.56,sigma=3.36"
2026-03-28 16:59:13,387 - INFO - [pipeline.py:136] - "VoronoiTransformer","edge_blend=1,num_points=226"
2026-03-28 16:59:13,394 - INFO - [pipeline.py:250] - [Grade: A] Saved to: /Users/kenfasano/Scripts/ScreenArt/Images/TransformedImages/peripheral_drift_19-A_6372.jpeg
2026-03-28 16:59:13,404 - INFO - [pipeline.py:136] - "FisheyeTransformer","shape=oval,strength=0.64,zoom=0.87"
2026-03-28 16:59:13,419 - INFO - [pipeline.py:136] - "FluidWarpTransformer","alpha=6.78,sigma=7.64"
2026-03-28 16:59:13,427 - INFO - [pipeline.py:136] - "OilPaintingTransformer","dyn_ratio=2,size=4"
2026-03-28 16:59:13,432 - INFO - [pipeline.py:136] - "ColormapTransformer","map=autumn"
2026-03-28 16:59:13,438 - INFO - [pipeline.py:250] - [Grade: A] Saved to: /Users/kenfasano/Scripts/ScreenArt/Images/TransformedImages/peripheral_drift_12-A_8d8c.jpeg
2026-03-28 16:59:13,449 - INFO - [pipeline.py:136] - "ChromaticAberrationTransformer","angle=29.70,edge_fade=1,shift=4.50"
2026-03-28 16:59:13,480 - INFO - [pipeline.py:136] - "FlipWilsonTransformer","keep=top_right,narrow=0.48"
2026-03-28 16:59:13,546 - INFO - [pipeline.py:136] - "WatercolorTransformer","scale=0.85,style=monet"
2026-03-28 16:59:13,551 - INFO - [pipeline.py:136] - "ColormapTransformer","map=summer"
2026-03-28 16:59:13,558 - INFO - [pipeline.py:250] - [Grade: A] Saved to: /Users/kenfasano/Scripts/ScreenArt/Images/TransformedImages/peripheral_drift_8-A_bb8d.jpeg
2026-03-28 16:59:13,573 - INFO - [pipeline.py:136] - "SwirlWarpTransformer","strength=1.50"
2026-03-28 16:59:13,638 - INFO - [pipeline.py:136] - "WatercolorTransformer","scale=0.85,style=monet"
2026-03-28 16:59:13,659 - INFO - [pipeline.py:136] - "OilPaintingTransformer","dyn_ratio=6,size=8"
2026-03-28 16:59:13,666 - INFO - [pipeline.py:250] - [Grade: A] Saved to: /Users/kenfasano/Scripts/ScreenArt/Images/TransformedImages/peripheral_drift_4-A_7c18.jpeg
2026-03-28 16:59:13,719 - INFO - [pipeline.py:136] - "PixelSortTransformer","direction=cols,high=0.67,low=0.12,sort_key=red"
2026-03-28 16:59:13,759 - INFO - [pipeline.py:136] - "FlipWilsonTransformer","keep=top_right,narrow=0.48"
2026-03-28 16:59:13,766 - INFO - [pipeline.py:250] - [Grade: A] Saved to: /Users/kenfasano/Scripts/ScreenArt/Images/TransformedImages/peripheral_drift_5-A_5dcf.jpeg
2026-03-28 16:59:13,780 - INFO - [pipeline.py:136] - "ChromaticAberrationTransformer","angle=3.10,edge_fade=1,shift=5.50"
2026-03-28 16:59:13,830 - INFO - [pipeline.py:136] - "WheelTransformer","blend=normal,copies=5"
2026-03-28 16:59:13,837 - INFO - [pipeline.py:250] - [Grade: A] Saved to: /Users/kenfasano/Scripts/ScreenArt/Images/TransformedImages/peripheral_drift_9-A_8170.jpeg
2026-03-28 16:59:13,856 - INFO - [pipeline.py:136] - "KaleidoscopeTransformer","cx_off=0.12,cy_off=0.02,segments=4"
2026-03-28 16:59:13,868 - INFO - [pipeline.py:136] - "SwirlWarpTransformer","strength=1.50"
2026-03-28 16:59:13,884 - INFO - [pipeline.py:136] - "MeltMorphTransformer","intensity=0.50"
2026-03-28 16:59:13,895 - INFO - [pipeline.py:136] - "ThermalImagingTransformer","thermal=True"
2026-03-28 16:59:13,902 - INFO - [pipeline.py:250] - [Grade: C] Saved to: /Users/kenfasano/Scripts/ScreenArt/Images/TransformedImages/peripheral_drift_13-C_c6af.jpeg
2026-03-28 16:59:13,916 - INFO - [pipeline.py:136] - "DataMoshTransformer","intensity=0.02"
2026-03-28 16:59:13,923 - INFO - [pipeline.py:250] - [Grade: A] Saved to: /Users/kenfasano/Scripts/ScreenArt/Images/TransformedImages/peripheral_drift_10-A_93d4.jpeg
2026-03-28 16:59:13,934 - INFO - [pipeline.py:136] - "ChromaticAberrationTransformer","angle=271.30,edge_fade=1,shift=15.30"
2026-03-28 16:59:13,945 - INFO - [pipeline.py:136] - "FluidWarpTransformer","alpha=6.26,sigma=3.24"
2026-03-28 16:59:14,055 - INFO - [pipeline.py:136] - "PixelSortTransformer","direction=cols,high=0.73,low=0.20,sort_key=saturation"
2026-03-28 16:59:14,062 - INFO - [pipeline.py:250] - [Grade: A] Saved to: /Users/kenfasano/Scripts/ScreenArt/Images/TransformedImages/peripheral_drift_6-A_675c.jpeg
2026-03-28 16:59:14,071 - INFO - [pipeline.py:136] - "RadialWarpTransformer","radius=0.25,strength=115.67854916375721,style=push"
2026-03-28 16:59:14,087 - INFO - [pipeline.py:136] - "MeltMorphTransformer","intensity=0.50"
2026-03-28 16:59:14,100 - INFO - [pipeline.py:136] - "ThermalImagingTransformer","thermal=True"
2026-03-28 16:59:14,108 - INFO - [pipeline.py:136] - "ChromaticAberrationTransformer","angle=344.20,edge_fade=1,shift=17.10"
2026-03-28 16:59:14,114 - INFO - [pipeline.py:250] - [Grade: A] Saved to: /Users/kenfasano/Scripts/ScreenArt/Images/TransformedImages/peripheral_drift_7-A_eecb.jpeg
2026-03-28 16:59:14,149 - INFO - [pipeline.py:136] - "FlipWilsonTransformer","keep=top_right,narrow=0.48"
2026-03-28 16:59:14,158 - INFO - [pipeline.py:136] - "ChromaticAberrationTransformer","angle=45.70,edge_fade=1,shift=4.20"
2026-03-28 16:59:14,175 - INFO - [pipeline.py:136] - "MeltMorphTransformer","intensity=0.50"
2026-03-28 16:59:14,181 - INFO - [pipeline.py:136] - "RadialWarpTransformer","radius=0.25,strength=54.154040637230146,style=push"
2026-03-28 16:59:14,188 - INFO - [pipeline.py:250] - [Grade: A] Saved to: /Users/kenfasano/Scripts/ScreenArt/Images/TransformedImages/peripheral_drift_11-A_a059.jpeg
2026-03-28 16:59:14,209 - INFO - [pipeline.py:136] - "KaleidoscopeTransformer","cx_off=0.19,cy_off=0.14,segments=4"
2026-03-28 16:59:14,330 - INFO - [pipeline.py:136] - "VoronoiTransformer","edge_blend=1,num_points=304"
2026-03-28 16:59:14,343 - INFO - [pipeline.py:136] - "OilPaintingTransformer","dyn_ratio=6,size=6"
2026-03-28 16:59:14,354 - INFO - [pipeline.py:136] - "DataMoshTransformer","intensity=0.01"
2026-03-28 16:59:14,361 - INFO - [pipeline.py:250] - [Grade: A] Saved to: /Users/kenfasano/Scripts/ScreenArt/Images/TransformedImages/peripheral_drift_20-A_33ec.jpeg
2026-03-28 16:59:14,376 - INFO - [pipeline.py:136] - "ThermalImagingTransformer","thermal=True"
2026-03-28 16:59:14,384 - INFO - [pipeline.py:136] - "ChromaticAberrationTransformer","angle=249.40,edge_fade=1,shift=9.50"
2026-03-28 16:59:14,388 - INFO - [pipeline.py:136] - "PosterizationTransformer","levels=4"
2026-03-28 16:59:14,404 - INFO - [pipeline.py:136] - "MeltMorphTransformer","intensity=0.50"
2026-03-28 16:59:14,411 - INFO - [pipeline.py:250] - [Grade: A] Saved to: /Users/kenfasano/Scripts/ScreenArt/Images/TransformedImages/peripheral_drift_16-A_0be0.jpeg
2026-03-28 16:59:14,459 - INFO - [pipeline.py:136] - "WheelTransformer","blend=normal,copies=5"
2026-03-28 16:59:14,466 - INFO - [pipeline.py:250] - [Grade: A] Saved to: /Users/kenfasano/Scripts/ScreenArt/Images/TransformedImages/peripheral_drift_17-A_305a.jpeg
2026-03-28 16:59:14,618 - INFO - [pipeline.py:136] - "VoronoiTransformer","edge_blend=1,num_points=334"
2026-03-28 16:59:14,682 - INFO - [pipeline.py:136] - "WatercolorTransformer","scale=0.85,style=psychedelic"
2026-03-28 16:59:14,689 - INFO - [pipeline.py:250] - [Grade: F] Saved to: /Users/kenfasano/Scripts/ScreenArt/Images/Rejected/peripheral_drift_1-F_f7eb.jpeg
2026-03-28 16:59:14,695 - INFO - [pipeline.py:136] - "OilPaintingTransformer","dyn_ratio=6,size=6"
2026-03-28 16:59:14,697 - INFO - [pipeline.py:250] - [Grade: B] Saved to: /Users/kenfasano/Scripts/ScreenArt/Images/TransformedImages/static_mandala_0-B_71b6.jpeg
2026-03-28 16:59:14,810 - INFO - [pipeline.py:136] - "WheelTransformer","blend=normal,copies=5"
2026-03-28 16:59:14,850 - INFO - [pipeline.py:136] - "KaleidoscopeTransformer","cx_off=0.18,cy_off=0.13,segments=6"
2026-03-28 16:59:14,867 - INFO - [pipeline.py:136] - "ChromaticAberrationTransformer","angle=352.40,edge_fade=1,shift=9.80"
2026-03-28 16:59:14,881 - INFO - [pipeline.py:250] - [Grade: A] Saved to: /Users/kenfasano/Scripts/ScreenArt/Images/TransformedImages/static_mandala_1-A_518f.jpeg
2026-03-28 16:59:14,901 - INFO - [pipeline.py:136] - "FisheyeTransformer","shape=circle,strength=0.43,zoom=0.88"
2026-03-28 16:59:14,923 - INFO - [pipeline.py:136] - "FluidWarpTransformer","alpha=0.24,sigma=6.14"
2026-03-28 16:59:14,935 - INFO - [pipeline.py:250] - [Grade: A] Saved to: /Users/kenfasano/Scripts/ScreenArt/Images/TransformedImages/static_mandala_4-A_3666.jpeg
2026-03-28 16:59:15,560 - INFO - [pipeline.py:136] - "OilPaintingTransformer","dyn_ratio=6,size=8"
2026-03-28 16:59:15,678 - INFO - [pipeline.py:136] - "PosterizationTransformer","levels=4"
2026-03-28 16:59:16,185 - INFO - [pipeline.py:136] - "MeltMorphTransformer","intensity=0.50"
2026-03-28 16:59:16,331 - INFO - [pipeline.py:250] - [Grade: A] Saved to: /Users/kenfasano/Scripts/ScreenArt/Images/TransformedImages/static_mandala_5-A_c32d.jpeg
2026-03-28 16:59:16,627 - INFO - [pipeline.py:136] - "FluidWarpTransformer","alpha=6.51,sigma=3.03"
2026-03-28 16:59:16,741 - INFO - [pipeline.py:250] - [Grade: A] Saved to: /Users/kenfasano/Scripts/ScreenArt/Images/TransformedImages/static_mandala_2-A_eebd.jpeg
2026-03-28 16:59:17,075 - INFO - [pipeline.py:136] - "MeltMorphTransformer","intensity=0.50"
2026-03-28 16:59:17,173 - INFO - [pipeline.py:250] - [Grade: A] Saved to: /Users/kenfasano/Scripts/ScreenArt/Images/TransformedImages/static_mandala_3-A_6c8b.jpeg
2026-03-28 16:59:17,278 - INFO - [pipeline.py:136] - "OilPaintingTransformer","dyn_ratio=4,size=7"
2026-03-28 16:59:17,529 - INFO - [pipeline.py:136] - "WheelTransformer","blend=normal,copies=5"
2026-03-28 16:59:17,550 - INFO - [pipeline.py:136] - "PosterizationTransformer","levels=4"
2026-03-28 16:59:17,579 - INFO - [pipeline.py:250] - [Grade: A] Saved to: /Users/kenfasano/Scripts/ScreenArt/Images/TransformedImages/Luftbild-A_08a0.jpeg
2026-03-28 16:59:17,630 - INFO - [pipeline.py:136] - "ThermalImagingTransformer","thermal=True"
2026-03-28 16:59:17,749 - INFO - [pipeline.py:136] - "FlipWilsonTransformer","keep=top_right,narrow=0.48"
2026-03-28 16:59:17,810 - INFO - [pipeline.py:136] - "HalftoneTransformer","size=2"
2026-03-28 16:59:17,829 - INFO - [pipeline.py:250] - [Grade: A] Saved to: /Users/kenfasano/Scripts/ScreenArt/Images/TransformedImages/Global_S-A_bfd2.jpeg
2026-03-28 16:59:17,865 - INFO - [pipeline.py:136] - "RadialWarpTransformer","radius=0.25,strength=38.261366734555025,style=push"
2026-03-28 16:59:17,890 - INFO - [pipeline.py:250] - [Grade: A] Saved to: /Users/kenfasano/Scripts/ScreenArt/Images/TransformedImages/Blokada_-A_4314.jpeg
2026-03-28 16:59:17,965 - INFO - [pipeline.py:136] - "ThermalImagingTransformer","thermal=True"
2026-03-28 16:59:17,989 - INFO - [pipeline.py:136] - "OilPaintingTransformer","dyn_ratio=1,size=3"
2026-03-28 16:59:18,026 - INFO - [pipeline.py:136] - "GlitchWarpTransformer","intensity=0.01"
2026-03-28 16:59:18,058 - INFO - [pipeline.py:250] - [Grade: B] Saved to: /Users/kenfasano/Scripts/ScreenArt/Images/TransformedImages/Tussen_L-B_59da.jpeg
2026-03-28 16:59:18,103 - INFO - [pipeline.py:136] - "GlitchWarpTransformer","intensity=0.01"
2026-03-28 16:59:18,167 - INFO - [pipeline.py:136] - "KaleidoscopeTransformer","cx_off=0.10,cy_off=-0.08,segments=4"
2026-03-28 16:59:18,197 - INFO - [pipeline.py:250] - [Grade: A] Saved to: /Users/kenfasano/Scripts/ScreenArt/Images/TransformedImages/HK_WCN_香-A_4d91.jpeg
2026-03-28 16:59:18,198 - INFO - [main.py:195] - WatercolorTransformer
2026-03-28 16:59:18,200 - INFO - [main.py:195] - VoronoiTransformer
2026-03-28 16:59:18,200 - INFO - [main.py:195] - WheelTransformer
2026-03-28 16:59:18,200 - INFO - [main.py:195] - PixelSortTransformer
2026-03-28 16:59:18,200 - INFO - [main.py:195] - MeltMorphTransformer
2026-03-28 16:59:18,200 - INFO - [main.py:195] - FlipWilsonTransformer
2026-03-28 16:59:18,200 - INFO - [main.py:195] - OilPaintingTransformer
2026-03-28 16:59:18,200 - INFO - [main.py:195] - HalftoneTransformer
2026-03-28 16:59:18,200 - INFO - [main.py:195] - FluidWarpTransformer
2026-03-28 16:59:18,200 - INFO - [main.py:195] - KaleidoscopeTransformer
2026-03-28 16:59:18,200 - INFO - [main.py:195] - FractalWarpTransformer
2026-03-28 16:59:18,200 - INFO - [main.py:195] - ThermalImagingTransformer
2026-03-28 16:59:18,200 - INFO - [main.py:195] - PosterizationTransformer
2026-03-28 16:59:18,200 - INFO - [main.py:195] - GlitchWarpTransformer
2026-03-28 16:59:18,201 - INFO - [main.py:195] - SwirlWarpTransformer
2026-03-28 16:59:18,201 - INFO - [main.py:195] - DataMoshTransformer
2026-03-28 16:59:18,201 - INFO - [main.py:195] - FisheyeTransformer
2026-03-28 16:59:18,201 - INFO - [main.py:195] - RadialWarpTransformer
2026-03-28 16:59:18,201 - INFO - [main.py:195] - ChromaticAberrationTransformer
2026-03-28 16:59:18,201 - INFO - [main.py:195] - ColormapTransformer
2026-03-28 16:59:18,201 - INFO - [main.py:238] - 42s@16:59 ✓
Accepted: 82
Rejected: 8
---
Bible                      -> 12553ms
Peace                      ->  4199ms
Wiki                       ->  3767ms
Lojong                     ->  2280ms
NasaMapGenerator           ->  1527ms
Nasa                       ->  1335ms
GoesGenerator              ->   856ms
Bubbles                    ->   502ms
PeripheralDriftIllusion    ->   368ms
Cubes                      ->   184ms
MandalaDraw                ->    26ms
StaticMandala              ->    17ms
---
WatercolorTransformer            -> Min:    64ms | Avg:   175ms | Max:   253ms
VoronoiTransformer               -> Min:    60ms | Avg:   155ms | Max:   349ms
WheelTransformer                 -> Min:    45ms | Avg:   135ms | Max:   251ms
PixelSortTransformer             -> Min:    15ms | Avg:   110ms | Max:   353ms
MeltMorphTransformer             -> Min:    16ms | Avg:    82ms | Max:   508ms
FlipWilsonTransformer            -> Min:    25ms | Avg:    63ms | Max:   119ms
OilPaintingTransformer           -> Min:     5ms | Avg:    61ms | Max:   508ms
HalftoneTransformer              -> Min:    47ms | Avg:    50ms | Max:    64ms
FluidWarpTransformer             -> Min:    10ms | Avg:    47ms | Max:   233ms
KaleidoscopeTransformer          -> Min:    16ms | Avg:    37ms | Max:    63ms
FractalWarpTransformer           -> Min:    11ms | Avg:    32ms | Max:    39ms
ThermalImagingTransformer        -> Min:    10ms | Avg:    29ms | Max:    63ms
PosterizationTransformer         -> Min:     4ms | Avg:    27ms | Max:   118ms
GlitchWarpTransformer            -> Min:    11ms | Avg:    26ms | Max:    36ms
SwirlWarpTransformer             -> Min:    11ms | Avg:    24ms | Max:    38ms
DataMoshTransformer              -> Min:     5ms | Avg:    21ms | Max:    37ms
FisheyeTransformer               -> Min:     7ms | Avg:    20ms | Max:    28ms
RadialWarpTransformer            -> Min:     6ms | Avg:    17ms | Max:    28ms
ChromaticAberrationTransformer   -> Min:     4ms | Avg:    15ms | Max:    26ms
ColormapTransformer              -> Min:     5ms | Avg:    12ms | Max:    15ms
