2026-03-13 08:49:09,102 - INFO - [pipeline.py:47] - "PosterizationTransformer","levels=4"
2026-03-13 08:49:09,163 - INFO - [pipeline.py:47] - "HalftoneTransformer","size=2"
2026-03-13 08:49:09,197 - INFO - [pipeline.py:47] - "TritoneTransformer","highlight=#3aef75,mid=#f219a9,shadow=#1ae83d"
2026-03-13 08:49:09,215 - INFO - [pipeline.py:154] - [Grade: C] Saved to: /Users/kenfasano/Scripts/ScreenArt/Images/TransformedImages/bubbles_4-C.jpeg
2026-03-13 08:49:09,238 - INFO - [pipeline.py:47] - "InvertRGBTransformer","blend=0.83"
2026-03-13 08:49:09,284 - INFO - [pipeline.py:47] - "FractalWarpTransformer","iter=1,scale=0.05"
2026-03-13 08:49:09,336 - INFO - [pipeline.py:47] - "HalftoneTransformer","size=2"
2026-03-13 08:49:09,352 - INFO - [pipeline.py:154] - [Grade: A] Saved to: /Users/kenfasano/Scripts/ScreenArt/Images/TransformedImages/bubbles_8-A.jpeg
2026-03-13 08:49:09,469 - INFO - [pipeline.py:47] - "FlipWilsonTransformer","keep=bottom_right,narrow=0.43"
2026-03-13 08:49:09,593 - INFO - [pipeline.py:47] - "XrayTransformer","colors=128"
2026-03-13 08:49:09,624 - INFO - [pipeline.py:47] - "TritoneTransformer","highlight=#c075e4,mid=#4ba0e9,shadow=#e9c29f"
2026-03-13 08:49:09,662 - INFO - [pipeline.py:47] - "WheelTransformer","blend=lighter,copies=4"
2026-03-13 08:49:09,679 - INFO - [pipeline.py:154] - [Grade: A] Saved to: /Users/kenfasano/Scripts/ScreenArt/Images/TransformedImages/bubbles_9-A.jpeg
2026-03-13 08:49:09,725 - INFO - [pipeline.py:47] - "WheelTransformer","blend=lighter,copies=4"
2026-03-13 08:49:09,742 - INFO - [pipeline.py:154] - [Grade: A] Saved to: /Users/kenfasano/Scripts/ScreenArt/Images/TransformedImages/bubbles_5-A.jpeg
2026-03-13 08:49:09,867 - INFO - [pipeline.py:47] - "XrayTransformer","colors=64"
2026-03-13 08:49:09,903 - INFO - [pipeline.py:47] - "FractalWarpTransformer","iter=1,scale=0.05"
2026-03-13 08:49:09,951 - INFO - [pipeline.py:47] - "HalftoneTransformer","size=2"
2026-03-13 08:49:09,967 - INFO - [pipeline.py:154] - [Grade: C] Saved to: /Users/kenfasano/Scripts/ScreenArt/Images/TransformedImages/bubbles_2-C.jpeg
2026-03-13 08:49:10,010 - INFO - [pipeline.py:47] - "FractalWarpTransformer","iter=1,scale=0.05"
2026-03-13 08:49:10,059 - INFO - [pipeline.py:47] - "HalftoneTransformer","size=2"
2026-03-13 08:49:10,114 - INFO - [pipeline.py:47] - "AnamorphicTransformer","intensity=0.0,0.2,0.4,0.6,0.8,thresh=80"
2026-03-13 08:49:10,146 - INFO - [pipeline.py:47] - "FluidWarpTransformer","alpha=12.22,sigma=2.22"
2026-03-13 08:49:10,163 - INFO - [pipeline.py:154] - [Grade: A] Saved to: /Users/kenfasano/Scripts/ScreenArt/Images/TransformedImages/bubbles_3-A.jpeg
2026-03-13 08:49:10,244 - INFO - [pipeline.py:47] - "AnamorphicTransformer","intensity=0.0,0.2,0.4,0.6,0.8,thresh=80"
2026-03-13 08:49:10,455 - INFO - [pipeline.py:47] - "WatercolorTransformer","scale=0.85,style=psychedelic"
2026-03-13 08:49:10,490 - INFO - [pipeline.py:47] - "FractalWarpTransformer","iter=1,scale=0.05"
2026-03-13 08:49:10,522 - INFO - [pipeline.py:47] - "ThreeDExtrusionTransformer","ambient=0.48,intensity=0.50"
2026-03-13 08:49:10,538 - INFO - [pipeline.py:154] - [Grade: A] Saved to: /Users/kenfasano/Scripts/ScreenArt/Images/TransformedImages/bubbles_10-A.jpeg
2026-03-13 08:49:10,559 - INFO - [pipeline.py:47] - "ColormapTransformer","map=ocean"
2026-03-13 08:49:10,576 - INFO - [pipeline.py:154] - [Grade: A] Saved to: /Users/kenfasano/Scripts/ScreenArt/Images/TransformedImages/bubbles_1-A.jpeg
2026-03-13 08:49:10,622 - INFO - [pipeline.py:47] - "WheelTransformer","blend=lighter,copies=4"
2026-03-13 08:49:10,659 - INFO - [pipeline.py:47] - "ThermalImagingTransformer","thermal=True"
2026-03-13 08:49:10,670 - INFO - [pipeline.py:47] - "InvertRGBTransformer","blend=0.57"
2026-03-13 08:49:10,686 - INFO - [pipeline.py:154] - [Grade: F] Saved to: /Users/kenfasano/Scripts/ScreenArt/Images/Rejected/bubbles_6-F.jpeg
2026-03-13 08:49:10,743 - INFO - [pipeline.py:47] - "HalftoneTransformer","size=2"
2026-03-13 08:49:10,759 - INFO - [pipeline.py:154] - [Grade: A] Saved to: /Users/kenfasano/Scripts/ScreenArt/Images/TransformedImages/bubbles_7-A.jpeg
2026-03-13 08:49:10,797 - INFO - [pipeline.py:47] - "TritoneTransformer","highlight=#10ec45,mid=#2815ab,shadow=#de8bf5"
2026-03-13 08:49:10,825 - INFO - [pipeline.py:47] - "GlitchWarpTransformer","intensity=0.01"
2026-03-13 08:49:10,862 - INFO - [pipeline.py:47] - "ThermalImagingTransformer","thermal=True"
2026-03-13 08:49:10,894 - INFO - [pipeline.py:47] - "FisheyeTransformer","shape=oval,strength=0.41,zoom=0.89"
2026-03-13 08:49:10,914 - INFO - [pipeline.py:154] - [Grade: B] Saved to: /Users/kenfasano/Scripts/ScreenArt/Images/TransformedImages/cubes_2-B.jpeg
2026-03-13 08:49:10,965 - INFO - [pipeline.py:47] - "WheelTransformer","blend=lighter,copies=4"
2026-03-13 08:49:10,979 - INFO - [pipeline.py:47] - "PosterizationTransformer","levels=4"
2026-03-13 08:49:10,996 - INFO - [pipeline.py:154] - [Grade: A] Saved to: /Users/kenfasano/Scripts/ScreenArt/Images/TransformedImages/cubes_3-A.jpeg
2026-03-13 08:49:11,042 - INFO - [pipeline.py:47] - "WheelTransformer","blend=lighter,copies=4"
2026-03-13 08:49:11,068 - INFO - [pipeline.py:47] - "FisheyeTransformer","shape=oval,strength=0.49,zoom=0.90"
2026-03-13 08:49:11,078 - INFO - [pipeline.py:47] - "InvertRGBTransformer","blend=0.75"
2026-03-13 08:49:11,095 - INFO - [pipeline.py:154] - [Grade: B] Saved to: /Users/kenfasano/Scripts/ScreenArt/Images/TransformedImages/cubes_4-B.jpeg
2026-03-13 08:49:11,130 - INFO - [pipeline.py:47] - "GlitchWarpTransformer","intensity=0.01"
2026-03-13 08:49:11,149 - INFO - [pipeline.py:154] - [Grade: A] Saved to: /Users/kenfasano/Scripts/ScreenArt/Images/TransformedImages/cubes_5-A.jpeg
2026-03-13 08:49:11,190 - INFO - [pipeline.py:47] - "FluidWarpTransformer","alpha=12.93,sigma=2.46"
2026-03-13 08:49:11,207 - INFO - [pipeline.py:154] - [Grade: A] Saved to: /Users/kenfasano/Scripts/ScreenArt/Images/TransformedImages/cubes_6-A.jpeg
2026-03-13 08:49:11,253 - INFO - [pipeline.py:47] - "WheelTransformer","blend=lighter,copies=4"
2026-03-13 08:49:11,472 - INFO - [pipeline.py:47] - "WatercolorTransformer","scale=0.85,style=monet"
2026-03-13 08:49:11,498 - INFO - [pipeline.py:47] - "FisheyeTransformer","shape=oval,strength=0.78,zoom=0.87"
2026-03-13 08:49:11,583 - INFO - [pipeline.py:47] - "DuotoneTransformer","highlight=#fb79cb,shadow=#527526"
2026-03-13 08:49:11,599 - INFO - [pipeline.py:154] - [Grade: F] Saved to: /Users/kenfasano/Scripts/ScreenArt/Images/Rejected/cubes_1-F.jpeg
2026-03-13 08:49:11,609 - INFO - [pipeline.py:47] - "TritoneTransformer","highlight=#2218fb,mid=#6efcb1,shadow=#00937a"
2026-03-13 08:49:11,623 - INFO - [pipeline.py:47] - "AnamorphicTransformer","intensity=0.0,0.2,0.4,0.6,0.8,thresh=80"
2026-03-13 08:49:11,627 - INFO - [pipeline.py:154] - [Grade: F] Saved to: /Users/kenfasano/Scripts/ScreenArt/Images/Rejected/PhoenixHolyCowMosaicAPOD800-F.jpg
2026-03-13 08:49:11,661 - INFO - [pipeline.py:47] - "FlipWilsonTransformer","keep=bottom_right,narrow=0.43"
2026-03-13 08:49:11,666 - INFO - [pipeline.py:47] - "PosterizationTransformer","levels=4"
2026-03-13 08:49:11,673 - INFO - [pipeline.py:154] - [Grade: B] Saved to: /Users/kenfasano/Scripts/ScreenArt/Images/TransformedImages/ngc6188Kfir800-B.jpg
2026-03-13 08:49:11,712 - INFO - [pipeline.py:47] - "FlipWilsonTransformer","keep=bottom_right,narrow=0.43"
2026-03-13 08:49:11,726 - INFO - [pipeline.py:47] - "FluidWarpTransformer","alpha=9.23,sigma=4.30"
2026-03-13 08:49:11,743 - INFO - [pipeline.py:47] - "HalftoneTransformer","size=2"
2026-03-13 08:49:11,750 - INFO - [pipeline.py:154] - [Grade: A] Saved to: /Users/kenfasano/Scripts/ScreenArt/Images/TransformedImages/D100gas_HubbleSubaru_960-A.jpg
2026-03-13 08:49:11,780 - INFO - [pipeline.py:47] - "AnamorphicTransformer","intensity=0.0,0.2,0.4,0.6,0.8,thresh=80"
2026-03-13 08:49:11,785 - INFO - [pipeline.py:154] - [Grade: C] Saved to: /Users/kenfasano/Scripts/ScreenArt/Images/TransformedImages/ngc2683hager900rc-C.jpg
2026-03-13 08:49:11,797 - INFO - [pipeline.py:47] - "RadialWarpTransformer","radius=0.25,strength=41.337101049084666,50.44862847722296,style=pull,push"
2026-03-13 08:49:11,816 - INFO - [pipeline.py:47] - "AnamorphicTransformer","intensity=0.0,0.2,0.4,0.6,0.8,thresh=80"
2026-03-13 08:49:11,821 - INFO - [pipeline.py:154] - [Grade: A] Saved to: /Users/kenfasano/Scripts/ScreenArt/Images/TransformedImages/igrj11014_xray_label-A.jpg
2026-03-13 08:49:11,867 - INFO - [pipeline.py:47] - "FluidWarpTransformer","alpha=19.10,sigma=5.63"
2026-03-13 08:49:11,891 - INFO - [pipeline.py:47] - "WheelTransformer","blend=lighter,copies=4"
2026-03-13 08:49:11,903 - INFO - [pipeline.py:154] - [Grade: A] Saved to: /Users/kenfasano/Scripts/ScreenArt/Images/TransformedImages/GravityWaves_Claro_960-A.jpg
2026-03-13 08:49:11,929 - INFO - [pipeline.py:47] - "WheelTransformer","blend=lighter,copies=4"
2026-03-13 08:49:11,961 - INFO - [pipeline.py:47] - "DuotoneTransformer","highlight=#fe2a6c,shadow=#255bbe"
2026-03-13 08:49:11,979 - INFO - [pipeline.py:47] - "HalftoneTransformer","size=2"
2026-03-13 08:49:11,991 - INFO - [pipeline.py:47] - "ThreeDExtrusionTransformer","ambient=0.31,intensity=0.50"
2026-03-13 08:49:11,997 - INFO - [pipeline.py:154] - [Grade: F] Saved to: /Users/kenfasano/Scripts/ScreenArt/Images/Rejected/67P_210907_1024-F.jpg
2026-03-13 08:49:12,013 - INFO - [pipeline.py:47] - "DataMoshTransformer","intensity=0.01"
2026-03-13 08:49:12,033 - INFO - [pipeline.py:47] - "AnamorphicTransformer","intensity=0.0,0.2,0.4,0.6,0.8,thresh=80"
2026-03-13 08:49:12,039 - INFO - [pipeline.py:154] - [Grade: A] Saved to: /Users/kenfasano/Scripts/ScreenArt/Images/TransformedImages/halo_pano_beletsky-A.jpg
2026-03-13 08:49:12,063 - INFO - [pipeline.py:47] - "DataMoshTransformer","intensity=0.01"
2026-03-13 08:49:12,083 - INFO - [pipeline.py:47] - "FractalWarpTransformer","iter=1,scale=0.05"
2026-03-13 08:49:12,095 - INFO - [pipeline.py:47] - "RadialWarpTransformer","radius=0.25,strength=102.73994454564743,114.13917806867808,style=push,push"
2026-03-13 08:49:12,103 - INFO - [pipeline.py:154] - [Grade: A] Saved to: /Users/kenfasano/Scripts/ScreenArt/Images/TransformedImages/HyperionTrue_CassiniUgarkovic_960-A.jpg
2026-03-13 08:49:12,112 - INFO - [pipeline.py:47] - "SwirlWarpTransformer","strength=1.50"
2026-03-13 08:49:12,125 - INFO - [pipeline.py:47] - "AnamorphicTransformer","intensity=0.0,0.2,0.4,0.6,0.8,thresh=80"
2026-03-13 08:49:12,132 - INFO - [pipeline.py:47] - "RadialWarpTransformer","radius=0.25,strength=82.88735854071952,39.61589370580538,style=pull,push"
2026-03-13 08:49:12,137 - INFO - [pipeline.py:47] - "GlitchWarpTransformer","intensity=0.01"
2026-03-13 08:49:12,140 - INFO - [pipeline.py:154] - [Grade: F] Saved to: /Users/kenfasano/Scripts/ScreenArt/Images/Rejected/KeyholeMapped_moore_c2-F.jpg
2026-03-13 08:49:12,170 - INFO - [pipeline.py:47] - "TritoneTransformer","highlight=#bf05a5,mid=#a9a534,shadow=#66759d"
2026-03-13 08:49:12,187 - INFO - [pipeline.py:47] - "SwirlWarpTransformer","strength=1.50"
2026-03-13 08:49:12,204 - INFO - [pipeline.py:47] - "WheelTransformer","blend=lighter,copies=4"
2026-03-13 08:49:12,216 - INFO - [pipeline.py:47] - "FisheyeTransformer","shape=circle,strength=0.54,zoom=0.98"
2026-03-13 08:49:12,224 - INFO - [pipeline.py:154] - [Grade: F] Saved to: /Users/kenfasano/Scripts/ScreenArt/Images/Rejected/Abell2151crawford900-F.jpg
2026-03-13 08:49:12,277 - INFO - [pipeline.py:47] - "FluidWarpTransformer","alpha=16.18,sigma=5.16"
2026-03-13 08:49:12,376 - INFO - [pipeline.py:47] - "FlipWilsonTransformer","keep=bottom_right,narrow=0.43"
2026-03-13 08:49:12,414 - INFO - [pipeline.py:47] - "WheelTransformer","blend=lighter,copies=4"
2026-03-13 08:49:12,434 - INFO - [pipeline.py:47] - "RadialWarpTransformer","radius=0.25,strength=62.79824388997024,86.82793160354424,style=push,pull"
2026-03-13 08:49:12,452 - INFO - [pipeline.py:154] - [Grade: A] Saved to: /Users/kenfasano/Scripts/ScreenArt/Images/TransformedImages/nasa_earth_1_Paris_True_Color-A.jpeg
2026-03-13 08:49:12,489 - INFO - [pipeline.py:47] - "ThermalImagingTransformer","thermal=True"
2026-03-13 08:49:12,502 - INFO - [pipeline.py:154] - [Grade: A] Saved to: /Users/kenfasano/Scripts/ScreenArt/Images/TransformedImages/noaa_goes_1_se_Dust-A.jpeg
2026-03-13 08:49:12,643 - INFO - [pipeline.py:47] - "DataMoshTransformer","intensity=0.01"
2026-03-13 08:49:12,873 - INFO - [pipeline.py:47] - "FlipWilsonTransformer","keep=bottom_right,narrow=0.43"
2026-03-13 08:49:13,422 - INFO - [pipeline.py:47] - "WatercolorTransformer","scale=0.85,style=monet"
2026-03-13 08:49:13,565 - INFO - [pipeline.py:47] - "MeltMorphTransformer","intensity=0.50"
2026-03-13 08:49:13,608 - INFO - [pipeline.py:154] - [Grade: A] Saved to: /Users/kenfasano/Scripts/ScreenArt/Images/TransformedImages/1924_Col-A.jpeg
2026-03-13 08:49:13,613 - INFO - [pipeline.py:47] - "TritoneTransformer","highlight=#88f7f8,mid=#c31754,shadow=#17778b"
2026-03-13 08:49:13,616 - INFO - [pipeline.py:47] - "ThreeDExtrusionTransformer","ambient=0.59,intensity=0.50"
2026-03-13 08:49:13,618 - INFO - [pipeline.py:154] - [Grade: B] Saved to: /Users/kenfasano/Scripts/ScreenArt/Images/TransformedImages/500px-thumbnail-B.jpeg
2026-03-13 08:49:13,714 - INFO - [pipeline.py:47] - "GlitchWarpTransformer","intensity=0.01"
2026-03-13 08:49:13,849 - INFO - [pipeline.py:47] - "MeltMorphTransformer","intensity=0.50"
2026-03-13 08:49:13,953 - INFO - [pipeline.py:47] - "FluidWarpTransformer","alpha=5.81,sigma=4.54"
2026-03-13 08:49:14,053 - INFO - [pipeline.py:47] - "ThermalImagingTransformer","thermal=True"
2026-03-13 08:49:14,106 - INFO - [pipeline.py:154] - [Grade: B] Saved to: /Users/kenfasano/Scripts/ScreenArt/Images/TransformedImages/Cvet_u_m-B.jpeg
2026-03-13 08:49:14,122 - INFO - [pipeline.py:47] - "SwirlWarpTransformer","strength=1.50"
2026-03-13 08:49:14,128 - INFO - [pipeline.py:47] - "FisheyeTransformer","shape=oval,strength=0.68,zoom=1.13"
2026-03-13 08:49:14,137 - INFO - [pipeline.py:47] - "GlitchWarpTransformer","intensity=0.01"
2026-03-13 08:49:14,143 - INFO - [pipeline.py:154] - [Grade: A] Saved to: /Users/kenfasano/Scripts/ScreenArt/Images/TransformedImages/960px-SRSG_firs-A.jpeg
2026-03-13 08:49:14,188 - INFO - [pipeline.py:47] - "WheelTransformer","blend=lighter,copies=4"
2026-03-13 08:49:14,216 - INFO - [pipeline.py:47] - "GlitchWarpTransformer","intensity=0.01"
2026-03-13 08:49:14,226 - INFO - [pipeline.py:47] - "InvertRGBTransformer","blend=0.53"
2026-03-13 08:49:14,243 - INFO - [pipeline.py:154] - [Grade: F] Saved to: /Users/kenfasano/Scripts/ScreenArt/Images/Rejected/lojong_2-F-hero.jpeg
2026-03-13 08:49:14,288 - INFO - [pipeline.py:47] - "SwirlWarpTransformer","strength=1.50"
2026-03-13 08:49:14,305 - INFO - [pipeline.py:154] - [Grade: C] Saved to: /Users/kenfasano/Scripts/ScreenArt/Images/TransformedImages/lojong_3-C-scatter.jpeg
2026-03-13 08:49:14,324 - INFO - [pipeline.py:47] - "InvertRGBTransformer","blend=0.66"
2026-03-13 08:49:14,341 - INFO - [pipeline.py:154] - [Grade: F] Saved to: /Users/kenfasano/Scripts/ScreenArt/Images/Rejected/lojong_8-F-columns.jpeg
2026-03-13 08:49:14,385 - INFO - [pipeline.py:47] - "FractalWarpTransformer","iter=1,scale=0.05"
2026-03-13 08:49:14,422 - INFO - [pipeline.py:47] - "ThermalImagingTransformer","thermal=True"
2026-03-13 08:49:14,461 - INFO - [pipeline.py:47] - "DataMoshTransformer","intensity=0.02"
2026-03-13 08:49:14,477 - INFO - [pipeline.py:154] - [Grade: B] Saved to: /Users/kenfasano/Scripts/ScreenArt/Images/TransformedImages/lojong_4-B-scatter.jpeg
2026-03-13 08:49:14,705 - INFO - [pipeline.py:47] - "WatercolorTransformer","scale=0.85,style=psychedelic"
2026-03-13 08:49:14,759 - INFO - [pipeline.py:47] - "MeltMorphTransformer","intensity=0.50"
2026-03-13 08:49:14,777 - INFO - [pipeline.py:154] - [Grade: F] Saved to: /Users/kenfasano/Scripts/ScreenArt/Images/Rejected/lojong_5-F-columns.jpeg
2026-03-13 08:49:14,839 - INFO - [pipeline.py:47] - "AnamorphicTransformer","intensity=0.0,0.2,0.4,0.6,0.8,thresh=80"
2026-03-13 08:49:14,856 - INFO - [pipeline.py:154] - [Grade: A] Saved to: /Users/kenfasano/Scripts/ScreenArt/Images/TransformedImages/lojong_9-A-hero.jpeg
2026-03-13 08:49:14,891 - INFO - [pipeline.py:47] - "GlitchWarpTransformer","intensity=0.01"
2026-03-13 08:49:14,915 - INFO - [pipeline.py:47] - "RadialWarpTransformer","radius=0.25,strength=128.2924045071095,125.71180285173061,50.070740075394106,style=push,pull,pull"
2026-03-13 08:49:15,130 - INFO - [pipeline.py:47] - "WatercolorTransformer","scale=0.85,style=psychedelic"
2026-03-13 08:49:15,229 - INFO - [pipeline.py:47] - "FlipWilsonTransformer","keep=bottom_right,narrow=0.43"
2026-03-13 08:49:15,246 - INFO - [pipeline.py:154] - [Grade: C] Saved to: /Users/kenfasano/Scripts/ScreenArt/Images/TransformedImages/lojong_6-C-hero.jpeg
2026-03-13 08:49:15,471 - INFO - [pipeline.py:47] - "WatercolorTransformer","scale=0.85,style=monet"
2026-03-13 08:49:15,505 - INFO - [pipeline.py:47] - "TritoneTransformer","highlight=#e69682,mid=#c94287,shadow=#5f7951"
2026-03-13 08:49:15,555 - INFO - [pipeline.py:47] - "HalftoneTransformer","size=2"
2026-03-13 08:49:15,568 - INFO - [pipeline.py:47] - "ColormapTransformer","map=winter"
2026-03-13 08:49:15,584 - INFO - [pipeline.py:154] - [Grade: A] Saved to: /Users/kenfasano/Scripts/ScreenArt/Images/TransformedImages/lojong_7-A-tile.jpeg
2026-03-13 08:49:15,650 - INFO - [pipeline.py:47] - "AnamorphicTransformer","intensity=0.0,0.2,0.4,0.6,0.8,thresh=80"
2026-03-13 08:49:15,749 - INFO - [pipeline.py:47] - "FlipWilsonTransformer","keep=bottom_right,narrow=0.43"
2026-03-13 08:49:15,767 - INFO - [pipeline.py:154] - [Grade: C] Saved to: /Users/kenfasano/Scripts/ScreenArt/Images/TransformedImages/lojong_0-C-columns.jpeg
2026-03-13 08:49:15,859 - INFO - [pipeline.py:47] - "DuotoneTransformer","highlight=#75b418,shadow=#3556ef"
2026-03-13 08:49:15,890 - INFO - [pipeline.py:47] - "TritoneTransformer","highlight=#bb363a,mid=#2b1aa0,shadow=#6f48f7"
2026-03-13 08:49:15,943 - INFO - [pipeline.py:47] - "AnamorphicTransformer","intensity=0.0,0.2,0.4,0.6,0.8,thresh=80"
2026-03-13 08:49:15,978 - INFO - [pipeline.py:47] - "FractalWarpTransformer","iter=1,scale=0.05"
2026-03-13 08:49:15,995 - INFO - [pipeline.py:154] - [Grade: B] Saved to: /Users/kenfasano/Scripts/ScreenArt/Images/TransformedImages/lojong_1-B-columns.jpeg
2026-03-13 08:49:16,124 - INFO - [pipeline.py:47] - "XrayTransformer","colors=128"
2026-03-13 08:49:16,155 - INFO - [pipeline.py:47] - "FluidWarpTransformer","alpha=1.03,sigma=1.20"
2026-03-13 08:49:16,194 - INFO - [pipeline.py:47] - "SwirlWarpTransformer","strength=1.50"
2026-03-13 08:49:16,212 - INFO - [pipeline.py:154] - [Grade: A] Saved to: /Users/kenfasano/Scripts/ScreenArt/Images/TransformedImages/psalms_60-A-tile.jpeg
2026-03-13 08:49:16,248 - INFO - [pipeline.py:47] - "RadialWarpTransformer","radius=0.25,strength=62.351357847127055,54.98313885029147,style=push,pull"
2026-03-13 08:49:16,286 - INFO - [pipeline.py:47] - "FractalWarpTransformer","iter=1,scale=0.05"
2026-03-13 08:49:16,330 - INFO - [pipeline.py:47] - "SwirlWarpTransformer","strength=1.50"
2026-03-13 08:49:16,383 - INFO - [pipeline.py:47] - "FluidWarpTransformer","alpha=13.21,sigma=6.25"
2026-03-13 08:49:16,405 - INFO - [pipeline.py:154] - [Grade: A] Saved to: /Users/kenfasano/Scripts/ScreenArt/Images/TransformedImages/psalms_61-A-scatter.jpeg
2026-03-13 08:49:16,429 - INFO - [pipeline.py:47] - "ColormapTransformer","map=pink"
2026-03-13 08:49:16,462 - INFO - [pipeline.py:47] - "ThreeDExtrusionTransformer","ambient=0.46,intensity=0.50"
2026-03-13 08:49:16,507 - INFO - [pipeline.py:47] - "SwirlWarpTransformer","strength=1.50"
2026-03-13 08:49:16,526 - INFO - [pipeline.py:154] - [Grade: C] Saved to: /Users/kenfasano/Scripts/ScreenArt/Images/TransformedImages/psalms_27-C-scatter.jpeg
2026-03-13 08:49:16,562 - INFO - [pipeline.py:47] - "RadialWarpTransformer","radius=0.25,strength=111.62652941185014,117.40398128936945,style=push,pull"
2026-03-13 08:49:16,613 - INFO - [pipeline.py:47] - "HalftoneTransformer","size=2"
2026-03-13 08:49:16,643 - INFO - [pipeline.py:47] - "FisheyeTransformer","shape=circle,strength=0.54,zoom=0.96"
2026-03-13 08:49:16,660 - INFO - [pipeline.py:154] - [Grade: F] Saved to: /Users/kenfasano/Scripts/ScreenArt/Images/Rejected/psalms_71-F-columns.jpeg
2026-03-13 08:49:16,816 - INFO - [pipeline.py:47] - "XrayTransformer","colors=256"
2026-03-13 08:49:16,850 - INFO - [pipeline.py:47] - "ThreeDExtrusionTransformer","ambient=0.42,intensity=0.50"
2026-03-13 08:49:16,864 - INFO - [pipeline.py:47] - "ColormapTransformer","map=summer"
2026-03-13 08:49:16,929 - INFO - [pipeline.py:47] - "MeltMorphTransformer","intensity=0.50"
2026-03-13 08:49:16,949 - INFO - [pipeline.py:154] - [Grade: C] Saved to: /Users/kenfasano/Scripts/ScreenArt/Images/TransformedImages/psalms_67-C-tile.jpeg
2026-03-13 08:49:17,006 - INFO - [pipeline.py:47] - "FluidWarpTransformer","alpha=14.60,sigma=5.33"
2026-03-13 08:49:17,020 - INFO - [pipeline.py:47] - "PosterizationTransformer","levels=4"
2026-03-13 08:49:17,067 - INFO - [pipeline.py:47] - "WheelTransformer","blend=lighter,copies=4"
2026-03-13 08:49:17,115 - INFO - [pipeline.py:47] - "SwirlWarpTransformer","strength=1.50"
2026-03-13 08:49:17,134 - INFO - [pipeline.py:154] - [Grade: A] Saved to: /Users/kenfasano/Scripts/ScreenArt/Images/TransformedImages/psalms_29-A-columns.jpeg
2026-03-13 08:49:17,158 - INFO - [pipeline.py:47] - "PosterizationTransformer","levels=4"
2026-03-13 08:49:17,179 - INFO - [pipeline.py:154] - [Grade: C] Saved to: /Users/kenfasano/Scripts/ScreenArt/Images/TransformedImages/psalms_55-C-hero.jpeg
2026-03-13 08:49:17,228 - INFO - [pipeline.py:47] - "FractalWarpTransformer","iter=1,scale=0.05"
2026-03-13 08:49:17,239 - INFO - [pipeline.py:47] - "InvertRGBTransformer","blend=0.85"
2026-03-13 08:49:17,256 - INFO - [pipeline.py:154] - [Grade: A] Saved to: /Users/kenfasano/Scripts/ScreenArt/Images/TransformedImages/psalms_43-A-columns.jpeg
2026-03-13 08:49:17,281 - INFO - [pipeline.py:47] - "PosterizationTransformer","levels=4"
2026-03-13 08:49:17,300 - INFO - [pipeline.py:154] - [Grade: A] Saved to: /Users/kenfasano/Scripts/ScreenArt/Images/TransformedImages/psalms_104-A-columns.jpeg
2026-03-13 08:49:17,384 - INFO - [pipeline.py:47] - "AnamorphicTransformer","intensity=0.0,0.2,0.4,0.6,0.8,thresh=80"
2026-03-13 08:49:17,483 - INFO - [pipeline.py:47] - "FlipWilsonTransformer","keep=bottom_right,narrow=0.43"
2026-03-13 08:49:17,527 - INFO - [pipeline.py:47] - "FluidWarpTransformer","alpha=14.96,sigma=5.55"
2026-03-13 08:49:17,574 - INFO - [pipeline.py:47] - "HalftoneTransformer","size=2"
2026-03-13 08:49:17,591 - INFO - [pipeline.py:154] - [Grade: C] Saved to: /Users/kenfasano/Scripts/ScreenArt/Images/TransformedImages/psalms_79-C-hero.jpeg
2026-03-13 08:49:17,605 - INFO - [pipeline.py:47] - "FractalWarpTransformer","iter=1,scale=0.05"
2026-03-13 08:49:17,610 - INFO - [pipeline.py:47] - "ColormapTransformer","map=ocean"
2026-03-13 08:49:17,620 - INFO - [pipeline.py:47] - "ThreeDExtrusionTransformer","ambient=0.47,intensity=0.50"
2026-03-13 08:49:17,626 - INFO - [pipeline.py:154] - [Grade: A] Saved to: /Users/kenfasano/Scripts/ScreenArt/Images/TransformedImages/peripheral_drift_2-A.jpeg
2026-03-13 08:49:17,646 - INFO - [pipeline.py:47] - "AnamorphicTransformer","intensity=0.0,0.2,0.4,0.6,0.8,thresh=80"
2026-03-13 08:49:17,649 - INFO - [pipeline.py:47] - "InvertRGBTransformer","blend=0.79"
2026-03-13 08:49:17,654 - INFO - [pipeline.py:47] - "ColormapTransformer","map=hot"
2026-03-13 08:49:17,670 - INFO - [pipeline.py:47] - "XrayTransformer","colors=64"
2026-03-13 08:49:17,675 - INFO - [pipeline.py:154] - [Grade: F] Saved to: /Users/kenfasano/Scripts/ScreenArt/Images/Rejected/peripheral_drift_3-F.jpeg
2026-03-13 08:49:17,689 - INFO - [pipeline.py:47] - "ThermalImagingTransformer","thermal=True"
2026-03-13 08:49:17,695 - INFO - [pipeline.py:154] - [Grade: A] Saved to: /Users/kenfasano/Scripts/ScreenArt/Images/TransformedImages/peripheral_drift_1-A.jpeg
2026-03-13 08:49:17,695 - INFO - [main.py:196] - WatercolorTransformer
2026-03-13 08:49:17,695 - INFO - [main.py:196] - XrayTransformer
2026-03-13 08:49:17,695 - INFO - [main.py:196] - FlipWilsonTransformer
2026-03-13 08:49:17,695 - INFO - [main.py:196] - MeltMorphTransformer
2026-03-13 08:49:17,695 - INFO - [main.py:196] - DuotoneTransformer
2026-03-13 08:49:17,695 - INFO - [main.py:196] - DataMoshTransformer
2026-03-13 08:49:17,695 - INFO - [main.py:196] - HalftoneTransformer
2026-03-13 08:49:17,695 - INFO - [main.py:196] - FluidWarpTransformer
2026-03-13 08:49:17,695 - INFO - [main.py:196] - ThermalImagingTransformer
2026-03-13 08:49:17,695 - INFO - [main.py:196] - AnamorphicTransformer
2026-03-13 08:49:17,695 - INFO - [main.py:196] - WheelTransformer
2026-03-13 08:49:17,695 - INFO - [main.py:196] - FractalWarpTransformer
2026-03-13 08:49:17,695 - INFO - [main.py:196] - SwirlWarpTransformer
2026-03-13 08:49:17,695 - INFO - [main.py:196] - GlitchWarpTransformer
2026-03-13 08:49:17,695 - INFO - [main.py:196] - TritoneTransformer
2026-03-13 08:49:17,695 - INFO - [main.py:196] - FisheyeTransformer
2026-03-13 08:49:17,695 - INFO - [main.py:196] - ThreeDExtrusionTransformer
2026-03-13 08:49:17,695 - INFO - [main.py:196] - RadialWarpTransformer
2026-03-13 08:49:17,695 - INFO - [main.py:196] - PosterizationTransformer
2026-03-13 08:49:17,695 - INFO - [main.py:196] - ColormapTransformer
2026-03-13 08:49:17,695 - INFO - [main.py:196] - InvertRGBTransformer
2026-03-13 08:49:17,696 - INFO - [main.py:239] - 21s@08:49 ✓
Accepted: 45
Rejected: 11
---
Bible                      ->  4526ms
Wiki                       ->  3694ms
Lojong                     ->  1751ms
Nasa                       ->  1140ms
GoesGenerator              ->   543ms
Cubes                      ->   499ms
Bubbles                    ->   264ms
NasaMapGenerator           ->   122ms
PeripheralDriftIllusion    ->    40ms
---
WatercolorTransformer      -> Min:   210ms | Avg:   271ms | Max:   548ms
XrayTransformer            -> Min:    16ms | Avg:   105ms | Max:   147ms
FlipWilsonTransformer      -> Min:    30ms | Avg:   100ms | Max:   230ms
MeltMorphTransformer       -> Min:    54ms | Avg:    99ms | Max:   143ms
DuotoneTransformer         -> Min:    32ms | Avg:    67ms | Max:    84ms
DataMoshTransformer        -> Min:    12ms | Avg:    45ms | Max:   111ms
HalftoneTransformer        -> Min:    18ms | Avg:    44ms | Max:    61ms
FluidWarpTransformer       -> Min:    14ms | Avg:    43ms | Max:   104ms
ThermalImagingTransformer  -> Min:    12ms | Avg:    42ms | Max:   100ms
AnamorphicTransformer      -> Min:    13ms | Avg:    40ms | Max:    75ms
WheelTransformer           -> Min:    15ms | Avg:    34ms | Max:    46ms
FractalWarpTransformer     -> Min:    12ms | Avg:    33ms | Max:    46ms
SwirlWarpTransformer       -> Min:     7ms | Avg:    31ms | Max:    48ms
GlitchWarpTransformer      -> Min:     5ms | Avg:    27ms | Max:    68ms
TritoneTransformer         -> Min:     3ms | Avg:    23ms | Max:    34ms
FisheyeTransformer         -> Min:     6ms | Avg:    22ms | Max:    32ms
ThreeDExtrusionTransformer -> Min:     3ms | Avg:    20ms | Max:    34ms
RadialWarpTransformer      -> Min:     7ms | Avg:    17ms | Max:    26ms
PosterizationTransformer   -> Min:     4ms | Avg:    13ms | Max:    19ms
ColormapTransformer        -> Min:     5ms | Avg:    10ms | Max:    14ms
InvertRGBTransformer       -> Min:     3ms | Avg:    10ms | Max:    12ms
