2026-03-08 15:28:47,420 - INFO - [pipeline.py:44] - ColormapTransformer
2026-03-08 15:28:47,434 - INFO - [pipeline.py:44] - ThermalImagingTransformer
2026-03-08 15:28:47,478 - INFO - [pipeline.py:117] - [Grade: C] Saved to: /Users/kenfasano/Scripts/ScreenArt/Images/TransformedImages/bubbles_4-C.jpeg
2026-03-08 15:28:47,486 - INFO - [pipeline.py:44] - FisheyeTransformer
2026-03-08 15:28:47,539 - INFO - [pipeline.py:117] - [Grade: C] Saved to: /Users/kenfasano/Scripts/ScreenArt/Images/TransformedImages/bubbles_8-C.jpeg
2026-03-08 15:28:47,547 - INFO - [pipeline.py:44] - XrayTransformer
2026-03-08 15:28:47,671 - INFO - [pipeline.py:117] - [Grade: C] Saved to: /Users/kenfasano/Scripts/ScreenArt/Images/TransformedImages/bubbles_9-C.jpeg
2026-03-08 15:28:47,679 - INFO - [pipeline.py:44] - AnamorphicTransformer
2026-03-08 15:28:47,733 - INFO - [pipeline.py:44] - ThreeDExtrusionTransformer
2026-03-08 15:28:47,768 - INFO - [pipeline.py:44] - InvertRGBTransformer
2026-03-08 15:28:47,769 - INFO - [pipeline.py:44] - SwirlWarpTransformer
2026-03-08 15:28:47,826 - INFO - [pipeline.py:117] - [Grade: F] Saved to: /Users/kenfasano/Scripts/ScreenArt/Images/Rejected/bubbles_5-F.jpeg
2026-03-08 15:28:47,834 - INFO - [pipeline.py:44] - XrayTransformer
2026-03-08 15:28:47,934 - INFO - [pipeline.py:44] - ColormapTransformer
2026-03-08 15:28:47,946 - INFO - [pipeline.py:44] - WatercolorTransformer
2026-03-08 15:28:48,041 - INFO - [pipeline.py:117] - [Grade: F] Saved to: /Users/kenfasano/Scripts/ScreenArt/Images/Rejected/bubbles_2-F.jpeg
2026-03-08 15:28:48,050 - INFO - [pipeline.py:44] - ColormapTransformer
2026-03-08 15:28:48,078 - INFO - [pipeline.py:117] - [Grade: A] Saved to: /Users/kenfasano/Scripts/ScreenArt/Images/TransformedImages/bubbles_3-A.jpeg
2026-03-08 15:28:48,086 - INFO - [pipeline.py:44] - PosterizationTransformer
2026-03-08 15:28:48,091 - INFO - [pipeline.py:44] - XrayTransformer
2026-03-08 15:28:48,153 - INFO - [pipeline.py:117] - [Grade: F] Saved to: /Users/kenfasano/Scripts/ScreenArt/Images/Rejected/bubbles_10-F.jpeg
2026-03-08 15:28:48,161 - INFO - [pipeline.py:44] - AnamorphicTransformer
2026-03-08 15:28:48,218 - INFO - [pipeline.py:44] - WheelTransformer
2026-03-08 15:28:48,332 - INFO - [pipeline.py:44] - PosterizationTransformer
2026-03-08 15:28:48,351 - INFO - [pipeline.py:117] - [Grade: F] Saved to: /Users/kenfasano/Scripts/ScreenArt/Images/Rejected/bubbles_1-F.jpeg
2026-03-08 15:28:48,360 - INFO - [pipeline.py:44] - PosterizationTransformer
2026-03-08 15:28:48,380 - INFO - [pipeline.py:117] - [Grade: F] Saved to: /Users/kenfasano/Scripts/ScreenArt/Images/Rejected/bubbles_6-F.jpeg
2026-03-08 15:28:48,389 - INFO - [pipeline.py:44] - GlitchWarpTransformer
2026-03-08 15:28:48,416 - INFO - [pipeline.py:44] - SwirlWarpTransformer
2026-03-08 15:28:48,459 - INFO - [pipeline.py:44] - RadialWarpTransformer
2026-03-08 15:28:48,477 - INFO - [pipeline.py:44] - XrayTransformer
2026-03-08 15:28:48,661 - INFO - [pipeline.py:117] - [Grade: C] Saved to: /Users/kenfasano/Scripts/ScreenArt/Images/TransformedImages/bubbles_7-C.jpeg
2026-03-08 15:28:48,670 - INFO - [pipeline.py:44] - FractalWarpTransformer
2026-03-08 15:28:48,722 - INFO - [pipeline.py:117] - [Grade: C] Saved to: /Users/kenfasano/Scripts/ScreenArt/Images/TransformedImages/cubes_2-C.jpeg
2026-03-08 15:28:48,731 - INFO - [pipeline.py:44] - WheelTransformer
2026-03-08 15:28:48,865 - INFO - [pipeline.py:117] - [Grade: C] Saved to: /Users/kenfasano/Scripts/ScreenArt/Images/TransformedImages/cubes_3-C.jpeg
2026-03-08 15:28:48,874 - INFO - [pipeline.py:44] - MeltMorphTransformer
2026-03-08 15:28:48,930 - INFO - [pipeline.py:44] - PosterizationTransformer
2026-03-08 15:28:48,934 - INFO - [pipeline.py:44] - AnamorphicTransformer
2026-03-08 15:28:48,991 - INFO - [pipeline.py:117] - [Grade: F] Saved to: /Users/kenfasano/Scripts/ScreenArt/Images/Rejected/cubes_4-F.jpeg
2026-03-08 15:28:48,999 - INFO - [pipeline.py:44] - XrayTransformer
2026-03-08 15:28:49,131 - INFO - [pipeline.py:117] - [Grade: F] Saved to: /Users/kenfasano/Scripts/ScreenArt/Images/Rejected/cubes_5-F.jpeg
2026-03-08 15:28:49,139 - INFO - [pipeline.py:44] - SwirlWarpTransformer
2026-03-08 15:28:49,198 - INFO - [pipeline.py:117] - [Grade: C] Saved to: /Users/kenfasano/Scripts/ScreenArt/Images/TransformedImages/cubes_6-C.jpeg
2026-03-08 15:28:49,206 - INFO - [pipeline.py:44] - GlitchWarpTransformer
2026-03-08 15:28:49,233 - INFO - [pipeline.py:44] - DuotoneTransformer
2026-03-08 15:28:49,316 - INFO - [pipeline.py:44] - WatercolorTransformer
2026-03-08 15:28:49,412 - INFO - [pipeline.py:117] - [Grade: F] Saved to: /Users/kenfasano/Scripts/ScreenArt/Images/Rejected/cubes_1-F.jpeg
2026-03-08 15:28:49,419 - INFO - [pipeline.py:44] - ThermalImagingTransformer
2026-03-08 15:28:49,432 - INFO - [pipeline.py:44] - ColormapTransformer
2026-03-08 15:28:49,446 - INFO - [pipeline.py:117] - [Grade: B] Saved to: /Users/kenfasano/Scripts/ScreenArt/Images/TransformedImages/Hickson44_leshin1200-B.jpg
2026-03-08 15:28:49,452 - INFO - [pipeline.py:44] - AnamorphicTransformer
2026-03-08 15:28:49,480 - INFO - [pipeline.py:44] - GlitchWarpTransformer
2026-03-08 15:28:49,492 - INFO - [pipeline.py:44] - DataMoshTransformer
2026-03-08 15:28:49,519 - INFO - [pipeline.py:117] - [Grade: B] Saved to: /Users/kenfasano/Scripts/ScreenArt/Images/TransformedImages/RigelWitchHead_Mtanous_960-B.jpg
2026-03-08 15:28:49,524 - INFO - [pipeline.py:44] - RadialWarpTransformer
2026-03-08 15:28:49,541 - INFO - [pipeline.py:117] - [Grade: C] Saved to: /Users/kenfasano/Scripts/ScreenArt/Images/TransformedImages/StarryNight_VanGogh_970-C.jpg
2026-03-08 15:28:49,548 - INFO - [pipeline.py:44] - FluidWarpTransformer
2026-03-08 15:28:49,590 - INFO - [pipeline.py:44] - ThreeDExtrusionTransformer
2026-03-08 15:28:49,610 - INFO - [pipeline.py:44] - XrayTransformer
2026-03-08 15:28:49,682 - INFO - [pipeline.py:117] - [Grade: F] Saved to: /Users/kenfasano/Scripts/ScreenArt/Images/Rejected/TwoComets_Perrot_960-F.jpg
2026-03-08 15:28:49,684 - INFO - [pipeline.py:44] - RadialWarpTransformer
2026-03-08 15:28:49,686 - INFO - [pipeline.py:44] - FluidWarpTransformer
2026-03-08 15:28:49,696 - INFO - [pipeline.py:44] - WatercolorTransformer
2026-03-08 15:28:49,713 - INFO - [pipeline.py:44] - SwirlWarpTransformer
2026-03-08 15:28:49,725 - INFO - [pipeline.py:117] - [Grade: F] Saved to: /Users/kenfasano/Scripts/ScreenArt/Images/Rejected/vv2m81_long-F.jpg
2026-03-08 15:28:49,752 - INFO - [pipeline.py:44] - PosterizationTransformer
2026-03-08 15:28:49,753 - INFO - [pipeline.py:44] - FluidWarpTransformer
2026-03-08 15:28:49,774 - INFO - [pipeline.py:44] - DuotoneTransformer
2026-03-08 15:28:49,803 - INFO - [pipeline.py:44] - RadialWarpTransformer
2026-03-08 15:28:49,815 - INFO - [pipeline.py:117] - [Grade: F] Saved to: /Users/kenfasano/Scripts/ScreenArt/Images/Rejected/M24_2023grapod1024-F.jpg
2026-03-08 15:28:49,819 - INFO - [pipeline.py:44] - ThreeDExtrusionTransformer
2026-03-08 15:28:49,838 - INFO - [pipeline.py:117] - [Grade: F] Saved to: /Users/kenfasano/Scripts/ScreenArt/Images/Rejected/cenashells_ctio_960-F.jpg
2026-03-08 15:28:49,853 - INFO - [pipeline.py:44] - DataMoshTransformer
2026-03-08 15:28:49,868 - INFO - [pipeline.py:44] - AnamorphicTransformer
2026-03-08 15:28:49,904 - INFO - [pipeline.py:117] - [Grade: C] Saved to: /Users/kenfasano/Scripts/ScreenArt/Images/TransformedImages/PIA26556_1024-C.jpg
2026-03-08 15:28:49,906 - INFO - [pipeline.py:44] - HalftoneTransformer
2026-03-08 15:28:49,911 - INFO - [pipeline.py:44] - InvertRGBTransformer
2026-03-08 15:28:49,914 - INFO - [pipeline.py:117] - [Grade: F] Saved to: /Users/kenfasano/Scripts/ScreenArt/Images/Rejected/m51_hallas-F.jpg
2026-03-08 15:28:49,918 - INFO - [pipeline.py:44] - MeltMorphTransformer
2026-03-08 15:28:49,935 - INFO - [pipeline.py:44] - XrayTransformer
2026-03-08 15:28:50,015 - INFO - [pipeline.py:44] - TritoneTransformer
2026-03-08 15:28:50,024 - INFO - [pipeline.py:44] - FractalWarpTransformer
2026-03-08 15:28:50,041 - INFO - [pipeline.py:117] - [Grade: C] Saved to: /Users/kenfasano/Scripts/ScreenArt/Images/TransformedImages/moonset_dunlapsmith_annotated-C.jpg
2026-03-08 15:28:50,053 - INFO - [pipeline.py:44] - FisheyeTransformer
2026-03-08 15:28:50,077 - INFO - [pipeline.py:44] - FractalWarpTransformer
2026-03-08 15:28:50,112 - INFO - [pipeline.py:44] - HalftoneTransformer
2026-03-08 15:28:50,157 - INFO - [pipeline.py:117] - [Grade: F] Saved to: /Users/kenfasano/Scripts/ScreenArt/Images/Rejected/nasa_earth_1_Los_Angeles_True_Color-F.jpeg
2026-03-08 15:28:50,167 - INFO - [pipeline.py:44] - FluidWarpTransformer
2026-03-08 15:28:50,225 - INFO - [pipeline.py:117] - [Grade: B] Saved to: /Users/kenfasano/Scripts/ScreenArt/Images/TransformedImages/noaa_goes_1_se_Dust-B.jpeg
2026-03-08 15:28:50,240 - INFO - [pipeline.py:44] - WheelTransformer
2026-03-08 15:28:50,372 - INFO - [pipeline.py:44] - InvertRGBTransformer
2026-03-08 15:28:50,393 - INFO - [pipeline.py:117] - [Grade: F] Saved to: /Users/kenfasano/Scripts/ScreenArt/Images/Rejected/The_Rega-F.jpeg
2026-03-08 15:28:50,408 - INFO - [pipeline.py:44] - SwirlWarpTransformer
2026-03-08 15:28:50,477 - INFO - [pipeline.py:44] - TritoneTransformer
2026-03-08 15:28:50,517 - INFO - [pipeline.py:44] - WatercolorTransformer
2026-03-08 15:28:50,628 - INFO - [pipeline.py:44] - FluidWarpTransformer
2026-03-08 15:28:50,725 - INFO - [pipeline.py:117] - [Grade: F] Saved to: /Users/kenfasano/Scripts/ScreenArt/Images/Rejected/Románfal-F.jpeg
2026-03-08 15:28:50,735 - INFO - [pipeline.py:44] - GlitchWarpTransformer
2026-03-08 15:28:50,772 - INFO - [pipeline.py:44] - ThermalImagingTransformer
2026-03-08 15:28:50,832 - INFO - [pipeline.py:117] - [Grade: B] Saved to: /Users/kenfasano/Scripts/ScreenArt/Images/TransformedImages/Realcare-B.jpeg
2026-03-08 15:28:50,863 - INFO - [pipeline.py:44] - XrayTransformer
2026-03-08 15:28:51,096 - INFO - [pipeline.py:44] - MeltMorphTransformer
2026-03-08 15:28:51,202 - INFO - [pipeline.py:117] - [Grade: F] Saved to: /Users/kenfasano/Scripts/ScreenArt/Images/Rejected/Galveston_Tribu-F.jpeg
2026-03-08 15:28:51,217 - INFO - [pipeline.py:44] - XrayTransformer
2026-03-08 15:28:51,444 - INFO - [pipeline.py:44] - InvertRGBTransformer
2026-03-08 15:28:51,445 - INFO - [pipeline.py:44] - FractalWarpTransformer
2026-03-08 15:28:51,501 - INFO - [pipeline.py:44] - TritoneTransformer
2026-03-08 15:28:51,562 - INFO - [pipeline.py:117] - [Grade: F] Saved to: /Users/kenfasano/Scripts/ScreenArt/Images/Rejected/Recueil.-F.jpeg
2026-03-08 15:28:51,568 - INFO - [pipeline.py:44] - ColormapTransformer
2026-03-08 15:28:51,580 - INFO - [pipeline.py:44] - TritoneTransformer
2026-03-08 15:28:51,625 - INFO - [pipeline.py:117] - [Grade: F] Saved to: /Users/kenfasano/Scripts/ScreenArt/Images/Rejected/lojong_2-F.jpeg
2026-03-08 15:28:51,631 - INFO - [pipeline.py:44] - ColormapTransformer
2026-03-08 15:28:51,660 - INFO - [pipeline.py:117] - [Grade: F] Saved to: /Users/kenfasano/Scripts/ScreenArt/Images/Rejected/lojong_3-F.jpeg
2026-03-08 15:28:51,666 - INFO - [pipeline.py:44] - DuotoneTransformer
2026-03-08 15:28:51,751 - INFO - [pipeline.py:44] - TritoneTransformer
2026-03-08 15:28:51,782 - INFO - [pipeline.py:44] - RadialWarpTransformer
2026-03-08 15:28:51,815 - INFO - [pipeline.py:117] - [Grade: F] Saved to: /Users/kenfasano/Scripts/ScreenArt/Images/Rejected/lojong_8-F.jpeg
2026-03-08 15:28:51,822 - INFO - [pipeline.py:44] - GlitchWarpTransformer
2026-03-08 15:28:51,850 - INFO - [pipeline.py:44] - WheelTransformer
2026-03-08 15:28:51,964 - INFO - [pipeline.py:44] - InvertRGBTransformer
2026-03-08 15:28:51,980 - INFO - [pipeline.py:117] - [Grade: F] Saved to: /Users/kenfasano/Scripts/ScreenArt/Images/Rejected/lojong_4-F.jpeg
2026-03-08 15:28:51,988 - INFO - [pipeline.py:44] - ThermalImagingTransformer
2026-03-08 15:28:52,015 - INFO - [pipeline.py:44] - AnamorphicTransformer
2026-03-08 15:28:52,078 - INFO - [pipeline.py:44] - TritoneTransformer
2026-03-08 15:28:52,107 - INFO - [pipeline.py:44] - PosterizationTransformer
2026-03-08 15:28:52,129 - INFO - [pipeline.py:117] - [Grade: B] Saved to: /Users/kenfasano/Scripts/ScreenArt/Images/TransformedImages/lojong_5-B.jpeg
2026-03-08 15:28:52,136 - INFO - [pipeline.py:44] - XrayTransformer
2026-03-08 15:28:52,203 - INFO - [pipeline.py:44] - ColormapTransformer
2026-03-08 15:28:52,231 - INFO - [pipeline.py:117] - [Grade: F] Saved to: /Users/kenfasano/Scripts/ScreenArt/Images/Rejected/lojong_9-F.jpeg
2026-03-08 15:28:52,238 - INFO - [pipeline.py:44] - DataMoshTransformer
2026-03-08 15:28:52,292 - INFO - [pipeline.py:117] - [Grade: B] Saved to: /Users/kenfasano/Scripts/ScreenArt/Images/TransformedImages/lojong_6-B.jpeg
2026-03-08 15:28:52,299 - INFO - [pipeline.py:44] - DataMoshTransformer
2026-03-08 15:28:52,337 - INFO - [pipeline.py:44] - SwirlWarpTransformer
2026-03-08 15:28:52,384 - INFO - [pipeline.py:44] - MeltMorphTransformer
2026-03-08 15:28:52,440 - INFO - [pipeline.py:44] - ThreeDExtrusionTransformer
2026-03-08 15:28:52,488 - INFO - [pipeline.py:117] - [Grade: F] Saved to: /Users/kenfasano/Scripts/ScreenArt/Images/Rejected/lojong_7-F.jpeg
2026-03-08 15:28:52,495 - INFO - [pipeline.py:44] - ThermalImagingTransformer
2026-03-08 15:28:52,522 - INFO - [pipeline.py:44] - DuotoneTransformer
2026-03-08 15:28:52,606 - INFO - [pipeline.py:44] - WatercolorTransformer
2026-03-08 15:28:52,698 - INFO - [pipeline.py:117] - [Grade: C] Saved to: /Users/kenfasano/Scripts/ScreenArt/Images/TransformedImages/lojong_0-C.jpeg
2026-03-08 15:28:52,704 - INFO - [pipeline.py:44] - GlitchWarpTransformer
2026-03-08 15:28:52,732 - INFO - [pipeline.py:44] - WatercolorTransformer
2026-03-08 15:28:52,809 - INFO - [pipeline.py:44] - AnamorphicTransformer
2026-03-08 15:28:52,876 - INFO - [pipeline.py:117] - [Grade: A] Saved to: /Users/kenfasano/Scripts/ScreenArt/Images/TransformedImages/lojong_1-A.jpeg
2026-03-08 15:28:52,886 - INFO - [pipeline.py:44] - FlipWilsonTransformer
2026-03-08 15:28:52,963 - INFO - [pipeline.py:117] - [Grade: F] Saved to: /Users/kenfasano/Scripts/ScreenArt/Images/Rejected/psalms_77-F.jpeg
2026-03-08 15:28:52,970 - INFO - [pipeline.py:44] - WatercolorTransformer
2026-03-08 15:28:53,049 - INFO - [pipeline.py:44] - MeltMorphTransformer
2026-03-08 15:28:53,117 - INFO - [pipeline.py:117] - [Grade: F] Saved to: /Users/kenfasano/Scripts/ScreenArt/Images/Rejected/psalms_82-F.jpeg
2026-03-08 15:28:53,124 - INFO - [pipeline.py:44] - GlitchWarpTransformer
2026-03-08 15:28:53,151 - INFO - [pipeline.py:44] - PosterizationTransformer
2026-03-08 15:28:53,155 - INFO - [pipeline.py:44] - RadialWarpTransformer
2026-03-08 15:28:53,184 - INFO - [pipeline.py:117] - [Grade: F] Saved to: /Users/kenfasano/Scripts/ScreenArt/Images/Rejected/psalms_137-F.jpeg
2026-03-08 15:28:53,191 - INFO - [pipeline.py:44] - DuotoneTransformer
2026-03-08 15:28:53,275 - INFO - [pipeline.py:44] - ThermalImagingTransformer
2026-03-08 15:28:53,302 - INFO - [pipeline.py:44] - GlitchWarpTransformer
2026-03-08 15:28:53,329 - INFO - [pipeline.py:44] - ColormapTransformer
2026-03-08 15:28:53,356 - INFO - [pipeline.py:117] - [Grade: F] Saved to: /Users/kenfasano/Scripts/ScreenArt/Images/Rejected/psalms_30-F.jpeg
2026-03-08 15:28:53,366 - INFO - [pipeline.py:44] - HalftoneTransformer
2026-03-08 15:28:53,396 - INFO - [pipeline.py:44] - FisheyeTransformer
2026-03-08 15:28:53,420 - INFO - [pipeline.py:44] - RadialWarpTransformer
2026-03-08 15:28:53,433 - INFO - [pipeline.py:44] - ThreeDExtrusionTransformer
2026-03-08 15:28:53,478 - INFO - [pipeline.py:117] - [Grade: F] Saved to: /Users/kenfasano/Scripts/ScreenArt/Images/Rejected/psalms_25-F.jpeg
2026-03-08 15:28:53,485 - INFO - [pipeline.py:44] - DataMoshTransformer
2026-03-08 15:28:53,521 - INFO - [pipeline.py:44] - GlitchWarpTransformer
2026-03-08 15:28:53,548 - INFO - [pipeline.py:44] - ColormapTransformer
2026-03-08 15:28:53,576 - INFO - [pipeline.py:117] - [Grade: C] Saved to: /Users/kenfasano/Scripts/ScreenArt/Images/TransformedImages/psalms_122-C.jpeg
2026-03-08 15:28:53,584 - INFO - [pipeline.py:44] - HalftoneTransformer
2026-03-08 15:28:53,629 - INFO - [pipeline.py:117] - [Grade: F] Saved to: /Users/kenfasano/Scripts/ScreenArt/Images/Rejected/psalms_73-F.jpeg
2026-03-08 15:28:53,636 - INFO - [pipeline.py:44] - FluidWarpTransformer
2026-03-08 15:28:53,742 - INFO - [pipeline.py:117] - [Grade: F] Saved to: /Users/kenfasano/Scripts/ScreenArt/Images/Rejected/psalms_43-F.jpeg
2026-03-08 15:28:53,750 - INFO - [pipeline.py:44] - XrayTransformer
2026-03-08 15:28:53,853 - INFO - [pipeline.py:44] - WatercolorTransformer
2026-03-08 15:28:53,931 - INFO - [pipeline.py:44] - ColormapTransformer
2026-03-08 15:28:53,942 - INFO - [pipeline.py:44] - HalftoneTransformer
2026-03-08 15:28:53,987 - INFO - [pipeline.py:117] - [Grade: F] Saved to: /Users/kenfasano/Scripts/ScreenArt/Images/Rejected/psalms_80-F.jpeg
2026-03-08 15:28:53,991 - INFO - [pipeline.py:44] - HalftoneTransformer
2026-03-08 15:28:54,001 - INFO - [pipeline.py:44] - FisheyeTransformer
2026-03-08 15:28:54,013 - INFO - [pipeline.py:117] - [Grade: F] Saved to: /Users/kenfasano/Scripts/ScreenArt/Images/Rejected/peripheral_drift_2-F.jpeg
2026-03-08 15:28:54,016 - INFO - [pipeline.py:44] - GlitchWarpTransformer
2026-03-08 15:28:54,024 - INFO - [pipeline.py:44] - AnamorphicTransformer
2026-03-08 15:28:54,047 - INFO - [pipeline.py:117] - [Grade: A] Saved to: /Users/kenfasano/Scripts/ScreenArt/Images/TransformedImages/peripheral_drift_3-A.jpeg
2026-03-08 15:28:54,049 - INFO - [pipeline.py:44] - HalftoneTransformer
2026-03-08 15:28:54,059 - INFO - [pipeline.py:44] - FluidWarpTransformer
2026-03-08 15:28:54,069 - INFO - [pipeline.py:44] - DuotoneTransformer
2026-03-08 15:28:54,095 - INFO - [pipeline.py:44] - MeltMorphTransformer
2026-03-08 15:28:54,116 - INFO - [pipeline.py:117] - [Grade: F] Saved to: /Users/kenfasano/Scripts/ScreenArt/Images/Rejected/peripheral_drift_1-F.jpeg
2026-03-08 15:28:54,122 - INFO - [pipeline.py:44] - SwirlWarpTransformer
2026-03-08 15:28:54,164 - INFO - [pipeline.py:44] - XrayTransformer
2026-03-08 15:28:54,262 - INFO - [pipeline.py:44] - TritoneTransformer
2026-03-08 15:28:54,306 - INFO - [pipeline.py:117] - [Grade: F] Saved to: /Users/kenfasano/Scripts/ScreenArt/Images/Rejected/koch_snowflake_3_1-F.jpeg
2026-03-08 15:28:54,312 - INFO - [pipeline.py:44] - ThreeDExtrusionTransformer
2026-03-08 15:28:54,342 - INFO - [pipeline.py:44] - RadialWarpTransformer
2026-03-08 15:28:54,359 - INFO - [pipeline.py:44] - TritoneTransformer
2026-03-08 15:28:54,402 - INFO - [pipeline.py:117] - [Grade: F] Saved to: /Users/kenfasano/Scripts/ScreenArt/Images/Rejected/koch_snowflake_3_2-F.jpeg
2026-03-08 15:28:54,408 - INFO - [pipeline.py:44] - FlipWilsonTransformer
2026-03-08 15:28:54,465 - INFO - [pipeline.py:44] - DataMoshTransformer
2026-03-08 15:28:54,516 - INFO - [pipeline.py:117] - [Grade: C] Saved to: /Users/kenfasano/Scripts/ScreenArt/Images/TransformedImages/koch_snowflake_3_3-C.jpeg
2026-03-08 15:28:54,522 - INFO - [pipeline.py:44] - FlipWilsonTransformer
2026-03-08 15:28:54,596 - INFO - [pipeline.py:117] - [Grade: C] Saved to: /Users/kenfasano/Scripts/ScreenArt/Images/TransformedImages/koch_snowflake_3_4-C.jpeg
2026-03-08 15:28:54,603 - INFO - [pipeline.py:44] - WheelTransformer
2026-03-08 15:28:54,731 - INFO - [pipeline.py:117] - [Grade: A] Saved to: /Users/kenfasano/Scripts/ScreenArt/Images/TransformedImages/koch_snowflake_3_5-A.jpeg
2026-03-08 15:28:54,745 - INFO - [pipeline.py:44] - FisheyeTransformer
2026-03-08 15:28:54,789 - INFO - [pipeline.py:117] - [Grade: C] Saved to: /Users/kenfasano/Scripts/ScreenArt/Images/TransformedImages/hilbert_5-C.jpg
2026-03-08 15:28:54,800 - INFO - [pipeline.py:44] - XrayTransformer
2026-03-08 15:28:54,912 - INFO - [pipeline.py:44] - FisheyeTransformer
2026-03-08 15:28:54,935 - INFO - [pipeline.py:44] - PosterizationTransformer
2026-03-08 15:28:54,940 - INFO - [pipeline.py:44] - MeltMorphTransformer
2026-03-08 15:28:55,007 - INFO - [pipeline.py:117] - [Grade: F] Saved to: /Users/kenfasano/Scripts/ScreenArt/Images/Rejected/hilbert_4-F.jpg
2026-03-08 15:28:55,021 - INFO - [pipeline.py:44] - ThermalImagingTransformer
2026-03-08 15:28:55,065 - INFO - [pipeline.py:117] - [Grade: F] Saved to: /Users/kenfasano/Scripts/ScreenArt/Images/Rejected/hilbert_1-F.jpg
2026-03-08 15:28:55,073 - INFO - [pipeline.py:44] - PosterizationTransformer
2026-03-08 15:28:55,078 - INFO - [pipeline.py:44] - WatercolorTransformer
2026-03-08 15:28:55,154 - INFO - [pipeline.py:44] - MeltMorphTransformer
2026-03-08 15:28:55,207 - INFO - [pipeline.py:44] - AnamorphicTransformer
2026-03-08 15:28:55,263 - INFO - [pipeline.py:117] - [Grade: F] Saved to: /Users/kenfasano/Scripts/ScreenArt/Images/Rejected/hilbert_3-F.jpg
2026-03-08 15:28:55,273 - INFO - [pipeline.py:44] - PosterizationTransformer
2026-03-08 15:28:55,278 - INFO - [pipeline.py:44] - FluidWarpTransformer
2026-03-08 15:28:55,371 - INFO - [pipeline.py:117] - [Grade: F] Saved to: /Users/kenfasano/Scripts/ScreenArt/Images/Rejected/hilbert_2-F.jpg
2026-03-08 15:28:55,372 - INFO - [main.py:196] - WheelTransformer
2026-03-08 15:28:55,372 - INFO - [main.py:196] - XrayTransformer
2026-03-08 15:28:55,372 - INFO - [main.py:196] - WatercolorTransformer
2026-03-08 15:28:55,372 - INFO - [main.py:196] - DuotoneTransformer
2026-03-08 15:28:55,372 - INFO - [main.py:196] - FlipWilsonTransformer
2026-03-08 15:28:55,372 - INFO - [main.py:196] - MeltMorphTransformer
2026-03-08 15:28:55,372 - INFO - [main.py:196] - FluidWarpTransformer
2026-03-08 15:28:55,372 - INFO - [main.py:196] - AnamorphicTransformer
2026-03-08 15:28:55,372 - INFO - [main.py:196] - SwirlWarpTransformer
2026-03-08 15:28:55,372 - INFO - [main.py:196] - FractalWarpTransformer
2026-03-08 15:28:55,372 - INFO - [main.py:196] - TritoneTransformer
2026-03-08 15:28:55,372 - INFO - [main.py:196] - DataMoshTransformer
2026-03-08 15:28:55,372 - INFO - [main.py:196] - ThreeDExtrusionTransformer
2026-03-08 15:28:55,372 - INFO - [main.py:196] - ThermalImagingTransformer
2026-03-08 15:28:55,372 - INFO - [main.py:196] - GlitchWarpTransformer
2026-03-08 15:28:55,372 - INFO - [main.py:196] - FisheyeTransformer
2026-03-08 15:28:55,372 - INFO - [main.py:196] - HalftoneTransformer
2026-03-08 15:28:55,372 - INFO - [main.py:196] - RadialWarpTransformer
2026-03-08 15:28:55,372 - INFO - [main.py:196] - ColormapTransformer
2026-03-08 15:28:55,372 - INFO - [main.py:196] - PosterizationTransformer
2026-03-08 15:28:55,372 - INFO - [main.py:196] - InvertRGBTransformer
2026-03-08 15:28:55,372 - INFO - [main.py:239] - 15s@15:28 ✓
Accepted: 25
Rejected: 40
---
Wiki                       ->  3225ms
Nasa                       ->  1076ms
Bible                      ->   621ms
GoesGenerator              ->   501ms
Cubes                      ->   481ms
Lojong                     ->   390ms
KochSnowflake              ->   298ms
Bubbles                    ->   245ms
Hilbert                    ->    76ms
NasaMapGenerator           ->    47ms
PeripheralDriftIllusion    ->    47ms
---
WheelTransformer           -> Min:   112ms | Avg:   118ms | Max:   133ms
XrayTransformer            -> Min:    47ms | Avg:   117ms | Max:   232ms
WatercolorTransformer      -> Min:    17ms | Avg:    75ms | Max:   111ms
DuotoneTransformer         -> Min:    26ms | Avg:    65ms | Max:    84ms
FlipWilsonTransformer      -> Min:    57ms | Avg:    59ms | Max:    61ms
MeltMorphTransformer       -> Min:    16ms | Avg:    48ms | Max:    82ms
FluidWarpTransformer       -> Min:     9ms | Avg:    46ms | Max:    90ms
AnamorphicTransformer      -> Min:    17ms | Avg:    42ms | Max:    63ms
SwirlWarpTransformer       -> Min:     9ms | Avg:    42ms | Max:    70ms
FractalWarpTransformer     -> Min:    12ms | Avg:    34ms | Max:    55ms
TritoneTransformer         -> Min:     9ms | Avg:    30ms | Max:    41ms
DataMoshTransformer        -> Min:    14ms | Avg:    30ms | Max:    38ms
ThreeDExtrusionTransformer -> Min:    11ms | Avg:    26ms | Max:    35ms
ThermalImagingTransformer  -> Min:    13ms | Avg:    26ms | Max:    36ms
GlitchWarpTransformer      -> Min:     8ms | Avg:    25ms | Max:    36ms
FisheyeTransformer         -> Min:     7ms | Avg:    23ms | Max:    36ms
HalftoneTransformer        -> Min:     5ms | Avg:    20ms | Max:    30ms
RadialWarpTransformer      -> Min:     3ms | Avg:    12ms | Max:    17ms
ColormapTransformer        -> Min:     5ms | Avg:    11ms | Max:    14ms
PosterizationTransformer   -> Min:     1ms | Avg:     4ms | Max:     6ms
InvertRGBTransformer       -> Min:     0ms | Avg:     1ms | Max:     1ms
