2026-03-10 17:49:54,924 - INFO - [pipeline.py:48] - "ColormapTransformer","map=hot"
2026-03-10 17:49:54,956 - INFO - [pipeline.py:48] - "TritoneTransformer","highlight=#5f6cf1,mid=#1e87ef,shadow=#5016d9"
2026-03-10 17:49:54,974 - INFO - [pipeline.py:146] - [Grade: A] Saved to: /Users/kenfasano/Scripts/ScreenArt/Images/TransformedImages/bubbles_4-A.jpeg
2026-03-10 17:49:55,008 - INFO - [pipeline.py:48] - "RadialWarpTransformer","radius=0.25,strength=53.600773920199856,51.904420716883465,109.68728481025602,style=push,pull,push"
2026-03-10 17:49:55,050 - INFO - [pipeline.py:48] - "FluidWarpTransformer","alpha=15.75,sigma=3.64"
2026-03-10 17:49:55,067 - INFO - [pipeline.py:146] - [Grade: A] Saved to: /Users/kenfasano/Scripts/ScreenArt/Images/TransformedImages/bubbles_8-A.jpeg
2026-03-10 17:49:55,120 - INFO - [pipeline.py:48] - "SwirlWarpTransformer","strength=1.50"
2026-03-10 17:49:55,157 - INFO - [pipeline.py:48] - "FisheyeTransformer","shape=circle,strength=0.60,zoom=1.12"
2026-03-10 17:49:55,263 - INFO - [pipeline.py:48] - "FlipWilsonTransformer","keep=bottom_right,narrow=0.41"
2026-03-10 17:49:55,276 - INFO - [pipeline.py:48] - "ColormapTransformer","map=autumn"
2026-03-10 17:49:55,295 - INFO - [pipeline.py:146] - [Grade: A] Saved to: /Users/kenfasano/Scripts/ScreenArt/Images/TransformedImages/bubbles_9-A.jpeg
2026-03-10 17:49:55,411 - INFO - [pipeline.py:48] - "FlipWilsonTransformer","keep=bottom_right,narrow=0.41"
2026-03-10 17:49:55,470 - INFO - [pipeline.py:48] - "MeltMorphTransformer","intensity=0.50"
2026-03-10 17:49:55,510 - INFO - [pipeline.py:48] - "SwirlWarpTransformer","strength=1.50"
2026-03-10 17:49:55,527 - INFO - [pipeline.py:146] - [Grade: A] Saved to: /Users/kenfasano/Scripts/ScreenArt/Images/TransformedImages/bubbles_5-A.jpeg
2026-03-10 17:49:55,583 - INFO - [pipeline.py:48] - "HalftoneTransformer","size=2"
2026-03-10 17:49:55,619 - INFO - [pipeline.py:48] - "FractalWarpTransformer","iter=1,scale=0.05"
2026-03-10 17:49:55,654 - INFO - [pipeline.py:48] - "ThermalImagingTransformer","thermal=True"
2026-03-10 17:49:55,670 - INFO - [pipeline.py:146] - [Grade: A] Saved to: /Users/kenfasano/Scripts/ScreenArt/Images/TransformedImages/bubbles_2-A.jpeg
2026-03-10 17:49:55,689 - INFO - [pipeline.py:48] - "InvertRGBTransformer","blend=0.59"
2026-03-10 17:49:55,706 - INFO - [pipeline.py:146] - [Grade: F] Saved to: /Users/kenfasano/Scripts/ScreenArt/Images/Rejected/bubbles_3-F.jpeg
2026-03-10 17:49:55,753 - INFO - [pipeline.py:48] - "SwirlWarpTransformer","strength=1.50"
2026-03-10 17:49:55,788 - INFO - [pipeline.py:48] - "FractalWarpTransformer","iter=1,scale=0.05"
2026-03-10 17:49:55,889 - INFO - [pipeline.py:48] - "WheelTransformer","blend=normal,copies=3"
2026-03-10 17:49:55,981 - INFO - [pipeline.py:48] - "DuotoneTransformer","highlight=#360492,shadow=#6de998"
2026-03-10 17:49:55,998 - INFO - [pipeline.py:146] - [Grade: A] Saved to: /Users/kenfasano/Scripts/ScreenArt/Images/TransformedImages/bubbles_10-A.jpeg
2026-03-10 17:49:56,024 - INFO - [pipeline.py:48] - "RadialWarpTransformer","radius=0.25,strength=129.35101170215012,style=push"
2026-03-10 17:49:56,246 - INFO - [pipeline.py:48] - "WatercolorTransformer","scale=0.85,style=monet"
2026-03-10 17:49:56,264 - INFO - [pipeline.py:146] - [Grade: A] Saved to: /Users/kenfasano/Scripts/ScreenArt/Images/TransformedImages/bubbles_1-A.jpeg
2026-03-10 17:49:56,289 - INFO - [pipeline.py:48] - "RadialWarpTransformer","radius=0.25,strength=83.66269862641701,style=pull"
2026-03-10 17:49:56,306 - INFO - [pipeline.py:146] - [Grade: A] Saved to: /Users/kenfasano/Scripts/ScreenArt/Images/TransformedImages/bubbles_6-A.jpeg
2026-03-10 17:49:56,435 - INFO - [pipeline.py:48] - "XrayTransformer","colors=64"
2026-03-10 17:49:56,653 - INFO - [pipeline.py:48] - "WatercolorTransformer","scale=0.85,style=monet"
2026-03-10 17:49:56,678 - INFO - [pipeline.py:48] - "FisheyeTransformer","shape=circle,strength=0.48,zoom=0.95"
2026-03-10 17:49:56,694 - INFO - [pipeline.py:146] - [Grade: F] Saved to: /Users/kenfasano/Scripts/ScreenArt/Images/Rejected/bubbles_7-F.jpeg
2026-03-10 17:49:56,795 - INFO - [pipeline.py:48] - "DuotoneTransformer","highlight=#78e918,shadow=#911a8f"
2026-03-10 17:49:57,016 - INFO - [pipeline.py:48] - "WatercolorTransformer","scale=0.85,style=monet"
2026-03-10 17:49:57,032 - INFO - [pipeline.py:146] - [Grade: F] Saved to: /Users/kenfasano/Scripts/ScreenArt/Images/Rejected/cubes_2-F.jpeg
2026-03-10 17:49:57,079 - INFO - [pipeline.py:48] - "SwirlWarpTransformer","strength=1.50"
2026-03-10 17:49:57,096 - INFO - [pipeline.py:146] - [Grade: A] Saved to: /Users/kenfasano/Scripts/ScreenArt/Images/TransformedImages/cubes_3-A.jpeg
2026-03-10 17:49:57,125 - INFO - [pipeline.py:48] - "RadialWarpTransformer","radius=0.25,strength=130.3386048532329,52.74749316278569,style=push,pull"
2026-03-10 17:49:57,156 - INFO - [pipeline.py:48] - "TritoneTransformer","highlight=#d2ead2,mid=#cc72bd,shadow=#2d773e"
2026-03-10 17:49:57,169 - INFO - [pipeline.py:48] - "PosterizationTransformer","levels=4"
2026-03-10 17:49:57,185 - INFO - [pipeline.py:146] - [Grade: A] Saved to: /Users/kenfasano/Scripts/ScreenArt/Images/TransformedImages/cubes_4-A.jpeg
2026-03-10 17:49:57,238 - INFO - [pipeline.py:48] - "FluidWarpTransformer","alpha=5.46,sigma=5.55"
2026-03-10 17:49:57,333 - INFO - [pipeline.py:48] - "DuotoneTransformer","highlight=#b02bfa,shadow=#e6ec81"
2026-03-10 17:49:57,375 - INFO - [pipeline.py:48] - "AnamorphicTransformer","intensity=0.0,0.2,0.4,0.6,0.8,thresh=80"
2026-03-10 17:49:57,392 - INFO - [pipeline.py:146] - [Grade: C] Saved to: /Users/kenfasano/Scripts/ScreenArt/Images/TransformedImages/cubes_5-C.jpeg
2026-03-10 17:49:57,448 - INFO - [pipeline.py:48] - "HalftoneTransformer","size=2"
2026-03-10 17:49:57,502 - INFO - [pipeline.py:48] - "XrayTransformer","colors=64"
2026-03-10 17:49:57,530 - INFO - [pipeline.py:48] - "FisheyeTransformer","shape=circle,strength=0.22,zoom=1.08"
2026-03-10 17:49:57,546 - INFO - [pipeline.py:146] - [Grade: F] Saved to: /Users/kenfasano/Scripts/ScreenArt/Images/Rejected/cubes_6-F.jpeg
2026-03-10 17:49:57,588 - INFO - [pipeline.py:48] - "ThreeDExtrusionTransformer","ambient=0.50,intensity=0.50"
2026-03-10 17:49:57,617 - INFO - [pipeline.py:48] - "GlitchWarpTransformer","intensity=0.01"
2026-03-10 17:49:57,636 - INFO - [pipeline.py:146] - [Grade: B] Saved to: /Users/kenfasano/Scripts/ScreenArt/Images/TransformedImages/cubes_1-B.jpeg
2026-03-10 17:49:57,651 - INFO - [pipeline.py:48] - "DuotoneTransformer","highlight=#f85f3d,shadow=#3ddba1"
2026-03-10 17:49:57,659 - INFO - [pipeline.py:48] - "AnamorphicTransformer","intensity=0.0,0.2,0.4,0.6,0.8,thresh=80"
2026-03-10 17:49:57,661 - INFO - [pipeline.py:146] - [Grade: C] Saved to: /Users/kenfasano/Scripts/ScreenArt/Images/TransformedImages/galcenter_msx_c1-C.jpg
2026-03-10 17:49:57,685 - INFO - [pipeline.py:48] - "MeltMorphTransformer","intensity=0.50"
2026-03-10 17:49:57,768 - INFO - [pipeline.py:48] - "WatercolorTransformer","scale=0.85,style=monet"
2026-03-10 17:49:57,783 - INFO - [pipeline.py:48] - "SwirlWarpTransformer","strength=1.50"
2026-03-10 17:49:57,790 - INFO - [pipeline.py:146] - [Grade: A] Saved to: /Users/kenfasano/Scripts/ScreenArt/Images/TransformedImages/abell1689_hubble_960-A.jpg
2026-03-10 17:49:57,805 - INFO - [pipeline.py:48] - "ThreeDExtrusionTransformer","ambient=0.57,intensity=0.50"
2026-03-10 17:49:57,823 - INFO - [pipeline.py:48] - "MeltMorphTransformer","intensity=0.50"
2026-03-10 17:49:57,854 - INFO - [pipeline.py:48] - "DuotoneTransformer","highlight=#1750d9,shadow=#de5990"
2026-03-10 17:49:57,858 - INFO - [pipeline.py:48] - "InvertRGBTransformer","blend=0.51"
2026-03-10 17:49:57,863 - INFO - [pipeline.py:146] - [Grade: F] Saved to: /Users/kenfasano/Scripts/ScreenArt/Images/Rejected/milkyfalls_andreo_960-F.jpg
2026-03-10 17:49:57,871 - INFO - [pipeline.py:48] - "SwirlWarpTransformer","strength=1.50"
2026-03-10 17:49:57,874 - INFO - [pipeline.py:146] - [Grade: C] Saved to: /Users/kenfasano/Scripts/ScreenArt/Images/TransformedImages/neatQ4_tan_c1-C.jpg
2026-03-10 17:49:57,885 - INFO - [pipeline.py:48] - "RadialWarpTransformer","radius=0.25,strength=94.83465439219711,style=push"
2026-03-10 17:49:57,899 - INFO - [pipeline.py:48] - "DataMoshTransformer","intensity=0.02"
2026-03-10 17:49:57,918 - INFO - [pipeline.py:48] - "MeltMorphTransformer","intensity=0.50"
2026-03-10 17:49:57,954 - INFO - [pipeline.py:48] - "FlipWilsonTransformer","keep=bottom_right,narrow=0.41"
2026-03-10 17:49:57,960 - INFO - [pipeline.py:146] - [Grade: A] Saved to: /Users/kenfasano/Scripts/ScreenArt/Images/TransformedImages/vestaPIA14327_900c-A.jpg
2026-03-10 17:49:57,971 - INFO - [pipeline.py:48] - "FractalWarpTransformer","iter=1,scale=0.05"
2026-03-10 17:49:57,974 - INFO - [pipeline.py:48] - "PosterizationTransformer","levels=4"
2026-03-10 17:49:57,994 - INFO - [pipeline.py:48] - "DuotoneTransformer","highlight=#642609,shadow=#ec0ddd"
2026-03-10 17:49:57,998 - INFO - [pipeline.py:146] - [Grade: C] Saved to: /Users/kenfasano/Scripts/ScreenArt/Images/TransformedImages/transit_still1_stereo-C.jpg
2026-03-10 17:49:58,010 - INFO - [pipeline.py:48] - "ColormapTransformer","map=hsv"
2026-03-10 17:49:58,026 - INFO - [pipeline.py:48] - "ThermalImagingTransformer","thermal=True"
2026-03-10 17:49:58,071 - INFO - [pipeline.py:48] - "XrayTransformer","colors=128"
2026-03-10 17:49:58,078 - INFO - [pipeline.py:146] - [Grade: F] Saved to: /Users/kenfasano/Scripts/ScreenArt/Images/Rejected/jupiterpersonvenus_nikodem_960-F.jpg
2026-03-10 17:49:58,091 - INFO - [pipeline.py:48] - "RadialWarpTransformer","radius=0.25,strength=116.12639512212404,88.7059579852405,121.05679467870891,style=pull,pull,pull"
2026-03-10 17:49:58,098 - INFO - [pipeline.py:48] - "FisheyeTransformer","shape=circle,strength=0.25,zoom=1.10"
2026-03-10 17:49:58,167 - INFO - [pipeline.py:48] - "WatercolorTransformer","scale=0.85,style=psychedelic"
2026-03-10 17:49:58,172 - INFO - [pipeline.py:146] - [Grade: F] Saved to: /Users/kenfasano/Scripts/ScreenArt/Images/Rejected/EtaAquaridMW_taylor-F.jpg
2026-03-10 17:49:58,185 - INFO - [pipeline.py:48] - "ColormapTransformer","map=bone"
2026-03-10 17:49:58,192 - INFO - [pipeline.py:146] - [Grade: A] Saved to: /Users/kenfasano/Scripts/ScreenArt/Images/TransformedImages/ZodiacalPinnacles_Zhang_1080-A.jpg
2026-03-10 17:49:58,211 - INFO - [pipeline.py:48] - "FlipWilsonTransformer","keep=bottom_right,narrow=0.41"
2026-03-10 17:49:58,214 - INFO - [pipeline.py:146] - [Grade: A] Saved to: /Users/kenfasano/Scripts/ScreenArt/Images/TransformedImages/lyalpha_gc3-A.jpg
2026-03-10 17:49:58,230 - INFO - [pipeline.py:48] - "ThermalImagingTransformer","thermal=True"
2026-03-10 17:49:58,241 - INFO - [pipeline.py:48] - "SwirlWarpTransformer","strength=1.50"
2026-03-10 17:49:58,250 - INFO - [pipeline.py:48] - "TritoneTransformer","highlight=#8e1711,mid=#5abaa4,shadow=#e14910"
2026-03-10 17:49:58,254 - INFO - [pipeline.py:48] - "ColormapTransformer","map=ocean"
2026-03-10 17:49:58,261 - INFO - [pipeline.py:146] - [Grade: A] Saved to: /Users/kenfasano/Scripts/ScreenArt/Images/TransformedImages/carina2_hst_1080-A.jpg
2026-03-10 17:49:58,329 - INFO - [pipeline.py:48] - "MeltMorphTransformer","intensity=0.50"
2026-03-10 17:49:58,348 - INFO - [pipeline.py:146] - [Grade: A] Saved to: /Users/kenfasano/Scripts/ScreenArt/Images/TransformedImages/nasa_earth_1_Bangkok_True_Color-A.jpeg
2026-03-10 17:49:58,365 - INFO - [pipeline.py:48] - "PosterizationTransformer","levels=4"
2026-03-10 17:49:58,388 - INFO - [pipeline.py:48] - "ThreeDExtrusionTransformer","ambient=0.50,intensity=0.50"
2026-03-10 17:49:58,396 - INFO - [pipeline.py:48] - "InvertRGBTransformer","blend=0.52"
2026-03-10 17:49:58,407 - INFO - [pipeline.py:146] - [Grade: F] Saved to: /Users/kenfasano/Scripts/ScreenArt/Images/Rejected/noaa_goes_1_se_Fire_Temperature-F.jpeg
2026-03-10 17:49:58,490 - INFO - [pipeline.py:48] - "InvertRGBTransformer","blend=0.55"
2026-03-10 17:49:58,606 - INFO - [pipeline.py:48] - "SwirlWarpTransformer","strength=1.50"
2026-03-10 17:49:58,875 - INFO - [pipeline.py:48] - "FlipWilsonTransformer","keep=bottom_right,narrow=0.41"
2026-03-10 17:49:58,924 - INFO - [pipeline.py:146] - [Grade: F] Saved to: /Users/kenfasano/Scripts/ScreenArt/Images/Rejected/Florenz_-F.jpeg
2026-03-10 17:49:58,948 - INFO - [pipeline.py:48] - "GlitchWarpTransformer","intensity=0.01"
2026-03-10 17:49:58,961 - INFO - [pipeline.py:146] - [Grade: B] Saved to: /Users/kenfasano/Scripts/ScreenArt/Images/TransformedImages/Models_o-B.jpeg
2026-03-10 17:49:59,022 - INFO - [pipeline.py:48] - "FluidWarpTransformer","alpha=0.39,sigma=0.60"
2026-03-10 17:49:59,074 - INFO - [pipeline.py:48] - "DataMoshTransformer","intensity=0.02"
2026-03-10 17:49:59,141 - INFO - [pipeline.py:48] - "HalftoneTransformer","size=2"
2026-03-10 17:49:59,155 - INFO - [pipeline.py:48] - "InvertRGBTransformer","blend=0.58"
2026-03-10 17:49:59,178 - INFO - [pipeline.py:146] - [Grade: C] Saved to: /Users/kenfasano/Scripts/ScreenArt/Images/TransformedImages/Hall_Gre-C.jpeg
2026-03-10 17:49:59,227 - INFO - [pipeline.py:48] - "InvertRGBTransformer","blend=0.81"
2026-03-10 17:49:59,270 - INFO - [pipeline.py:146] - [Grade: A] Saved to: /Users/kenfasano/Scripts/ScreenArt/Images/TransformedImages/St._Mary-A.jpeg
2026-03-10 17:49:59,273 - INFO - [pipeline.py:48] - "DataMoshTransformer","intensity=0.01"
2026-03-10 17:49:59,274 - INFO - [pipeline.py:146] - [Grade: F] Saved to: /Users/kenfasano/Scripts/ScreenArt/Images/Rejected/Tda-F.jpeg
2026-03-10 17:49:59,316 - INFO - [pipeline.py:48] - "ThermalImagingTransformer","thermal=True"
2026-03-10 17:49:59,415 - INFO - [pipeline.py:48] - "FlipWilsonTransformer","keep=bottom_right,narrow=0.41"
2026-03-10 17:49:59,431 - INFO - [pipeline.py:146] - [Grade: C] Saved to: /Users/kenfasano/Scripts/ScreenArt/Images/TransformedImages/lojong_2-C.jpeg
2026-03-10 17:49:59,473 - INFO - [pipeline.py:48] - "ThermalImagingTransformer","thermal=True"
2026-03-10 17:49:59,486 - INFO - [pipeline.py:48] - "ColormapTransformer","map=bone"
2026-03-10 17:49:59,535 - INFO - [pipeline.py:48] - "XrayTransformer","colors=64"
2026-03-10 17:49:59,584 - INFO - [pipeline.py:48] - "FluidWarpTransformer","alpha=14.60,sigma=6.55"
2026-03-10 17:49:59,601 - INFO - [pipeline.py:146] - [Grade: F] Saved to: /Users/kenfasano/Scripts/ScreenArt/Images/Rejected/lojong_3-F.jpeg
2026-03-10 17:49:59,699 - INFO - [pipeline.py:48] - "DuotoneTransformer","highlight=#4cf5c9,shadow=#b35e01"
2026-03-10 17:49:59,744 - INFO - [pipeline.py:48] - "DataMoshTransformer","intensity=0.01"
2026-03-10 17:49:59,756 - INFO - [pipeline.py:48] - "InvertRGBTransformer","blend=0.59"
2026-03-10 17:49:59,773 - INFO - [pipeline.py:146] - [Grade: F] Saved to: /Users/kenfasano/Scripts/ScreenArt/Images/Rejected/lojong_8-F.jpeg
2026-03-10 17:49:59,829 - INFO - [pipeline.py:48] - "FluidWarpTransformer","alpha=18.21,sigma=6.83"
2026-03-10 17:49:59,867 - INFO - [pipeline.py:48] - "ThermalImagingTransformer","thermal=True"
2026-03-10 17:49:59,884 - INFO - [pipeline.py:146] - [Grade: C] Saved to: /Users/kenfasano/Scripts/ScreenArt/Images/TransformedImages/lojong_4-C.jpeg
2026-03-10 17:49:59,926 - INFO - [pipeline.py:48] - "ThermalImagingTransformer","thermal=True"
2026-03-10 17:49:59,979 - INFO - [pipeline.py:48] - "AnamorphicTransformer","intensity=0.0,0.2,0.4,0.6,0.8,thresh=80"
2026-03-10 17:50:00,020 - INFO - [pipeline.py:48] - "SwirlWarpTransformer","strength=1.50"
2026-03-10 17:50:00,033 - INFO - [pipeline.py:48] - "ColormapTransformer","map=pink"
2026-03-10 17:50:00,049 - INFO - [pipeline.py:146] - [Grade: F] Saved to: /Users/kenfasano/Scripts/ScreenArt/Images/Rejected/lojong_5-F.jpeg
2026-03-10 17:50:00,068 - INFO - [pipeline.py:48] - "PosterizationTransformer","levels=4"
2026-03-10 17:50:00,083 - INFO - [pipeline.py:146] - [Grade: C] Saved to: /Users/kenfasano/Scripts/ScreenArt/Images/TransformedImages/lojong_9-C.jpeg
2026-03-10 17:50:00,139 - INFO - [pipeline.py:48] - "HalftoneTransformer","size=2"
2026-03-10 17:50:00,149 - INFO - [pipeline.py:48] - "InvertRGBTransformer","blend=0.64"
2026-03-10 17:50:00,164 - INFO - [pipeline.py:146] - [Grade: C] Saved to: /Users/kenfasano/Scripts/ScreenArt/Images/TransformedImages/lojong_6-C.jpeg
2026-03-10 17:50:00,207 - INFO - [pipeline.py:48] - "DataMoshTransformer","intensity=0.01"
2026-03-10 17:50:00,242 - INFO - [pipeline.py:48] - "FractalWarpTransformer","iter=1,scale=0.05"
2026-03-10 17:50:00,257 - INFO - [pipeline.py:146] - [Grade: B] Saved to: /Users/kenfasano/Scripts/ScreenArt/Images/TransformedImages/lojong_7-B.jpeg
2026-03-10 17:50:00,276 - INFO - [pipeline.py:48] - "PosterizationTransformer","levels=4"
2026-03-10 17:50:00,307 - INFO - [pipeline.py:48] - "ThermalImagingTransformer","thermal=True"
2026-03-10 17:50:00,356 - INFO - [pipeline.py:48] - "HalftoneTransformer","size=2"
2026-03-10 17:50:00,457 - INFO - [pipeline.py:48] - "FlipWilsonTransformer","keep=bottom_right,narrow=0.41"
2026-03-10 17:50:00,472 - INFO - [pipeline.py:146] - [Grade: C] Saved to: /Users/kenfasano/Scripts/ScreenArt/Images/TransformedImages/lojong_0-C.jpeg
2026-03-10 17:50:00,489 - INFO - [pipeline.py:48] - "InvertRGBTransformer","blend=0.43"
2026-03-10 17:50:00,505 - INFO - [pipeline.py:146] - [Grade: F] Saved to: /Users/kenfasano/Scripts/ScreenArt/Images/Rejected/lojong_1-F.jpeg
2026-03-10 17:50:00,568 - INFO - [pipeline.py:48] - "MeltMorphTransformer","intensity=0.50"
2026-03-10 17:50:00,577 - INFO - [pipeline.py:48] - "InvertRGBTransformer","blend=0.80"
2026-03-10 17:50:00,610 - INFO - [pipeline.py:48] - "ThreeDExtrusionTransformer","ambient=0.57,intensity=0.50"
2026-03-10 17:50:00,626 - INFO - [pipeline.py:146] - [Grade: C] Saved to: /Users/kenfasano/Scripts/ScreenArt/Images/TransformedImages/psalms_61-C.jpeg
2026-03-10 17:50:00,665 - INFO - [pipeline.py:48] - "TritoneTransformer","highlight=#ecafa8,mid=#2399d3,shadow=#03d472"
2026-03-10 17:50:00,679 - INFO - [pipeline.py:48] - "PosterizationTransformer","levels=4"
2026-03-10 17:50:00,694 - INFO - [pipeline.py:146] - [Grade: F] Saved to: /Users/kenfasano/Scripts/ScreenArt/Images/Rejected/psalms_88-F.jpeg
2026-03-10 17:50:00,743 - INFO - [pipeline.py:48] - "SwirlWarpTransformer","strength=1.50"
2026-03-10 17:50:00,770 - INFO - [pipeline.py:48] - "GlitchWarpTransformer","intensity=0.01"
2026-03-10 17:50:00,788 - INFO - [pipeline.py:146] - [Grade: F] Saved to: /Users/kenfasano/Scripts/ScreenArt/Images/Rejected/psalms_68-F.jpeg
2026-03-10 17:50:00,819 - INFO - [pipeline.py:48] - "RadialWarpTransformer","radius=0.25,strength=57.43662715293556,117.78404114778839,61.25297249525607,style=pull,pull,push"
2026-03-10 17:50:00,836 - INFO - [pipeline.py:146] - [Grade: A] Saved to: /Users/kenfasano/Scripts/ScreenArt/Images/TransformedImages/psalms_45-A.jpeg
2026-03-10 17:50:00,880 - INFO - [pipeline.py:48] - "ThermalImagingTransformer","thermal=True"
2026-03-10 17:50:01,093 - INFO - [pipeline.py:48] - "WatercolorTransformer","scale=0.85,style=psychedelic"
2026-03-10 17:50:01,142 - INFO - [pipeline.py:48] - "AnamorphicTransformer","intensity=0.0,0.2,0.4,0.6,0.8,thresh=80"
2026-03-10 17:50:01,159 - INFO - [pipeline.py:146] - [Grade: B] Saved to: /Users/kenfasano/Scripts/ScreenArt/Images/TransformedImages/psalms_118-B.jpeg
2026-03-10 17:50:01,204 - INFO - [pipeline.py:48] - "ThermalImagingTransformer","thermal=True"
2026-03-10 17:50:01,221 - INFO - [pipeline.py:146] - [Grade: B] Saved to: /Users/kenfasano/Scripts/ScreenArt/Images/TransformedImages/psalms_78-B.jpeg
2026-03-10 17:50:01,242 - INFO - [pipeline.py:48] - "ColormapTransformer","map=summer"
2026-03-10 17:50:01,273 - INFO - [pipeline.py:48] - "ThreeDExtrusionTransformer","ambient=0.33,intensity=0.50"
2026-03-10 17:50:01,291 - INFO - [pipeline.py:146] - [Grade: C] Saved to: /Users/kenfasano/Scripts/ScreenArt/Images/TransformedImages/psalms_19-C.jpeg
2026-03-10 17:50:01,338 - INFO - [pipeline.py:48] - "ThermalImagingTransformer","thermal=True"
2026-03-10 17:50:01,364 - INFO - [pipeline.py:48] - "FisheyeTransformer","shape=oval,strength=0.66,zoom=1.08"
2026-03-10 17:50:01,381 - INFO - [pipeline.py:146] - [Grade: A] Saved to: /Users/kenfasano/Scripts/ScreenArt/Images/TransformedImages/psalms_75-A.jpeg
2026-03-10 17:50:01,614 - INFO - [pipeline.py:48] - "WatercolorTransformer","scale=0.85,style=monet"
2026-03-10 17:50:01,642 - INFO - [pipeline.py:48] - "GlitchWarpTransformer","intensity=0.01"
2026-03-10 17:50:01,660 - INFO - [pipeline.py:146] - [Grade: B] Saved to: /Users/kenfasano/Scripts/ScreenArt/Images/TransformedImages/psalms_22-B.jpeg
2026-03-10 17:50:01,698 - INFO - [pipeline.py:48] - "ThreeDExtrusionTransformer","ambient=0.29,intensity=0.50"
2026-03-10 17:50:01,734 - INFO - [pipeline.py:48] - "ThermalImagingTransformer","thermal=True"
2026-03-10 17:50:01,771 - INFO - [pipeline.py:48] - "DataMoshTransformer","intensity=0.01"
2026-03-10 17:50:01,788 - INFO - [pipeline.py:146] - [Grade: A] Saved to: /Users/kenfasano/Scripts/ScreenArt/Images/TransformedImages/psalms_80-A.jpeg
2026-03-10 17:50:01,803 - INFO - [pipeline.py:48] - "SwirlWarpTransformer","strength=1.50"
2026-03-10 17:50:01,870 - INFO - [pipeline.py:48] - "WatercolorTransformer","scale=0.85,style=monet"
2026-03-10 17:50:01,875 - INFO - [pipeline.py:146] - [Grade: A] Saved to: /Users/kenfasano/Scripts/ScreenArt/Images/TransformedImages/peripheral_drift_2-A.jpeg
2026-03-10 17:50:01,888 - INFO - [pipeline.py:48] - "ThreeDExtrusionTransformer","ambient=0.54,intensity=0.50"
2026-03-10 17:50:01,921 - INFO - [pipeline.py:48] - "DuotoneTransformer","highlight=#1e5127,shadow=#e3bc05"
2026-03-10 17:50:01,927 - INFO - [pipeline.py:146] - [Grade: C] Saved to: /Users/kenfasano/Scripts/ScreenArt/Images/TransformedImages/peripheral_drift_3-C.jpeg
2026-03-10 17:50:01,935 - INFO - [pipeline.py:48] - "ColormapTransformer","map=rainbow"
2026-03-10 17:50:01,945 - INFO - [pipeline.py:48] - "FisheyeTransformer","shape=circle,strength=0.77,zoom=1.09"
2026-03-10 17:50:01,952 - INFO - [pipeline.py:48] - "RadialWarpTransformer","radius=0.25,strength=72.73532873778743,style=pull"
2026-03-10 17:50:01,958 - INFO - [pipeline.py:146] - [Grade: A] Saved to: /Users/kenfasano/Scripts/ScreenArt/Images/TransformedImages/peripheral_drift_1-A.jpeg
2026-03-10 17:50:01,958 - INFO - [main.py:196] - WatercolorTransformer
2026-03-10 17:50:01,958 - INFO - [main.py:196] - FlipWilsonTransformer
2026-03-10 17:50:01,958 - INFO - [main.py:196] - WheelTransformer
2026-03-10 17:50:01,958 - INFO - [main.py:196] - XrayTransformer
2026-03-10 17:50:01,958 - INFO - [main.py:196] - DuotoneTransformer
2026-03-10 17:50:01,958 - INFO - [main.py:196] - HalftoneTransformer
2026-03-10 17:50:01,958 - INFO - [main.py:196] - FluidWarpTransformer
2026-03-10 17:50:01,958 - INFO - [main.py:196] - MeltMorphTransformer
2026-03-10 17:50:01,958 - INFO - [main.py:196] - AnamorphicTransformer
2026-03-10 17:50:01,958 - INFO - [main.py:196] - SwirlWarpTransformer
2026-03-10 17:50:01,958 - INFO - [main.py:196] - ThermalImagingTransformer
2026-03-10 17:50:01,958 - INFO - [main.py:196] - DataMoshTransformer
2026-03-10 17:50:01,958 - INFO - [main.py:196] - FractalWarpTransformer
2026-03-10 17:50:01,958 - INFO - [main.py:196] - TritoneTransformer
2026-03-10 17:50:01,958 - INFO - [main.py:196] - GlitchWarpTransformer
2026-03-10 17:50:01,958 - INFO - [main.py:196] - ThreeDExtrusionTransformer
2026-03-10 17:50:01,958 - INFO - [main.py:196] - FisheyeTransformer
2026-03-10 17:50:01,958 - INFO - [main.py:196] - RadialWarpTransformer
2026-03-10 17:50:01,958 - INFO - [main.py:196] - InvertRGBTransformer
2026-03-10 17:50:01,958 - INFO - [main.py:196] - PosterizationTransformer
2026-03-10 17:50:01,958 - INFO - [main.py:196] - ColormapTransformer
2026-03-10 17:50:01,959 - INFO - [main.py:239] - 14s@17:50 ✓
Accepted: 41
Rejected: 16
---
Wiki                       ->  4030ms
GoesGenerator              ->   858ms
Bible                      ->   711ms
Nasa                       ->   662ms
Cubes                      ->   464ms
Lojong                     ->   411ms
Bubbles                    ->   243ms
NasaMapGenerator           ->    48ms
PeripheralDriftIllusion    ->    46ms
---
WatercolorTransformer      -> Min:    66ms | Avg:   164ms | Max:   222ms
FlipWilsonTransformer      -> Min:    17ms | Avg:   105ms | Max:   269ms
WheelTransformer           -> Min:   102ms | Avg:   102ms | Max:   102ms
XrayTransformer            -> Min:    44ms | Avg:    67ms | Max:   120ms
DuotoneTransformer         -> Min:    13ms | Avg:    58ms | Max:    95ms
HalftoneTransformer        -> Min:    48ms | Avg:    52ms | Max:    67ms
FluidWarpTransformer       -> Min:    42ms | Avg:    46ms | Max:    49ms
MeltMorphTransformer       -> Min:    19ms | Avg:    38ms | Max:    59ms
AnamorphicTransformer      -> Min:     8ms | Avg:    38ms | Max:    53ms
SwirlWarpTransformer       -> Min:     6ms | Avg:    37ms | Max:   116ms
ThermalImagingTransformer  -> Min:    11ms | Avg:    32ms | Max:    39ms
DataMoshTransformer        -> Min:     1ms | Avg:    31ms | Max:    52ms
FractalWarpTransformer     -> Min:     8ms | Avg:    28ms | Max:    35ms
TritoneTransformer         -> Min:     9ms | Avg:    26ms | Max:    31ms
GlitchWarpTransformer      -> Min:    18ms | Avg:    25ms | Max:    28ms
ThreeDExtrusionTransformer -> Min:    10ms | Avg:    24ms | Max:    33ms
FisheyeTransformer         -> Min:     7ms | Avg:    22ms | Max:    37ms
RadialWarpTransformer      -> Min:     7ms | Avg:    16ms | Max:    26ms
InvertRGBTransformer       -> Min:     4ms | Avg:    15ms | Max:    43ms
PosterizationTransformer   -> Min:     3ms | Avg:    11ms | Max:    13ms
ColormapTransformer        -> Min:     4ms | Avg:    10ms | Max:    17ms
