2026-03-08 19:59:06,656 - INFO - [pipeline.py:44] - RadialWarpTransformer
2026-03-08 19:59:06,675 - INFO - [pipeline.py:44] - DataMoshTransformer
2026-03-08 19:59:06,717 - INFO - [pipeline.py:44] - DuotoneTransformer
2026-03-08 19:59:06,826 - INFO - [pipeline.py:117] - [Grade: C] Saved to: /Users/kenfasano/Scripts/ScreenArt/Images/TransformedImages/bubbles_4-C.jpeg
2026-03-08 19:59:06,834 - INFO - [pipeline.py:44] - WheelTransformer
2026-03-08 19:59:06,884 - INFO - [pipeline.py:117] - [Grade: F] Saved to: /Users/kenfasano/Scripts/ScreenArt/Images/Rejected/bubbles_8-F.jpeg
2026-03-08 19:59:06,893 - INFO - [pipeline.py:44] - GlitchWarpTransformer
2026-03-08 19:59:06,920 - INFO - [pipeline.py:44] - ThermalImagingTransformer
2026-03-08 19:59:06,947 - INFO - [pipeline.py:44] - ColormapTransformer
2026-03-08 19:59:06,960 - INFO - [pipeline.py:44] - MeltMorphTransformer
2026-03-08 19:59:07,033 - INFO - [pipeline.py:117] - [Grade: F] Saved to: /Users/kenfasano/Scripts/ScreenArt/Images/Rejected/bubbles_9-F.jpeg
2026-03-08 19:59:07,041 - INFO - [pipeline.py:44] - ThreeDExtrusionTransformer
2026-03-08 19:59:07,074 - INFO - [pipeline.py:44] - ColormapTransformer
2026-03-08 19:59:07,104 - INFO - [pipeline.py:117] - [Grade: F] Saved to: /Users/kenfasano/Scripts/ScreenArt/Images/Rejected/bubbles_5-F.jpeg
2026-03-08 19:59:07,114 - INFO - [pipeline.py:44] - XrayTransformer
2026-03-08 19:59:07,256 - INFO - [pipeline.py:117] - [Grade: F] Saved to: /Users/kenfasano/Scripts/ScreenArt/Images/Rejected/bubbles_2-F.jpeg
2026-03-08 19:59:07,265 - INFO - [pipeline.py:44] - GlitchWarpTransformer
2026-03-08 19:59:07,292 - INFO - [pipeline.py:44] - FisheyeTransformer
2026-03-08 19:59:07,323 - INFO - [pipeline.py:44] - ColormapTransformer
2026-03-08 19:59:07,334 - INFO - [pipeline.py:44] - DataMoshTransformer
2026-03-08 19:59:07,387 - INFO - [pipeline.py:117] - [Grade: F] Saved to: /Users/kenfasano/Scripts/ScreenArt/Images/Rejected/bubbles_3-F.jpeg
2026-03-08 19:59:07,396 - INFO - [pipeline.py:44] - ThermalImagingTransformer
2026-03-08 19:59:07,439 - INFO - [pipeline.py:117] - [Grade: F] Saved to: /Users/kenfasano/Scripts/ScreenArt/Images/Rejected/bubbles_10-F.jpeg
2026-03-08 19:59:07,448 - INFO - [pipeline.py:44] - FractalWarpTransformer
2026-03-08 19:59:07,499 - INFO - [pipeline.py:117] - [Grade: F] Saved to: /Users/kenfasano/Scripts/ScreenArt/Images/Rejected/bubbles_1-F.jpeg
2026-03-08 19:59:07,508 - INFO - [pipeline.py:44] - SwirlWarpTransformer
2026-03-08 19:59:07,551 - INFO - [pipeline.py:44] - WatercolorTransformer
2026-03-08 19:59:07,633 - INFO - [pipeline.py:44] - MeltMorphTransformer
2026-03-08 19:59:07,686 - INFO - [pipeline.py:44] - GlitchWarpTransformer
2026-03-08 19:59:07,732 - INFO - [pipeline.py:117] - [Grade: F] Saved to: /Users/kenfasano/Scripts/ScreenArt/Images/Rejected/bubbles_6-F.jpeg
2026-03-08 19:59:07,740 - INFO - [pipeline.py:44] - ThermalImagingTransformer
2026-03-08 19:59:07,783 - INFO - [pipeline.py:117] - [Grade: C] Saved to: /Users/kenfasano/Scripts/ScreenArt/Images/TransformedImages/bubbles_7-C.jpeg
2026-03-08 19:59:07,792 - INFO - [pipeline.py:44] - HalftoneTransformer
2026-03-08 19:59:07,822 - INFO - [pipeline.py:44] - GlitchWarpTransformer
2026-03-08 19:59:07,864 - INFO - [pipeline.py:117] - [Grade: F] Saved to: /Users/kenfasano/Scripts/ScreenArt/Images/Rejected/cubes_2-F.jpeg
2026-03-08 19:59:07,872 - INFO - [pipeline.py:44] - TritoneTransformer
2026-03-08 19:59:07,901 - INFO - [pipeline.py:44] - MeltMorphTransformer
2026-03-08 19:59:07,954 - INFO - [pipeline.py:44] - ColormapTransformer
2026-03-08 19:59:07,966 - INFO - [pipeline.py:44] - FlipWilsonTransformer
2026-03-08 19:59:08,085 - INFO - [pipeline.py:117] - [Grade: F] Saved to: /Users/kenfasano/Scripts/ScreenArt/Images/Rejected/cubes_3-F.jpeg
2026-03-08 19:59:08,094 - INFO - [pipeline.py:44] - XrayTransformer
2026-03-08 19:59:08,207 - INFO - [pipeline.py:44] - AnamorphicTransformer
2026-03-08 19:59:08,246 - INFO - [pipeline.py:44] - TritoneTransformer
2026-03-08 19:59:08,275 - INFO - [pipeline.py:44] - WatercolorTransformer
2026-03-08 19:59:08,366 - INFO - [pipeline.py:117] - [Grade: F] Saved to: /Users/kenfasano/Scripts/ScreenArt/Images/Rejected/cubes_4-F.jpeg
2026-03-08 19:59:08,374 - INFO - [pipeline.py:44] - PosterizationTransformer
2026-03-08 19:59:08,379 - INFO - [pipeline.py:44] - FisheyeTransformer
2026-03-08 19:59:08,403 - INFO - [pipeline.py:44] - ThermalImagingTransformer
2026-03-08 19:59:08,430 - INFO - [pipeline.py:44] - ThreeDExtrusionTransformer
2026-03-08 19:59:08,475 - INFO - [pipeline.py:117] - [Grade: F] Saved to: /Users/kenfasano/Scripts/ScreenArt/Images/Rejected/cubes_5-F.jpeg
2026-03-08 19:59:08,483 - INFO - [pipeline.py:44] - ThreeDExtrusionTransformer
2026-03-08 19:59:08,514 - INFO - [pipeline.py:44] - GlitchWarpTransformer
2026-03-08 19:59:08,541 - INFO - [pipeline.py:44] - WatercolorTransformer
2026-03-08 19:59:08,621 - INFO - [pipeline.py:44] - FisheyeTransformer
2026-03-08 19:59:08,660 - INFO - [pipeline.py:117] - [Grade: F] Saved to: /Users/kenfasano/Scripts/ScreenArt/Images/Rejected/cubes_6-F.jpeg
2026-03-08 19:59:08,668 - INFO - [pipeline.py:44] - FlipWilsonTransformer
2026-03-08 19:59:08,783 - INFO - [pipeline.py:44] - FluidWarpTransformer
2026-03-08 19:59:08,831 - INFO - [pipeline.py:117] - [Grade: C] Saved to: /Users/kenfasano/Scripts/ScreenArt/Images/TransformedImages/cubes_1-C.jpeg
2026-03-08 19:59:08,841 - INFO - [pipeline.py:44] - SwirlWarpTransformer
2026-03-08 19:59:08,866 - INFO - [pipeline.py:44] - WheelTransformer
2026-03-08 19:59:08,884 - INFO - [pipeline.py:44] - PosterizationTransformer
2026-03-08 19:59:08,896 - INFO - [pipeline.py:117] - [Grade: F] Saved to: /Users/kenfasano/Scripts/ScreenArt/Images/Rejected/HeartNebula_Falls_960-F.jpg
2026-03-08 19:59:08,899 - INFO - [pipeline.py:44] - GlitchWarpTransformer
2026-03-08 19:59:08,908 - INFO - [pipeline.py:44] - DataMoshTransformer
2026-03-08 19:59:08,919 - INFO - [pipeline.py:44] - WatercolorTransformer
2026-03-08 19:59:08,951 - INFO - [pipeline.py:117] - [Grade: F] Saved to: /Users/kenfasano/Scripts/ScreenArt/Images/Rejected/ptf11kly_howell_900-F.jpg
2026-03-08 19:59:08,956 - INFO - [pipeline.py:44] - FractalWarpTransformer
2026-03-08 19:59:08,971 - INFO - [pipeline.py:44] - DuotoneTransformer
2026-03-08 19:59:09,003 - INFO - [pipeline.py:44] - GlitchWarpTransformer
2026-03-08 19:59:09,020 - INFO - [pipeline.py:117] - [Grade: B] Saved to: /Users/kenfasano/Scripts/ScreenArt/Images/TransformedImages/m53_hubble_960-B.jpg
2026-03-08 19:59:09,025 - INFO - [pipeline.py:44] - AnamorphicTransformer
2026-03-08 19:59:09,041 - INFO - [pipeline.py:44] - ThermalImagingTransformer
2026-03-08 19:59:09,051 - INFO - [pipeline.py:44] - GlitchWarpTransformer
2026-03-08 19:59:09,060 - INFO - [pipeline.py:44] - FlipWilsonTransformer
2026-03-08 19:59:09,109 - INFO - [pipeline.py:117] - [Grade: B] Saved to: /Users/kenfasano/Scripts/ScreenArt/Images/TransformedImages/JupiterHST1522a1280-B.jpg
2026-03-08 19:59:09,113 - INFO - [pipeline.py:44] - TritoneTransformer
2026-03-08 19:59:09,127 - INFO - [pipeline.py:117] - [Grade: F] Saved to: /Users/kenfasano/Scripts/ScreenArt/Images/Rejected/PolarisIfn_Zayaz_960-F.jpg
2026-03-08 19:59:09,129 - INFO - [pipeline.py:44] - PosterizationTransformer
2026-03-08 19:59:09,129 - INFO - [pipeline.py:44] - ThermalImagingTransformer
2026-03-08 19:59:09,133 - INFO - [pipeline.py:44] - XrayTransformer
2026-03-08 19:59:09,141 - INFO - [pipeline.py:117] - [Grade: F] Saved to: /Users/kenfasano/Scripts/ScreenArt/Images/Rejected/20090719-155537UTC_wesley-F.jpg
2026-03-08 19:59:09,145 - INFO - [pipeline.py:44] - SwirlWarpTransformer
2026-03-08 19:59:09,160 - INFO - [pipeline.py:44] - GlitchWarpTransformer
2026-03-08 19:59:09,169 - INFO - [pipeline.py:44] - DuotoneTransformer
2026-03-08 19:59:09,200 - INFO - [pipeline.py:44] - AnamorphicTransformer
2026-03-08 19:59:09,222 - INFO - [pipeline.py:117] - [Grade: F] Saved to: /Users/kenfasano/Scripts/ScreenArt/Images/Rejected/ngc2080_hubble_960-F.jpg
2026-03-08 19:59:09,227 - INFO - [pipeline.py:44] - WheelTransformer
2026-03-08 19:59:09,239 - INFO - [pipeline.py:44] - WatercolorTransformer
2026-03-08 19:59:09,267 - INFO - [pipeline.py:44] - FluidWarpTransformer
2026-03-08 19:59:09,300 - INFO - [pipeline.py:117] - [Grade: F] Saved to: /Users/kenfasano/Scripts/ScreenArt/Images/Rejected/LobsterCat_VLT_960-F.jpg
2026-03-08 19:59:09,301 - INFO - [pipeline.py:44] - InvertRGBTransformer
2026-03-08 19:59:09,302 - INFO - [pipeline.py:44] - FlipWilsonTransformer
2026-03-08 19:59:09,317 - INFO - [pipeline.py:44] - WheelTransformer
2026-03-08 19:59:09,322 - INFO - [pipeline.py:44] - TritoneTransformer
2026-03-08 19:59:09,330 - INFO - [pipeline.py:117] - [Grade: F] Saved to: /Users/kenfasano/Scripts/ScreenArt/Images/Rejected/waterspout_noaa-F.jpg
2026-03-08 19:59:09,333 - INFO - [pipeline.py:44] - InvertRGBTransformer
2026-03-08 19:59:09,337 - INFO - [pipeline.py:117] - [Grade: F] Saved to: /Users/kenfasano/Scripts/ScreenArt/Images/Rejected/deviltrails_mro-F.jpg
2026-03-08 19:59:09,341 - INFO - [pipeline.py:44] - FractalWarpTransformer
2026-03-08 19:59:09,354 - INFO - [pipeline.py:117] - [Grade: C] Saved to: /Users/kenfasano/Scripts/ScreenArt/Images/TransformedImages/universes_pickover-C.jpg
2026-03-08 19:59:09,366 - INFO - [pipeline.py:44] - RadialWarpTransformer
2026-03-08 19:59:09,379 - INFO - [pipeline.py:44] - DuotoneTransformer
2026-03-08 19:59:09,486 - INFO - [pipeline.py:117] - [Grade: A] Saved to: /Users/kenfasano/Scripts/ScreenArt/Images/TransformedImages/nasa_earth_1_Los_Angeles_True_Color-A.jpeg
2026-03-08 19:59:09,495 - INFO - [pipeline.py:44] - XrayTransformer
2026-03-08 19:59:09,617 - INFO - [pipeline.py:117] - [Grade: B] Saved to: /Users/kenfasano/Scripts/ScreenArt/Images/TransformedImages/noaa_goes_1_se_Sandwich_RGB-B.jpeg
2026-03-08 19:59:09,620 - INFO - [pipeline.py:44] - ThermalImagingTransformer
2026-03-08 19:59:09,630 - INFO - [pipeline.py:117] - [Grade: C] Saved to: /Users/kenfasano/Scripts/ScreenArt/Images/TransformedImages/South_Boston_In-C.jpeg
2026-03-08 19:59:09,644 - INFO - [pipeline.py:44] - RadialWarpTransformer
2026-03-08 19:59:09,672 - INFO - [pipeline.py:44] - FluidWarpTransformer
2026-03-08 19:59:09,827 - INFO - [pipeline.py:117] - [Grade: A] Saved to: /Users/kenfasano/Scripts/ScreenArt/Images/TransformedImages/2018-10--A.jpeg
2026-03-08 19:59:09,839 - INFO - [pipeline.py:44] - TritoneTransformer
2026-03-08 19:59:09,872 - INFO - [pipeline.py:44] - RadialWarpTransformer
2026-03-08 19:59:09,910 - INFO - [pipeline.py:117] - [Grade: F] Saved to: /Users/kenfasano/Scripts/ScreenArt/Images/Rejected/Saint_Jo-F.jpeg
2026-03-08 19:59:09,922 - INFO - [pipeline.py:44] - WatercolorTransformer
2026-03-08 19:59:10,035 - INFO - [pipeline.py:44] - DataMoshTransformer
2026-03-08 19:59:10,105 - INFO - [pipeline.py:117] - [Grade: A] Saved to: /Users/kenfasano/Scripts/ScreenArt/Images/TransformedImages/Kendal_R-A.jpeg
2026-03-08 19:59:10,117 - INFO - [pipeline.py:44] - GlitchWarpTransformer
2026-03-08 19:59:10,153 - INFO - [pipeline.py:44] - FractalWarpTransformer
2026-03-08 19:59:10,228 - INFO - [pipeline.py:117] - [Grade: A] Saved to: /Users/kenfasano/Scripts/ScreenArt/Images/TransformedImages/HMPNGS_G-A.jpeg
2026-03-08 19:59:10,230 - INFO - [pipeline.py:44] - HalftoneTransformer
2026-03-08 19:59:10,237 - INFO - [pipeline.py:117] - [Grade: F] Saved to: /Users/kenfasano/Scripts/ScreenArt/Images/Rejected/Petr_Celebrovsk-F.jpeg
2026-03-08 19:59:10,244 - INFO - [pipeline.py:44] - DataMoshTransformer
2026-03-08 19:59:10,280 - INFO - [pipeline.py:44] - FlipWilsonTransformer
2026-03-08 19:59:10,389 - INFO - [pipeline.py:44] - FractalWarpTransformer
2026-03-08 19:59:10,423 - INFO - [pipeline.py:44] - ColormapTransformer
2026-03-08 19:59:10,449 - INFO - [pipeline.py:117] - [Grade: B] Saved to: /Users/kenfasano/Scripts/ScreenArt/Images/TransformedImages/lojong_2-B.jpeg
2026-03-08 19:59:10,455 - INFO - [pipeline.py:44] - XrayTransformer
2026-03-08 19:59:10,538 - INFO - [pipeline.py:117] - [Grade: F] Saved to: /Users/kenfasano/Scripts/ScreenArt/Images/Rejected/lojong_3-F.jpeg
2026-03-08 19:59:10,544 - INFO - [pipeline.py:44] - PosterizationTransformer
2026-03-08 19:59:10,548 - INFO - [pipeline.py:44] - RadialWarpTransformer
2026-03-08 19:59:10,580 - INFO - [pipeline.py:117] - [Grade: F] Saved to: /Users/kenfasano/Scripts/ScreenArt/Images/Rejected/lojong_8-F.jpeg
2026-03-08 19:59:10,586 - INFO - [pipeline.py:44] - InvertRGBTransformer
2026-03-08 19:59:10,587 - INFO - [pipeline.py:44] - XrayTransformer
2026-03-08 19:59:10,654 - INFO - [pipeline.py:117] - [Grade: F] Saved to: /Users/kenfasano/Scripts/ScreenArt/Images/Rejected/lojong_4-F.jpeg
2026-03-08 19:59:10,660 - INFO - [pipeline.py:44] - PosterizationTransformer
2026-03-08 19:59:10,665 - INFO - [pipeline.py:44] - InvertRGBTransformer
2026-03-08 19:59:10,666 - INFO - [pipeline.py:44] - ThermalImagingTransformer
2026-03-08 19:59:10,692 - INFO - [pipeline.py:44] - RadialWarpTransformer
2026-03-08 19:59:10,724 - INFO - [pipeline.py:117] - [Grade: F] Saved to: /Users/kenfasano/Scripts/ScreenArt/Images/Rejected/lojong_5-F.jpeg
2026-03-08 19:59:10,730 - INFO - [pipeline.py:44] - FractalWarpTransformer
2026-03-08 19:59:10,781 - INFO - [pipeline.py:117] - [Grade: B] Saved to: /Users/kenfasano/Scripts/ScreenArt/Images/TransformedImages/lojong_9-B.jpeg
2026-03-08 19:59:10,787 - INFO - [pipeline.py:44] - TritoneTransformer
2026-03-08 19:59:10,816 - INFO - [pipeline.py:44] - AnamorphicTransformer
2026-03-08 19:59:10,857 - INFO - [pipeline.py:44] - XrayTransformer
2026-03-08 19:59:10,918 - INFO - [pipeline.py:117] - [Grade: F] Saved to: /Users/kenfasano/Scripts/ScreenArt/Images/Rejected/lojong_6-F.jpeg
2026-03-08 19:59:10,924 - INFO - [pipeline.py:44] - PosterizationTransformer
2026-03-08 19:59:10,929 - INFO - [pipeline.py:44] - WheelTransformer
2026-03-08 19:59:10,961 - INFO - [pipeline.py:44] - ThermalImagingTransformer
2026-03-08 19:59:10,988 - INFO - [pipeline.py:44] - MeltMorphTransformer
2026-03-08 19:59:11,055 - INFO - [pipeline.py:117] - [Grade: F] Saved to: /Users/kenfasano/Scripts/ScreenArt/Images/Rejected/lojong_7-F.jpeg
2026-03-08 19:59:11,063 - INFO - [pipeline.py:44] - FisheyeTransformer
2026-03-08 19:59:11,087 - INFO - [pipeline.py:44] - ThermalImagingTransformer
2026-03-08 19:59:11,114 - INFO - [pipeline.py:44] - SwirlWarpTransformer
2026-03-08 19:59:11,157 - INFO - [pipeline.py:44] - FluidWarpTransformer
2026-03-08 19:59:11,250 - INFO - [pipeline.py:117] - [Grade: C] Saved to: /Users/kenfasano/Scripts/ScreenArt/Images/TransformedImages/lojong_0-C.jpeg
2026-03-08 19:59:11,256 - INFO - [pipeline.py:44] - ColormapTransformer
2026-03-08 19:59:11,283 - INFO - [pipeline.py:117] - [Grade: A] Saved to: /Users/kenfasano/Scripts/ScreenArt/Images/TransformedImages/lojong_1-A.jpeg
2026-03-08 19:59:11,290 - INFO - [pipeline.py:44] - PosterizationTransformer
2026-03-08 19:59:11,295 - INFO - [pipeline.py:44] - AnamorphicTransformer
2026-03-08 19:59:11,339 - INFO - [pipeline.py:44] - DataMoshTransformer
2026-03-08 19:59:11,374 - INFO - [pipeline.py:44] - ThermalImagingTransformer
2026-03-08 19:59:11,416 - INFO - [pipeline.py:117] - [Grade: F] Saved to: /Users/kenfasano/Scripts/ScreenArt/Images/Rejected/psalms_107-F.jpeg
2026-03-08 19:59:11,423 - INFO - [pipeline.py:44] - ThermalImagingTransformer
2026-03-08 19:59:11,450 - INFO - [pipeline.py:44] - WatercolorTransformer
2026-03-08 19:59:11,529 - INFO - [pipeline.py:44] - GlitchWarpTransformer
2026-03-08 19:59:11,573 - INFO - [pipeline.py:117] - [Grade: F] Saved to: /Users/kenfasano/Scripts/ScreenArt/Images/Rejected/psalms_7-F.jpeg
2026-03-08 19:59:11,582 - INFO - [pipeline.py:44] - DataMoshTransformer
2026-03-08 19:59:11,618 - INFO - [pipeline.py:44] - InvertRGBTransformer
2026-03-08 19:59:11,619 - INFO - [pipeline.py:44] - ThermalImagingTransformer
2026-03-08 19:59:11,646 - INFO - [pipeline.py:44] - FluidWarpTransformer
2026-03-08 19:59:11,698 - INFO - [pipeline.py:117] - [Grade: F] Saved to: /Users/kenfasano/Scripts/ScreenArt/Images/Rejected/psalms_116-F.jpeg
2026-03-08 19:59:11,705 - INFO - [pipeline.py:44] - InvertRGBTransformer
2026-03-08 19:59:11,706 - INFO - [pipeline.py:44] - WatercolorTransformer
2026-03-08 19:59:11,797 - INFO - [pipeline.py:117] - [Grade: F] Saved to: /Users/kenfasano/Scripts/ScreenArt/Images/Rejected/psalms_6-F.jpeg
2026-03-08 19:59:11,805 - INFO - [pipeline.py:44] - TritoneTransformer
2026-03-08 19:59:11,834 - INFO - [pipeline.py:44] - InvertRGBTransformer
2026-03-08 19:59:11,835 - INFO - [pipeline.py:44] - ColormapTransformer
2026-03-08 19:59:11,861 - INFO - [pipeline.py:117] - [Grade: F] Saved to: /Users/kenfasano/Scripts/ScreenArt/Images/Rejected/psalms_53-F.jpeg
2026-03-08 19:59:11,868 - INFO - [pipeline.py:44] - FractalWarpTransformer
2026-03-08 19:59:11,917 - INFO - [pipeline.py:117] - [Grade: A] Saved to: /Users/kenfasano/Scripts/ScreenArt/Images/TransformedImages/psalms_78-A.jpeg
2026-03-08 19:59:11,925 - INFO - [pipeline.py:44] - PosterizationTransformer
2026-03-08 19:59:11,945 - INFO - [pipeline.py:117] - [Grade: F] Saved to: /Users/kenfasano/Scripts/ScreenArt/Images/Rejected/psalms_81-F.jpeg
2026-03-08 19:59:11,953 - INFO - [pipeline.py:44] - RadialWarpTransformer
2026-03-08 19:59:11,969 - INFO - [pipeline.py:44] - TritoneTransformer
2026-03-08 19:59:12,013 - INFO - [pipeline.py:117] - [Grade: F] Saved to: /Users/kenfasano/Scripts/ScreenArt/Images/Rejected/psalms_19-F.jpeg
2026-03-08 19:59:12,020 - INFO - [pipeline.py:44] - MeltMorphTransformer
2026-03-08 19:59:12,073 - INFO - [pipeline.py:44] - DataMoshTransformer
2026-03-08 19:59:12,125 - INFO - [pipeline.py:117] - [Grade: F] Saved to: /Users/kenfasano/Scripts/ScreenArt/Images/Rejected/psalms_128-F.jpeg
2026-03-08 19:59:12,128 - INFO - [pipeline.py:44] - InvertRGBTransformer
2026-03-08 19:59:12,128 - INFO - [pipeline.py:44] - XrayTransformer
2026-03-08 19:59:12,143 - INFO - [pipeline.py:44] - ThermalImagingTransformer
2026-03-08 19:59:12,156 - INFO - [pipeline.py:117] - [Grade: F] Saved to: /Users/kenfasano/Scripts/ScreenArt/Images/Rejected/peripheral_drift_2-F.jpeg
2026-03-08 19:59:12,159 - INFO - [pipeline.py:44] - ColormapTransformer
2026-03-08 19:59:12,163 - INFO - [pipeline.py:44] - MeltMorphTransformer
2026-03-08 19:59:12,179 - INFO - [pipeline.py:44] - ThermalImagingTransformer
2026-03-08 19:59:12,188 - INFO - [pipeline.py:44] - GlitchWarpTransformer
2026-03-08 19:59:12,202 - INFO - [pipeline.py:117] - [Grade: C] Saved to: /Users/kenfasano/Scripts/ScreenArt/Images/TransformedImages/peripheral_drift_3-C.jpeg
2026-03-08 19:59:12,205 - INFO - [pipeline.py:44] - FluidWarpTransformer
2026-03-08 19:59:12,234 - INFO - [pipeline.py:44] - ThreeDExtrusionTransformer
2026-03-08 19:59:12,243 - INFO - [pipeline.py:44] - WheelTransformer
2026-03-08 19:59:12,259 - INFO - [pipeline.py:117] - [Grade: F] Saved to: /Users/kenfasano/Scripts/ScreenArt/Images/Rejected/peripheral_drift_1-F.jpeg
2026-03-08 19:59:12,265 - INFO - [pipeline.py:44] - WheelTransformer
2026-03-08 19:59:12,314 - INFO - [pipeline.py:117] - [Grade: C] Saved to: /Users/kenfasano/Scripts/ScreenArt/Images/TransformedImages/koch_snowflake_3_1-C.jpeg
2026-03-08 19:59:12,320 - INFO - [pipeline.py:44] - XrayTransformer
2026-03-08 19:59:12,439 - INFO - [pipeline.py:44] - PosterizationTransformer
2026-03-08 19:59:12,459 - INFO - [pipeline.py:117] - [Grade: F] Saved to: /Users/kenfasano/Scripts/ScreenArt/Images/Rejected/koch_snowflake_3_2-F.jpeg
2026-03-08 19:59:12,465 - INFO - [pipeline.py:44] - DataMoshTransformer
2026-03-08 19:59:12,501 - INFO - [pipeline.py:44] - HalftoneTransformer
2026-03-08 19:59:12,531 - INFO - [pipeline.py:44] - FlipWilsonTransformer
2026-03-08 19:59:12,635 - INFO - [pipeline.py:44] - FluidWarpTransformer
2026-03-08 19:59:12,701 - INFO - [pipeline.py:117] - [Grade: F] Saved to: /Users/kenfasano/Scripts/ScreenArt/Images/Rejected/koch_snowflake_3_3-F.jpeg
2026-03-08 19:59:12,707 - INFO - [pipeline.py:44] - XrayTransformer
2026-03-08 19:59:12,794 - INFO - [pipeline.py:44] - FluidWarpTransformer
2026-03-08 19:59:12,873 - INFO - [pipeline.py:117] - [Grade: F] Saved to: /Users/kenfasano/Scripts/ScreenArt/Images/Rejected/koch_snowflake_3_4-F.jpeg
2026-03-08 19:59:12,879 - INFO - [pipeline.py:44] - DuotoneTransformer
2026-03-08 19:59:12,982 - INFO - [pipeline.py:117] - [Grade: F] Saved to: /Users/kenfasano/Scripts/ScreenArt/Images/Rejected/koch_snowflake_3_5-F.jpeg
2026-03-08 19:59:12,991 - INFO - [pipeline.py:44] - FractalWarpTransformer
2026-03-08 19:59:13,044 - INFO - [pipeline.py:117] - [Grade: F] Saved to: /Users/kenfasano/Scripts/ScreenArt/Images/Rejected/hilbert_5-F.jpg
2026-03-08 19:59:13,053 - INFO - [pipeline.py:44] - GlitchWarpTransformer
2026-03-08 19:59:13,080 - INFO - [pipeline.py:44] - SwirlWarpTransformer
2026-03-08 19:59:13,124 - INFO - [pipeline.py:44] - FluidWarpTransformer
2026-03-08 19:59:13,196 - INFO - [pipeline.py:44] - WatercolorTransformer
2026-03-08 19:59:13,295 - INFO - [pipeline.py:117] - [Grade: F] Saved to: /Users/kenfasano/Scripts/ScreenArt/Images/Rejected/hilbert_4-F.jpg
2026-03-08 19:59:13,309 - INFO - [pipeline.py:44] - DuotoneTransformer
2026-03-08 19:59:13,398 - INFO - [pipeline.py:44] - ColormapTransformer
2026-03-08 19:59:13,409 - INFO - [pipeline.py:44] - ThreeDExtrusionTransformer
2026-03-08 19:59:13,440 - INFO - [pipeline.py:44] - MeltMorphTransformer
2026-03-08 19:59:13,510 - INFO - [pipeline.py:117] - [Grade: F] Saved to: /Users/kenfasano/Scripts/ScreenArt/Images/Rejected/hilbert_1-F.jpg
2026-03-08 19:59:13,518 - INFO - [pipeline.py:44] - TritoneTransformer
2026-03-08 19:59:13,547 - INFO - [pipeline.py:44] - MeltMorphTransformer
2026-03-08 19:59:13,600 - INFO - [pipeline.py:44] - GlitchWarpTransformer
2026-03-08 19:59:13,627 - INFO - [pipeline.py:44] - DataMoshTransformer
2026-03-08 19:59:13,678 - INFO - [pipeline.py:117] - [Grade: F] Saved to: /Users/kenfasano/Scripts/ScreenArt/Images/Rejected/hilbert_3-F.jpg
2026-03-08 19:59:13,687 - INFO - [pipeline.py:44] - TritoneTransformer
2026-03-08 19:59:13,716 - INFO - [pipeline.py:44] - FisheyeTransformer
2026-03-08 19:59:13,755 - INFO - [pipeline.py:117] - [Grade: F] Saved to: /Users/kenfasano/Scripts/ScreenArt/Images/Rejected/hilbert_2-F.jpg
2026-03-08 19:59:13,755 - INFO - [main.py:196] - FlipWilsonTransformer
2026-03-08 19:59:13,755 - INFO - [main.py:196] - XrayTransformer
2026-03-08 19:59:13,755 - INFO - [main.py:196] - WatercolorTransformer
2026-03-08 19:59:13,755 - INFO - [main.py:196] - DuotoneTransformer
2026-03-08 19:59:13,755 - INFO - [main.py:196] - FluidWarpTransformer
2026-03-08 19:59:13,755 - INFO - [main.py:196] - MeltMorphTransformer
2026-03-08 19:59:13,755 - INFO - [main.py:196] - DataMoshTransformer
2026-03-08 19:59:13,755 - INFO - [main.py:196] - SwirlWarpTransformer
2026-03-08 19:59:13,755 - INFO - [main.py:196] - AnamorphicTransformer
2026-03-08 19:59:13,755 - INFO - [main.py:196] - FractalWarpTransformer
2026-03-08 19:59:13,755 - INFO - [main.py:196] - ThreeDExtrusionTransformer
2026-03-08 19:59:13,755 - INFO - [main.py:196] - TritoneTransformer
2026-03-08 19:59:13,755 - INFO - [main.py:196] - FisheyeTransformer
2026-03-08 19:59:13,755 - INFO - [main.py:196] - HalftoneTransformer
2026-03-08 19:59:13,755 - INFO - [main.py:196] - GlitchWarpTransformer
2026-03-08 19:59:13,756 - INFO - [main.py:196] - WheelTransformer
2026-03-08 19:59:13,756 - INFO - [main.py:196] - ThermalImagingTransformer
2026-03-08 19:59:13,756 - INFO - [main.py:196] - RadialWarpTransformer
2026-03-08 19:59:13,756 - INFO - [main.py:196] - ColormapTransformer
2026-03-08 19:59:13,756 - INFO - [main.py:196] - PosterizationTransformer
2026-03-08 19:59:13,756 - INFO - [main.py:196] - InvertRGBTransformer
2026-03-08 19:59:13,756 - INFO - [main.py:239] - 13s@19:59 ✓
Accepted: 19
Rejected: 48
---
Wiki                       ->  3075ms
Nasa                       ->   625ms
GoesGenerator              ->   539ms
Cubes                      ->   483ms
Bible                      ->   460ms
KochSnowflake              ->   305ms
Lojong                     ->   268ms
Bubbles                    ->   245ms
Hilbert                    ->    57ms
PeripheralDriftIllusion    ->    49ms
NasaMapGenerator           ->    36ms
---
FlipWilsonTransformer      -> Min:    16ms | Avg:    81ms | Max:   115ms
XrayTransformer            -> Min:     6ms | Avg:    74ms | Max:   126ms
WatercolorTransformer      -> Min:    26ms | Avg:    71ms | Max:   112ms
DuotoneTransformer         -> Min:    30ms | Avg:    69ms | Max:    91ms
FluidWarpTransformer       -> Min:    26ms | Avg:    57ms | Max:   130ms
MeltMorphTransformer       -> Min:    17ms | Avg:    48ms | Max:    55ms
DataMoshTransformer        -> Min:    11ms | Avg:    35ms | Max:    48ms
SwirlWarpTransformer       -> Min:    15ms | Avg:    34ms | Max:    44ms
AnamorphicTransformer      -> Min:    16ms | Avg:    31ms | Max:    44ms
FractalWarpTransformer     -> Min:     9ms | Avg:    31ms | Max:    50ms
ThreeDExtrusionTransformer -> Min:     9ms | Avg:    27ms | Max:    32ms
TritoneTransformer         -> Min:     5ms | Avg:    25ms | Max:    34ms
FisheyeTransformer         -> Min:    23ms | Avg:    25ms | Max:    30ms
HalftoneTransformer        -> Min:     4ms | Avg:    21ms | Max:    30ms
GlitchWarpTransformer      -> Min:     8ms | Avg:    21ms | Max:    36ms
WheelTransformer           -> Min:     5ms | Avg:    21ms | Max:    33ms
ThermalImagingTransformer  -> Min:     4ms | Avg:    20ms | Max:    28ms
RadialWarpTransformer      -> Min:    13ms | Avg:    18ms | Max:    27ms
ColormapTransformer        -> Min:     4ms | Avg:    11ms | Max:    12ms
PosterizationTransformer   -> Min:     1ms | Avg:     4ms | Max:     5ms
InvertRGBTransformer       -> Min:     0ms | Avg:     1ms | Max:     1ms
