2026-03-09 12:35:22,596 - INFO - [pipeline.py:51] - "FisheyeTransformer","shape=circle,strength=0.61,zoom=1.14"
2026-03-09 12:35:22,604 - INFO - [pipeline.py:51] - "PosterizationTransformer","levels=2"
2026-03-09 12:35:22,694 - INFO - [pipeline.py:51] - "WatercolorTransformer","scale=0.50,style=psychedelic"
2026-03-09 12:35:22,726 - INFO - [pipeline.py:51] - "TritoneTransformer","highlight=#164c70,mid=#dab8af,shadow=#81cf1a"
2026-03-09 12:35:22,749 - INFO - [pipeline.py:132] - [Grade: F] Saved to: /Users/kenfasano/Scripts/ScreenArt/Images/Rejected/bubbles_4-F.jpeg
2026-03-09 12:35:22,818 - INFO - [pipeline.py:51] - "AnamorphicTransformer","intensity=0.0,0.2,0.4,0.6,0.8,thresh=95"
2026-03-09 12:35:22,847 - INFO - [pipeline.py:51] - "GlitchWarpTransformer","intensity=0.01"
2026-03-09 12:35:22,865 - INFO - [pipeline.py:132] - [Grade: A] Saved to: /Users/kenfasano/Scripts/ScreenArt/Images/TransformedImages/bubbles_8-A.jpeg
2026-03-09 12:35:22,887 - INFO - [pipeline.py:51] - "ColormapTransformer","map=winter"
2026-03-09 12:35:22,905 - INFO - [pipeline.py:132] - [Grade: C] Saved to: /Users/kenfasano/Scripts/ScreenArt/Images/TransformedImages/bubbles_9-C.jpeg
2026-03-09 12:35:22,920 - INFO - [pipeline.py:51] - "PosterizationTransformer","levels=2"
2026-03-09 12:35:22,967 - INFO - [pipeline.py:51] - "XrayTransformer","colors=1"
2026-03-09 12:35:22,985 - INFO - [pipeline.py:51] - "RadialWarpTransformer","radius=0.25,strength=101.63932495761877,style=push"
2026-03-09 12:35:23,001 - INFO - [pipeline.py:132] - [Grade: F] Saved to: /Users/kenfasano/Scripts/ScreenArt/Images/Rejected/bubbles_5-F.jpeg
2026-03-09 12:35:23,037 - INFO - [pipeline.py:51] - "GlitchWarpTransformer","intensity=0.01"
2026-03-09 12:35:23,135 - INFO - [pipeline.py:51] - "DuotoneTransformer","highlight=#000a4f,shadow=#81f418"
2026-03-09 12:35:23,168 - INFO - [pipeline.py:51] - "HalftoneTransformer","size=1"
2026-03-09 12:35:23,184 - INFO - [pipeline.py:132] - [Grade: F] Saved to: /Users/kenfasano/Scripts/ScreenArt/Images/Rejected/bubbles_2-F.jpeg
2026-03-09 12:35:23,198 - INFO - [pipeline.py:51] - "PosterizationTransformer","levels=2"
2026-03-09 12:35:23,215 - INFO - [pipeline.py:132] - [Grade: F] Saved to: /Users/kenfasano/Scripts/ScreenArt/Images/Rejected/bubbles_3-F.jpeg
2026-03-09 12:35:23,348 - INFO - [pipeline.py:51] - "XrayTransformer","colors=32"
2026-03-09 12:35:23,359 - INFO - [pipeline.py:51] - "ColormapTransformer","map=summer"
2026-03-09 12:35:23,396 - INFO - [pipeline.py:51] - "FractalWarpTransformer","iter=1,scale=0.05"
2026-03-09 12:35:23,415 - INFO - [pipeline.py:132] - [Grade: B] Saved to: /Users/kenfasano/Scripts/ScreenArt/Images/TransformedImages/bubbles_10-B.jpeg
2026-03-09 12:35:23,452 - INFO - [pipeline.py:51] - "GlitchWarpTransformer","intensity=0.01"
2026-03-09 12:35:23,572 - INFO - [pipeline.py:51] - "XrayTransformer","colors=16"
2026-03-09 12:35:23,577 - INFO - [pipeline.py:51] - "PosterizationTransformer","levels=2"
2026-03-09 12:35:23,593 - INFO - [pipeline.py:132] - [Grade: F] Saved to: /Users/kenfasano/Scripts/ScreenArt/Images/Rejected/bubbles_1-F.jpeg
2026-03-09 12:35:23,631 - INFO - [pipeline.py:51] - "TritoneTransformer","highlight=#d1039f,mid=#b48a1e,shadow=#60d7d2"
2026-03-09 12:35:23,678 - INFO - [pipeline.py:51] - "WheelTransformer","blend=add,copies=4"
2026-03-09 12:35:23,680 - INFO - [pipeline.py:51] - "InvertRGBTransformer","invert=True"
2026-03-09 12:35:23,737 - INFO - [pipeline.py:51] - "MeltMorphTransformer","intensity=0.50"
2026-03-09 12:35:23,754 - INFO - [pipeline.py:132] - [Grade: F] Saved to: /Users/kenfasano/Scripts/ScreenArt/Images/Rejected/bubbles_6-F.jpeg
2026-03-09 12:35:23,800 - INFO - [pipeline.py:51] - "DataMoshTransformer","intensity=0.01"
2026-03-09 12:35:23,819 - INFO - [pipeline.py:132] - [Grade: C] Saved to: /Users/kenfasano/Scripts/ScreenArt/Images/TransformedImages/bubbles_7-C.jpeg
2026-03-09 12:35:23,894 - INFO - [pipeline.py:51] - "FlipWilsonTransformer","keep=right,narrow=0.25"
2026-03-09 12:35:23,912 - INFO - [pipeline.py:132] - [Grade: C] Saved to: /Users/kenfasano/Scripts/ScreenArt/Images/TransformedImages/cubes_2-C.jpeg
2026-03-09 12:35:23,951 - INFO - [pipeline.py:51] - "HalftoneTransformer","size=1"
2026-03-09 12:35:23,980 - INFO - [pipeline.py:51] - "TritoneTransformer","highlight=#2a5fe7,mid=#c4827e,shadow=#34bbe8"
2026-03-09 12:35:24,007 - INFO - [pipeline.py:51] - "GlitchWarpTransformer","intensity=0.01"
2026-03-09 12:35:24,050 - INFO - [pipeline.py:51] - "WheelTransformer","blend=add,copies=4"
2026-03-09 12:35:24,066 - INFO - [pipeline.py:132] - [Grade: A] Saved to: /Users/kenfasano/Scripts/ScreenArt/Images/TransformedImages/cubes_3-A.jpeg
2026-03-09 12:35:24,167 - INFO - [pipeline.py:51] - "FluidWarpTransformer","alpha=18.37,sigma=19.93"
2026-03-09 12:35:24,258 - INFO - [pipeline.py:51] - "DuotoneTransformer","highlight=#cac49b,shadow=#974ec3"
2026-03-09 12:35:24,259 - INFO - [pipeline.py:51] - "InvertRGBTransformer","invert=True"
2026-03-09 12:35:24,303 - INFO - [pipeline.py:51] - "WheelTransformer","blend=add,copies=4"
2026-03-09 12:35:24,318 - INFO - [pipeline.py:132] - [Grade: A] Saved to: /Users/kenfasano/Scripts/ScreenArt/Images/TransformedImages/cubes_4-A.jpeg
2026-03-09 12:35:24,355 - INFO - [pipeline.py:51] - "TritoneTransformer","highlight=#370890,mid=#7f418a,shadow=#928f96"
2026-03-09 12:35:24,409 - INFO - [pipeline.py:51] - "MeltMorphTransformer","intensity=0.50"
2026-03-09 12:35:24,436 - INFO - [pipeline.py:51] - "GlitchWarpTransformer","intensity=0.01"
2026-03-09 12:35:24,452 - INFO - [pipeline.py:132] - [Grade: F] Saved to: /Users/kenfasano/Scripts/ScreenArt/Images/Rejected/cubes_5-F.jpeg
2026-03-09 12:35:24,495 - INFO - [pipeline.py:51] - "FractalWarpTransformer","iter=1,scale=0.05"
2026-03-09 12:35:24,530 - INFO - [pipeline.py:51] - "DataMoshTransformer","intensity=0.01"
2026-03-09 12:35:24,560 - INFO - [pipeline.py:51] - "TritoneTransformer","highlight=#d50517,mid=#112dce,shadow=#909698"
2026-03-09 12:35:24,576 - INFO - [pipeline.py:132] - [Grade: F] Saved to: /Users/kenfasano/Scripts/ScreenArt/Images/Rejected/cubes_6-F.jpeg
2026-03-09 12:35:24,637 - INFO - [pipeline.py:51] - "SwirlWarpTransformer","strength=1.50"
2026-03-09 12:35:24,666 - INFO - [pipeline.py:51] - "ThermalImagingTransformer","thermal=True"
2026-03-09 12:35:24,687 - INFO - [pipeline.py:132] - [Grade: C] Saved to: /Users/kenfasano/Scripts/ScreenArt/Images/TransformedImages/cubes_1-C.jpeg
2026-03-09 12:35:24,689 - INFO - [pipeline.py:51] - "InvertRGBTransformer","invert=True"
2026-03-09 12:35:24,696 - INFO - [pipeline.py:51] - "XrayTransformer","colors=2"
2026-03-09 12:35:24,703 - INFO - [pipeline.py:51] - "WheelTransformer","blend=add,copies=4"
2026-03-09 12:35:24,706 - INFO - [pipeline.py:132] - [Grade: F] Saved to: /Users/kenfasano/Scripts/ScreenArt/Images/Rejected/ic410_crawford_f31-F.jpg
2026-03-09 12:35:24,737 - INFO - [pipeline.py:51] - "WatercolorTransformer","scale=0.50,style=monet"
2026-03-09 12:35:24,748 - INFO - [pipeline.py:51] - "ThermalImagingTransformer","thermal=True"
2026-03-09 12:35:24,762 - INFO - [pipeline.py:51] - "DataMoshTransformer","intensity=0.00"
2026-03-09 12:35:24,774 - INFO - [pipeline.py:51] - "HalftoneTransformer","size=1"
2026-03-09 12:35:24,780 - INFO - [pipeline.py:132] - [Grade: F] Saved to: /Users/kenfasano/Scripts/ScreenArt/Images/Rejected/bailysbeads_durman_960-F.jpg
2026-03-09 12:35:24,795 - INFO - [pipeline.py:51] - "SwirlWarpTransformer","strength=1.50"
2026-03-09 12:35:24,805 - INFO - [pipeline.py:51] - "DataMoshTransformer","intensity=0.01"
2026-03-09 12:35:24,828 - INFO - [pipeline.py:51] - "WatercolorTransformer","scale=0.50,style=monet"
2026-03-09 12:35:24,834 - INFO - [pipeline.py:132] - [Grade: B] Saved to: /Users/kenfasano/Scripts/ScreenArt/Images/TransformedImages/ngc3370_hst-B.jpg
2026-03-09 12:35:24,843 - INFO - [pipeline.py:51] - "ColormapTransformer","map=winter"
2026-03-09 12:35:24,856 - INFO - [pipeline.py:51] - "FractalWarpTransformer","iter=1,scale=0.05"
2026-03-09 12:35:24,875 - INFO - [pipeline.py:51] - "FlipWilsonTransformer","keep=right,narrow=0.25"
2026-03-09 12:35:24,881 - INFO - [pipeline.py:132] - [Grade: C] Saved to: /Users/kenfasano/Scripts/ScreenArt/Images/TransformedImages/FlashMoon_OT_from_ORM_140km-DLopez_840mm600-C.jpg
2026-03-09 12:35:24,891 - INFO - [pipeline.py:51] - "HalftoneTransformer","size=1"
2026-03-09 12:35:24,902 - INFO - [pipeline.py:51] - "WheelTransformer","blend=add,copies=4"
2026-03-09 12:35:24,926 - INFO - [pipeline.py:51] - "DuotoneTransformer","highlight=#13c135,shadow=#fc6522"
2026-03-09 12:35:24,939 - INFO - [pipeline.py:51] - "XrayTransformer","colors=2"
2026-03-09 12:35:24,944 - INFO - [pipeline.py:132] - [Grade: F] Saved to: /Users/kenfasano/Scripts/ScreenArt/Images/Rejected/horsehead_caelum-F.jpg
2026-03-09 12:35:24,952 - INFO - [pipeline.py:51] - "HalftoneTransformer","size=1"
2026-03-09 12:35:24,959 - INFO - [pipeline.py:51] - "TritoneTransformer","highlight=#f5f5f6,mid=#f6fef8,shadow=#7c3719"
2026-03-09 12:35:24,967 - INFO - [pipeline.py:51] - "DataMoshTransformer","intensity=0.01"
2026-03-09 12:35:24,971 - INFO - [pipeline.py:132] - [Grade: F] Saved to: /Users/kenfasano/Scripts/ScreenArt/Images/Rejected/FourPlanetSunset_hao-F.jpg
2026-03-09 12:35:24,989 - INFO - [pipeline.py:51] - "XrayTransformer","colors=4"
2026-03-09 12:35:24,993 - INFO - [pipeline.py:51] - "FisheyeTransformer","shape=oval,strength=0.60,zoom=1.10"
2026-03-09 12:35:24,996 - INFO - [pipeline.py:132] - [Grade: F] Saved to: /Users/kenfasano/Scripts/ScreenArt/Images/Rejected/zodiacal_nsl-F.jpg
2026-03-09 12:35:25,019 - INFO - [pipeline.py:51] - "FlipWilsonTransformer","keep=right,narrow=0.25"
2026-03-09 12:35:25,026 - INFO - [pipeline.py:132] - [Grade: F] Saved to: /Users/kenfasano/Scripts/ScreenArt/Images/Rejected/EnceladusRingsPIA18343-F.jpg
2026-03-09 12:35:25,039 - INFO - [pipeline.py:51] - "ThreeDExtrusionTransformer","ambient=0.51,intensity=0.50"
2026-03-09 12:35:25,053 - INFO - [pipeline.py:51] - "WheelTransformer","blend=add,copies=4"
2026-03-09 12:35:25,053 - INFO - [pipeline.py:51] - "InvertRGBTransformer","invert=True"
2026-03-09 12:35:25,058 - INFO - [pipeline.py:132] - [Grade: F] Saved to: /Users/kenfasano/Scripts/ScreenArt/Images/Rejected/hse2013_cooper950-F.jpg
2026-03-09 12:35:25,063 - INFO - [pipeline.py:51] - "InvertRGBTransformer","invert=True"
2026-03-09 12:35:25,086 - INFO - [pipeline.py:51] - "DuotoneTransformer","highlight=#35c2ab,shadow=#098333"
2026-03-09 12:35:25,090 - INFO - [pipeline.py:51] - "RadialWarpTransformer","radius=0.25,strength=48.860699206386364,style=push"
2026-03-09 12:35:25,097 - INFO - [pipeline.py:51] - "FisheyeTransformer","shape=oval,strength=0.31,zoom=0.84"
2026-03-09 12:35:25,101 - INFO - [pipeline.py:132] - [Grade: F] Saved to: /Users/kenfasano/Scripts/ScreenArt/Images/Rejected/newrings_cassini-F.jpg
2026-03-09 12:35:25,122 - INFO - [pipeline.py:51] - "PosterizationTransformer","levels=2"
2026-03-09 12:35:25,153 - INFO - [pipeline.py:51] - "WatercolorTransformer","scale=0.50,style=monet"
2026-03-09 12:35:25,164 - INFO - [pipeline.py:51] - "ThermalImagingTransformer","thermal=True"
2026-03-09 12:35:25,171 - INFO - [pipeline.py:132] - [Grade: F] Saved to: /Users/kenfasano/Scripts/ScreenArt/Images/Rejected/NGC3169LRGBrevFinalcropCDK1000_27Feb2023_1024-F.jpg
2026-03-09 12:35:25,209 - INFO - [pipeline.py:51] - "GlitchWarpTransformer","intensity=0.01"
2026-03-09 12:35:25,240 - INFO - [pipeline.py:51] - "ThreeDExtrusionTransformer","ambient=0.27,intensity=0.50"
2026-03-09 12:35:25,265 - INFO - [pipeline.py:51] - "FisheyeTransformer","shape=circle,strength=0.56,zoom=1.02"
2026-03-09 12:35:25,294 - INFO - [pipeline.py:51] - "TritoneTransformer","highlight=#2f18ca,mid=#0cb0f7,shadow=#4cbf6a"
2026-03-09 12:35:25,310 - INFO - [pipeline.py:132] - [Grade: F] Saved to: /Users/kenfasano/Scripts/ScreenArt/Images/Rejected/nasa_earth_1_Cairo_True_Color-F.jpeg
2026-03-09 12:35:25,367 - INFO - [pipeline.py:51] - "FluidWarpTransformer","alpha=0.14,sigma=12.20"
2026-03-09 12:35:25,389 - INFO - [pipeline.py:51] - "TritoneTransformer","highlight=#80bc48,mid=#c30d49,shadow=#7f17a7"
2026-03-09 12:35:25,411 - INFO - [pipeline.py:51] - "ThreeDExtrusionTransformer","ambient=0.71,intensity=0.50"
2026-03-09 12:35:25,423 - INFO - [pipeline.py:132] - [Grade: F] Saved to: /Users/kenfasano/Scripts/ScreenArt/Images/Rejected/noaa_goes_1_se_Fire_Temperature-F.jpeg
2026-03-09 12:35:25,479 - INFO - [pipeline.py:51] - "MeltMorphTransformer","intensity=0.50"
2026-03-09 12:35:25,497 - INFO - [pipeline.py:132] - [Grade: A] Saved to: /Users/kenfasano/Scripts/ScreenArt/Images/TransformedImages/Distant_-A.jpeg
2026-03-09 12:35:25,498 - INFO - [pipeline.py:51] - "TritoneTransformer","highlight=#6ecd01,mid=#25d4a4,shadow=#57ad20"
2026-03-09 12:35:25,498 - INFO - [pipeline.py:51] - "ThermalImagingTransformer","thermal=True"
2026-03-09 12:35:25,498 - INFO - [pipeline.py:51] - "InvertRGBTransformer","invert=True"
2026-03-09 12:35:25,499 - INFO - [pipeline.py:132] - [Grade: F] Saved to: /Users/kenfasano/Scripts/ScreenArt/Images/Rejected/Prince_Joinvill-F.jpeg
2026-03-09 12:35:25,560 - INFO - [pipeline.py:51] - "HalftoneTransformer","size=1"
2026-03-09 12:35:25,670 - INFO - [pipeline.py:51] - "DuotoneTransformer","highlight=#795363,shadow=#404208"
2026-03-09 12:35:25,743 - INFO - [pipeline.py:51] - "FlipWilsonTransformer","keep=right,narrow=0.25"
2026-03-09 12:35:25,809 - INFO - [pipeline.py:51] - "MeltMorphTransformer","intensity=0.50"
2026-03-09 12:35:25,828 - INFO - [pipeline.py:132] - [Grade: F] Saved to: /Users/kenfasano/Scripts/ScreenArt/Images/Rejected/20130401-F.jpeg
2026-03-09 12:35:25,861 - INFO - [pipeline.py:51] - "RadialWarpTransformer","radius=0.25,strength=63.64452244304255,style=push"
2026-03-09 12:35:25,929 - INFO - [pipeline.py:51] - "FlipWilsonTransformer","keep=right,narrow=0.25"
2026-03-09 12:35:26,101 - INFO - [pipeline.py:51] - "XrayTransformer","colors=2"
2026-03-09 12:35:26,106 - INFO - [pipeline.py:51] - "PosterizationTransformer","levels=2"
2026-03-09 12:35:26,124 - INFO - [pipeline.py:132] - [Grade: F] Saved to: /Users/kenfasano/Scripts/ScreenArt/Images/Rejected/Die_Wese-F.jpeg
2026-03-09 12:35:26,133 - INFO - [pipeline.py:51] - "InvertRGBTransformer","invert=True"
2026-03-09 12:35:26,160 - INFO - [pipeline.py:51] - "GlitchWarpTransformer","intensity=0.01"
2026-03-09 12:35:26,175 - INFO - [pipeline.py:132] - [Grade: F] Saved to: /Users/kenfasano/Scripts/ScreenArt/Images/Rejected/lojong_2-F.jpeg
2026-03-09 12:35:26,213 - INFO - [pipeline.py:51] - "ThreeDExtrusionTransformer","ambient=0.91,intensity=0.50"
2026-03-09 12:35:26,273 - INFO - [pipeline.py:51] - "AnamorphicTransformer","intensity=0.0,0.2,0.4,0.6,0.8,thresh=95"
2026-03-09 12:35:26,290 - INFO - [pipeline.py:132] - [Grade: A] Saved to: /Users/kenfasano/Scripts/ScreenArt/Images/TransformedImages/lojong_3-A.jpeg
2026-03-09 12:35:26,326 - INFO - [pipeline.py:51] - "HalftoneTransformer","size=1"
2026-03-09 12:35:26,367 - INFO - [pipeline.py:51] - "FluidWarpTransformer","alpha=2.23,sigma=5.29"
2026-03-09 12:35:26,383 - INFO - [pipeline.py:132] - [Grade: F] Saved to: /Users/kenfasano/Scripts/ScreenArt/Images/Rejected/lojong_8-F.jpeg
2026-03-09 12:35:26,434 - INFO - [pipeline.py:51] - "SwirlWarpTransformer","strength=1.50"
2026-03-09 12:35:26,525 - INFO - [pipeline.py:51] - "DuotoneTransformer","highlight=#a43907,shadow=#7566fb"
2026-03-09 12:35:26,542 - INFO - [pipeline.py:132] - [Grade: B] Saved to: /Users/kenfasano/Scripts/ScreenArt/Images/TransformedImages/lojong_4-B.jpeg
2026-03-09 12:35:26,575 - INFO - [pipeline.py:51] - "GlitchWarpTransformer","intensity=0.01"
2026-03-09 12:35:26,593 - INFO - [pipeline.py:132] - [Grade: C] Saved to: /Users/kenfasano/Scripts/ScreenArt/Images/TransformedImages/lojong_5-C.jpeg
2026-03-09 12:35:26,604 - INFO - [pipeline.py:51] - "PosterizationTransformer","levels=2"
2026-03-09 12:35:26,616 - INFO - [pipeline.py:51] - "ColormapTransformer","map=spring"
2026-03-09 12:35:26,706 - INFO - [pipeline.py:51] - "DuotoneTransformer","highlight=#3b7747,shadow=#72de5b"
2026-03-09 12:35:26,737 - INFO - [pipeline.py:51] - "ThreeDExtrusionTransformer","ambient=0.91,intensity=0.50"
2026-03-09 12:35:26,753 - INFO - [pipeline.py:132] - [Grade: F] Saved to: /Users/kenfasano/Scripts/ScreenArt/Images/Rejected/lojong_9-F.jpeg
2026-03-09 12:35:26,765 - INFO - [pipeline.py:51] - "PosterizationTransformer","levels=2"
2026-03-09 12:35:26,811 - INFO - [pipeline.py:51] - "XrayTransformer","colors=2"
2026-03-09 12:35:26,822 - INFO - [pipeline.py:51] - "ColormapTransformer","map=autumn"
2026-03-09 12:35:26,871 - INFO - [pipeline.py:51] - "FluidWarpTransformer","alpha=8.69,sigma=8.08"
2026-03-09 12:35:26,887 - INFO - [pipeline.py:132] - [Grade: F] Saved to: /Users/kenfasano/Scripts/ScreenArt/Images/Rejected/lojong_6-F.jpeg
2026-03-09 12:35:26,922 - INFO - [pipeline.py:51] - "TritoneTransformer","highlight=#af4e2b,mid=#4e8e79,shadow=#196e14"
2026-03-09 12:35:26,937 - INFO - [pipeline.py:132] - [Grade: F] Saved to: /Users/kenfasano/Scripts/ScreenArt/Images/Rejected/lojong_7-F.jpeg
2026-03-09 12:35:27,001 - INFO - [pipeline.py:51] - "AnamorphicTransformer","intensity=0.0,0.2,0.4,0.6,0.8,thresh=95"
2026-03-09 12:35:27,095 - INFO - [pipeline.py:51] - "DuotoneTransformer","highlight=#05e93e,shadow=#61c435"
2026-03-09 12:35:27,133 - INFO - [pipeline.py:51] - "DataMoshTransformer","intensity=0.01"
2026-03-09 12:35:27,186 - INFO - [pipeline.py:51] - "MeltMorphTransformer","intensity=0.50"
2026-03-09 12:35:27,203 - INFO - [pipeline.py:132] - [Grade: F] Saved to: /Users/kenfasano/Scripts/ScreenArt/Images/Rejected/lojong_0-F.jpeg
2026-03-09 12:35:27,236 - INFO - [pipeline.py:51] - "ThermalImagingTransformer","thermal=True"
2026-03-09 12:35:27,252 - INFO - [pipeline.py:132] - [Grade: F] Saved to: /Users/kenfasano/Scripts/ScreenArt/Images/Rejected/lojong_1-F.jpeg
2026-03-09 12:35:27,291 - INFO - [pipeline.py:51] - "ThreeDExtrusionTransformer","ambient=0.98,intensity=0.50"
2026-03-09 12:35:27,333 - INFO - [pipeline.py:51] - "SwirlWarpTransformer","strength=1.50"
2026-03-09 12:35:27,338 - INFO - [pipeline.py:51] - "PosterizationTransformer","levels=2"
2026-03-09 12:35:27,354 - INFO - [pipeline.py:132] - [Grade: F] Saved to: /Users/kenfasano/Scripts/ScreenArt/Images/Rejected/psalms_41-F.jpeg
2026-03-09 12:35:27,425 - INFO - [pipeline.py:51] - "FlipWilsonTransformer","keep=right,narrow=0.25"
2026-03-09 12:35:27,459 - INFO - [pipeline.py:51] - "FractalWarpTransformer","iter=1,scale=0.05"
2026-03-09 12:35:27,475 - INFO - [pipeline.py:51] - "RadialWarpTransformer","radius=0.25,strength=79.86360154891716,style=push"
2026-03-09 12:35:27,528 - INFO - [pipeline.py:51] - "MeltMorphTransformer","intensity=0.50"
2026-03-09 12:35:27,545 - INFO - [pipeline.py:132] - [Grade: B] Saved to: /Users/kenfasano/Scripts/ScreenArt/Images/TransformedImages/psalms_7-B.jpeg
2026-03-09 12:35:27,582 - INFO - [pipeline.py:51] - "ThreeDExtrusionTransformer","ambient=0.88,intensity=0.50"
2026-03-09 12:35:27,609 - INFO - [pipeline.py:51] - "GlitchWarpTransformer","intensity=0.01"
2026-03-09 12:35:27,628 - INFO - [pipeline.py:132] - [Grade: F] Saved to: /Users/kenfasano/Scripts/ScreenArt/Images/Rejected/psalms_140-F.jpeg
2026-03-09 12:35:27,712 - INFO - [pipeline.py:51] - "FractalWarpTransformer","iter=1,scale=0.05"
2026-03-09 12:35:27,739 - INFO - [pipeline.py:132] - [Grade: C] Saved to: /Users/kenfasano/Scripts/ScreenArt/Images/TransformedImages/psalms_51-C.jpeg
2026-03-09 12:35:27,747 - INFO - [pipeline.py:51] - "InvertRGBTransformer","invert=True"
2026-03-09 12:35:27,752 - INFO - [pipeline.py:51] - "PosterizationTransformer","levels=2"
2026-03-09 12:35:27,764 - INFO - [pipeline.py:51] - "ColormapTransformer","map=summer"
2026-03-09 12:35:27,779 - INFO - [pipeline.py:132] - [Grade: F] Saved to: /Users/kenfasano/Scripts/ScreenArt/Images/Rejected/psalms_67-F.jpeg
2026-03-09 12:35:27,829 - INFO - [pipeline.py:51] - "SwirlWarpTransformer","strength=1.50"
2026-03-09 12:35:27,847 - INFO - [pipeline.py:132] - [Grade: F] Saved to: /Users/kenfasano/Scripts/ScreenArt/Images/Rejected/psalms_25-F.jpeg
2026-03-09 12:35:27,906 - INFO - [pipeline.py:51] - "MeltMorphTransformer","intensity=0.50"
2026-03-09 12:35:27,995 - INFO - [pipeline.py:51] - "DuotoneTransformer","highlight=#2e0838,shadow=#bc55ab"
2026-03-09 12:35:28,012 - INFO - [pipeline.py:132] - [Grade: A] Saved to: /Users/kenfasano/Scripts/ScreenArt/Images/TransformedImages/psalms_13-A.jpeg
2026-03-09 12:35:28,049 - INFO - [pipeline.py:51] - "TritoneTransformer","highlight=#aacce1,mid=#8f12f8,shadow=#d8c78b"
2026-03-09 12:35:28,083 - INFO - [pipeline.py:51] - "FractalWarpTransformer","iter=1,scale=0.05"
2026-03-09 12:35:28,099 - INFO - [pipeline.py:132] - [Grade: C] Saved to: /Users/kenfasano/Scripts/ScreenArt/Images/TransformedImages/psalms_32-C.jpeg
2026-03-09 12:35:28,123 - INFO - [pipeline.py:51] - "RadialWarpTransformer","radius=0.25,strength=38.709292562395326,style=push"
2026-03-09 12:35:28,149 - INFO - [pipeline.py:51] - "ThermalImagingTransformer","thermal=True"
2026-03-09 12:35:28,177 - INFO - [pipeline.py:51] - "GlitchWarpTransformer","intensity=0.01"
2026-03-09 12:35:28,222 - INFO - [pipeline.py:51] - "FluidWarpTransformer","alpha=19.47,sigma=6.42"
2026-03-09 12:35:28,239 - INFO - [pipeline.py:132] - [Grade: F] Saved to: /Users/kenfasano/Scripts/ScreenArt/Images/Rejected/psalms_3-F.jpeg
2026-03-09 12:35:28,258 - INFO - [pipeline.py:51] - "ColormapTransformer","map=spring"
2026-03-09 12:35:28,319 - INFO - [pipeline.py:51] - "FlipWilsonTransformer","keep=right,narrow=0.25"
2026-03-09 12:35:28,356 - INFO - [pipeline.py:51] - "DataMoshTransformer","intensity=0.01"
2026-03-09 12:35:28,409 - INFO - [pipeline.py:51] - "FluidWarpTransformer","alpha=10.19,sigma=8.93"
2026-03-09 12:35:28,426 - INFO - [pipeline.py:132] - [Grade: B] Saved to: /Users/kenfasano/Scripts/ScreenArt/Images/TransformedImages/psalms_2-B.jpeg
2026-03-09 12:35:28,429 - INFO - [pipeline.py:51] - "InvertRGBTransformer","invert=True"
2026-03-09 12:35:28,434 - INFO - [pipeline.py:132] - [Grade: F] Saved to: /Users/kenfasano/Scripts/ScreenArt/Images/Rejected/peripheral_drift_2-F.jpeg
2026-03-09 12:35:28,467 - INFO - [pipeline.py:51] - "DuotoneTransformer","highlight=#477ad4,shadow=#25a9af"
2026-03-09 12:35:28,495 - INFO - [pipeline.py:51] - "XrayTransformer","colors=4"
2026-03-09 12:35:28,501 - INFO - [pipeline.py:132] - [Grade: F] Saved to: /Users/kenfasano/Scripts/ScreenArt/Images/Rejected/peripheral_drift_3-F.jpeg
2026-03-09 12:35:28,525 - INFO - [pipeline.py:51] - "FlipWilsonTransformer","keep=right,narrow=0.25"
2026-03-09 12:35:28,535 - INFO - [pipeline.py:51] - "ThreeDExtrusionTransformer","ambient=0.85,intensity=0.50"
2026-03-09 12:35:28,541 - INFO - [pipeline.py:132] - [Grade: F] Saved to: /Users/kenfasano/Scripts/ScreenArt/Images/Rejected/peripheral_drift_1-F.jpeg
2026-03-09 12:35:28,582 - INFO - [pipeline.py:51] - "FractalWarpTransformer","iter=1,scale=0.05"
2026-03-09 12:35:28,645 - INFO - [pipeline.py:51] - "FlipWilsonTransformer","keep=right,narrow=0.25"
2026-03-09 12:35:28,662 - INFO - [pipeline.py:132] - [Grade: A] Saved to: /Users/kenfasano/Scripts/ScreenArt/Images/TransformedImages/koch_snowflake_1_1-A.jpeg
2026-03-09 12:35:28,758 - INFO - [pipeline.py:51] - "DuotoneTransformer","highlight=#7123ef,shadow=#006537"
2026-03-09 12:35:28,836 - INFO - [pipeline.py:51] - "WatercolorTransformer","scale=0.50,style=psychedelic"
2026-03-09 12:35:28,859 - INFO - [pipeline.py:51] - "FisheyeTransformer","shape=circle,strength=0.55,zoom=0.98"
2026-03-09 12:35:28,909 - INFO - [pipeline.py:51] - "FluidWarpTransformer","alpha=0.18,sigma=8.48"
2026-03-09 12:35:28,925 - INFO - [pipeline.py:132] - [Grade: F] Saved to: /Users/kenfasano/Scripts/ScreenArt/Images/Rejected/koch_snowflake_1_3-F.jpeg
2026-03-09 12:35:28,973 - INFO - [pipeline.py:51] - "SwirlWarpTransformer","strength=1.50"
2026-03-09 12:35:29,042 - INFO - [pipeline.py:51] - "XrayTransformer","colors=4"
2026-03-09 12:35:29,046 - INFO - [pipeline.py:51] - "PosterizationTransformer","levels=2"
2026-03-09 12:35:29,099 - INFO - [pipeline.py:51] - "MeltMorphTransformer","intensity=0.50"
2026-03-09 12:35:29,115 - INFO - [pipeline.py:132] - [Grade: F] Saved to: /Users/kenfasano/Scripts/ScreenArt/Images/Rejected/koch_snowflake_1_2-F.jpeg
2026-03-09 12:35:29,164 - INFO - [pipeline.py:51] - "WheelTransformer","blend=add,copies=4"
2026-03-09 12:35:29,199 - INFO - [pipeline.py:51] - "DataMoshTransformer","intensity=0.01"
2026-03-09 12:35:29,230 - INFO - [pipeline.py:51] - "ThreeDExtrusionTransformer","ambient=0.69,intensity=0.50"
2026-03-09 12:35:29,246 - INFO - [pipeline.py:132] - [Grade: A] Saved to: /Users/kenfasano/Scripts/ScreenArt/Images/TransformedImages/koch_snowflake_1_5-A.jpeg
2026-03-09 12:35:29,276 - INFO - [pipeline.py:51] - "FisheyeTransformer","shape=circle,strength=0.62,zoom=0.66"
2026-03-09 12:35:29,288 - INFO - [pipeline.py:51] - "ColormapTransformer","map=pink"
2026-03-09 12:35:29,301 - INFO - [pipeline.py:51] - "RadialWarpTransformer","radius=0.25,strength=,style="
2026-03-09 12:35:29,317 - INFO - [pipeline.py:132] - [Grade: F] Saved to: /Users/kenfasano/Scripts/ScreenArt/Images/Rejected/koch_snowflake_1_4-F.jpeg
2026-03-09 12:35:29,377 - INFO - [pipeline.py:51] - "MeltMorphTransformer","intensity=0.50"
2026-03-09 12:35:29,419 - INFO - [pipeline.py:51] - "SwirlWarpTransformer","strength=1.50"
2026-03-09 12:35:29,484 - INFO - [pipeline.py:51] - "XrayTransformer","colors=4"
2026-03-09 12:35:29,500 - INFO - [pipeline.py:132] - [Grade: F] Saved to: /Users/kenfasano/Scripts/ScreenArt/Images/Rejected/hilbert_5-F.jpg
2026-03-09 12:35:29,545 - INFO - [pipeline.py:51] - "ThreeDExtrusionTransformer","ambient=0.89,intensity=0.50"
2026-03-09 12:35:29,564 - INFO - [pipeline.py:132] - [Grade: F] Saved to: /Users/kenfasano/Scripts/ScreenArt/Images/Rejected/hilbert_4-F.jpg
2026-03-09 12:35:29,613 - INFO - [pipeline.py:51] - "DataMoshTransformer","intensity=0.01"
2026-03-09 12:35:29,676 - INFO - [pipeline.py:51] - "FlipWilsonTransformer","keep=right,narrow=0.25"
2026-03-09 12:35:29,729 - INFO - [pipeline.py:51] - "MeltMorphTransformer","intensity=0.50"
2026-03-09 12:35:29,730 - INFO - [pipeline.py:51] - "InvertRGBTransformer","invert=True"
2026-03-09 12:35:29,745 - INFO - [pipeline.py:132] - [Grade: F] Saved to: /Users/kenfasano/Scripts/ScreenArt/Images/Rejected/hilbert_1-F.jpg
2026-03-09 12:35:29,778 - INFO - [pipeline.py:51] - "FisheyeTransformer","shape=oval,strength=0.64,zoom=0.97"
2026-03-09 12:35:29,791 - INFO - [pipeline.py:51] - "RadialWarpTransformer","radius=0.25,strength=,style="
2026-03-09 12:35:29,809 - INFO - [pipeline.py:132] - [Grade: F] Saved to: /Users/kenfasano/Scripts/ScreenArt/Images/Rejected/hilbert_3-F.jpg
2026-03-09 12:35:29,883 - INFO - [pipeline.py:51] - "FlipWilsonTransformer","keep=right,narrow=0.25"
2026-03-09 12:35:29,933 - INFO - [pipeline.py:51] - "FluidWarpTransformer","alpha=8.03,sigma=8.00"
2026-03-09 12:35:29,963 - INFO - [pipeline.py:51] - "ThreeDExtrusionTransformer","ambient=0.18,intensity=0.50"
2026-03-09 12:35:29,986 - INFO - [pipeline.py:51] - "FisheyeTransformer","shape=oval,strength=0.60,zoom=1.39"
2026-03-09 12:35:30,007 - INFO - [pipeline.py:132] - [Grade: F] Saved to: /Users/kenfasano/Scripts/ScreenArt/Images/Rejected/hilbert_2-F.jpg
2026-03-09 12:35:30,007 - INFO - [main.py:197] - DuotoneTransformer
2026-03-09 12:35:30,007 - INFO - [main.py:197] - XrayTransformer
2026-03-09 12:35:30,007 - INFO - [main.py:197] - AnamorphicTransformer
2026-03-09 12:35:30,007 - INFO - [main.py:197] - MeltMorphTransformer
2026-03-09 12:35:30,007 - INFO - [main.py:197] - FluidWarpTransformer
2026-03-09 12:35:30,007 - INFO - [main.py:197] - FlipWilsonTransformer
2026-03-09 12:35:30,007 - INFO - [main.py:197] - WatercolorTransformer
2026-03-09 12:35:30,007 - INFO - [main.py:197] - SwirlWarpTransformer
2026-03-09 12:35:30,007 - INFO - [main.py:197] - FractalWarpTransformer
2026-03-09 12:35:30,007 - INFO - [main.py:197] - WheelTransformer
2026-03-09 12:35:30,007 - INFO - [main.py:197] - DataMoshTransformer
2026-03-09 12:35:30,007 - INFO - [main.py:197] - GlitchWarpTransformer
2026-03-09 12:35:30,007 - INFO - [main.py:197] - ThreeDExtrusionTransformer
2026-03-09 12:35:30,007 - INFO - [main.py:197] - HalftoneTransformer
2026-03-09 12:35:30,007 - INFO - [main.py:197] - TritoneTransformer
2026-03-09 12:35:30,007 - INFO - [main.py:197] - FisheyeTransformer
2026-03-09 12:35:30,007 - INFO - [main.py:197] - ThermalImagingTransformer
2026-03-09 12:35:30,007 - INFO - [main.py:197] - RadialWarpTransformer
2026-03-09 12:35:30,007 - INFO - [main.py:197] - ColormapTransformer
2026-03-09 12:35:30,007 - INFO - [main.py:197] - PosterizationTransformer
2026-03-09 12:35:30,007 - INFO - [main.py:197] - InvertRGBTransformer
2026-03-09 12:35:30,007 - INFO - [main.py:240] - 14s@12:35 ✓
Accepted: 21
Rejected: 45
---
Wiki                       ->  2662ms
Nasa                       ->   948ms
GoesGenerator              ->   564ms
Bible                      ->   494ms
Cubes                      ->   474ms
Bubbles                    ->   387ms
KochSnowflake              ->   374ms
Lojong                     ->   329ms
NasaMapGenerator           ->   180ms
Hilbert                    ->    74ms
PeripheralDriftIllusion    ->    50ms
---
DuotoneTransformer         -> Min:    23ms | Avg:    75ms | Max:   110ms
XrayTransformer            -> Min:     7ms | Avg:    64ms | Max:   171ms
AnamorphicTransformer      -> Min:    58ms | Avg:    59ms | Max:    60ms
MeltMorphTransformer       -> Min:    47ms | Avg:    54ms | Max:    66ms
FluidWarpTransformer       -> Min:    40ms | Avg:    53ms | Max:    93ms
FlipWilsonTransformer      -> Min:    18ms | Avg:    53ms | Max:    73ms
WatercolorTransformer      -> Min:    22ms | Avg:    50ms | Max:    90ms
SwirlWarpTransformer       -> Min:    13ms | Avg:    40ms | Max:    53ms
FractalWarpTransformer     -> Min:    14ms | Avg:    38ms | Max:    77ms
WheelTransformer           -> Min:     6ms | Avg:    30ms | Max:    47ms
DataMoshTransformer        -> Min:     8ms | Avg:    28ms | Max:    38ms
GlitchWarpTransformer      -> Min:    27ms | Avg:    27ms | Max:    29ms
ThreeDExtrusionTransformer -> Min:    10ms | Avg:    26ms | Max:    31ms
HalftoneTransformer        -> Min:     6ms | Avg:    24ms | Max:    51ms
TritoneTransformer         -> Min:     1ms | Avg:    24ms | Max:    31ms
FisheyeTransformer         -> Min:     3ms | Avg:    22ms | Max:    53ms
ThermalImagingTransformer  -> Min:     0ms | Avg:    17ms | Max:    29ms
RadialWarpTransformer      -> Min:     4ms | Avg:    14ms | Max:    19ms
ColormapTransformer        -> Min:     4ms | Avg:    11ms | Max:    13ms
PosterizationTransformer   -> Min:     2ms | Avg:     5ms | Max:     8ms
InvertRGBTransformer       -> Min:     0ms | Avg:     1ms | Max:     1ms
