2026-03-14 13:35:47,335 - INFO - [pipeline.py:137] - "FractalWarpTransformer","iter=1,scale=0.05"
2026-03-14 13:35:47,385 - INFO - [pipeline.py:137] - "FisheyeTransformer","shape=oval,strength=0.27,zoom=1.05"
2026-03-14 13:35:47,454 - INFO - [pipeline.py:137] - "OilPaintingTransformer","dyn_ratio=1,size=8"
2026-03-14 13:35:47,483 - INFO - [pipeline.py:137] - "GlitchWarpTransformer","intensity=0.01"
2026-03-14 13:35:47,500 - INFO - [pipeline.py:243] - [Grade: C] Saved to: /Users/kenfasano/Scripts/ScreenArt/Images/TransformedImages/bubbles_4-C.jpeg
2026-03-14 13:35:47,527 - INFO - [pipeline.py:137] - "RadialWarpTransformer","radius=0.25,strength=109.91128796828968,style=push"
2026-03-14 13:35:47,555 - INFO - [pipeline.py:137] - "ChromaticAberrationTransformer","angle=187.00,edge_fade=1,shift=13.60"
2026-03-14 13:35:47,572 - INFO - [pipeline.py:243] - [Grade: F] Saved to: /Users/kenfasano/Scripts/ScreenArt/Images/Rejected/bubbles_8-F.jpeg
2026-03-14 13:35:47,642 - INFO - [pipeline.py:137] - "FlipWilsonTransformer","keep=right,narrow=0.23"
2026-03-14 13:35:47,668 - INFO - [pipeline.py:137] - "ChromaticAberrationTransformer","angle=298.50,edge_fade=1,shift=15.50"
2026-03-14 13:35:47,706 - INFO - [pipeline.py:137] - "ThermalImagingTransformer","thermal=True"
2026-03-14 13:35:47,748 - INFO - [pipeline.py:137] - "OilPaintingTransformer","dyn_ratio=8,size=6"
2026-03-14 13:35:47,766 - INFO - [pipeline.py:243] - [Grade: A] Saved to: /Users/kenfasano/Scripts/ScreenArt/Images/TransformedImages/bubbles_9-A.jpeg
2026-03-14 13:35:47,802 - INFO - [pipeline.py:137] - "GlitchWarpTransformer","intensity=0.01"
2026-03-14 13:35:47,828 - INFO - [pipeline.py:137] - "ChromaticAberrationTransformer","angle=31.90,edge_fade=1,shift=7.70"
2026-03-14 13:35:47,890 - INFO - [pipeline.py:137] - "FlipWilsonTransformer","keep=right,narrow=0.23"
2026-03-14 13:35:47,907 - INFO - [pipeline.py:243] - [Grade: C] Saved to: /Users/kenfasano/Scripts/ScreenArt/Images/TransformedImages/bubbles_5-C.jpeg
2026-03-14 13:35:48,288 - INFO - [pipeline.py:137] - "VoronoiTransformer","edge_blend=1,num_points=243"
2026-03-14 13:35:48,306 - INFO - [pipeline.py:243] - [Grade: C] Saved to: /Users/kenfasano/Scripts/ScreenArt/Images/TransformedImages/bubbles_2-C.jpeg
2026-03-14 13:35:48,368 - INFO - [pipeline.py:137] - "HalftoneTransformer","size=2"
2026-03-14 13:35:48,381 - INFO - [pipeline.py:137] - "ColormapTransformer","map=hot"
2026-03-14 13:35:48,442 - INFO - [pipeline.py:137] - "FlipWilsonTransformer","keep=right,narrow=0.23"
2026-03-14 13:35:48,480 - INFO - [pipeline.py:137] - "DataMoshTransformer","intensity=0.01"
2026-03-14 13:35:48,498 - INFO - [pipeline.py:243] - [Grade: A] Saved to: /Users/kenfasano/Scripts/ScreenArt/Images/TransformedImages/bubbles_3-A.jpeg
2026-03-14 13:35:48,726 - INFO - [pipeline.py:137] - "VoronoiTransformer","edge_blend=1,num_points=163"
2026-03-14 13:35:48,749 - INFO - [pipeline.py:243] - [Grade: C] Saved to: /Users/kenfasano/Scripts/ScreenArt/Images/TransformedImages/bubbles_10-C.jpeg
2026-03-14 13:35:48,770 - INFO - [pipeline.py:137] - "ColormapTransformer","map=spring"
2026-03-14 13:35:48,787 - INFO - [pipeline.py:243] - [Grade: C] Saved to: /Users/kenfasano/Scripts/ScreenArt/Images/TransformedImages/bubbles_1-C.jpeg
2026-03-14 13:35:48,837 - INFO - [pipeline.py:137] - "OilPaintingTransformer","dyn_ratio=4,size=6"
2026-03-14 13:35:48,991 - INFO - [pipeline.py:137] - "VoronoiTransformer","edge_blend=1,num_points=106"
2026-03-14 13:35:49,018 - INFO - [pipeline.py:137] - "ChromaticAberrationTransformer","angle=214.70,edge_fade=1,shift=17.60"
2026-03-14 13:35:49,055 - INFO - [pipeline.py:137] - "ThermalImagingTransformer","thermal=True"
2026-03-14 13:35:49,072 - INFO - [pipeline.py:243] - [Grade: A] Saved to: /Users/kenfasano/Scripts/ScreenArt/Images/TransformedImages/bubbles_6-A.jpeg
2026-03-14 13:35:49,132 - INFO - [pipeline.py:137] - "KaleidoscopeTransformer","cx_off=-0.11,cy_off=0.03,segments=8"
2026-03-14 13:35:49,164 - INFO - [pipeline.py:137] - "WheelTransformer","blend=normal,copies=4"
2026-03-14 13:35:49,192 - INFO - [pipeline.py:137] - "GlitchWarpTransformer","intensity=0.01"
2026-03-14 13:35:49,273 - INFO - [pipeline.py:137] - "StippleTransformer","bg=white,dot_radius=2,jitter=1,spacing=7"
2026-03-14 13:35:49,296 - INFO - [pipeline.py:243] - [Grade: F] Saved to: /Users/kenfasano/Scripts/ScreenArt/Images/Rejected/bubbles_7-F.jpeg
2026-03-14 13:35:49,354 - INFO - [pipeline.py:137] - "HalftoneTransformer","size=2"
2026-03-14 13:35:49,380 - INFO - [pipeline.py:137] - "ChromaticAberrationTransformer","angle=262.90,edge_fade=1,shift=13.10"
2026-03-14 13:35:49,395 - INFO - [pipeline.py:243] - [Grade: A] Saved to: /Users/kenfasano/Scripts/ScreenArt/Images/TransformedImages/cubes_2-A.jpeg
2026-03-14 13:35:49,430 - INFO - [pipeline.py:137] - "GlitchWarpTransformer","intensity=0.01"
2026-03-14 13:35:49,448 - INFO - [pipeline.py:243] - [Grade: A] Saved to: /Users/kenfasano/Scripts/ScreenArt/Images/TransformedImages/cubes_3-A.jpeg
2026-03-14 13:35:49,522 - INFO - [pipeline.py:137] - "FlipWilsonTransformer","keep=right,narrow=0.23"
2026-03-14 13:35:49,738 - INFO - [pipeline.py:137] - "WatercolorTransformer","scale=0.85,style=monet"
2026-03-14 13:35:49,755 - INFO - [pipeline.py:243] - [Grade: A] Saved to: /Users/kenfasano/Scripts/ScreenArt/Images/TransformedImages/cubes_4-A.jpeg
2026-03-14 13:35:49,775 - INFO - [pipeline.py:137] - "ColormapTransformer","map=hsv"
2026-03-14 13:35:49,808 - INFO - [pipeline.py:137] - "WheelTransformer","blend=normal,copies=4"
2026-03-14 13:35:49,826 - INFO - [pipeline.py:243] - [Grade: A] Saved to: /Users/kenfasano/Scripts/ScreenArt/Images/TransformedImages/cubes_5-A.jpeg
2026-03-14 13:35:49,871 - INFO - [pipeline.py:137] - "SwirlWarpTransformer","strength=1.50"
2026-03-14 13:35:49,921 - INFO - [pipeline.py:137] - "StippleTransformer","bg=white,dot_radius=3,jitter=1,spacing=10"
2026-03-14 13:35:49,949 - INFO - [pipeline.py:137] - "GlitchWarpTransformer","intensity=0.01"
2026-03-14 13:35:49,972 - INFO - [pipeline.py:243] - [Grade: C] Saved to: /Users/kenfasano/Scripts/ScreenArt/Images/TransformedImages/cubes_6-C.jpeg
2026-03-14 13:35:49,998 - INFO - [pipeline.py:137] - "ColormapTransformer","map=summer"
2026-03-14 13:35:50,024 - INFO - [pipeline.py:137] - "ChromaticAberrationTransformer","angle=64.70,edge_fade=1,shift=12.30"
2026-03-14 13:35:50,061 - INFO - [pipeline.py:137] - "ThermalImagingTransformer","thermal=True"
2026-03-14 13:35:50,110 - INFO - [pipeline.py:137] - "KaleidoscopeTransformer","cx_off=-0.15,cy_off=0.03,segments=6"
2026-03-14 13:35:50,127 - INFO - [pipeline.py:243] - [Grade: A] Saved to: /Users/kenfasano/Scripts/ScreenArt/Images/TransformedImages/cubes_1-A.jpeg
2026-03-14 13:35:50,136 - INFO - [pipeline.py:137] - "ThermalImagingTransformer","thermal=True"
2026-03-14 13:35:50,140 - INFO - [pipeline.py:137] - "ChromaticAberrationTransformer","angle=169.50,edge_fade=1,shift=11.00"
2026-03-14 13:35:50,143 - INFO - [pipeline.py:243] - [Grade: A] Saved to: /Users/kenfasano/Scripts/ScreenArt/Images/TransformedImages/ivan_iss-A.jpg
2026-03-14 13:35:50,165 - INFO - [pipeline.py:137] - "HalftoneTransformer","size=2"
2026-03-14 13:35:50,169 - INFO - [pipeline.py:137] - "PosterizationTransformer","levels=4"
2026-03-14 13:35:50,175 - INFO - [pipeline.py:243] - [Grade: A] Saved to: /Users/kenfasano/Scripts/ScreenArt/Images/TransformedImages/dingogap_curiositybouric_960-A.jpg
2026-03-14 13:35:50,243 - INFO - [pipeline.py:137] - "WatercolorTransformer","scale=0.85,style=psychedelic"
2026-03-14 13:35:50,263 - INFO - [pipeline.py:137] - "OilPaintingTransformer","dyn_ratio=4,size=7"
2026-03-14 13:35:50,268 - INFO - [pipeline.py:243] - [Grade: C] Saved to: /Users/kenfasano/Scripts/ScreenArt/Images/TransformedImages/marsshadow_opportunity_900-C.jpg
2026-03-14 13:35:50,310 - INFO - [pipeline.py:137] - "DataMoshTransformer","intensity=0.01"
2026-03-14 13:35:50,318 - INFO - [pipeline.py:243] - [Grade: A] Saved to: /Users/kenfasano/Scripts/ScreenArt/Images/TransformedImages/NebulaeTriangulumM33-1179-A.jpg
2026-03-14 13:35:50,333 - INFO - [pipeline.py:137] - "FisheyeTransformer","shape=circle,strength=0.25,zoom=0.99"
2026-03-14 13:35:50,367 - INFO - [pipeline.py:137] - "OilPaintingTransformer","dyn_ratio=5,size=8"
2026-03-14 13:35:50,374 - INFO - [pipeline.py:243] - [Grade: C] Saved to: /Users/kenfasano/Scripts/ScreenArt/Images/TransformedImages/n1579_block900-C.jpg
2026-03-14 13:35:50,441 - INFO - [pipeline.py:137] - "PixelSortTransformer","direction=rows,high=0.87,low=0.09,sort_key=blue"
2026-03-14 13:35:50,445 - INFO - [pipeline.py:137] - "PosterizationTransformer","levels=4"
2026-03-14 13:35:50,458 - INFO - [pipeline.py:137] - "ThermalImagingTransformer","thermal=True"
2026-03-14 13:35:50,464 - INFO - [pipeline.py:243] - [Grade: A] Saved to: /Users/kenfasano/Scripts/ScreenArt/Images/TransformedImages/neonsaturnaurora_cassini_1080-A.jpg
2026-03-14 13:35:50,468 - INFO - [pipeline.py:137] - "ChromaticAberrationTransformer","angle=135.60,edge_fade=1,shift=17.60"
2026-03-14 13:35:50,484 - INFO - [pipeline.py:137] - "VoronoiTransformer","edge_blend=1,num_points=77"
2026-03-14 13:35:50,486 - INFO - [pipeline.py:137] - "GlitchWarpTransformer","intensity=0.01"
2026-03-14 13:35:50,492 - INFO - [pipeline.py:137] - "MeltMorphTransformer","intensity=0.50"
2026-03-14 13:35:50,494 - INFO - [pipeline.py:243] - [Grade: A] Saved to: /Users/kenfasano/Scripts/ScreenArt/Images/TransformedImages/halebopp_gleason-A.jpg
2026-03-14 13:35:50,507 - INFO - [pipeline.py:137] - "GlitchWarpTransformer","intensity=0.01"
2026-03-14 13:35:50,513 - INFO - [pipeline.py:243] - [Grade: A] Saved to: /Users/kenfasano/Scripts/ScreenArt/Images/TransformedImages/StatLibNeb_Mazlin_960-A.jpg
2026-03-14 13:35:50,551 - INFO - [pipeline.py:137] - "WatercolorTransformer","scale=0.85,style=psychedelic"
2026-03-14 13:35:50,554 - INFO - [pipeline.py:243] - [Grade: A] Saved to: /Users/kenfasano/Scripts/ScreenArt/Images/TransformedImages/n11lmc_noao-A.jpg
2026-03-14 13:35:50,558 - INFO - [pipeline.py:137] - "PosterizationTransformer","levels=4"
2026-03-14 13:35:50,561 - INFO - [pipeline.py:243] - [Grade: A] Saved to: /Users/kenfasano/Scripts/ScreenArt/Images/TransformedImages/lagoon_cfht-A.jpg
2026-03-14 13:35:50,610 - INFO - [pipeline.py:137] - "AnamorphicTransformer","intensity=0.0,0.2,0.4,0.6,0.8,thresh=80"
2026-03-14 13:35:50,660 - INFO - [pipeline.py:137] - "FluidWarpTransformer","alpha=12.63,sigma=7.77"
2026-03-14 13:35:50,693 - INFO - [pipeline.py:137] - "WheelTransformer","blend=normal,copies=4"
2026-03-14 13:35:50,714 - INFO - [pipeline.py:137] - "StippleTransformer","bg=complement,dot_radius=6,jitter=1,spacing=22"
2026-03-14 13:35:50,734 - INFO - [pipeline.py:243] - [Grade: C] Saved to: /Users/kenfasano/Scripts/ScreenArt/Images/TransformedImages/nasa_earth_1_Shanghai_True_Color-C.jpeg
2026-03-14 13:35:50,763 - INFO - [pipeline.py:137] - "RadialWarpTransformer","radius=0.25,strength=118.89752955807238,56.72554539787137,style=push,push"
2026-03-14 13:35:50,782 - INFO - [pipeline.py:137] - "GlitchWarpTransformer","intensity=0.01"
2026-03-14 13:35:50,819 - INFO - [pipeline.py:137] - "MeltMorphTransformer","intensity=0.50"
2026-03-14 13:35:50,833 - INFO - [pipeline.py:243] - [Grade: A] Saved to: /Users/kenfasano/Scripts/ScreenArt/Images/TransformedImages/noaa_goes_1_se_GeoColor-A.jpeg
2026-03-14 13:35:50,841 - INFO - [pipeline.py:137] - "RadialWarpTransformer","radius=0.25,strength=73.23506978966464,137.76477953123324,48.772203451520326,style=pull,push,push"
2026-03-14 13:35:50,845 - INFO - [pipeline.py:137] - "OilPaintingTransformer","dyn_ratio=5,size=5"
2026-03-14 13:35:50,846 - INFO - [pipeline.py:137] - "PosterizationTransformer","levels=4"
2026-03-14 13:35:50,848 - INFO - [pipeline.py:243] - [Grade: A] Saved to: /Users/kenfasano/Scripts/ScreenArt/Images/TransformedImages/500px-Gondola_c-A.jpeg
2026-03-14 13:35:50,930 - INFO - [pipeline.py:137] - "FisheyeTransformer","shape=circle,strength=0.42,zoom=0.97"
2026-03-14 13:35:51,003 - INFO - [pipeline.py:137] - "HalftoneTransformer","size=2"
2026-03-14 13:35:51,340 - INFO - [pipeline.py:137] - "WatercolorTransformer","scale=0.85,style=monet"
2026-03-14 13:35:51,427 - INFO - [pipeline.py:137] - "AnamorphicTransformer","intensity=0.0,0.2,0.4,0.6,0.8,thresh=80"
2026-03-14 13:35:51,450 - INFO - [pipeline.py:243] - [Grade: C] Saved to: /Users/kenfasano/Scripts/ScreenArt/Images/TransformedImages/Exterieu-C.jpeg
2026-03-14 13:35:51,458 - INFO - [pipeline.py:137] - "PosterizationTransformer","levels=4"
2026-03-14 13:35:51,482 - INFO - [pipeline.py:137] - "PixelSortTransformer","direction=cols,high=0.60,low=0.11,sort_key=green"
2026-03-14 13:35:51,487 - INFO - [pipeline.py:137] - "ThermalImagingTransformer","thermal=True"
2026-03-14 13:35:51,490 - INFO - [pipeline.py:243] - [Grade: F] Saved to: /Users/kenfasano/Scripts/ScreenArt/Images/Rejected/500px-Ast162720-F.jpeg
2026-03-14 13:35:51,543 - INFO - [pipeline.py:137] - "SwirlWarpTransformer","strength=1.50"
2026-03-14 13:35:51,584 - INFO - [pipeline.py:137] - "ThermalImagingTransformer","thermal=True"
2026-03-14 13:35:51,640 - INFO - [pipeline.py:137] - "MeltMorphTransformer","intensity=0.50"
2026-03-14 13:35:51,691 - INFO - [pipeline.py:137] - "FluidWarpTransformer","alpha=7.90,sigma=7.49"
2026-03-14 13:35:51,712 - INFO - [pipeline.py:243] - [Grade: A] Saved to: /Users/kenfasano/Scripts/ScreenArt/Images/TransformedImages/Citroen_-A.jpeg
2026-03-14 13:35:51,969 - INFO - [pipeline.py:137] - "VoronoiTransformer","edge_blend=1,num_points=60"
2026-03-14 13:35:52,114 - INFO - [pipeline.py:137] - "MeltMorphTransformer","intensity=0.50"
2026-03-14 13:35:52,152 - INFO - [pipeline.py:243] - [Grade: A] Saved to: /Users/kenfasano/Scripts/ScreenArt/Images/TransformedImages/Portrait-A.jpeg
2026-03-14 13:35:52,217 - INFO - [pipeline.py:137] - "KaleidoscopeTransformer","cx_off=0.14,cy_off=-0.11,segments=8"
2026-03-14 13:35:52,231 - INFO - [pipeline.py:137] - "ColormapTransformer","map=hsv"
2026-03-14 13:35:52,254 - INFO - [pipeline.py:243] - [Grade: C] Saved to: /Users/kenfasano/Scripts/ScreenArt/Images/TransformedImages/lojong_2-C-tile.jpeg
2026-03-14 13:35:52,316 - INFO - [pipeline.py:137] - "KaleidoscopeTransformer","cx_off=-0.06,cy_off=-0.14,segments=8"
2026-03-14 13:35:52,333 - INFO - [pipeline.py:243] - [Grade: F] Saved to: /Users/kenfasano/Scripts/ScreenArt/Images/Rejected/lojong_3-F-columns.jpeg
2026-03-14 13:35:52,369 - INFO - [pipeline.py:137] - "GlitchWarpTransformer","intensity=0.01"
2026-03-14 13:35:52,409 - INFO - [pipeline.py:137] - "SwirlWarpTransformer","strength=1.50"
2026-03-14 13:35:52,427 - INFO - [pipeline.py:243] - [Grade: C] Saved to: /Users/kenfasano/Scripts/ScreenArt/Images/TransformedImages/lojong_8-C-columns.jpeg
2026-03-14 13:35:52,451 - INFO - [pipeline.py:137] - "RadialWarpTransformer","radius=0.25,strength=107.13548180799727,style=push"
2026-03-14 13:35:52,520 - INFO - [pipeline.py:137] - "FlipWilsonTransformer","keep=right,narrow=0.23"
2026-03-14 13:35:52,639 - INFO - [pipeline.py:137] - "VoronoiTransformer","edge_blend=1,num_points=67"
2026-03-14 13:35:52,688 - INFO - [pipeline.py:137] - "HalftoneTransformer","size=2"
2026-03-14 13:35:52,704 - INFO - [pipeline.py:243] - [Grade: C] Saved to: /Users/kenfasano/Scripts/ScreenArt/Images/TransformedImages/lojong_4-C-tile.jpeg
2026-03-14 13:35:52,727 - INFO - [pipeline.py:137] - "ColormapTransformer","map=jet"
2026-03-14 13:35:52,764 - INFO - [pipeline.py:137] - "ThermalImagingTransformer","thermal=True"
2026-03-14 13:35:52,997 - INFO - [pipeline.py:137] - "PixelSortTransformer","direction=cols,high=0.61,low=0.24,sort_key=brightness"
2026-03-14 13:35:53,016 - INFO - [pipeline.py:243] - [Grade: B] Saved to: /Users/kenfasano/Scripts/ScreenArt/Images/TransformedImages/lojong_5-B-hero.jpeg
2026-03-14 13:35:53,069 - INFO - [pipeline.py:137] - "PixelSortTransformer","direction=rows,high=0.65,low=0.23,sort_key=blue"
2026-03-14 13:35:53,121 - INFO - [pipeline.py:137] - "StippleTransformer","bg=complement,dot_radius=3,jitter=1,spacing=9"
2026-03-14 13:35:53,159 - INFO - [pipeline.py:137] - "DataMoshTransformer","intensity=0.02"
2026-03-14 13:35:53,184 - INFO - [pipeline.py:243] - [Grade: B] Saved to: /Users/kenfasano/Scripts/ScreenArt/Images/TransformedImages/lojong_9-B-scatter.jpeg
2026-03-14 13:35:53,231 - INFO - [pipeline.py:137] - "WheelTransformer","blend=normal,copies=4"
2026-03-14 13:35:53,248 - INFO - [pipeline.py:137] - "RadialWarpTransformer","radius=0.25,strength=67.00859716716387,style=pull"
2026-03-14 13:35:53,263 - INFO - [pipeline.py:137] - "PosterizationTransformer","levels=4"
2026-03-14 13:35:53,324 - INFO - [pipeline.py:137] - "OilPaintingTransformer","dyn_ratio=6,size=7"
2026-03-14 13:35:53,344 - INFO - [pipeline.py:243] - [Grade: A] Saved to: /Users/kenfasano/Scripts/ScreenArt/Images/TransformedImages/lojong_6-A-scatter.jpeg
2026-03-14 13:35:53,378 - INFO - [pipeline.py:137] - "ChromaticAberrationTransformer","angle=299.70,edge_fade=1,shift=4.10"
2026-03-14 13:35:53,395 - INFO - [pipeline.py:243] - [Grade: A] Saved to: /Users/kenfasano/Scripts/ScreenArt/Images/TransformedImages/lojong_7-A-scatter.jpeg
2026-03-14 13:35:53,453 - INFO - [pipeline.py:137] - "HalftoneTransformer","size=2"
2026-03-14 13:35:53,470 - INFO - [pipeline.py:137] - "RadialWarpTransformer","radius=0.25,strength=100.82261573895819,style=pull"
2026-03-14 13:35:53,495 - INFO - [pipeline.py:137] - "FisheyeTransformer","shape=circle,strength=0.35,zoom=0.91"
2026-03-14 13:35:53,512 - INFO - [pipeline.py:243] - [Grade: F] Saved to: /Users/kenfasano/Scripts/ScreenArt/Images/Rejected/lojong_0-F-tile.jpeg
2026-03-14 13:35:53,555 - INFO - [pipeline.py:137] - "WheelTransformer","blend=normal,copies=4"
2026-03-14 13:35:53,593 - INFO - [pipeline.py:137] - "DataMoshTransformer","intensity=0.01"
2026-03-14 13:35:53,607 - INFO - [pipeline.py:137] - "PosterizationTransformer","levels=4"
2026-03-14 13:35:53,630 - INFO - [pipeline.py:137] - "RadialWarpTransformer","radius=0.25,strength=58.97908881110156,57.38822935847385,83.40539971496507,style=pull,pull,pull"
2026-03-14 13:35:53,650 - INFO - [pipeline.py:243] - [Grade: A] Saved to: /Users/kenfasano/Scripts/ScreenArt/Images/TransformedImages/lojong_1-A-columns.jpeg
2026-03-14 13:35:53,690 - INFO - [pipeline.py:137] - "ChromaticAberrationTransformer","angle=236.70,edge_fade=1,shift=4.10"
2026-03-14 13:35:53,725 - INFO - [pipeline.py:137] - "FractalWarpTransformer","iter=1,scale=0.05"
2026-03-14 13:35:53,743 - INFO - [pipeline.py:243] - [Grade: A] Saved to: /Users/kenfasano/Scripts/ScreenArt/Images/TransformedImages/psalms_76-A-tile.jpeg
2026-03-14 13:35:54,144 - INFO - [pipeline.py:137] - "VoronoiTransformer","edge_blend=1,num_points=311"
2026-03-14 13:35:54,169 - INFO - [pipeline.py:137] - "OilPaintingTransformer","dyn_ratio=6,size=4"
2026-03-14 13:35:54,187 - INFO - [pipeline.py:243] - [Grade: A] Saved to: /Users/kenfasano/Scripts/ScreenArt/Images/TransformedImages/psalms_130-A-hero.jpeg
2026-03-14 13:35:54,233 - INFO - [pipeline.py:137] - "FractalWarpTransformer","iter=1,scale=0.05"
2026-03-14 13:35:54,250 - INFO - [pipeline.py:137] - "RadialWarpTransformer","radius=0.25,strength=102.43748341594926,style=pull"
2026-03-14 13:35:54,306 - INFO - [pipeline.py:137] - "MeltMorphTransformer","intensity=0.50"
2026-03-14 13:35:54,356 - INFO - [pipeline.py:137] - "HalftoneTransformer","size=2"
2026-03-14 13:35:54,373 - INFO - [pipeline.py:243] - [Grade: A] Saved to: /Users/kenfasano/Scripts/ScreenArt/Images/TransformedImages/psalms_100-A-columns.jpeg
2026-03-14 13:35:54,419 - INFO - [pipeline.py:137] - "DataMoshTransformer","intensity=0.01"
2026-03-14 13:35:54,437 - INFO - [pipeline.py:243] - [Grade: A] Saved to: /Users/kenfasano/Scripts/ScreenArt/Images/TransformedImages/psalms_141-A-scatter.jpeg
2026-03-14 13:35:54,676 - INFO - [pipeline.py:137] - "WatercolorTransformer","scale=0.85,style=psychedelic"
2026-03-14 13:35:54,714 - INFO - [pipeline.py:137] - "SwirlWarpTransformer","strength=1.50"
2026-03-14 13:35:54,764 - INFO - [pipeline.py:137] - "HalftoneTransformer","size=2"
2026-03-14 13:35:54,790 - INFO - [pipeline.py:137] - "ChromaticAberrationTransformer","angle=137.70,edge_fade=1,shift=6.20"
2026-03-14 13:35:54,808 - INFO - [pipeline.py:243] - [Grade: C] Saved to: /Users/kenfasano/Scripts/ScreenArt/Images/TransformedImages/psalms_119-C-columns.jpeg
2026-03-14 13:35:54,842 - INFO - [pipeline.py:137] - "RadialWarpTransformer","radius=0.25,strength=70.1034899736894,61.32250543701122,62.79136929631906,style=push,push,pull"
2026-03-14 13:35:54,863 - INFO - [pipeline.py:243] - [Grade: A] Saved to: /Users/kenfasano/Scripts/ScreenArt/Images/TransformedImages/psalms_9-A-tile.jpeg
2026-03-14 13:35:54,925 - INFO - [pipeline.py:137] - "HalftoneTransformer","size=2"
2026-03-14 13:35:54,944 - INFO - [pipeline.py:137] - "RadialWarpTransformer","radius=0.25,strength=139.1857342292907,style=push"
2026-03-14 13:35:54,978 - INFO - [pipeline.py:137] - "OilPaintingTransformer","dyn_ratio=8,size=5"
2026-03-14 13:35:54,995 - INFO - [pipeline.py:243] - [Grade: A] Saved to: /Users/kenfasano/Scripts/ScreenArt/Images/TransformedImages/psalms_143-A-scatter.jpeg
2026-03-14 13:35:55,063 - INFO - [pipeline.py:137] - "MeltMorphTransformer","intensity=0.50"
2026-03-14 13:35:55,082 - INFO - [pipeline.py:243] - [Grade: A] Saved to: /Users/kenfasano/Scripts/ScreenArt/Images/TransformedImages/psalms_125-A-columns.jpeg
2026-03-14 13:35:55,141 - INFO - [pipeline.py:137] - "HalftoneTransformer","size=2"
2026-03-14 13:35:55,154 - INFO - [pipeline.py:137] - "ColormapTransformer","map=hot"
2026-03-14 13:35:55,173 - INFO - [pipeline.py:243] - [Grade: B] Saved to: /Users/kenfasano/Scripts/ScreenArt/Images/TransformedImages/psalms_75-B-tile.jpeg
2026-03-14 13:35:55,211 - INFO - [pipeline.py:137] - "ChromaticAberrationTransformer","angle=276.60,edge_fade=1,shift=16.00"
2026-03-14 13:35:55,249 - INFO - [pipeline.py:137] - "DataMoshTransformer","intensity=0.01"
2026-03-14 13:35:55,307 - INFO - [pipeline.py:137] - "KaleidoscopeTransformer","cx_off=0.11,cy_off=0.08,segments=8"
2026-03-14 13:35:55,328 - INFO - [pipeline.py:243] - [Grade: C] Saved to: /Users/kenfasano/Scripts/ScreenArt/Images/TransformedImages/psalms_43-C-hero.jpeg
2026-03-14 13:35:55,343 - INFO - [pipeline.py:137] - "RadialWarpTransformer","radius=0.25,strength=65.12089747170639,35.56776548501171,123.50407784711777,style=pull,pull,push"
2026-03-14 13:35:55,358 - INFO - [pipeline.py:137] - "HalftoneTransformer","size=2"
2026-03-14 13:35:55,365 - INFO - [pipeline.py:137] - "StippleTransformer","bg=white,dot_radius=6,jitter=1,spacing=22"
2026-03-14 13:35:55,371 - INFO - [pipeline.py:243] - [Grade: C] Saved to: /Users/kenfasano/Scripts/ScreenArt/Images/TransformedImages/peripheral_drift_2-C.jpeg
2026-03-14 13:35:55,387 - INFO - [pipeline.py:137] - "SwirlWarpTransformer","strength=1.50"
2026-03-14 13:35:55,402 - INFO - [pipeline.py:137] - "FluidWarpTransformer","alpha=17.54,sigma=7.08"
2026-03-14 13:35:55,411 - INFO - [pipeline.py:137] - "StippleTransformer","bg=complement,dot_radius=4,jitter=1,spacing=15"
2026-03-14 13:35:55,427 - INFO - [pipeline.py:137] - "KaleidoscopeTransformer","cx_off=-0.18,cy_off=0.05,segments=8"
2026-03-14 13:35:55,434 - INFO - [pipeline.py:243] - [Grade: A] Saved to: /Users/kenfasano/Scripts/ScreenArt/Images/TransformedImages/peripheral_drift_3-A.jpeg
2026-03-14 13:35:55,454 - INFO - [pipeline.py:137] - "OilPaintingTransformer","dyn_ratio=6,size=7"
2026-03-14 13:35:55,466 - INFO - [pipeline.py:137] - "DataMoshTransformer","intensity=0.01"
2026-03-14 13:35:55,587 - INFO - [pipeline.py:137] - "VoronoiTransformer","edge_blend=1,num_points=306"
2026-03-14 13:35:55,592 - INFO - [pipeline.py:243] - [Grade: A] Saved to: /Users/kenfasano/Scripts/ScreenArt/Images/TransformedImages/peripheral_drift_1-A.jpeg
2026-03-14 13:35:55,593 - INFO - [main.py:196] - VoronoiTransformer
2026-03-14 13:35:55,593 - INFO - [main.py:196] - WatercolorTransformer
2026-03-14 13:35:55,593 - INFO - [main.py:196] - PixelSortTransformer
2026-03-14 13:35:55,593 - INFO - [main.py:196] - AnamorphicTransformer
2026-03-14 13:35:55,593 - INFO - [main.py:196] - FlipWilsonTransformer
2026-03-14 13:35:55,593 - INFO - [main.py:196] - MeltMorphTransformer
2026-03-14 13:35:55,593 - INFO - [main.py:196] - KaleidoscopeTransformer
2026-03-14 13:35:55,593 - INFO - [main.py:196] - HalftoneTransformer
2026-03-14 13:35:55,593 - INFO - [main.py:196] - FractalWarpTransformer
2026-03-14 13:35:55,593 - INFO - [main.py:196] - FluidWarpTransformer
2026-03-14 13:35:55,593 - INFO - [main.py:196] - StippleTransformer
2026-03-14 13:35:55,593 - INFO - [main.py:196] - FisheyeTransformer
2026-03-14 13:35:55,593 - INFO - [main.py:196] - OilPaintingTransformer
2026-03-14 13:35:55,593 - INFO - [main.py:196] - SwirlWarpTransformer
2026-03-14 13:35:55,593 - INFO - [main.py:196] - WheelTransformer
2026-03-14 13:35:55,593 - INFO - [main.py:196] - DataMoshTransformer
2026-03-14 13:35:55,593 - INFO - [main.py:196] - ThermalImagingTransformer
2026-03-14 13:35:55,593 - INFO - [main.py:196] - ChromaticAberrationTransformer
2026-03-14 13:35:55,593 - INFO - [main.py:196] - GlitchWarpTransformer
2026-03-14 13:35:55,593 - INFO - [main.py:196] - RadialWarpTransformer
2026-03-14 13:35:55,593 - INFO - [main.py:196] - ColormapTransformer
2026-03-14 13:35:55,593 - INFO - [main.py:196] - PosterizationTransformer
2026-03-14 13:35:55,593 - INFO - [main.py:239] - 24s@13:35 ✓
Accepted: 51
Rejected: 5
---
Bible                      ->  6096ms
Wiki                       ->  3875ms
Lojong                     ->  2409ms
GoesGenerator              ->  1320ms
Nasa                       ->   726ms
NasaMapGenerator           ->   585ms
Bubbles                    ->   477ms
Cubes                      ->   186ms
PeripheralDriftIllusion    ->    45ms
---
VoronoiTransformer               -> Min:    15ms | Avg:   203ms | Max:   392ms
WatercolorTransformer            -> Min:    33ms | Avg:   175ms | Max:   336ms
PixelSortTransformer             -> Min:    24ms | Avg:    91ms | Max:   233ms
AnamorphicTransformer            -> Min:    44ms | Avg:    66ms | Max:    88ms
FlipWilsonTransformer            -> Min:    61ms | Avg:    64ms | Max:    69ms
MeltMorphTransformer             -> Min:     6ms | Avg:    59ms | Max:   145ms
KaleidoscopeTransformer          -> Min:    16ms | Avg:    47ms | Max:    57ms
HalftoneTransformer              -> Min:    14ms | Avg:    46ms | Max:    73ms
FractalWarpTransformer           -> Min:    35ms | Avg:    39ms | Max:    47ms
FluidWarpTransformer             -> Min:    14ms | Avg:    38ms | Max:    51ms
StippleTransformer               -> Min:     6ms | Avg:    36ms | Max:    81ms
FisheyeTransformer               -> Min:    10ms | Avg:    36ms | Max:    59ms
OilPaintingTransformer           -> Min:     4ms | Avg:    35ms | Max:    69ms
SwirlWarpTransformer             -> Min:    12ms | Avg:    34ms | Max:    41ms
WheelTransformer                 -> Min:    32ms | Avg:    33ms | Max:    34ms
DataMoshTransformer              -> Min:    11ms | Avg:    31ms | Max:    38ms
ThermalImagingTransformer        -> Min:     5ms | Avg:    26ms | Max:    40ms
ChromaticAberrationTransformer   -> Min:     3ms | Avg:    22ms | Max:    28ms
GlitchWarpTransformer            -> Min:     3ms | Avg:    22ms | Max:    28ms
RadialWarpTransformer            -> Min:     3ms | Avg:    16ms | Max:    24ms
ColormapTransformer              -> Min:    13ms | Avg:    13ms | Max:    14ms
PosterizationTransformer         -> Min:     1ms | Avg:     6ms | Max:    15ms
