2026-03-08 12:00:12,276 - INFO - [main.py:201] - WheelTransformer
2026-03-08 12:00:12,277 - INFO - [main.py:201] - WatercolorTransformer
2026-03-08 12:00:12,277 - INFO - [main.py:201] - AnamorphicTransformer
2026-03-08 12:00:12,277 - INFO - [main.py:201] - XrayTransformer
2026-03-08 12:00:12,277 - INFO - [main.py:201] - HalftoneTransformer
2026-03-08 12:00:12,277 - INFO - [main.py:201] - ThermalImagingTransformer
2026-03-08 12:00:12,277 - INFO - [main.py:201] - TritoneTransformer
2026-03-08 12:00:12,277 - INFO - [main.py:201] - GlitchWarpTransformer
2026-03-08 12:00:12,277 - INFO - [main.py:201] - DataMoshTransformer
2026-03-08 12:00:12,277 - INFO - [main.py:201] - FlipWilsonTransformer
2026-03-08 12:00:12,277 - INFO - [main.py:201] - FractalWarpTransformer
2026-03-08 12:00:12,277 - INFO - [main.py:201] - ColormapTransformer
2026-03-08 12:00:12,277 - INFO - [main.py:201] - RadialWarpTransformer
2026-03-08 12:00:12,277 - INFO - [main.py:201] - PosterizationTransformer
2026-03-08 12:00:12,277 - INFO - [main.py:201] - InvertRGBTransformer
2026-03-08 12:00:12,277 - INFO - [main.py:244] - 18s@12:00 ✓
Accepted: 62
Rejected: 23
---
Wiki                       ->  2974ms
Nasa                       ->   744ms
GoesGenerator              ->   464ms
Cubes                      ->   459ms
Bible                      ->   441ms
Lojong                     ->   336ms
KochSnowflake              ->   295ms
Bubbles                    ->   265ms
Hilbert                    ->    68ms
PeripheralDriftIllusion    ->    47ms
NasaMapGenerator           ->    46ms
---
WheelTransformer           -> Min:     2ms | Avg:   221ms | Max:   393ms
WatercolorTransformer      -> Min:     4ms | Avg:   119ms | Max:   217ms
AnamorphicTransformer      -> Min:    41ms | Avg:    56ms | Max:    79ms
XrayTransformer            -> Min:    45ms | Avg:    48ms | Max:    68ms
HalftoneTransformer        -> Min:     0ms | Avg:    47ms | Max:    94ms
ThermalImagingTransformer  -> Min:     0ms | Avg:    33ms | Max:    70ms
TritoneTransformer         -> Min:    29ms | Avg:    29ms | Max:    31ms
GlitchWarpTransformer      -> Min:    27ms | Avg:    27ms | Max:    29ms
DataMoshTransformer        -> Min:     5ms | Avg:    23ms | Max:    36ms
FlipWilsonTransformer      -> Min:     8ms | Avg:    16ms | Max:    25ms
FractalWarpTransformer     -> Min:     5ms | Avg:    13ms | Max:    37ms
ColormapTransformer        -> Min:    11ms | Avg:    11ms | Max:    11ms
RadialWarpTransformer      -> Min:     2ms | Avg:     9ms | Max:    16ms
PosterizationTransformer   -> Min:     4ms | Avg:     5ms | Max:     8ms
InvertRGBTransformer       -> Min:     1ms | Avg:     1ms | Max:     1ms
