2026-03-10 17:51:10,652 - INFO - [pipeline.py:48] - "FractalWarpTransformer","iter=1,scale=0.05"
2026-03-10 17:51:10,670 - INFO - [pipeline.py:146] - [Grade: A] Saved to: /Users/kenfasano/Scripts/ScreenArt/Images/TransformedImages/bubbles_4-A.jpeg
2026-03-10 17:51:10,718 - INFO - [pipeline.py:48] - "ThermalImagingTransformer","thermal=True"
2026-03-10 17:51:10,736 - INFO - [pipeline.py:146] - [Grade: A] Saved to: /Users/kenfasano/Scripts/ScreenArt/Images/TransformedImages/bubbles_8-A.jpeg
2026-03-10 17:51:10,976 - INFO - [pipeline.py:48] - "WatercolorTransformer","scale=0.85,style=psychedelic"
2026-03-10 17:51:11,008 - INFO - [pipeline.py:48] - "TritoneTransformer","highlight=#5af1a3,mid=#d54253,shadow=#660e0e"
2026-03-10 17:51:11,105 - INFO - [pipeline.py:48] - "DuotoneTransformer","highlight=#68a30e,shadow=#b12c1a"
2026-03-10 17:51:11,121 - INFO - [pipeline.py:146] - [Grade: F] Saved to: /Users/kenfasano/Scripts/ScreenArt/Images/Rejected/bubbles_9-F.jpeg
2026-03-10 17:51:11,168 - INFO - [pipeline.py:48] - "DataMoshTransformer","intensity=0.02"
2026-03-10 17:51:11,241 - INFO - [pipeline.py:48] - "AnamorphicTransformer","intensity=0.0,0.2,0.4,0.6,0.8,thresh=80"
2026-03-10 17:51:11,272 - INFO - [pipeline.py:48] - "TritoneTransformer","highlight=#a4a73c,mid=#3763eb,shadow=#31578a"
2026-03-10 17:51:11,288 - INFO - [pipeline.py:146] - [Grade: F] Saved to: /Users/kenfasano/Scripts/ScreenArt/Images/Rejected/bubbles_5-F.jpeg
2026-03-10 17:51:11,321 - INFO - [pipeline.py:48] - "RadialWarpTransformer","radius=0.25,strength=108.07794786623475,53.33842930852622,139.7316428612441,style=pull,push,pull"
2026-03-10 17:51:11,545 - INFO - [pipeline.py:48] - "WatercolorTransformer","scale=0.85,style=monet"
2026-03-10 17:51:11,563 - INFO - [pipeline.py:146] - [Grade: A] Saved to: /Users/kenfasano/Scripts/ScreenArt/Images/TransformedImages/bubbles_2-A.jpeg
2026-03-10 17:51:11,584 - INFO - [pipeline.py:48] - "ColormapTransformer","map=bone"
2026-03-10 17:51:11,675 - INFO - [pipeline.py:48] - "DuotoneTransformer","highlight=#348e08,shadow=#7180ee"
2026-03-10 17:51:11,692 - INFO - [pipeline.py:146] - [Grade: C] Saved to: /Users/kenfasano/Scripts/ScreenArt/Images/TransformedImages/bubbles_3-C.jpeg
2026-03-10 17:51:11,714 - INFO - [pipeline.py:48] - "PosterizationTransformer","levels=4"
2026-03-10 17:51:11,752 - INFO - [pipeline.py:48] - "DataMoshTransformer","intensity=0.02"
2026-03-10 17:51:11,770 - INFO - [pipeline.py:146] - [Grade: A] Saved to: /Users/kenfasano/Scripts/ScreenArt/Images/TransformedImages/bubbles_10-A.jpeg
2026-03-10 17:51:11,817 - INFO - [pipeline.py:48] - "DataMoshTransformer","intensity=0.02"
2026-03-10 17:51:11,867 - INFO - [pipeline.py:48] - "HalftoneTransformer","size=2"
2026-03-10 17:51:11,883 - INFO - [pipeline.py:146] - [Grade: A] Saved to: /Users/kenfasano/Scripts/ScreenArt/Images/TransformedImages/bubbles_1-A.jpeg
2026-03-10 17:51:12,058 - INFO - [pipeline.py:48] - "WheelTransformer","blend=normal,copies=5"
2026-03-10 17:51:12,150 - INFO - [pipeline.py:48] - "DuotoneTransformer","highlight=#4cf6db,shadow=#df4dc3"
2026-03-10 17:51:12,161 - INFO - [pipeline.py:48] - "InvertRGBTransformer","blend=0.50"
2026-03-10 17:51:12,200 - INFO - [pipeline.py:48] - "DataMoshTransformer","intensity=0.02"
2026-03-10 17:51:12,215 - INFO - [pipeline.py:146] - [Grade: F] Saved to: /Users/kenfasano/Scripts/ScreenArt/Images/Rejected/bubbles_6-F.jpeg
2026-03-10 17:51:12,236 - INFO - [pipeline.py:48] - "ColormapTransformer","map=pink"
2026-03-10 17:51:12,294 - INFO - [pipeline.py:48] - "FlipWilsonTransformer","keep=bottom,narrow=0.36"
2026-03-10 17:51:12,312 - INFO - [pipeline.py:146] - [Grade: A] Saved to: /Users/kenfasano/Scripts/ScreenArt/Images/TransformedImages/bubbles_7-A.jpeg
2026-03-10 17:51:12,371 - INFO - [pipeline.py:48] - "HalftoneTransformer","size=2"
2026-03-10 17:51:12,407 - INFO - [pipeline.py:48] - "FractalWarpTransformer","iter=1,scale=0.05"
2026-03-10 17:51:12,438 - INFO - [pipeline.py:48] - "ThreeDExtrusionTransformer","ambient=0.58,intensity=0.50"
2026-03-10 17:51:12,455 - INFO - [pipeline.py:146] - [Grade: C] Saved to: /Users/kenfasano/Scripts/ScreenArt/Images/TransformedImages/cubes_2-C.jpeg
2026-03-10 17:51:12,493 - INFO - [pipeline.py:48] - "TritoneTransformer","highlight=#769b55,mid=#4e7a2a,shadow=#d39cf0"
2026-03-10 17:51:12,510 - INFO - [pipeline.py:146] - [Grade: A] Saved to: /Users/kenfasano/Scripts/ScreenArt/Images/TransformedImages/cubes_3-A.jpeg
2026-03-10 17:51:12,554 - INFO - [pipeline.py:48] - "FractalWarpTransformer","iter=1,scale=0.05"
2026-03-10 17:51:12,582 - INFO - [pipeline.py:48] - "GlitchWarpTransformer","intensity=0.01"
2026-03-10 17:51:12,599 - INFO - [pipeline.py:146] - [Grade: A] Saved to: /Users/kenfasano/Scripts/ScreenArt/Images/TransformedImages/cubes_4-A.jpeg
2026-03-10 17:51:12,669 - INFO - [pipeline.py:48] - "FlipWilsonTransformer","keep=bottom,narrow=0.36"
2026-03-10 17:51:12,775 - INFO - [pipeline.py:48] - "XrayTransformer","colors=64"
2026-03-10 17:51:12,791 - INFO - [pipeline.py:146] - [Grade: C] Saved to: /Users/kenfasano/Scripts/ScreenArt/Images/TransformedImages/cubes_5-C.jpeg
2026-03-10 17:51:12,863 - INFO - [pipeline.py:48] - "FlipWilsonTransformer","keep=bottom,narrow=0.36"
2026-03-10 17:51:13,027 - INFO - [pipeline.py:48] - "WheelTransformer","blend=normal,copies=5"
2026-03-10 17:51:13,040 - INFO - [pipeline.py:48] - "ColormapTransformer","map=spring"
2026-03-10 17:51:13,077 - INFO - [pipeline.py:48] - "DataMoshTransformer","intensity=0.01"
2026-03-10 17:51:13,095 - INFO - [pipeline.py:146] - [Grade: A] Saved to: /Users/kenfasano/Scripts/ScreenArt/Images/TransformedImages/cubes_6-A.jpeg
2026-03-10 17:51:13,116 - INFO - [pipeline.py:48] - "ColormapTransformer","map=hot"
2026-03-10 17:51:13,175 - INFO - [pipeline.py:48] - "FlipWilsonTransformer","keep=bottom,narrow=0.36"
2026-03-10 17:51:13,193 - INFO - [pipeline.py:146] - [Grade: A] Saved to: /Users/kenfasano/Scripts/ScreenArt/Images/TransformedImages/cubes_1-A.jpeg
2026-03-10 17:51:13,230 - INFO - [pipeline.py:48] - "WheelTransformer","blend=normal,copies=5"
2026-03-10 17:51:13,237 - INFO - [pipeline.py:48] - "FluidWarpTransformer","alpha=9.16,sigma=2.36"
2026-03-10 17:51:13,241 - INFO - [pipeline.py:146] - [Grade: B] Saved to: /Users/kenfasano/Scripts/ScreenArt/Images/TransformedImages/VenJupMorn_tafreshi800-B.jpg
2026-03-10 17:51:13,258 - INFO - [pipeline.py:48] - "DataMoshTransformer","intensity=0.01"
2026-03-10 17:51:13,266 - INFO - [pipeline.py:146] - [Grade: A] Saved to: /Users/kenfasano/Scripts/ScreenArt/Images/TransformedImages/crabmosaic_hst-A.jpg
2026-03-10 17:51:13,273 - INFO - [pipeline.py:48] - "InvertRGBTransformer","blend=0.60"
2026-03-10 17:51:13,289 - INFO - [pipeline.py:48] - "AnamorphicTransformer","intensity=0.0,0.2,0.4,0.6,0.8,thresh=80"
2026-03-10 17:51:13,295 - INFO - [pipeline.py:146] - [Grade: F] Saved to: /Users/kenfasano/Scripts/ScreenArt/Images/Rejected/MarsPan_ExpressLuck_1080-F.jpg
2026-03-10 17:51:13,301 - INFO - [pipeline.py:48] - "ThreeDExtrusionTransformer","ambient=0.45,intensity=0.50"
2026-03-10 17:51:13,304 - INFO - [pipeline.py:146] - [Grade: C] Saved to: /Users/kenfasano/Scripts/ScreenArt/Images/TransformedImages/leonids2002_pacholka-C.jpg
2026-03-10 17:51:13,315 - INFO - [pipeline.py:48] - "TritoneTransformer","highlight=#b96c9f,mid=#26e308,shadow=#71e71b"
2026-03-10 17:51:13,319 - INFO - [pipeline.py:146] - [Grade: F] Saved to: /Users/kenfasano/Scripts/ScreenArt/Images/Rejected/C404-5244-6082AuroraTakasaka900-F.jpg
2026-03-10 17:51:13,329 - INFO - [pipeline.py:48] - "ThermalImagingTransformer","thermal=True"
2026-03-10 17:51:13,332 - INFO - [pipeline.py:48] - "RadialWarpTransformer","radius=0.25,strength=104.3993710311548,style=push"
2026-03-10 17:51:13,339 - INFO - [pipeline.py:48] - "FisheyeTransformer","shape=circle,strength=0.30,zoom=1.00"
2026-03-10 17:51:13,350 - INFO - [pipeline.py:48] - "MeltMorphTransformer","intensity=0.50"
2026-03-10 17:51:13,354 - INFO - [pipeline.py:146] - [Grade: A] Saved to: /Users/kenfasano/Scripts/ScreenArt/Images/TransformedImages/dcmontage_suro_c70-A.jpg
2026-03-10 17:51:13,365 - INFO - [pipeline.py:48] - "ThreeDExtrusionTransformer","ambient=0.54,intensity=0.50"
2026-03-10 17:51:13,374 - INFO - [pipeline.py:48] - "ThermalImagingTransformer","thermal=True"
2026-03-10 17:51:13,382 - INFO - [pipeline.py:48] - "FluidWarpTransformer","alpha=9.21,sigma=1.48"
2026-03-10 17:51:13,388 - INFO - [pipeline.py:146] - [Grade: A] Saved to: /Users/kenfasano/Scripts/ScreenArt/Images/TransformedImages/sun360_stereo_900-A.jpg
2026-03-10 17:51:13,419 - INFO - [pipeline.py:48] - "ThermalImagingTransformer","thermal=True"
2026-03-10 17:51:13,440 - INFO - [pipeline.py:48] - "MeltMorphTransformer","intensity=0.50"
2026-03-10 17:51:13,448 - INFO - [pipeline.py:146] - [Grade: A] Saved to: /Users/kenfasano/Scripts/ScreenArt/Images/TransformedImages/gamma-cygni-nebula-and-sadr1024-A.jpg
2026-03-10 17:51:13,456 - INFO - [pipeline.py:48] - "ThermalImagingTransformer","thermal=True"
2026-03-10 17:51:13,459 - INFO - [pipeline.py:146] - [Grade: A] Saved to: /Users/kenfasano/Scripts/ScreenArt/Images/TransformedImages/debrisDisk_comb_b-A.jpg
2026-03-10 17:51:13,500 - INFO - [pipeline.py:48] - "XrayTransformer","colors=128"
2026-03-10 17:51:13,504 - INFO - [pipeline.py:146] - [Grade: B] Saved to: /Users/kenfasano/Scripts/ScreenArt/Images/TransformedImages/redspot2_hst_c68-B.jpg
2026-03-10 17:51:13,509 - INFO - [pipeline.py:48] - "InvertRGBTransformer","blend=0.46"
2026-03-10 17:51:13,518 - INFO - [pipeline.py:48] - "FractalWarpTransformer","iter=1,scale=0.05"
2026-03-10 17:51:13,523 - INFO - [pipeline.py:146] - [Grade: A] Saved to: /Users/kenfasano/Scripts/ScreenArt/Images/TransformedImages/NGC660Hagar0_c900-A.jpg
2026-03-10 17:51:13,589 - INFO - [pipeline.py:48] - "MeltMorphTransformer","intensity=0.50"
2026-03-10 17:51:13,602 - INFO - [pipeline.py:48] - "PosterizationTransformer","levels=4"
2026-03-10 17:51:13,640 - INFO - [pipeline.py:48] - "SwirlWarpTransformer","strength=1.50"
2026-03-10 17:51:13,661 - INFO - [pipeline.py:146] - [Grade: A] Saved to: /Users/kenfasano/Scripts/ScreenArt/Images/TransformedImages/nasa_earth_1_Osaka_True_Color-A.jpeg
2026-03-10 17:51:13,677 - INFO - [pipeline.py:48] - "InvertRGBTransformer","blend=0.74"
2026-03-10 17:51:13,689 - INFO - [pipeline.py:146] - [Grade: C] Saved to: /Users/kenfasano/Scripts/ScreenArt/Images/TransformedImages/noaa_goes_1_se_Sandwich_RGB-C.jpeg
2026-03-10 17:51:13,729 - INFO - [pipeline.py:48] - "HalftoneTransformer","size=2"
2026-03-10 17:51:13,738 - INFO - [pipeline.py:48] - "PosterizationTransformer","levels=4"
2026-03-10 17:51:13,749 - INFO - [pipeline.py:146] - [Grade: A] Saved to: /Users/kenfasano/Scripts/ScreenArt/Images/TransformedImages/Dacre_s_Cross__-A.jpeg
2026-03-10 17:51:13,749 - INFO - [pipeline.py:48] - "DuotoneTransformer","highlight=#e8561d,shadow=#52b3de"
2026-03-10 17:51:13,749 - INFO - [pipeline.py:146] - [Grade: A] Saved to: /Users/kenfasano/Scripts/ScreenArt/Images/TransformedImages/Kit_body_thin_w-A.jpeg
2026-03-10 17:51:13,822 - INFO - [pipeline.py:48] - "DataMoshTransformer","intensity=0.02"
2026-03-10 17:51:13,959 - INFO - [pipeline.py:48] - "DuotoneTransformer","highlight=#95f1e5,shadow=#c9690a"
2026-03-10 17:51:14,037 - INFO - [pipeline.py:48] - "FlipWilsonTransformer","keep=bottom,narrow=0.36"
2026-03-10 17:51:14,085 - INFO - [pipeline.py:48] - "FisheyeTransformer","shape=circle,strength=0.20,zoom=0.90"
2026-03-10 17:51:14,113 - INFO - [pipeline.py:146] - [Grade: C] Saved to: /Users/kenfasano/Scripts/ScreenArt/Images/TransformedImages/Monte_Sa-C.jpeg
2026-03-10 17:51:14,146 - INFO - [pipeline.py:48] - "RadialWarpTransformer","radius=0.25,strength=133.53091429703701,style=push"
2026-03-10 17:51:14,168 - INFO - [pipeline.py:146] - [Grade: A] Saved to: /Users/kenfasano/Scripts/ScreenArt/Images/TransformedImages/ISS053-E-A.jpeg
2026-03-10 17:51:14,187 - INFO - [pipeline.py:48] - "InvertRGBTransformer","blend=0.43"
2026-03-10 17:51:14,205 - INFO - [pipeline.py:48] - "RadialWarpTransformer","radius=0.25,strength=79.22492607752693,style=push"
2026-03-10 17:51:14,221 - INFO - [pipeline.py:146] - [Grade: F] Saved to: /Users/kenfasano/Scripts/ScreenArt/Images/Rejected/Coaches_at_Weth-F.jpeg
2026-03-10 17:51:14,383 - INFO - [pipeline.py:48] - "ThermalImagingTransformer","thermal=True"
2026-03-10 17:51:14,659 - INFO - [pipeline.py:48] - "DuotoneTransformer","highlight=#fd88d2,shadow=#308124"
2026-03-10 17:51:14,831 - INFO - [pipeline.py:48] - "MeltMorphTransformer","intensity=0.50"
2026-03-10 17:51:14,885 - INFO - [pipeline.py:146] - [Grade: A] Saved to: /Users/kenfasano/Scripts/ScreenArt/Images/TransformedImages/Twee_Spa-A.jpeg
2026-03-10 17:51:14,982 - INFO - [pipeline.py:48] - "DuotoneTransformer","highlight=#98ae93,shadow=#fa49dc"
2026-03-10 17:51:14,998 - INFO - [pipeline.py:146] - [Grade: F] Saved to: /Users/kenfasano/Scripts/ScreenArt/Images/Rejected/lojong_2-F.jpeg
2026-03-10 17:51:15,017 - INFO - [pipeline.py:48] - "ColormapTransformer","map=hsv"
2026-03-10 17:51:15,027 - INFO - [pipeline.py:48] - "InvertRGBTransformer","blend=0.57"
2026-03-10 17:51:15,044 - INFO - [pipeline.py:48] - "RadialWarpTransformer","radius=0.25,strength=136.0233330796438,style=push"
2026-03-10 17:51:15,059 - INFO - [pipeline.py:146] - [Grade: F] Saved to: /Users/kenfasano/Scripts/ScreenArt/Images/Rejected/lojong_3-F.jpeg
2026-03-10 17:51:15,085 - INFO - [pipeline.py:48] - "RadialWarpTransformer","radius=0.25,strength=64.20926067729184,100.55436221794729,style=pull,pull"
2026-03-10 17:51:15,139 - INFO - [pipeline.py:48] - "MeltMorphTransformer","intensity=0.50"
2026-03-10 17:51:15,177 - INFO - [pipeline.py:48] - "DataMoshTransformer","intensity=0.02"
2026-03-10 17:51:15,193 - INFO - [pipeline.py:146] - [Grade: A] Saved to: /Users/kenfasano/Scripts/ScreenArt/Images/TransformedImages/lojong_8-A.jpeg
2026-03-10 17:51:15,250 - INFO - [pipeline.py:48] - "AnamorphicTransformer","intensity=0.0,0.2,0.4,0.6,0.8,thresh=80"
2026-03-10 17:51:15,304 - INFO - [pipeline.py:48] - "MeltMorphTransformer","intensity=0.50"
2026-03-10 17:51:15,320 - INFO - [pipeline.py:146] - [Grade: A] Saved to: /Users/kenfasano/Scripts/ScreenArt/Images/TransformedImages/lojong_4-A.jpeg
2026-03-10 17:51:15,376 - INFO - [pipeline.py:48] - "HalftoneTransformer","size=2"
2026-03-10 17:51:15,467 - INFO - [pipeline.py:48] - "DuotoneTransformer","highlight=#4843ab,shadow=#b98e07"
2026-03-10 17:51:15,482 - INFO - [pipeline.py:146] - [Grade: F] Saved to: /Users/kenfasano/Scripts/ScreenArt/Images/Rejected/lojong_5-F.jpeg
2026-03-10 17:51:15,513 - INFO - [pipeline.py:48] - "RadialWarpTransformer","radius=0.25,strength=115.93323747937406,99.79481431188196,115.01374606326557,style=push,push,pull"
2026-03-10 17:51:15,561 - INFO - [pipeline.py:48] - "HalftoneTransformer","size=2"
2026-03-10 17:51:15,589 - INFO - [pipeline.py:48] - "GlitchWarpTransformer","intensity=0.01"
2026-03-10 17:51:15,604 - INFO - [pipeline.py:146] - [Grade: C] Saved to: /Users/kenfasano/Scripts/ScreenArt/Images/TransformedImages/lojong_9-C.jpeg
2026-03-10 17:51:15,642 - INFO - [pipeline.py:48] - "TritoneTransformer","highlight=#c26991,mid=#2d33e8,shadow=#1d1888"
2026-03-10 17:51:15,857 - INFO - [pipeline.py:48] - "WatercolorTransformer","scale=0.85,style=monet"
2026-03-10 17:51:15,883 - INFO - [pipeline.py:48] - "FisheyeTransformer","shape=oval,strength=0.30,zoom=0.99"
2026-03-10 17:51:15,936 - INFO - [pipeline.py:48] - "MeltMorphTransformer","intensity=0.50"
2026-03-10 17:51:15,953 - INFO - [pipeline.py:146] - [Grade: C] Saved to: /Users/kenfasano/Scripts/ScreenArt/Images/TransformedImages/lojong_6-C.jpeg
2026-03-10 17:51:15,997 - INFO - [pipeline.py:48] - "ThermalImagingTransformer","thermal=True"
2026-03-10 17:51:16,052 - INFO - [pipeline.py:48] - "MeltMorphTransformer","intensity=0.50"
2026-03-10 17:51:16,084 - INFO - [pipeline.py:146] - [Grade: B] Saved to: /Users/kenfasano/Scripts/ScreenArt/Images/TransformedImages/lojong_7-B.jpeg
2026-03-10 17:51:16,147 - INFO - [pipeline.py:48] - "MeltMorphTransformer","intensity=0.50"
2026-03-10 17:51:16,360 - INFO - [pipeline.py:48] - "WatercolorTransformer","scale=0.85,style=monet"
2026-03-10 17:51:16,398 - INFO - [pipeline.py:48] - "FractalWarpTransformer","iter=1,scale=0.05"
2026-03-10 17:51:16,414 - INFO - [pipeline.py:146] - [Grade: B] Saved to: /Users/kenfasano/Scripts/ScreenArt/Images/TransformedImages/lojong_0-B.jpeg
2026-03-10 17:51:16,483 - INFO - [pipeline.py:48] - "FlipWilsonTransformer","keep=bottom,narrow=0.36"
2026-03-10 17:51:16,648 - INFO - [pipeline.py:48] - "WheelTransformer","blend=normal,copies=5"
2026-03-10 17:51:16,665 - INFO - [pipeline.py:146] - [Grade: A] Saved to: /Users/kenfasano/Scripts/ScreenArt/Images/TransformedImages/lojong_1-A.jpeg
2026-03-10 17:51:16,837 - INFO - [pipeline.py:48] - "WheelTransformer","blend=normal,copies=5"
2026-03-10 17:51:16,870 - INFO - [pipeline.py:48] - "FluidWarpTransformer","alpha=18.44,sigma=1.86"
2026-03-10 17:51:16,907 - INFO - [pipeline.py:48] - "DataMoshTransformer","intensity=0.01"
2026-03-10 17:51:16,932 - INFO - [pipeline.py:48] - "FisheyeTransformer","shape=oval,strength=0.77,zoom=0.87"
2026-03-10 17:51:16,950 - INFO - [pipeline.py:146] - [Grade: C] Saved to: /Users/kenfasano/Scripts/ScreenArt/Images/TransformedImages/psalms_101-C.jpeg
2026-03-10 17:51:17,170 - INFO - [pipeline.py:48] - "WatercolorTransformer","scale=0.85,style=psychedelic"
2026-03-10 17:51:17,335 - INFO - [pipeline.py:48] - "WheelTransformer","blend=normal,copies=5"
2026-03-10 17:51:17,391 - INFO - [pipeline.py:48] - "FlipWilsonTransformer","keep=bottom,narrow=0.36"
2026-03-10 17:51:17,407 - INFO - [pipeline.py:146] - [Grade: C] Saved to: /Users/kenfasano/Scripts/ScreenArt/Images/TransformedImages/psalms_141-C.jpeg
2026-03-10 17:51:17,438 - INFO - [pipeline.py:48] - "RadialWarpTransformer","radius=0.25,strength=52.38085315229567,100.06234160801333,138.8054257189766,style=push,push,push"
2026-03-10 17:51:17,448 - INFO - [pipeline.py:48] - "InvertRGBTransformer","blend=0.59"
2026-03-10 17:51:17,484 - INFO - [pipeline.py:48] - "FluidWarpTransformer","alpha=9.68,sigma=3.50"
2026-03-10 17:51:17,515 - INFO - [pipeline.py:48] - "TritoneTransformer","highlight=#65924d,mid=#4a27fb,shadow=#d95382"
2026-03-10 17:51:17,531 - INFO - [pipeline.py:146] - [Grade: F] Saved to: /Users/kenfasano/Scripts/ScreenArt/Images/Rejected/psalms_91-F.jpeg
2026-03-10 17:51:17,610 - INFO - [pipeline.py:48] - "XrayTransformer","colors=64"
2026-03-10 17:51:17,649 - INFO - [pipeline.py:48] - "SwirlWarpTransformer","strength=1.50"
2026-03-10 17:51:17,865 - INFO - [pipeline.py:48] - "WatercolorTransformer","scale=0.85,style=monet"
2026-03-10 17:51:17,897 - INFO - [pipeline.py:48] - "TritoneTransformer","highlight=#e21e58,mid=#e9fc15,shadow=#f6593d"
2026-03-10 17:51:17,913 - INFO - [pipeline.py:146] - [Grade: F] Saved to: /Users/kenfasano/Scripts/ScreenArt/Images/Rejected/psalms_87-F.jpeg
2026-03-10 17:51:17,946 - INFO - [pipeline.py:48] - "FisheyeTransformer","shape=circle,strength=0.44,zoom=0.86"
2026-03-10 17:51:18,037 - INFO - [pipeline.py:48] - "DuotoneTransformer","highlight=#5c290c,shadow=#dd3a61"
2026-03-10 17:51:18,094 - INFO - [pipeline.py:48] - "FlipWilsonTransformer","keep=bottom,narrow=0.36"
2026-03-10 17:51:18,110 - INFO - [pipeline.py:146] - [Grade: F] Saved to: /Users/kenfasano/Scripts/ScreenArt/Images/Rejected/psalms_52-F.jpeg
2026-03-10 17:51:18,281 - INFO - [pipeline.py:48] - "WheelTransformer","blend=normal,copies=5"
2026-03-10 17:51:18,354 - INFO - [pipeline.py:48] - "XrayTransformer","colors=128"
2026-03-10 17:51:18,370 - INFO - [pipeline.py:146] - [Grade: A] Saved to: /Users/kenfasano/Scripts/ScreenArt/Images/TransformedImages/psalms_102-A.jpeg
2026-03-10 17:51:18,389 - INFO - [pipeline.py:48] - "InvertRGBTransformer","blend=0.48"
2026-03-10 17:51:18,553 - INFO - [pipeline.py:48] - "WheelTransformer","blend=normal,copies=5"
2026-03-10 17:51:18,609 - INFO - [pipeline.py:48] - "FlipWilsonTransformer","keep=bottom,narrow=0.36"
2026-03-10 17:51:18,625 - INFO - [pipeline.py:146] - [Grade: A] Saved to: /Users/kenfasano/Scripts/ScreenArt/Images/TransformedImages/psalms_90-A.jpeg
2026-03-10 17:51:18,645 - INFO - [pipeline.py:48] - "ColormapTransformer","map=hsv"
2026-03-10 17:51:18,655 - INFO - [pipeline.py:48] - "InvertRGBTransformer","blend=0.78"
2026-03-10 17:51:18,687 - INFO - [pipeline.py:48] - "ThreeDExtrusionTransformer","ambient=0.40,intensity=0.50"
2026-03-10 17:51:18,741 - INFO - [pipeline.py:48] - "MeltMorphTransformer","intensity=0.50"
2026-03-10 17:51:18,757 - INFO - [pipeline.py:146] - [Grade: C] Saved to: /Users/kenfasano/Scripts/ScreenArt/Images/TransformedImages/psalms_54-C.jpeg
2026-03-10 17:51:18,793 - INFO - [pipeline.py:48] - "GlitchWarpTransformer","intensity=0.01"
2026-03-10 17:51:18,957 - INFO - [pipeline.py:48] - "WheelTransformer","blend=normal,copies=5"
2026-03-10 17:51:19,047 - INFO - [pipeline.py:48] - "DuotoneTransformer","highlight=#995416,shadow=#9452dc"
2026-03-10 17:51:19,072 - INFO - [pipeline.py:48] - "FisheyeTransformer","shape=circle,strength=0.63,zoom=1.05"
2026-03-10 17:51:19,088 - INFO - [pipeline.py:146] - [Grade: F] Saved to: /Users/kenfasano/Scripts/ScreenArt/Images/Rejected/psalms_2-F.jpeg
2026-03-10 17:51:19,138 - INFO - [pipeline.py:48] - "SwirlWarpTransformer","strength=1.50"
2026-03-10 17:51:19,177 - INFO - [pipeline.py:48] - "DataMoshTransformer","intensity=0.02"
2026-03-10 17:51:19,204 - INFO - [pipeline.py:48] - "GlitchWarpTransformer","intensity=0.01"
2026-03-10 17:51:19,218 - INFO - [pipeline.py:48] - "PosterizationTransformer","levels=4"
2026-03-10 17:51:19,234 - INFO - [pipeline.py:146] - [Grade: C] Saved to: /Users/kenfasano/Scripts/ScreenArt/Images/TransformedImages/psalms_145-C.jpeg
2026-03-10 17:51:19,248 - INFO - [pipeline.py:48] - "ThreeDExtrusionTransformer","ambient=0.31,intensity=0.50"
2026-03-10 17:51:19,253 - INFO - [pipeline.py:146] - [Grade: F] Saved to: /Users/kenfasano/Scripts/ScreenArt/Images/Rejected/peripheral_drift_2-F.jpeg
2026-03-10 17:51:19,259 - INFO - [pipeline.py:48] - "InvertRGBTransformer","blend=0.62"
2026-03-10 17:51:19,270 - INFO - [pipeline.py:48] - "ThermalImagingTransformer","thermal=True"
2026-03-10 17:51:19,285 - INFO - [pipeline.py:48] - "AnamorphicTransformer","intensity=0.0,0.2,0.4,0.6,0.8,thresh=80"
2026-03-10 17:51:19,289 - INFO - [pipeline.py:48] - "PosterizationTransformer","levels=4"
2026-03-10 17:51:19,294 - INFO - [pipeline.py:146] - [Grade: C] Saved to: /Users/kenfasano/Scripts/ScreenArt/Images/TransformedImages/peripheral_drift_3-C.jpeg
2026-03-10 17:51:19,309 - INFO - [pipeline.py:48] - "FractalWarpTransformer","iter=1,scale=0.05"
2026-03-10 17:51:19,315 - INFO - [pipeline.py:146] - [Grade: A] Saved to: /Users/kenfasano/Scripts/ScreenArt/Images/TransformedImages/peripheral_drift_1-A.jpeg
2026-03-10 17:51:19,315 - INFO - [main.py:196] - WatercolorTransformer
2026-03-10 17:51:19,315 - INFO - [main.py:196] - WheelTransformer
2026-03-10 17:51:19,315 - INFO - [main.py:196] - DuotoneTransformer
2026-03-10 17:51:19,315 - INFO - [main.py:196] - XrayTransformer
2026-03-10 17:51:19,315 - INFO - [main.py:196] - FlipWilsonTransformer
2026-03-10 17:51:19,315 - INFO - [main.py:196] - MeltMorphTransformer
2026-03-10 17:51:19,315 - INFO - [main.py:196] - HalftoneTransformer
2026-03-10 17:51:19,315 - INFO - [main.py:196] - SwirlWarpTransformer
2026-03-10 17:51:19,315 - INFO - [main.py:196] - AnamorphicTransformer
2026-03-10 17:51:19,315 - INFO - [main.py:196] - DataMoshTransformer
2026-03-10 17:51:19,315 - INFO - [main.py:196] - ThermalImagingTransformer
2026-03-10 17:51:19,315 - INFO - [main.py:196] - FractalWarpTransformer
2026-03-10 17:51:19,315 - INFO - [main.py:196] - TritoneTransformer
2026-03-10 17:51:19,315 - INFO - [main.py:196] - GlitchWarpTransformer
2026-03-10 17:51:19,315 - INFO - [main.py:196] - FisheyeTransformer
2026-03-10 17:51:19,315 - INFO - [main.py:196] - FluidWarpTransformer
2026-03-10 17:51:19,315 - INFO - [main.py:196] - RadialWarpTransformer
2026-03-10 17:51:19,315 - INFO - [main.py:196] - ThreeDExtrusionTransformer
2026-03-10 17:51:19,315 - INFO - [main.py:196] - ColormapTransformer
2026-03-10 17:51:19,315 - INFO - [main.py:196] - PosterizationTransformer
2026-03-10 17:51:19,315 - INFO - [main.py:196] - InvertRGBTransformer
2026-03-10 17:51:19,315 - INFO - [main.py:239] - 16s@17:51 ✓
Accepted: 44
Rejected: 14
---
Wiki                       ->  4789ms
GoesGenerator              ->  1023ms
Nasa                       ->   656ms
Cubes                      ->   463ms
Bible                      ->   384ms
Lojong                     ->   354ms
Bubbles                    ->   243ms
PeripheralDriftIllusion    ->    47ms
NasaMapGenerator           ->    35ms
---
WatercolorTransformer      -> Min:   213ms | Avg:   219ms | Max:   231ms
WheelTransformer           -> Min:    34ms | Avg:   150ms | Max:   167ms
DuotoneTransformer         -> Min:     0ms | Avg:   105ms | Max:   276ms
XrayTransformer            -> Min:    39ms | Avg:    72ms | Max:   106ms
FlipWilsonTransformer      -> Min:    56ms | Avg:    61ms | Max:    77ms
MeltMorphTransformer       -> Min:    11ms | Avg:    58ms | Max:   171ms
HalftoneTransformer        -> Min:    34ms | Avg:    46ms | Max:    50ms
SwirlWarpTransformer       -> Min:    38ms | Avg:    40ms | Max:    42ms
AnamorphicTransformer      -> Min:    14ms | Avg:    38ms | Max:    73ms
DataMoshTransformer        -> Min:    14ms | Avg:    37ms | Max:    55ms
ThermalImagingTransformer  -> Min:     6ms | Avg:    31ms | Max:   126ms
FractalWarpTransformer     -> Min:    10ms | Avg:    30ms | Max:    48ms
TritoneTransformer         -> Min:     8ms | Avg:    28ms | Max:    32ms
GlitchWarpTransformer      -> Min:    27ms | Avg:    28ms | Max:    28ms
FisheyeTransformer         -> Min:     6ms | Avg:    26ms | Max:    48ms
FluidWarpTransformer       -> Min:     7ms | Avg:    21ms | Max:    36ms
RadialWarpTransformer      -> Min:     3ms | Avg:    19ms | Max:    25ms
ThreeDExtrusionTransformer -> Min:     5ms | Avg:    17ms | Max:    31ms
ColormapTransformer        -> Min:    13ms | Avg:    13ms | Max:    13ms
PosterizationTransformer   -> Min:     4ms | Avg:    11ms | Max:    14ms
InvertRGBTransformer       -> Min:     2ms | Avg:     8ms | Max:    11ms
