2026-03-15 10:19:28,763 - INFO - [pipeline.py:136] - "ThermalImagingTransformer","thermal=True"
2026-03-15 10:19:28,804 - INFO - [pipeline.py:136] - "FluidWarpTransformer","alpha=2.89,sigma=4.12"
2026-03-15 10:19:28,824 - INFO - [pipeline.py:248] - [Grade: A] Saved to: /Users/kenfasano/Scripts/ScreenArt/Images/TransformedImages/bubbles_4-A.jpeg
2026-03-15 10:19:28,870 - INFO - [pipeline.py:136] - "FractalWarpTransformer","iter=1,scale=0.05"
2026-03-15 10:19:28,886 - INFO - [pipeline.py:248] - [Grade: C] Saved to: /Users/kenfasano/Scripts/ScreenArt/Images/TransformedImages/bubbles_8-C.jpeg
2026-03-15 10:19:28,928 - INFO - [pipeline.py:136] - "FractalWarpTransformer","iter=1,scale=0.05"
2026-03-15 10:19:28,946 - INFO - [pipeline.py:248] - [Grade: A] Saved to: /Users/kenfasano/Scripts/ScreenArt/Images/TransformedImages/bubbles_9-A.jpeg
2026-03-15 10:19:28,987 - INFO - [pipeline.py:136] - "FractalWarpTransformer","iter=1,scale=0.05"
2026-03-15 10:19:29,023 - INFO - [pipeline.py:136] - "ThermalImagingTransformer","thermal=True"
2026-03-15 10:19:29,075 - INFO - [pipeline.py:136] - "StippleTransformer","bg=white,dot_radius=5,jitter=1,spacing=10"
2026-03-15 10:19:29,099 - INFO - [pipeline.py:248] - [Grade: B] Saved to: /Users/kenfasano/Scripts/ScreenArt/Images/TransformedImages/bubbles_5-B.jpeg
2026-03-15 10:19:29,147 - INFO - [pipeline.py:136] - "DataMoshTransformer","intensity=0.01"
2026-03-15 10:19:29,186 - INFO - [pipeline.py:136] - "ThermalImagingTransformer","thermal=True"
2026-03-15 10:19:29,286 - INFO - [pipeline.py:136] - "WheelTransformer","blend=normal,copies=3"
2026-03-15 10:19:29,402 - INFO - [pipeline.py:136] - "FlipWilsonTransformer","keep=bottom_left,narrow=0.26"
2026-03-15 10:19:29,421 - INFO - [pipeline.py:248] - [Grade: C] Saved to: /Users/kenfasano/Scripts/ScreenArt/Images/TransformedImages/bubbles_2-C.jpeg
2026-03-15 10:19:29,442 - INFO - [pipeline.py:136] - "ColormapTransformer","map=autumn"
2026-03-15 10:19:29,476 - INFO - [pipeline.py:136] - "FractalWarpTransformer","iter=1,scale=0.05"
2026-03-15 10:19:29,529 - INFO - [pipeline.py:136] - "HalftoneTransformer","size=2"
2026-03-15 10:19:29,548 - INFO - [pipeline.py:248] - [Grade: A] Saved to: /Users/kenfasano/Scripts/ScreenArt/Images/TransformedImages/bubbles_3-A.jpeg
2026-03-15 10:19:29,655 - INFO - [pipeline.py:136] - "WheelTransformer","blend=normal,copies=3"
2026-03-15 10:19:29,669 - INFO - [pipeline.py:136] - "PosterizationTransformer","levels=4"
2026-03-15 10:19:29,685 - INFO - [pipeline.py:136] - "RadialWarpTransformer","radius=0.25,strength=73.08642633535769,style=pull"
2026-03-15 10:19:29,698 - INFO - [pipeline.py:136] - "ColormapTransformer","map=ocean"
2026-03-15 10:19:29,716 - INFO - [pipeline.py:248] - [Grade: C] Saved to: /Users/kenfasano/Scripts/ScreenArt/Images/TransformedImages/bubbles_10-C.jpeg
2026-03-15 10:19:29,736 - INFO - [pipeline.py:136] - "PosterizationTransformer","levels=4"
2026-03-15 10:19:29,784 - INFO - [pipeline.py:136] - "HalftoneTransformer","size=2"
2026-03-15 10:19:29,800 - INFO - [pipeline.py:248] - [Grade: A] Saved to: /Users/kenfasano/Scripts/ScreenArt/Images/TransformedImages/bubbles_1-A.jpeg
2026-03-15 10:19:29,846 - INFO - [pipeline.py:136] - "SwirlWarpTransformer","strength=1.50"
2026-03-15 10:19:29,867 - INFO - [pipeline.py:248] - [Grade: F] Saved to: /Users/kenfasano/Scripts/ScreenArt/Images/Rejected/bubbles_6-F.jpeg
2026-03-15 10:19:29,994 - INFO - [pipeline.py:136] - "FisheyeTransformer","shape=circle,strength=0.71,zoom=1.03"
2026-03-15 10:19:30,009 - INFO - [pipeline.py:136] - "ColormapTransformer","map=winter"
2026-03-15 10:19:30,109 - INFO - [pipeline.py:136] - "WheelTransformer","blend=normal,copies=3"
2026-03-15 10:19:30,129 - INFO - [pipeline.py:248] - [Grade: A] Saved to: /Users/kenfasano/Scripts/ScreenArt/Images/TransformedImages/bubbles_7-A.jpeg
2026-03-15 10:19:30,153 - INFO - [pipeline.py:136] - "RadialWarpTransformer","radius=0.25,strength=103.55690909553331,style=pull"
2026-03-15 10:19:30,208 - INFO - [pipeline.py:136] - "KaleidoscopeTransformer","cx_off=0.01,cy_off=-0.13,segments=12"
2026-03-15 10:19:30,225 - INFO - [pipeline.py:248] - [Grade: A] Saved to: /Users/kenfasano/Scripts/ScreenArt/Images/TransformedImages/cubes_2-A.jpeg
2026-03-15 10:19:30,271 - INFO - [pipeline.py:136] - "SwirlWarpTransformer","strength=1.50"
2026-03-15 10:19:30,288 - INFO - [pipeline.py:248] - [Grade: A] Saved to: /Users/kenfasano/Scripts/ScreenArt/Images/TransformedImages/cubes_3-A.jpeg
2026-03-15 10:19:30,342 - INFO - [pipeline.py:136] - "HalftoneTransformer","size=2"
2026-03-15 10:19:30,449 - INFO - [pipeline.py:136] - "FlipWilsonTransformer","keep=bottom_left,narrow=0.26"
2026-03-15 10:19:30,462 - INFO - [pipeline.py:136] - "ColormapTransformer","map=jet"
2026-03-15 10:19:30,512 - INFO - [pipeline.py:136] - "FluidWarpTransformer","alpha=2.36,sigma=7.77"
2026-03-15 10:19:30,530 - INFO - [pipeline.py:248] - [Grade: A] Saved to: /Users/kenfasano/Scripts/ScreenArt/Images/TransformedImages/cubes_4-A.jpeg
2026-03-15 10:19:30,561 - INFO - [pipeline.py:136] - "ChromaticAberrationTransformer","angle=105.20,edge_fade=1,shift=10.30"
2026-03-15 10:19:30,609 - INFO - [pipeline.py:136] - "HalftoneTransformer","size=2"
2026-03-15 10:19:30,625 - INFO - [pipeline.py:248] - [Grade: A] Saved to: /Users/kenfasano/Scripts/ScreenArt/Images/TransformedImages/cubes_5-A.jpeg
2026-03-15 10:19:30,665 - INFO - [pipeline.py:136] - "FractalWarpTransformer","iter=1,scale=0.05"
2026-03-15 10:19:30,703 - INFO - [pipeline.py:136] - "SwirlWarpTransformer","strength=1.50"
2026-03-15 10:19:30,721 - INFO - [pipeline.py:248] - [Grade: A] Saved to: /Users/kenfasano/Scripts/ScreenArt/Images/TransformedImages/cubes_6-A.jpeg
2026-03-15 10:19:30,743 - INFO - [pipeline.py:136] - "RadialWarpTransformer","radius=0.25,strength=57.69556734049153,style=push"
2026-03-15 10:19:30,759 - INFO - [pipeline.py:248] - [Grade: A] Saved to: /Users/kenfasano/Scripts/ScreenArt/Images/TransformedImages/cubes_1-A.jpeg
2026-03-15 10:19:30,772 - INFO - [pipeline.py:136] - "DataMoshTransformer","intensity=0.01"
2026-03-15 10:19:30,780 - INFO - [pipeline.py:136] - "ChromaticAberrationTransformer","angle=111.70,edge_fade=1,shift=8.20"
2026-03-15 10:19:30,872 - INFO - [pipeline.py:136] - "VoronoiTransformer","edge_blend=1,num_points=266"
2026-03-15 10:19:30,878 - INFO - [pipeline.py:248] - [Grade: C] Saved to: /Users/kenfasano/Scripts/ScreenArt/Images/TransformedImages/LoughEske2_alexander900-C.jpg
2026-03-15 10:19:30,894 - INFO - [pipeline.py:136] - "ChromaticAberrationTransformer","angle=280.10,edge_fade=1,shift=13.90"
2026-03-15 10:19:30,978 - INFO - [pipeline.py:136] - "PixelSortTransformer","direction=cols,high=0.79,low=0.16,sort_key=blue"
2026-03-15 10:19:30,994 - INFO - [pipeline.py:136] - "SwirlWarpTransformer","strength=1.50"
2026-03-15 10:19:31,002 - INFO - [pipeline.py:248] - [Grade: C] Saved to: /Users/kenfasano/Scripts/ScreenArt/Images/TransformedImages/NGC7129_crawford900-C.jpg
2026-03-15 10:19:31,032 - INFO - [pipeline.py:136] - "FlipWilsonTransformer","keep=bottom_left,narrow=0.26"
2026-03-15 10:19:31,056 - INFO - [pipeline.py:136] - "WheelTransformer","blend=normal,copies=3"
2026-03-15 10:19:31,062 - INFO - [pipeline.py:248] - [Grade: C] Saved to: /Users/kenfasano/Scripts/ScreenArt/Images/TransformedImages/IC4592_andreo900-C.jpg
2026-03-15 10:19:31,082 - INFO - [pipeline.py:136] - "OilPaintingTransformer","dyn_ratio=3,size=8"
2026-03-15 10:19:31,087 - INFO - [pipeline.py:136] - "FluidWarpTransformer","alpha=7.59,sigma=1.08"
2026-03-15 10:19:31,095 - INFO - [pipeline.py:136] - "MeltMorphTransformer","intensity=0.50"
2026-03-15 10:19:31,099 - INFO - [pipeline.py:248] - [Grade: A] Saved to: /Users/kenfasano/Scripts/ScreenArt/Images/TransformedImages/sunpillar_liquorice_big-A.jpg
2026-03-15 10:19:31,103 - INFO - [pipeline.py:136] - "RadialWarpTransformer","radius=0.25,strength=111.38922734462396,128.13057624455573,style=push,pull"
2026-03-15 10:19:31,106 - INFO - [pipeline.py:136] - "GlitchWarpTransformer","intensity=0.01"
2026-03-15 10:19:31,109 - INFO - [pipeline.py:248] - [Grade: A] Saved to: /Users/kenfasano/Scripts/ScreenArt/Images/TransformedImages/solarspectrum_noao-A.jpg
2026-03-15 10:19:31,118 - INFO - [pipeline.py:136] - "FluidWarpTransformer","alpha=9.36,sigma=4.73"
2026-03-15 10:19:31,126 - INFO - [pipeline.py:136] - "FractalWarpTransformer","iter=1,scale=0.05"
2026-03-15 10:19:31,132 - INFO - [pipeline.py:136] - "DataMoshTransformer","intensity=0.01"
2026-03-15 10:19:31,136 - INFO - [pipeline.py:248] - [Grade: A] Saved to: /Users/kenfasano/Scripts/ScreenArt/Images/TransformedImages/titanthing_cassini_1080-A.jpg
2026-03-15 10:19:31,156 - INFO - [pipeline.py:136] - "OilPaintingTransformer","dyn_ratio=1,size=7"
2026-03-15 10:19:31,161 - INFO - [pipeline.py:136] - "DataMoshTransformer","intensity=0.01"
2026-03-15 10:19:31,184 - INFO - [pipeline.py:136] - "PixelSortTransformer","direction=cols,high=0.75,low=0.27,sort_key=saturation"
2026-03-15 10:19:31,187 - INFO - [pipeline.py:248] - [Grade: A] Saved to: /Users/kenfasano/Scripts/ScreenArt/Images/TransformedImages/iridescence_koch-A.jpg
2026-03-15 10:19:31,198 - INFO - [pipeline.py:136] - "WheelTransformer","blend=normal,copies=3"
2026-03-15 10:19:31,200 - INFO - [pipeline.py:248] - [Grade: A] Saved to: /Users/kenfasano/Scripts/ScreenArt/Images/TransformedImages/impact13sec_deepimpact_hri-A.jpg
2026-03-15 10:19:31,226 - INFO - [pipeline.py:136] - "OilPaintingTransformer","dyn_ratio=3,size=6"
2026-03-15 10:19:31,231 - INFO - [pipeline.py:136] - "GlitchWarpTransformer","intensity=0.01"
2026-03-15 10:19:31,236 - INFO - [pipeline.py:248] - [Grade: B] Saved to: /Users/kenfasano/Scripts/ScreenArt/Images/TransformedImages/sunhalobirds_wilson-B.jpg
2026-03-15 10:19:31,328 - INFO - [pipeline.py:136] - "FlipWilsonTransformer","keep=bottom_left,narrow=0.26"
2026-03-15 10:19:31,437 - INFO - [pipeline.py:136] - "WheelTransformer","blend=normal,copies=3"
2026-03-15 10:19:31,452 - INFO - [pipeline.py:248] - [Grade: A] Saved to: /Users/kenfasano/Scripts/ScreenArt/Images/TransformedImages/MKMilkyWaypan_pacholka_600WPAP-A.jpg
2026-03-15 10:19:31,478 - INFO - [pipeline.py:136] - "ThermalImagingTransformer","thermal=True"
2026-03-15 10:19:31,488 - INFO - [pipeline.py:136] - "GlitchWarpTransformer","intensity=0.01"
2026-03-15 10:19:31,574 - INFO - [pipeline.py:136] - "WatercolorTransformer","scale=0.85,style=psychedelic"
2026-03-15 10:19:31,584 - INFO - [pipeline.py:248] - [Grade: A] Saved to: /Users/kenfasano/Scripts/ScreenArt/Images/TransformedImages/Strega_apod_1024r-A.jpg
2026-03-15 10:19:31,609 - INFO - [pipeline.py:136] - "ColormapTransformer","map=cool"
2026-03-15 10:19:31,633 - INFO - [pipeline.py:136] - "RadialWarpTransformer","radius=0.25,strength=40.603323430818435,56.719249841832976,53.40592735742655,style=push,push,pull"
2026-03-15 10:19:31,670 - INFO - [pipeline.py:136] - "DataMoshTransformer","intensity=0.01"
2026-03-15 10:19:31,817 - INFO - [pipeline.py:136] - "PixelSortTransformer","direction=cols,high=0.86,low=0.06,sort_key=brightness"
2026-03-15 10:19:31,835 - INFO - [pipeline.py:248] - [Grade: F] Saved to: /Users/kenfasano/Scripts/ScreenArt/Images/Rejected/nasa_earth_1_Tokyo_True_Color-F.jpeg
2026-03-15 10:19:31,920 - INFO - [pipeline.py:136] - "FlipWilsonTransformer","keep=bottom_left,narrow=0.26"
2026-03-15 10:19:31,946 - INFO - [pipeline.py:136] - "SwirlWarpTransformer","strength=1.50"
2026-03-15 10:19:31,984 - INFO - [pipeline.py:136] - "MeltMorphTransformer","intensity=0.50"
2026-03-15 10:19:31,997 - INFO - [pipeline.py:248] - [Grade: A] Saved to: /Users/kenfasano/Scripts/ScreenArt/Images/TransformedImages/noaa_goes_1_se_Fire_Temperature-A.jpeg
2026-03-15 10:19:32,024 - INFO - [pipeline.py:136] - "PosterizationTransformer","levels=4"
2026-03-15 10:19:32,044 - INFO - [pipeline.py:248] - [Grade: C] Saved to: /Users/kenfasano/Scripts/ScreenArt/Images/TransformedImages/Cutlers_-C.jpeg
2026-03-15 10:19:32,081 - INFO - [pipeline.py:136] - "KaleidoscopeTransformer","cx_off=-0.05,cy_off=0.19,segments=8"
2026-03-15 10:19:32,089 - INFO - [pipeline.py:136] - "ColormapTransformer","map=hot"
2026-03-15 10:19:32,117 - INFO - [pipeline.py:136] - "HalftoneTransformer","size=2"
2026-03-15 10:19:32,132 - INFO - [pipeline.py:136] - "ChromaticAberrationTransformer","angle=165.80,edge_fade=1,shift=16.10"
2026-03-15 10:19:32,144 - INFO - [pipeline.py:248] - [Grade: A] Saved to: /Users/kenfasano/Scripts/ScreenArt/Images/TransformedImages/1280px-Amphibal-A.jpeg
2026-03-15 10:19:32,187 - INFO - [pipeline.py:136] - "FisheyeTransformer","shape=oval,strength=0.43,zoom=0.93"
2026-03-15 10:19:32,243 - INFO - [pipeline.py:136] - "HalftoneTransformer","size=2"
2026-03-15 10:19:32,262 - INFO - [pipeline.py:248] - [Grade: C] Saved to: /Users/kenfasano/Scripts/ScreenArt/Images/TransformedImages/Long_Mea-C.jpeg
2026-03-15 10:19:32,306 - INFO - [pipeline.py:136] - "FisheyeTransformer","shape=circle,strength=0.54,zoom=0.87"
2026-03-15 10:19:32,330 - INFO - [pipeline.py:248] - [Grade: C] Saved to: /Users/kenfasano/Scripts/ScreenArt/Images/TransformedImages/1280px-The_Lamp-C.jpeg
2026-03-15 10:19:32,485 - INFO - [pipeline.py:136] - "WheelTransformer","blend=normal,copies=3"
2026-03-15 10:19:32,507 - INFO - [pipeline.py:248] - [Grade: A] Saved to: /Users/kenfasano/Scripts/ScreenArt/Images/TransformedImages/Mosjouki-A.jpeg
2026-03-15 10:19:32,542 - INFO - [pipeline.py:136] - "GlitchWarpTransformer","intensity=0.01"
2026-03-15 10:19:32,676 - INFO - [pipeline.py:136] - "OilPaintingTransformer","dyn_ratio=5,size=8"
2026-03-15 10:19:32,699 - INFO - [pipeline.py:136] - "RadialWarpTransformer","radius=0.25,strength=59.08111746540273,119.64279033356783,99.05302632763461,style=push,pull,pull"
2026-03-15 10:19:32,739 - INFO - [pipeline.py:136] - "FluidWarpTransformer","alpha=9.36,sigma=3.67"
2026-03-15 10:19:32,757 - INFO - [pipeline.py:248] - [Grade: F] Saved to: /Users/kenfasano/Scripts/ScreenArt/Images/Rejected/lojong_2-F-scatter.jpeg
2026-03-15 10:19:32,820 - INFO - [pipeline.py:136] - "MeltMorphTransformer","intensity=0.50"
2026-03-15 10:19:32,925 - INFO - [pipeline.py:136] - "OilPaintingTransformer","dyn_ratio=2,size=4"
2026-03-15 10:19:33,032 - INFO - [pipeline.py:136] - "FlipWilsonTransformer","keep=bottom_left,narrow=0.26"
2026-03-15 10:19:33,049 - INFO - [pipeline.py:248] - [Grade: A] Saved to: /Users/kenfasano/Scripts/ScreenArt/Images/TransformedImages/lojong_3-A-scatter.jpeg
2026-03-15 10:19:33,091 - INFO - [pipeline.py:136] - "ThermalImagingTransformer","thermal=True"
2026-03-15 10:19:33,125 - INFO - [pipeline.py:136] - "FractalWarpTransformer","iter=1,scale=0.05"
2026-03-15 10:19:33,140 - INFO - [pipeline.py:248] - [Grade: B] Saved to: /Users/kenfasano/Scripts/ScreenArt/Images/TransformedImages/lojong_8-B-scatter.jpeg
2026-03-15 10:19:33,160 - INFO - [pipeline.py:136] - "ColormapTransformer","map=pink"
2026-03-15 10:19:33,185 - INFO - [pipeline.py:136] - "FisheyeTransformer","shape=circle,strength=0.45,zoom=0.93"
2026-03-15 10:19:33,204 - INFO - [pipeline.py:248] - [Grade: C] Saved to: /Users/kenfasano/Scripts/ScreenArt/Images/TransformedImages/lojong_4-C-tile.jpeg
2026-03-15 10:19:33,295 - INFO - [pipeline.py:136] - "PixelSortTransformer","direction=rows,high=0.91,low=0.21,sort_key=green"
2026-03-15 10:19:33,342 - INFO - [pipeline.py:136] - "HalftoneTransformer","size=2"
2026-03-15 10:19:33,359 - INFO - [pipeline.py:248] - [Grade: C] Saved to: /Users/kenfasano/Scripts/ScreenArt/Images/TransformedImages/lojong_5-C-hero.jpeg
2026-03-15 10:19:33,468 - INFO - [pipeline.py:136] - "WheelTransformer","blend=normal,copies=3"
2026-03-15 10:19:33,577 - INFO - [pipeline.py:136] - "OilPaintingTransformer","dyn_ratio=1,size=5"
2026-03-15 10:19:33,594 - INFO - [pipeline.py:248] - [Grade: A] Saved to: /Users/kenfasano/Scripts/ScreenArt/Images/TransformedImages/lojong_9-A-scatter.jpeg
2026-03-15 10:19:33,638 - INFO - [pipeline.py:136] - "SwirlWarpTransformer","strength=1.50"
2026-03-15 10:19:33,663 - INFO - [pipeline.py:136] - "ChromaticAberrationTransformer","angle=162.70,edge_fade=1,shift=12.30"
2026-03-15 10:19:33,762 - INFO - [pipeline.py:136] - "WheelTransformer","blend=normal,copies=3"
2026-03-15 10:19:33,798 - INFO - [pipeline.py:136] - "ThermalImagingTransformer","thermal=True"
2026-03-15 10:19:33,814 - INFO - [pipeline.py:248] - [Grade: A] Saved to: /Users/kenfasano/Scripts/ScreenArt/Images/TransformedImages/lojong_6-A-scatter.jpeg
2026-03-15 10:19:33,848 - INFO - [pipeline.py:136] - "GlitchWarpTransformer","intensity=0.01"
2026-03-15 10:19:33,890 - INFO - [pipeline.py:136] - "StippleTransformer","bg=white,dot_radius=5,jitter=1,spacing=12"
2026-03-15 10:19:33,930 - INFO - [pipeline.py:136] - "ThermalImagingTransformer","thermal=True"
2026-03-15 10:19:33,964 - INFO - [pipeline.py:136] - "FractalWarpTransformer","iter=1,scale=0.05"
2026-03-15 10:19:33,985 - INFO - [pipeline.py:248] - [Grade: C] Saved to: /Users/kenfasano/Scripts/ScreenArt/Images/TransformedImages/lojong_7-C-hero.jpeg
2026-03-15 10:19:34,028 - INFO - [pipeline.py:136] - "FractalWarpTransformer","iter=1,scale=0.05"
2026-03-15 10:19:34,134 - INFO - [pipeline.py:136] - "FlipWilsonTransformer","keep=bottom_left,narrow=0.26"
2026-03-15 10:19:34,146 - INFO - [pipeline.py:136] - "ColormapTransformer","map=cool"
2026-03-15 10:19:34,166 - INFO - [pipeline.py:248] - [Grade: C] Saved to: /Users/kenfasano/Scripts/ScreenArt/Images/TransformedImages/lojong_0-C-scatter.jpeg
2026-03-15 10:19:34,227 - INFO - [pipeline.py:136] - "MeltMorphTransformer","intensity=0.50"
2026-03-15 10:19:34,255 - INFO - [pipeline.py:136] - "GlitchWarpTransformer","intensity=0.01"
2026-03-15 10:19:34,290 - INFO - [pipeline.py:136] - "FractalWarpTransformer","iter=1,scale=0.05"
2026-03-15 10:19:34,308 - INFO - [pipeline.py:248] - [Grade: A] Saved to: /Users/kenfasano/Scripts/ScreenArt/Images/TransformedImages/lojong_1-A-hero.jpeg
2026-03-15 10:19:34,450 - INFO - [pipeline.py:136] - "PixelSortTransformer","direction=cols,high=0.87,low=0.14,sort_key=brightness"
2026-03-15 10:19:34,680 - INFO - [pipeline.py:136] - "VoronoiTransformer","edge_blend=1,num_points=173"
2026-03-15 10:19:34,714 - INFO - [pipeline.py:136] - "FractalWarpTransformer","iter=1,scale=0.05"
2026-03-15 10:19:34,732 - INFO - [pipeline.py:248] - [Grade: C] Saved to: /Users/kenfasano/Scripts/ScreenArt/Images/TransformedImages/psalms_36-C-hero.jpeg
2026-03-15 10:19:34,792 - INFO - [pipeline.py:136] - "MeltMorphTransformer","intensity=0.50"
2026-03-15 10:19:34,805 - INFO - [pipeline.py:136] - "ColormapTransformer","map=bone"
2026-03-15 10:19:34,843 - INFO - [pipeline.py:136] - "SwirlWarpTransformer","strength=1.50"
2026-03-15 10:19:34,862 - INFO - [pipeline.py:248] - [Grade: C] Saved to: /Users/kenfasano/Scripts/ScreenArt/Images/TransformedImages/psalms_82-C-hero.jpeg
2026-03-15 10:19:34,975 - INFO - [pipeline.py:136] - "FlipWilsonTransformer","keep=bottom_left,narrow=0.26"
2026-03-15 10:19:34,993 - INFO - [pipeline.py:248] - [Grade: A] Saved to: /Users/kenfasano/Scripts/ScreenArt/Images/TransformedImages/psalms_66-A-scatter.jpeg
2026-03-15 10:19:35,039 - INFO - [pipeline.py:136] - "ThermalImagingTransformer","thermal=True"
2026-03-15 10:19:35,052 - INFO - [pipeline.py:136] - "PosterizationTransformer","levels=4"
2026-03-15 10:19:35,102 - INFO - [pipeline.py:136] - "HalftoneTransformer","size=2"
2026-03-15 10:19:35,132 - INFO - [pipeline.py:136] - "ChromaticAberrationTransformer","angle=188.40,edge_fade=1,shift=16.60"
2026-03-15 10:19:35,153 - INFO - [pipeline.py:248] - [Grade: A] Saved to: /Users/kenfasano/Scripts/ScreenArt/Images/TransformedImages/psalms_11-A-hero.jpeg
2026-03-15 10:19:35,176 - INFO - [pipeline.py:136] - "RadialWarpTransformer","radius=0.25,strength=127.63778877778432,style=pull"
2026-03-15 10:19:35,214 - INFO - [pipeline.py:136] - "DataMoshTransformer","intensity=0.02"
2026-03-15 10:19:35,232 - INFO - [pipeline.py:248] - [Grade: C] Saved to: /Users/kenfasano/Scripts/ScreenArt/Images/TransformedImages/psalms_47-C-hero.jpeg
2026-03-15 10:19:35,277 - INFO - [pipeline.py:136] - "FractalWarpTransformer","iter=1,scale=0.05"
2026-03-15 10:19:35,378 - INFO - [pipeline.py:136] - "WheelTransformer","blend=normal,copies=3"
2026-03-15 10:19:35,398 - INFO - [pipeline.py:248] - [Grade: A] Saved to: /Users/kenfasano/Scripts/ScreenArt/Images/TransformedImages/psalms_141-A-columns.jpeg
2026-03-15 10:19:35,421 - INFO - [pipeline.py:136] - "RadialWarpTransformer","radius=0.25,strength=80.99755965665645,style=push"
2026-03-15 10:19:35,459 - INFO - [pipeline.py:136] - "SwirlWarpTransformer","strength=1.50"
2026-03-15 10:19:35,867 - INFO - [pipeline.py:136] - "VoronoiTransformer","edge_blend=1,num_points=331"
2026-03-15 10:19:35,886 - INFO - [pipeline.py:248] - [Grade: A] Saved to: /Users/kenfasano/Scripts/ScreenArt/Images/TransformedImages/psalms_123-A-tile.jpeg
2026-03-15 10:19:35,909 - INFO - [pipeline.py:136] - "ColormapTransformer","map=autumn"
2026-03-15 10:19:35,930 - INFO - [pipeline.py:248] - [Grade: A] Saved to: /Users/kenfasano/Scripts/ScreenArt/Images/TransformedImages/psalms_138-A-columns.jpeg
2026-03-15 10:19:35,954 - INFO - [pipeline.py:136] - "RadialWarpTransformer","radius=0.25,strength=39.37780160597146,style=pull"
2026-03-15 10:19:35,972 - INFO - [pipeline.py:248] - [Grade: C] Saved to: /Users/kenfasano/Scripts/ScreenArt/Images/TransformedImages/psalms_35-C-hero.jpeg
2026-03-15 10:19:35,984 - INFO - [pipeline.py:136] - "RadialWarpTransformer","radius=0.25,strength=76.51367814035095,47.615562452140146,style=push,pull"
2026-03-15 10:19:35,990 - INFO - [pipeline.py:248] - [Grade: A] Saved to: /Users/kenfasano/Scripts/ScreenArt/Images/TransformedImages/peripheral_drift_2-A.jpeg
2026-03-15 10:19:36,006 - INFO - [pipeline.py:136] - "SwirlWarpTransformer","strength=1.50"
2026-03-15 10:19:36,014 - INFO - [pipeline.py:136] - "ChromaticAberrationTransformer","angle=280.20,edge_fade=1,shift=4.30"
2026-03-15 10:19:36,020 - INFO - [pipeline.py:248] - [Grade: A] Saved to: /Users/kenfasano/Scripts/ScreenArt/Images/TransformedImages/peripheral_drift_3-A.jpeg
2026-03-15 10:19:36,029 - INFO - [pipeline.py:136] - "ColormapTransformer","map=summer"
2026-03-15 10:19:36,036 - INFO - [pipeline.py:248] - [Grade: A] Saved to: /Users/kenfasano/Scripts/ScreenArt/Images/TransformedImages/peripheral_drift_1-A.jpeg
2026-03-15 10:19:36,036 - INFO - [main.py:188] - VoronoiTransformer
2026-03-15 10:19:36,036 - INFO - [main.py:188] - PixelSortTransformer
2026-03-15 10:19:36,036 - INFO - [main.py:188] - FlipWilsonTransformer
2026-03-15 10:19:36,036 - INFO - [main.py:188] - WatercolorTransformer
2026-03-15 10:19:36,036 - INFO - [main.py:188] - WheelTransformer
2026-03-15 10:19:36,036 - INFO - [main.py:188] - OilPaintingTransformer
2026-03-15 10:19:36,036 - INFO - [main.py:188] - FisheyeTransformer
2026-03-15 10:19:36,036 - INFO - [main.py:188] - HalftoneTransformer
2026-03-15 10:19:36,036 - INFO - [main.py:188] - StippleTransformer
2026-03-15 10:19:36,036 - INFO - [main.py:188] - KaleidoscopeTransformer
2026-03-15 10:19:36,036 - INFO - [main.py:188] - MeltMorphTransformer
2026-03-15 10:19:36,036 - INFO - [main.py:188] - ThermalImagingTransformer
2026-03-15 10:19:36,036 - INFO - [main.py:188] - FractalWarpTransformer
2026-03-15 10:19:36,036 - INFO - [main.py:188] - SwirlWarpTransformer
2026-03-15 10:19:36,036 - INFO - [main.py:188] - FluidWarpTransformer
2026-03-15 10:19:36,036 - INFO - [main.py:188] - DataMoshTransformer
2026-03-15 10:19:36,036 - INFO - [main.py:188] - ChromaticAberrationTransformer
2026-03-15 10:19:36,036 - INFO - [main.py:188] - GlitchWarpTransformer
2026-03-15 10:19:36,036 - INFO - [main.py:188] - RadialWarpTransformer
2026-03-15 10:19:36,036 - INFO - [main.py:188] - PosterizationTransformer
2026-03-15 10:19:36,036 - INFO - [main.py:188] - ColormapTransformer
2026-03-15 10:19:36,037 - INFO - [main.py:231] - 18s@10:19 ✓
Accepted: 53
Rejected: 3
---
Bible                      ->  3842ms
Lojong                     ->  2498ms
Wiki                       ->  2227ms
Nasa                       ->   799ms
GoesGenerator              ->   593ms
Bubbles                    ->   472ms
Cubes                      ->   183ms
PeripheralDriftIllusion    ->    49ms
NasaMapGenerator           ->    35ms
---
VoronoiTransformer               -> Min:    92ms | Avg:   243ms | Max:   408ms
PixelSortTransformer             -> Min:    22ms | Avg:    94ms | Max:   148ms
FlipWilsonTransformer            -> Min:    27ms | Avg:    91ms | Max:   116ms
WatercolorTransformer            -> Min:    86ms | Avg:    86ms | Max:    86ms
WheelTransformer                 -> Min:    10ms | Avg:    85ms | Max:   109ms
OilPaintingTransformer           -> Min:    18ms | Avg:    68ms | Max:   134ms
FisheyeTransformer               -> Min:    25ms | Avg:    48ms | Max:   102ms
HalftoneTransformer              -> Min:    28ms | Avg:    47ms | Max:    56ms
StippleTransformer               -> Min:    41ms | Avg:    46ms | Max:    51ms
KaleidoscopeTransformer          -> Min:    31ms | Avg:    43ms | Max:    54ms
MeltMorphTransformer             -> Min:     8ms | Avg:    41ms | Max:    55ms
ThermalImagingTransformer        -> Min:    15ms | Avg:    35ms | Max:    41ms
FractalWarpTransformer           -> Min:     7ms | Avg:    32ms | Max:    39ms
SwirlWarpTransformer             -> Min:    12ms | Avg:    31ms | Max:    38ms
FluidWarpTransformer             -> Min:     4ms | Avg:    28ms | Max:    50ms
DataMoshTransformer              -> Min:     5ms | Avg:    23ms | Max:    40ms
ChromaticAberrationTransformer   -> Min:     7ms | Avg:    17ms | Max:    29ms
GlitchWarpTransformer            -> Min:     3ms | Avg:    17ms | Max:    28ms
RadialWarpTransformer            -> Min:     2ms | Avg:    16ms | Max:    24ms
PosterizationTransformer         -> Min:    13ms | Avg:    14ms | Max:    18ms
ColormapTransformer              -> Min:     5ms | Avg:    12ms | Max:    15ms
