2026-04-04 13:30:37,389 - INFO - [mandala_draw.py:291] - mandala_draw: generated 3/3
2026-04-04 13:30:43,921 - INFO - [wiki.py:74] - Wiki eye query: eye underwater photography
2026-04-04 13:30:45,377 - INFO - [pipeline.py:138] - "PosterizationTransformer","levels=4"
2026-04-04 13:30:45,411 - INFO - [pipeline.py:138] - "OilPaintingTransformer","dyn_ratio=5,size=5"
2026-04-04 13:30:45,446 - INFO - [pipeline.py:138] - "WheelTransformer","blend=normal,copies=4"
2026-04-04 13:30:45,486 - INFO - [pipeline.py:138] - "DataMoshTransformer","intensity=0.02"
2026-04-04 13:30:45,506 - INFO - [pipeline.py:252] - [Grade: A] Saved to: /Users/kenfasano/Scripts/ScreenArt/Images/TransformedImages/psalms_95-A-scatter_657a.jpeg
2026-04-04 13:30:45,869 - INFO - [pipeline.py:138] - "PixelSortTransformer","direction=cols,high=0.61,low=0.33,sort_key=saturation"
2026-04-04 13:30:45,908 - INFO - [pipeline.py:138] - "ThermalImagingTransformer","thermal=True"
2026-04-04 13:30:45,927 - INFO - [pipeline.py:252] - [Grade: B] Saved to: /Users/kenfasano/Scripts/ScreenArt/Images/TransformedImages/psalms_76-B-scatter_8a58.jpeg
2026-04-04 13:30:45,949 - INFO - [pipeline.py:138] - "ColormapTransformer","map=cool"
2026-04-04 13:30:46,013 - INFO - [pipeline.py:138] - "FlipWilsonTransformer","keep=bottom,narrow=0.23"
2026-04-04 13:30:46,034 - INFO - [pipeline.py:252] - [Grade: C] Saved to: /Users/kenfasano/Scripts/ScreenArt/Images/TransformedImages/psalms_62-C-hero_711e.jpeg
2026-04-04 13:30:46,093 - INFO - [pipeline.py:138] - "HalftoneTransformer","size=2"
2026-04-04 13:30:46,110 - INFO - [pipeline.py:252] - [Grade: A] Saved to: /Users/kenfasano/Scripts/ScreenArt/Images/TransformedImages/psalms_34-A-scatter_e0ae.jpeg
2026-04-04 13:30:46,154 - INFO - [pipeline.py:138] - "FluidWarpTransformer","alpha=12.26,sigma=3.40"
2026-04-04 13:30:46,173 - INFO - [pipeline.py:252] - [Grade: A] Saved to: /Users/kenfasano/Scripts/ScreenArt/Images/TransformedImages/psalms_43-A-hero_255a.jpeg
2026-04-04 13:30:46,218 - INFO - [pipeline.py:138] - "FractalWarpTransformer","iter=1,scale=0.05"
2026-04-04 13:30:46,267 - INFO - [pipeline.py:138] - "HalftoneTransformer","size=2"
2026-04-04 13:30:46,291 - INFO - [pipeline.py:138] - "RadialWarpTransformer","radius=0.25,strength=61.43082826751885,129.2886398946388,55.51808737889918,style=push,push,pull"
2026-04-04 13:30:46,327 - INFO - [pipeline.py:138] - "ThermalImagingTransformer","thermal=True"
2026-04-04 13:30:46,346 - INFO - [pipeline.py:252] - [Grade: A] Saved to: /Users/kenfasano/Scripts/ScreenArt/Images/TransformedImages/bubbles_4-A_e826.jpeg
2026-04-04 13:30:46,386 - INFO - [pipeline.py:138] - "WheelTransformer","blend=normal,copies=4"
2026-04-04 13:30:46,399 - INFO - [pipeline.py:138] - "PosterizationTransformer","levels=4"
2026-04-04 13:30:46,418 - INFO - [pipeline.py:252] - [Grade: A] Saved to: /Users/kenfasano/Scripts/ScreenArt/Images/TransformedImages/bubbles_5-A_afc4.jpeg
2026-04-04 13:30:46,471 - INFO - [pipeline.py:138] - "ThermalImagingTransformer","thermal=True"
2026-04-04 13:30:46,694 - INFO - [pipeline.py:138] - "WatercolorTransformer","scale=0.85,style=psychedelic"
2026-04-04 13:30:46,742 - INFO - [pipeline.py:138] - "HalftoneTransformer","size=2"
2026-04-04 13:30:46,794 - INFO - [pipeline.py:138] - "MeltMorphTransformer","intensity=0.50"
2026-04-04 13:30:46,811 - INFO - [pipeline.py:252] - [Grade: A] Saved to: /Users/kenfasano/Scripts/ScreenArt/Images/TransformedImages/bubbles_2-A_277b.jpeg
2026-04-04 13:30:46,854 - INFO - [pipeline.py:138] - "FractalWarpTransformer","iter=1,scale=0.05"
2026-04-04 13:30:46,913 - INFO - [pipeline.py:138] - "FlipWilsonTransformer","keep=bottom,narrow=0.23"
2026-04-04 13:30:46,955 - INFO - [pipeline.py:138] - "OilPaintingTransformer","dyn_ratio=3,size=6"
2026-04-04 13:30:46,972 - INFO - [pipeline.py:252] - [Grade: F] Saved to: /Users/kenfasano/Scripts/ScreenArt/Images/Rejected/bubbles_3-F_6126.jpeg
2026-04-04 13:30:47,030 - INFO - [pipeline.py:138] - "HalftoneTransformer","size=2"
2026-04-04 13:30:47,064 - INFO - [pipeline.py:138] - "WheelTransformer","blend=normal,copies=4"
2026-04-04 13:30:47,081 - INFO - [pipeline.py:252] - [Grade: F] Saved to: /Users/kenfasano/Scripts/ScreenArt/Images/Rejected/bubbles_1-F_99a1.jpeg
2026-04-04 13:30:47,113 - INFO - [pipeline.py:138] - "RadialWarpTransformer","radius=0.25,strength=102.23195163027023,124.34768368742003,56.528152917892776,style=push,push,pull"
2026-04-04 13:30:47,154 - INFO - [pipeline.py:138] - "OilPaintingTransformer","dyn_ratio=3,size=6"
2026-04-04 13:30:47,206 - INFO - [pipeline.py:138] - "MeltMorphTransformer","intensity=0.50"
2026-04-04 13:30:47,224 - INFO - [pipeline.py:252] - [Grade: A] Saved to: /Users/kenfasano/Scripts/ScreenArt/Images/TransformedImages/cubes_2-A_09e6.jpeg
2026-04-04 13:30:47,242 - INFO - [pipeline.py:138] - "PosterizationTransformer","levels=4"
2026-04-04 13:30:47,271 - INFO - [pipeline.py:138] - "ChromaticAberrationTransformer","angle=258.30,edge_fade=1,shift=14.70"
2026-04-04 13:30:47,308 - INFO - [pipeline.py:138] - "DataMoshTransformer","intensity=0.02"
2026-04-04 13:30:47,447 - INFO - [pipeline.py:138] - "PixelSortTransformer","direction=cols,high=0.83,low=0.33,sort_key=red"
2026-04-04 13:30:47,466 - INFO - [pipeline.py:252] - [Grade: A] Saved to: /Users/kenfasano/Scripts/ScreenArt/Images/TransformedImages/cubes_3-A_6442.jpeg
2026-04-04 13:30:47,491 - INFO - [pipeline.py:138] - "RadialWarpTransformer","radius=0.25,strength=76.14292442272739,45.701733361636684,style=push,pull"
2026-04-04 13:30:47,525 - INFO - [pipeline.py:138] - "FractalWarpTransformer","iter=1,scale=0.05"
2026-04-04 13:30:47,542 - INFO - [pipeline.py:252] - [Grade: A] Saved to: /Users/kenfasano/Scripts/ScreenArt/Images/TransformedImages/cubes_1-A_4bf5.jpeg
2026-04-04 13:30:47,561 - INFO - [pipeline.py:138] - "ColormapTransformer","map=jet"
2026-04-04 13:30:47,590 - INFO - [pipeline.py:138] - "OilPaintingTransformer","dyn_ratio=8,size=6"
2026-04-04 13:30:47,620 - INFO - [pipeline.py:138] - "ThermalImagingTransformer","thermal=True"
2026-04-04 13:30:47,635 - INFO - [pipeline.py:252] - [Grade: B] Saved to: /Users/kenfasano/Scripts/ScreenArt/Images/TransformedImages/noaa_goes_2_se_Fire_Temperature-B_f862.jpeg
2026-04-04 13:30:47,652 - INFO - [pipeline.py:138] - "PosterizationTransformer","levels=4"
2026-04-04 13:30:47,679 - INFO - [pipeline.py:138] - "DataMoshTransformer","intensity=0.01"
2026-04-04 13:30:47,693 - INFO - [pipeline.py:252] - [Grade: B] Saved to: /Users/kenfasano/Scripts/ScreenArt/Images/TransformedImages/noaa_goes_1_se_Air_Mass-B_d38e.jpeg
2026-04-04 13:30:47,753 - INFO - [pipeline.py:138] - "MeltMorphTransformer","intensity=0.50"
2026-04-04 13:30:47,771 - INFO - [pipeline.py:138] - "OilPaintingTransformer","dyn_ratio=4,size=3"
2026-04-04 13:30:47,788 - INFO - [pipeline.py:252] - [Grade: F] Saved to: /Users/kenfasano/Scripts/ScreenArt/Images/Rejected/lojong_2-F-tile_b7ab.jpeg
2026-04-04 13:30:47,824 - INFO - [pipeline.py:138] - "FisheyeTransformer","shape=circle,strength=0.80,zoom=1.01"
2026-04-04 13:30:47,842 - INFO - [pipeline.py:252] - [Grade: F] Saved to: /Users/kenfasano/Scripts/ScreenArt/Images/Rejected/lojong_3-F-scatter_e006.jpeg
2026-04-04 13:30:47,882 - INFO - [pipeline.py:138] - "WheelTransformer","blend=normal,copies=4"
2026-04-04 13:30:47,968 - INFO - [pipeline.py:138] - "OilPaintingTransformer","dyn_ratio=3,size=8"
2026-04-04 13:30:47,999 - INFO - [pipeline.py:138] - "ChromaticAberrationTransformer","angle=181.00,edge_fade=1,shift=12.10"
2026-04-04 13:30:48,018 - INFO - [pipeline.py:252] - [Grade: A] Saved to: /Users/kenfasano/Scripts/ScreenArt/Images/TransformedImages/lojong_4-A-tile_a5cb.jpeg
2026-04-04 13:30:48,058 - INFO - [pipeline.py:138] - "WheelTransformer","blend=normal,copies=4"
2026-04-04 13:30:48,075 - INFO - [pipeline.py:252] - [Grade: A] Saved to: /Users/kenfasano/Scripts/ScreenArt/Images/TransformedImages/lojong_0-A-columns_c72e.jpeg
2026-04-04 13:30:48,118 - INFO - [pipeline.py:138] - "DataMoshTransformer","intensity=0.01"
2026-04-04 13:30:48,422 - INFO - [pipeline.py:138] - "VoronoiTransformer","edge_blend=1,num_points=238"
2026-04-04 13:30:48,456 - INFO - [pipeline.py:138] - "FractalWarpTransformer","iter=1,scale=0.05"
2026-04-04 13:30:48,494 - INFO - [pipeline.py:138] - "SwirlWarpTransformer","strength=1.50"
2026-04-04 13:30:48,514 - INFO - [pipeline.py:252] - [Grade: C] Saved to: /Users/kenfasano/Scripts/ScreenArt/Images/TransformedImages/lojong_1-C-columns_d27b.jpeg
2026-04-04 13:30:48,730 - INFO - [pipeline.py:138] - "VoronoiTransformer","edge_blend=1,num_points=124"
2026-04-04 13:30:48,776 - INFO - [pipeline.py:138] - "DataMoshTransformer","intensity=0.01"
2026-04-04 13:30:48,797 - INFO - [pipeline.py:252] - [Grade: A] Saved to: /Users/kenfasano/Scripts/ScreenArt/Images/TransformedImages/mandala_draw_1-A_d71f.jpeg
2026-04-04 13:30:48,850 - INFO - [pipeline.py:138] - "SwirlWarpTransformer","strength=1.50"
2026-04-04 13:30:48,870 - INFO - [pipeline.py:252] - [Grade: A] Saved to: /Users/kenfasano/Scripts/ScreenArt/Images/TransformedImages/mandala_draw_0-A_6bc1.jpeg
2026-04-04 13:30:48,907 - INFO - [pipeline.py:138] - "RadialWarpTransformer","radius=0.25,strength=38.85099939305934,95.12557877246542,114.28585427482912,style=push,push,pull"
2026-04-04 13:30:48,950 - INFO - [pipeline.py:138] - "FluidWarpTransformer","alpha=7.62,sigma=3.77"
2026-04-04 13:30:48,992 - INFO - [pipeline.py:138] - "FractalWarpTransformer","iter=1,scale=0.05"
2026-04-04 13:30:49,009 - INFO - [pipeline.py:138] - "PosterizationTransformer","levels=4"
2026-04-04 13:30:49,029 - INFO - [pipeline.py:252] - [Grade: C] Saved to: /Users/kenfasano/Scripts/ScreenArt/Images/TransformedImages/mandala_draw_2-C_a515.jpeg
2026-04-04 13:30:49,043 - INFO - [pipeline.py:138] - "PixelSortTransformer","direction=cols,high=0.56,low=0.24,sort_key=brightness"
2026-04-04 13:30:49,094 - INFO - [pipeline.py:138] - "HalftoneTransformer","size=2"
2026-04-04 13:30:49,370 - INFO - [pipeline.py:138] - "VoronoiTransformer","edge_blend=1,num_points=208"
2026-04-04 13:30:49,383 - INFO - [pipeline.py:138] - "ColormapTransformer","map=winter"
2026-04-04 13:30:49,399 - INFO - [pipeline.py:252] - [Grade: F] Saved to: /Users/kenfasano/Scripts/ScreenArt/Images/Rejected/nasa_earth_2_Dhaka_Night_Lights-F_e591.jpeg
2026-04-04 13:30:49,463 - INFO - [pipeline.py:138] - "KaleidoscopeTransformer","cx_off=-0.05,cy_off=-0.07,segments=12"
2026-04-04 13:30:49,475 - INFO - [pipeline.py:138] - "PosterizationTransformer","levels=4"
2026-04-04 13:30:49,495 - INFO - [pipeline.py:252] - [Grade: A] Saved to: /Users/kenfasano/Scripts/ScreenArt/Images/TransformedImages/nasa_earth_3_Rio_de_Janeiro_Vegetation_False_Color-A_c06e.jpeg
2026-04-04 13:30:49,534 - INFO - [pipeline.py:138] - "GlitchWarpTransformer","intensity=0.01"
2026-04-04 13:30:49,756 - INFO - [pipeline.py:138] - "PixelSortTransformer","direction=rows,high=0.71,low=0.26,sort_key=brightness"
2026-04-04 13:30:49,815 - INFO - [pipeline.py:138] - "FlipWilsonTransformer","keep=bottom,narrow=0.23"
2026-04-04 13:30:49,835 - INFO - [pipeline.py:252] - [Grade: A] Saved to: /Users/kenfasano/Scripts/ScreenArt/Images/TransformedImages/nasa_earth_1_Cairo_True_Color-A_63c3.jpeg
2026-04-04 13:30:49,872 - INFO - [pipeline.py:138] - "FlipWilsonTransformer","keep=bottom,narrow=0.23"
2026-04-04 13:30:49,880 - INFO - [pipeline.py:252] - [Grade: A] Saved to: /Users/kenfasano/Scripts/ScreenArt/Images/TransformedImages/M16_final_1024-A_2af2.jpg
2026-04-04 13:30:49,891 - INFO - [pipeline.py:138] - "PosterizationTransformer","levels=4"
2026-04-04 13:30:49,899 - INFO - [pipeline.py:252] - [Grade: A] Saved to: /Users/kenfasano/Scripts/ScreenArt/Images/TransformedImages/FullMoonriseMaunaKeashadowGregChavdarian1024-A_ed73.jpg
2026-04-04 13:30:49,916 - INFO - [pipeline.py:138] - "WheelTransformer","blend=normal,copies=4"
2026-04-04 13:30:50,160 - INFO - [pipeline.py:138] - "PixelSortTransformer","direction=cols,high=0.55,low=0.22,sort_key=saturation"
2026-04-04 13:30:50,168 - INFO - [pipeline.py:252] - [Grade: A] Saved to: /Users/kenfasano/Scripts/ScreenArt/Images/TransformedImages/mice_hubble_1080-A_d12d.jpg
2026-04-04 13:30:50,177 - INFO - [pipeline.py:138] - "FisheyeTransformer","shape=oval,strength=0.35,zoom=1.12"
2026-04-04 13:30:50,183 - INFO - [pipeline.py:252] - [Grade: F] Saved to: /Users/kenfasano/Scripts/ScreenArt/Images/Rejected/UranusJupiter_knappert600h-F_962f.jpg
2026-04-04 13:30:50,193 - INFO - [pipeline.py:138] - "KaleidoscopeTransformer","cx_off=-0.03,cy_off=-0.01,segments=8"
2026-04-04 13:30:50,240 - INFO - [pipeline.py:138] - "VoronoiTransformer","edge_blend=1,num_points=216"
2026-04-04 13:30:50,242 - INFO - [pipeline.py:138] - "ColormapTransformer","map=hot"
2026-04-04 13:30:50,248 - INFO - [pipeline.py:138] - "FractalWarpTransformer","iter=1,scale=0.05"
2026-04-04 13:30:50,252 - INFO - [pipeline.py:252] - [Grade: A] Saved to: /Users/kenfasano/Scripts/ScreenArt/Images/TransformedImages/mwcentre_eso-A_6654.jpg
2026-04-04 13:30:50,282 - INFO - [pipeline.py:138] - "WheelTransformer","blend=normal,copies=4"
2026-04-04 13:30:50,307 - INFO - [pipeline.py:138] - "FractalWarpTransformer","iter=1,scale=0.05"
2026-04-04 13:30:50,332 - INFO - [pipeline.py:138] - "ThermalImagingTransformer","thermal=True"
2026-04-04 13:30:50,415 - INFO - [pipeline.py:138] - "VoronoiTransformer","edge_blend=1,num_points=78"
2026-04-04 13:30:50,427 - INFO - [pipeline.py:252] - [Grade: A] Saved to: /Users/kenfasano/Scripts/ScreenArt/Images/TransformedImages/WolfMoon_Zegarski_960-A_9e58.jpg
2026-04-04 13:30:50,444 - INFO - [pipeline.py:138] - "HalftoneTransformer","size=2"
2026-04-04 13:30:50,451 - INFO - [pipeline.py:252] - [Grade: A] Saved to: /Users/kenfasano/Scripts/ScreenArt/Images/TransformedImages/scorpio_guisard_960-A_756b.jpg
2026-04-04 13:30:50,623 - INFO - [pipeline.py:138] - "VoronoiTransformer","edge_blend=1,num_points=302"
2026-04-04 13:30:50,633 - INFO - [pipeline.py:138] - "ChromaticAberrationTransformer","angle=10.20,edge_fade=1,shift=12.70"
2026-04-04 13:30:50,667 - INFO - [pipeline.py:252] - [Grade: A] Saved to: /Users/kenfasano/Scripts/ScreenArt/Images/TransformedImages/stsci-xNGC604NIRcam1024-A_2498.png
2026-04-04 13:30:50,677 - INFO - [pipeline.py:138] - "FluidWarpTransformer","alpha=18.32,sigma=2.07"
2026-04-04 13:30:50,685 - INFO - [pipeline.py:138] - "DataMoshTransformer","intensity=0.01"
2026-04-04 13:30:50,763 - INFO - [pipeline.py:138] - "VoronoiTransformer","edge_blend=1,num_points=257"
2026-04-04 13:30:50,775 - INFO - [pipeline.py:138] - "KaleidoscopeTransformer","cx_off=0.14,cy_off=0.02,segments=4"
2026-04-04 13:30:50,780 - INFO - [pipeline.py:252] - [Grade: A] Saved to: /Users/kenfasano/Scripts/ScreenArt/Images/TransformedImages/LickMoonrise_baldridge_c800-A_09be.jpg
2026-04-04 13:30:50,792 - INFO - [pipeline.py:138] - "RadialWarpTransformer","radius=0.25,strength=95.85777045581276,83.98220589444392,56.80719510435154,style=push,pull,push"
2026-04-04 13:30:50,812 - INFO - [pipeline.py:138] - "FlipWilsonTransformer","keep=bottom,narrow=0.23"
2026-04-04 13:30:50,830 - INFO - [pipeline.py:138] - "KaleidoscopeTransformer","cx_off=0.10,cy_off=-0.03,segments=6"
2026-04-04 13:30:50,837 - INFO - [pipeline.py:252] - [Grade: C] Saved to: /Users/kenfasano/Scripts/ScreenArt/Images/TransformedImages/ISSaurora_150623_kelly1024-C_3e57.jpg
2026-04-04 13:30:50,856 - INFO - [pipeline.py:138] - "HalftoneTransformer","size=2"
2026-04-04 13:30:50,873 - INFO - [pipeline.py:138] - "KaleidoscopeTransformer","cx_off=0.19,cy_off=0.11,segments=8"
2026-04-04 13:30:50,880 - INFO - [pipeline.py:252] - [Grade: F] Saved to: /Users/kenfasano/Scripts/ScreenArt/Images/Rejected/M77Halpha_HubbleSchmidt_960-F_b691.jpg
2026-04-04 13:30:51,124 - INFO - [pipeline.py:138] - "WatercolorTransformer","scale=0.85,style=psychedelic"
2026-04-04 13:30:51,147 - INFO - [pipeline.py:138] - "FisheyeTransformer","shape=oval,strength=0.80,zoom=1.08"
2026-04-04 13:30:51,184 - INFO - [pipeline.py:138] - "ThermalImagingTransformer","thermal=True"
2026-04-04 13:30:51,202 - INFO - [pipeline.py:252] - [Grade: C] Saved to: /Users/kenfasano/Scripts/ScreenArt/Images/TransformedImages/peace_0-C_7b5f.jpeg
2026-04-04 13:30:51,260 - INFO - [pipeline.py:138] - "ThermalImagingTransformer","thermal=True"
2026-04-04 13:30:51,282 - INFO - [pipeline.py:252] - [Grade: C] Saved to: /Users/kenfasano/Scripts/ScreenArt/Images/TransformedImages/peace_1-C_ba8e.jpeg
2026-04-04 13:30:51,333 - INFO - [pipeline.py:138] - "FluidWarpTransformer","alpha=15.92,sigma=4.27"
2026-04-04 13:30:51,365 - INFO - [pipeline.py:138] - "WheelTransformer","blend=normal,copies=4"
2026-04-04 13:30:51,383 - INFO - [pipeline.py:252] - [Grade: C] Saved to: /Users/kenfasano/Scripts/ScreenArt/Images/TransformedImages/peace_2-C_128d.jpeg
2026-04-04 13:30:51,422 - INFO - [pipeline.py:138] - "GlitchWarpTransformer","intensity=0.01"
2026-04-04 13:30:51,463 - INFO - [pipeline.py:138] - "DataMoshTransformer","intensity=0.01"
2026-04-04 13:30:51,499 - INFO - [pipeline.py:138] - "WheelTransformer","blend=normal,copies=4"
2026-04-04 13:30:51,518 - INFO - [pipeline.py:252] - [Grade: A] Saved to: /Users/kenfasano/Scripts/ScreenArt/Images/TransformedImages/peace_3-A_eedf.jpeg
2026-04-04 13:30:51,530 - INFO - [pipeline.py:138] - "GlitchWarpTransformer","intensity=0.01"
2026-04-04 13:30:51,540 - INFO - [pipeline.py:138] - "WheelTransformer","blend=normal,copies=4"
2026-04-04 13:30:51,547 - INFO - [pipeline.py:138] - "FisheyeTransformer","shape=oval,strength=0.59,zoom=1.00"
2026-04-04 13:30:51,554 - INFO - [pipeline.py:252] - [Grade: A] Saved to: /Users/kenfasano/Scripts/ScreenArt/Images/TransformedImages/peripheral_drift_2-A_aeeb.jpeg
2026-04-04 13:30:51,563 - INFO - [pipeline.py:138] - "OilPaintingTransformer","dyn_ratio=5,size=3"
2026-04-04 13:30:51,568 - INFO - [pipeline.py:138] - "ColormapTransformer","map=rainbow"
2026-04-04 13:30:51,578 - INFO - [pipeline.py:138] - "WheelTransformer","blend=normal,copies=4"
2026-04-04 13:30:51,585 - INFO - [pipeline.py:252] - [Grade: A] Saved to: /Users/kenfasano/Scripts/ScreenArt/Images/TransformedImages/peripheral_drift_3-A_6717.jpeg
2026-04-04 13:30:51,602 - INFO - [pipeline.py:138] - "HalftoneTransformer","size=2"
2026-04-04 13:30:51,615 - INFO - [pipeline.py:138] - "SwirlWarpTransformer","strength=1.50"
2026-04-04 13:30:51,626 - INFO - [pipeline.py:138] - "WheelTransformer","blend=normal,copies=4"
2026-04-04 13:30:51,631 - INFO - [pipeline.py:252] - [Grade: A] Saved to: /Users/kenfasano/Scripts/ScreenArt/Images/TransformedImages/peripheral_drift_8-A_00e7.jpeg
2026-04-04 13:30:51,650 - INFO - [pipeline.py:138] - "KaleidoscopeTransformer","cx_off=0.13,cy_off=0.05,segments=4"
2026-04-04 13:30:51,661 - INFO - [pipeline.py:138] - "FractalWarpTransformer","iter=1,scale=0.05"
2026-04-04 13:30:51,731 - INFO - [pipeline.py:138] - "PixelSortTransformer","direction=cols,high=0.86,low=0.11,sort_key=saturation"
2026-04-04 13:30:51,748 - INFO - [pipeline.py:138] - "MeltMorphTransformer","intensity=0.50"
2026-04-04 13:30:51,755 - INFO - [pipeline.py:252] - [Grade: A] Saved to: /Users/kenfasano/Scripts/ScreenArt/Images/TransformedImages/peripheral_drift_4-A_1cc2.jpeg
2026-04-04 13:30:51,765 - INFO - [pipeline.py:138] - "FisheyeTransformer","shape=circle,strength=0.25,zoom=0.96"
2026-04-04 13:30:51,772 - INFO - [pipeline.py:252] - [Grade: A] Saved to: /Users/kenfasano/Scripts/ScreenArt/Images/TransformedImages/peripheral_drift_5-A_c8e9.jpeg
2026-04-04 13:30:51,839 - INFO - [pipeline.py:138] - "WatercolorTransformer","scale=0.85,style=monet"
2026-04-04 13:30:51,858 - INFO - [pipeline.py:138] - "FlipWilsonTransformer","keep=bottom,narrow=0.23"
2026-04-04 13:30:51,862 - INFO - [pipeline.py:138] - "PosterizationTransformer","levels=4"
2026-04-04 13:30:51,877 - INFO - [pipeline.py:138] - "HalftoneTransformer","size=2"
2026-04-04 13:30:51,883 - INFO - [pipeline.py:252] - [Grade: A] Saved to: /Users/kenfasano/Scripts/ScreenArt/Images/TransformedImages/peripheral_drift_9-A_8c1f.jpeg
2026-04-04 13:30:51,958 - INFO - [pipeline.py:138] - "VoronoiTransformer","edge_blend=1,num_points=160"
2026-04-04 13:30:51,966 - INFO - [pipeline.py:138] - "ChromaticAberrationTransformer","angle=212.60,edge_fade=1,shift=16.20"
2026-04-04 13:30:51,981 - INFO - [pipeline.py:138] - "HalftoneTransformer","size=2"
2026-04-04 13:30:52,016 - INFO - [pipeline.py:138] - "PixelSortTransformer","direction=rows,high=0.56,low=0.25,sort_key=red"
2026-04-04 13:30:52,022 - INFO - [pipeline.py:252] - [Grade: A] Saved to: /Users/kenfasano/Scripts/ScreenArt/Images/TransformedImages/peripheral_drift_10-A_8e06.jpeg
2026-04-04 13:30:52,035 - INFO - [pipeline.py:138] - "FluidWarpTransformer","alpha=3.20,sigma=1.63"
2026-04-04 13:30:52,039 - INFO - [pipeline.py:138] - "PosterizationTransformer","levels=4"
2026-04-04 13:30:52,047 - INFO - [pipeline.py:138] - "ChromaticAberrationTransformer","angle=261.40,edge_fade=1,shift=5.90"
2026-04-04 13:30:52,053 - INFO - [pipeline.py:252] - [Grade: A] Saved to: /Users/kenfasano/Scripts/ScreenArt/Images/TransformedImages/peripheral_drift_6-A_10ad.jpeg
2026-04-04 13:30:52,065 - INFO - [pipeline.py:138] - "ChromaticAberrationTransformer","angle=72.90,edge_fade=1,shift=7.40"
2026-04-04 13:30:52,076 - INFO - [pipeline.py:138] - "DataMoshTransformer","intensity=0.01"
2026-04-04 13:30:52,084 - INFO - [pipeline.py:252] - [Grade: A] Saved to: /Users/kenfasano/Scripts/ScreenArt/Images/TransformedImages/peripheral_drift_7-A_f164.jpeg
2026-04-04 13:30:52,091 - INFO - [pipeline.py:138] - "ColormapTransformer","map=jet"
2026-04-04 13:30:52,098 - INFO - [pipeline.py:252] - [Grade: A] Saved to: /Users/kenfasano/Scripts/ScreenArt/Images/TransformedImages/peripheral_drift_1-A_dfa1.jpeg
2026-04-04 13:30:52,116 - INFO - [pipeline.py:138] - "FisheyeTransformer","shape=oval,strength=0.72,zoom=0.98"
2026-04-04 13:30:52,229 - INFO - [pipeline.py:138] - "VoronoiTransformer","edge_blend=1,num_points=196"
2026-04-04 13:30:52,237 - INFO - [pipeline.py:252] - [Grade: A] Saved to: /Users/kenfasano/Scripts/ScreenArt/Images/TransformedImages/static_mandala_0-A_566f.jpeg
2026-04-04 13:30:52,251 - INFO - [pipeline.py:138] - "FractalWarpTransformer","iter=1,scale=0.05"
2026-04-04 13:30:52,258 - INFO - [pipeline.py:252] - [Grade: A] Saved to: /Users/kenfasano/Scripts/ScreenArt/Images/TransformedImages/static_mandala_1-A_f221.jpeg
2026-04-04 13:30:52,527 - INFO - [pipeline.py:138] - "RadialWarpTransformer","radius=0.25,strength=86.2819139631647,style=push"
2026-04-04 13:30:52,840 - INFO - [pipeline.py:138] - "FractalWarpTransformer","iter=1,scale=0.05"
2026-04-04 13:30:53,080 - INFO - [pipeline.py:138] - "GlitchWarpTransformer","intensity=0.01"
2026-04-04 13:30:53,248 - INFO - [pipeline.py:252] - [Grade: C] Saved to: /Users/kenfasano/Scripts/ScreenArt/Images/TransformedImages/static_mandala_2-C_4b66.jpeg
2026-04-04 13:30:53,506 - INFO - [pipeline.py:138] - "PixelSortTransformer","direction=cols,high=0.94,low=0.30,sort_key=brightness"
2026-04-04 13:30:53,572 - INFO - [pipeline.py:138] - "KaleidoscopeTransformer","cx_off=0.19,cy_off=0.11,segments=4"
2026-04-04 13:30:53,605 - INFO - [pipeline.py:138] - "GlitchWarpTransformer","intensity=0.01"
2026-04-04 13:30:53,652 - INFO - [pipeline.py:138] - "SwirlWarpTransformer","strength=1.50"
2026-04-04 13:30:53,675 - INFO - [pipeline.py:252] - [Grade: A] Saved to: /Users/kenfasano/Scripts/ScreenArt/Images/TransformedImages/Hamburg_-A_66dc.jpeg
2026-04-04 13:30:53,759 - INFO - [pipeline.py:138] - "MeltMorphTransformer","intensity=0.50"
2026-04-04 13:30:53,831 - INFO - [pipeline.py:138] - "FlipWilsonTransformer","keep=bottom,narrow=0.23"
2026-04-04 13:30:53,849 - INFO - [pipeline.py:138] - "PosterizationTransformer","levels=4"
2026-04-04 13:30:53,874 - INFO - [pipeline.py:252] - [Grade: A] Saved to: /Users/kenfasano/Scripts/ScreenArt/Images/TransformedImages/Arc-eye_hawkfis-A_6c48.jpeg
2026-04-04 13:30:53,911 - INFO - [pipeline.py:138] - "PosterizationTransformer","levels=4"
2026-04-04 13:30:53,940 - INFO - [pipeline.py:252] - [Grade: A] Saved to: /Users/kenfasano/Scripts/ScreenArt/Images/TransformedImages/Gusano_d-A_7e3d.jpeg
2026-04-04 13:30:54,020 - INFO - [pipeline.py:138] - "MeltMorphTransformer","intensity=0.50"
2026-04-04 13:30:54,046 - INFO - [pipeline.py:252] - [Grade: A] Saved to: /Users/kenfasano/Scripts/ScreenArt/Images/TransformedImages/Lenguado-A_59e7.jpeg
2026-04-04 13:30:54,133 - INFO - [pipeline.py:138] - "FlipWilsonTransformer","keep=bottom,narrow=0.23"
2026-04-04 13:30:54,160 - INFO - [pipeline.py:252] - [Grade: A] Saved to: /Users/kenfasano/Scripts/ScreenArt/Images/TransformedImages/Maragota-A_ae4a.jpeg
2026-04-04 13:30:54,160 - INFO - [main.py:195] - WatercolorTransformer
2026-04-04 13:30:54,160 - INFO - [main.py:195] - PixelSortTransformer
2026-04-04 13:30:54,160 - INFO - [main.py:195] - VoronoiTransformer
2026-04-04 13:30:54,160 - INFO - [main.py:195] - GlitchWarpTransformer
2026-04-04 13:30:54,160 - INFO - [main.py:195] - FractalWarpTransformer
2026-04-04 13:30:54,160 - INFO - [main.py:195] - MeltMorphTransformer
2026-04-04 13:30:54,160 - INFO - [main.py:195] - FlipWilsonTransformer
2026-04-04 13:30:54,160 - INFO - [main.py:195] - RadialWarpTransformer
2026-04-04 13:30:54,160 - INFO - [main.py:195] - OilPaintingTransformer
2026-04-04 13:30:54,160 - INFO - [main.py:195] - ThermalImagingTransformer
2026-04-04 13:30:54,160 - INFO - [main.py:195] - SwirlWarpTransformer
2026-04-04 13:30:54,160 - INFO - [main.py:195] - HalftoneTransformer
2026-04-04 13:30:54,160 - INFO - [main.py:195] - DataMoshTransformer
2026-04-04 13:30:54,160 - INFO - [main.py:195] - KaleidoscopeTransformer
2026-04-04 13:30:54,160 - INFO - [main.py:195] - FluidWarpTransformer
2026-04-04 13:30:54,160 - INFO - [main.py:195] - WheelTransformer
2026-04-04 13:30:54,160 - INFO - [main.py:195] - ChromaticAberrationTransformer
2026-04-04 13:30:54,160 - INFO - [main.py:195] - FisheyeTransformer
2026-04-04 13:30:54,160 - INFO - [main.py:195] - PosterizationTransformer
2026-04-04 13:30:54,160 - INFO - [main.py:195] - ColormapTransformer
2026-04-04 13:30:54,161 - INFO - [main.py:238] - 22s@13:30 ✓
Accepted: 52
Rejected: 7
---
Peace                      ->  4454ms
Bible                      ->  3461ms
Wiki                       ->  1469ms
Nasa                       ->  1211ms
Lojong                     ->   716ms
NasaMapGenerator           ->   643ms
GoesGenerator              ->   542ms
Bubbles                    ->   349ms
PeripheralDriftIllusion    ->   148ms
Cubes                      ->   108ms
MandalaDraw                ->    27ms
StaticMandala              ->     6ms
---
WatercolorTransformer            -> Min:    65ms | Avg:   173ms | Max:   231ms
PixelSortTransformer             -> Min:     8ms | Avg:   165ms | Max:   355ms
VoronoiTransformer               -> Min:    47ms | Avg:   148ms | Max:   304ms
GlitchWarpTransformer            -> Min:     8ms | Avg:    67ms | Max:   240ms
FractalWarpTransformer           -> Min:     6ms | Avg:    54ms | Max:   312ms
MeltMorphTransformer             -> Min:    16ms | Avg:    50ms | Max:    66ms
FlipWilsonTransformer            -> Min:    19ms | Avg:    48ms | Max:    73ms
RadialWarpTransformer            -> Min:     8ms | Avg:    43ms | Max:   152ms
OilPaintingTransformer           -> Min:     6ms | Avg:    37ms | Max:    86ms
ThermalImagingTransformer        -> Min:    24ms | Avg:    36ms | Max:    45ms
SwirlWarpTransformer             -> Min:    13ms | Avg:    36ms | Max:    47ms
HalftoneTransformer              -> Min:    14ms | Avg:    32ms | Max:    51ms
DataMoshTransformer              -> Min:     8ms | Avg:    31ms | Max:    46ms
KaleidoscopeTransformer          -> Min:     9ms | Avg:    27ms | Max:    66ms
FluidWarpTransformer             -> Min:     7ms | Avg:    27ms | Max:    43ms
WheelTransformer                 -> Min:    10ms | Avg:    25ms | Max:    35ms
ChromaticAberrationTransformer   -> Min:     8ms | Avg:    15ms | Max:    31ms
FisheyeTransformer               -> Min:     6ms | Avg:    14ms | Max:    28ms
PosterizationTransformer         -> Min:     4ms | Avg:    12ms | Max:    21ms
ColormapTransformer              -> Min:     3ms | Avg:     8ms | Max:    13ms
