2026-03-23 03:53:15,607 - INFO - [pipeline.py:136] - "FisheyeTransformer","shape=circle,strength=0.64,zoom=0.91"
2026-03-23 03:53:15,620 - INFO - [pipeline.py:136] - "ColormapTransformer","map=hot"
2026-03-23 03:53:15,642 - INFO - [pipeline.py:248] - [Grade: A] Saved to: /Users/kenfasano/Scripts/ScreenArt/Images/TransformedImages/bubbles_4-A.jpeg
2026-03-23 03:53:15,690 - INFO - [pipeline.py:136] - "ThermalImagingTransformer","thermal=True"
2026-03-23 03:53:15,709 - INFO - [pipeline.py:248] - [Grade: A] Saved to: /Users/kenfasano/Scripts/ScreenArt/Images/TransformedImages/bubbles_8-A.jpeg
2026-03-23 03:53:15,850 - INFO - [pipeline.py:136] - "OilPaintingTransformer","dyn_ratio=8,size=7"
2026-03-23 03:53:15,867 - INFO - [pipeline.py:248] - [Grade: A] Saved to: /Users/kenfasano/Scripts/ScreenArt/Images/TransformedImages/bubbles_9-A.jpeg
2026-03-23 03:53:15,893 - INFO - [pipeline.py:136] - "RadialWarpTransformer","radius=0.25,strength=38.94162993208869,style=pull"
2026-03-23 03:53:15,910 - INFO - [pipeline.py:248] - [Grade: C] Saved to: /Users/kenfasano/Scripts/ScreenArt/Images/TransformedImages/bubbles_5-C.jpeg
2026-03-23 03:53:15,954 - INFO - [pipeline.py:136] - "FractalWarpTransformer","iter=1,scale=0.05"
2026-03-23 03:53:15,967 - INFO - [pipeline.py:136] - "ColormapTransformer","map=spring"
2026-03-23 03:53:15,980 - INFO - [pipeline.py:136] - "PosterizationTransformer","levels=4"
2026-03-23 03:53:16,018 - INFO - [pipeline.py:136] - "DataMoshTransformer","intensity=0.02"
2026-03-23 03:53:16,039 - INFO - [pipeline.py:248] - [Grade: A] Saved to: /Users/kenfasano/Scripts/ScreenArt/Images/TransformedImages/bubbles_2-A.jpeg
2026-03-23 03:53:16,087 - INFO - [pipeline.py:136] - "SwirlWarpTransformer","strength=1.50"
2026-03-23 03:53:16,106 - INFO - [pipeline.py:248] - [Grade: F] Saved to: /Users/kenfasano/Scripts/ScreenArt/Images/Rejected/bubbles_3-F.jpeg
2026-03-23 03:53:16,151 - INFO - [pipeline.py:136] - "DataMoshTransformer","intensity=0.01"
2026-03-23 03:53:16,169 - INFO - [pipeline.py:248] - [Grade: A] Saved to: /Users/kenfasano/Scripts/ScreenArt/Images/TransformedImages/bubbles_10-A.jpeg
2026-03-23 03:53:16,341 - INFO - [pipeline.py:136] - "WheelTransformer","blend=normal,copies=5"
2026-03-23 03:53:16,446 - INFO - [pipeline.py:136] - "FlipWilsonTransformer","keep=bottom_right,narrow=0.28"
2026-03-23 03:53:16,840 - INFO - [pipeline.py:136] - "PixelSortTransformer","direction=cols,high=0.62,low=0.19,sort_key=saturation"
2026-03-23 03:53:16,859 - INFO - [pipeline.py:248] - [Grade: F] Saved to: /Users/kenfasano/Scripts/ScreenArt/Images/Rejected/bubbles_1-F.jpeg
2026-03-23 03:53:16,894 - INFO - [pipeline.py:136] - "GlitchWarpTransformer","intensity=0.01"
2026-03-23 03:53:16,952 - INFO - [pipeline.py:136] - "MeltMorphTransformer","intensity=0.50"
2026-03-23 03:53:17,115 - INFO - [pipeline.py:136] - "WheelTransformer","blend=normal,copies=5"
2026-03-23 03:53:17,133 - INFO - [pipeline.py:248] - [Grade: A] Saved to: /Users/kenfasano/Scripts/ScreenArt/Images/TransformedImages/bubbles_6-A.jpeg
2026-03-23 03:53:17,155 - INFO - [pipeline.py:136] - "PosterizationTransformer","levels=4"
2026-03-23 03:53:17,175 - INFO - [pipeline.py:136] - "RadialWarpTransformer","radius=0.25,strength=63.91095909561739,65.73391592336829,style=push,pull"
2026-03-23 03:53:17,210 - INFO - [pipeline.py:136] - "ThermalImagingTransformer","thermal=True"
2026-03-23 03:53:17,312 - INFO - [pipeline.py:136] - "PixelSortTransformer","direction=cols,high=0.77,low=0.29,sort_key=saturation"
2026-03-23 03:53:17,330 - INFO - [pipeline.py:248] - [Grade: C] Saved to: /Users/kenfasano/Scripts/ScreenArt/Images/TransformedImages/bubbles_7-C.jpeg
2026-03-23 03:53:17,556 - INFO - [pipeline.py:136] - "WatercolorTransformer","scale=0.85,style=psychedelic"
2026-03-23 03:53:17,661 - INFO - [pipeline.py:136] - "FlipWilsonTransformer","keep=bottom_right,narrow=0.28"
2026-03-23 03:53:17,680 - INFO - [pipeline.py:248] - [Grade: B] Saved to: /Users/kenfasano/Scripts/ScreenArt/Images/TransformedImages/cubes_2-B.jpeg
2026-03-23 03:53:17,711 - INFO - [pipeline.py:136] - "RadialWarpTransformer","radius=0.25,strength=113.70689150392913,60.03993332274818,75.78981964898263,style=push,pull,pull"
2026-03-23 03:53:17,728 - INFO - [pipeline.py:248] - [Grade: A] Saved to: /Users/kenfasano/Scripts/ScreenArt/Images/TransformedImages/cubes_3-A.jpeg
2026-03-23 03:53:17,803 - INFO - [pipeline.py:136] - "PixelSortTransformer","direction=cols,high=0.72,low=0.16,sort_key=brightness"
2026-03-23 03:53:17,820 - INFO - [pipeline.py:248] - [Grade: A] Saved to: /Users/kenfasano/Scripts/ScreenArt/Images/TransformedImages/cubes_4-A.jpeg
2026-03-23 03:53:17,932 - INFO - [pipeline.py:136] - "FlipWilsonTransformer","keep=bottom_right,narrow=0.28"
2026-03-23 03:53:17,949 - INFO - [pipeline.py:136] - "RadialWarpTransformer","radius=0.25,strength=124.87253726559068,style=push"
2026-03-23 03:53:17,965 - INFO - [pipeline.py:248] - [Grade: A] Saved to: /Users/kenfasano/Scripts/ScreenArt/Images/TransformedImages/cubes_5-A.jpeg
2026-03-23 03:53:18,081 - INFO - [pipeline.py:136] - "OilPaintingTransformer","dyn_ratio=2,size=4"
2026-03-23 03:53:18,184 - INFO - [pipeline.py:136] - "FlipWilsonTransformer","keep=bottom_right,narrow=0.28"
2026-03-23 03:53:18,223 - INFO - [pipeline.py:136] - "SwirlWarpTransformer","strength=1.50"
2026-03-23 03:53:18,240 - INFO - [pipeline.py:248] - [Grade: A] Saved to: /Users/kenfasano/Scripts/ScreenArt/Images/TransformedImages/cubes_6-A.jpeg
2026-03-23 03:53:18,261 - INFO - [pipeline.py:136] - "PosterizationTransformer","levels=4"
2026-03-23 03:53:18,309 - INFO - [pipeline.py:136] - "HalftoneTransformer","size=2"
2026-03-23 03:53:18,325 - INFO - [pipeline.py:248] - [Grade: A] Saved to: /Users/kenfasano/Scripts/ScreenArt/Images/TransformedImages/cubes_1-A.jpeg
2026-03-23 03:53:18,343 - INFO - [pipeline.py:136] - "WheelTransformer","blend=normal,copies=5"
2026-03-23 03:53:18,347 - INFO - [pipeline.py:136] - "RadialWarpTransformer","radius=0.25,strength=53.31732661088392,92.50637060393728,100.95163254184561,style=push,pull,pull"
2026-03-23 03:53:18,354 - INFO - [pipeline.py:136] - "MeltMorphTransformer","intensity=0.50"
2026-03-23 03:53:18,359 - INFO - [pipeline.py:136] - "HalftoneTransformer","size=2"
2026-03-23 03:53:18,361 - INFO - [pipeline.py:248] - [Grade: A] Saved to: /Users/kenfasano/Scripts/ScreenArt/Images/TransformedImages/aurora_Kinnunen6-A.jpg
2026-03-23 03:53:18,394 - INFO - [pipeline.py:136] - "MeltMorphTransformer","intensity=0.50"
2026-03-23 03:53:18,403 - INFO - [pipeline.py:248] - [Grade: A] Saved to: /Users/kenfasano/Scripts/ScreenArt/Images/TransformedImages/Comet67P_Rosetta_1024-A.jpg
2026-03-23 03:53:18,422 - INFO - [pipeline.py:136] - "MeltMorphTransformer","intensity=0.50"
2026-03-23 03:53:18,433 - INFO - [pipeline.py:136] - "FractalWarpTransformer","iter=1,scale=0.05"
2026-03-23 03:53:18,443 - INFO - [pipeline.py:136] - "ThermalImagingTransformer","thermal=True"
2026-03-23 03:53:18,468 - INFO - [pipeline.py:136] - "FlipWilsonTransformer","keep=bottom_right,narrow=0.28"
2026-03-23 03:53:18,473 - INFO - [pipeline.py:248] - [Grade: C] Saved to: /Users/kenfasano/Scripts/ScreenArt/Images/TransformedImages/auroraiowa_richard_big-C.jpg
2026-03-23 03:53:18,492 - INFO - [pipeline.py:136] - "FluidWarpTransformer","alpha=5.94,sigma=1.83"
2026-03-23 03:53:18,536 - INFO - [pipeline.py:136] - "OilPaintingTransformer","dyn_ratio=2,size=8"
2026-03-23 03:53:18,550 - INFO - [pipeline.py:136] - "SwirlWarpTransformer","strength=1.50"
2026-03-23 03:53:18,563 - INFO - [pipeline.py:136] - "ThermalImagingTransformer","thermal=True"
2026-03-23 03:53:18,570 - INFO - [pipeline.py:248] - [Grade: A] Saved to: /Users/kenfasano/Scripts/ScreenArt/Images/TransformedImages/iss072e574593_DonPetit1024-A.jpg
2026-03-23 03:53:18,678 - INFO - [pipeline.py:136] - "PixelSortTransformer","direction=cols,high=0.82,low=0.14,sort_key=brightness"
2026-03-23 03:53:18,710 - INFO - [pipeline.py:136] - "KaleidoscopeTransformer","cx_off=0.19,cy_off=-0.05,segments=8"
2026-03-23 03:53:18,740 - INFO - [pipeline.py:136] - "MeltMorphTransformer","intensity=0.50"
2026-03-23 03:53:18,750 - INFO - [pipeline.py:248] - [Grade: C] Saved to: /Users/kenfasano/Scripts/ScreenArt/Images/TransformedImages/GhostNebula_Jarzyna_960-C.jpg
2026-03-23 03:53:18,769 - INFO - [pipeline.py:136] - "HalftoneTransformer","size=2"
2026-03-23 03:53:18,772 - INFO - [pipeline.py:136] - "PosterizationTransformer","levels=4"
2026-03-23 03:53:18,778 - INFO - [pipeline.py:248] - [Grade: F] Saved to: /Users/kenfasano/Scripts/ScreenArt/Images/Rejected/NGC4731_leshin900-F.jpg
2026-03-23 03:53:18,838 - INFO - [pipeline.py:136] - "OilPaintingTransformer","dyn_ratio=4,size=7"
2026-03-23 03:53:18,845 - INFO - [pipeline.py:248] - [Grade: C] Saved to: /Users/kenfasano/Scripts/ScreenArt/Images/TransformedImages/BeyondEarth_Unknown_960-C.jpg
2026-03-23 03:53:18,857 - INFO - [pipeline.py:136] - "PosterizationTransformer","levels=4"
2026-03-23 03:53:18,873 - INFO - [pipeline.py:136] - "ThermalImagingTransformer","thermal=True"
2026-03-23 03:53:18,897 - INFO - [pipeline.py:136] - "KaleidoscopeTransformer","cx_off=0.07,cy_off=0.15,segments=8"
2026-03-23 03:53:18,906 - INFO - [pipeline.py:248] - [Grade: C] Saved to: /Users/kenfasano/Scripts/ScreenArt/Images/TransformedImages/NGC2442-HST-ESO-L1024c-C.jpg
2026-03-23 03:53:18,911 - INFO - [pipeline.py:136] - "PosterizationTransformer","levels=4"
2026-03-23 03:53:18,930 - INFO - [pipeline.py:136] - "PixelSortTransformer","direction=rows,high=0.77,low=0.17,sort_key=saturation"
2026-03-23 03:53:18,935 - INFO - [pipeline.py:248] - [Grade: A] Saved to: /Users/kenfasano/Scripts/ScreenArt/Images/TransformedImages/nova_rahimi-A.jpg
2026-03-23 03:53:18,961 - INFO - [pipeline.py:136] - "ThermalImagingTransformer","thermal=True"
2026-03-23 03:53:18,970 - INFO - [pipeline.py:248] - [Grade: A] Saved to: /Users/kenfasano/Scripts/ScreenArt/Images/TransformedImages/lehtonen_dennisAuroraQeqertaq2_1200-A.jpg
2026-03-23 03:53:19,007 - INFO - [pipeline.py:136] - "FlipWilsonTransformer","keep=bottom_right,narrow=0.28"
2026-03-23 03:53:19,039 - INFO - [pipeline.py:136] - "OilPaintingTransformer","dyn_ratio=4,size=4"
2026-03-23 03:53:19,045 - INFO - [pipeline.py:248] - [Grade: F] Saved to: /Users/kenfasano/Scripts/ScreenArt/Images/Rejected/emmanouilidi200mmFlashSpect950-F.jpg
2026-03-23 03:53:19,064 - INFO - [pipeline.py:136] - "PosterizationTransformer","levels=4"
2026-03-23 03:53:19,077 - INFO - [pipeline.py:136] - "ColormapTransformer","map=autumn"
2026-03-23 03:53:19,104 - INFO - [pipeline.py:136] - "FisheyeTransformer","shape=oval,strength=0.30,zoom=0.89"
2026-03-23 03:53:19,120 - INFO - [pipeline.py:248] - [Grade: F] Saved to: /Users/kenfasano/Scripts/ScreenArt/Images/Rejected/nasa_earth_2_Mexico_City_Night_Lights-F.jpeg
2026-03-23 03:53:19,157 - INFO - [pipeline.py:136] - "GlitchWarpTransformer","intensity=0.01"
2026-03-23 03:53:19,196 - INFO - [pipeline.py:136] - "ThermalImagingTransformer","thermal=True"
2026-03-23 03:53:19,239 - INFO - [pipeline.py:136] - "FluidWarpTransformer","alpha=3.08,sigma=5.50"
2026-03-23 03:53:19,258 - INFO - [pipeline.py:248] - [Grade: C] Saved to: /Users/kenfasano/Scripts/ScreenArt/Images/TransformedImages/nasa_earth_4_Bangkok_Surface_Temp_Day-C.jpeg
2026-03-23 03:53:19,375 - INFO - [pipeline.py:136] - "FlipWilsonTransformer","keep=bottom_right,narrow=0.28"
2026-03-23 03:53:19,583 - INFO - [pipeline.py:136] - "VoronoiTransformer","edge_blend=1,num_points=136"
2026-03-23 03:53:19,600 - INFO - [pipeline.py:248] - [Grade: A] Saved to: /Users/kenfasano/Scripts/ScreenArt/Images/TransformedImages/nasa_earth_1_Beijing_True_Color-A.jpeg
2026-03-23 03:53:19,625 - INFO - [pipeline.py:136] - "PosterizationTransformer","levels=4"
2026-03-23 03:53:19,647 - INFO - [pipeline.py:248] - [Grade: A] Saved to: /Users/kenfasano/Scripts/ScreenArt/Images/TransformedImages/nasa_earth_3_Mexico_City_Vegetation_False_Color-A.jpeg
2026-03-23 03:53:19,688 - INFO - [pipeline.py:136] - "KaleidoscopeTransformer","cx_off=-0.17,cy_off=0.06,segments=4"
2026-03-23 03:53:19,841 - INFO - [pipeline.py:136] - "WatercolorTransformer","scale=0.85,style=psychedelic"
2026-03-23 03:53:19,878 - INFO - [pipeline.py:136] - "MeltMorphTransformer","intensity=0.50"
2026-03-23 03:53:19,891 - INFO - [pipeline.py:248] - [Grade: A] Saved to: /Users/kenfasano/Scripts/ScreenArt/Images/TransformedImages/noaa_goes_1_se_Fire_Temperature-A.jpeg
2026-03-23 03:53:19,936 - INFO - [pipeline.py:136] - "ChromaticAberrationTransformer","angle=68.70,edge_fade=1,shift=13.60"
2026-03-23 03:53:19,957 - INFO - [pipeline.py:136] - "RadialWarpTransformer","radius=0.25,strength=121.04310663527806,style=pull"
2026-03-23 03:53:19,980 - INFO - [pipeline.py:248] - [Grade: A] Saved to: /Users/kenfasano/Scripts/ScreenArt/Images/TransformedImages/Участь_П-A.jpeg
2026-03-23 03:53:19,984 - INFO - [pipeline.py:136] - "PosterizationTransformer","levels=4"
2026-03-23 03:53:19,987 - INFO - [pipeline.py:136] - "ColormapTransformer","map=cool"
2026-03-23 03:53:19,992 - INFO - [pipeline.py:248] - [Grade: A] Saved to: /Users/kenfasano/Scripts/ScreenArt/Images/TransformedImages/Nummus_obverse_-A.jpeg
2026-03-23 03:53:20,000 - INFO - [pipeline.py:136] - "PosterizationTransformer","levels=4"
2026-03-23 03:53:20,016 - INFO - [pipeline.py:136] - "HalftoneTransformer","size=2"
2026-03-23 03:53:20,022 - INFO - [pipeline.py:136] - "RadialWarpTransformer","radius=0.25,strength=46.97557370400712,style=pull"
2026-03-23 03:53:20,031 - INFO - [pipeline.py:136] - "ChromaticAberrationTransformer","angle=9.80,edge_fade=1,shift=12.10"
2026-03-23 03:53:20,039 - INFO - [pipeline.py:248] - [Grade: A] Saved to: /Users/kenfasano/Scripts/ScreenArt/Images/TransformedImages/Holmewood_Ridge-A.jpeg
2026-03-23 03:53:20,150 - INFO - [pipeline.py:136] - "RadialWarpTransformer","radius=0.25,strength=81.21177990574301,51.26774656730139,66.65331857110289,style=push,pull,pull"
2026-03-23 03:53:20,282 - INFO - [pipeline.py:136] - "SwirlWarpTransformer","strength=1.50"
2026-03-23 03:53:20,368 - INFO - [pipeline.py:136] - "GlitchWarpTransformer","intensity=0.01"
2026-03-23 03:53:20,580 - INFO - [pipeline.py:136] - "MeltMorphTransformer","intensity=0.50"
2026-03-23 03:53:20,635 - INFO - [pipeline.py:248] - [Grade: B] Saved to: /Users/kenfasano/Scripts/ScreenArt/Images/TransformedImages/lossy-page1-192-B.jpeg
2026-03-23 03:53:20,696 - INFO - [pipeline.py:136] - "MeltMorphTransformer","intensity=0.50"
2026-03-23 03:53:20,860 - INFO - [pipeline.py:136] - "WheelTransformer","blend=normal,copies=5"
2026-03-23 03:53:20,909 - INFO - [pipeline.py:136] - "HalftoneTransformer","size=2"
2026-03-23 03:53:20,922 - INFO - [pipeline.py:136] - "PosterizationTransformer","levels=4"
2026-03-23 03:53:20,939 - INFO - [pipeline.py:248] - [Grade: A] Saved to: /Users/kenfasano/Scripts/ScreenArt/Images/TransformedImages/lojong_2-A-scatter.jpeg
2026-03-23 03:53:20,960 - INFO - [pipeline.py:136] - "PosterizationTransformer","levels=4"
2026-03-23 03:53:21,014 - INFO - [pipeline.py:136] - "MeltMorphTransformer","intensity=0.50"
2026-03-23 03:53:21,229 - INFO - [pipeline.py:136] - "WatercolorTransformer","scale=0.85,style=monet"
2026-03-23 03:53:21,248 - INFO - [pipeline.py:248] - [Grade: C] Saved to: /Users/kenfasano/Scripts/ScreenArt/Images/TransformedImages/lojong_3-C-hero.jpeg
2026-03-23 03:53:21,284 - INFO - [pipeline.py:136] - "RadialWarpTransformer","radius=0.25,strength=122.52784207276828,61.6567064959645,74.965244030729,style=push,push,pull"
2026-03-23 03:53:21,303 - INFO - [pipeline.py:248] - [Grade: A] Saved to: /Users/kenfasano/Scripts/ScreenArt/Images/TransformedImages/lojong_8-A-columns.jpeg
2026-03-23 03:53:21,338 - INFO - [pipeline.py:136] - "GlitchWarpTransformer","intensity=0.01"
2026-03-23 03:53:21,364 - INFO - [pipeline.py:136] - "FisheyeTransformer","shape=oval,strength=0.46,zoom=1.07"
2026-03-23 03:53:21,413 - INFO - [pipeline.py:136] - "HalftoneTransformer","size=2"
2026-03-23 03:53:21,427 - INFO - [pipeline.py:136] - "PosterizationTransformer","levels=4"
2026-03-23 03:53:21,443 - INFO - [pipeline.py:248] - [Grade: C] Saved to: /Users/kenfasano/Scripts/ScreenArt/Images/TransformedImages/lojong_4-C-hero.jpeg
2026-03-23 03:53:21,616 - INFO - [pipeline.py:136] - "WheelTransformer","blend=normal,copies=5"
2026-03-23 03:53:21,655 - INFO - [pipeline.py:136] - "SwirlWarpTransformer","strength=1.50"
2026-03-23 03:53:22,054 - INFO - [pipeline.py:136] - "VoronoiTransformer","edge_blend=1,num_points=314"
2026-03-23 03:53:22,090 - INFO - [pipeline.py:136] - "FractalWarpTransformer","iter=1,scale=0.05"
2026-03-23 03:53:22,110 - INFO - [pipeline.py:248] - [Grade: A] Saved to: /Users/kenfasano/Scripts/ScreenArt/Images/TransformedImages/lojong_5-A-hero.jpeg
2026-03-23 03:53:22,145 - INFO - [pipeline.py:136] - "FisheyeTransformer","shape=oval,strength=0.43,zoom=0.93"
2026-03-23 03:53:22,181 - INFO - [pipeline.py:136] - "FractalWarpTransformer","iter=1,scale=0.05"
2026-03-23 03:53:22,220 - INFO - [pipeline.py:136] - "SwirlWarpTransformer","strength=1.50"
2026-03-23 03:53:22,240 - INFO - [pipeline.py:248] - [Grade: A] Saved to: /Users/kenfasano/Scripts/ScreenArt/Images/TransformedImages/lojong_9-A-columns.jpeg
2026-03-23 03:53:22,412 - INFO - [pipeline.py:136] - "WheelTransformer","blend=normal,copies=5"
2026-03-23 03:53:22,439 - INFO - [pipeline.py:136] - "ChromaticAberrationTransformer","angle=130.50,edge_fade=1,shift=8.80"
2026-03-23 03:53:22,474 - INFO - [pipeline.py:136] - "FractalWarpTransformer","iter=1,scale=0.05"
2026-03-23 03:53:22,523 - INFO - [pipeline.py:136] - "HalftoneTransformer","size=2"
2026-03-23 03:53:22,540 - INFO - [pipeline.py:248] - [Grade: A] Saved to: /Users/kenfasano/Scripts/ScreenArt/Images/TransformedImages/lojong_6-A-columns.jpeg
2026-03-23 03:53:22,663 - INFO - [pipeline.py:136] - "PixelSortTransformer","direction=cols,high=0.68,low=0.19,sort_key=brightness"
2026-03-23 03:53:22,681 - INFO - [pipeline.py:248] - [Grade: C] Saved to: /Users/kenfasano/Scripts/ScreenArt/Images/TransformedImages/lojong_7-C-hero.jpeg
2026-03-23 03:53:22,729 - INFO - [pipeline.py:136] - "SwirlWarpTransformer","strength=1.50"
2026-03-23 03:53:22,748 - INFO - [pipeline.py:248] - [Grade: A] Saved to: /Users/kenfasano/Scripts/ScreenArt/Images/TransformedImages/lojong_0-A-hero.jpeg
2026-03-23 03:53:22,769 - INFO - [pipeline.py:136] - "PosterizationTransformer","levels=4"
2026-03-23 03:53:22,884 - INFO - [pipeline.py:136] - "OilPaintingTransformer","dyn_ratio=5,size=5"
2026-03-23 03:53:22,902 - INFO - [pipeline.py:248] - [Grade: C] Saved to: /Users/kenfasano/Scripts/ScreenArt/Images/TransformedImages/lojong_1-C-scatter.jpeg
2026-03-23 03:53:22,946 - INFO - [pipeline.py:136] - "FractalWarpTransformer","iter=1,scale=0.05"
2026-03-23 03:53:23,161 - INFO - [pipeline.py:136] - "WatercolorTransformer","scale=0.85,style=psychedelic"
2026-03-23 03:53:23,215 - INFO - [pipeline.py:136] - "MeltMorphTransformer","intensity=0.50"
2026-03-23 03:53:23,234 - INFO - [pipeline.py:248] - [Grade: C] Saved to: /Users/kenfasano/Scripts/ScreenArt/Images/TransformedImages/psalms_150-C-hero.jpeg
2026-03-23 03:53:23,468 - INFO - [pipeline.py:136] - "WatercolorTransformer","scale=0.85,style=psychedelic"
2026-03-23 03:53:23,685 - INFO - [pipeline.py:136] - "VoronoiTransformer","edge_blend=1,num_points=162"
2026-03-23 03:53:23,698 - INFO - [pipeline.py:136] - "ColormapTransformer","map=spring"
2026-03-23 03:53:23,718 - INFO - [pipeline.py:248] - [Grade: A] Saved to: /Users/kenfasano/Scripts/ScreenArt/Images/TransformedImages/psalms_57-A-tile.jpeg
2026-03-23 03:53:23,936 - INFO - [pipeline.py:136] - "PixelSortTransformer","direction=cols,high=0.61,low=0.26,sort_key=brightness"
2026-03-23 03:53:23,955 - INFO - [pipeline.py:248] - [Grade: A] Saved to: /Users/kenfasano/Scripts/ScreenArt/Images/TransformedImages/psalms_46-A-tile.jpeg
2026-03-23 03:53:24,366 - INFO - [pipeline.py:136] - "VoronoiTransformer","edge_blend=1,num_points=320"
2026-03-23 03:53:24,530 - INFO - [pipeline.py:136] - "WheelTransformer","blend=normal,copies=5"
2026-03-23 03:53:24,585 - INFO - [pipeline.py:136] - "MeltMorphTransformer","intensity=0.50"
2026-03-23 03:53:24,606 - INFO - [pipeline.py:248] - [Grade: A] Saved to: /Users/kenfasano/Scripts/ScreenArt/Images/TransformedImages/psalms_101-A-columns.jpeg
2026-03-23 03:53:24,669 - INFO - [pipeline.py:136] - "MeltMorphTransformer","intensity=0.50"
2026-03-23 03:53:24,723 - INFO - [pipeline.py:136] - "KaleidoscopeTransformer","cx_off=-0.14,cy_off=0.10,segments=8"
2026-03-23 03:53:24,743 - INFO - [pipeline.py:248] - [Grade: C] Saved to: /Users/kenfasano/Scripts/ScreenArt/Images/TransformedImages/psalms_84-C-columns.jpeg
2026-03-23 03:53:24,807 - INFO - [pipeline.py:136] - "HalftoneTransformer","size=2"
2026-03-23 03:53:24,862 - INFO - [pipeline.py:136] - "MeltMorphTransformer","intensity=0.50"
2026-03-23 03:53:24,886 - INFO - [pipeline.py:136] - "RadialWarpTransformer","radius=0.25,strength=133.49903038366844,102.13970742791038,121.7320829291029,style=pull,push,pull"
2026-03-23 03:53:24,906 - INFO - [pipeline.py:248] - [Grade: A] Saved to: /Users/kenfasano/Scripts/ScreenArt/Images/TransformedImages/psalms_69-A-columns.jpeg
2026-03-23 03:53:24,927 - INFO - [pipeline.py:136] - "PosterizationTransformer","levels=4"
2026-03-23 03:53:24,981 - INFO - [pipeline.py:136] - "MeltMorphTransformer","intensity=0.50"
2026-03-23 03:53:25,020 - INFO - [pipeline.py:136] - "SwirlWarpTransformer","strength=1.50"
2026-03-23 03:53:25,038 - INFO - [pipeline.py:248] - [Grade: C] Saved to: /Users/kenfasano/Scripts/ScreenArt/Images/TransformedImages/psalms_49-C-hero.jpeg
2026-03-23 03:53:25,085 - INFO - [pipeline.py:136] - "SwirlWarpTransformer","strength=1.50"
2026-03-23 03:53:25,099 - INFO - [pipeline.py:136] - "ColormapTransformer","map=winter"
2026-03-23 03:53:25,299 - INFO - [pipeline.py:136] - "VoronoiTransformer","edge_blend=1,num_points=148"
2026-03-23 03:53:25,336 - INFO - [pipeline.py:136] - "ThermalImagingTransformer","thermal=True"
2026-03-23 03:53:25,354 - INFO - [pipeline.py:248] - [Grade: C] Saved to: /Users/kenfasano/Scripts/ScreenArt/Images/TransformedImages/psalms_148-C-tile.jpeg
2026-03-23 03:53:25,400 - INFO - [pipeline.py:136] - "FractalWarpTransformer","iter=1,scale=0.05"
2026-03-23 03:53:25,419 - INFO - [pipeline.py:248] - [Grade: A] Saved to: /Users/kenfasano/Scripts/ScreenArt/Images/TransformedImages/psalms_22-A-hero.jpeg
2026-03-23 03:53:25,442 - INFO - [pipeline.py:136] - "PosterizationTransformer","levels=4"
2026-03-23 03:53:25,462 - INFO - [pipeline.py:248] - [Grade: A] Saved to: /Users/kenfasano/Scripts/ScreenArt/Images/TransformedImages/psalms_38-A-tile.jpeg
2026-03-23 03:53:25,501 - INFO - [pipeline.py:136] - "OilPaintingTransformer","dyn_ratio=7,size=4"
2026-03-23 03:53:25,506 - INFO - [pipeline.py:136] - "ColormapTransformer","map=jet"
2026-03-23 03:53:25,518 - INFO - [pipeline.py:136] - "ThermalImagingTransformer","thermal=True"
2026-03-23 03:53:25,526 - INFO - [pipeline.py:248] - [Grade: B] Saved to: /Users/kenfasano/Scripts/ScreenArt/Images/TransformedImages/peripheral_drift_18-B.jpeg
2026-03-23 03:53:25,535 - INFO - [pipeline.py:136] - "ColormapTransformer","map=autumn"
2026-03-23 03:53:25,548 - INFO - [pipeline.py:136] - "ThermalImagingTransformer","thermal=True"
2026-03-23 03:53:25,738 - INFO - [pipeline.py:136] - "MeltMorphTransformer","intensity=0.50"
2026-03-23 03:53:25,762 - INFO - [pipeline.py:248] - [Grade: A] Saved to: /Users/kenfasano/Scripts/ScreenArt/Images/TransformedImages/peripheral_drift_2-A.jpeg
2026-03-23 03:53:25,778 - INFO - [pipeline.py:136] - "ColormapTransformer","map=bone"
2026-03-23 03:53:25,785 - INFO - [pipeline.py:248] - [Grade: A] Saved to: /Users/kenfasano/Scripts/ScreenArt/Images/TransformedImages/peripheral_drift_14-A.jpeg
2026-03-23 03:53:25,799 - INFO - [pipeline.py:136] - "ChromaticAberrationTransformer","angle=81.80,edge_fade=1,shift=17.70"
2026-03-23 03:53:25,846 - INFO - [pipeline.py:136] - "VoronoiTransformer","edge_blend=1,num_points=67"
2026-03-23 03:53:25,855 - INFO - [pipeline.py:248] - [Grade: A] Saved to: /Users/kenfasano/Scripts/ScreenArt/Images/TransformedImages/peripheral_drift_15-A.jpeg
2026-03-23 03:53:25,864 - INFO - [pipeline.py:136] - "ColormapTransformer","map=autumn"
2026-03-23 03:53:25,872 - INFO - [pipeline.py:248] - [Grade: A] Saved to: /Users/kenfasano/Scripts/ScreenArt/Images/TransformedImages/peripheral_drift_3-A.jpeg
2026-03-23 03:53:25,887 - INFO - [pipeline.py:136] - "DataMoshTransformer","intensity=0.01"
2026-03-23 03:53:25,896 - INFO - [pipeline.py:136] - "GlitchWarpTransformer","intensity=0.01"
2026-03-23 03:53:25,917 - INFO - [pipeline.py:136] - "KaleidoscopeTransformer","cx_off=0.08,cy_off=0.12,segments=4"
2026-03-23 03:53:25,929 - INFO - [pipeline.py:248] - [Grade: A] Saved to: /Users/kenfasano/Scripts/ScreenArt/Images/TransformedImages/peripheral_drift_19-A.jpeg
2026-03-23 03:53:26,039 - INFO - [pipeline.py:136] - "PixelSortTransformer","direction=cols,high=0.80,low=0.25,sort_key=brightness"
2026-03-23 03:53:26,044 - INFO - [pipeline.py:136] - "ColormapTransformer","map=bone"
2026-03-23 03:53:26,055 - INFO - [pipeline.py:136] - "RadialWarpTransformer","radius=0.25,strength=116.97548177786936,98.40285282203155,66.44290286175304,style=push,push,pull"
2026-03-23 03:53:26,062 - INFO - [pipeline.py:248] - [Grade: A] Saved to: /Users/kenfasano/Scripts/ScreenArt/Images/TransformedImages/peripheral_drift_12-A.jpeg
2026-03-23 03:53:26,076 - INFO - [pipeline.py:136] - "RadialWarpTransformer","radius=0.25,strength=125.23630725548115,81.43690234066794,87.33454374624044,style=pull,push,pull"
2026-03-23 03:53:26,085 - INFO - [pipeline.py:136] - "ChromaticAberrationTransformer","angle=225.80,edge_fade=1,shift=13.50"
2026-03-23 03:53:26,093 - INFO - [pipeline.py:248] - [Grade: A] Saved to: /Users/kenfasano/Scripts/ScreenArt/Images/TransformedImages/peripheral_drift_8-A.jpeg
2026-03-23 03:53:26,151 - INFO - [pipeline.py:136] - "WheelTransformer","blend=normal,copies=5"
2026-03-23 03:53:26,160 - INFO - [pipeline.py:136] - "ChromaticAberrationTransformer","angle=106.10,edge_fade=1,shift=13.60"
2026-03-23 03:53:26,167 - INFO - [pipeline.py:248] - [Grade: A] Saved to: /Users/kenfasano/Scripts/ScreenArt/Images/TransformedImages/peripheral_drift_4-A.jpeg
2026-03-23 03:53:26,182 - INFO - [pipeline.py:136] - "FluidWarpTransformer","alpha=8.61,sigma=3.95"
2026-03-23 03:53:26,196 - INFO - [pipeline.py:136] - "SwirlWarpTransformer","strength=1.50"
2026-03-23 03:53:26,202 - INFO - [pipeline.py:136] - "ColormapTransformer","map=rainbow"
2026-03-23 03:53:26,209 - INFO - [pipeline.py:248] - [Grade: A] Saved to: /Users/kenfasano/Scripts/ScreenArt/Images/TransformedImages/peripheral_drift_5-A.jpeg
2026-03-23 03:53:26,231 - INFO - [pipeline.py:136] - "MeltMorphTransformer","intensity=0.50"
2026-03-23 03:53:26,238 - INFO - [pipeline.py:248] - [Grade: A] Saved to: /Users/kenfasano/Scripts/ScreenArt/Images/TransformedImages/peripheral_drift_9-A.jpeg
2026-03-23 03:53:26,264 - INFO - [pipeline.py:136] - "ThermalImagingTransformer","thermal=True"
2026-03-23 03:53:26,272 - INFO - [pipeline.py:136] - "ChromaticAberrationTransformer","angle=52.90,edge_fade=1,shift=16.90"
2026-03-23 03:53:26,280 - INFO - [pipeline.py:248] - [Grade: A] Saved to: /Users/kenfasano/Scripts/ScreenArt/Images/TransformedImages/peripheral_drift_13-A.jpeg
2026-03-23 03:53:26,289 - INFO - [pipeline.py:136] - "ColormapTransformer","map=hsv"
2026-03-23 03:53:26,301 - INFO - [pipeline.py:136] - "ThermalImagingTransformer","thermal=True"
2026-03-23 03:53:26,319 - INFO - [pipeline.py:136] - "KaleidoscopeTransformer","cx_off=-0.09,cy_off=-0.04,segments=8"
2026-03-23 03:53:26,327 - INFO - [pipeline.py:248] - [Grade: B] Saved to: /Users/kenfasano/Scripts/ScreenArt/Images/TransformedImages/peripheral_drift_10-B.jpeg
2026-03-23 03:53:26,434 - INFO - [pipeline.py:136] - "VoronoiTransformer","edge_blend=1,num_points=213"
2026-03-23 03:53:26,443 - INFO - [pipeline.py:136] - "ChromaticAberrationTransformer","angle=222.70,edge_fade=1,shift=14.80"
2026-03-23 03:53:26,451 - INFO - [pipeline.py:248] - [Grade: C] Saved to: /Users/kenfasano/Scripts/ScreenArt/Images/TransformedImages/peripheral_drift_6-C.jpeg
2026-03-23 03:53:26,465 - INFO - [pipeline.py:136] - "FluidWarpTransformer","alpha=10.97,sigma=1.92"
2026-03-23 03:53:26,472 - INFO - [pipeline.py:248] - [Grade: A] Saved to: /Users/kenfasano/Scripts/ScreenArt/Images/TransformedImages/peripheral_drift_7-A.jpeg
2026-03-23 03:53:26,500 - INFO - [pipeline.py:136] - "SwirlWarpTransformer","strength=1.50"
2026-03-23 03:53:26,508 - INFO - [pipeline.py:248] - [Grade: A] Saved to: /Users/kenfasano/Scripts/ScreenArt/Images/TransformedImages/peripheral_drift_11-A.jpeg
2026-03-23 03:53:26,524 - INFO - [pipeline.py:136] - "ThermalImagingTransformer","thermal=True"
2026-03-23 03:53:26,532 - INFO - [pipeline.py:248] - [Grade: C] Saved to: /Users/kenfasano/Scripts/ScreenArt/Images/TransformedImages/peripheral_drift_20-C.jpeg
2026-03-23 03:53:26,583 - INFO - [pipeline.py:136] - "OilPaintingTransformer","dyn_ratio=8,size=6"
2026-03-23 03:53:26,591 - INFO - [pipeline.py:136] - "FisheyeTransformer","shape=oval,strength=0.72,zoom=0.98"
2026-03-23 03:53:26,633 - INFO - [pipeline.py:136] - "PixelSortTransformer","direction=rows,high=0.93,low=0.16,sort_key=brightness"
2026-03-23 03:53:26,693 - INFO - [pipeline.py:136] - "WheelTransformer","blend=normal,copies=5"
2026-03-23 03:53:26,702 - INFO - [pipeline.py:248] - [Grade: A] Saved to: /Users/kenfasano/Scripts/ScreenArt/Images/TransformedImages/peripheral_drift_16-A.jpeg
2026-03-23 03:53:26,719 - INFO - [pipeline.py:136] - "ThermalImagingTransformer","thermal=True"
2026-03-23 03:53:26,728 - INFO - [pipeline.py:248] - [Grade: A] Saved to: /Users/kenfasano/Scripts/ScreenArt/Images/TransformedImages/peripheral_drift_17-A.jpeg
2026-03-23 03:53:26,738 - INFO - [pipeline.py:136] - "FisheyeTransformer","shape=circle,strength=0.34,zoom=1.09"
2026-03-23 03:53:26,751 - INFO - [pipeline.py:136] - "DataMoshTransformer","intensity=0.01"
2026-03-23 03:53:26,764 - INFO - [pipeline.py:136] - "FractalWarpTransformer","iter=1,scale=0.05"
2026-03-23 03:53:26,802 - INFO - [pipeline.py:136] - "OilPaintingTransformer","dyn_ratio=7,size=6"
2026-03-23 03:53:26,809 - INFO - [pipeline.py:248] - [Grade: A] Saved to: /Users/kenfasano/Scripts/ScreenArt/Images/TransformedImages/peripheral_drift_1-A.jpeg
2026-03-23 03:53:26,810 - INFO - [main.py:186] - VoronoiTransformer
2026-03-23 03:53:26,810 - INFO - [main.py:186] - WatercolorTransformer
2026-03-23 03:53:26,810 - INFO - [main.py:186] - PixelSortTransformer
2026-03-23 03:53:26,810 - INFO - [main.py:186] - WheelTransformer
2026-03-23 03:53:26,810 - INFO - [main.py:186] - FlipWilsonTransformer
2026-03-23 03:53:26,810 - INFO - [main.py:186] - OilPaintingTransformer
2026-03-23 03:53:26,810 - INFO - [main.py:186] - MeltMorphTransformer
2026-03-23 03:53:26,810 - INFO - [main.py:186] - SwirlWarpTransformer
2026-03-23 03:53:26,810 - INFO - [main.py:186] - GlitchWarpTransformer
2026-03-23 03:53:26,810 - INFO - [main.py:186] - HalftoneTransformer
2026-03-23 03:53:26,810 - INFO - [main.py:186] - KaleidoscopeTransformer
2026-03-23 03:53:26,810 - INFO - [main.py:186] - FractalWarpTransformer
2026-03-23 03:53:26,810 - INFO - [main.py:186] - DataMoshTransformer
2026-03-23 03:53:26,810 - INFO - [main.py:186] - FisheyeTransformer
2026-03-23 03:53:26,810 - INFO - [main.py:186] - RadialWarpTransformer
2026-03-23 03:53:26,810 - INFO - [main.py:186] - ThermalImagingTransformer
2026-03-23 03:53:26,810 - INFO - [main.py:186] - FluidWarpTransformer
2026-03-23 03:53:26,810 - INFO - [main.py:186] - ChromaticAberrationTransformer
2026-03-23 03:53:26,810 - INFO - [main.py:186] - PosterizationTransformer
2026-03-23 03:53:26,810 - INFO - [main.py:186] - ColormapTransformer
2026-03-23 03:53:26,810 - INFO - [main.py:229] - 26s@03:53 ✓
Accepted: 71
Rejected: 5
---
Bible                      ->  6072ms
Wiki                       ->  2927ms
Lojong                     ->  2262ms
NasaMapGenerator           ->  1585ms
Nasa                       ->  1089ms
GoesGenerator              ->   582ms
Bubbles                    ->   469ms
Cubes                      ->   310ms
PeripheralDriftIllusion    ->   304ms
---
VoronoiTransformer               -> Min:    47ms | Avg:   225ms | Max:   399ms
WatercolorTransformer            -> Min:   153ms | Avg:   205ms | Max:   226ms
PixelSortTransformer             -> Min:    19ms | Avg:   127ms | Max:   394ms
WheelTransformer                 -> Min:    17ms | Avg:   124ms | Max:   165ms
FlipWilsonTransformer            -> Min:    25ms | Avg:    83ms | Max:   105ms
OilPaintingTransformer           -> Min:    32ms | Avg:    67ms | Max:   133ms
MeltMorphTransformer             -> Min:     7ms | Avg:    61ms | Max:   212ms
SwirlWarpTransformer             -> Min:    14ms | Avg:    42ms | Max:   131ms
GlitchWarpTransformer            -> Min:     9ms | Avg:    36ms | Max:    86ms
HalftoneTransformer              -> Min:     5ms | Avg:    35ms | Max:    49ms
KaleidoscopeTransformer          -> Min:    18ms | Avg:    31ms | Max:    53ms
FractalWarpTransformer           -> Min:    11ms | Avg:    30ms | Max:    37ms
DataMoshTransformer              -> Min:    12ms | Avg:    25ms | Max:    38ms
FisheyeTransformer               -> Min:     8ms | Avg:    24ms | Max:    47ms
RadialWarpTransformer            -> Min:     3ms | Avg:    22ms | Max:    86ms
ThermalImagingTransformer        -> Min:     9ms | Avg:    20ms | Max:    39ms
FluidWarpTransformer             -> Min:    10ms | Avg:    19ms | Max:    43ms
ChromaticAberrationTransformer   -> Min:     9ms | Avg:    14ms | Max:    34ms
PosterizationTransformer         -> Min:     2ms | Avg:    10ms | Max:    14ms
ColormapTransformer              -> Min:     3ms | Avg:     8ms | Max:    13ms
