2026-03-23 14:37:51,469 - INFO - [pipeline.py:136] - "SwirlWarpTransformer","strength=1.50"
2026-03-23 14:37:51,546 - INFO - [pipeline.py:136] - "MeltMorphTransformer","intensity=0.50"
2026-03-23 14:37:51,573 - INFO - [pipeline.py:248] - [Grade: C] Saved to: /Users/kenfasano/Scripts/ScreenArt/Images/TransformedImages/bubbles_4-C.jpeg
2026-03-23 14:37:51,619 - INFO - [pipeline.py:136] - "DataMoshTransformer","intensity=0.01"
2026-03-23 14:37:51,661 - INFO - [pipeline.py:136] - "ThermalImagingTransformer","thermal=True"
2026-03-23 14:37:51,723 - INFO - [pipeline.py:136] - "FlipWilsonTransformer","keep=left,narrow=0.36"
2026-03-23 14:37:51,744 - INFO - [pipeline.py:248] - [Grade: A] Saved to: /Users/kenfasano/Scripts/ScreenArt/Images/TransformedImages/bubbles_8-A.jpeg
2026-03-23 14:37:51,789 - INFO - [pipeline.py:136] - "ThermalImagingTransformer","thermal=True"
2026-03-23 14:37:51,809 - INFO - [pipeline.py:248] - [Grade: A] Saved to: /Users/kenfasano/Scripts/ScreenArt/Images/TransformedImages/bubbles_9-A.jpeg
2026-03-23 14:37:51,864 - INFO - [pipeline.py:136] - "HalftoneTransformer","size=2"
2026-03-23 14:37:51,900 - INFO - [pipeline.py:136] - "ThermalImagingTransformer","thermal=True"
2026-03-23 14:37:51,934 - INFO - [pipeline.py:136] - "WheelTransformer","blend=normal,copies=4"
2026-03-23 14:37:51,994 - INFO - [pipeline.py:136] - "FlipWilsonTransformer","keep=left,narrow=0.36"
2026-03-23 14:37:52,014 - INFO - [pipeline.py:248] - [Grade: A] Saved to: /Users/kenfasano/Scripts/ScreenArt/Images/TransformedImages/bubbles_5-A.jpeg
2026-03-23 14:37:52,081 - INFO - [pipeline.py:136] - "FlipWilsonTransformer","keep=left,narrow=0.36"
2026-03-23 14:37:52,118 - INFO - [pipeline.py:136] - "DataMoshTransformer","intensity=0.01"
2026-03-23 14:37:52,151 - INFO - [pipeline.py:136] - "WheelTransformer","blend=normal,copies=4"
2026-03-23 14:37:52,170 - INFO - [pipeline.py:248] - [Grade: A] Saved to: /Users/kenfasano/Scripts/ScreenArt/Images/TransformedImages/bubbles_2-A.jpeg
2026-03-23 14:37:52,207 - INFO - [pipeline.py:136] - "GlitchWarpTransformer","intensity=0.01"
2026-03-23 14:37:52,242 - INFO - [pipeline.py:136] - "FractalWarpTransformer","iter=1,scale=0.05"
2026-03-23 14:37:52,279 - INFO - [pipeline.py:136] - "ThermalImagingTransformer","thermal=True"
2026-03-23 14:37:52,298 - INFO - [pipeline.py:248] - [Grade: A] Saved to: /Users/kenfasano/Scripts/ScreenArt/Images/TransformedImages/bubbles_3-A.jpeg
2026-03-23 14:37:52,344 - INFO - [pipeline.py:136] - "DataMoshTransformer","intensity=0.01"
2026-03-23 14:37:52,400 - INFO - [pipeline.py:136] - "MeltMorphTransformer","intensity=0.50"
2026-03-23 14:37:52,434 - INFO - [pipeline.py:136] - "WheelTransformer","blend=normal,copies=4"
2026-03-23 14:37:52,449 - INFO - [pipeline.py:136] - "ColormapTransformer","map=spring"
2026-03-23 14:37:52,469 - INFO - [pipeline.py:248] - [Grade: A] Saved to: /Users/kenfasano/Scripts/ScreenArt/Images/TransformedImages/bubbles_10-A.jpeg
2026-03-23 14:37:52,490 - INFO - [pipeline.py:136] - "ColormapTransformer","map=cool"
2026-03-23 14:37:52,562 - INFO - [pipeline.py:136] - "MeltMorphTransformer","intensity=0.50"
2026-03-23 14:37:52,599 - INFO - [pipeline.py:248] - [Grade: C] Saved to: /Users/kenfasano/Scripts/ScreenArt/Images/TransformedImages/bubbles_1-C.jpeg
2026-03-23 14:37:52,679 - INFO - [pipeline.py:136] - "HalftoneTransformer","size=2"
2026-03-23 14:37:52,720 - INFO - [pipeline.py:136] - "DataMoshTransformer","intensity=0.02"
2026-03-23 14:37:52,774 - INFO - [pipeline.py:136] - "MeltMorphTransformer","intensity=0.50"
2026-03-23 14:37:52,810 - INFO - [pipeline.py:136] - "FisheyeTransformer","shape=circle,strength=0.49,zoom=0.92"
2026-03-23 14:37:52,830 - INFO - [pipeline.py:248] - [Grade: A] Saved to: /Users/kenfasano/Scripts/ScreenArt/Images/TransformedImages/bubbles_6-A.jpeg
2026-03-23 14:37:52,880 - INFO - [pipeline.py:136] - "ThermalImagingTransformer","thermal=True"
2026-03-23 14:37:52,914 - INFO - [pipeline.py:136] - "FractalWarpTransformer","iter=1,scale=0.05"
2026-03-23 14:37:52,931 - INFO - [pipeline.py:136] - "RadialWarpTransformer","radius=0.25,strength=54.35035714724709,style=pull"
2026-03-23 14:37:52,949 - INFO - [pipeline.py:248] - [Grade: C] Saved to: /Users/kenfasano/Scripts/ScreenArt/Images/TransformedImages/bubbles_7-C.jpeg
2026-03-23 14:37:53,068 - INFO - [pipeline.py:136] - "OilPaintingTransformer","dyn_ratio=8,size=4"
2026-03-23 14:37:53,100 - INFO - [pipeline.py:136] - "WheelTransformer","blend=normal,copies=4"
2026-03-23 14:37:53,117 - INFO - [pipeline.py:248] - [Grade: A] Saved to: /Users/kenfasano/Scripts/ScreenArt/Images/TransformedImages/cubes_2-A.jpeg
2026-03-23 14:37:53,150 - INFO - [pipeline.py:136] - "RadialWarpTransformer","radius=0.25,strength=129.13991854552057,135.47640549980724,136.54664151838432,style=pull,pull,push"
2026-03-23 14:37:53,167 - INFO - [pipeline.py:248] - [Grade: A] Saved to: /Users/kenfasano/Scripts/ScreenArt/Images/TransformedImages/cubes_3-A.jpeg
2026-03-23 14:37:53,225 - INFO - [pipeline.py:136] - "KaleidoscopeTransformer","cx_off=-0.12,cy_off=-0.07,segments=8"
2026-03-23 14:37:53,243 - INFO - [pipeline.py:248] - [Grade: A] Saved to: /Users/kenfasano/Scripts/ScreenArt/Images/TransformedImages/cubes_4-A.jpeg
2026-03-23 14:37:53,263 - INFO - [pipeline.py:136] - "ColormapTransformer","map=ocean"
2026-03-23 14:37:53,280 - INFO - [pipeline.py:248] - [Grade: A] Saved to: /Users/kenfasano/Scripts/ScreenArt/Images/TransformedImages/cubes_5-A.jpeg
2026-03-23 14:37:53,346 - INFO - [pipeline.py:136] - "FlipWilsonTransformer","keep=left,narrow=0.36"
2026-03-23 14:37:53,482 - INFO - [pipeline.py:136] - "OilPaintingTransformer","dyn_ratio=4,size=4"
2026-03-23 14:37:53,537 - INFO - [pipeline.py:136] - "KaleidoscopeTransformer","cx_off=0.18,cy_off=-0.15,segments=8"
2026-03-23 14:37:53,572 - INFO - [pipeline.py:136] - "FractalWarpTransformer","iter=1,scale=0.05"
2026-03-23 14:37:53,590 - INFO - [pipeline.py:248] - [Grade: A] Saved to: /Users/kenfasano/Scripts/ScreenArt/Images/TransformedImages/cubes_6-A.jpeg
2026-03-23 14:37:53,630 - INFO - [pipeline.py:136] - "FluidWarpTransformer","alpha=13.17,sigma=1.83"
2026-03-23 14:37:53,647 - INFO - [pipeline.py:136] - "RadialWarpTransformer","radius=0.25,strength=138.84177190162518,style=pull"
2026-03-23 14:37:53,664 - INFO - [pipeline.py:248] - [Grade: A] Saved to: /Users/kenfasano/Scripts/ScreenArt/Images/TransformedImages/cubes_1-A.jpeg
2026-03-23 14:37:53,687 - INFO - [pipeline.py:136] - "GlitchWarpTransformer","intensity=0.01"
2026-03-23 14:37:53,699 - INFO - [pipeline.py:248] - [Grade: A] Saved to: /Users/kenfasano/Scripts/ScreenArt/Images/TransformedImages/MwMountains_Havel_960-A.jpg
2026-03-23 14:37:53,786 - INFO - [pipeline.py:136] - "VoronoiTransformer","edge_blend=1,num_points=176"
2026-03-23 14:37:53,799 - INFO - [pipeline.py:136] - "DataMoshTransformer","intensity=0.02"
2026-03-23 14:37:53,807 - INFO - [pipeline.py:248] - [Grade: C] Saved to: /Users/kenfasano/Scripts/ScreenArt/Images/TransformedImages/plutomoons_hubble_960-C.jpg
2026-03-23 14:37:53,832 - INFO - [pipeline.py:136] - "ChromaticAberrationTransformer","angle=120.40,edge_fade=1,shift=17.50"
2026-03-23 14:37:53,909 - INFO - [pipeline.py:136] - "PixelSortTransformer","direction=rows,high=0.66,low=0.15,sort_key=brightness"
2026-03-23 14:37:53,940 - INFO - [pipeline.py:136] - "KaleidoscopeTransformer","cx_off=0.18,cy_off=-0.15,segments=8"
2026-03-23 14:37:53,951 - INFO - [pipeline.py:248] - [Grade: C] Saved to: /Users/kenfasano/Scripts/ScreenArt/Images/TransformedImages/CometSwan_Rhemann_960-C.jpg
2026-03-23 14:37:53,959 - INFO - [pipeline.py:136] - "FisheyeTransformer","shape=oval,strength=0.35,zoom=0.88"
2026-03-23 14:37:53,965 - INFO - [pipeline.py:248] - [Grade: A] Saved to: /Users/kenfasano/Scripts/ScreenArt/Images/TransformedImages/ISS020-E-9050_52ana_public800-A.jpg
2026-03-23 14:37:53,979 - INFO - [pipeline.py:136] - "DataMoshTransformer","intensity=0.01"
2026-03-23 14:37:53,985 - INFO - [pipeline.py:248] - [Grade: A] Saved to: /Users/kenfasano/Scripts/ScreenArt/Images/TransformedImages/m27_snyder_900-A.jpg
2026-03-23 14:37:54,181 - INFO - [pipeline.py:136] - "VoronoiTransformer","edge_blend=1,num_points=226"
2026-03-23 14:37:54,261 - INFO - [pipeline.py:136] - "OilPaintingTransformer","dyn_ratio=2,size=6"
2026-03-23 14:37:54,273 - INFO - [pipeline.py:248] - [Grade: A] Saved to: /Users/kenfasano/Scripts/ScreenArt/Images/TransformedImages/aurorayellowknife_takasaka-A.jpg
2026-03-23 14:37:54,287 - INFO - [pipeline.py:136] - "WheelTransformer","blend=normal,copies=4"
2026-03-23 14:37:54,294 - INFO - [pipeline.py:248] - [Grade: A] Saved to: /Users/kenfasano/Scripts/ScreenArt/Images/TransformedImages/IC443-DW950d-A.jpg
2026-03-23 14:37:54,308 - INFO - [pipeline.py:136] - "WheelTransformer","blend=normal,copies=4"
2026-03-23 14:37:54,322 - INFO - [pipeline.py:136] - "SwirlWarpTransformer","strength=1.50"
2026-03-23 14:37:54,329 - INFO - [pipeline.py:248] - [Grade: A] Saved to: /Users/kenfasano/Scripts/ScreenArt/Images/TransformedImages/DuelingBands_Dai_960-A.jpg
2026-03-23 14:37:54,353 - INFO - [pipeline.py:136] - "HalftoneTransformer","size=2"
2026-03-23 14:37:54,359 - INFO - [pipeline.py:248] - [Grade: A] Saved to: /Users/kenfasano/Scripts/ScreenArt/Images/TransformedImages/iss040e017069_1024-A.jpg
2026-03-23 14:37:54,407 - INFO - [pipeline.py:136] - "OilPaintingTransformer","dyn_ratio=2,size=8"
2026-03-23 14:37:54,417 - INFO - [pipeline.py:136] - "FractalWarpTransformer","iter=1,scale=0.05"
2026-03-23 14:37:54,426 - INFO - [pipeline.py:136] - "WheelTransformer","blend=normal,copies=4"
2026-03-23 14:37:54,431 - INFO - [pipeline.py:248] - [Grade: C] Saved to: /Users/kenfasano/Scripts/ScreenArt/Images/TransformedImages/a2218_hstkelly-C.jpg
2026-03-23 14:37:54,495 - INFO - [pipeline.py:136] - "PixelSortTransformer","direction=cols,high=0.86,low=0.31,sort_key=green"
2026-03-23 14:37:54,503 - INFO - [pipeline.py:248] - [Grade: C] Saved to: /Users/kenfasano/Scripts/ScreenArt/Images/TransformedImages/ngc6188_boren950-C.jpg
2026-03-23 14:37:54,574 - INFO - [pipeline.py:136] - "FlipWilsonTransformer","keep=left,narrow=0.36"
2026-03-23 14:37:54,607 - INFO - [pipeline.py:136] - "WheelTransformer","blend=normal,copies=4"
2026-03-23 14:37:54,626 - INFO - [pipeline.py:248] - [Grade: A] Saved to: /Users/kenfasano/Scripts/ScreenArt/Images/TransformedImages/nasa_earth_3_Los_Angeles_Vegetation_False_Color-A.jpeg
2026-03-23 14:37:54,644 - INFO - [pipeline.py:136] - "ColormapTransformer","map=spring"
2026-03-23 14:37:54,769 - INFO - [pipeline.py:136] - "OilPaintingTransformer","dyn_ratio=1,size=5"
2026-03-23 14:37:54,817 - INFO - [pipeline.py:136] - "HalftoneTransformer","size=2"
2026-03-23 14:37:54,833 - INFO - [pipeline.py:248] - [Grade: F] Saved to: /Users/kenfasano/Scripts/ScreenArt/Images/Rejected/nasa_earth_2_Jakarta_Night_Lights-F.jpeg
2026-03-23 14:37:54,879 - INFO - [pipeline.py:136] - "FractalWarpTransformer","iter=1,scale=0.05"
2026-03-23 14:37:54,905 - INFO - [pipeline.py:136] - "ChromaticAberrationTransformer","angle=251.90,edge_fade=1,shift=15.20"
2026-03-23 14:37:54,926 - INFO - [pipeline.py:248] - [Grade: A] Saved to: /Users/kenfasano/Scripts/ScreenArt/Images/TransformedImages/nasa_earth_4_Moscow_Surface_Temp_Day-A.jpeg
2026-03-23 14:37:55,141 - INFO - [pipeline.py:136] - "VoronoiTransformer","edge_blend=1,num_points=151"
2026-03-23 14:37:55,169 - INFO - [pipeline.py:136] - "GlitchWarpTransformer","intensity=0.01"
2026-03-23 14:37:55,207 - INFO - [pipeline.py:136] - "DataMoshTransformer","intensity=0.02"
2026-03-23 14:37:55,286 - INFO - [pipeline.py:136] - "FlipWilsonTransformer","keep=left,narrow=0.36"
2026-03-23 14:37:55,304 - INFO - [pipeline.py:248] - [Grade: B] Saved to: /Users/kenfasano/Scripts/ScreenArt/Images/TransformedImages/nasa_earth_1_Cairo_True_Color-B.jpeg
2026-03-23 14:37:55,331 - INFO - [pipeline.py:136] - "ChromaticAberrationTransformer","angle=341.00,edge_fade=1,shift=17.70"
2026-03-23 14:37:55,350 - INFO - [pipeline.py:136] - "GlitchWarpTransformer","intensity=0.01"
2026-03-23 14:37:55,378 - INFO - [pipeline.py:136] - "ThermalImagingTransformer","thermal=True"
2026-03-23 14:37:55,388 - INFO - [pipeline.py:136] - "ColormapTransformer","map=spring"
2026-03-23 14:37:55,404 - INFO - [pipeline.py:248] - [Grade: A] Saved to: /Users/kenfasano/Scripts/ScreenArt/Images/TransformedImages/noaa_goes_1_se_Air_Mass-A.jpeg
2026-03-23 14:37:55,456 - INFO - [pipeline.py:136] - "WheelTransformer","blend=normal,copies=4"
2026-03-23 14:37:55,473 - INFO - [pipeline.py:248] - [Grade: A] Saved to: /Users/kenfasano/Scripts/ScreenArt/Images/TransformedImages/NMIXX_Kyujin_25-A.jpeg
2026-03-23 14:37:55,516 - INFO - [pipeline.py:136] - "PixelSortTransformer","direction=rows,high=0.63,low=0.15,sort_key=brightness"
2026-03-23 14:37:55,518 - INFO - [pipeline.py:136] - "ColormapTransformer","map=hsv"
2026-03-23 14:37:55,520 - INFO - [pipeline.py:136] - "RadialWarpTransformer","radius=0.25,strength=87.64233748652083,98.29012139300013,style=pull,push"
2026-03-23 14:37:55,524 - INFO - [pipeline.py:248] - [Grade: A] Saved to: /Users/kenfasano/Scripts/ScreenArt/Images/TransformedImages/Anglesite-Pyrom-A.jpeg
2026-03-23 14:37:55,789 - INFO - [pipeline.py:136] - "WatercolorTransformer","scale=0.85,style=monet"
2026-03-23 14:37:55,845 - INFO - [pipeline.py:136] - "MeltMorphTransformer","intensity=0.50"
2026-03-23 14:37:55,884 - INFO - [pipeline.py:136] - "ThermalImagingTransformer","thermal=True"
2026-03-23 14:37:55,899 - INFO - [pipeline.py:136] - "PosterizationTransformer","levels=4"
2026-03-23 14:37:55,925 - INFO - [pipeline.py:248] - [Grade: A] Saved to: /Users/kenfasano/Scripts/ScreenArt/Images/TransformedImages/2023_Rug-A.jpeg
2026-03-23 14:37:55,997 - INFO - [pipeline.py:136] - "GlitchWarpTransformer","intensity=0.01"
2026-03-23 14:37:56,093 - INFO - [pipeline.py:136] - "MeltMorphTransformer","intensity=0.50"
2026-03-23 14:37:56,119 - INFO - [pipeline.py:248] - [Grade: A] Saved to: /Users/kenfasano/Scripts/ScreenArt/Images/TransformedImages/Test_Tub-A.jpeg
2026-03-23 14:37:56,195 - INFO - [pipeline.py:136] - "HalftoneTransformer","size=2"
2026-03-23 14:37:56,229 - INFO - [pipeline.py:136] - "ChromaticAberrationTransformer","angle=20.40,edge_fade=1,shift=4.50"
2026-03-23 14:37:56,437 - INFO - [pipeline.py:248] - [Grade: A] Saved to: /Users/kenfasano/Scripts/ScreenArt/Images/TransformedImages/Kerala_S-A.jpeg
2026-03-23 14:37:56,517 - INFO - [pipeline.py:136] - "HalftoneTransformer","size=2"
2026-03-23 14:37:56,543 - INFO - [pipeline.py:136] - "ChromaticAberrationTransformer","angle=64.00,edge_fade=1,shift=4.90"
2026-03-23 14:37:56,557 - INFO - [pipeline.py:136] - "PosterizationTransformer","levels=4"
2026-03-23 14:37:56,704 - INFO - [pipeline.py:136] - "OilPaintingTransformer","dyn_ratio=3,size=7"
2026-03-23 14:37:56,721 - INFO - [pipeline.py:248] - [Grade: A] Saved to: /Users/kenfasano/Scripts/ScreenArt/Images/TransformedImages/lojong_2-A-hero.jpeg
2026-03-23 14:37:56,766 - INFO - [pipeline.py:136] - "WheelTransformer","blend=normal,copies=4"
2026-03-23 14:37:56,878 - INFO - [pipeline.py:136] - "OilPaintingTransformer","dyn_ratio=7,size=3"
2026-03-23 14:37:56,896 - INFO - [pipeline.py:248] - [Grade: A] Saved to: /Users/kenfasano/Scripts/ScreenArt/Images/TransformedImages/lojong_3-A-hero.jpeg
2026-03-23 14:37:56,919 - INFO - [pipeline.py:136] - "PosterizationTransformer","levels=4"
2026-03-23 14:37:56,956 - INFO - [pipeline.py:136] - "ThermalImagingTransformer","thermal=True"
2026-03-23 14:37:56,997 - INFO - [pipeline.py:136] - "SwirlWarpTransformer","strength=1.50"
2026-03-23 14:37:57,032 - INFO - [pipeline.py:136] - "WheelTransformer","blend=normal,copies=4"
2026-03-23 14:37:57,051 - INFO - [pipeline.py:248] - [Grade: A] Saved to: /Users/kenfasano/Scripts/ScreenArt/Images/TransformedImages/lojong_8-A-columns.jpeg
2026-03-23 14:37:57,282 - INFO - [pipeline.py:136] - "WatercolorTransformer","scale=0.85,style=monet"
2026-03-23 14:37:57,419 - INFO - [pipeline.py:136] - "PixelSortTransformer","direction=cols,high=0.55,low=0.16,sort_key=blue"
2026-03-23 14:37:57,440 - INFO - [pipeline.py:248] - [Grade: C] Saved to: /Users/kenfasano/Scripts/ScreenArt/Images/TransformedImages/lojong_4-C-hero.jpeg
2026-03-23 14:37:57,486 - INFO - [pipeline.py:136] - "SwirlWarpTransformer","strength=1.50"
2026-03-23 14:37:57,518 - INFO - [pipeline.py:136] - "WheelTransformer","blend=normal,copies=4"
2026-03-23 14:37:57,536 - INFO - [pipeline.py:248] - [Grade: A] Saved to: /Users/kenfasano/Scripts/ScreenArt/Images/TransformedImages/lojong_5-A-tile.jpeg
2026-03-23 14:37:57,577 - INFO - [pipeline.py:136] - "WheelTransformer","blend=normal,copies=4"
2026-03-23 14:37:57,611 - INFO - [pipeline.py:136] - "FractalWarpTransformer","iter=1,scale=0.05"
2026-03-23 14:37:57,651 - INFO - [pipeline.py:136] - "FluidWarpTransformer","alpha=7.08,sigma=4.92"
2026-03-23 14:37:57,947 - INFO - [pipeline.py:136] - "VoronoiTransformer","edge_blend=1,num_points=230"
2026-03-23 14:37:57,966 - INFO - [pipeline.py:248] - [Grade: A] Saved to: /Users/kenfasano/Scripts/ScreenArt/Images/TransformedImages/lojong_9-A-scatter.jpeg
2026-03-23 14:37:58,056 - INFO - [pipeline.py:136] - "MeltMorphTransformer","intensity=0.50"
2026-03-23 14:37:58,078 - INFO - [pipeline.py:248] - [Grade: C] Saved to: /Users/kenfasano/Scripts/ScreenArt/Images/TransformedImages/lojong_6-C-hero.jpeg
2026-03-23 14:37:58,141 - INFO - [pipeline.py:136] - "MeltMorphTransformer","intensity=0.50"
2026-03-23 14:37:58,366 - INFO - [pipeline.py:136] - "WatercolorTransformer","scale=0.85,style=psychedelic"
2026-03-23 14:37:58,406 - INFO - [pipeline.py:136] - "ThermalImagingTransformer","thermal=True"
2026-03-23 14:37:58,466 - INFO - [pipeline.py:136] - "FlipWilsonTransformer","keep=left,narrow=0.36"
2026-03-23 14:37:58,485 - INFO - [pipeline.py:248] - [Grade: A] Saved to: /Users/kenfasano/Scripts/ScreenArt/Images/TransformedImages/lojong_7-A-scatter.jpeg
2026-03-23 14:37:58,543 - INFO - [pipeline.py:136] - "HalftoneTransformer","size=2"
2026-03-23 14:37:58,570 - INFO - [pipeline.py:136] - "GlitchWarpTransformer","intensity=0.01"
2026-03-23 14:37:58,609 - INFO - [pipeline.py:136] - "SwirlWarpTransformer","strength=1.50"
2026-03-23 14:37:58,627 - INFO - [pipeline.py:248] - [Grade: A] Saved to: /Users/kenfasano/Scripts/ScreenArt/Images/TransformedImages/lojong_0-A-tile.jpeg
2026-03-23 14:37:58,669 - INFO - [pipeline.py:136] - "FractalWarpTransformer","iter=1,scale=0.05"
2026-03-23 14:37:58,760 - INFO - [pipeline.py:136] - "PixelSortTransformer","direction=cols,high=0.89,low=0.17,sort_key=brightness"
2026-03-23 14:37:58,784 - INFO - [pipeline.py:136] - "RadialWarpTransformer","radius=0.25,strength=77.3177334513334,37.084887373876356,77.33925882191977,style=pull,push,pull"
2026-03-23 14:37:58,823 - INFO - [pipeline.py:136] - "SwirlWarpTransformer","strength=1.50"
2026-03-23 14:37:58,840 - INFO - [pipeline.py:248] - [Grade: C] Saved to: /Users/kenfasano/Scripts/ScreenArt/Images/TransformedImages/lojong_1-C-hero.jpeg
2026-03-23 14:37:58,885 - INFO - [pipeline.py:136] - "FractalWarpTransformer","iter=1,scale=0.05"
2026-03-23 14:37:58,911 - INFO - [pipeline.py:136] - "ChromaticAberrationTransformer","angle=276.30,edge_fade=1,shift=5.20"
2026-03-23 14:37:58,930 - INFO - [pipeline.py:248] - [Grade: A] Saved to: /Users/kenfasano/Scripts/ScreenArt/Images/TransformedImages/psalms_21-A-columns.jpeg
2026-03-23 14:37:58,966 - INFO - [pipeline.py:136] - "ChromaticAberrationTransformer","angle=43.30,edge_fade=1,shift=14.10"
2026-03-23 14:37:58,986 - INFO - [pipeline.py:248] - [Grade: A] Saved to: /Users/kenfasano/Scripts/ScreenArt/Images/TransformedImages/psalms_94-A-scatter.jpeg
2026-03-23 14:37:59,233 - INFO - [pipeline.py:136] - "PixelSortTransformer","direction=cols,high=0.64,low=0.21,sort_key=saturation"
2026-03-23 14:37:59,257 - INFO - [pipeline.py:136] - "FisheyeTransformer","shape=oval,strength=0.55,zoom=1.03"
2026-03-23 14:37:59,276 - INFO - [pipeline.py:248] - [Grade: F] Saved to: /Users/kenfasano/Scripts/ScreenArt/Images/Rejected/psalms_110-F-hero.jpeg
2026-03-23 14:37:59,297 - INFO - [pipeline.py:136] - "PosterizationTransformer","levels=4"
2026-03-23 14:37:59,350 - INFO - [pipeline.py:136] - "MeltMorphTransformer","intensity=0.50"
2026-03-23 14:37:59,364 - INFO - [pipeline.py:136] - "ColormapTransformer","map=cool"
2026-03-23 14:37:59,383 - INFO - [pipeline.py:248] - [Grade: C] Saved to: /Users/kenfasano/Scripts/ScreenArt/Images/TransformedImages/psalms_101-C-hero.jpeg
2026-03-23 14:37:59,449 - INFO - [pipeline.py:136] - "MeltMorphTransformer","intensity=0.50"
2026-03-23 14:37:59,497 - INFO - [pipeline.py:136] - "HalftoneTransformer","size=2"
2026-03-23 14:37:59,554 - INFO - [pipeline.py:136] - "FlipWilsonTransformer","keep=left,narrow=0.36"
2026-03-23 14:37:59,572 - INFO - [pipeline.py:248] - [Grade: C] Saved to: /Users/kenfasano/Scripts/ScreenArt/Images/TransformedImages/psalms_93-C-columns.jpeg
2026-03-23 14:37:59,902 - INFO - [pipeline.py:136] - "VoronoiTransformer","edge_blend=1,num_points=253"
2026-03-23 14:37:59,956 - INFO - [pipeline.py:136] - "MeltMorphTransformer","intensity=0.50"
2026-03-23 14:37:59,981 - INFO - [pipeline.py:136] - "ChromaticAberrationTransformer","angle=336.50,edge_fade=1,shift=8.00"
2026-03-23 14:38:00,023 - INFO - [pipeline.py:136] - "FluidWarpTransformer","alpha=9.10,sigma=4.70"
2026-03-23 14:38:00,043 - INFO - [pipeline.py:248] - [Grade: A] Saved to: /Users/kenfasano/Scripts/ScreenArt/Images/TransformedImages/psalms_88-A-columns.jpeg
2026-03-23 14:38:00,093 - INFO - [pipeline.py:136] - "DataMoshTransformer","intensity=0.02"
2026-03-23 14:38:00,131 - INFO - [pipeline.py:136] - "SwirlWarpTransformer","strength=1.50"
2026-03-23 14:38:00,178 - INFO - [pipeline.py:136] - "HalftoneTransformer","size=2"
2026-03-23 14:38:00,196 - INFO - [pipeline.py:248] - [Grade: A] Saved to: /Users/kenfasano/Scripts/ScreenArt/Images/TransformedImages/psalms_52-A-columns.jpeg
2026-03-23 14:38:00,239 - INFO - [pipeline.py:136] - "DataMoshTransformer","intensity=0.01"
2026-03-23 14:38:00,335 - INFO - [pipeline.py:136] - "PixelSortTransformer","direction=rows,high=0.64,low=0.07,sort_key=blue"
2026-03-23 14:38:00,385 - INFO - [pipeline.py:136] - "HalftoneTransformer","size=2"
2026-03-23 14:38:00,402 - INFO - [pipeline.py:248] - [Grade: C] Saved to: /Users/kenfasano/Scripts/ScreenArt/Images/TransformedImages/psalms_134-C-scatter.jpeg
2026-03-23 14:38:00,471 - INFO - [pipeline.py:136] - "FlipWilsonTransformer","keep=left,narrow=0.36"
2026-03-23 14:38:00,503 - INFO - [pipeline.py:136] - "WheelTransformer","blend=normal,copies=4"
2026-03-23 14:38:00,522 - INFO - [pipeline.py:248] - [Grade: A] Saved to: /Users/kenfasano/Scripts/ScreenArt/Images/TransformedImages/psalms_124-A-tile.jpeg
2026-03-23 14:38:00,573 - INFO - [pipeline.py:136] - "ThermalImagingTransformer","thermal=True"
2026-03-23 14:38:00,596 - INFO - [pipeline.py:248] - [Grade: B] Saved to: /Users/kenfasano/Scripts/ScreenArt/Images/TransformedImages/psalms_63-B-columns.jpeg
2026-03-23 14:38:00,607 - INFO - [pipeline.py:136] - "RadialWarpTransformer","radius=0.25,strength=134.15419233522874,95.48720734182496,style=pull,push"
2026-03-23 14:38:00,614 - INFO - [pipeline.py:248] - [Grade: A] Saved to: /Users/kenfasano/Scripts/ScreenArt/Images/TransformedImages/peripheral_drift_18-A.jpeg
2026-03-23 14:38:00,635 - INFO - [pipeline.py:136] - "KaleidoscopeTransformer","cx_off=0.10,cy_off=-0.03,segments=8"
2026-03-23 14:38:00,652 - INFO - [pipeline.py:136] - "MeltMorphTransformer","intensity=0.50"
2026-03-23 14:38:00,690 - INFO - [pipeline.py:136] - "OilPaintingTransformer","dyn_ratio=8,size=6"
2026-03-23 14:38:00,701 - INFO - [pipeline.py:136] - "WheelTransformer","blend=normal,copies=4"
2026-03-23 14:38:00,708 - INFO - [pipeline.py:248] - [Grade: A] Saved to: /Users/kenfasano/Scripts/ScreenArt/Images/TransformedImages/peripheral_drift_2-A.jpeg
2026-03-23 14:38:00,727 - INFO - [pipeline.py:136] - "KaleidoscopeTransformer","cx_off=-0.14,cy_off=0.15,segments=6"
2026-03-23 14:38:00,745 - INFO - [pipeline.py:136] - "FlipWilsonTransformer","keep=left,narrow=0.36"
2026-03-23 14:38:00,832 - INFO - [pipeline.py:136] - "PixelSortTransformer","direction=cols,high=0.65,low=0.07,sort_key=green"
2026-03-23 14:38:00,848 - INFO - [pipeline.py:136] - "MeltMorphTransformer","intensity=0.50"
2026-03-23 14:38:00,855 - INFO - [pipeline.py:248] - [Grade: A] Saved to: /Users/kenfasano/Scripts/ScreenArt/Images/TransformedImages/peripheral_drift_14-A.jpeg
2026-03-23 14:38:00,874 - INFO - [pipeline.py:136] - "KaleidoscopeTransformer","cx_off=-0.08,cy_off=-0.06,segments=6"
2026-03-23 14:38:00,906 - INFO - [pipeline.py:136] - "OilPaintingTransformer","dyn_ratio=7,size=4"
2026-03-23 14:38:00,913 - INFO - [pipeline.py:248] - [Grade: A] Saved to: /Users/kenfasano/Scripts/ScreenArt/Images/TransformedImages/peripheral_drift_15-A.jpeg
2026-03-23 14:38:00,954 - INFO - [pipeline.py:136] - "OilPaintingTransformer","dyn_ratio=7,size=6"
2026-03-23 14:38:00,964 - INFO - [pipeline.py:136] - "WheelTransformer","blend=normal,copies=4"
2026-03-23 14:38:00,976 - INFO - [pipeline.py:136] - "FractalWarpTransformer","iter=1,scale=0.05"
2026-03-23 14:38:00,987 - INFO - [pipeline.py:136] - "ThermalImagingTransformer","thermal=True"
2026-03-23 14:38:00,994 - INFO - [pipeline.py:248] - [Grade: A] Saved to: /Users/kenfasano/Scripts/ScreenArt/Images/TransformedImages/peripheral_drift_3-A.jpeg
2026-03-23 14:38:01,011 - INFO - [pipeline.py:136] - "HalftoneTransformer","size=2"
2026-03-23 14:38:01,019 - INFO - [pipeline.py:136] - "ChromaticAberrationTransformer","angle=275.40,edge_fade=1,shift=11.40"
2026-03-23 14:38:01,029 - INFO - [pipeline.py:136] - "FractalWarpTransformer","iter=1,scale=0.05"
2026-03-23 14:38:01,041 - INFO - [pipeline.py:136] - "ThermalImagingTransformer","thermal=True"
2026-03-23 14:38:01,048 - INFO - [pipeline.py:248] - [Grade: A] Saved to: /Users/kenfasano/Scripts/ScreenArt/Images/TransformedImages/peripheral_drift_19-A.jpeg
2026-03-23 14:38:01,055 - INFO - [pipeline.py:136] - "ColormapTransformer","map=jet"
2026-03-23 14:38:01,070 - INFO - [pipeline.py:136] - "KaleidoscopeTransformer","cx_off=-0.14,cy_off=-0.15,segments=4"
2026-03-23 14:38:01,085 - INFO - [pipeline.py:136] - "HalftoneTransformer","size=2"
2026-03-23 14:38:01,091 - INFO - [pipeline.py:248] - [Grade: A] Saved to: /Users/kenfasano/Scripts/ScreenArt/Images/TransformedImages/peripheral_drift_12-A.jpeg
2026-03-23 14:38:01,135 - INFO - [pipeline.py:136] - "OilPaintingTransformer","dyn_ratio=1,size=8"
2026-03-23 14:38:01,142 - INFO - [pipeline.py:136] - "RadialWarpTransformer","radius=0.25,strength=78.81364604236806,37.72791195358141,style=pull,push"
2026-03-23 14:38:01,184 - INFO - [pipeline.py:136] - "PixelSortTransformer","direction=cols,high=0.61,low=0.24,sort_key=blue"
2026-03-23 14:38:01,192 - INFO - [pipeline.py:248] - [Grade: A] Saved to: /Users/kenfasano/Scripts/ScreenArt/Images/TransformedImages/peripheral_drift_8-A.jpeg
2026-03-23 14:38:01,206 - INFO - [pipeline.py:136] - "SwirlWarpTransformer","strength=1.50"
2026-03-23 14:38:01,210 - INFO - [pipeline.py:136] - "PosterizationTransformer","levels=4"
2026-03-23 14:38:01,217 - INFO - [pipeline.py:136] - "FisheyeTransformer","shape=oval,strength=0.47,zoom=0.86"
2026-03-23 14:38:01,224 - INFO - [pipeline.py:248] - [Grade: A] Saved to: /Users/kenfasano/Scripts/ScreenArt/Images/TransformedImages/peripheral_drift_4-A.jpeg
2026-03-23 14:38:01,291 - INFO - [pipeline.py:136] - "WatercolorTransformer","scale=0.85,style=monet"
2026-03-23 14:38:01,298 - INFO - [pipeline.py:248] - [Grade: A] Saved to: /Users/kenfasano/Scripts/ScreenArt/Images/TransformedImages/peripheral_drift_5-A.jpeg
2026-03-23 14:38:01,306 - INFO - [pipeline.py:136] - "ColormapTransformer","map=pink"
2026-03-23 14:38:01,312 - INFO - [pipeline.py:248] - [Grade: C] Saved to: /Users/kenfasano/Scripts/ScreenArt/Images/TransformedImages/peripheral_drift_9-C.jpeg
2026-03-23 14:38:01,382 - INFO - [pipeline.py:136] - "VoronoiTransformer","edge_blend=1,num_points=153"
2026-03-23 14:38:01,389 - INFO - [pipeline.py:136] - "RadialWarpTransformer","radius=0.25,strength=52.6871469515368,style=push"
2026-03-23 14:38:01,402 - INFO - [pipeline.py:136] - "SwirlWarpTransformer","strength=1.50"
2026-03-23 14:38:01,413 - INFO - [pipeline.py:136] - "FractalWarpTransformer","iter=1,scale=0.05"
2026-03-23 14:38:01,420 - INFO - [pipeline.py:248] - [Grade: A] Saved to: /Users/kenfasano/Scripts/ScreenArt/Images/TransformedImages/peripheral_drift_13-A.jpeg
2026-03-23 14:38:01,442 - INFO - [pipeline.py:136] - "FlipWilsonTransformer","keep=left,narrow=0.36"
2026-03-23 14:38:01,454 - INFO - [pipeline.py:136] - "ThermalImagingTransformer","thermal=True"
2026-03-23 14:38:01,461 - INFO - [pipeline.py:248] - [Grade: C] Saved to: /Users/kenfasano/Scripts/ScreenArt/Images/TransformedImages/peripheral_drift_10-C.jpeg
2026-03-23 14:38:01,477 - INFO - [pipeline.py:136] - "ThermalImagingTransformer","thermal=True"
2026-03-23 14:38:01,485 - INFO - [pipeline.py:136] - "ChromaticAberrationTransformer","angle=235.60,edge_fade=1,shift=7.90"
2026-03-23 14:38:01,526 - INFO - [pipeline.py:136] - "VoronoiTransformer","edge_blend=1,num_points=81"
2026-03-23 14:38:01,533 - INFO - [pipeline.py:248] - [Grade: A] Saved to: /Users/kenfasano/Scripts/ScreenArt/Images/TransformedImages/peripheral_drift_6-A.jpeg
2026-03-23 14:38:01,541 - INFO - [pipeline.py:136] - "PosterizationTransformer","levels=4"
2026-03-23 14:38:01,552 - INFO - [pipeline.py:136] - "DataMoshTransformer","intensity=0.02"
2026-03-23 14:38:01,569 - INFO - [pipeline.py:136] - "MeltMorphTransformer","intensity=0.50"
2026-03-23 14:38:01,666 - INFO - [pipeline.py:136] - "PixelSortTransformer","direction=rows,high=0.58,low=0.07,sort_key=red"
2026-03-23 14:38:01,674 - INFO - [pipeline.py:248] - [Grade: B] Saved to: /Users/kenfasano/Scripts/ScreenArt/Images/TransformedImages/peripheral_drift_7-B.jpeg
2026-03-23 14:38:01,691 - INFO - [pipeline.py:136] - "HalftoneTransformer","size=2"
2026-03-23 14:38:01,696 - INFO - [pipeline.py:248] - [Grade: A] Saved to: /Users/kenfasano/Scripts/ScreenArt/Images/TransformedImages/peripheral_drift_11-A.jpeg
2026-03-23 14:38:01,709 - INFO - [pipeline.py:136] - "RadialWarpTransformer","radius=0.25,strength=86.34739501797252,72.36408295204873,130.82573763469264,style=pull,push,push"
2026-03-23 14:38:01,721 - INFO - [pipeline.py:136] - "ThermalImagingTransformer","thermal=True"
2026-03-23 14:38:01,760 - INFO - [pipeline.py:136] - "OilPaintingTransformer","dyn_ratio=7,size=6"
2026-03-23 14:38:01,771 - INFO - [pipeline.py:136] - "FractalWarpTransformer","iter=1,scale=0.05"
2026-03-23 14:38:01,778 - INFO - [pipeline.py:248] - [Grade: C] Saved to: /Users/kenfasano/Scripts/ScreenArt/Images/TransformedImages/peripheral_drift_20-C.jpeg
2026-03-23 14:38:01,793 - INFO - [pipeline.py:136] - "ThermalImagingTransformer","thermal=True"
2026-03-23 14:38:01,800 - INFO - [pipeline.py:248] - [Grade: C] Saved to: /Users/kenfasano/Scripts/ScreenArt/Images/TransformedImages/peripheral_drift_16-C.jpeg
2026-03-23 14:38:01,839 - INFO - [pipeline.py:136] - "OilPaintingTransformer","dyn_ratio=6,size=5"
2026-03-23 14:38:01,843 - INFO - [pipeline.py:136] - "PosterizationTransformer","levels=4"
2026-03-23 14:38:01,885 - INFO - [pipeline.py:136] - "PixelSortTransformer","direction=cols,high=0.91,low=0.13,sort_key=saturation"
2026-03-23 14:38:01,940 - INFO - [pipeline.py:136] - "VoronoiTransformer","edge_blend=1,num_points=121"
2026-03-23 14:38:01,947 - INFO - [pipeline.py:248] - [Grade: A] Saved to: /Users/kenfasano/Scripts/ScreenArt/Images/TransformedImages/peripheral_drift_17-A.jpeg
2026-03-23 14:38:01,958 - INFO - [pipeline.py:136] - "GlitchWarpTransformer","intensity=0.01"
2026-03-23 14:38:01,997 - INFO - [pipeline.py:136] - "OilPaintingTransformer","dyn_ratio=2,size=6"
2026-03-23 14:38:02,001 - INFO - [pipeline.py:136] - "PosterizationTransformer","levels=4"
2026-03-23 14:38:02,012 - INFO - [pipeline.py:136] - "ThermalImagingTransformer","thermal=True"
2026-03-23 14:38:02,025 - INFO - [pipeline.py:248] - [Grade: C] Saved to: /Users/kenfasano/Scripts/ScreenArt/Images/TransformedImages/peripheral_drift_1-C.jpeg
2026-03-23 14:38:02,025 - INFO - [main.py:186] - WatercolorTransformer
2026-03-23 14:38:02,026 - INFO - [main.py:186] - VoronoiTransformer
2026-03-23 14:38:02,026 - INFO - [main.py:186] - PixelSortTransformer
2026-03-23 14:38:02,026 - INFO - [main.py:186] - OilPaintingTransformer
2026-03-23 14:38:02,026 - INFO - [main.py:186] - MeltMorphTransformer
2026-03-23 14:38:02,026 - INFO - [main.py:186] - FlipWilsonTransformer
2026-03-23 14:38:02,026 - INFO - [main.py:186] - HalftoneTransformer
2026-03-23 14:38:02,026 - INFO - [main.py:186] - FluidWarpTransformer
2026-03-23 14:38:02,026 - INFO - [main.py:186] - SwirlWarpTransformer
2026-03-23 14:38:02,026 - INFO - [main.py:186] - DataMoshTransformer
2026-03-23 14:38:02,026 - INFO - [main.py:186] - KaleidoscopeTransformer
2026-03-23 14:38:02,026 - INFO - [main.py:186] - ThermalImagingTransformer
2026-03-23 14:38:02,026 - INFO - [main.py:186] - WheelTransformer
2026-03-23 14:38:02,026 - INFO - [main.py:186] - GlitchWarpTransformer
2026-03-23 14:38:02,026 - INFO - [main.py:186] - FractalWarpTransformer
2026-03-23 14:38:02,026 - INFO - [main.py:186] - ChromaticAberrationTransformer
2026-03-23 14:38:02,026 - INFO - [main.py:186] - FisheyeTransformer
2026-03-23 14:38:02,026 - INFO - [main.py:186] - RadialWarpTransformer
2026-03-23 14:38:02,026 - INFO - [main.py:186] - ColormapTransformer
2026-03-23 14:38:02,026 - INFO - [main.py:186] - PosterizationTransformer
2026-03-23 14:38:02,026 - INFO - [main.py:229] - 23s@14:38 ✓
Accepted: 75
Rejected: 2
---
Bible                      ->  3903ms
Wiki                       ->  2906ms
Lojong                     ->  2135ms
Nasa                       ->  1303ms
Bubbles                    ->   806ms
NasaMapGenerator           ->   715ms
GoesGenerator              ->   678ms
PeripheralDriftIllusion    ->   298ms
Cubes                      ->   192ms
---
WatercolorTransformer            -> Min:    65ms | Avg:   191ms | Max:   255ms
VoronoiTransformer               -> Min:    41ms | Avg:   157ms | Max:   318ms
PixelSortTransformer             -> Min:    41ms | Avg:    91ms | Max:   239ms
OilPaintingTransformer           -> Min:    32ms | Avg:    73ms | Max:   147ms
MeltMorphTransformer             -> Min:    16ms | Avg:    54ms | Max:    96ms
FlipWilsonTransformer            -> Min:    18ms | Avg:    54ms | Max:    78ms
HalftoneTransformer              -> Min:    14ms | Avg:    40ms | Max:    65ms
FluidWarpTransformer             -> Min:    33ms | Avg:    38ms | Max:    42ms
SwirlWarpTransformer             -> Min:    12ms | Avg:    32ms | Max:    60ms
DataMoshTransformer              -> Min:    11ms | Avg:    30ms | Max:    41ms
KaleidoscopeTransformer          -> Min:    15ms | Avg:    29ms | Max:    55ms
ThermalImagingTransformer        -> Min:    11ms | Avg:    27ms | Max:    42ms
WheelTransformer                 -> Min:     9ms | Avg:    26ms | Max:    41ms
GlitchWarpTransformer            -> Min:     8ms | Avg:    25ms | Max:    51ms
FractalWarpTransformer           -> Min:    10ms | Avg:    25ms | Max:    36ms
ChromaticAberrationTransformer   -> Min:     8ms | Avg:    21ms | Max:    34ms
FisheyeTransformer               -> Min:     5ms | Avg:    18ms | Max:    36ms
RadialWarpTransformer            -> Min:     2ms | Avg:    13ms | Max:    24ms
ColormapTransformer              -> Min:     1ms | Avg:    10ms | Max:    16ms
PosterizationTransformer         -> Min:     4ms | Avg:     9ms | Max:    14ms
