2026-03-08 15:27:30,818 - INFO - [pipeline.py:44] - ThreeDExtrusionTransformer
2026-03-08 15:27:30,859 - INFO - [pipeline.py:44] - FractalWarpTransformer
2026-03-08 15:27:30,918 - INFO - [pipeline.py:117] - [Grade: F] Saved to: /Users/kenfasano/Scripts/ScreenArt/Images/Rejected/bubbles_4-F.jpeg
2026-03-08 15:27:30,926 - INFO - [pipeline.py:44] - FractalWarpTransformer
2026-03-08 15:27:30,961 - INFO - [pipeline.py:44] - DataMoshTransformer
2026-03-08 15:27:30,999 - INFO - [pipeline.py:44] - RadialWarpTransformer
2026-03-08 15:27:31,031 - INFO - [pipeline.py:117] - [Grade: F] Saved to: /Users/kenfasano/Scripts/ScreenArt/Images/Rejected/bubbles_8-F.jpeg
2026-03-08 15:27:31,039 - INFO - [pipeline.py:44] - WheelTransformer
2026-03-08 15:27:31,214 - INFO - [pipeline.py:44] - InvertRGBTransformer
2026-03-08 15:27:31,231 - INFO - [pipeline.py:117] - [Grade: F] Saved to: /Users/kenfasano/Scripts/ScreenArt/Images/Rejected/bubbles_9-F.jpeg
2026-03-08 15:27:31,239 - INFO - [pipeline.py:44] - ThermalImagingTransformer
2026-03-08 15:27:31,265 - INFO - [pipeline.py:44] - FractalWarpTransformer
2026-03-08 15:27:31,316 - INFO - [pipeline.py:117] - [Grade: F] Saved to: /Users/kenfasano/Scripts/ScreenArt/Images/Rejected/bubbles_5-F.jpeg
2026-03-08 15:27:31,325 - INFO - [pipeline.py:44] - AnamorphicTransformer
2026-03-08 15:27:31,376 - INFO - [pipeline.py:44] - RadialWarpTransformer
2026-03-08 15:27:31,405 - INFO - [pipeline.py:117] - [Grade: B] Saved to: /Users/kenfasano/Scripts/ScreenArt/Images/TransformedImages/bubbles_2-B.jpeg
2026-03-08 15:27:31,414 - INFO - [pipeline.py:44] - FisheyeTransformer
2026-03-08 15:27:31,445 - INFO - [pipeline.py:44] - XrayTransformer
2026-03-08 15:27:31,559 - INFO - [pipeline.py:44] - MeltMorphTransformer
2026-03-08 15:27:31,613 - INFO - [pipeline.py:44] - GlitchWarpTransformer
2026-03-08 15:27:31,656 - INFO - [pipeline.py:117] - [Grade: F] Saved to: /Users/kenfasano/Scripts/ScreenArt/Images/Rejected/bubbles_3-F.jpeg
2026-03-08 15:27:31,665 - INFO - [pipeline.py:44] - InvertRGBTransformer
2026-03-08 15:27:31,666 - INFO - [pipeline.py:44] - DuotoneTransformer
2026-03-08 15:27:31,761 - INFO - [pipeline.py:44] - HalftoneTransformer
2026-03-08 15:27:31,794 - INFO - [pipeline.py:44] - WatercolorTransformer
2026-03-08 15:27:31,887 - INFO - [pipeline.py:117] - [Grade: F] Saved to: /Users/kenfasano/Scripts/ScreenArt/Images/Rejected/bubbles_10-F.jpeg
2026-03-08 15:27:31,895 - INFO - [pipeline.py:44] - GlitchWarpTransformer
2026-03-08 15:27:31,940 - INFO - [pipeline.py:117] - [Grade: F] Saved to: /Users/kenfasano/Scripts/ScreenArt/Images/Rejected/bubbles_1-F.jpeg
2026-03-08 15:27:31,948 - INFO - [pipeline.py:44] - MeltMorphTransformer
2026-03-08 15:27:32,003 - INFO - [pipeline.py:44] - PosterizationTransformer
2026-03-08 15:27:32,023 - INFO - [pipeline.py:117] - [Grade: F] Saved to: /Users/kenfasano/Scripts/ScreenArt/Images/Rejected/bubbles_6-F.jpeg
2026-03-08 15:27:32,032 - INFO - [pipeline.py:44] - GlitchWarpTransformer
2026-03-08 15:27:32,059 - INFO - [pipeline.py:44] - WatercolorTransformer
2026-03-08 15:27:32,158 - INFO - [pipeline.py:117] - [Grade: C] Saved to: /Users/kenfasano/Scripts/ScreenArt/Images/TransformedImages/bubbles_7-C.jpeg
2026-03-08 15:27:32,166 - INFO - [pipeline.py:44] - ThreeDExtrusionTransformer
2026-03-08 15:27:32,202 - INFO - [pipeline.py:44] - DuotoneTransformer
2026-03-08 15:27:32,297 - INFO - [pipeline.py:44] - InvertRGBTransformer
2026-03-08 15:27:32,298 - INFO - [pipeline.py:44] - XrayTransformer
2026-03-08 15:27:32,360 - INFO - [pipeline.py:117] - [Grade: F] Saved to: /Users/kenfasano/Scripts/ScreenArt/Images/Rejected/cubes_2-F.jpeg
2026-03-08 15:27:32,368 - INFO - [pipeline.py:44] - ThermalImagingTransformer
2026-03-08 15:27:32,396 - INFO - [pipeline.py:44] - SwirlWarpTransformer
2026-03-08 15:27:32,441 - INFO - [pipeline.py:44] - DataMoshTransformer
2026-03-08 15:27:32,497 - INFO - [pipeline.py:117] - [Grade: C] Saved to: /Users/kenfasano/Scripts/ScreenArt/Images/TransformedImages/cubes_3-C.jpeg
2026-03-08 15:27:32,505 - INFO - [pipeline.py:44] - FluidWarpTransformer
2026-03-08 15:27:32,552 - INFO - [pipeline.py:44] - DataMoshTransformer
2026-03-08 15:27:32,589 - INFO - [pipeline.py:44] - FisheyeTransformer
2026-03-08 15:27:32,616 - INFO - [pipeline.py:44] - SwirlWarpTransformer
2026-03-08 15:27:32,684 - INFO - [pipeline.py:117] - [Grade: C] Saved to: /Users/kenfasano/Scripts/ScreenArt/Images/TransformedImages/cubes_4-C.jpeg
2026-03-08 15:27:32,693 - INFO - [pipeline.py:44] - FluidWarpTransformer
2026-03-08 15:27:32,772 - INFO - [pipeline.py:44] - FisheyeTransformer
2026-03-08 15:27:32,814 - INFO - [pipeline.py:117] - [Grade: C] Saved to: /Users/kenfasano/Scripts/ScreenArt/Images/TransformedImages/cubes_5-C.jpeg
2026-03-08 15:27:32,822 - INFO - [pipeline.py:44] - AnamorphicTransformer
2026-03-08 15:27:32,889 - INFO - [pipeline.py:44] - ThermalImagingTransformer
2026-03-08 15:27:32,932 - INFO - [pipeline.py:117] - [Grade: F] Saved to: /Users/kenfasano/Scripts/ScreenArt/Images/Rejected/cubes_6-F.jpeg
2026-03-08 15:27:32,940 - INFO - [pipeline.py:44] - TritoneTransformer
2026-03-08 15:27:32,969 - INFO - [pipeline.py:44] - WatercolorTransformer
2026-03-08 15:27:33,045 - INFO - [pipeline.py:44] - ThermalImagingTransformer
2026-03-08 15:27:33,087 - INFO - [pipeline.py:117] - [Grade: F] Saved to: /Users/kenfasano/Scripts/ScreenArt/Images/Rejected/cubes_1-F.jpeg
2026-03-08 15:27:33,092 - INFO - [pipeline.py:44] - FlipWilsonTransformer
2026-03-08 15:27:33,143 - INFO - [pipeline.py:117] - [Grade: B] Saved to: /Users/kenfasano/Scripts/ScreenArt/Images/TransformedImages/messengerImpactSite_black600-B.jpg
2026-03-08 15:27:33,145 - INFO - [pipeline.py:44] - GlitchWarpTransformer
2026-03-08 15:27:33,152 - INFO - [pipeline.py:44] - ThreeDExtrusionTransformer
2026-03-08 15:27:33,160 - INFO - [pipeline.py:44] - DuotoneTransformer
2026-03-08 15:27:33,188 - INFO - [pipeline.py:44] - ThermalImagingTransformer
2026-03-08 15:27:33,201 - INFO - [pipeline.py:117] - [Grade: F] Saved to: /Users/kenfasano/Scripts/ScreenArt/Images/Rejected/cosmiclatte_jhu-F.jpg
2026-03-08 15:27:33,201 - INFO - [pipeline.py:44] - ThermalImagingTransformer
2026-03-08 15:27:33,205 - INFO - [pipeline.py:44] - PosterizationTransformer
2026-03-08 15:27:33,205 - INFO - [pipeline.py:44] - WheelTransformer
2026-03-08 15:27:33,224 - INFO - [pipeline.py:44] - InvertRGBTransformer
2026-03-08 15:27:33,227 - INFO - [pipeline.py:117] - [Grade: F] Saved to: /Users/kenfasano/Scripts/ScreenArt/Images/Rejected/jupiter_vla_c1-F.jpg
2026-03-08 15:27:33,229 - INFO - [pipeline.py:44] - HalftoneTransformer
2026-03-08 15:27:33,238 - INFO - [pipeline.py:44] - TritoneTransformer
2026-03-08 15:27:33,245 - INFO - [pipeline.py:44] - MeltMorphTransformer
2026-03-08 15:27:33,263 - INFO - [pipeline.py:117] - [Grade: F] Saved to: /Users/kenfasano/Scripts/ScreenArt/Images/Rejected/gcradioarc_vla-F.jpg
2026-03-08 15:27:33,265 - INFO - [pipeline.py:44] - GlitchWarpTransformer
2026-03-08 15:27:33,273 - INFO - [pipeline.py:117] - [Grade: A] Saved to: /Users/kenfasano/Scripts/ScreenArt/Images/TransformedImages/mars_spirit3d_p5-A.jpg
2026-03-08 15:27:33,276 - INFO - [pipeline.py:44] - FlipWilsonTransformer
2026-03-08 15:27:33,301 - INFO - [pipeline.py:44] - XrayTransformer
2026-03-08 15:27:33,405 - INFO - [pipeline.py:117] - [Grade: F] Saved to: /Users/kenfasano/Scripts/ScreenArt/Images/Rejected/teapotsirds_winfree_big-F.jpg
2026-03-08 15:27:33,411 - INFO - [pipeline.py:44] - DataMoshTransformer
2026-03-08 15:27:33,429 - INFO - [pipeline.py:117] - [Grade: F] Saved to: /Users/kenfasano/Scripts/ScreenArt/Images/Rejected/NGC2403-HaLRGBMP1024-F.jpg
2026-03-08 15:27:33,433 - INFO - [pipeline.py:44] - FractalWarpTransformer
2026-03-08 15:27:33,448 - INFO - [pipeline.py:44] - SwirlWarpTransformer
2026-03-08 15:27:33,464 - INFO - [pipeline.py:44] - XrayTransformer
2026-03-08 15:27:33,535 - INFO - [pipeline.py:117] - [Grade: F] Saved to: /Users/kenfasano/Scripts/ScreenArt/Images/Rejected/orion_hubble_960-F.jpg
2026-03-08 15:27:33,541 - INFO - [pipeline.py:44] - ThermalImagingTransformer
2026-03-08 15:27:33,557 - INFO - [pipeline.py:44] - XrayTransformer
2026-03-08 15:27:33,637 - INFO - [pipeline.py:44] - DuotoneTransformer
2026-03-08 15:27:33,690 - INFO - [pipeline.py:44] - WheelTransformer
2026-03-08 15:27:33,790 - INFO - [pipeline.py:117] - [Grade: A] Saved to: /Users/kenfasano/Scripts/ScreenArt/Images/TransformedImages/Orionids_Hao_960-A.jpg
2026-03-08 15:27:33,792 - INFO - [pipeline.py:44] - InvertRGBTransformer
2026-03-08 15:27:33,792 - INFO - [pipeline.py:44] - SwirlWarpTransformer
2026-03-08 15:27:33,802 - INFO - [pipeline.py:44] - MeltMorphTransformer
2026-03-08 15:27:33,817 - INFO - [pipeline.py:117] - [Grade: F] Saved to: /Users/kenfasano/Scripts/ScreenArt/Images/Rejected/2007geminid_berko2_800-F.jpg
2026-03-08 15:27:33,819 - INFO - [pipeline.py:44] - AnamorphicTransformer
2026-03-08 15:27:33,832 - INFO - [pipeline.py:44] - MeltMorphTransformer
2026-03-08 15:27:33,852 - INFO - [pipeline.py:117] - [Grade: A] Saved to: /Users/kenfasano/Scripts/ScreenArt/Images/TransformedImages/moonrisemk_connelley-A.jpg
2026-03-08 15:27:33,864 - INFO - [pipeline.py:44] - MeltMorphTransformer
2026-03-08 15:27:33,921 - INFO - [pipeline.py:44] - DataMoshTransformer
2026-03-08 15:27:33,957 - INFO - [pipeline.py:44] - ThreeDExtrusionTransformer
2026-03-08 15:27:33,989 - INFO - [pipeline.py:44] - FluidWarpTransformer
2026-03-08 15:27:34,043 - INFO - [pipeline.py:117] - [Grade: B] Saved to: /Users/kenfasano/Scripts/ScreenArt/Images/TransformedImages/nasa_earth_1_Paris_True_Color-B.jpeg
2026-03-08 15:27:34,051 - INFO - [pipeline.py:44] - GlitchWarpTransformer
2026-03-08 15:27:34,071 - INFO - [pipeline.py:44] - DuotoneTransformer
2026-03-08 15:27:34,148 - INFO - [pipeline.py:117] - [Grade: B] Saved to: /Users/kenfasano/Scripts/ScreenArt/Images/TransformedImages/noaa_goes_1_se_Air_Mass-B.jpeg
2026-03-08 15:27:34,182 - INFO - [pipeline.py:44] - TritoneTransformer
2026-03-08 15:27:34,257 - INFO - [pipeline.py:44] - FisheyeTransformer
2026-03-08 15:27:34,342 - INFO - [pipeline.py:44] - PosterizationTransformer
2026-03-08 15:27:34,353 - INFO - [pipeline.py:44] - WatercolorTransformer
2026-03-08 15:27:34,572 - INFO - [pipeline.py:117] - [Grade: F] Saved to: /Users/kenfasano/Scripts/ScreenArt/Images/Rejected/Twenty-f-F.jpeg
2026-03-08 15:27:34,584 - INFO - [pipeline.py:44] - ThermalImagingTransformer
2026-03-08 15:27:34,616 - INFO - [pipeline.py:44] - XrayTransformer
2026-03-08 15:27:34,788 - INFO - [pipeline.py:44] - MeltMorphTransformer
2026-03-08 15:27:34,872 - INFO - [pipeline.py:117] - [Grade: F] Saved to: /Users/kenfasano/Scripts/ScreenArt/Images/Rejected/Ficus_ar-F.jpeg
2026-03-08 15:27:34,896 - INFO - [pipeline.py:44] - ColormapTransformer
2026-03-08 15:27:34,928 - INFO - [pipeline.py:44] - XrayTransformer
2026-03-08 15:27:35,151 - INFO - [pipeline.py:44] - ThermalImagingTransformer
2026-03-08 15:27:35,249 - INFO - [pipeline.py:117] - [Grade: F] Saved to: /Users/kenfasano/Scripts/ScreenArt/Images/Rejected/Hyacinth-F.jpeg
2026-03-08 15:27:35,259 - INFO - [pipeline.py:44] - InvertRGBTransformer
2026-03-08 15:27:35,260 - INFO - [pipeline.py:44] - AnamorphicTransformer
2026-03-08 15:27:35,312 - INFO - [pipeline.py:117] - [Grade: F] Saved to: /Users/kenfasano/Scripts/ScreenArt/Images/Rejected/_French_-F.jpeg
2026-03-08 15:27:35,318 - INFO - [pipeline.py:44] - WatercolorTransformer
2026-03-08 15:27:35,400 - INFO - [pipeline.py:44] - InvertRGBTransformer
2026-03-08 15:27:35,401 - INFO - [pipeline.py:44] - RadialWarpTransformer
2026-03-08 15:27:35,435 - INFO - [pipeline.py:117] - [Grade: F] Saved to: /Users/kenfasano/Scripts/ScreenArt/Images/Rejected/lojong_2-F.jpeg
2026-03-08 15:27:35,441 - INFO - [pipeline.py:44] - FractalWarpTransformer
2026-03-08 15:27:35,491 - INFO - [pipeline.py:117] - [Grade: C] Saved to: /Users/kenfasano/Scripts/ScreenArt/Images/TransformedImages/lojong_3-C.jpeg
2026-03-08 15:27:35,496 - INFO - [pipeline.py:44] - DuotoneTransformer
2026-03-08 15:27:35,588 - INFO - [pipeline.py:44] - GlitchWarpTransformer
2026-03-08 15:27:35,616 - INFO - [pipeline.py:44] - DataMoshTransformer
2026-03-08 15:27:35,666 - INFO - [pipeline.py:117] - [Grade: C] Saved to: /Users/kenfasano/Scripts/ScreenArt/Images/TransformedImages/lojong_8-C.jpeg
2026-03-08 15:27:35,672 - INFO - [pipeline.py:44] - PosterizationTransformer
2026-03-08 15:27:35,677 - INFO - [pipeline.py:44] - XrayTransformer
2026-03-08 15:27:35,723 - INFO - [pipeline.py:44] - FluidWarpTransformer
2026-03-08 15:27:35,766 - INFO - [pipeline.py:117] - [Grade: F] Saved to: /Users/kenfasano/Scripts/ScreenArt/Images/Rejected/lojong_4-F.jpeg
2026-03-08 15:27:35,772 - INFO - [pipeline.py:44] - DuotoneTransformer
2026-03-08 15:27:35,863 - INFO - [pipeline.py:44] - XrayTransformer
2026-03-08 15:27:35,924 - INFO - [pipeline.py:44] - ColormapTransformer
2026-03-08 15:27:35,935 - INFO - [pipeline.py:44] - HalftoneTransformer
2026-03-08 15:27:35,982 - INFO - [pipeline.py:117] - [Grade: F] Saved to: /Users/kenfasano/Scripts/ScreenArt/Images/Rejected/lojong_5-F.jpeg
2026-03-08 15:27:35,988 - INFO - [pipeline.py:44] - ThreeDExtrusionTransformer
2026-03-08 15:27:36,018 - INFO - [pipeline.py:44] - FisheyeTransformer
2026-03-08 15:27:36,041 - INFO - [pipeline.py:44] - PosterizationTransformer
2026-03-08 15:27:36,046 - INFO - [pipeline.py:44] - WatercolorTransformer
2026-03-08 15:27:36,137 - INFO - [pipeline.py:117] - [Grade: F] Saved to: /Users/kenfasano/Scripts/ScreenArt/Images/Rejected/lojong_9-F.jpeg
2026-03-08 15:27:36,144 - INFO - [pipeline.py:44] - SwirlWarpTransformer
2026-03-08 15:27:36,202 - INFO - [pipeline.py:117] - [Grade: F] Saved to: /Users/kenfasano/Scripts/ScreenArt/Images/Rejected/lojong_6-F.jpeg
2026-03-08 15:27:36,208 - INFO - [pipeline.py:44] - DuotoneTransformer
2026-03-08 15:27:36,300 - INFO - [pipeline.py:44] - GlitchWarpTransformer
2026-03-08 15:27:36,327 - INFO - [pipeline.py:44] - DataMoshTransformer
2026-03-08 15:27:36,364 - INFO - [pipeline.py:44] - PosterizationTransformer
2026-03-08 15:27:36,384 - INFO - [pipeline.py:117] - [Grade: F] Saved to: /Users/kenfasano/Scripts/ScreenArt/Images/Rejected/lojong_7-F.jpeg
2026-03-08 15:27:36,390 - INFO - [pipeline.py:44] - InvertRGBTransformer
2026-03-08 15:27:36,408 - INFO - [pipeline.py:117] - [Grade: F] Saved to: /Users/kenfasano/Scripts/ScreenArt/Images/Rejected/lojong_0-F.jpeg
2026-03-08 15:27:36,414 - INFO - [pipeline.py:44] - WatercolorTransformer
2026-03-08 15:27:36,492 - INFO - [pipeline.py:44] - XrayTransformer
2026-03-08 15:27:36,547 - INFO - [pipeline.py:44] - ThreeDExtrusionTransformer
2026-03-08 15:27:36,578 - INFO - [pipeline.py:44] - HalftoneTransformer
2026-03-08 15:27:36,625 - INFO - [pipeline.py:117] - [Grade: F] Saved to: /Users/kenfasano/Scripts/ScreenArt/Images/Rejected/lojong_1-F.jpeg
2026-03-08 15:27:36,632 - INFO - [pipeline.py:44] - HalftoneTransformer
2026-03-08 15:27:36,680 - INFO - [pipeline.py:117] - [Grade: F] Saved to: /Users/kenfasano/Scripts/ScreenArt/Images/Rejected/psalms_131-F.jpeg
2026-03-08 15:27:36,686 - INFO - [pipeline.py:44] - MeltMorphTransformer
2026-03-08 15:27:36,740 - INFO - [pipeline.py:44] - PosterizationTransformer
2026-03-08 15:27:36,744 - INFO - [pipeline.py:44] - ThermalImagingTransformer
2026-03-08 15:27:36,786 - INFO - [pipeline.py:117] - [Grade: F] Saved to: /Users/kenfasano/Scripts/ScreenArt/Images/Rejected/psalms_126-F.jpeg
2026-03-08 15:27:36,794 - INFO - [pipeline.py:44] - WheelTransformer
2026-03-08 15:27:36,968 - INFO - [pipeline.py:44] - XrayTransformer
2026-03-08 15:27:37,131 - INFO - [pipeline.py:44] - TritoneTransformer
2026-03-08 15:27:37,160 - INFO - [pipeline.py:44] - ThreeDExtrusionTransformer
2026-03-08 15:27:37,207 - INFO - [pipeline.py:117] - [Grade: F] Saved to: /Users/kenfasano/Scripts/ScreenArt/Images/Rejected/psalms_57-F.jpeg
2026-03-08 15:27:37,216 - INFO - [pipeline.py:44] - FlipWilsonTransformer
2026-03-08 15:27:37,327 - INFO - [pipeline.py:44] - ColormapTransformer
2026-03-08 15:27:37,354 - INFO - [pipeline.py:117] - [Grade: F] Saved to: /Users/kenfasano/Scripts/ScreenArt/Images/Rejected/psalms_31-F.jpeg
2026-03-08 15:27:37,360 - INFO - [pipeline.py:44] - XrayTransformer
2026-03-08 15:27:37,414 - INFO - [pipeline.py:44] - AnamorphicTransformer
2026-03-08 15:27:37,473 - INFO - [pipeline.py:117] - [Grade: F] Saved to: /Users/kenfasano/Scripts/ScreenArt/Images/Rejected/psalms_92-F.jpeg
2026-03-08 15:27:37,480 - INFO - [pipeline.py:44] - PosterizationTransformer
2026-03-08 15:27:37,485 - INFO - [pipeline.py:44] - WatercolorTransformer
2026-03-08 15:27:37,577 - INFO - [pipeline.py:117] - [Grade: F] Saved to: /Users/kenfasano/Scripts/ScreenArt/Images/Rejected/psalms_88-F.jpeg
2026-03-08 15:27:37,584 - INFO - [pipeline.py:44] - InvertRGBTransformer
2026-03-08 15:27:37,586 - INFO - [pipeline.py:44] - XrayTransformer
2026-03-08 15:27:37,631 - INFO - [pipeline.py:44] - WatercolorTransformer
2026-03-08 15:27:37,722 - INFO - [pipeline.py:117] - [Grade: F] Saved to: /Users/kenfasano/Scripts/ScreenArt/Images/Rejected/psalms_13-F.jpeg
2026-03-08 15:27:37,730 - INFO - [pipeline.py:44] - FlipWilsonTransformer
2026-03-08 15:27:37,845 - INFO - [pipeline.py:44] - FluidWarpTransformer
2026-03-08 15:27:37,888 - INFO - [pipeline.py:44] - DataMoshTransformer
2026-03-08 15:27:37,925 - INFO - [pipeline.py:44] - MeltMorphTransformer
2026-03-08 15:27:37,994 - INFO - [pipeline.py:117] - [Grade: F] Saved to: /Users/kenfasano/Scripts/ScreenArt/Images/Rejected/psalms_113-F.jpeg
2026-03-08 15:27:38,001 - INFO - [pipeline.py:44] - PosterizationTransformer
2026-03-08 15:27:38,006 - INFO - [pipeline.py:44] - HalftoneTransformer
2026-03-08 15:27:38,037 - INFO - [pipeline.py:44] - AnamorphicTransformer
2026-03-08 15:27:38,079 - INFO - [pipeline.py:44] - GlitchWarpTransformer
2026-03-08 15:27:38,121 - INFO - [pipeline.py:117] - [Grade: F] Saved to: /Users/kenfasano/Scripts/ScreenArt/Images/Rejected/psalms_22-F.jpeg
2026-03-08 15:27:38,128 - INFO - [pipeline.py:44] - ColormapTransformer
2026-03-08 15:27:38,139 - INFO - [pipeline.py:44] - RadialWarpTransformer
2026-03-08 15:27:38,156 - INFO - [pipeline.py:44] - FractalWarpTransformer
2026-03-08 15:27:38,191 - INFO - [pipeline.py:44] - MeltMorphTransformer
2026-03-08 15:27:38,261 - INFO - [pipeline.py:117] - [Grade: F] Saved to: /Users/kenfasano/Scripts/ScreenArt/Images/Rejected/psalms_14-F.jpeg
2026-03-08 15:27:38,264 - INFO - [pipeline.py:44] - FluidWarpTransformer
2026-03-08 15:27:38,291 - INFO - [pipeline.py:44] - FractalWarpTransformer
2026-03-08 15:27:38,302 - INFO - [pipeline.py:44] - PosterizationTransformer
2026-03-08 15:27:38,303 - INFO - [pipeline.py:44] - ThermalImagingTransformer
2026-03-08 15:27:38,317 - INFO - [pipeline.py:117] - [Grade: F] Saved to: /Users/kenfasano/Scripts/ScreenArt/Images/Rejected/peripheral_drift_2-F.jpeg
2026-03-08 15:27:38,320 - INFO - [pipeline.py:44] - TritoneTransformer
2026-03-08 15:27:38,329 - INFO - [pipeline.py:44] - WheelTransformer
2026-03-08 15:27:38,384 - INFO - [pipeline.py:117] - [Grade: F] Saved to: /Users/kenfasano/Scripts/ScreenArt/Images/Rejected/peripheral_drift_3-F.jpeg
2026-03-08 15:27:38,387 - INFO - [pipeline.py:44] - MeltMorphTransformer
2026-03-08 15:27:38,404 - INFO - [pipeline.py:44] - GlitchWarpTransformer
2026-03-08 15:27:38,412 - INFO - [pipeline.py:44] - FisheyeTransformer
2026-03-08 15:27:38,425 - INFO - [pipeline.py:117] - [Grade: C] Saved to: /Users/kenfasano/Scripts/ScreenArt/Images/TransformedImages/peripheral_drift_1-C.jpeg
2026-03-08 15:27:38,432 - INFO - [pipeline.py:44] - FractalWarpTransformer
2026-03-08 15:27:38,467 - INFO - [pipeline.py:44] - PosterizationTransformer
2026-03-08 15:27:38,472 - INFO - [pipeline.py:44] - MeltMorphTransformer
2026-03-08 15:27:38,540 - INFO - [pipeline.py:117] - [Grade: F] Saved to: /Users/kenfasano/Scripts/ScreenArt/Images/Rejected/koch_snowflake_3_1-F.jpeg
2026-03-08 15:27:38,546 - INFO - [pipeline.py:44] - SwirlWarpTransformer
2026-03-08 15:27:38,588 - INFO - [pipeline.py:44] - ThermalImagingTransformer
2026-03-08 15:27:38,615 - INFO - [pipeline.py:44] - WheelTransformer
2026-03-08 15:27:38,790 - INFO - [pipeline.py:44] - FisheyeTransformer
2026-03-08 15:27:38,829 - INFO - [pipeline.py:117] - [Grade: A] Saved to: /Users/kenfasano/Scripts/ScreenArt/Images/TransformedImages/koch_snowflake_3_2-A.jpeg
2026-03-08 15:27:38,835 - INFO - [pipeline.py:44] - WheelTransformer
2026-03-08 15:27:39,009 - INFO - [pipeline.py:44] - AnamorphicTransformer
2026-03-08 15:27:39,064 - INFO - [pipeline.py:44] - DuotoneTransformer
2026-03-08 15:27:39,169 - INFO - [pipeline.py:117] - [Grade: F] Saved to: /Users/kenfasano/Scripts/ScreenArt/Images/Rejected/koch_snowflake_3_3-F.jpeg
2026-03-08 15:27:39,175 - INFO - [pipeline.py:44] - FractalWarpTransformer
2026-03-08 15:27:39,209 - INFO - [pipeline.py:44] - FisheyeTransformer
2026-03-08 15:27:39,248 - INFO - [pipeline.py:117] - [Grade: A] Saved to: /Users/kenfasano/Scripts/ScreenArt/Images/TransformedImages/koch_snowflake_3_4-A.jpeg
2026-03-08 15:27:39,254 - INFO - [pipeline.py:44] - RadialWarpTransformer
2026-03-08 15:27:39,282 - INFO - [pipeline.py:117] - [Grade: C] Saved to: /Users/kenfasano/Scripts/ScreenArt/Images/TransformedImages/koch_snowflake_3_5-C.jpeg
2026-03-08 15:27:39,291 - INFO - [pipeline.py:44] - SwirlWarpTransformer
2026-03-08 15:27:39,350 - INFO - [pipeline.py:117] - [Grade: F] Saved to: /Users/kenfasano/Scripts/ScreenArt/Images/Rejected/hilbert_5-F.jpg
2026-03-08 15:27:39,361 - INFO - [pipeline.py:44] - MeltMorphTransformer
2026-03-08 15:27:39,417 - INFO - [pipeline.py:44] - InvertRGBTransformer
2026-03-08 15:27:39,418 - INFO - [pipeline.py:44] - TritoneTransformer
2026-03-08 15:27:39,461 - INFO - [pipeline.py:117] - [Grade: F] Saved to: /Users/kenfasano/Scripts/ScreenArt/Images/Rejected/hilbert_4-F.jpg
2026-03-08 15:27:39,468 - INFO - [pipeline.py:44] - PosterizationTransformer
2026-03-08 15:27:39,473 - INFO - [pipeline.py:44] - DuotoneTransformer
2026-03-08 15:27:39,565 - INFO - [pipeline.py:44] - GlitchWarpTransformer
2026-03-08 15:27:39,592 - INFO - [pipeline.py:44] - HalftoneTransformer
2026-03-08 15:27:39,638 - INFO - [pipeline.py:117] - [Grade: F] Saved to: /Users/kenfasano/Scripts/ScreenArt/Images/Rejected/hilbert_1-F.jpg
2026-03-08 15:27:39,652 - INFO - [pipeline.py:44] - RadialWarpTransformer
2026-03-08 15:27:39,665 - INFO - [pipeline.py:44] - TritoneTransformer
2026-03-08 15:27:39,695 - INFO - [pipeline.py:44] - WatercolorTransformer
2026-03-08 15:27:39,789 - INFO - [pipeline.py:117] - [Grade: F] Saved to: /Users/kenfasano/Scripts/ScreenArt/Images/Rejected/hilbert_3-F.jpg
2026-03-08 15:27:39,797 - INFO - [pipeline.py:44] - GlitchWarpTransformer
2026-03-08 15:27:39,841 - INFO - [pipeline.py:117] - [Grade: F] Saved to: /Users/kenfasano/Scripts/ScreenArt/Images/Rejected/hilbert_2-F.jpg
2026-03-08 15:27:39,842 - INFO - [main.py:196] - WheelTransformer
2026-03-08 15:27:39,842 - INFO - [main.py:196] - XrayTransformer
2026-03-08 15:27:39,842 - INFO - [main.py:196] - WatercolorTransformer
2026-03-08 15:27:39,842 - INFO - [main.py:196] - DuotoneTransformer
2026-03-08 15:27:39,842 - INFO - [main.py:196] - FlipWilsonTransformer
2026-03-08 15:27:39,842 - INFO - [main.py:196] - AnamorphicTransformer
2026-03-08 15:27:39,842 - INFO - [main.py:196] - MeltMorphTransformer
2026-03-08 15:27:39,842 - INFO - [main.py:196] - FluidWarpTransformer
2026-03-08 15:27:39,842 - INFO - [main.py:196] - SwirlWarpTransformer
2026-03-08 15:27:39,842 - INFO - [main.py:196] - DataMoshTransformer
2026-03-08 15:27:39,842 - INFO - [main.py:196] - FractalWarpTransformer
2026-03-08 15:27:39,842 - INFO - [main.py:196] - FisheyeTransformer
2026-03-08 15:27:39,842 - INFO - [main.py:196] - TritoneTransformer
2026-03-08 15:27:39,842 - INFO - [main.py:196] - ThreeDExtrusionTransformer
2026-03-08 15:27:39,842 - INFO - [main.py:196] - HalftoneTransformer
2026-03-08 15:27:39,842 - INFO - [main.py:196] - ThermalImagingTransformer
2026-03-08 15:27:39,842 - INFO - [main.py:196] - GlitchWarpTransformer
2026-03-08 15:27:39,842 - INFO - [main.py:196] - ColormapTransformer
2026-03-08 15:27:39,842 - INFO - [main.py:196] - RadialWarpTransformer
2026-03-08 15:27:39,842 - INFO - [main.py:196] - PosterizationTransformer
2026-03-08 15:27:39,842 - INFO - [main.py:196] - InvertRGBTransformer
2026-03-08 15:27:39,843 - INFO - [main.py:239] - 14s@15:27 ✓
Accepted: 17
Rejected: 49
---
Wiki                       ->  2666ms
Nasa                       ->   603ms
GoesGenerator              ->   483ms
Cubes                      ->   455ms
Bible                      ->   384ms
Lojong                     ->   359ms
KochSnowflake              ->   299ms
Bubbles                    ->   265ms
Hilbert                    ->    57ms
PeripheralDriftIllusion    ->    42ms
NasaMapGenerator           ->    35ms
---
WheelTransformer           -> Min:    19ms | Avg:   122ms | Max:   175ms
XrayTransformer            -> Min:    45ms | Avg:    94ms | Max:   223ms
WatercolorTransformer      -> Min:    76ms | Avg:    89ms | Max:   181ms
DuotoneTransformer         -> Min:    28ms | Avg:    79ms | Max:    95ms
FlipWilsonTransformer      -> Min:    25ms | Avg:    74ms | Max:   115ms
AnamorphicTransformer      -> Min:    13ms | Avg:    44ms | Max:    67ms
MeltMorphTransformer       -> Min:    12ms | Avg:    43ms | Max:    64ms
FluidWarpTransformer       -> Min:    27ms | Avg:    43ms | Max:    79ms
SwirlWarpTransformer       -> Min:    10ms | Avg:    35ms | Max:    49ms
DataMoshTransformer        -> Min:    12ms | Avg:    33ms | Max:    38ms
FractalWarpTransformer     -> Min:    11ms | Avg:    31ms | Max:    42ms
FisheyeTransformer         -> Min:     7ms | Avg:    30ms | Max:    85ms
TritoneTransformer         -> Min:     8ms | Avg:    30ms | Max:    75ms
ThreeDExtrusionTransformer -> Min:     8ms | Avg:    30ms | Max:    40ms
HalftoneTransformer        -> Min:     8ms | Avg:    28ms | Max:    33ms
ThermalImagingTransformer  -> Min:     3ms | Avg:    24ms | Max:    63ms
GlitchWarpTransformer      -> Min:     4ms | Avg:    21ms | Max:    27ms
ColormapTransformer        -> Min:    11ms | Avg:    16ms | Max:    31ms
RadialWarpTransformer      -> Min:    13ms | Avg:    14ms | Max:    18ms
PosterizationTransformer   -> Min:     1ms | Avg:     4ms | Max:    11ms
InvertRGBTransformer       -> Min:     0ms | Avg:     1ms | Max:     1ms
