2026-04-02 06:20:39,082 - INFO - [mandala_draw.py:291] - mandala_draw: generated 3/3
2026-04-02 06:20:49,385 - INFO - [pipeline.py:136] - "FlipWilsonTransformer","keep=bottom,narrow=0.49"
2026-04-02 06:20:49,444 - INFO - [pipeline.py:136] - "KaleidoscopeTransformer","cx_off=-0.03,cy_off=0.18,segments=8"
2026-04-02 06:20:49,458 - INFO - [pipeline.py:136] - "ColormapTransformer","map=summer"
2026-04-02 06:20:49,637 - INFO - [pipeline.py:136] - "WheelTransformer","blend=lighter,copies=5"
2026-04-02 06:20:49,661 - INFO - [pipeline.py:250] - [Grade: B] Saved to: /Users/kenfasano/Scripts/ScreenArt/Images/TransformedImages/psalms_21-B-columns_a608.jpeg
2026-04-02 06:20:49,697 - INFO - [pipeline.py:136] - "ChromaticAberrationTransformer","angle=84.60,edge_fade=1,shift=17.60"
2026-04-02 06:20:49,716 - INFO - [pipeline.py:250] - [Grade: A] Saved to: /Users/kenfasano/Scripts/ScreenArt/Images/TransformedImages/psalms_47-A-scatter_0218.jpeg
2026-04-02 06:20:49,944 - INFO - [pipeline.py:136] - "WatercolorTransformer","scale=0.85,style=psychedelic"
2026-04-02 06:20:49,995 - INFO - [pipeline.py:136] - "KaleidoscopeTransformer","cx_off=-0.17,cy_off=-0.15,segments=12"
2026-04-02 06:20:50,057 - INFO - [pipeline.py:136] - "PixelSortTransformer","direction=rows,high=0.77,low=0.27,sort_key=blue"
2026-04-02 06:20:50,084 - INFO - [pipeline.py:136] - "ChromaticAberrationTransformer","angle=317.30,edge_fade=1,shift=15.00"
2026-04-02 06:20:50,104 - INFO - [pipeline.py:250] - [Grade: B] Saved to: /Users/kenfasano/Scripts/ScreenArt/Images/TransformedImages/psalms_67-B-scatter_3d26.jpeg
2026-04-02 06:20:50,126 - INFO - [pipeline.py:136] - "PosterizationTransformer","levels=4"
2026-04-02 06:20:50,340 - INFO - [pipeline.py:136] - "WatercolorTransformer","scale=0.85,style=psychedelic"
2026-04-02 06:20:50,375 - INFO - [pipeline.py:136] - "DataMoshTransformer","intensity=0.01"
2026-04-02 06:20:50,423 - INFO - [pipeline.py:136] - "FluidWarpTransformer","alpha=0.77,sigma=6.36"
2026-04-02 06:20:50,442 - INFO - [pipeline.py:250] - [Grade: F] Saved to: /Users/kenfasano/Scripts/ScreenArt/Images/Rejected/psalms_115-F-hero_4792.jpeg
2026-04-02 06:20:50,626 - INFO - [pipeline.py:136] - "WheelTransformer","blend=lighter,copies=5"
2026-04-02 06:20:50,653 - INFO - [pipeline.py:136] - "GlitchWarpTransformer","intensity=0.01"
2026-04-02 06:20:50,666 - INFO - [pipeline.py:136] - "ColormapTransformer","map=autumn"
2026-04-02 06:20:50,688 - INFO - [pipeline.py:250] - [Grade: B] Saved to: /Users/kenfasano/Scripts/ScreenArt/Images/TransformedImages/psalms_96-B-tile_f3fc.jpeg
2026-04-02 06:20:50,709 - INFO - [pipeline.py:136] - "PosterizationTransformer","levels=4"
2026-04-02 06:20:50,736 - INFO - [pipeline.py:136] - "GlitchWarpTransformer","intensity=0.01"
2026-04-02 06:20:50,789 - INFO - [pipeline.py:136] - "MeltMorphTransformer","intensity=0.50"
2026-04-02 06:20:50,808 - INFO - [pipeline.py:250] - [Grade: A] Saved to: /Users/kenfasano/Scripts/ScreenArt/Images/TransformedImages/bubbles_4-A_5d49.jpeg
2026-04-02 06:20:50,829 - INFO - [pipeline.py:136] - "PosterizationTransformer","levels=4"
2026-04-02 06:20:50,864 - INFO - [pipeline.py:136] - "FractalWarpTransformer","iter=1,scale=0.05"
2026-04-02 06:20:50,917 - INFO - [pipeline.py:136] - "MeltMorphTransformer","intensity=0.50"
2026-04-02 06:20:51,091 - INFO - [pipeline.py:136] - "WheelTransformer","blend=lighter,copies=5"
2026-04-02 06:20:51,110 - INFO - [pipeline.py:250] - [Grade: F] Saved to: /Users/kenfasano/Scripts/ScreenArt/Images/Rejected/bubbles_5-F_d88f.jpeg
2026-04-02 06:20:51,134 - INFO - [pipeline.py:136] - "RadialWarpTransformer","radius=0.25,strength=108.43343344147819,style=push"
2026-04-02 06:20:51,161 - INFO - [pipeline.py:136] - "GlitchWarpTransformer","intensity=0.01"
2026-04-02 06:20:51,197 - INFO - [pipeline.py:136] - "FractalWarpTransformer","iter=1,scale=0.05"
2026-04-02 06:20:51,237 - INFO - [pipeline.py:136] - "PixelSortTransformer","direction=rows,high=0.92,low=0.31,sort_key=brightness"
2026-04-02 06:20:51,255 - INFO - [pipeline.py:250] - [Grade: C] Saved to: /Users/kenfasano/Scripts/ScreenArt/Images/TransformedImages/bubbles_2-C_2603.jpeg
2026-04-02 06:20:51,276 - INFO - [pipeline.py:136] - "ColormapTransformer","map=summer"
2026-04-02 06:20:51,289 - INFO - [pipeline.py:136] - "PosterizationTransformer","levels=4"
2026-04-02 06:20:51,309 - INFO - [pipeline.py:250] - [Grade: A] Saved to: /Users/kenfasano/Scripts/ScreenArt/Images/TransformedImages/bubbles_3-A_0528.jpeg
2026-04-02 06:20:51,352 - INFO - [pipeline.py:136] - "FisheyeTransformer","shape=oval,strength=0.40,zoom=1.03"
2026-04-02 06:20:51,380 - INFO - [pipeline.py:136] - "ChromaticAberrationTransformer","angle=126.70,edge_fade=1,shift=12.90"
2026-04-02 06:20:51,398 - INFO - [pipeline.py:250] - [Grade: F] Saved to: /Users/kenfasano/Scripts/ScreenArt/Images/Rejected/bubbles_1-F_86cf.jpeg
2026-04-02 06:20:51,463 - INFO - [pipeline.py:136] - "PixelSortTransformer","direction=cols,high=0.87,low=0.22,sort_key=brightness"
2026-04-02 06:20:51,480 - INFO - [pipeline.py:250] - [Grade: A] Saved to: /Users/kenfasano/Scripts/ScreenArt/Images/TransformedImages/cubes_2-A_e973.jpeg
2026-04-02 06:20:51,539 - INFO - [pipeline.py:136] - "MeltMorphTransformer","intensity=0.50"
2026-04-02 06:20:51,556 - INFO - [pipeline.py:250] - [Grade: A] Saved to: /Users/kenfasano/Scripts/ScreenArt/Images/TransformedImages/cubes_3-A_9301.jpeg
2026-04-02 06:20:51,590 - INFO - [pipeline.py:136] - "GlitchWarpTransformer","intensity=0.01"
2026-04-02 06:20:51,608 - INFO - [pipeline.py:250] - [Grade: A] Saved to: /Users/kenfasano/Scripts/ScreenArt/Images/TransformedImages/cubes_1-A_70c0.jpeg
2026-04-02 06:20:51,640 - INFO - [pipeline.py:136] - "FractalWarpTransformer","iter=1,scale=0.05"
2026-04-02 06:20:51,653 - INFO - [pipeline.py:250] - [Grade: C] Saved to: /Users/kenfasano/Scripts/ScreenArt/Images/TransformedImages/noaa_goes_2_se_Air_Mass-C_5825.jpeg
2026-04-02 06:20:51,695 - INFO - [pipeline.py:136] - "HalftoneTransformer","size=2"
2026-04-02 06:20:51,709 - INFO - [pipeline.py:136] - "OilPaintingTransformer","dyn_ratio=5,size=3"
2026-04-02 06:20:51,718 - INFO - [pipeline.py:136] - "PosterizationTransformer","levels=4"
2026-04-02 06:20:51,730 - INFO - [pipeline.py:250] - [Grade: A] Saved to: /Users/kenfasano/Scripts/ScreenArt/Images/TransformedImages/noaa_goes_1_se_GeoColor-A_958e.jpeg
2026-04-02 06:20:51,776 - INFO - [pipeline.py:136] - "SwirlWarpTransformer","strength=1.50"
2026-04-02 06:20:51,803 - INFO - [pipeline.py:136] - "ChromaticAberrationTransformer","angle=205.50,edge_fade=1,shift=15.80"
2026-04-02 06:20:51,821 - INFO - [pipeline.py:250] - [Grade: C] Saved to: /Users/kenfasano/Scripts/ScreenArt/Images/TransformedImages/lojong_2-C-columns_1110.jpeg
2026-04-02 06:20:51,873 - INFO - [pipeline.py:136] - "FluidWarpTransformer","alpha=1.39,sigma=6.00"
2026-04-02 06:20:52,048 - INFO - [pipeline.py:136] - "WheelTransformer","blend=lighter,copies=5"
2026-04-02 06:20:52,087 - INFO - [pipeline.py:136] - "ThermalImagingTransformer","thermal=True"
2026-04-02 06:20:52,126 - INFO - [pipeline.py:136] - "FractalWarpTransformer","iter=1,scale=0.05"
2026-04-02 06:20:52,146 - INFO - [pipeline.py:250] - [Grade: C] Saved to: /Users/kenfasano/Scripts/ScreenArt/Images/TransformedImages/lojong_3-C-tile_6bc0.jpeg
2026-04-02 06:20:52,166 - INFO - [pipeline.py:136] - "ColormapTransformer","map=bone"
2026-04-02 06:20:52,184 - INFO - [pipeline.py:250] - [Grade: B] Saved to: /Users/kenfasano/Scripts/ScreenArt/Images/TransformedImages/lojong_4-B-hero_fd89.jpeg
2026-04-02 06:20:52,228 - INFO - [pipeline.py:136] - "ThermalImagingTransformer","thermal=True"
2026-04-02 06:20:52,241 - INFO - [pipeline.py:136] - "PosterizationTransformer","levels=4"
2026-04-02 06:20:52,259 - INFO - [pipeline.py:250] - [Grade: C] Saved to: /Users/kenfasano/Scripts/ScreenArt/Images/TransformedImages/lojong_0-C-hero_f4d7.jpeg
2026-04-02 06:20:52,280 - INFO - [pipeline.py:136] - "ColormapTransformer","map=bone"
2026-04-02 06:20:52,300 - INFO - [pipeline.py:250] - [Grade: C] Saved to: /Users/kenfasano/Scripts/ScreenArt/Images/TransformedImages/lojong_1-C-tile_6244.jpeg
2026-04-02 06:20:52,344 - INFO - [pipeline.py:136] - "GlitchWarpTransformer","intensity=0.01"
2026-04-02 06:20:52,415 - INFO - [pipeline.py:136] - "MeltMorphTransformer","intensity=0.50"
2026-04-02 06:20:52,436 - INFO - [pipeline.py:250] - [Grade: A] Saved to: /Users/kenfasano/Scripts/ScreenArt/Images/TransformedImages/mandala_draw_1-A_18d7.jpeg
2026-04-02 06:20:52,475 - INFO - [pipeline.py:136] - "PixelSortTransformer","direction=rows,high=0.61,low=0.29,sort_key=brightness"
2026-04-02 06:20:52,510 - INFO - [pipeline.py:136] - "FisheyeTransformer","shape=circle,strength=0.75,zoom=1.05"
2026-04-02 06:20:52,526 - INFO - [pipeline.py:136] - "ColormapTransformer","map=ocean"
2026-04-02 06:20:52,570 - INFO - [pipeline.py:136] - "ThermalImagingTransformer","thermal=True"
2026-04-02 06:20:52,596 - INFO - [pipeline.py:250] - [Grade: C] Saved to: /Users/kenfasano/Scripts/ScreenArt/Images/TransformedImages/mandala_draw_0-C_feed.jpeg
2026-04-02 06:20:52,651 - INFO - [pipeline.py:136] - "FractalWarpTransformer","iter=1,scale=0.05"
2026-04-02 06:20:52,713 - INFO - [pipeline.py:136] - "MeltMorphTransformer","intensity=0.50"
2026-04-02 06:20:52,738 - INFO - [pipeline.py:250] - [Grade: A] Saved to: /Users/kenfasano/Scripts/ScreenArt/Images/TransformedImages/mandala_draw_2-A_4391.jpeg
2026-04-02 06:20:52,789 - INFO - [pipeline.py:136] - "DataMoshTransformer","intensity=0.01"
2026-04-02 06:20:52,828 - INFO - [pipeline.py:136] - "SwirlWarpTransformer","strength=1.50"
2026-04-02 06:20:53,126 - INFO - [pipeline.py:136] - "PixelSortTransformer","direction=rows,high=0.71,low=0.25,sort_key=green"
2026-04-02 06:20:53,148 - INFO - [pipeline.py:250] - [Grade: A] Saved to: /Users/kenfasano/Scripts/ScreenArt/Images/TransformedImages/nasa_earth_3_New_York_Vegetation_False_Color-A_0615.jpeg
2026-04-02 06:20:53,186 - INFO - [pipeline.py:136] - "FisheyeTransformer","shape=circle,strength=0.36,zoom=1.01"
2026-04-02 06:20:53,361 - INFO - [pipeline.py:136] - "WheelTransformer","blend=lighter,copies=5"
2026-04-02 06:20:53,374 - INFO - [pipeline.py:136] - "ColormapTransformer","map=winter"
2026-04-02 06:20:53,387 - INFO - [pipeline.py:136] - "PosterizationTransformer","levels=4"
2026-04-02 06:20:53,409 - INFO - [pipeline.py:250] - [Grade: A] Saved to: /Users/kenfasano/Scripts/ScreenArt/Images/TransformedImages/nasa_earth_1_Jakarta_True_Color-A_b295.jpeg
2026-04-02 06:20:53,420 - INFO - [pipeline.py:136] - "RadialWarpTransformer","radius=0.25,strength=134.643610837329,77.96814686115016,style=push,pull"
2026-04-02 06:20:53,425 - INFO - [pipeline.py:250] - [Grade: A] Saved to: /Users/kenfasano/Scripts/ScreenArt/Images/TransformedImages/helix_spitzer_720-A_10e8.jpg
2026-04-02 06:20:53,440 - INFO - [pipeline.py:136] - "ThermalImagingTransformer","thermal=True"
2026-04-02 06:20:53,455 - INFO - [pipeline.py:136] - "FluidWarpTransformer","alpha=9.17,sigma=7.90"
2026-04-02 06:20:53,462 - INFO - [pipeline.py:250] - [Grade: A] Saved to: /Users/kenfasano/Scripts/ScreenArt/Images/TransformedImages/ChicagoClouds_Hersch_960-A_4d03.jpg
2026-04-02 06:20:53,465 - INFO - [pipeline.py:136] - "ColormapTransformer","map=hsv"
2026-04-02 06:20:53,472 - INFO - [pipeline.py:136] - "ThermalImagingTransformer","thermal=True"
2026-04-02 06:20:53,476 - INFO - [pipeline.py:136] - "RadialWarpTransformer","radius=0.25,strength=113.26311848496442,90.44768880364106,77.76297452673046,style=pull,pull,push"
2026-04-02 06:20:53,481 - INFO - [pipeline.py:136] - "FractalWarpTransformer","iter=1,scale=0.05"
2026-04-02 06:20:53,486 - INFO - [pipeline.py:250] - [Grade: B] Saved to: /Users/kenfasano/Scripts/ScreenArt/Images/TransformedImages/SMCHambschGendlerC44-B_7b6c.jpg
2026-04-02 06:20:53,495 - INFO - [pipeline.py:136] - "SwirlWarpTransformer","strength=1.50"
2026-04-02 06:20:53,499 - INFO - [pipeline.py:250] - [Grade: A] Saved to: /Users/kenfasano/Scripts/ScreenArt/Images/TransformedImages/wildcomp_stardust_c1-A_7a26.jpg
2026-04-02 06:20:53,538 - INFO - [pipeline.py:136] - "HalftoneTransformer","size=2"
2026-04-02 06:20:53,554 - INFO - [pipeline.py:136] - "GlitchWarpTransformer","intensity=0.01"
2026-04-02 06:20:53,579 - INFO - [pipeline.py:136] - "FluidWarpTransformer","alpha=2.72,sigma=4.88"
2026-04-02 06:20:53,602 - INFO - [pipeline.py:136] - "SwirlWarpTransformer","strength=1.50"
2026-04-02 06:20:53,613 - INFO - [pipeline.py:250] - [Grade: A] Saved to: /Users/kenfasano/Scripts/ScreenArt/Images/TransformedImages/2011_04_02-03_360degDruckmuller600-A_d920.jpg
2026-04-02 06:20:53,622 - INFO - [pipeline.py:136] - "OilPaintingTransformer","dyn_ratio=2,size=3"
2026-04-02 06:20:53,627 - INFO - [pipeline.py:250] - [Grade: C] Saved to: /Users/kenfasano/Scripts/ScreenArt/Images/TransformedImages/ngc2419Franke-C_ba1e.jpg
2026-04-02 06:20:53,634 - INFO - [pipeline.py:136] - "FractalWarpTransformer","iter=1,scale=0.05"
2026-04-02 06:20:53,642 - INFO - [pipeline.py:136] - "KaleidoscopeTransformer","cx_off=0.02,cy_off=-0.02,segments=8"
2026-04-02 06:20:53,650 - INFO - [pipeline.py:136] - "MeltMorphTransformer","intensity=0.50"
2026-04-02 06:20:53,653 - INFO - [pipeline.py:136] - "RadialWarpTransformer","radius=0.25,strength=101.93342845402765,style=push"
2026-04-02 06:20:53,656 - INFO - [pipeline.py:250] - [Grade: A] Saved to: /Users/kenfasano/Scripts/ScreenArt/Images/TransformedImages/snowmars_odyssey-A_bf96.jpg
2026-04-02 06:20:53,669 - INFO - [pipeline.py:136] - "GlitchWarpTransformer","intensity=0.01"
2026-04-02 06:20:53,676 - INFO - [pipeline.py:250] - [Grade: A] Saved to: /Users/kenfasano/Scripts/ScreenArt/Images/TransformedImages/conjunction_181111_ladanyi_web-A_eae7.jpg
2026-04-02 06:20:53,735 - INFO - [pipeline.py:136] - "WheelTransformer","blend=lighter,copies=5"
2026-04-02 06:20:53,745 - INFO - [pipeline.py:136] - "ChromaticAberrationTransformer","angle=24.00,edge_fade=1,shift=15.90"
2026-04-02 06:20:53,754 - INFO - [pipeline.py:136] - "GlitchWarpTransformer","intensity=0.01"
2026-04-02 06:20:53,762 - INFO - [pipeline.py:250] - [Grade: A] Saved to: /Users/kenfasano/Scripts/ScreenArt/Images/TransformedImages/AuroraCorona_FredrikBroms_27sep2011_APOD900-A_4621.jpg
2026-04-02 06:20:53,772 - INFO - [pipeline.py:136] - "OilPaintingTransformer","dyn_ratio=8,size=5"
2026-04-02 06:20:53,776 - INFO - [pipeline.py:136] - "RadialWarpTransformer","radius=0.25,strength=133.18990936842926,style=pull"
2026-04-02 06:20:53,832 - INFO - [pipeline.py:136] - "VoronoiTransformer","edge_blend=1,num_points=185"
2026-04-02 06:20:53,844 - INFO - [pipeline.py:136] - "MeltMorphTransformer","intensity=0.50"
2026-04-02 06:20:53,849 - INFO - [pipeline.py:250] - [Grade: A] Saved to: /Users/kenfasano/Scripts/ScreenArt/Images/TransformedImages/beltofvenus_churchill-A_59fe.jpg
2026-04-02 06:20:53,862 - INFO - [pipeline.py:136] - "SwirlWarpTransformer","strength=1.50"
2026-04-02 06:20:53,871 - INFO - [pipeline.py:136] - "DataMoshTransformer","intensity=0.02"
2026-04-02 06:20:53,876 - INFO - [pipeline.py:250] - [Grade: C] Saved to: /Users/kenfasano/Scripts/ScreenArt/Images/TransformedImages/marshole_hirise-C_6e6d.jpg
2026-04-02 06:20:53,937 - INFO - [pipeline.py:136] - "ThermalImagingTransformer","thermal=True"
2026-04-02 06:20:54,165 - INFO - [pipeline.py:136] - "WatercolorTransformer","scale=0.85,style=monet"
2026-04-02 06:20:54,182 - INFO - [pipeline.py:250] - [Grade: C] Saved to: /Users/kenfasano/Scripts/ScreenArt/Images/TransformedImages/peace_0-C_fc8d.jpeg
2026-04-02 06:20:54,236 - INFO - [pipeline.py:136] - "FluidWarpTransformer","alpha=5.09,sigma=4.35"
2026-04-02 06:20:54,256 - INFO - [pipeline.py:250] - [Grade: A] Saved to: /Users/kenfasano/Scripts/ScreenArt/Images/TransformedImages/peace_1-A_a163.jpeg
2026-04-02 06:20:54,326 - INFO - [pipeline.py:136] - "MeltMorphTransformer","intensity=0.50"
2026-04-02 06:20:54,354 - INFO - [pipeline.py:136] - "ChromaticAberrationTransformer","angle=55.90,edge_fade=1,shift=11.30"
2026-04-02 06:20:54,527 - INFO - [pipeline.py:136] - "WheelTransformer","blend=lighter,copies=5"
2026-04-02 06:20:54,547 - INFO - [pipeline.py:250] - [Grade: A] Saved to: /Users/kenfasano/Scripts/ScreenArt/Images/TransformedImages/peace_2-A_c088.jpeg
2026-04-02 06:20:54,586 - INFO - [pipeline.py:136] - "FisheyeTransformer","shape=oval,strength=0.32,zoom=0.89"
2026-04-02 06:20:54,630 - INFO - [pipeline.py:136] - "FractalWarpTransformer","iter=1,scale=0.05"
2026-04-02 06:20:54,671 - INFO - [pipeline.py:136] - "ThermalImagingTransformer","thermal=True"
2026-04-02 06:20:54,693 - INFO - [pipeline.py:250] - [Grade: A] Saved to: /Users/kenfasano/Scripts/ScreenArt/Images/TransformedImages/peace_3-A_dcbb.jpeg
2026-04-02 06:20:54,726 - INFO - [pipeline.py:136] - "FlipWilsonTransformer","keep=bottom,narrow=0.49"
2026-04-02 06:20:54,775 - INFO - [pipeline.py:136] - "WheelTransformer","blend=lighter,copies=5"
2026-04-02 06:20:54,780 - INFO - [pipeline.py:136] - "ColormapTransformer","map=cool"
2026-04-02 06:20:54,804 - INFO - [pipeline.py:136] - "OilPaintingTransformer","dyn_ratio=6,size=8"
2026-04-02 06:20:54,811 - INFO - [pipeline.py:250] - [Grade: F] Saved to: /Users/kenfasano/Scripts/ScreenArt/Images/Rejected/peripheral_drift_2-F_2e4d.jpeg
2026-04-02 06:20:54,828 - INFO - [pipeline.py:136] - "SwirlWarpTransformer","strength=1.50"
2026-04-02 06:20:54,836 - INFO - [pipeline.py:250] - [Grade: A] Saved to: /Users/kenfasano/Scripts/ScreenArt/Images/TransformedImages/peripheral_drift_3-A_9d6d.jpeg
2026-04-02 06:20:54,847 - INFO - [pipeline.py:136] - "ChromaticAberrationTransformer","angle=305.70,edge_fade=1,shift=9.10"
2026-04-02 06:20:54,858 - INFO - [pipeline.py:136] - "DataMoshTransformer","intensity=0.02"
2026-04-02 06:20:54,862 - INFO - [pipeline.py:136] - "PosterizationTransformer","levels=4"
2026-04-02 06:20:54,869 - INFO - [pipeline.py:250] - [Grade: A] Saved to: /Users/kenfasano/Scripts/ScreenArt/Images/TransformedImages/peripheral_drift_8-A_734a.jpeg
2026-04-02 06:20:54,879 - INFO - [pipeline.py:136] - "FisheyeTransformer","shape=circle,strength=0.63,zoom=1.08"
2026-04-02 06:20:54,926 - INFO - [pipeline.py:136] - "PixelSortTransformer","direction=rows,high=0.90,low=0.27,sort_key=red"
2026-04-02 06:20:54,935 - INFO - [pipeline.py:136] - "GlitchWarpTransformer","intensity=0.01"
2026-04-02 06:20:54,951 - INFO - [pipeline.py:136] - "MeltMorphTransformer","intensity=0.50"
2026-04-02 06:20:54,959 - INFO - [pipeline.py:250] - [Grade: A] Saved to: /Users/kenfasano/Scripts/ScreenArt/Images/TransformedImages/peripheral_drift_4-A_bad3.jpeg
2026-04-02 06:20:54,971 - INFO - [pipeline.py:136] - "RadialWarpTransformer","radius=0.25,strength=136.9811126742546,style=pull"
2026-04-02 06:20:54,981 - INFO - [pipeline.py:136] - "FractalWarpTransformer","iter=1,scale=0.05"
2026-04-02 06:20:54,995 - INFO - [pipeline.py:136] - "OilPaintingTransformer","dyn_ratio=4,size=6"
2026-04-02 06:20:55,002 - INFO - [pipeline.py:250] - [Grade: A] Saved to: /Users/kenfasano/Scripts/ScreenArt/Images/TransformedImages/peripheral_drift_5-A_4671.jpeg
2026-04-02 06:20:55,012 - INFO - [pipeline.py:136] - "FisheyeTransformer","shape=circle,strength=0.34,zoom=0.93"
2026-04-02 06:20:55,027 - INFO - [pipeline.py:136] - "HalftoneTransformer","size=2"
2026-04-02 06:20:55,044 - INFO - [pipeline.py:136] - "KaleidoscopeTransformer","cx_off=-0.04,cy_off=0.16,segments=12"
2026-04-02 06:20:55,050 - INFO - [pipeline.py:250] - [Grade: A] Saved to: /Users/kenfasano/Scripts/ScreenArt/Images/TransformedImages/peripheral_drift_9-A_9c02.jpeg
2026-04-02 06:20:55,088 - INFO - [pipeline.py:136] - "VoronoiTransformer","edge_blend=1,num_points=64"
2026-04-02 06:20:55,094 - INFO - [pipeline.py:250] - [Grade: C] Saved to: /Users/kenfasano/Scripts/ScreenArt/Images/TransformedImages/peripheral_drift_10-C_a6db.jpeg
2026-04-02 06:20:55,110 - INFO - [pipeline.py:136] - "FractalWarpTransformer","iter=1,scale=0.05"
2026-04-02 06:20:55,126 - INFO - [pipeline.py:136] - "MeltMorphTransformer","intensity=0.50"
2026-04-02 06:20:55,132 - INFO - [pipeline.py:136] - "OilPaintingTransformer","dyn_ratio=4,size=3"
2026-04-02 06:20:55,149 - INFO - [pipeline.py:136] - "KaleidoscopeTransformer","cx_off=0.11,cy_off=-0.03,segments=8"
2026-04-02 06:20:55,156 - INFO - [pipeline.py:250] - [Grade: A] Saved to: /Users/kenfasano/Scripts/ScreenArt/Images/TransformedImages/peripheral_drift_6-A_8903.jpeg
2026-04-02 06:20:55,208 - INFO - [pipeline.py:136] - "WheelTransformer","blend=lighter,copies=5"
2026-04-02 06:20:55,216 - INFO - [pipeline.py:136] - "GlitchWarpTransformer","intensity=0.01"
2026-04-02 06:20:55,221 - INFO - [pipeline.py:136] - "ColormapTransformer","map=summer"
2026-04-02 06:20:55,228 - INFO - [pipeline.py:250] - [Grade: A] Saved to: /Users/kenfasano/Scripts/ScreenArt/Images/TransformedImages/peripheral_drift_7-A_04c0.jpeg
2026-04-02 06:20:55,237 - INFO - [pipeline.py:136] - "ColormapTransformer","map=bone"
2026-04-02 06:20:55,246 - INFO - [pipeline.py:136] - "FluidWarpTransformer","alpha=10.15,sigma=1.41"
2026-04-02 06:20:55,252 - INFO - [pipeline.py:250] - [Grade: A] Saved to: /Users/kenfasano/Scripts/ScreenArt/Images/TransformedImages/peripheral_drift_1-A_0026.jpeg
2026-04-02 06:20:55,538 - INFO - [pipeline.py:136] - "SwirlWarpTransformer","strength=1.50"
2026-04-02 06:20:55,636 - INFO - [pipeline.py:250] - [Grade: A] Saved to: /Users/kenfasano/Scripts/ScreenArt/Images/TransformedImages/static_mandala_0-A_24db.jpeg
2026-04-02 06:20:55,738 - INFO - [pipeline.py:136] - "OilPaintingTransformer","dyn_ratio=3,size=5"
2026-04-02 06:20:55,812 - INFO - [pipeline.py:136] - "FractalWarpTransformer","iter=1,scale=0.05"
2026-04-02 06:20:56,251 - INFO - [pipeline.py:136] - "WatercolorTransformer","scale=0.85,style=psychedelic"
2026-04-02 06:20:56,286 - INFO - [pipeline.py:250] - [Grade: A] Saved to: /Users/kenfasano/Scripts/ScreenArt/Images/TransformedImages/static_mandala_1-A_ab61.jpeg
2026-04-02 06:20:56,521 - INFO - [pipeline.py:136] - "MeltMorphTransformer","intensity=0.50"
2026-04-02 06:20:56,645 - INFO - [pipeline.py:136] - "SwirlWarpTransformer","strength=1.50"
2026-04-02 06:20:57,011 - INFO - [pipeline.py:136] - "VoronoiTransformer","edge_blend=1,num_points=78"
2026-04-02 06:20:57,060 - INFO - [pipeline.py:250] - [Grade: A] Saved to: /Users/kenfasano/Scripts/ScreenArt/Images/TransformedImages/static_mandala_2-A_536a.jpeg
2026-04-02 06:20:57,124 - INFO - [pipeline.py:136] - "FlipWilsonTransformer","keep=bottom,narrow=0.49"
2026-04-02 06:20:57,161 - INFO - [pipeline.py:136] - "ThermalImagingTransformer","thermal=True"
2026-04-02 06:20:57,183 - INFO - [pipeline.py:136] - "FisheyeTransformer","shape=oval,strength=0.22,zoom=1.11"
2026-04-02 06:20:57,217 - INFO - [pipeline.py:136] - "SwirlWarpTransformer","strength=1.50"
2026-04-02 06:20:57,236 - INFO - [pipeline.py:250] - [Grade: B] Saved to: /Users/kenfasano/Scripts/ScreenArt/Images/TransformedImages/Amfiteatri_i_Du-B_8e8c.jpeg
2026-04-02 06:20:57,244 - INFO - [pipeline.py:136] - "PosterizationTransformer","levels=4"
2026-04-02 06:20:57,248 - INFO - [pipeline.py:250] - [Grade: A] Saved to: /Users/kenfasano/Scripts/ScreenArt/Images/TransformedImages/Subida_Cerro_Al-A_83b7.jpeg
2026-04-02 06:20:57,381 - INFO - [pipeline.py:136] - "DataMoshTransformer","intensity=0.02"
2026-04-02 06:20:57,513 - INFO - [pipeline.py:136] - "FlipWilsonTransformer","keep=bottom,narrow=0.49"
2026-04-02 06:20:57,558 - INFO - [pipeline.py:250] - [Grade: A] Saved to: /Users/kenfasano/Scripts/ScreenArt/Images/TransformedImages/ল_লন_র_স_ই_ঐত_হ-A_90e9.jpeg
2026-04-02 06:20:58,659 - INFO - [pipeline.py:136] - "PixelSortTransformer","direction=rows,high=0.85,low=0.23,sort_key=green"
2026-04-02 06:20:58,701 - INFO - [pipeline.py:136] - "ThermalImagingTransformer","thermal=True"
2026-04-02 06:20:58,725 - INFO - [pipeline.py:250] - [Grade: F] Saved to: /Users/kenfasano/Scripts/ScreenArt/Images/Rejected/Tulane_R-F_4ecb.jpeg
2026-04-02 06:20:58,784 - INFO - [pipeline.py:136] - "ColormapTransformer","map=rainbow"
2026-04-02 06:20:58,896 - INFO - [pipeline.py:136] - "FluidWarpTransformer","alpha=18.80,sigma=7.67"
2026-04-02 06:20:59,239 - INFO - [pipeline.py:136] - "WheelTransformer","blend=lighter,copies=5"
2026-04-02 06:20:59,294 - INFO - [pipeline.py:136] - "FisheyeTransformer","shape=circle,strength=0.45,zoom=1.06"
2026-04-02 06:20:59,340 - INFO - [pipeline.py:250] - [Grade: C] Saved to: /Users/kenfasano/Scripts/ScreenArt/Images/TransformedImages/Essai_su-C_df3a.jpeg
2026-04-02 06:20:59,411 - INFO - [pipeline.py:136] - "RadialWarpTransformer","radius=0.25,strength=131.81275164448104,99.58941533200917,style=push,pull"
2026-04-02 06:20:59,452 - INFO - [pipeline.py:250] - [Grade: A] Saved to: /Users/kenfasano/Scripts/ScreenArt/Images/TransformedImages/Reel_195-A_7c13.jpeg
2026-04-02 06:20:59,692 - INFO - [pipeline.py:136] - "WheelTransformer","blend=lighter,copies=5"
2026-04-02 06:20:59,751 - INFO - [pipeline.py:136] - "SwirlWarpTransformer","strength=1.50"
2026-04-02 06:20:59,820 - INFO - [pipeline.py:136] - "KaleidoscopeTransformer","cx_off=-0.12,cy_off=0.01,segments=4"
2026-04-02 06:20:59,868 - INFO - [pipeline.py:136] - "FractalWarpTransformer","iter=1,scale=0.05"
2026-04-02 06:20:59,891 - INFO - [pipeline.py:250] - [Grade: A] Saved to: /Users/kenfasano/Scripts/ScreenArt/Images/TransformedImages/Thurso_s-A_8e9f.jpeg
2026-04-02 06:21:00,008 - INFO - [pipeline.py:136] - "FractalWarpTransformer","iter=1,scale=0.05"
2026-04-02 06:21:00,082 - INFO - [pipeline.py:136] - "FisheyeTransformer","shape=oval,strength=0.27,zoom=0.94"
2026-04-02 06:21:00,227 - INFO - [pipeline.py:136] - "FlipWilsonTransformer","keep=bottom,narrow=0.49"
2026-04-02 06:21:00,275 - INFO - [pipeline.py:250] - [Grade: A] Saved to: /Users/kenfasano/Scripts/ScreenArt/Images/TransformedImages/Shabti_o-A_8545.jpeg
2026-04-02 06:21:00,276 - INFO - [main.py:195] - WatercolorTransformer
2026-04-02 06:21:00,276 - INFO - [main.py:195] - PixelSortTransformer
2026-04-02 06:21:00,276 - INFO - [main.py:195] - WheelTransformer
2026-04-02 06:21:00,276 - INFO - [main.py:195] - VoronoiTransformer
2026-04-02 06:21:00,276 - INFO - [main.py:195] - FlipWilsonTransformer
2026-04-02 06:21:00,276 - INFO - [main.py:195] - SwirlWarpTransformer
2026-04-02 06:21:00,276 - INFO - [main.py:195] - MeltMorphTransformer
2026-04-02 06:21:00,276 - INFO - [main.py:195] - FluidWarpTransformer
2026-04-02 06:21:00,276 - INFO - [main.py:195] - DataMoshTransformer
2026-04-02 06:21:00,276 - INFO - [main.py:195] - KaleidoscopeTransformer
2026-04-02 06:21:00,276 - INFO - [main.py:195] - FractalWarpTransformer
2026-04-02 06:21:00,276 - INFO - [main.py:195] - ThermalImagingTransformer
2026-04-02 06:21:00,276 - INFO - [main.py:195] - FisheyeTransformer
2026-04-02 06:21:00,276 - INFO - [main.py:195] - HalftoneTransformer
2026-04-02 06:21:00,276 - INFO - [main.py:195] - ChromaticAberrationTransformer
2026-04-02 06:21:00,276 - INFO - [main.py:195] - OilPaintingTransformer
2026-04-02 06:21:00,276 - INFO - [main.py:195] - GlitchWarpTransformer
2026-04-02 06:21:00,276 - INFO - [main.py:195] - RadialWarpTransformer
2026-04-02 06:21:00,276 - INFO - [main.py:195] - ColormapTransformer
2026-04-02 06:21:00,276 - INFO - [main.py:195] - PosterizationTransformer
2026-04-02 06:21:00,276 - INFO - [main.py:238] - 25s@06:21 ✓
Accepted: 56
Rejected: 5
---
Wiki                       ->  4350ms
Peace                      ->  2358ms
Bible                      ->  2346ms
Nasa                       ->  1853ms
NasaMapGenerator           ->  1453ms
Lojong                     ->   653ms
GoesGenerator              ->   581ms
Bubbles                    ->   288ms
PeripheralDriftIllusion    ->   161ms
Cubes                      ->    90ms
MandalaDraw                ->    29ms
StaticMandala              ->    12ms
---
WatercolorTransformer            -> Min:   214ms | Avg:   275ms | Max:   439ms
PixelSortTransformer             -> Min:    31ms | Avg:   232ms | Max:  1088ms
WheelTransformer                 -> Min:    49ms | Avg:   161ms | Max:   342ms
VoronoiTransformer               -> Min:    35ms | Avg:   153ms | Max:   366ms
FlipWilsonTransformer            -> Min:    19ms | Avg:    81ms | Max:   145ms
SwirlWarpTransformer             -> Min:     8ms | Avg:    56ms | Max:   217ms
MeltMorphTransformer             -> Min:     8ms | Avg:    55ms | Max:   203ms
FluidWarpTransformer             -> Min:     9ms | Avg:    42ms | Max:   113ms
DataMoshTransformer              -> Min:     8ms | Avg:    39ms | Max:   102ms
KaleidoscopeTransformer          -> Min:     8ms | Avg:    37ms | Max:    69ms
FractalWarpTransformer           -> Min:     5ms | Avg:    36ms | Max:    92ms
ThermalImagingTransformer        -> Min:     7ms | Avg:    34ms | Max:    49ms
FisheyeTransformer               -> Min:     7ms | Avg:    32ms | Max:    74ms
HalftoneTransformer              -> Min:    14ms | Avg:    26ms | Max:    34ms
ChromaticAberrationTransformer   -> Min:     8ms | Avg:    22ms | Max:    28ms
OilPaintingTransformer           -> Min:     5ms | Avg:    19ms | Max:    65ms
GlitchWarpTransformer            -> Min:     8ms | Avg:    19ms | Max:    35ms
RadialWarpTransformer            -> Min:     3ms | Avg:    12ms | Max:    46ms
ColormapTransformer              -> Min:     2ms | Avg:    12ms | Max:    32ms
PosterizationTransformer         -> Min:     2ms | Avg:    10ms | Max:    14ms
