2026-04-02 13:29:33,783 - INFO - [mandala_draw.py:291] - mandala_draw: generated 3/3
2026-04-02 13:29:43,131 - INFO - [pipeline.py:136] - "OilPaintingTransformer","dyn_ratio=7,size=5"
2026-04-02 13:29:43,144 - INFO - [pipeline.py:136] - "ColormapTransformer","map=jet"
2026-04-02 13:29:43,182 - INFO - [pipeline.py:136] - "ThermalImagingTransformer","thermal=True"
2026-04-02 13:29:43,406 - INFO - [pipeline.py:136] - "WatercolorTransformer","scale=0.85,style=psychedelic"
2026-04-02 13:29:43,425 - INFO - [pipeline.py:250] - [Grade: C] Saved to: /Users/kenfasano/Scripts/ScreenArt/Images/TransformedImages/psalms_115-C-columns_97a3.jpeg
2026-04-02 13:29:43,490 - INFO - [pipeline.py:136] - "KaleidoscopeTransformer","cx_off=-0.05,cy_off=0.15,segments=4"
2026-04-02 13:29:43,516 - INFO - [pipeline.py:136] - "ChromaticAberrationTransformer","angle=298.70,edge_fade=1,shift=16.20"
2026-04-02 13:29:43,627 - INFO - [pipeline.py:136] - "PixelSortTransformer","direction=rows,high=0.93,low=0.07,sort_key=brightness"
2026-04-02 13:29:43,644 - INFO - [pipeline.py:250] - [Grade: F] Saved to: /Users/kenfasano/Scripts/ScreenArt/Images/Rejected/psalms_114-F-columns_ec2b.jpeg
2026-04-02 13:29:43,684 - INFO - [pipeline.py:136] - "FluidWarpTransformer","alpha=14.29,sigma=1.14"
2026-04-02 13:29:43,709 - INFO - [pipeline.py:136] - "RadialWarpTransformer","radius=0.25,strength=65.58671084167223,101.37292060762294,57.02834593050606,style=pull,push,push"
2026-04-02 13:29:43,728 - INFO - [pipeline.py:250] - [Grade: C] Saved to: /Users/kenfasano/Scripts/ScreenArt/Images/TransformedImages/psalms_32-C-tile_2c51.jpeg
2026-04-02 13:29:43,796 - INFO - [pipeline.py:136] - "FlipWilsonTransformer","keep=left,narrow=0.27"
2026-04-02 13:29:43,843 - INFO - [pipeline.py:136] - "HalftoneTransformer","size=2"
2026-04-02 13:29:43,857 - INFO - [pipeline.py:136] - "PosterizationTransformer","levels=4"
2026-04-02 13:29:43,874 - INFO - [pipeline.py:250] - [Grade: A] Saved to: /Users/kenfasano/Scripts/ScreenArt/Images/TransformedImages/psalms_97-A-tile_e50f.jpeg
2026-04-02 13:29:43,997 - INFO - [pipeline.py:136] - "PixelSortTransformer","direction=cols,high=0.88,low=0.07,sort_key=red"
2026-04-02 13:29:44,058 - INFO - [pipeline.py:136] - "FlipWilsonTransformer","keep=left,narrow=0.27"
2026-04-02 13:29:44,097 - INFO - [pipeline.py:136] - "ThermalImagingTransformer","thermal=True"
2026-04-02 13:29:44,118 - INFO - [pipeline.py:250] - [Grade: C] Saved to: /Users/kenfasano/Scripts/ScreenArt/Images/TransformedImages/psalms_148-C-tile_0aa7.jpeg
2026-04-02 13:29:44,143 - INFO - [pipeline.py:136] - "RadialWarpTransformer","radius=0.25,strength=85.17131259203511,style=push"
2026-04-02 13:29:44,156 - INFO - [pipeline.py:136] - "PosterizationTransformer","levels=4"
2026-04-02 13:29:44,192 - INFO - [pipeline.py:136] - "FractalWarpTransformer","iter=1,scale=0.05"
2026-04-02 13:29:44,237 - INFO - [pipeline.py:136] - "FluidWarpTransformer","alpha=3.20,sigma=6.01"
2026-04-02 13:29:44,254 - INFO - [pipeline.py:250] - [Grade: C] Saved to: /Users/kenfasano/Scripts/ScreenArt/Images/TransformedImages/bubbles_4-C_7f95.jpeg
2026-04-02 13:29:44,281 - INFO - [pipeline.py:136] - "RadialWarpTransformer","radius=0.25,strength=46.7816077470719,69.42368080188304,style=push,pull"
2026-04-02 13:29:44,319 - INFO - [pipeline.py:136] - "ThermalImagingTransformer","thermal=True"
2026-04-02 13:29:44,339 - INFO - [pipeline.py:250] - [Grade: C] Saved to: /Users/kenfasano/Scripts/ScreenArt/Images/TransformedImages/bubbles_5-C_9e39.jpeg
2026-04-02 13:29:44,359 - INFO - [pipeline.py:136] - "PosterizationTransformer","levels=4"
2026-04-02 13:29:44,378 - INFO - [pipeline.py:250] - [Grade: C] Saved to: /Users/kenfasano/Scripts/ScreenArt/Images/TransformedImages/bubbles_2-C_ab29.jpeg
2026-04-02 13:29:44,410 - INFO - [pipeline.py:136] - "OilPaintingTransformer","dyn_ratio=3,size=4"
2026-04-02 13:29:44,427 - INFO - [pipeline.py:250] - [Grade: F] Saved to: /Users/kenfasano/Scripts/ScreenArt/Images/Rejected/bubbles_3-F_aefc.jpeg
2026-04-02 13:29:44,461 - INFO - [pipeline.py:136] - "GlitchWarpTransformer","intensity=0.01"
2026-04-02 13:29:44,509 - INFO - [pipeline.py:136] - "HalftoneTransformer","size=2"
2026-04-02 13:29:44,533 - INFO - [pipeline.py:136] - "RadialWarpTransformer","radius=0.25,strength=42.80089712971562,46.88541392880358,53.27659733871137,style=push,pull,push"
2026-04-02 13:29:44,550 - INFO - [pipeline.py:250] - [Grade: F] Saved to: /Users/kenfasano/Scripts/ScreenArt/Images/Rejected/bubbles_1-F_2e11.jpeg
2026-04-02 13:29:44,575 - INFO - [pipeline.py:136] - "OilPaintingTransformer","dyn_ratio=1,size=3"
2026-04-02 13:29:44,610 - INFO - [pipeline.py:136] - "FractalWarpTransformer","iter=1,scale=0.05"
2026-04-02 13:29:44,664 - INFO - [pipeline.py:136] - "KaleidoscopeTransformer","cx_off=0.03,cy_off=0.16,segments=12"
2026-04-02 13:29:44,680 - INFO - [pipeline.py:250] - [Grade: F] Saved to: /Users/kenfasano/Scripts/ScreenArt/Images/Rejected/cubes_2-F_173c.jpeg
2026-04-02 13:29:44,724 - INFO - [pipeline.py:136] - "SwirlWarpTransformer","strength=1.50"
2026-04-02 13:29:44,779 - INFO - [pipeline.py:136] - "KaleidoscopeTransformer","cx_off=0.20,cy_off=-0.14,segments=8"
2026-04-02 13:29:44,816 - INFO - [pipeline.py:136] - "DataMoshTransformer","intensity=0.01"
2026-04-02 13:29:44,834 - INFO - [pipeline.py:250] - [Grade: A] Saved to: /Users/kenfasano/Scripts/ScreenArt/Images/TransformedImages/cubes_3-A_966b.jpeg
2026-04-02 13:29:44,877 - INFO - [pipeline.py:136] - "FractalWarpTransformer","iter=1,scale=0.05"
2026-04-02 13:29:44,893 - INFO - [pipeline.py:250] - [Grade: A] Saved to: /Users/kenfasano/Scripts/ScreenArt/Images/TransformedImages/cubes_1-A_0697.jpeg
2026-04-02 13:29:44,913 - INFO - [pipeline.py:136] - "ColormapTransformer","map=jet"
2026-04-02 13:29:45,110 - INFO - [pipeline.py:136] - "VoronoiTransformer","edge_blend=1,num_points=219"
2026-04-02 13:29:45,154 - INFO - [pipeline.py:136] - "FlipWilsonTransformer","keep=left,narrow=0.27"
2026-04-02 13:29:45,173 - INFO - [pipeline.py:136] - "GlitchWarpTransformer","intensity=0.01"
2026-04-02 13:29:45,189 - INFO - [pipeline.py:250] - [Grade: A] Saved to: /Users/kenfasano/Scripts/ScreenArt/Images/TransformedImages/noaa_goes_2_se_Dust-A_f43c.jpeg
2026-04-02 13:29:45,217 - INFO - [pipeline.py:136] - "GlitchWarpTransformer","intensity=0.01"
2026-04-02 13:29:45,236 - INFO - [pipeline.py:136] - "ChromaticAberrationTransformer","angle=210.20,edge_fade=1,shift=6.70"
2026-04-02 13:29:45,250 - INFO - [pipeline.py:250] - [Grade: A] Saved to: /Users/kenfasano/Scripts/ScreenArt/Images/TransformedImages/noaa_goes_1_se_Air_Mass-A_3fac.jpeg
2026-04-02 13:29:45,300 - INFO - [pipeline.py:136] - "OilPaintingTransformer","dyn_ratio=2,size=6"
2026-04-02 13:29:45,338 - INFO - [pipeline.py:136] - "DataMoshTransformer","intensity=0.01"
2026-04-02 13:29:45,356 - INFO - [pipeline.py:250] - [Grade: C] Saved to: /Users/kenfasano/Scripts/ScreenArt/Images/TransformedImages/lojong_2-C-hero_b7e1.jpeg
2026-04-02 13:29:45,596 - INFO - [pipeline.py:136] - "WatercolorTransformer","scale=0.85,style=psychedelic"
2026-04-02 13:29:45,637 - INFO - [pipeline.py:136] - "SwirlWarpTransformer","strength=1.50"
2026-04-02 13:29:45,677 - INFO - [pipeline.py:136] - "FluidWarpTransformer","alpha=10.84,sigma=4.48"
2026-04-02 13:29:45,839 - INFO - [pipeline.py:136] - "PixelSortTransformer","direction=rows,high=0.76,low=0.31,sort_key=green"
2026-04-02 13:29:45,858 - INFO - [pipeline.py:250] - [Grade: F] Saved to: /Users/kenfasano/Scripts/ScreenArt/Images/Rejected/lojong_3-F-columns_3c57.jpeg
2026-04-02 13:29:45,892 - INFO - [pipeline.py:136] - "RadialWarpTransformer","radius=0.25,strength=38.22841820292863,54.1563717975787,style=push,push"
2026-04-02 13:29:45,913 - INFO - [pipeline.py:250] - [Grade: A] Saved to: /Users/kenfasano/Scripts/ScreenArt/Images/TransformedImages/lojong_4-A-columns_91ff.jpeg
2026-04-02 13:29:45,935 - INFO - [pipeline.py:136] - "ColormapTransformer","map=pink"
2026-04-02 13:29:45,977 - INFO - [pipeline.py:136] - "GlitchWarpTransformer","intensity=0.01"
2026-04-02 13:29:46,000 - INFO - [pipeline.py:250] - [Grade: C] Saved to: /Users/kenfasano/Scripts/ScreenArt/Images/TransformedImages/lojong_0-C-scatter_f572.jpeg
2026-04-02 13:29:46,421 - INFO - [pipeline.py:136] - "VoronoiTransformer","edge_blend=1,num_points=318"
2026-04-02 13:29:46,441 - INFO - [pipeline.py:250] - [Grade: A] Saved to: /Users/kenfasano/Scripts/ScreenArt/Images/TransformedImages/lojong_1-A-columns_36e0.jpeg
2026-04-02 13:29:46,509 - INFO - [pipeline.py:136] - "SwirlWarpTransformer","strength=1.50"
2026-04-02 13:29:46,579 - INFO - [pipeline.py:136] - "HalftoneTransformer","size=2"
2026-04-02 13:29:46,611 - INFO - [pipeline.py:136] - "GlitchWarpTransformer","intensity=0.01"
2026-04-02 13:29:46,631 - INFO - [pipeline.py:250] - [Grade: C] Saved to: /Users/kenfasano/Scripts/ScreenArt/Images/TransformedImages/mandala_draw_1-C_4405.jpeg
2026-04-02 13:29:46,670 - INFO - [pipeline.py:136] - "GlitchWarpTransformer","intensity=0.01"
2026-04-02 13:29:46,690 - INFO - [pipeline.py:250] - [Grade: A] Saved to: /Users/kenfasano/Scripts/ScreenArt/Images/TransformedImages/mandala_draw_0-A_4a27.jpeg
2026-04-02 13:29:46,740 - INFO - [pipeline.py:136] - "FractalWarpTransformer","iter=1,scale=0.05"
2026-04-02 13:29:46,941 - INFO - [pipeline.py:136] - "WheelTransformer","blend=lighter,copies=5"
2026-04-02 13:29:46,957 - INFO - [pipeline.py:136] - "PosterizationTransformer","levels=4"
2026-04-02 13:29:47,008 - INFO - [pipeline.py:136] - "OilPaintingTransformer","dyn_ratio=7,size=6"
2026-04-02 13:29:47,027 - INFO - [pipeline.py:250] - [Grade: A] Saved to: /Users/kenfasano/Scripts/ScreenArt/Images/TransformedImages/mandala_draw_2-A_949b.jpeg
2026-04-02 13:29:47,066 - INFO - [pipeline.py:136] - "GlitchWarpTransformer","intensity=0.01"
2026-04-02 13:29:47,102 - INFO - [pipeline.py:136] - "DataMoshTransformer","intensity=0.01"
2026-04-02 13:29:47,354 - INFO - [pipeline.py:136] - "PixelSortTransformer","direction=rows,high=0.59,low=0.33,sort_key=brightness"
2026-04-02 13:29:47,376 - INFO - [pipeline.py:250] - [Grade: A] Saved to: /Users/kenfasano/Scripts/ScreenArt/Images/TransformedImages/nasa_earth_3_Bangkok_Vegetation_False_Color-A_934a.jpeg
2026-04-02 13:29:47,407 - INFO - [pipeline.py:136] - "ChromaticAberrationTransformer","angle=201.40,edge_fade=1,shift=9.00"
2026-04-02 13:29:47,423 - INFO - [pipeline.py:250] - [Grade: F] Saved to: /Users/kenfasano/Scripts/ScreenArt/Images/Rejected/nasa_earth_2_Sydney_Night_Lights-F_e2fe.jpeg
2026-04-02 13:29:47,661 - INFO - [pipeline.py:136] - "PixelSortTransformer","direction=rows,high=0.90,low=0.32,sort_key=brightness"
2026-04-02 13:29:47,681 - INFO - [pipeline.py:250] - [Grade: A] Saved to: /Users/kenfasano/Scripts/ScreenArt/Images/TransformedImages/nasa_earth_1_Istanbul_True_Color-A_0512.jpeg
2026-04-02 13:29:47,690 - INFO - [pipeline.py:136] - "KaleidoscopeTransformer","cx_off=0.07,cy_off=-0.10,segments=6"
2026-04-02 13:29:47,693 - INFO - [pipeline.py:250] - [Grade: A] Saved to: /Users/kenfasano/Scripts/ScreenArt/Images/TransformedImages/apollo17stereo_vantuyne_c1-A_0502.jpg
2026-04-02 13:29:47,714 - INFO - [pipeline.py:136] - "PosterizationTransformer","levels=4"
2026-04-02 13:29:47,724 - INFO - [pipeline.py:250] - [Grade: A] Saved to: /Users/kenfasano/Scripts/ScreenArt/Images/TransformedImages/NGC7023Walker900-A_c4ef.jpg
2026-04-02 13:29:47,739 - INFO - [pipeline.py:136] - "PixelSortTransformer","direction=rows,high=0.81,low=0.19,sort_key=green"
2026-04-02 13:29:47,745 - INFO - [pipeline.py:250] - [Grade: C] Saved to: /Users/kenfasano/Scripts/ScreenArt/Images/TransformedImages/NGC4565_hager900-C_175b.jpg
2026-04-02 13:29:47,758 - INFO - [pipeline.py:136] - "ChromaticAberrationTransformer","angle=208.50,edge_fade=1,shift=12.60"
2026-04-02 13:29:47,834 - INFO - [pipeline.py:136] - "VoronoiTransformer","edge_blend=1,num_points=165"
2026-04-02 13:29:47,841 - INFO - [pipeline.py:250] - [Grade: A] Saved to: /Users/kenfasano/Scripts/ScreenArt/Images/TransformedImages/LagoonCenter_HubblePobes_960-A_9ab5.jpg
2026-04-02 13:29:47,851 - INFO - [pipeline.py:136] - "ColormapTransformer","map=cool"
2026-04-02 13:29:47,873 - INFO - [pipeline.py:136] - "KaleidoscopeTransformer","cx_off=-0.08,cy_off=-0.08,segments=8"
2026-04-02 13:29:47,882 - INFO - [pipeline.py:250] - [Grade: C] Saved to: /Users/kenfasano/Scripts/ScreenArt/Images/TransformedImages/aurora_casado_900-C_5354.jpg
2026-04-02 13:29:47,956 - INFO - [pipeline.py:136] - "PixelSortTransformer","direction=cols,high=0.76,low=0.06,sort_key=saturation"
2026-04-02 13:29:47,961 - INFO - [pipeline.py:136] - "FractalWarpTransformer","iter=1,scale=0.05"
2026-04-02 13:29:47,969 - INFO - [pipeline.py:136] - "FluidWarpTransformer","alpha=9.93,sigma=7.10"
2026-04-02 13:29:47,994 - INFO - [pipeline.py:136] - "WheelTransformer","blend=lighter,copies=5"
2026-04-02 13:29:47,999 - INFO - [pipeline.py:250] - [Grade: A] Saved to: /Users/kenfasano/Scripts/ScreenArt/Images/TransformedImages/marslakes_topomap_c-A_d5c6.jpg
2026-04-02 13:29:48,003 - INFO - [pipeline.py:136] - "ColormapTransformer","map=bone"
2026-04-02 13:29:48,010 - INFO - [pipeline.py:136] - "DataMoshTransformer","intensity=0.01"
2026-04-02 13:29:48,014 - INFO - [pipeline.py:250] - [Grade: A] Saved to: /Users/kenfasano/Scripts/ScreenArt/Images/TransformedImages/shadowset_bonnell_ex-A_3943.jpg
2026-04-02 13:29:48,039 - INFO - [pipeline.py:136] - "WatercolorTransformer","scale=0.85,style=monet"
2026-04-02 13:29:48,046 - INFO - [pipeline.py:136] - "MeltMorphTransformer","intensity=0.50"
2026-04-02 13:29:48,049 - INFO - [pipeline.py:250] - [Grade: A] Saved to: /Users/kenfasano/Scripts/ScreenArt/Images/TransformedImages/grayEarth_petry-A_270b.jpg
2026-04-02 13:29:48,173 - INFO - [pipeline.py:136] - "PixelSortTransformer","direction=rows,high=0.94,low=0.25,sort_key=green"
2026-04-02 13:29:48,211 - INFO - [pipeline.py:136] - "FlipWilsonTransformer","keep=left,narrow=0.27"
2026-04-02 13:29:48,308 - INFO - [pipeline.py:136] - "WheelTransformer","blend=lighter,copies=5"
2026-04-02 13:29:48,342 - INFO - [pipeline.py:136] - "KaleidoscopeTransformer","cx_off=0.10,cy_off=-0.06,segments=12"
2026-04-02 13:29:48,354 - INFO - [pipeline.py:250] - [Grade: C] Saved to: /Users/kenfasano/Scripts/ScreenArt/Images/TransformedImages/PerseidRain2021_Luo_960-C_7407.jpg
2026-04-02 13:29:48,367 - INFO - [pipeline.py:136] - "ChromaticAberrationTransformer","angle=349.70,edge_fade=1,shift=11.60"
2026-04-02 13:29:48,376 - INFO - [pipeline.py:136] - "FisheyeTransformer","shape=oval,strength=0.22,zoom=1.13"
2026-04-02 13:29:48,390 - INFO - [pipeline.py:136] - "FractalWarpTransformer","iter=1,scale=0.05"
2026-04-02 13:29:48,397 - INFO - [pipeline.py:250] - [Grade: A] Saved to: /Users/kenfasano/Scripts/ScreenArt/Images/TransformedImages/M78_Tiziano_960-A_0ff0.jpg
2026-04-02 13:29:48,406 - INFO - [pipeline.py:136] - "FisheyeTransformer","shape=oval,strength=0.74,zoom=0.92"
2026-04-02 13:29:48,415 - INFO - [pipeline.py:136] - "FractalWarpTransformer","iter=1,scale=0.05"
2026-04-02 13:29:48,427 - INFO - [pipeline.py:136] - "HalftoneTransformer","size=2"
2026-04-02 13:29:48,434 - INFO - [pipeline.py:136] - "ChromaticAberrationTransformer","angle=135.50,edge_fade=1,shift=11.90"
2026-04-02 13:29:48,440 - INFO - [pipeline.py:250] - [Grade: A] Saved to: /Users/kenfasano/Scripts/ScreenArt/Images/TransformedImages/carinagigazoom_eso-A_ed7f.jpg
2026-04-02 13:29:48,489 - INFO - [pipeline.py:136] - "DataMoshTransformer","intensity=0.01"
2026-04-02 13:29:48,508 - INFO - [pipeline.py:250] - [Grade: C] Saved to: /Users/kenfasano/Scripts/ScreenArt/Images/TransformedImages/peace_0-C_f98b.jpeg
2026-04-02 13:29:48,568 - INFO - [pipeline.py:136] - "HalftoneTransformer","size=2"
2026-04-02 13:29:48,585 - INFO - [pipeline.py:250] - [Grade: C] Saved to: /Users/kenfasano/Scripts/ScreenArt/Images/TransformedImages/peace_1-C_f029.jpeg
2026-04-02 13:29:49,001 - INFO - [pipeline.py:136] - "VoronoiTransformer","edge_blend=1,num_points=328"
2026-04-02 13:29:49,036 - INFO - [pipeline.py:136] - "ThermalImagingTransformer","thermal=True"
2026-04-02 13:29:49,065 - INFO - [pipeline.py:136] - "FluidWarpTransformer","alpha=11.51,sigma=0.88"
2026-04-02 13:29:49,086 - INFO - [pipeline.py:250] - [Grade: B] Saved to: /Users/kenfasano/Scripts/ScreenArt/Images/TransformedImages/peace_2-B_d3f4.jpeg
2026-04-02 13:29:49,126 - INFO - [pipeline.py:136] - "FisheyeTransformer","shape=circle,strength=0.36,zoom=0.97"
2026-04-02 13:29:49,164 - INFO - [pipeline.py:136] - "DataMoshTransformer","intensity=0.02"
2026-04-02 13:29:49,185 - INFO - [pipeline.py:250] - [Grade: C] Saved to: /Users/kenfasano/Scripts/ScreenArt/Images/TransformedImages/peace_3-C_2560.jpeg
2026-04-02 13:29:49,196 - INFO - [pipeline.py:136] - "ChromaticAberrationTransformer","angle=194.90,edge_fade=1,shift=14.40"
2026-04-02 13:29:49,208 - INFO - [pipeline.py:136] - "SwirlWarpTransformer","strength=1.50"
2026-04-02 13:29:49,215 - INFO - [pipeline.py:250] - [Grade: A] Saved to: /Users/kenfasano/Scripts/ScreenArt/Images/TransformedImages/peripheral_drift_2-A_89de.jpeg
2026-04-02 13:29:49,236 - INFO - [pipeline.py:136] - "FlipWilsonTransformer","keep=left,narrow=0.27"
2026-04-02 13:29:49,247 - INFO - [pipeline.py:136] - "DataMoshTransformer","intensity=0.01"
2026-04-02 13:29:49,254 - INFO - [pipeline.py:250] - [Grade: A] Saved to: /Users/kenfasano/Scripts/ScreenArt/Images/TransformedImages/peripheral_drift_3-A_2787.jpeg
2026-04-02 13:29:49,268 - INFO - [pipeline.py:136] - "FractalWarpTransformer","iter=1,scale=0.05"
2026-04-02 13:29:49,279 - INFO - [pipeline.py:136] - "FluidWarpTransformer","alpha=16.60,sigma=4.69"
2026-04-02 13:29:49,329 - INFO - [pipeline.py:136] - "WheelTransformer","blend=lighter,copies=5"
2026-04-02 13:29:49,335 - INFO - [pipeline.py:250] - [Grade: A] Saved to: /Users/kenfasano/Scripts/ScreenArt/Images/TransformedImages/peripheral_drift_8-A_ab6c.jpeg
2026-04-02 13:29:49,343 - INFO - [pipeline.py:136] - "ColormapTransformer","map=winter"
2026-04-02 13:29:49,355 - INFO - [pipeline.py:136] - "SwirlWarpTransformer","strength=1.50"
2026-04-02 13:29:49,401 - INFO - [pipeline.py:136] - "PixelSortTransformer","direction=cols,high=0.94,low=0.18,sort_key=green"
2026-04-02 13:29:49,409 - INFO - [pipeline.py:136] - "ChromaticAberrationTransformer","angle=0.20,edge_fade=1,shift=6.10"
2026-04-02 13:29:49,416 - INFO - [pipeline.py:250] - [Grade: A] Saved to: /Users/kenfasano/Scripts/ScreenArt/Images/TransformedImages/peripheral_drift_4-A_8689.jpeg
2026-04-02 13:29:49,532 - INFO - [pipeline.py:136] - "VoronoiTransformer","edge_blend=1,num_points=282"
2026-04-02 13:29:49,540 - INFO - [pipeline.py:136] - "ChromaticAberrationTransformer","angle=10.80,edge_fade=1,shift=6.90"
2026-04-02 13:29:49,555 - INFO - [pipeline.py:136] - "FluidWarpTransformer","alpha=4.14,sigma=7.21"
2026-04-02 13:29:49,572 - INFO - [pipeline.py:136] - "KaleidoscopeTransformer","cx_off=0.18,cy_off=0.10,segments=4"
2026-04-02 13:29:49,580 - INFO - [pipeline.py:250] - [Grade: A] Saved to: /Users/kenfasano/Scripts/ScreenArt/Images/TransformedImages/peripheral_drift_5-A_69a1.jpeg
2026-04-02 13:29:49,592 - INFO - [pipeline.py:136] - "FluidWarpTransformer","alpha=13.99,sigma=1.97"
2026-04-02 13:29:49,610 - INFO - [pipeline.py:136] - "KaleidoscopeTransformer","cx_off=0.14,cy_off=0.02,segments=12"
2026-04-02 13:29:49,621 - INFO - [pipeline.py:136] - "ThermalImagingTransformer","thermal=True"
2026-04-02 13:29:49,695 - INFO - [pipeline.py:136] - "VoronoiTransformer","edge_blend=1,num_points=171"
2026-04-02 13:29:49,702 - INFO - [pipeline.py:250] - [Grade: A] Saved to: /Users/kenfasano/Scripts/ScreenArt/Images/TransformedImages/peripheral_drift_9-A_b737.jpeg
2026-04-02 13:29:49,770 - INFO - [pipeline.py:136] - "WatercolorTransformer","scale=0.85,style=monet"
2026-04-02 13:29:49,776 - INFO - [pipeline.py:250] - [Grade: A] Saved to: /Users/kenfasano/Scripts/ScreenArt/Images/TransformedImages/peripheral_drift_10-A_95f6.jpeg
2026-04-02 13:29:49,795 - INFO - [pipeline.py:136] - "KaleidoscopeTransformer","cx_off=0.07,cy_off=0.07,segments=6"
2026-04-02 13:29:49,802 - INFO - [pipeline.py:250] - [Grade: A] Saved to: /Users/kenfasano/Scripts/ScreenArt/Images/TransformedImages/peripheral_drift_6-A_6edb.jpeg
2026-04-02 13:29:49,814 - INFO - [pipeline.py:136] - "FisheyeTransformer","shape=oval,strength=0.47,zoom=1.10"
2026-04-02 13:29:49,825 - INFO - [pipeline.py:136] - "OilPaintingTransformer","dyn_ratio=8,size=5"
2026-04-02 13:29:49,832 - INFO - [pipeline.py:250] - [Grade: A] Saved to: /Users/kenfasano/Scripts/ScreenArt/Images/TransformedImages/peripheral_drift_7-A_88ea.jpeg
2026-04-02 13:29:49,847 - INFO - [pipeline.py:136] - "DataMoshTransformer","intensity=0.02"
2026-04-02 13:29:49,863 - INFO - [pipeline.py:136] - "MeltMorphTransformer","intensity=0.50"
2026-04-02 13:29:49,867 - INFO - [pipeline.py:136] - "PosterizationTransformer","levels=4"
2026-04-02 13:29:49,877 - INFO - [pipeline.py:136] - "FluidWarpTransformer","alpha=13.59,sigma=2.54"
2026-04-02 13:29:49,884 - INFO - [pipeline.py:250] - [Grade: A] Saved to: /Users/kenfasano/Scripts/ScreenArt/Images/TransformedImages/peripheral_drift_1-A_cae5.jpeg
2026-04-02 13:29:50,050 - INFO - [pipeline.py:136] - "SwirlWarpTransformer","strength=1.50"
2026-04-02 13:29:50,108 - INFO - [pipeline.py:250] - [Grade: A] Saved to: /Users/kenfasano/Scripts/ScreenArt/Images/TransformedImages/static_mandala_0-A_28f9.jpeg
2026-04-02 13:29:50,143 - INFO - [pipeline.py:136] - "WheelTransformer","blend=lighter,copies=5"
2026-04-02 13:29:50,148 - INFO - [pipeline.py:136] - "GlitchWarpTransformer","intensity=0.01"
2026-04-02 13:29:50,154 - INFO - [pipeline.py:250] - [Grade: A] Saved to: /Users/kenfasano/Scripts/ScreenArt/Images/TransformedImages/static_mandala_1-A_74ea.jpeg
2026-04-02 13:29:50,267 - INFO - [pipeline.py:136] - "DataMoshTransformer","intensity=0.02"
2026-04-02 13:29:50,621 - INFO - [pipeline.py:136] - "WheelTransformer","blend=lighter,copies=5"
2026-04-02 13:29:50,661 - INFO - [pipeline.py:250] - [Grade: A] Saved to: /Users/kenfasano/Scripts/ScreenArt/Images/TransformedImages/static_mandala_2-A_e80e.jpeg
2026-04-02 13:29:51,091 - INFO - [pipeline.py:136] - "VoronoiTransformer","edge_blend=1,num_points=283"
2026-04-02 13:29:51,292 - INFO - [pipeline.py:136] - "WheelTransformer","blend=lighter,copies=5"
2026-04-02 13:29:51,325 - INFO - [pipeline.py:136] - "GlitchWarpTransformer","intensity=0.01"
2026-04-02 13:29:51,348 - INFO - [pipeline.py:250] - [Grade: A] Saved to: /Users/kenfasano/Scripts/ScreenArt/Images/TransformedImages/Palacio_-A_86ed.jpeg
2026-04-02 13:29:51,399 - INFO - [pipeline.py:136] - "FisheyeTransformer","shape=circle,strength=0.56,zoom=1.11"
2026-04-02 13:29:51,417 - INFO - [pipeline.py:136] - "PosterizationTransformer","levels=4"
2026-04-02 13:29:51,453 - INFO - [pipeline.py:136] - "GlitchWarpTransformer","intensity=0.01"
2026-04-02 13:29:51,484 - INFO - [pipeline.py:250] - [Grade: B] Saved to: /Users/kenfasano/Scripts/ScreenArt/Images/TransformedImages/Anatome_testudi-B_c130.jpeg
2026-04-02 13:29:51,692 - INFO - [pipeline.py:136] - "WheelTransformer","blend=lighter,copies=5"
2026-04-02 13:29:52,204 - INFO - [pipeline.py:136] - "PixelSortTransformer","direction=cols,high=0.88,low=0.16,sort_key=saturation"
2026-04-02 13:29:52,260 - INFO - [pipeline.py:136] - "HalftoneTransformer","size=2"
2026-04-02 13:29:52,282 - INFO - [pipeline.py:250] - [Grade: A] Saved to: /Users/kenfasano/Scripts/ScreenArt/Images/TransformedImages/Roubaix_-A_4441.jpeg
2026-04-02 13:29:52,403 - INFO - [pipeline.py:136] - "FluidWarpTransformer","alpha=19.07,sigma=4.68"
2026-04-02 13:29:52,490 - INFO - [pipeline.py:136] - "SwirlWarpTransformer","strength=1.50"
2026-04-02 13:29:53,091 - INFO - [pipeline.py:136] - "PixelSortTransformer","direction=cols,high=0.62,low=0.27,sort_key=brightness"
2026-04-02 13:29:53,136 - INFO - [pipeline.py:250] - [Grade: C] Saved to: /Users/kenfasano/Scripts/ScreenArt/Images/TransformedImages/The_Bost-C_6847.jpeg
2026-04-02 13:29:53,164 - INFO - [pipeline.py:136] - "PixelSortTransformer","direction=cols,high=0.90,low=0.16,sort_key=red"
2026-04-02 13:29:53,182 - INFO - [pipeline.py:136] - "WheelTransformer","blend=lighter,copies=5"
2026-04-02 13:29:53,187 - INFO - [pipeline.py:136] - "FluidWarpTransformer","alpha=3.25,sigma=7.46"
2026-04-02 13:29:53,189 - INFO - [pipeline.py:136] - "PosterizationTransformer","levels=4"
2026-04-02 13:29:53,191 - INFO - [pipeline.py:250] - [Grade: B] Saved to: /Users/kenfasano/Scripts/ScreenArt/Images/TransformedImages/Coatofarms-Bard-B_0e9a.jpeg
2026-04-02 13:29:53,205 - INFO - [pipeline.py:136] - "OilPaintingTransformer","dyn_ratio=1,size=3"
2026-04-02 13:29:53,213 - INFO - [pipeline.py:250] - [Grade: A] Saved to: /Users/kenfasano/Scripts/ScreenArt/Images/TransformedImages/2007_Nancy_-_pa-A_7fdf.jpeg
2026-04-02 13:29:53,259 - INFO - [pipeline.py:136] - "GlitchWarpTransformer","intensity=0.01"
2026-04-02 13:29:53,280 - INFO - [pipeline.py:250] - [Grade: A] Saved to: /Users/kenfasano/Scripts/ScreenArt/Images/TransformedImages/Laundrette_on_C-A_9838.jpeg
2026-04-02 13:29:53,317 - INFO - [pipeline.py:136] - "RadialWarpTransformer","radius=0.25,strength=98.87084981790214,style=push"
2026-04-02 13:29:53,343 - INFO - [pipeline.py:250] - [Grade: A] Saved to: /Users/kenfasano/Scripts/ScreenArt/Images/TransformedImages/Los_Ange-A_4fd3.jpeg
2026-04-02 13:29:53,344 - INFO - [main.py:195] - VoronoiTransformer
2026-04-02 13:29:53,344 - INFO - [main.py:195] - PixelSortTransformer
2026-04-02 13:29:53,344 - INFO - [main.py:195] - WatercolorTransformer
2026-04-02 13:29:53,344 - INFO - [main.py:195] - WheelTransformer
2026-04-02 13:29:53,344 - INFO - [main.py:195] - SwirlWarpTransformer
2026-04-02 13:29:53,344 - INFO - [main.py:195] - HalftoneTransformer
2026-04-02 13:29:53,344 - INFO - [main.py:195] - FlipWilsonTransformer
2026-04-02 13:29:53,344 - INFO - [main.py:195] - DataMoshTransformer
2026-04-02 13:29:53,344 - INFO - [main.py:195] - ThermalImagingTransformer
2026-04-02 13:29:53,344 - INFO - [main.py:195] - KaleidoscopeTransformer
2026-04-02 13:29:53,344 - INFO - [main.py:195] - OilPaintingTransformer
2026-04-02 13:29:53,344 - INFO - [main.py:195] - FluidWarpTransformer
2026-04-02 13:29:53,344 - INFO - [main.py:195] - GlitchWarpTransformer
2026-04-02 13:29:53,344 - INFO - [main.py:195] - FractalWarpTransformer
2026-04-02 13:29:53,344 - INFO - [main.py:195] - RadialWarpTransformer
2026-04-02 13:29:53,344 - INFO - [main.py:195] - FisheyeTransformer
2026-04-02 13:29:53,344 - INFO - [main.py:195] - ChromaticAberrationTransformer
2026-04-02 13:29:53,344 - INFO - [main.py:195] - MeltMorphTransformer
2026-04-02 13:29:53,344 - INFO - [main.py:195] - PosterizationTransformer
2026-04-02 13:29:53,344 - INFO - [main.py:195] - ColormapTransformer
2026-04-02 13:29:53,344 - INFO - [main.py:238] - 23s@13:29 ✓
Accepted: 56
Rejected: 6
---
Wiki                       ->  4392ms
Peace                      ->  2883ms
Bible                      ->  1522ms
Lojong                     ->  1103ms
GoesGenerator              ->   959ms
Nasa                       ->   956ms
NasaMapGenerator           ->   851ms
Bubbles                    ->   273ms
PeripheralDriftIllusion    ->   146ms
Cubes                      ->    89ms
MandalaDraw                ->    27ms
StaticMandala              ->     8ms
---
VoronoiTransformer               -> Min:    73ms | Avg:   241ms | Max:   417ms
PixelSortTransformer             -> Min:    12ms | Avg:   187ms | Max:   601ms
WatercolorTransformer            -> Min:    25ms | Avg:   136ms | Max:   230ms
WheelTransformer                 -> Min:    17ms | Avg:   130ms | Max:   354ms
SwirlWarpTransformer             -> Min:    12ms | Avg:    52ms | Max:   116ms
HalftoneTransformer              -> Min:    12ms | Avg:    47ms | Max:    71ms
FlipWilsonTransformer            -> Min:    19ms | Avg:    44ms | Max:    61ms
DataMoshTransformer              -> Min:     6ms | Avg:    33ms | Max:    88ms
ThermalImagingTransformer        -> Min:    12ms | Avg:    32ms | Max:    38ms
KaleidoscopeTransformer          -> Min:     8ms | Avg:    31ms | Max:    56ms
OilPaintingTransformer           -> Min:     7ms | Avg:    29ms | Max:    51ms
FluidWarpTransformer             -> Min:     5ms | Avg:    28ms | Max:    99ms
GlitchWarpTransformer            -> Min:     5ms | Avg:    27ms | Max:    42ms
FractalWarpTransformer           -> Min:     6ms | Avg:    24ms | Max:    43ms
RadialWarpTransformer            -> Min:    17ms | Avg:    21ms | Max:    25ms
FisheyeTransformer               -> Min:     6ms | Avg:    18ms | Max:    40ms
ChromaticAberrationTransformer   -> Min:     7ms | Avg:    13ms | Max:    26ms
MeltMorphTransformer             -> Min:     6ms | Avg:    11ms | Max:    16ms
PosterizationTransformer         -> Min:     1ms | Avg:    10ms | Max:    18ms
ColormapTransformer              -> Min:     3ms | Avg:     8ms | Max:    13ms
