2026-03-13 08:54:33,491 - INFO - [pipeline.py:47] - "AnamorphicTransformer","intensity=0.0,0.2,0.4,0.6,0.8,thresh=80"
2026-03-13 08:54:33,507 - INFO - [pipeline.py:154] - [Grade: F] Saved to: /Users/kenfasano/Scripts/ScreenArt/Images/Rejected/bubbles_4-F.jpeg
2026-03-13 08:54:33,590 - INFO - [pipeline.py:47] - "MeltMorphTransformer","intensity=0.50"
2026-03-13 08:54:33,610 - INFO - [pipeline.py:154] - [Grade: A] Saved to: /Users/kenfasano/Scripts/ScreenArt/Images/TransformedImages/bubbles_8-A.jpeg
2026-03-13 08:54:33,684 - INFO - [pipeline.py:47] - "AnamorphicTransformer","intensity=0.0,0.2,0.4,0.6,0.8,thresh=80"
2026-03-13 08:54:33,697 - INFO - [pipeline.py:47] - "PosterizationTransformer","levels=4"
2026-03-13 08:54:33,725 - INFO - [pipeline.py:47] - "GlitchWarpTransformer","intensity=0.01"
2026-03-13 08:54:33,938 - INFO - [pipeline.py:47] - "WatercolorTransformer","scale=0.85,style=monet"
2026-03-13 08:54:33,954 - INFO - [pipeline.py:154] - [Grade: F] Saved to: /Users/kenfasano/Scripts/ScreenArt/Images/Rejected/bubbles_9-F.jpeg
2026-03-13 08:54:33,992 - INFO - [pipeline.py:47] - "TritoneTransformer","highlight=#29d3a0,mid=#6b24b5,shadow=#98c4e8"
2026-03-13 08:54:34,010 - INFO - [pipeline.py:154] - [Grade: A] Saved to: /Users/kenfasano/Scripts/ScreenArt/Images/TransformedImages/bubbles_5-A.jpeg
2026-03-13 08:54:34,047 - INFO - [pipeline.py:47] - "FisheyeTransformer","shape=oval,strength=0.53,zoom=1.13"
2026-03-13 08:54:34,079 - INFO - [pipeline.py:47] - "ThreeDExtrusionTransformer","ambient=0.41,intensity=0.50"
2026-03-13 08:54:34,096 - INFO - [pipeline.py:154] - [Grade: C] Saved to: /Users/kenfasano/Scripts/ScreenArt/Images/TransformedImages/bubbles_2-C.jpeg
2026-03-13 08:54:34,129 - INFO - [pipeline.py:47] - "FisheyeTransformer","shape=oval,strength=0.63,zoom=1.15"
2026-03-13 08:54:34,232 - INFO - [pipeline.py:47] - "FlipWilsonTransformer","keep=bottom_left,narrow=0.47"
2026-03-13 08:54:34,262 - INFO - [pipeline.py:47] - "TritoneTransformer","highlight=#c1f644,mid=#3449ae,shadow=#87d1c6"
2026-03-13 08:54:34,279 - INFO - [pipeline.py:154] - [Grade: A] Saved to: /Users/kenfasano/Scripts/ScreenArt/Images/TransformedImages/bubbles_3-A.jpeg
2026-03-13 08:54:34,357 - INFO - [pipeline.py:47] - "AnamorphicTransformer","intensity=0.0,0.2,0.4,0.6,0.8,thresh=80"
2026-03-13 08:54:34,396 - INFO - [pipeline.py:47] - "SwirlWarpTransformer","strength=1.50"
2026-03-13 08:54:34,412 - INFO - [pipeline.py:154] - [Grade: F] Saved to: /Users/kenfasano/Scripts/ScreenArt/Images/Rejected/bubbles_10-F.jpeg
2026-03-13 08:54:34,543 - INFO - [pipeline.py:47] - "XrayTransformer","colors=64"
2026-03-13 08:54:34,573 - INFO - [pipeline.py:47] - "TritoneTransformer","highlight=#bea344,mid=#93eae9,shadow=#f4cbce"
2026-03-13 08:54:34,608 - INFO - [pipeline.py:47] - "FluidWarpTransformer","alpha=16.06,sigma=2.69"
2026-03-13 08:54:34,624 - INFO - [pipeline.py:154] - [Grade: F] Saved to: /Users/kenfasano/Scripts/ScreenArt/Images/Rejected/bubbles_1-F.jpeg
2026-03-13 08:54:34,674 - INFO - [pipeline.py:47] - "SwirlWarpTransformer","strength=1.50"
2026-03-13 08:54:34,694 - INFO - [pipeline.py:154] - [Grade: A] Saved to: /Users/kenfasano/Scripts/ScreenArt/Images/TransformedImages/bubbles_6-A.jpeg
2026-03-13 08:54:34,767 - INFO - [pipeline.py:47] - "AnamorphicTransformer","intensity=0.0,0.2,0.4,0.6,0.8,thresh=80"
2026-03-13 08:54:34,807 - INFO - [pipeline.py:47] - "SwirlWarpTransformer","strength=1.50"
2026-03-13 08:54:34,823 - INFO - [pipeline.py:154] - [Grade: F] Saved to: /Users/kenfasano/Scripts/ScreenArt/Images/Rejected/bubbles_7-F.jpeg
2026-03-13 08:54:34,938 - INFO - [pipeline.py:47] - "FlipWilsonTransformer","keep=bottom_left,narrow=0.47"
2026-03-13 08:54:34,949 - INFO - [pipeline.py:47] - "InvertRGBTransformer","blend=0.43"
2026-03-13 08:54:34,965 - INFO - [pipeline.py:154] - [Grade: F] Saved to: /Users/kenfasano/Scripts/ScreenArt/Images/Rejected/cubes_2-F.jpeg
2026-03-13 08:54:35,193 - INFO - [pipeline.py:47] - "WatercolorTransformer","scale=0.85,style=monet"
2026-03-13 08:54:35,231 - INFO - [pipeline.py:47] - "DataMoshTransformer","intensity=0.02"
2026-03-13 08:54:35,279 - INFO - [pipeline.py:47] - "HalftoneTransformer","size=2"
2026-03-13 08:54:35,293 - INFO - [pipeline.py:47] - "PosterizationTransformer","levels=4"
2026-03-13 08:54:35,308 - INFO - [pipeline.py:154] - [Grade: A] Saved to: /Users/kenfasano/Scripts/ScreenArt/Images/TransformedImages/cubes_3-A.jpeg
2026-03-13 08:54:35,347 - INFO - [pipeline.py:47] - "FisheyeTransformer","shape=circle,strength=0.27,zoom=0.89"
2026-03-13 08:54:35,397 - INFO - [pipeline.py:47] - "HalftoneTransformer","size=2"
2026-03-13 08:54:35,414 - INFO - [pipeline.py:154] - [Grade: A] Saved to: /Users/kenfasano/Scripts/ScreenArt/Images/TransformedImages/cubes_4-A.jpeg
2026-03-13 08:54:35,452 - INFO - [pipeline.py:47] - "TritoneTransformer","highlight=#59c635,mid=#bf406a,shadow=#313aca"
2026-03-13 08:54:35,476 - INFO - [pipeline.py:47] - "RadialWarpTransformer","radius=0.25,strength=40.919041760244134,86.35529456586522,83.62386558783595,style=push,push,push"
2026-03-13 08:54:35,512 - INFO - [pipeline.py:47] - "ThermalImagingTransformer","thermal=True"
2026-03-13 08:54:35,528 - INFO - [pipeline.py:154] - [Grade: A] Saved to: /Users/kenfasano/Scripts/ScreenArt/Images/TransformedImages/cubes_5-A.jpeg
2026-03-13 08:54:35,623 - INFO - [pipeline.py:47] - "DuotoneTransformer","highlight=#798ded,shadow=#f6a2c0"
2026-03-13 08:54:35,649 - INFO - [pipeline.py:47] - "FisheyeTransformer","shape=circle,strength=0.51,zoom=1.01"
2026-03-13 08:54:35,689 - INFO - [pipeline.py:47] - "SwirlWarpTransformer","strength=1.50"
2026-03-13 08:54:35,725 - INFO - [pipeline.py:47] - "DataMoshTransformer","intensity=0.01"
2026-03-13 08:54:35,742 - INFO - [pipeline.py:154] - [Grade: F] Saved to: /Users/kenfasano/Scripts/ScreenArt/Images/Rejected/cubes_6-F.jpeg
2026-03-13 08:54:35,782 - INFO - [pipeline.py:47] - "ThreeDExtrusionTransformer","ambient=0.47,intensity=0.50"
2026-03-13 08:54:35,833 - INFO - [pipeline.py:47] - "HalftoneTransformer","size=2"
2026-03-13 08:54:35,862 - INFO - [pipeline.py:47] - "GlitchWarpTransformer","intensity=0.01"
2026-03-13 08:54:35,879 - INFO - [pipeline.py:154] - [Grade: F] Saved to: /Users/kenfasano/Scripts/ScreenArt/Images/Rejected/cubes_1-F.jpeg
2026-03-13 08:54:35,901 - INFO - [pipeline.py:47] - "HalftoneTransformer","size=2"
2026-03-13 08:54:35,907 - INFO - [pipeline.py:154] - [Grade: F] Saved to: /Users/kenfasano/Scripts/ScreenArt/Images/Rejected/fornax_lorenzi_960-F.jpg
2026-03-13 08:54:35,941 - INFO - [pipeline.py:47] - "FisheyeTransformer","shape=oval,strength=0.29,zoom=1.12"
2026-03-13 08:54:35,956 - INFO - [pipeline.py:47] - "SwirlWarpTransformer","strength=1.50"
2026-03-13 08:54:35,963 - INFO - [pipeline.py:154] - [Grade: C] Saved to: /Users/kenfasano/Scripts/ScreenArt/Images/TransformedImages/LDN1105ElephantTrunk1024-C.jpg
2026-03-13 08:54:35,976 - INFO - [pipeline.py:47] - "MeltMorphTransformer","intensity=0.50"
2026-03-13 08:54:35,983 - INFO - [pipeline.py:47] - "ThreeDExtrusionTransformer","ambient=0.59,intensity=0.50"
2026-03-13 08:54:35,992 - INFO - [pipeline.py:47] - "ThermalImagingTransformer","thermal=True"
2026-03-13 08:54:35,997 - INFO - [pipeline.py:47] - "FisheyeTransformer","shape=circle,strength=0.20,zoom=0.95"
2026-03-13 08:54:36,002 - INFO - [pipeline.py:154] - [Grade: A] Saved to: /Users/kenfasano/Scripts/ScreenArt/Images/TransformedImages/analemma_vr-A.jpg
2026-03-13 08:54:36,007 - INFO - [pipeline.py:47] - "DataMoshTransformer","intensity=0.01"
2026-03-13 08:54:36,008 - INFO - [pipeline.py:47] - "InvertRGBTransformer","blend=0.52"
2026-03-13 08:54:36,011 - INFO - [pipeline.py:154] - [Grade: F] Saved to: /Users/kenfasano/Scripts/ScreenArt/Images/Rejected/watervapor_goes8-F.jpg
2026-03-13 08:54:36,027 - INFO - [pipeline.py:47] - "SwirlWarpTransformer","strength=1.50"
2026-03-13 08:54:36,033 - INFO - [pipeline.py:154] - [Grade: A] Saved to: /Users/kenfasano/Scripts/ScreenArt/Images/TransformedImages/mcnaught3_kemppainen-A.jpg
2026-03-13 08:54:36,042 - INFO - [pipeline.py:47] - "MeltMorphTransformer","intensity=0.50"
2026-03-13 08:54:36,046 - INFO - [pipeline.py:47] - "DataMoshTransformer","intensity=0.02"
2026-03-13 08:54:36,049 - INFO - [pipeline.py:47] - "GlitchWarpTransformer","intensity=0.01"
2026-03-13 08:54:36,059 - INFO - [pipeline.py:47] - "WheelTransformer","blend=lighter,copies=3"
2026-03-13 08:54:36,062 - INFO - [pipeline.py:154] - [Grade: A] Saved to: /Users/kenfasano/Scripts/ScreenArt/Images/TransformedImages/neutronnebula_eso-A.jpg
2026-03-13 08:54:36,103 - INFO - [pipeline.py:47] - "AnamorphicTransformer","intensity=0.0,0.2,0.4,0.6,0.8,thresh=80"
2026-03-13 08:54:36,156 - INFO - [pipeline.py:47] - "DuotoneTransformer","highlight=#1db12d,shadow=#c32458"
2026-03-13 08:54:36,180 - INFO - [pipeline.py:47] - "ThermalImagingTransformer","thermal=True"
2026-03-13 08:54:36,191 - INFO - [pipeline.py:154] - [Grade: A] Saved to: /Users/kenfasano/Scripts/ScreenArt/Images/TransformedImages/CometWirtanen_Merzlyakov_960-A.jpg
2026-03-13 08:54:36,197 - INFO - [pipeline.py:47] - "InvertRGBTransformer","blend=0.76"
2026-03-13 08:54:36,201 - INFO - [pipeline.py:47] - "PosterizationTransformer","levels=4"
2026-03-13 08:54:36,207 - INFO - [pipeline.py:154] - [Grade: C] Saved to: /Users/kenfasano/Scripts/ScreenArt/Images/TransformedImages/geyseraurora_howell_960-C.jpg
2026-03-13 08:54:36,222 - INFO - [pipeline.py:47] - "MeltMorphTransformer","intensity=0.50"
2026-03-13 08:54:36,226 - INFO - [pipeline.py:154] - [Grade: A] Saved to: /Users/kenfasano/Scripts/ScreenArt/Images/TransformedImages/planetsPerth_Goldsmith_c800-A.jpg
2026-03-13 08:54:36,231 - INFO - [pipeline.py:47] - "TritoneTransformer","highlight=#fcf6f6,mid=#4f5679,shadow=#2f3a2a"
2026-03-13 08:54:36,237 - INFO - [pipeline.py:47] - "SwirlWarpTransformer","strength=1.50"
2026-03-13 08:54:36,265 - INFO - [pipeline.py:47] - "WatercolorTransformer","scale=0.85,style=monet"
2026-03-13 08:54:36,267 - INFO - [pipeline.py:47] - "PosterizationTransformer","levels=4"
2026-03-13 08:54:36,269 - INFO - [pipeline.py:154] - [Grade: C] Saved to: /Users/kenfasano/Scripts/ScreenArt/Images/TransformedImages/m2-9b_hst-C.jpg
2026-03-13 08:54:36,282 - INFO - [pipeline.py:47] - "MeltMorphTransformer","intensity=0.50"
2026-03-13 08:54:36,289 - INFO - [pipeline.py:47] - "ThermalImagingTransformer","thermal=True"
2026-03-13 08:54:36,332 - INFO - [pipeline.py:47] - "WatercolorTransformer","scale=0.85,style=psychedelic"
2026-03-13 08:54:36,362 - INFO - [pipeline.py:47] - "XrayTransformer","colors=64"
2026-03-13 08:54:36,365 - INFO - [pipeline.py:154] - [Grade: C] Saved to: /Users/kenfasano/Scripts/ScreenArt/Images/TransformedImages/m110cassf10_schedler_f40-C.jpg
2026-03-13 08:54:36,482 - INFO - [pipeline.py:47] - "WheelTransformer","blend=lighter,copies=3"
2026-03-13 08:54:36,707 - INFO - [pipeline.py:47] - "WatercolorTransformer","scale=0.85,style=psychedelic"
2026-03-13 08:54:36,755 - INFO - [pipeline.py:47] - "HalftoneTransformer","size=2"
2026-03-13 08:54:36,765 - INFO - [pipeline.py:47] - "InvertRGBTransformer","blend=0.44"
2026-03-13 08:54:36,781 - INFO - [pipeline.py:154] - [Grade: F] Saved to: /Users/kenfasano/Scripts/ScreenArt/Images/Rejected/nasa_earth_1_Karachi_True_Color-F.jpeg
2026-03-13 08:54:36,891 - INFO - [pipeline.py:47] - "XrayTransformer","colors=64"
2026-03-13 08:54:36,911 - INFO - [pipeline.py:47] - "FisheyeTransformer","shape=oval,strength=0.52,zoom=0.91"
2026-03-13 08:54:36,932 - INFO - [pipeline.py:47] - "TritoneTransformer","highlight=#575bb8,mid=#948cb1,shadow=#b1d915"
2026-03-13 08:54:36,944 - INFO - [pipeline.py:154] - [Grade: F] Saved to: /Users/kenfasano/Scripts/ScreenArt/Images/Rejected/noaa_goes_1_se_Fire_Temperature-F.jpeg
2026-03-13 08:54:36,968 - INFO - [pipeline.py:47] - "SwirlWarpTransformer","strength=1.50"
2026-03-13 08:54:37,014 - INFO - [pipeline.py:47] - "DuotoneTransformer","highlight=#8e308d,shadow=#529672"
2026-03-13 08:54:37,027 - INFO - [pipeline.py:47] - "GlitchWarpTransformer","intensity=0.01"
2026-03-13 08:54:37,037 - INFO - [pipeline.py:154] - [Grade: C] Saved to: /Users/kenfasano/Scripts/ScreenArt/Images/TransformedImages/1280px-Keiss_Ha-C.jpeg
2026-03-13 08:54:37,099 - INFO - [pipeline.py:47] - "FractalWarpTransformer","iter=1,scale=0.05"
2026-03-13 08:54:37,119 - INFO - [pipeline.py:154] - [Grade: A] Saved to: /Users/kenfasano/Scripts/ScreenArt/Images/TransformedImages/Batakių_-A.jpeg
2026-03-13 08:54:37,260 - INFO - [pipeline.py:47] - "FluidWarpTransformer","alpha=10.85,sigma=1.72"
2026-03-13 08:54:37,907 - INFO - [pipeline.py:47] - "WatercolorTransformer","scale=0.85,style=monet"
2026-03-13 08:54:38,185 - INFO - [pipeline.py:47] - "XrayTransformer","colors=256"
2026-03-13 08:54:38,233 - INFO - [pipeline.py:154] - [Grade: A] Saved to: /Users/kenfasano/Scripts/ScreenArt/Images/TransformedImages/Recueil.-A.jpeg
2026-03-13 08:54:38,285 - INFO - [pipeline.py:47] - "FractalWarpTransformer","iter=1,scale=0.05"
2026-03-13 08:54:38,305 - INFO - [pipeline.py:154] - [Grade: A] Saved to: /Users/kenfasano/Scripts/ScreenArt/Images/TransformedImages/Visitati-A.jpeg
2026-03-13 08:54:38,522 - INFO - [pipeline.py:47] - "WatercolorTransformer","scale=0.85,style=psychedelic"
2026-03-13 08:54:38,549 - INFO - [pipeline.py:47] - "TritoneTransformer","highlight=#27d91b,mid=#094aaf,shadow=#805b58"
2026-03-13 08:54:38,628 - INFO - [pipeline.py:47] - "DuotoneTransformer","highlight=#48796c,shadow=#8e4714"
2026-03-13 08:54:38,693 - INFO - [pipeline.py:47] - "XrayTransformer","colors=64"
2026-03-13 08:54:38,708 - INFO - [pipeline.py:154] - [Grade: F] Saved to: /Users/kenfasano/Scripts/ScreenArt/Images/Rejected/1280px-Mowbray_-F.jpeg
2026-03-13 08:54:38,765 - INFO - [pipeline.py:47] - "ThreeDExtrusionTransformer","ambient=0.52,intensity=0.50"
2026-03-13 08:54:38,790 - INFO - [pipeline.py:154] - [Grade: A] Saved to: /Users/kenfasano/Scripts/ScreenArt/Images/TransformedImages/Różana_3-A.jpeg
2026-03-13 08:54:38,837 - INFO - [pipeline.py:47] - "SwirlWarpTransformer","strength=1.50"
2026-03-13 08:54:38,853 - INFO - [pipeline.py:47] - "RadialWarpTransformer","radius=0.25,strength=100.64934590021466,style=push"
2026-03-13 08:54:39,009 - INFO - [pipeline.py:47] - "XrayTransformer","colors=128"
2026-03-13 08:54:39,037 - INFO - [pipeline.py:47] - "GlitchWarpTransformer","intensity=0.01"
2026-03-13 08:54:39,055 - INFO - [pipeline.py:154] - [Grade: A] Saved to: /Users/kenfasano/Scripts/ScreenArt/Images/TransformedImages/lojong_2-A-hero.jpeg
2026-03-13 08:54:39,095 - INFO - [pipeline.py:47] - "TritoneTransformer","highlight=#586473,mid=#c3fd4c,shadow=#2c1251"
2026-03-13 08:54:39,183 - INFO - [pipeline.py:47] - "DuotoneTransformer","highlight=#040dc6,shadow=#2a8ce6"
2026-03-13 08:54:39,200 - INFO - [pipeline.py:154] - [Grade: C] Saved to: /Users/kenfasano/Scripts/ScreenArt/Images/TransformedImages/lojong_3-C-columns.jpeg
2026-03-13 08:54:39,237 - INFO - [pipeline.py:47] - "FisheyeTransformer","shape=oval,strength=0.23,zoom=0.93"
2026-03-13 08:54:39,343 - INFO - [pipeline.py:47] - "WheelTransformer","blend=lighter,copies=3"
2026-03-13 08:54:39,359 - INFO - [pipeline.py:154] - [Grade: B] Saved to: /Users/kenfasano/Scripts/ScreenArt/Images/TransformedImages/lojong_8-B-tile.jpeg
2026-03-13 08:54:39,415 - INFO - [pipeline.py:47] - "HalftoneTransformer","size=2"
2026-03-13 08:54:39,506 - INFO - [pipeline.py:47] - "DuotoneTransformer","highlight=#354bc6,shadow=#f8c726"
2026-03-13 08:54:39,544 - INFO - [pipeline.py:47] - "SwirlWarpTransformer","strength=1.50"
2026-03-13 08:54:39,560 - INFO - [pipeline.py:154] - [Grade: F] Saved to: /Users/kenfasano/Scripts/ScreenArt/Images/Rejected/lojong_4-F-scatter.jpeg
2026-03-13 08:54:39,594 - INFO - [pipeline.py:47] - "FisheyeTransformer","shape=circle,strength=0.25,zoom=1.11"
2026-03-13 08:54:39,611 - INFO - [pipeline.py:47] - "RadialWarpTransformer","radius=0.25,strength=127.87472469407084,style=push"
2026-03-13 08:54:39,842 - INFO - [pipeline.py:47] - "WatercolorTransformer","scale=0.85,style=psychedelic"
2026-03-13 08:54:39,877 - INFO - [pipeline.py:47] - "ThermalImagingTransformer","thermal=True"
2026-03-13 08:54:39,894 - INFO - [pipeline.py:154] - [Grade: B] Saved to: /Users/kenfasano/Scripts/ScreenArt/Images/TransformedImages/lojong_5-B-columns.jpeg
2026-03-13 08:54:40,026 - INFO - [pipeline.py:47] - "XrayTransformer","colors=64"
2026-03-13 08:54:40,124 - INFO - [pipeline.py:47] - "FlipWilsonTransformer","keep=bottom_left,narrow=0.47"
2026-03-13 08:54:40,142 - INFO - [pipeline.py:154] - [Grade: F] Saved to: /Users/kenfasano/Scripts/ScreenArt/Images/Rejected/lojong_9-F-tile.jpeg
2026-03-13 08:54:40,175 - INFO - [pipeline.py:47] - "FisheyeTransformer","shape=oval,strength=0.73,zoom=0.96"
2026-03-13 08:54:40,191 - INFO - [pipeline.py:154] - [Grade: F] Saved to: /Users/kenfasano/Scripts/ScreenArt/Images/Rejected/lojong_6-F-hero.jpeg
2026-03-13 08:54:40,234 - INFO - [pipeline.py:47] - "ThermalImagingTransformer","thermal=True"
2026-03-13 08:54:40,262 - INFO - [pipeline.py:47] - "GlitchWarpTransformer","intensity=0.01"
2026-03-13 08:54:40,279 - INFO - [pipeline.py:154] - [Grade: A] Saved to: /Users/kenfasano/Scripts/ScreenArt/Images/TransformedImages/lojong_7-A-scatter.jpeg
2026-03-13 08:54:40,317 - INFO - [pipeline.py:47] - "ThreeDExtrusionTransformer","ambient=0.48,intensity=0.50"
2026-03-13 08:54:40,348 - INFO - [pipeline.py:47] - "TritoneTransformer","highlight=#4b1c2b,mid=#0c7dc3,shadow=#b1c66c"
2026-03-13 08:54:40,385 - INFO - [pipeline.py:47] - "DataMoshTransformer","intensity=0.01"
2026-03-13 08:54:40,402 - INFO - [pipeline.py:154] - [Grade: F] Saved to: /Users/kenfasano/Scripts/ScreenArt/Images/Rejected/lojong_0-F-hero.jpeg
2026-03-13 08:54:40,444 - INFO - [pipeline.py:47] - "FractalWarpTransformer","iter=1,scale=0.05"
2026-03-13 08:54:40,531 - INFO - [pipeline.py:47] - "DuotoneTransformer","highlight=#3dbce9,shadow=#72cd08"
2026-03-13 08:54:40,586 - INFO - [pipeline.py:47] - "MeltMorphTransformer","intensity=0.50"
2026-03-13 08:54:40,602 - INFO - [pipeline.py:154] - [Grade: F] Saved to: /Users/kenfasano/Scripts/ScreenArt/Images/Rejected/lojong_1-F-scatter.jpeg
2026-03-13 08:54:40,643 - INFO - [pipeline.py:47] - "FluidWarpTransformer","alpha=3.60,sigma=1.62"
2026-03-13 08:54:40,656 - INFO - [pipeline.py:47] - "PosterizationTransformer","levels=4"
2026-03-13 08:54:40,693 - INFO - [pipeline.py:47] - "DataMoshTransformer","intensity=0.01"
2026-03-13 08:54:40,711 - INFO - [pipeline.py:154] - [Grade: A] Saved to: /Users/kenfasano/Scripts/ScreenArt/Images/TransformedImages/psalms_99-A-scatter.jpeg
2026-03-13 08:54:40,758 - INFO - [pipeline.py:47] - "FractalWarpTransformer","iter=1,scale=0.05"
2026-03-13 08:54:40,813 - INFO - [pipeline.py:47] - "MeltMorphTransformer","intensity=0.50"
2026-03-13 08:54:40,860 - INFO - [pipeline.py:47] - "FluidWarpTransformer","alpha=4.11,sigma=6.31"
2026-03-13 08:54:40,878 - INFO - [pipeline.py:154] - [Grade: A] Saved to: /Users/kenfasano/Scripts/ScreenArt/Images/TransformedImages/psalms_36-A-tile.jpeg
2026-03-13 08:54:41,106 - INFO - [pipeline.py:47] - "WatercolorTransformer","scale=0.85,style=monet"
2026-03-13 08:54:41,154 - INFO - [pipeline.py:47] - "HalftoneTransformer","size=2"
2026-03-13 08:54:41,192 - INFO - [pipeline.py:47] - "SwirlWarpTransformer","strength=1.50"
2026-03-13 08:54:41,206 - INFO - [pipeline.py:47] - "ColormapTransformer","map=spring"
2026-03-13 08:54:41,223 - INFO - [pipeline.py:154] - [Grade: A] Saved to: /Users/kenfasano/Scripts/ScreenArt/Images/TransformedImages/psalms_46-A-tile.jpeg
2026-03-13 08:54:41,271 - INFO - [pipeline.py:47] - "DataMoshTransformer","intensity=0.01"
2026-03-13 08:54:41,282 - INFO - [pipeline.py:47] - "InvertRGBTransformer","blend=0.54"
2026-03-13 08:54:41,333 - INFO - [pipeline.py:47] - "FluidWarpTransformer","alpha=16.34,sigma=7.83"
2026-03-13 08:54:41,373 - INFO - [pipeline.py:47] - "SwirlWarpTransformer","strength=1.50"
2026-03-13 08:54:41,389 - INFO - [pipeline.py:154] - [Grade: F] Saved to: /Users/kenfasano/Scripts/ScreenArt/Images/Rejected/psalms_85-F-columns.jpeg
2026-03-13 08:54:41,438 - INFO - [pipeline.py:47] - "FractalWarpTransformer","iter=1,scale=0.05"
2026-03-13 08:54:41,664 - INFO - [pipeline.py:47] - "WatercolorTransformer","scale=0.85,style=psychedelic"
2026-03-13 08:54:41,703 - INFO - [pipeline.py:47] - "SwirlWarpTransformer","strength=1.50"
2026-03-13 08:54:41,724 - INFO - [pipeline.py:154] - [Grade: A] Saved to: /Users/kenfasano/Scripts/ScreenArt/Images/TransformedImages/psalms_88-A-tile.jpeg
2026-03-13 08:54:41,765 - INFO - [pipeline.py:47] - "ThreeDExtrusionTransformer","ambient=0.42,intensity=0.50"
2026-03-13 08:54:41,854 - INFO - [pipeline.py:47] - "DuotoneTransformer","highlight=#c3f27f,shadow=#0ec9e3"
2026-03-13 08:54:41,951 - INFO - [pipeline.py:47] - "FlipWilsonTransformer","keep=bottom_left,narrow=0.47"
2026-03-13 08:54:41,968 - INFO - [pipeline.py:154] - [Grade: F] Saved to: /Users/kenfasano/Scripts/ScreenArt/Images/Rejected/psalms_4-F-tile.jpeg
2026-03-13 08:54:42,073 - INFO - [pipeline.py:47] - "FlipWilsonTransformer","keep=bottom_left,narrow=0.47"
2026-03-13 08:54:42,162 - INFO - [pipeline.py:47] - "DuotoneTransformer","highlight=#3c36d0,shadow=#fe8715"
2026-03-13 08:54:42,178 - INFO - [pipeline.py:154] - [Grade: F] Saved to: /Users/kenfasano/Scripts/ScreenArt/Images/Rejected/psalms_32-F-tile.jpeg
2026-03-13 08:54:42,225 - INFO - [pipeline.py:47] - "ThermalImagingTransformer","thermal=True"
2026-03-13 08:54:42,244 - INFO - [pipeline.py:154] - [Grade: A] Saved to: /Users/kenfasano/Scripts/ScreenArt/Images/TransformedImages/psalms_122-A-tile.jpeg
2026-03-13 08:54:42,287 - INFO - [pipeline.py:47] - "FractalWarpTransformer","iter=1,scale=0.05"
2026-03-13 08:54:42,303 - INFO - [pipeline.py:154] - [Grade: B] Saved to: /Users/kenfasano/Scripts/ScreenArt/Images/TransformedImages/psalms_144-B-scatter.jpeg
2026-03-13 08:54:42,349 - INFO - [pipeline.py:47] - "SwirlWarpTransformer","strength=1.50"
2026-03-13 08:54:42,563 - INFO - [pipeline.py:47] - "WatercolorTransformer","scale=0.85,style=psychedelic"
2026-03-13 08:54:42,608 - INFO - [pipeline.py:47] - "AnamorphicTransformer","intensity=0.0,0.2,0.4,0.6,0.8,thresh=80"
2026-03-13 08:54:42,625 - INFO - [pipeline.py:154] - [Grade: F] Saved to: /Users/kenfasano/Scripts/ScreenArt/Images/Rejected/psalms_14-F-scatter.jpeg
2026-03-13 08:54:42,638 - INFO - [pipeline.py:47] - "ThreeDExtrusionTransformer","ambient=0.27,intensity=0.50"
2026-03-13 08:54:42,646 - INFO - [pipeline.py:47] - "GlitchWarpTransformer","intensity=0.01"
2026-03-13 08:54:42,652 - INFO - [pipeline.py:154] - [Grade: F] Saved to: /Users/kenfasano/Scripts/ScreenArt/Images/Rejected/peripheral_drift_2-F.jpeg
2026-03-13 08:54:42,686 - INFO - [pipeline.py:47] - "WheelTransformer","blend=lighter,copies=3"
2026-03-13 08:54:42,697 - INFO - [pipeline.py:47] - "FractalWarpTransformer","iter=1,scale=0.05"
2026-03-13 08:54:42,701 - INFO - [pipeline.py:47] - "PosterizationTransformer","levels=4"
2026-03-13 08:54:42,710 - INFO - [pipeline.py:47] - "ThreeDExtrusionTransformer","ambient=0.47,intensity=0.50"
2026-03-13 08:54:42,716 - INFO - [pipeline.py:154] - [Grade: A] Saved to: /Users/kenfasano/Scripts/ScreenArt/Images/TransformedImages/peripheral_drift_3-A.jpeg
2026-03-13 08:54:42,751 - INFO - [pipeline.py:47] - "FlipWilsonTransformer","keep=bottom_left,narrow=0.47"
2026-03-13 08:54:42,757 - INFO - [pipeline.py:154] - [Grade: A] Saved to: /Users/kenfasano/Scripts/ScreenArt/Images/TransformedImages/peripheral_drift_1-A.jpeg
2026-03-13 08:54:42,757 - INFO - [main.py:196] - WatercolorTransformer
2026-03-13 08:54:42,757 - INFO - [main.py:196] - XrayTransformer
2026-03-13 08:54:42,757 - INFO - [main.py:196] - FlipWilsonTransformer
2026-03-13 08:54:42,757 - INFO - [main.py:196] - DuotoneTransformer
2026-03-13 08:54:42,757 - INFO - [main.py:196] - WheelTransformer
2026-03-13 08:54:42,757 - INFO - [main.py:196] - AnamorphicTransformer
2026-03-13 08:54:42,757 - INFO - [main.py:196] - FluidWarpTransformer
2026-03-13 08:54:42,757 - INFO - [main.py:196] - HalftoneTransformer
2026-03-13 08:54:42,757 - INFO - [main.py:196] - FractalWarpTransformer
2026-03-13 08:54:42,757 - INFO - [main.py:196] - MeltMorphTransformer
2026-03-13 08:54:42,757 - INFO - [main.py:196] - SwirlWarpTransformer
2026-03-13 08:54:42,757 - INFO - [main.py:196] - DataMoshTransformer
2026-03-13 08:54:42,757 - INFO - [main.py:196] - ThermalImagingTransformer
2026-03-13 08:54:42,757 - INFO - [main.py:196] - TritoneTransformer
2026-03-13 08:54:42,757 - INFO - [main.py:196] - ThreeDExtrusionTransformer
2026-03-13 08:54:42,757 - INFO - [main.py:196] - FisheyeTransformer
2026-03-13 08:54:42,757 - INFO - [main.py:196] - GlitchWarpTransformer
2026-03-13 08:54:42,757 - INFO - [main.py:196] - RadialWarpTransformer
2026-03-13 08:54:42,757 - INFO - [main.py:196] - ColormapTransformer
2026-03-13 08:54:42,757 - INFO - [main.py:196] - PosterizationTransformer
2026-03-13 08:54:42,757 - INFO - [main.py:196] - InvertRGBTransformer
2026-03-13 08:54:42,757 - INFO - [main.py:239] - 24s@08:54 ✓
Accepted: 35
Rejected: 23
---
Bible                      ->  6159ms
Wiki                       ->  3617ms
Lojong                     ->  2240ms
Nasa                       ->  1622ms
GoesGenerator              ->   553ms
Cubes                      ->   516ms
Bubbles                    ->   268ms
NasaMapGenerator           ->    51ms
PeripheralDriftIllusion    ->    44ms
---
WatercolorTransformer      -> Min:    28ms | Avg:   225ms | Max:   647ms
XrayTransformer            -> Min:    29ms | Avg:   125ms | Max:   277ms
FlipWilsonTransformer      -> Min:    31ms | Avg:    89ms | Max:   107ms
DuotoneTransformer         -> Min:    45ms | Avg:    79ms | Max:    90ms
WheelTransformer           -> Min:    10ms | Avg:    63ms | Max:   106ms
AnamorphicTransformer      -> Min:    29ms | Avg:    58ms | Max:    79ms
FluidWarpTransformer       -> Min:    32ms | Avg:    54ms | Max:   106ms
HalftoneTransformer        -> Min:    16ms | Avg:    44ms | Max:    51ms
FractalWarpTransformer     -> Min:    11ms | Avg:    35ms | Max:    49ms
MeltMorphTransformer       -> Min:     7ms | Avg:    32ms | Max:    74ms
SwirlWarpTransformer       -> Min:     5ms | Avg:    32ms | Max:    42ms
DataMoshTransformer        -> Min:     4ms | Avg:    28ms | Max:    38ms
ThermalImagingTransformer  -> Min:     8ms | Avg:    27ms | Max:    39ms
TritoneTransformer         -> Min:     4ms | Avg:    26ms | Max:    31ms
ThreeDExtrusionTransformer -> Min:     7ms | Avg:    25ms | Max:    43ms
FisheyeTransformer         -> Min:     5ms | Avg:    22ms | Max:    30ms
GlitchWarpTransformer      -> Min:     3ms | Avg:    19ms | Max:    29ms
RadialWarpTransformer      -> Min:    16ms | Avg:    19ms | Max:    24ms
ColormapTransformer        -> Min:    13ms | Avg:    13ms | Max:    13ms
PosterizationTransformer   -> Min:     2ms | Avg:     8ms | Max:    14ms
InvertRGBTransformer       -> Min:     1ms | Avg:     7ms | Max:    10ms
