2026-03-08 15:26:16,776 - INFO - [pipeline.py:44] - GlitchWarpTransformer
2026-03-08 15:26:16,824 - INFO - [pipeline.py:117] - [Grade: C] Saved to: /Users/kenfasano/Scripts/ScreenArt/Images/TransformedImages/bubbles_4-C.jpeg
2026-03-08 15:26:16,832 - INFO - [pipeline.py:44] - ColormapTransformer
2026-03-08 15:26:16,844 - INFO - [pipeline.py:44] - FlipWilsonTransformer
2026-03-08 15:26:16,972 - INFO - [pipeline.py:117] - [Grade: A] Saved to: /Users/kenfasano/Scripts/ScreenArt/Images/TransformedImages/bubbles_8-A.jpeg
2026-03-08 15:26:16,981 - INFO - [pipeline.py:44] - XrayTransformer
2026-03-08 15:26:17,095 - INFO - [pipeline.py:44] - WatercolorTransformer
2026-03-08 15:26:17,188 - INFO - [pipeline.py:117] - [Grade: F] Saved to: /Users/kenfasano/Scripts/ScreenArt/Images/Rejected/bubbles_9-F.jpeg
2026-03-08 15:26:17,197 - INFO - [pipeline.py:44] - AnamorphicTransformer
2026-03-08 15:26:17,252 - INFO - [pipeline.py:44] - ColormapTransformer
2026-03-08 15:26:17,264 - INFO - [pipeline.py:44] - MeltMorphTransformer
2026-03-08 15:26:17,328 - INFO - [pipeline.py:44] - SwirlWarpTransformer
2026-03-08 15:26:17,391 - INFO - [pipeline.py:117] - [Grade: A] Saved to: /Users/kenfasano/Scripts/ScreenArt/Images/TransformedImages/bubbles_5-A.jpeg
2026-03-08 15:26:17,399 - INFO - [pipeline.py:44] - MeltMorphTransformer
2026-03-08 15:26:17,452 - INFO - [pipeline.py:44] - WheelTransformer
2026-03-08 15:26:17,485 - INFO - [pipeline.py:44] - FlipWilsonTransformer
2026-03-08 15:26:17,610 - INFO - [pipeline.py:117] - [Grade: F] Saved to: /Users/kenfasano/Scripts/ScreenArt/Images/Rejected/bubbles_2-F.jpeg
2026-03-08 15:26:17,618 - INFO - [pipeline.py:44] - InvertRGBTransformer
2026-03-08 15:26:17,619 - INFO - [pipeline.py:44] - ThermalImagingTransformer
2026-03-08 15:26:17,646 - INFO - [pipeline.py:44] - FlipWilsonTransformer
2026-03-08 15:26:17,747 - INFO - [pipeline.py:44] - AnamorphicTransformer
2026-03-08 15:26:17,805 - INFO - [pipeline.py:117] - [Grade: F] Saved to: /Users/kenfasano/Scripts/ScreenArt/Images/Rejected/bubbles_3-F.jpeg
2026-03-08 15:26:17,813 - INFO - [pipeline.py:44] - RadialWarpTransformer
2026-03-08 15:26:17,831 - INFO - [pipeline.py:44] - HalftoneTransformer
2026-03-08 15:26:17,876 - INFO - [pipeline.py:117] - [Grade: F] Saved to: /Users/kenfasano/Scripts/ScreenArt/Images/Rejected/bubbles_10-F.jpeg
2026-03-08 15:26:17,885 - INFO - [pipeline.py:44] - AnamorphicTransformer
2026-03-08 15:26:17,933 - INFO - [pipeline.py:44] - FluidWarpTransformer
2026-03-08 15:26:17,961 - INFO - [pipeline.py:44] - WheelTransformer
2026-03-08 15:26:18,010 - INFO - [pipeline.py:117] - [Grade: A] Saved to: /Users/kenfasano/Scripts/ScreenArt/Images/TransformedImages/bubbles_1-A.jpeg
2026-03-08 15:26:18,019 - INFO - [pipeline.py:44] - HalftoneTransformer
2026-03-08 15:26:18,049 - INFO - [pipeline.py:44] - DataMoshTransformer
2026-03-08 15:26:18,086 - INFO - [pipeline.py:44] - TritoneTransformer
2026-03-08 15:26:18,131 - INFO - [pipeline.py:117] - [Grade: F] Saved to: /Users/kenfasano/Scripts/ScreenArt/Images/Rejected/bubbles_6-F.jpeg
2026-03-08 15:26:18,139 - INFO - [pipeline.py:44] - FluidWarpTransformer
2026-03-08 15:26:18,192 - INFO - [pipeline.py:44] - DataMoshTransformer
2026-03-08 15:26:18,229 - INFO - [pipeline.py:44] - WheelTransformer
2026-03-08 15:26:18,279 - INFO - [pipeline.py:117] - [Grade: F] Saved to: /Users/kenfasano/Scripts/ScreenArt/Images/Rejected/bubbles_7-F.jpeg
2026-03-08 15:26:18,287 - INFO - [pipeline.py:44] - FisheyeTransformer
2026-03-08 15:26:18,316 - INFO - [pipeline.py:44] - FluidWarpTransformer
2026-03-08 15:26:18,360 - INFO - [pipeline.py:44] - AnamorphicTransformer
2026-03-08 15:26:18,429 - INFO - [pipeline.py:117] - [Grade: B] Saved to: /Users/kenfasano/Scripts/ScreenArt/Images/TransformedImages/cubes_2-B.jpeg
2026-03-08 15:26:18,436 - INFO - [pipeline.py:44] - RadialWarpTransformer
2026-03-08 15:26:18,453 - INFO - [pipeline.py:44] - TritoneTransformer
2026-03-08 15:26:18,497 - INFO - [pipeline.py:117] - [Grade: F] Saved to: /Users/kenfasano/Scripts/ScreenArt/Images/Rejected/cubes_3-F.jpeg
2026-03-08 15:26:18,506 - INFO - [pipeline.py:44] - HalftoneTransformer
2026-03-08 15:26:18,536 - INFO - [pipeline.py:44] - AnamorphicTransformer
2026-03-08 15:26:18,593 - INFO - [pipeline.py:117] - [Grade: F] Saved to: /Users/kenfasano/Scripts/ScreenArt/Images/Rejected/cubes_4-F.jpeg
2026-03-08 15:26:18,601 - INFO - [pipeline.py:44] - ColormapTransformer
2026-03-08 15:26:18,613 - INFO - [pipeline.py:44] - HalftoneTransformer
2026-03-08 15:26:18,658 - INFO - [pipeline.py:117] - [Grade: F] Saved to: /Users/kenfasano/Scripts/ScreenArt/Images/Rejected/cubes_5-F.jpeg
2026-03-08 15:26:18,666 - INFO - [pipeline.py:44] - XrayTransformer
2026-03-08 15:26:18,777 - INFO - [pipeline.py:44] - WatercolorTransformer
2026-03-08 15:26:18,853 - INFO - [pipeline.py:44] - GlitchWarpTransformer
2026-03-08 15:26:18,880 - INFO - [pipeline.py:44] - SwirlWarpTransformer
2026-03-08 15:26:18,938 - INFO - [pipeline.py:117] - [Grade: F] Saved to: /Users/kenfasano/Scripts/ScreenArt/Images/Rejected/cubes_6-F.jpeg
2026-03-08 15:26:18,946 - INFO - [pipeline.py:44] - XrayTransformer
2026-03-08 15:26:19,055 - INFO - [pipeline.py:44] - FisheyeTransformer
2026-03-08 15:26:19,093 - INFO - [pipeline.py:117] - [Grade: F] Saved to: /Users/kenfasano/Scripts/ScreenArt/Images/Rejected/cubes_1-F.jpeg
2026-03-08 15:26:19,101 - INFO - [pipeline.py:44] - XrayTransformer
2026-03-08 15:26:19,208 - INFO - [pipeline.py:44] - FractalWarpTransformer
2026-03-08 15:26:19,224 - INFO - [pipeline.py:44] - DuotoneTransformer
2026-03-08 15:26:19,267 - INFO - [pipeline.py:44] - MeltMorphTransformer
2026-03-08 15:26:19,300 - INFO - [pipeline.py:117] - [Grade: F] Saved to: /Users/kenfasano/Scripts/ScreenArt/Images/Rejected/NGC602Web_goldman950-F.jpg
2026-03-08 15:26:19,301 - INFO - [pipeline.py:44] - DataMoshTransformer
2026-03-08 15:26:19,306 - INFO - [pipeline.py:44] - TritoneTransformer
2026-03-08 15:26:19,313 - INFO - [pipeline.py:117] - [Grade: F] Saved to: /Users/kenfasano/Scripts/ScreenArt/Images/Rejected/tarantula_esowfi-F.jpg
2026-03-08 15:26:19,329 - INFO - [pipeline.py:44] - FlipWilsonTransformer
2026-03-08 15:26:19,362 - INFO - [pipeline.py:44] - XrayTransformer
2026-03-08 15:26:19,436 - INFO - [pipeline.py:44] - ColormapTransformer
2026-03-08 15:26:19,440 - INFO - [pipeline.py:44] - AnamorphicTransformer
2026-03-08 15:26:19,459 - INFO - [pipeline.py:117] - [Grade: F] Saved to: /Users/kenfasano/Scripts/ScreenArt/Images/Rejected/M104_Hubble_rba1024-F.jpg
2026-03-08 15:26:19,462 - INFO - [pipeline.py:44] - PosterizationTransformer
2026-03-08 15:26:19,463 - INFO - [pipeline.py:44] - FisheyeTransformer
2026-03-08 15:26:19,473 - INFO - [pipeline.py:117] - [Grade: F] Saved to: /Users/kenfasano/Scripts/ScreenArt/Images/Rejected/NGC7822_goldmanWeb4s_cr900-F.jpg
2026-03-08 15:26:19,475 - INFO - [pipeline.py:44] - TritoneTransformer
2026-03-08 15:26:19,482 - INFO - [pipeline.py:117] - [Grade: F] Saved to: /Users/kenfasano/Scripts/ScreenArt/Images/Rejected/europafrost_gal-F.jpg
2026-03-08 15:26:19,484 - INFO - [pipeline.py:44] - FlipWilsonTransformer
2026-03-08 15:26:19,513 - INFO - [pipeline.py:44] - InvertRGBTransformer
2026-03-08 15:26:19,513 - INFO - [pipeline.py:44] - ColormapTransformer
2026-03-08 15:26:19,516 - INFO - [pipeline.py:44] - AnamorphicTransformer
2026-03-08 15:26:19,533 - INFO - [pipeline.py:117] - [Grade: F] Saved to: /Users/kenfasano/Scripts/ScreenArt/Images/Rejected/Arp78_leshin900-F.jpg
2026-03-08 15:26:19,537 - INFO - [pipeline.py:44] - ColormapTransformer
2026-03-08 15:26:19,542 - INFO - [pipeline.py:44] - FractalWarpTransformer
2026-03-08 15:26:19,562 - INFO - [pipeline.py:117] - [Grade: F] Saved to: /Users/kenfasano/Scripts/ScreenArt/Images/Rejected/ngc4038_russell_960-F.jpg
2026-03-08 15:26:19,569 - INFO - [pipeline.py:44] - GlitchWarpTransformer
2026-03-08 15:26:19,580 - INFO - [pipeline.py:44] - DataMoshTransformer
2026-03-08 15:26:19,602 - INFO - [pipeline.py:117] - [Grade: F] Saved to: /Users/kenfasano/Scripts/ScreenArt/Images/Rejected/TimelapseVenusPleiadesFinazzi800-F.jpg
2026-03-08 15:26:19,605 - INFO - [pipeline.py:44] - PosterizationTransformer
2026-03-08 15:26:19,606 - INFO - [pipeline.py:44] - AnamorphicTransformer
2026-03-08 15:26:19,617 - INFO - [pipeline.py:44] - TritoneTransformer
2026-03-08 15:26:19,624 - INFO - [pipeline.py:44] - WatercolorTransformer
2026-03-08 15:26:19,648 - INFO - [pipeline.py:117] - [Grade: F] Saved to: /Users/kenfasano/Scripts/ScreenArt/Images/Rejected/ic10L_MSiniscalchi_c600-F.jpg
2026-03-08 15:26:19,652 - INFO - [pipeline.py:44] - AnamorphicTransformer
2026-03-08 15:26:19,682 - INFO - [pipeline.py:44] - DuotoneTransformer
2026-03-08 15:26:19,720 - INFO - [pipeline.py:117] - [Grade: F] Saved to: /Users/kenfasano/Scripts/ScreenArt/Images/Rejected/MarsSpica_heden_759-F.jpg
2026-03-08 15:26:19,721 - INFO - [pipeline.py:44] - WheelTransformer
2026-03-08 15:26:19,726 - INFO - [pipeline.py:44] - ColormapTransformer
2026-03-08 15:26:19,728 - INFO - [pipeline.py:44] - DataMoshTransformer
2026-03-08 15:26:19,733 - INFO - [pipeline.py:44] - InvertRGBTransformer
2026-03-08 15:26:19,736 - INFO - [pipeline.py:117] - [Grade: F] Saved to: /Users/kenfasano/Scripts/ScreenArt/Images/Rejected/p96mach_lascoc2_c1-F.jpg
2026-03-08 15:26:19,738 - INFO - [pipeline.py:44] - InvertRGBTransformer
2026-03-08 15:26:19,739 - INFO - [pipeline.py:44] - DuotoneTransformer
2026-03-08 15:26:19,755 - INFO - [pipeline.py:117] - [Grade: F] Saved to: /Users/kenfasano/Scripts/ScreenArt/Images/Rejected/Rosette_ballauer_640-F.jpg
2026-03-08 15:26:19,767 - INFO - [pipeline.py:44] - ThreeDExtrusionTransformer
2026-03-08 15:26:19,799 - INFO - [pipeline.py:44] - FlipWilsonTransformer
2026-03-08 15:26:19,933 - INFO - [pipeline.py:117] - [Grade: F] Saved to: /Users/kenfasano/Scripts/ScreenArt/Images/Rejected/nasa_earth_1_Mexico_City_True_Color-F.jpeg
2026-03-08 15:26:19,945 - INFO - [pipeline.py:44] - TritoneTransformer
2026-03-08 15:26:19,968 - INFO - [pipeline.py:44] - WatercolorTransformer
2026-03-08 15:26:20,033 - INFO - [pipeline.py:117] - [Grade: F] Saved to: /Users/kenfasano/Scripts/ScreenArt/Images/Rejected/noaa_goes_1_se_Sandwich_RGB-F.jpeg
2026-03-08 15:26:20,034 - INFO - [pipeline.py:44] - AnamorphicTransformer
2026-03-08 15:26:20,043 - INFO - [pipeline.py:44] - WatercolorTransformer
2026-03-08 15:26:20,056 - INFO - [pipeline.py:117] - [Grade: F] Saved to: /Users/kenfasano/Scripts/ScreenArt/Images/Rejected/Casa_torreon-F.jpeg
2026-03-08 15:26:20,072 - INFO - [pipeline.py:44] - ThreeDExtrusionTransformer
2026-03-08 15:26:20,121 - INFO - [pipeline.py:44] - ColormapTransformer
2026-03-08 15:26:20,136 - INFO - [pipeline.py:44] - SwirlWarpTransformer
2026-03-08 15:26:20,227 - INFO - [pipeline.py:117] - [Grade: A] Saved to: /Users/kenfasano/Scripts/ScreenArt/Images/TransformedImages/A_volt_E-A.jpeg
2026-03-08 15:26:20,232 - INFO - [pipeline.py:44] - SwirlWarpTransformer
2026-03-08 15:26:20,265 - INFO - [pipeline.py:44] - FractalWarpTransformer
2026-03-08 15:26:20,292 - INFO - [pipeline.py:44] - WatercolorTransformer
2026-03-08 15:26:20,368 - INFO - [pipeline.py:117] - [Grade: B] Saved to: /Users/kenfasano/Scripts/ScreenArt/Images/TransformedImages/GBBEPx_NH3_2025-B.jpeg
2026-03-08 15:26:20,376 - INFO - [pipeline.py:44] - InvertRGBTransformer
2026-03-08 15:26:20,392 - INFO - [pipeline.py:117] - [Grade: F] Saved to: /Users/kenfasano/Scripts/ScreenArt/Images/Rejected/2018-02--F.jpeg
2026-03-08 15:26:20,404 - INFO - [pipeline.py:44] - SwirlWarpTransformer
2026-03-08 15:26:20,462 - INFO - [pipeline.py:44] - DataMoshTransformer
2026-03-08 15:26:20,509 - INFO - [pipeline.py:44] - PosterizationTransformer
2026-03-08 15:26:20,518 - INFO - [pipeline.py:44] - FluidWarpTransformer
2026-03-08 15:26:20,622 - INFO - [pipeline.py:117] - [Grade: F] Saved to: /Users/kenfasano/Scripts/ScreenArt/Images/Rejected/Rockaway-F.jpeg
2026-03-08 15:26:20,633 - INFO - [pipeline.py:44] - FisheyeTransformer
2026-03-08 15:26:20,666 - INFO - [pipeline.py:44] - TritoneTransformer
2026-03-08 15:26:20,701 - INFO - [pipeline.py:44] - SwirlWarpTransformer
2026-03-08 15:26:20,775 - INFO - [pipeline.py:117] - [Grade: F] Saved to: /Users/kenfasano/Scripts/ScreenArt/Images/Rejected/_Messe_d-F.jpeg
2026-03-08 15:26:20,782 - INFO - [pipeline.py:44] - TritoneTransformer
2026-03-08 15:26:20,827 - INFO - [pipeline.py:117] - [Grade: F] Saved to: /Users/kenfasano/Scripts/ScreenArt/Images/Rejected/lojong_2-F.jpeg
2026-03-08 15:26:20,833 - INFO - [pipeline.py:44] - ColormapTransformer
2026-03-08 15:26:20,859 - INFO - [pipeline.py:117] - [Grade: F] Saved to: /Users/kenfasano/Scripts/ScreenArt/Images/Rejected/lojong_3-F.jpeg
2026-03-08 15:26:20,866 - INFO - [pipeline.py:44] - HalftoneTransformer
2026-03-08 15:26:20,911 - INFO - [pipeline.py:117] - [Grade: F] Saved to: /Users/kenfasano/Scripts/ScreenArt/Images/Rejected/lojong_8-F.jpeg
2026-03-08 15:26:20,917 - INFO - [pipeline.py:44] - FluidWarpTransformer
2026-03-08 15:26:20,972 - INFO - [pipeline.py:44] - FisheyeTransformer
2026-03-08 15:26:20,996 - INFO - [pipeline.py:44] - HalftoneTransformer
2026-03-08 15:26:21,041 - INFO - [pipeline.py:117] - [Grade: F] Saved to: /Users/kenfasano/Scripts/ScreenArt/Images/Rejected/lojong_4-F.jpeg
2026-03-08 15:26:21,047 - INFO - [pipeline.py:44] - GlitchWarpTransformer
2026-03-08 15:26:21,074 - INFO - [pipeline.py:44] - FisheyeTransformer
2026-03-08 15:26:21,115 - INFO - [pipeline.py:117] - [Grade: B] Saved to: /Users/kenfasano/Scripts/ScreenArt/Images/TransformedImages/lojong_5-B.jpeg
2026-03-08 15:26:21,122 - INFO - [pipeline.py:44] - FlipWilsonTransformer
2026-03-08 15:26:21,227 - INFO - [pipeline.py:44] - WatercolorTransformer
2026-03-08 15:26:21,303 - INFO - [pipeline.py:44] - MeltMorphTransformer
2026-03-08 15:26:21,356 - INFO - [pipeline.py:44] - HalftoneTransformer
2026-03-08 15:26:21,401 - INFO - [pipeline.py:117] - [Grade: F] Saved to: /Users/kenfasano/Scripts/ScreenArt/Images/Rejected/lojong_9-F.jpeg
2026-03-08 15:26:21,407 - INFO - [pipeline.py:44] - FisheyeTransformer
2026-03-08 15:26:21,431 - INFO - [pipeline.py:44] - FluidWarpTransformer
2026-03-08 15:26:21,532 - INFO - [pipeline.py:117] - [Grade: F] Saved to: /Users/kenfasano/Scripts/ScreenArt/Images/Rejected/lojong_6-F.jpeg
2026-03-08 15:26:21,539 - INFO - [pipeline.py:44] - SwirlWarpTransformer
2026-03-08 15:26:21,580 - INFO - [pipeline.py:44] - ThermalImagingTransformer
2026-03-08 15:26:21,623 - INFO - [pipeline.py:117] - [Grade: F] Saved to: /Users/kenfasano/Scripts/ScreenArt/Images/Rejected/lojong_7-F.jpeg
2026-03-08 15:26:21,629 - INFO - [pipeline.py:44] - FisheyeTransformer
2026-03-08 15:26:21,668 - INFO - [pipeline.py:117] - [Grade: F] Saved to: /Users/kenfasano/Scripts/ScreenArt/Images/Rejected/lojong_0-F.jpeg
2026-03-08 15:26:21,675 - INFO - [pipeline.py:44] - GlitchWarpTransformer
2026-03-08 15:26:21,702 - INFO - [pipeline.py:44] - AnamorphicTransformer
2026-03-08 15:26:21,766 - INFO - [pipeline.py:44] - TritoneTransformer
2026-03-08 15:26:21,795 - INFO - [pipeline.py:44] - ThreeDExtrusionTransformer
2026-03-08 15:26:21,840 - INFO - [pipeline.py:117] - [Grade: F] Saved to: /Users/kenfasano/Scripts/ScreenArt/Images/Rejected/lojong_1-F.jpeg
2026-03-08 15:26:21,848 - INFO - [pipeline.py:44] - DataMoshTransformer
2026-03-08 15:26:21,900 - INFO - [pipeline.py:117] - [Grade: F] Saved to: /Users/kenfasano/Scripts/ScreenArt/Images/Rejected/psalms_82-F.jpeg
2026-03-08 15:26:21,907 - INFO - [pipeline.py:44] - FractalWarpTransformer
2026-03-08 15:26:21,942 - INFO - [pipeline.py:44] - FisheyeTransformer
2026-03-08 15:26:21,966 - INFO - [pipeline.py:44] - FlipWilsonTransformer
2026-03-08 15:26:22,082 - INFO - [pipeline.py:117] - [Grade: F] Saved to: /Users/kenfasano/Scripts/ScreenArt/Images/Rejected/psalms_51-F.jpeg
2026-03-08 15:26:22,090 - INFO - [pipeline.py:44] - FlipWilsonTransformer
2026-03-08 15:26:22,196 - INFO - [pipeline.py:44] - WatercolorTransformer
2026-03-08 15:26:22,276 - INFO - [pipeline.py:44] - ColormapTransformer
2026-03-08 15:26:22,305 - INFO - [pipeline.py:117] - [Grade: F] Saved to: /Users/kenfasano/Scripts/ScreenArt/Images/Rejected/psalms_26-F.jpeg
2026-03-08 15:26:22,312 - INFO - [pipeline.py:44] - WheelTransformer
2026-03-08 15:26:22,346 - INFO - [pipeline.py:44] - GlitchWarpTransformer
2026-03-08 15:26:22,390 - INFO - [pipeline.py:117] - [Grade: F] Saved to: /Users/kenfasano/Scripts/ScreenArt/Images/Rejected/psalms_6-F.jpeg
2026-03-08 15:26:22,397 - INFO - [pipeline.py:44] - FractalWarpTransformer
2026-03-08 15:26:22,433 - INFO - [pipeline.py:44] - GlitchWarpTransformer
2026-03-08 15:26:22,460 - INFO - [pipeline.py:44] - HalftoneTransformer
2026-03-08 15:26:22,505 - INFO - [pipeline.py:117] - [Grade: F] Saved to: /Users/kenfasano/Scripts/ScreenArt/Images/Rejected/psalms_72-F.jpeg
2026-03-08 15:26:22,511 - INFO - [pipeline.py:44] - PosterizationTransformer
2026-03-08 15:26:22,516 - INFO - [pipeline.py:44] - WheelTransformer
2026-03-08 15:26:22,564 - INFO - [pipeline.py:117] - [Grade: F] Saved to: /Users/kenfasano/Scripts/ScreenArt/Images/Rejected/psalms_13-F.jpeg
2026-03-08 15:26:22,572 - INFO - [pipeline.py:44] - GlitchWarpTransformer
2026-03-08 15:26:22,600 - INFO - [pipeline.py:44] - InvertRGBTransformer
2026-03-08 15:26:22,601 - INFO - [pipeline.py:44] - AnamorphicTransformer
2026-03-08 15:26:22,658 - INFO - [pipeline.py:117] - [Grade: F] Saved to: /Users/kenfasano/Scripts/ScreenArt/Images/Rejected/psalms_45-F.jpeg
2026-03-08 15:26:22,664 - INFO - [pipeline.py:44] - WatercolorTransformer
2026-03-08 15:26:22,757 - INFO - [pipeline.py:117] - [Grade: B] Saved to: /Users/kenfasano/Scripts/ScreenArt/Images/TransformedImages/psalms_118-B.jpeg
2026-03-08 15:26:22,763 - INFO - [pipeline.py:44] - GlitchWarpTransformer
2026-03-08 15:26:22,791 - INFO - [pipeline.py:44] - FractalWarpTransformer
2026-03-08 15:26:22,840 - INFO - [pipeline.py:117] - [Grade: C] Saved to: /Users/kenfasano/Scripts/ScreenArt/Images/TransformedImages/psalms_113-C.jpeg
2026-03-08 15:26:22,847 - INFO - [pipeline.py:44] - RadialWarpTransformer
2026-03-08 15:26:22,863 - INFO - [pipeline.py:44] - SwirlWarpTransformer
2026-03-08 15:26:22,906 - INFO - [pipeline.py:44] - FluidWarpTransformer
2026-03-08 15:26:22,984 - INFO - [pipeline.py:44] - InvertRGBTransformer
2026-03-08 15:26:23,000 - INFO - [pipeline.py:117] - [Grade: F] Saved to: /Users/kenfasano/Scripts/ScreenArt/Images/Rejected/psalms_18-F.jpeg
2026-03-08 15:26:23,004 - INFO - [pipeline.py:44] - XrayTransformer
2026-03-08 15:26:23,080 - INFO - [pipeline.py:117] - [Grade: F] Saved to: /Users/kenfasano/Scripts/ScreenArt/Images/Rejected/peripheral_drift_2-F.jpeg
2026-03-08 15:26:23,082 - INFO - [pipeline.py:44] - XrayTransformer
2026-03-08 15:26:23,131 - INFO - [pipeline.py:44] - ThermalImagingTransformer
2026-03-08 15:26:23,139 - INFO - [pipeline.py:44] - DataMoshTransformer
2026-03-08 15:26:23,151 - INFO - [pipeline.py:44] - TritoneTransformer
2026-03-08 15:26:23,165 - INFO - [pipeline.py:117] - [Grade: F] Saved to: /Users/kenfasano/Scripts/ScreenArt/Images/Rejected/peripheral_drift_3-F.jpeg
2026-03-08 15:26:23,167 - INFO - [pipeline.py:44] - ThreeDExtrusionTransformer
2026-03-08 15:26:23,182 - INFO - [pipeline.py:117] - [Grade: F] Saved to: /Users/kenfasano/Scripts/ScreenArt/Images/Rejected/peripheral_drift_1-F.jpeg
2026-03-08 15:26:23,188 - INFO - [pipeline.py:44] - FisheyeTransformer
2026-03-08 15:26:23,211 - INFO - [pipeline.py:44] - FluidWarpTransformer
2026-03-08 15:26:23,289 - INFO - [pipeline.py:44] - WheelTransformer
2026-03-08 15:26:23,338 - INFO - [pipeline.py:117] - [Grade: C] Saved to: /Users/kenfasano/Scripts/ScreenArt/Images/TransformedImages/koch_snowflake_2_2-C.jpeg
2026-03-08 15:26:23,344 - INFO - [pipeline.py:44] - WatercolorTransformer
2026-03-08 15:26:23,422 - INFO - [pipeline.py:44] - ThreeDExtrusionTransformer
2026-03-08 15:26:23,452 - INFO - [pipeline.py:44] - MeltMorphTransformer
2026-03-08 15:26:23,505 - INFO - [pipeline.py:44] - ColormapTransformer
2026-03-08 15:26:23,532 - INFO - [pipeline.py:117] - [Grade: F] Saved to: /Users/kenfasano/Scripts/ScreenArt/Images/Rejected/koch_snowflake_2_3-F.jpeg
2026-03-08 15:26:23,538 - INFO - [pipeline.py:44] - DuotoneTransformer
2026-03-08 15:26:23,642 - INFO - [pipeline.py:117] - [Grade: F] Saved to: /Users/kenfasano/Scripts/ScreenArt/Images/Rejected/koch_snowflake_2_4-F.jpeg
2026-03-08 15:26:23,648 - INFO - [pipeline.py:44] - TritoneTransformer
2026-03-08 15:26:23,677 - INFO - [pipeline.py:44] - FractalWarpTransformer
2026-03-08 15:26:23,711 - INFO - [pipeline.py:44] - PosterizationTransformer
2026-03-08 15:26:23,716 - INFO - [pipeline.py:44] - SwirlWarpTransformer
2026-03-08 15:26:23,773 - INFO - [pipeline.py:117] - [Grade: F] Saved to: /Users/kenfasano/Scripts/ScreenArt/Images/Rejected/koch_snowflake_2_5-F.jpeg
2026-03-08 15:26:23,779 - INFO - [pipeline.py:44] - PosterizationTransformer
2026-03-08 15:26:23,784 - INFO - [pipeline.py:44] - AnamorphicTransformer
2026-03-08 15:26:23,840 - INFO - [pipeline.py:117] - [Grade: F] Saved to: /Users/kenfasano/Scripts/ScreenArt/Images/Rejected/koch_snowflake_2_1-F.jpeg
2026-03-08 15:26:23,852 - INFO - [pipeline.py:44] - DuotoneTransformer
2026-03-08 15:26:23,957 - INFO - [pipeline.py:117] - [Grade: B] Saved to: /Users/kenfasano/Scripts/ScreenArt/Images/TransformedImages/hilbert_5-B.jpg
2026-03-08 15:26:23,965 - INFO - [pipeline.py:44] - XrayTransformer
2026-03-08 15:26:24,031 - INFO - [pipeline.py:44] - ThreeDExtrusionTransformer
2026-03-08 15:26:24,061 - INFO - [pipeline.py:44] - ThermalImagingTransformer
2026-03-08 15:26:24,087 - INFO - [pipeline.py:44] - RadialWarpTransformer
2026-03-08 15:26:24,116 - INFO - [pipeline.py:117] - [Grade: F] Saved to: /Users/kenfasano/Scripts/ScreenArt/Images/Rejected/hilbert_4-F.jpg
2026-03-08 15:26:24,127 - INFO - [pipeline.py:44] - TritoneTransformer
2026-03-08 15:26:24,156 - INFO - [pipeline.py:44] - DataMoshTransformer
2026-03-08 15:26:24,192 - INFO - [pipeline.py:44] - FractalWarpTransformer
2026-03-08 15:26:24,227 - INFO - [pipeline.py:44] - XrayTransformer
2026-03-08 15:26:24,313 - INFO - [pipeline.py:117] - [Grade: F] Saved to: /Users/kenfasano/Scripts/ScreenArt/Images/Rejected/hilbert_1-F.jpg
2026-03-08 15:26:24,322 - INFO - [pipeline.py:44] - SwirlWarpTransformer
2026-03-08 15:26:24,364 - INFO - [pipeline.py:44] - HalftoneTransformer
2026-03-08 15:26:24,394 - INFO - [pipeline.py:44] - ThreeDExtrusionTransformer
2026-03-08 15:26:24,439 - INFO - [pipeline.py:117] - [Grade: F] Saved to: /Users/kenfasano/Scripts/ScreenArt/Images/Rejected/hilbert_3-F.jpg
2026-03-08 15:26:24,451 - INFO - [pipeline.py:44] - ColormapTransformer
2026-03-08 15:26:24,463 - INFO - [pipeline.py:44] - FractalWarpTransformer
2026-03-08 15:26:24,497 - INFO - [pipeline.py:44] - WatercolorTransformer
2026-03-08 15:26:24,575 - INFO - [pipeline.py:44] - ThermalImagingTransformer
2026-03-08 15:26:24,618 - INFO - [pipeline.py:117] - [Grade: F] Saved to: /Users/kenfasano/Scripts/ScreenArt/Images/Rejected/hilbert_2-F.jpg
2026-03-08 15:26:24,618 - INFO - [main.py:196] - FlipWilsonTransformer
2026-03-08 15:26:24,618 - INFO - [main.py:196] - XrayTransformer
2026-03-08 15:26:24,618 - INFO - [main.py:196] - FluidWarpTransformer
2026-03-08 15:26:24,618 - INFO - [main.py:196] - WatercolorTransformer
2026-03-08 15:26:24,618 - INFO - [main.py:196] - DuotoneTransformer
2026-03-08 15:26:24,618 - INFO - [main.py:196] - MeltMorphTransformer
2026-03-08 15:26:24,618 - INFO - [main.py:196] - SwirlWarpTransformer
2026-03-08 15:26:24,618 - INFO - [main.py:196] - AnamorphicTransformer
2026-03-08 15:26:24,618 - INFO - [main.py:196] - ThreeDExtrusionTransformer
2026-03-08 15:26:24,618 - INFO - [main.py:196] - HalftoneTransformer
2026-03-08 15:26:24,618 - INFO - [main.py:196] - FractalWarpTransformer
2026-03-08 15:26:24,618 - INFO - [main.py:196] - WheelTransformer
2026-03-08 15:26:24,618 - INFO - [main.py:196] - GlitchWarpTransformer
2026-03-08 15:26:24,618 - INFO - [main.py:196] - DataMoshTransformer
2026-03-08 15:26:24,618 - INFO - [main.py:196] - FisheyeTransformer
2026-03-08 15:26:24,618 - INFO - [main.py:196] - ThermalImagingTransformer
2026-03-08 15:26:24,618 - INFO - [main.py:196] - TritoneTransformer
2026-03-08 15:26:24,618 - INFO - [main.py:196] - RadialWarpTransformer
2026-03-08 15:26:24,618 - INFO - [main.py:196] - ColormapTransformer
2026-03-08 15:26:24,618 - INFO - [main.py:196] - PosterizationTransformer
2026-03-08 15:26:24,618 - INFO - [main.py:196] - InvertRGBTransformer
2026-03-08 15:26:24,618 - INFO - [main.py:239] - 13s@15:26 ✓
Accepted: 12
Rejected: 57
---
Wiki                       ->  2786ms
Nasa                       ->   696ms
GoesGenerator              ->   531ms
Cubes                      ->   492ms
Lojong                     ->   367ms
Bible                      ->   365ms
KochSnowflake              ->   291ms
Bubbles                    ->   244ms
Hilbert                    ->    73ms
PeripheralDriftIllusion    ->    47ms
NasaMapGenerator           ->    36ms
---
FlipWilsonTransformer      -> Min:    28ms | Avg:    89ms | Max:   114ms
XrayTransformer            -> Min:    48ms | Avg:    85ms | Max:   114ms
FluidWarpTransformer       -> Min:    28ms | Avg:    63ms | Max:    86ms
WatercolorTransformer      -> Min:    11ms | Avg:    63ms | Max:    80ms
DuotoneTransformer         -> Min:    14ms | Avg:    53ms | Max:    88ms
MeltMorphTransformer       -> Min:    25ms | Avg:    49ms | Max:    64ms
SwirlWarpTransformer       -> Min:    33ms | Avg:    46ms | Max:    62ms
AnamorphicTransformer      -> Min:     8ms | Avg:    36ms | Max:    63ms
ThreeDExtrusionTransformer -> Min:     9ms | Avg:    30ms | Max:    49ms
HalftoneTransformer        -> Min:    30ms | Avg:    30ms | Max:    30ms
FractalWarpTransformer     -> Min:    13ms | Avg:    29ms | Max:    36ms
WheelTransformer           -> Min:     5ms | Avg:    29ms | Max:    33ms
GlitchWarpTransformer      -> Min:    11ms | Avg:    25ms | Max:    29ms
DataMoshTransformer        -> Min:     5ms | Avg:    25ms | Max:    47ms
FisheyeTransformer         -> Min:     5ms | Avg:    23ms | Max:    33ms
ThermalImagingTransformer  -> Min:     9ms | Avg:    23ms | Max:    27ms
TritoneTransformer         -> Min:     4ms | Avg:    22ms | Max:    36ms
RadialWarpTransformer      -> Min:    12ms | Avg:    16ms | Max:    17ms
ColormapTransformer        -> Min:     2ms | Avg:     9ms | Max:    15ms
PosterizationTransformer   -> Min:     1ms | Avg:     4ms | Max:     9ms
InvertRGBTransformer       -> Min:     0ms | Avg:     1ms | Max:     1ms
