2026-04-10 14:29:31,848 - INFO - [mandala_draw.py:282] - mandala_draw: generated 3/3
2026-04-10 14:29:38,152 - INFO - [staticGenerator.py:53] - staticGenerator <- ken_a2-A.jpeg
2026-04-10 14:29:38,154 - INFO - [staticGenerator.py:53] - staticGenerator <- IMG_0171.jpeg
2026-04-10 14:29:38,155 - INFO - [staticGenerator.py:53] - staticGenerator <- IMG_0163.jpeg
2026-04-10 14:29:38,156 - INFO - [staticGenerator.py:53] - staticGenerator <- IMG_0152.jpeg
2026-04-10 14:29:38,160 - INFO - [wiki.py:59] - Wiki keyword query: Buddhism
2026-04-10 14:29:40,053 - INFO - [pipeline.py:122] - "DataMoshTransformer","intensity=0.02"
2026-04-10 14:29:40,080 - INFO - [pipeline.py:236] - [Grade: B] Saved to: /Users/kenfasano/Scripts/ScreenArt/Images/TransformedImages/ascii_1-B_078c.jpeg
2026-04-10 14:29:40,141 - INFO - [pipeline.py:122] - "FractalWarpTransformer","iter=1,scale=0.05"
2026-04-10 14:29:40,194 - INFO - [pipeline.py:122] - "FluidWarpTransformer","alpha=1.22,sigma=6.73"
2026-04-10 14:29:40,229 - INFO - [pipeline.py:122] - "FisheyeTransformer","shape=oval,strength=0.59,zoom=0.88"
2026-04-10 14:29:40,272 - INFO - [pipeline.py:122] - "SwirlWarpTransformer","strength=1.50"
2026-04-10 14:29:40,294 - INFO - [pipeline.py:236] - [Grade: C] Saved to: /Users/kenfasano/Scripts/ScreenArt/Images/TransformedImages/ascii_0-C_098a.jpeg
2026-04-10 14:29:40,351 - INFO - [pipeline.py:122] - "FluidWarpTransformer","alpha=6.46,sigma=6.32"
2026-04-10 14:29:40,399 - INFO - [pipeline.py:122] - "WheelTransformer","blend=lighter,copies=4"
2026-04-10 14:29:40,418 - INFO - [pipeline.py:122] - "RadialWarpTransformer","radius=0.25,strength=53.39737407435946,style=push"
2026-04-10 14:29:40,647 - INFO - [pipeline.py:122] - "WatercolorTransformer","scale=0.85,style=psychedelic"
2026-04-10 14:29:40,666 - INFO - [pipeline.py:236] - [Grade: C] Saved to: /Users/kenfasano/Scripts/ScreenArt/Images/TransformedImages/psalms_56-C-scatter_2246.jpeg
2026-04-10 14:29:40,716 - INFO - [pipeline.py:122] - "SwirlWarpTransformer","strength=1.50"
2026-04-10 14:29:40,736 - INFO - [pipeline.py:236] - [Grade: A] Saved to: /Users/kenfasano/Scripts/ScreenArt/Images/TransformedImages/psalms_40-A-scatter_fdb7.jpeg
2026-04-10 14:29:40,773 - INFO - [pipeline.py:122] - "OilPaintingTransformer","dyn_ratio=2,size=4"
2026-04-10 14:29:40,787 - INFO - [pipeline.py:122] - "PosterizationTransformer","levels=4"
2026-04-10 14:29:40,808 - INFO - [pipeline.py:236] - [Grade: A] Saved to: /Users/kenfasano/Scripts/ScreenArt/Images/TransformedImages/psalms_9-A-columns_6598.jpeg
2026-04-10 14:29:40,869 - INFO - [pipeline.py:122] - "HalftoneTransformer","size=2"
2026-04-10 14:29:40,908 - INFO - [pipeline.py:122] - "WheelTransformer","blend=lighter,copies=4"
2026-04-10 14:29:40,927 - INFO - [pipeline.py:236] - [Grade: A] Saved to: /Users/kenfasano/Scripts/ScreenArt/Images/TransformedImages/psalms_45-A-columns_cd1a.jpeg
2026-04-10 14:29:40,986 - INFO - [pipeline.py:122] - "HalftoneTransformer","size=2"
2026-04-10 14:29:41,003 - INFO - [pipeline.py:122] - "RadialWarpTransformer","radius=0.25,strength=100.46295057983326,style=pull"
2026-04-10 14:29:41,064 - INFO - [pipeline.py:122] - "FlipWilsonTransformer","keep=right,narrow=0.27"
2026-04-10 14:29:41,078 - INFO - [pipeline.py:122] - "PosterizationTransformer","levels=4"
2026-04-10 14:29:41,094 - INFO - [pipeline.py:236] - [Grade: C] Saved to: /Users/kenfasano/Scripts/ScreenArt/Images/TransformedImages/psalms_125-C-columns_2a4f.jpeg
2026-04-10 14:29:41,156 - INFO - [pipeline.py:122] - "MeltMorphTransformer","intensity=0.50"
2026-04-10 14:29:41,176 - INFO - [pipeline.py:236] - [Grade: A] Saved to: /Users/kenfasano/Scripts/ScreenArt/Images/TransformedImages/cubes_2-A_7639.jpeg
2026-04-10 14:29:41,197 - INFO - [pipeline.py:122] - "PosterizationTransformer","levels=4"
2026-04-10 14:29:41,237 - INFO - [pipeline.py:122] - "WheelTransformer","blend=lighter,copies=4"
2026-04-10 14:29:41,254 - INFO - [pipeline.py:122] - "RadialWarpTransformer","radius=0.25,strength=65.66017198168817,style=push"
2026-04-10 14:29:41,274 - INFO - [pipeline.py:236] - [Grade: A] Saved to: /Users/kenfasano/Scripts/ScreenArt/Images/TransformedImages/cubes_3-A_b72c.jpeg
2026-04-10 14:29:41,313 - INFO - [pipeline.py:122] - "FluidWarpTransformer","alpha=0.94,sigma=0.85"
2026-04-10 14:29:41,330 - INFO - [pipeline.py:236] - [Grade: A] Saved to: /Users/kenfasano/Scripts/ScreenArt/Images/TransformedImages/cubes_1-A_4536.jpeg
2026-04-10 14:29:41,373 - INFO - [pipeline.py:122] - "FractalWarpTransformer","iter=1,scale=0.05"
2026-04-10 14:29:41,412 - INFO - [pipeline.py:122] - "DataMoshTransformer","intensity=0.02"
2026-04-10 14:29:41,425 - INFO - [pipeline.py:122] - "PosterizationTransformer","levels=4"
2026-04-10 14:29:41,465 - INFO - [pipeline.py:122] - "WheelTransformer","blend=lighter,copies=4"
2026-04-10 14:29:41,486 - INFO - [pipeline.py:236] - [Grade: A] Saved to: /Users/kenfasano/Scripts/ScreenArt/Images/TransformedImages/cubes_2-A_03c4.jpeg
2026-04-10 14:29:41,543 - INFO - [pipeline.py:122] - "HalftoneTransformer","size=2"
2026-04-10 14:29:41,560 - INFO - [pipeline.py:236] - [Grade: A] Saved to: /Users/kenfasano/Scripts/ScreenArt/Images/TransformedImages/cubes_3-A_ada3.jpeg
2026-04-10 14:29:41,623 - INFO - [pipeline.py:122] - "PixelSortTransformer","direction=rows,high=0.60,low=0.12,sort_key=brightness"
2026-04-10 14:29:41,651 - INFO - [pipeline.py:122] - "FisheyeTransformer","shape=oval,strength=0.27,zoom=0.95"
2026-04-10 14:29:41,689 - INFO - [pipeline.py:122] - "DataMoshTransformer","intensity=0.01"
2026-04-10 14:29:41,707 - INFO - [pipeline.py:236] - [Grade: A] Saved to: /Users/kenfasano/Scripts/ScreenArt/Images/TransformedImages/cubes_1-A_9a35.jpeg
2026-04-10 14:29:41,757 - INFO - [pipeline.py:122] - "FluidWarpTransformer","alpha=9.85,sigma=7.91"
2026-04-10 14:29:41,924 - INFO - [pipeline.py:122] - "WatercolorTransformer","scale=0.85,style=monet"
2026-04-10 14:29:41,938 - INFO - [pipeline.py:122] - "OilPaintingTransformer","dyn_ratio=5,size=3"
2026-04-10 14:29:41,952 - INFO - [pipeline.py:236] - [Grade: A] Saved to: /Users/kenfasano/Scripts/ScreenArt/Images/TransformedImages/noaa_goes_2_se_Dust-A_8e09.jpeg
2026-04-10 14:29:41,989 - INFO - [pipeline.py:122] - "SwirlWarpTransformer","strength=1.50"
2026-04-10 14:29:42,011 - INFO - [pipeline.py:122] - "FisheyeTransformer","shape=circle,strength=0.65,zoom=1.04"
2026-04-10 14:29:42,026 - INFO - [pipeline.py:236] - [Grade: A] Saved to: /Users/kenfasano/Scripts/ScreenArt/Images/TransformedImages/noaa_goes_1_se_Fire_Temperature-A_9ebb.jpeg
2026-04-10 14:29:42,077 - INFO - [pipeline.py:122] - "OilPaintingTransformer","dyn_ratio=6,size=5"
2026-04-10 14:29:42,091 - INFO - [pipeline.py:122] - "ColormapTransformer","map=cool"
2026-04-10 14:29:42,130 - INFO - [pipeline.py:122] - "DataMoshTransformer","intensity=0.01"
2026-04-10 14:29:42,192 - INFO - [pipeline.py:122] - "FlipWilsonTransformer","keep=right,narrow=0.27"
2026-04-10 14:29:42,212 - INFO - [pipeline.py:236] - [Grade: C] Saved to: /Users/kenfasano/Scripts/ScreenArt/Images/TransformedImages/lojong_2-C-hero_27b0.jpeg
2026-04-10 14:29:42,233 - INFO - [pipeline.py:122] - "ColormapTransformer","map=spring"
2026-04-10 14:29:42,262 - INFO - [pipeline.py:122] - "ChromaticAberrationTransformer","angle=8.50,edge_fade=1,shift=8.40"
2026-04-10 14:29:42,282 - INFO - [pipeline.py:236] - [Grade: B] Saved to: /Users/kenfasano/Scripts/ScreenArt/Images/TransformedImages/lojong_3-B-hero_9240.jpeg
2026-04-10 14:29:42,303 - INFO - [pipeline.py:122] - "ColormapTransformer","map=jet"
2026-04-10 14:29:42,339 - INFO - [pipeline.py:122] - "OilPaintingTransformer","dyn_ratio=5,size=5"
2026-04-10 14:29:42,380 - INFO - [pipeline.py:122] - "FluidWarpTransformer","alpha=8.07,sigma=4.20"
2026-04-10 14:29:42,409 - INFO - [pipeline.py:122] - "ChromaticAberrationTransformer","angle=308.80,edge_fade=1,shift=12.30"
2026-04-10 14:29:42,429 - INFO - [pipeline.py:236] - [Grade: A] Saved to: /Users/kenfasano/Scripts/ScreenArt/Images/TransformedImages/lojong_4-A-scatter_77aa.jpeg
2026-04-10 14:29:42,475 - INFO - [pipeline.py:122] - "WheelTransformer","blend=lighter,copies=4"
2026-04-10 14:29:42,494 - INFO - [pipeline.py:236] - [Grade: A] Saved to: /Users/kenfasano/Scripts/ScreenArt/Images/TransformedImages/lojong_0-A-tile_4b26.jpeg
2026-04-10 14:29:42,541 - INFO - [pipeline.py:122] - "ThermalImagingTransformer","thermal=True"
2026-04-10 14:29:42,581 - INFO - [pipeline.py:122] - "SwirlWarpTransformer","strength=1.50"
2026-04-10 14:29:42,617 - INFO - [pipeline.py:122] - "FractalWarpTransformer","iter=1,scale=0.05"
2026-04-10 14:29:42,634 - INFO - [pipeline.py:236] - [Grade: C] Saved to: /Users/kenfasano/Scripts/ScreenArt/Images/TransformedImages/lojong_1-C-scatter_9cc0.jpeg
2026-04-10 14:29:42,711 - INFO - [pipeline.py:122] - "KaleidoscopeTransformer","cx_off=-0.19,cy_off=0.05,segments=8"
2026-04-10 14:29:42,756 - INFO - [pipeline.py:122] - "FractalWarpTransformer","iter=1,scale=0.05"
2026-04-10 14:29:42,776 - INFO - [pipeline.py:236] - [Grade: A] Saved to: /Users/kenfasano/Scripts/ScreenArt/Images/TransformedImages/mandala_draw_1-A_d5bf.jpeg
2026-04-10 14:29:42,857 - INFO - [pipeline.py:122] - "FlipWilsonTransformer","keep=right,narrow=0.27"
2026-04-10 14:29:42,927 - INFO - [pipeline.py:122] - "HalftoneTransformer","size=2"
2026-04-10 14:29:43,188 - INFO - [pipeline.py:122] - "WatercolorTransformer","scale=0.85,style=monet"
2026-04-10 14:29:43,244 - INFO - [pipeline.py:122] - "FluidWarpTransformer","alpha=11.97,sigma=5.87"
2026-04-10 14:29:43,264 - INFO - [pipeline.py:236] - [Grade: A] Saved to: /Users/kenfasano/Scripts/ScreenArt/Images/TransformedImages/mandala_draw_0-A_06a7.jpeg
2026-04-10 14:29:43,287 - INFO - [pipeline.py:122] - "ColormapTransformer","map=cool"
2026-04-10 14:29:43,308 - INFO - [pipeline.py:122] - "RadialWarpTransformer","radius=0.25,strength=77.57225380807068,style=pull"
2026-04-10 14:29:43,350 - INFO - [pipeline.py:122] - "FractalWarpTransformer","iter=1,scale=0.05"
2026-04-10 14:29:43,370 - INFO - [pipeline.py:236] - [Grade: C] Saved to: /Users/kenfasano/Scripts/ScreenArt/Images/TransformedImages/mandala_draw_2-C_9918.jpeg
2026-04-10 14:29:43,419 - INFO - [pipeline.py:122] - "SwirlWarpTransformer","strength=1.50"
2026-04-10 14:29:43,446 - INFO - [pipeline.py:122] - "GlitchWarpTransformer","intensity=0.01"
2026-04-10 14:29:43,483 - INFO - [pipeline.py:122] - "DataMoshTransformer","intensity=0.02"
2026-04-10 14:29:43,503 - INFO - [pipeline.py:236] - [Grade: A] Saved to: /Users/kenfasano/Scripts/ScreenArt/Images/TransformedImages/nasa_earth_3_Istanbul_Vegetation_False_Color-A_6b9c.jpeg
2026-04-10 14:29:43,551 - INFO - [pipeline.py:122] - "SwirlWarpTransformer","strength=1.50"
2026-04-10 14:29:43,571 - INFO - [pipeline.py:236] - [Grade: A] Saved to: /Users/kenfasano/Scripts/ScreenArt/Images/TransformedImages/nasa_earth_1_Osaka_True_Color-A_75ec.jpeg
2026-04-10 14:29:43,620 - INFO - [pipeline.py:122] - "FluidWarpTransformer","alpha=13.38,sigma=6.26"
2026-04-10 14:29:43,647 - INFO - [pipeline.py:122] - "GlitchWarpTransformer","intensity=0.01"
2026-04-10 14:29:43,678 - INFO - [pipeline.py:122] - "ThermalImagingTransformer","thermal=True"
2026-04-10 14:29:43,693 - INFO - [pipeline.py:236] - [Grade: F] Saved to: /Users/kenfasano/Scripts/ScreenArt/Images/Rejected/nasa_earth_2_Istanbul_Night_Lights-F_5e6e.jpeg
2026-04-10 14:29:43,697 - INFO - [pipeline.py:122] - "GlitchWarpTransformer","intensity=0.01"
2026-04-10 14:29:43,702 - INFO - [pipeline.py:122] - "SwirlWarpTransformer","strength=1.50"
2026-04-10 14:29:43,705 - INFO - [pipeline.py:236] - [Grade: A] Saved to: /Users/kenfasano/Scripts/ScreenArt/Images/TransformedImages/lumiere_laveder_c1-A_a50f.jpg
2026-04-10 14:29:43,758 - INFO - [pipeline.py:122] - "DataMoshTransformer","intensity=0.02"
2026-04-10 14:29:43,771 - INFO - [pipeline.py:236] - [Grade: A] Saved to: /Users/kenfasano/Scripts/ScreenArt/Images/TransformedImages/PIA23623_fig1_600v-A_4c3f.jpg
2026-04-10 14:29:43,791 - INFO - [pipeline.py:122] - "SwirlWarpTransformer","strength=1.50"
2026-04-10 14:29:43,810 - INFO - [pipeline.py:122] - "KaleidoscopeTransformer","cx_off=0.04,cy_off=0.14,segments=12"
2026-04-10 14:29:43,818 - INFO - [pipeline.py:236] - [Grade: C] Saved to: /Users/kenfasano/Scripts/ScreenArt/Images/TransformedImages/cg4_jennings_960-C_48f9.jpg
2026-04-10 14:29:43,826 - INFO - [pipeline.py:122] - "ColormapTransformer","map=rainbow"
2026-04-10 14:29:43,840 - INFO - [pipeline.py:122] - "WheelTransformer","blend=lighter,copies=4"
2026-04-10 14:29:43,849 - INFO - [pipeline.py:122] - "ChromaticAberrationTransformer","angle=235.30,edge_fade=1,shift=7.30"
2026-04-10 14:29:43,856 - INFO - [pipeline.py:236] - [Grade: A] Saved to: /Users/kenfasano/Scripts/ScreenArt/Images/TransformedImages/seasons_tezel_960-A_40a1.jpg
2026-04-10 14:29:43,861 - INFO - [pipeline.py:122] - "SwirlWarpTransformer","strength=1.50"
2026-04-10 14:29:43,864 - INFO - [pipeline.py:122] - "ChromaticAberrationTransformer","angle=317.00,edge_fade=1,shift=8.80"
2026-04-10 14:29:43,867 - INFO - [pipeline.py:236] - [Grade: C] Saved to: /Users/kenfasano/Scripts/ScreenArt/Images/TransformedImages/venus2_gal_cr-C_ea6c.jpg
2026-04-10 14:29:43,915 - INFO - [pipeline.py:122] - "HalftoneTransformer","size=2"
2026-04-10 14:29:43,928 - INFO - [pipeline.py:236] - [Grade: C] Saved to: /Users/kenfasano/Scripts/ScreenArt/Images/TransformedImages/Titan_Huygens_960-C_54ae.jpg
2026-04-10 14:29:43,948 - INFO - [pipeline.py:122] - "SwirlWarpTransformer","strength=1.50"
2026-04-10 14:29:44,004 - INFO - [pipeline.py:122] - "VoronoiTransformer","edge_blend=1,num_points=90"
2026-04-10 14:29:44,018 - INFO - [pipeline.py:122] - "DataMoshTransformer","intensity=0.01"
2026-04-10 14:29:44,025 - INFO - [pipeline.py:236] - [Grade: F] Saved to: /Users/kenfasano/Scripts/ScreenArt/Images/Rejected/RheaJanus_Cassini_1020-F_dc88.jpg
2026-04-10 14:29:44,107 - INFO - [pipeline.py:122] - "WatercolorTransformer","scale=0.85,style=monet"
2026-04-10 14:29:44,113 - INFO - [pipeline.py:236] - [Grade: C] Saved to: /Users/kenfasano/Scripts/ScreenArt/Images/TransformedImages/ison_rolando_960-C_3b6b.jpg
2026-04-10 14:29:44,129 - INFO - [pipeline.py:122] - "ChromaticAberrationTransformer","angle=167.20,edge_fade=1,shift=8.20"
2026-04-10 14:29:44,145 - INFO - [pipeline.py:122] - "FluidWarpTransformer","alpha=12.69,sigma=3.62"
2026-04-10 14:29:44,161 - INFO - [pipeline.py:122] - "DataMoshTransformer","intensity=0.01"
2026-04-10 14:29:44,167 - INFO - [pipeline.py:122] - "ColormapTransformer","map=winter"
2026-04-10 14:29:44,177 - INFO - [pipeline.py:236] - [Grade: A] Saved to: /Users/kenfasano/Scripts/ScreenArt/Images/TransformedImages/Pillars_HstBibillo_1097-A_5422.jpg
2026-04-10 14:29:44,192 - INFO - [pipeline.py:122] - "DataMoshTransformer","intensity=0.02"
2026-04-10 14:29:44,209 - INFO - [pipeline.py:122] - "KaleidoscopeTransformer","cx_off=0.03,cy_off=0.14,segments=12"
2026-04-10 14:29:44,221 - INFO - [pipeline.py:122] - "SwirlWarpTransformer","strength=1.50"
2026-04-10 14:29:44,228 - INFO - [pipeline.py:236] - [Grade: A] Saved to: /Users/kenfasano/Scripts/ScreenArt/Images/TransformedImages/PolarisIfn_Coverta_960-A_716f.jpg
2026-04-10 14:29:44,246 - INFO - [pipeline.py:122] - "FluidWarpTransformer","alpha=5.58,sigma=6.13"
2026-04-10 14:29:44,258 - INFO - [pipeline.py:122] - "DataMoshTransformer","intensity=0.01"
2026-04-10 14:29:44,266 - INFO - [pipeline.py:122] - "OilPaintingTransformer","dyn_ratio=6,size=4"
2026-04-10 14:29:44,273 - INFO - [pipeline.py:236] - [Grade: C] Saved to: /Users/kenfasano/Scripts/ScreenArt/Images/TransformedImages/halley_giotto-C_1824.jpg
2026-04-10 14:29:44,345 - INFO - [pipeline.py:122] - "FlipWilsonTransformer","keep=right,narrow=0.27"
2026-04-10 14:29:44,365 - INFO - [pipeline.py:236] - [Grade: A] Saved to: /Users/kenfasano/Scripts/ScreenArt/Images/TransformedImages/peace_0-A_04c9.jpeg
2026-04-10 14:29:44,390 - INFO - [pipeline.py:122] - "ColormapTransformer","map=pink"
2026-04-10 14:29:44,415 - INFO - [pipeline.py:122] - "FisheyeTransformer","shape=oval,strength=0.38,zoom=0.94"
2026-04-10 14:29:44,427 - INFO - [pipeline.py:122] - "PosterizationTransformer","levels=4"
2026-04-10 14:29:44,452 - INFO - [pipeline.py:236] - [Grade: B] Saved to: /Users/kenfasano/Scripts/ScreenArt/Images/TransformedImages/peace_1-B_5150.jpeg
2026-04-10 14:29:44,487 - INFO - [pipeline.py:122] - "FisheyeTransformer","shape=circle,strength=0.68,zoom=0.86"
2026-04-10 14:29:44,700 - INFO - [pipeline.py:122] - "PixelSortTransformer","direction=cols,high=0.94,low=0.27,sort_key=saturation"
2026-04-10 14:29:44,733 - INFO - [pipeline.py:122] - "OilPaintingTransformer","dyn_ratio=3,size=5"
2026-04-10 14:29:44,751 - INFO - [pipeline.py:236] - [Grade: A] Saved to: /Users/kenfasano/Scripts/ScreenArt/Images/TransformedImages/peace_2-A_dbb8.jpeg
2026-04-10 14:29:44,817 - INFO - [pipeline.py:122] - "MeltMorphTransformer","intensity=0.50"
2026-04-10 14:29:44,837 - INFO - [pipeline.py:236] - [Grade: A] Saved to: /Users/kenfasano/Scripts/ScreenArt/Images/TransformedImages/peace_3-A_e50d.jpeg
2026-04-10 14:29:44,851 - INFO - [pipeline.py:122] - "FluidWarpTransformer","alpha=19.13,sigma=4.31"
2026-04-10 14:29:44,857 - INFO - [pipeline.py:122] - "RadialWarpTransformer","radius=0.25,strength=74.82536803234542,style=push"
2026-04-10 14:29:44,865 - INFO - [pipeline.py:122] - "OilPaintingTransformer","dyn_ratio=8,size=4"
2026-04-10 14:29:44,878 - INFO - [pipeline.py:122] - "ThermalImagingTransformer","thermal=True"
2026-04-10 14:29:44,885 - INFO - [pipeline.py:236] - [Grade: C] Saved to: /Users/kenfasano/Scripts/ScreenArt/Images/TransformedImages/peripheral_drift_2-C_27e5.jpeg
2026-04-10 14:29:44,962 - INFO - [pipeline.py:122] - "WatercolorTransformer","scale=0.85,style=monet"
2026-04-10 14:29:44,975 - INFO - [pipeline.py:122] - "DataMoshTransformer","intensity=0.02"
2026-04-10 14:29:44,983 - INFO - [pipeline.py:236] - [Grade: A] Saved to: /Users/kenfasano/Scripts/ScreenArt/Images/TransformedImages/peripheral_drift_3-A_8e41.jpeg
2026-04-10 14:29:44,998 - INFO - [pipeline.py:122] - "FractalWarpTransformer","iter=1,scale=0.05"
2026-04-10 14:29:45,013 - INFO - [pipeline.py:122] - "HalftoneTransformer","size=2"
2026-04-10 14:29:45,020 - INFO - [pipeline.py:122] - "PixelSortTransformer","direction=rows,high=0.59,low=0.28,sort_key=brightness"
2026-04-10 14:29:45,026 - INFO - [pipeline.py:236] - [Grade: A] Saved to: /Users/kenfasano/Scripts/ScreenArt/Images/TransformedImages/peripheral_drift_8-A_edb2.jpeg
2026-04-10 14:29:45,047 - INFO - [pipeline.py:122] - "MeltMorphTransformer","intensity=0.50"
2026-04-10 14:29:45,054 - INFO - [pipeline.py:236] - [Grade: A] Saved to: /Users/kenfasano/Scripts/ScreenArt/Images/TransformedImages/peripheral_drift_4-A_03aa.jpeg
2026-04-10 14:29:45,067 - INFO - [pipeline.py:122] - "ChromaticAberrationTransformer","angle=94.90,edge_fade=1,shift=10.60"
2026-04-10 14:29:45,076 - INFO - [pipeline.py:122] - "RadialWarpTransformer","radius=0.25,strength=66.83254363533833,93.50729207580568,style=pull,pull"
2026-04-10 14:29:45,085 - INFO - [pipeline.py:122] - "GlitchWarpTransformer","intensity=0.01"
2026-04-10 14:29:45,093 - INFO - [pipeline.py:236] - [Grade: A] Saved to: /Users/kenfasano/Scripts/ScreenArt/Images/TransformedImages/peripheral_drift_5-A_3a28.jpeg
2026-04-10 14:29:45,109 - INFO - [pipeline.py:122] - "DataMoshTransformer","intensity=0.02"
2026-04-10 14:29:45,122 - INFO - [pipeline.py:122] - "ThermalImagingTransformer","thermal=True"
2026-04-10 14:29:45,130 - INFO - [pipeline.py:236] - [Grade: B] Saved to: /Users/kenfasano/Scripts/ScreenArt/Images/TransformedImages/peripheral_drift_9-B_26d2.jpeg
2026-04-10 14:29:45,143 - INFO - [pipeline.py:122] - "RadialWarpTransformer","radius=0.25,strength=117.23999906957928,109.42509141711128,54.96531998555599,style=pull,push,pull"
2026-04-10 14:29:45,156 - INFO - [pipeline.py:122] - "FluidWarpTransformer","alpha=14.64,sigma=5.47"
2026-04-10 14:29:45,171 - INFO - [pipeline.py:122] - "HalftoneTransformer","size=2"
2026-04-10 14:29:45,177 - INFO - [pipeline.py:236] - [Grade: A] Saved to: /Users/kenfasano/Scripts/ScreenArt/Images/TransformedImages/peripheral_drift_10-A_93fa.jpeg
2026-04-10 14:29:45,185 - INFO - [pipeline.py:122] - "ColormapTransformer","map=rainbow"
2026-04-10 14:29:45,200 - INFO - [pipeline.py:122] - "HalftoneTransformer","size=2"
2026-04-10 14:29:45,208 - INFO - [pipeline.py:122] - "OilPaintingTransformer","dyn_ratio=7,size=4"
2026-04-10 14:29:45,213 - INFO - [pipeline.py:236] - [Grade: A] Saved to: /Users/kenfasano/Scripts/ScreenArt/Images/TransformedImages/peripheral_drift_6-A_4826.jpeg
2026-04-10 14:29:45,229 - INFO - [pipeline.py:122] - "SwirlWarpTransformer","strength=1.50"
2026-04-10 14:29:45,240 - INFO - [pipeline.py:122] - "FractalWarpTransformer","iter=1,scale=0.05"
2026-04-10 14:29:45,244 - INFO - [pipeline.py:122] - "PosterizationTransformer","levels=4"
2026-04-10 14:29:45,252 - INFO - [pipeline.py:236] - [Grade: A] Saved to: /Users/kenfasano/Scripts/ScreenArt/Images/TransformedImages/peripheral_drift_7-A_4d3d.jpeg
2026-04-10 14:29:45,266 - INFO - [pipeline.py:122] - "FluidWarpTransformer","alpha=14.58,sigma=3.64"
2026-04-10 14:29:45,271 - INFO - [pipeline.py:122] - "ColormapTransformer","map=ocean"
2026-04-10 14:29:45,278 - INFO - [pipeline.py:236] - [Grade: A] Saved to: /Users/kenfasano/Scripts/ScreenArt/Images/TransformedImages/peripheral_drift_1-A_9803.jpeg
2026-04-10 14:29:46,123 - INFO - [pipeline.py:122] - "VoronoiTransformer","edge_blend=1,num_points=294"
2026-04-10 14:29:46,212 - INFO - [pipeline.py:122] - "WheelTransformer","blend=lighter,copies=4"
2026-04-10 14:29:46,248 - INFO - [pipeline.py:122] - "PosterizationTransformer","levels=4"
2026-04-10 14:29:46,329 - INFO - [pipeline.py:122] - "FluidWarpTransformer","alpha=13.34,sigma=1.57"
2026-04-10 14:29:46,368 - INFO - [pipeline.py:236] - [Grade: A] Saved to: /Users/kenfasano/Scripts/ScreenArt/Images/TransformedImages/static_favorite_0-A_887b.jpeg
2026-04-10 14:29:46,385 - INFO - [pipeline.py:122] - "PosterizationTransformer","levels=4"
2026-04-10 14:29:46,413 - INFO - [pipeline.py:122] - "SwirlWarpTransformer","strength=1.50"
2026-04-10 14:29:46,428 - INFO - [pipeline.py:236] - [Grade: A] Saved to: /Users/kenfasano/Scripts/ScreenArt/Images/TransformedImages/static_mandala_0-A_b060.jpeg
2026-04-10 14:29:46,503 - INFO - [pipeline.py:122] - "KaleidoscopeTransformer","cx_off=-0.01,cy_off=0.18,segments=12"
2026-04-10 14:29:46,526 - INFO - [pipeline.py:236] - [Grade: A] Saved to: /Users/kenfasano/Scripts/ScreenArt/Images/TransformedImages/static_mandala_1-A_6052.jpeg
2026-04-10 14:29:46,759 - INFO - [pipeline.py:122] - "FlipWilsonTransformer","keep=right,narrow=0.27"
2026-04-10 14:29:46,893 - INFO - [pipeline.py:122] - "ThermalImagingTransformer","thermal=True"
2026-04-10 14:29:47,069 - INFO - [pipeline.py:122] - "HalftoneTransformer","size=2"
2026-04-10 14:29:47,131 - INFO - [pipeline.py:236] - [Grade: A] Saved to: /Users/kenfasano/Scripts/ScreenArt/Images/TransformedImages/static_mandala_2-A_4ea3.jpeg
2026-04-10 14:29:47,949 - INFO - [pipeline.py:122] - "PixelSortTransformer","direction=cols,high=0.80,low=0.17,sort_key=saturation"
2026-04-10 14:29:47,997 - INFO - [pipeline.py:122] - "SwirlWarpTransformer","strength=1.50"
2026-04-10 14:29:48,064 - INFO - [pipeline.py:122] - "MeltMorphTransformer","intensity=0.50"
2026-04-10 14:29:48,091 - INFO - [pipeline.py:122] - "RadialWarpTransformer","radius=0.25,strength=109.36776109788302,37.60078510078179,style=pull,pull"
2026-04-10 14:29:48,116 - INFO - [pipeline.py:236] - [Grade: B] Saved to: /Users/kenfasano/Scripts/ScreenArt/Images/TransformedImages/Chiang-M-B_8715.jpeg
2026-04-10 14:29:48,161 - INFO - [pipeline.py:122] - "ChromaticAberrationTransformer","angle=268.60,edge_fade=1,shift=14.10"
2026-04-10 14:29:48,197 - INFO - [pipeline.py:122] - "FluidWarpTransformer","alpha=18.57,sigma=0.61"
2026-04-10 14:29:48,237 - INFO - [pipeline.py:122] - "OilPaintingTransformer","dyn_ratio=4,size=5"
2026-04-10 14:29:48,259 - INFO - [pipeline.py:236] - [Grade: A] Saved to: /Users/kenfasano/Scripts/ScreenArt/Images/TransformedImages/Leh__Sha-A_2e6d.jpeg
2026-04-10 14:29:48,931 - INFO - [pipeline.py:122] - "PixelSortTransformer","direction=cols,high=0.95,low=0.32,sort_key=blue"
2026-04-10 14:29:49,001 - INFO - [pipeline.py:122] - "ChromaticAberrationTransformer","angle=246.90,edge_fade=1,shift=10.20"
2026-04-10 14:29:49,082 - INFO - [pipeline.py:122] - "FisheyeTransformer","shape=circle,strength=0.31,zoom=1.04"
2026-04-10 14:29:49,134 - INFO - [pipeline.py:236] - [Grade: A] Saved to: /Users/kenfasano/Scripts/ScreenArt/Images/TransformedImages/Buddhism-A_eddd.jpeg
2026-04-10 14:29:49,303 - INFO - [pipeline.py:122] - "MeltMorphTransformer","intensity=0.50"
2026-04-10 14:29:49,416 - INFO - [pipeline.py:122] - "FractalWarpTransformer","iter=1,scale=0.05"
2026-04-10 14:29:49,525 - INFO - [pipeline.py:122] - "SwirlWarpTransformer","strength=1.50"
2026-04-10 14:29:49,580 - INFO - [pipeline.py:122] - "RadialWarpTransformer","radius=0.25,strength=83.72948014102873,119.94094098837978,style=pull,pull"
2026-04-10 14:29:49,628 - INFO - [pipeline.py:236] - [Grade: C] Saved to: /Users/kenfasano/Scripts/ScreenArt/Images/TransformedImages/Large_Ga-C_98f1.jpeg
2026-04-10 14:29:49,756 - INFO - [pipeline.py:122] - "WheelTransformer","blend=lighter,copies=4"
2026-04-10 14:29:49,824 - INFO - [pipeline.py:122] - "ChromaticAberrationTransformer","angle=218.60,edge_fade=1,shift=11.30"
2026-04-10 14:29:49,940 - INFO - [pipeline.py:122] - "FluidWarpTransformer","alpha=17.07,sigma=5.81"
2026-04-10 14:29:49,988 - INFO - [pipeline.py:236] - [Grade: A] Saved to: /Users/kenfasano/Scripts/ScreenArt/Images/TransformedImages/A_Tibeta-A_c2ac.jpeg
2026-04-10 14:29:50,094 - INFO - [pipeline.py:122] - "OilPaintingTransformer","dyn_ratio=3,size=8"
2026-04-10 14:29:50,142 - INFO - [pipeline.py:122] - "SwirlWarpTransformer","strength=1.50"
2026-04-10 14:29:50,165 - INFO - [pipeline.py:236] - [Grade: A] Saved to: /Users/kenfasano/Scripts/ScreenArt/Images/TransformedImages/Thiksey_-A_1d93.jpeg
2026-04-10 14:29:50,166 - INFO - [main.py:204] - VoronoiTransformer
2026-04-10 14:29:50,166 - INFO - [main.py:204] - PixelSortTransformer
2026-04-10 14:29:50,166 - INFO - [main.py:204] - WatercolorTransformer
2026-04-10 14:29:50,166 - INFO - [main.py:204] - FlipWilsonTransformer
2026-04-10 14:29:50,166 - INFO - [main.py:204] - MeltMorphTransformer
2026-04-10 14:29:50,166 - INFO - [main.py:204] - HalftoneTransformer
2026-04-10 14:29:50,166 - INFO - [main.py:204] - WheelTransformer
2026-04-10 14:29:50,166 - INFO - [main.py:204] - ThermalImagingTransformer
2026-04-10 14:29:50,166 - INFO - [main.py:204] - FractalWarpTransformer
2026-04-10 14:29:50,166 - INFO - [main.py:204] - KaleidoscopeTransformer
2026-04-10 14:29:50,166 - INFO - [main.py:204] - FluidWarpTransformer
2026-04-10 14:29:50,166 - INFO - [main.py:204] - FisheyeTransformer
2026-04-10 14:29:50,166 - INFO - [main.py:204] - SwirlWarpTransformer
2026-04-10 14:29:50,166 - INFO - [main.py:204] - OilPaintingTransformer
2026-04-10 14:29:50,166 - INFO - [main.py:204] - ChromaticAberrationTransformer
2026-04-10 14:29:50,166 - INFO - [main.py:204] - DataMoshTransformer
2026-04-10 14:29:50,166 - INFO - [main.py:204] - RadialWarpTransformer
2026-04-10 14:29:50,166 - INFO - [main.py:204] - GlitchWarpTransformer
2026-04-10 14:29:50,166 - INFO - [main.py:204] - PosterizationTransformer
2026-04-10 14:29:50,166 - INFO - [main.py:204] - ColormapTransformer
2026-04-10 14:29:50,166 - INFO - [main.py:247] - 24s@14:29 ✓
Accepted: 59
Rejected: 2
---
Nasa                       ->  2958ms
Peace                      ->  2453ms
AsciiScreenArt             ->  2352ms
Bible                      ->  2264ms
Wiki                       ->  1812ms
Lojong                     ->  1002ms
NasaMapGenerator           ->   719ms
GoesGenerator              ->   523ms
Bubbles                    ->   297ms
PeripheralDriftIllusion    ->   156ms
Cubes                      ->    99ms
MandalaDraw                ->    29ms
StaticMandala              ->     4ms
StaticFavorites            ->     2ms
---
VoronoiTransformer               -> Min:    56ms | Avg:   437ms | Max:   818ms
PixelSortTransformer             -> Min:     7ms | Avg:   345ms | Max:   803ms
WatercolorTransformer            -> Min:    74ms | Avg:   162ms | Max:   261ms
FlipWilsonTransformer            -> Min:    60ms | Avg:    89ms | Max:   190ms
MeltMorphTransformer             -> Min:    18ms | Avg:    67ms | Max:   143ms
HalftoneTransformer              -> Min:    15ms | Avg:    53ms | Max:   176ms
WheelTransformer                 -> Min:    13ms | Avg:    51ms | Max:   102ms
ThermalImagingTransformer        -> Min:    13ms | Avg:    46ms | Max:   134ms
FractalWarpTransformer           -> Min:    11ms | Avg:    42ms | Max:   113ms
KaleidoscopeTransformer          -> Min:    17ms | Avg:    41ms | Max:    69ms
FluidWarpTransformer             -> Min:    11ms | Avg:    41ms | Max:   116ms
FisheyeTransformer               -> Min:    22ms | Avg:    36ms | Max:    81ms
SwirlWarpTransformer             -> Min:     4ms | Avg:    33ms | Max:   109ms
OilPaintingTransformer           -> Min:     8ms | Avg:    31ms | Max:    92ms
ChromaticAberrationTransformer   -> Min:     3ms | Avg:    29ms | Max:    70ms
DataMoshTransformer              -> Min:    11ms | Avg:    25ms | Max:    45ms
RadialWarpTransformer            -> Min:     6ms | Avg:    20ms | Max:    54ms
GlitchWarpTransformer            -> Min:     3ms | Avg:    16ms | Max:    27ms
PosterizationTransformer         -> Min:     4ms | Avg:    15ms | Max:    36ms
ColormapTransformer              -> Min:     5ms | Avg:    10ms | Max:    15ms
