2026-04-04 16:46:41,740 - INFO - [mandala_draw.py:291] - mandala_draw: generated 3/3
2026-04-04 16:46:48,169 - INFO - [wiki.py:74] - Wiki eye query: insect compound eye
2026-04-04 16:46:49,957 - INFO - [pipeline.py:122] - "KaleidoscopeTransformer","cx_off=0.19,cy_off=0.04,segments=4"
2026-04-04 16:46:49,985 - INFO - [pipeline.py:122] - "OilPaintingTransformer","dyn_ratio=7,size=4"
2026-04-04 16:46:49,998 - INFO - [pipeline.py:122] - "ColormapTransformer","map=autumn"
2026-04-04 16:46:50,019 - INFO - [pipeline.py:236] - [Grade: C] Saved to: /Users/kenfasano/Scripts/ScreenArt/Images/TransformedImages/psalms_40-C-tile_47f0.jpeg
2026-04-04 16:46:50,081 - INFO - [pipeline.py:122] - "KaleidoscopeTransformer","cx_off=-0.19,cy_off=-0.19,segments=8"
2026-04-04 16:46:50,100 - INFO - [pipeline.py:236] - [Grade: C] Saved to: /Users/kenfasano/Scripts/ScreenArt/Images/TransformedImages/psalms_13-C-tile_69d2.jpeg
2026-04-04 16:46:50,140 - INFO - [pipeline.py:122] - "ChromaticAberrationTransformer","angle=113.30,edge_fade=1,shift=7.90"
2026-04-04 16:46:50,169 - INFO - [pipeline.py:122] - "GlitchWarpTransformer","intensity=0.01"
2026-04-04 16:46:50,288 - INFO - [pipeline.py:122] - "PixelSortTransformer","direction=cols,high=0.71,low=0.13,sort_key=blue"
2026-04-04 16:46:50,309 - INFO - [pipeline.py:236] - [Grade: C] Saved to: /Users/kenfasano/Scripts/ScreenArt/Images/TransformedImages/psalms_69-C-tile_e30a.jpeg
2026-04-04 16:46:50,377 - INFO - [pipeline.py:122] - "HalftoneTransformer","size=2"
2026-04-04 16:46:50,390 - INFO - [pipeline.py:122] - "PosterizationTransformer","levels=4"
2026-04-04 16:46:50,444 - INFO - [pipeline.py:122] - "KaleidoscopeTransformer","cx_off=-0.01,cy_off=0.11,segments=8"
2026-04-04 16:46:50,490 - INFO - [pipeline.py:122] - "OilPaintingTransformer","dyn_ratio=7,size=6"
2026-04-04 16:46:50,508 - INFO - [pipeline.py:236] - [Grade: C] Saved to: /Users/kenfasano/Scripts/ScreenArt/Images/TransformedImages/psalms_42-C-tile_bb0a.jpeg
2026-04-04 16:46:50,621 - INFO - [pipeline.py:122] - "WheelTransformer","blend=normal,copies=3"
2026-04-04 16:46:50,658 - INFO - [pipeline.py:122] - "ThermalImagingTransformer","thermal=True"
2026-04-04 16:46:50,692 - INFO - [pipeline.py:122] - "OilPaintingTransformer","dyn_ratio=6,size=5"
2026-04-04 16:46:50,954 - INFO - [pipeline.py:122] - "VoronoiTransformer","edge_blend=1,num_points=190"
2026-04-04 16:46:50,972 - INFO - [pipeline.py:236] - [Grade: A] Saved to: /Users/kenfasano/Scripts/ScreenArt/Images/TransformedImages/psalms_80-A-hero_5f48.jpeg
2026-04-04 16:46:51,039 - INFO - [pipeline.py:122] - "FlipWilsonTransformer","keep=left,narrow=0.22"
2026-04-04 16:46:51,056 - INFO - [pipeline.py:236] - [Grade: C] Saved to: /Users/kenfasano/Scripts/ScreenArt/Images/TransformedImages/bubbles_4-C_2171.jpeg
2026-04-04 16:46:51,165 - INFO - [pipeline.py:122] - "WheelTransformer","blend=normal,copies=3"
2026-04-04 16:46:51,192 - INFO - [pipeline.py:122] - "GlitchWarpTransformer","intensity=0.01"
2026-04-04 16:46:51,280 - INFO - [pipeline.py:122] - "PixelSortTransformer","direction=rows,high=0.61,low=0.10,sort_key=blue"
2026-04-04 16:46:51,298 - INFO - [pipeline.py:236] - [Grade: F] Saved to: /Users/kenfasano/Scripts/ScreenArt/Images/Rejected/bubbles_5-F_eae8.jpeg
2026-04-04 16:46:51,412 - INFO - [pipeline.py:122] - "PixelSortTransformer","direction=rows,high=0.73,low=0.11,sort_key=green"
2026-04-04 16:46:51,458 - INFO - [pipeline.py:122] - "FluidWarpTransformer","alpha=16.90,sigma=6.49"
2026-04-04 16:46:51,499 - INFO - [pipeline.py:122] - "SwirlWarpTransformer","strength=1.50"
2026-04-04 16:46:51,530 - INFO - [pipeline.py:122] - "FisheyeTransformer","shape=oval,strength=0.39,zoom=1.12"
2026-04-04 16:46:51,548 - INFO - [pipeline.py:236] - [Grade: C] Saved to: /Users/kenfasano/Scripts/ScreenArt/Images/TransformedImages/bubbles_2-C_3341.jpeg
2026-04-04 16:46:51,579 - INFO - [pipeline.py:122] - "RadialWarpTransformer","radius=0.25,strength=125.4812158480188,77.58441800733354,55.75689032027297,style=pull,push,pull"
2026-04-04 16:46:51,643 - INFO - [pipeline.py:122] - "OilPaintingTransformer","dyn_ratio=3,size=7"
2026-04-04 16:46:51,661 - INFO - [pipeline.py:236] - [Grade: F] Saved to: /Users/kenfasano/Scripts/ScreenArt/Images/Rejected/bubbles_3-F_f8e2.jpeg
2026-04-04 16:46:51,697 - INFO - [pipeline.py:122] - "GlitchWarpTransformer","intensity=0.01"
2026-04-04 16:46:51,715 - INFO - [pipeline.py:236] - [Grade: A] Saved to: /Users/kenfasano/Scripts/ScreenArt/Images/TransformedImages/bubbles_1-A_4ead.jpeg
2026-04-04 16:46:51,760 - INFO - [pipeline.py:122] - "SwirlWarpTransformer","strength=1.50"
2026-04-04 16:46:51,795 - INFO - [pipeline.py:122] - "FractalWarpTransformer","iter=1,scale=0.05"
2026-04-04 16:46:51,814 - INFO - [pipeline.py:236] - [Grade: A] Saved to: /Users/kenfasano/Scripts/ScreenArt/Images/TransformedImages/cubes_2-A_b3c1.jpeg
2026-04-04 16:46:51,849 - INFO - [pipeline.py:122] - "GlitchWarpTransformer","intensity=0.01"
2026-04-04 16:46:51,877 - INFO - [pipeline.py:122] - "ChromaticAberrationTransformer","angle=149.10,edge_fade=1,shift=8.60"
2026-04-04 16:46:51,978 - INFO - [pipeline.py:122] - "WheelTransformer","blend=normal,copies=3"
2026-04-04 16:46:51,996 - INFO - [pipeline.py:236] - [Grade: A] Saved to: /Users/kenfasano/Scripts/ScreenArt/Images/TransformedImages/cubes_3-A_72c3.jpeg
2026-04-04 16:46:52,055 - INFO - [pipeline.py:122] - "MeltMorphTransformer","intensity=0.50"
2026-04-04 16:46:52,074 - INFO - [pipeline.py:122] - "OilPaintingTransformer","dyn_ratio=5,size=3"
2026-04-04 16:46:52,108 - INFO - [pipeline.py:122] - "FractalWarpTransformer","iter=1,scale=0.05"
2026-04-04 16:46:52,122 - INFO - [pipeline.py:122] - "PosterizationTransformer","levels=4"
2026-04-04 16:46:52,138 - INFO - [pipeline.py:236] - [Grade: A] Saved to: /Users/kenfasano/Scripts/ScreenArt/Images/TransformedImages/cubes_1-A_cc2f.jpeg
2026-04-04 16:46:52,165 - INFO - [pipeline.py:122] - "RadialWarpTransformer","radius=0.25,strength=73.49469325259625,style=pull"
2026-04-04 16:46:52,208 - INFO - [pipeline.py:122] - "FlipWilsonTransformer","keep=left,narrow=0.22"
2026-04-04 16:46:52,233 - INFO - [pipeline.py:122] - "ThermalImagingTransformer","thermal=True"
2026-04-04 16:46:52,254 - INFO - [pipeline.py:122] - "FisheyeTransformer","shape=circle,strength=0.54,zoom=0.94"
2026-04-04 16:46:52,270 - INFO - [pipeline.py:236] - [Grade: A] Saved to: /Users/kenfasano/Scripts/ScreenArt/Images/TransformedImages/noaa_goes_1_se_GeoColor-A_f44a.jpeg
2026-04-04 16:46:52,308 - INFO - [pipeline.py:122] - "ThermalImagingTransformer","thermal=True"
2026-04-04 16:46:52,327 - INFO - [pipeline.py:236] - [Grade: A] Saved to: /Users/kenfasano/Scripts/ScreenArt/Images/TransformedImages/noaa_goes_2_se_Day_Night_Cloud_Micro-A_2c8d.jpeg
2026-04-04 16:46:52,394 - INFO - [pipeline.py:122] - "MeltMorphTransformer","intensity=0.50"
2026-04-04 16:46:52,416 - INFO - [pipeline.py:236] - [Grade: A] Saved to: /Users/kenfasano/Scripts/ScreenArt/Images/TransformedImages/lojong_2-A-columns_0a01.jpeg
2026-04-04 16:46:52,459 - INFO - [pipeline.py:122] - "ThermalImagingTransformer","thermal=True"
2026-04-04 16:46:52,486 - INFO - [pipeline.py:122] - "GlitchWarpTransformer","intensity=0.01"
2026-04-04 16:46:52,548 - INFO - [pipeline.py:122] - "FlipWilsonTransformer","keep=left,narrow=0.22"
2026-04-04 16:46:52,566 - INFO - [pipeline.py:236] - [Grade: A] Saved to: /Users/kenfasano/Scripts/ScreenArt/Images/TransformedImages/lojong_3-A-scatter_a372.jpeg
2026-04-04 16:46:52,585 - INFO - [pipeline.py:122] - "PosterizationTransformer","levels=4"
2026-04-04 16:46:52,612 - INFO - [pipeline.py:122] - "GlitchWarpTransformer","intensity=0.01"
2026-04-04 16:46:52,725 - INFO - [pipeline.py:122] - "VoronoiTransformer","edge_blend=1,num_points=67"
2026-04-04 16:46:52,758 - INFO - [pipeline.py:122] - "FluidWarpTransformer","alpha=16.60,sigma=2.60"
2026-04-04 16:46:52,776 - INFO - [pipeline.py:236] - [Grade: A] Saved to: /Users/kenfasano/Scripts/ScreenArt/Images/TransformedImages/lojong_4-A-hero_caf0.jpeg
2026-04-04 16:46:52,816 - INFO - [pipeline.py:122] - "ChromaticAberrationTransformer","angle=15.10,edge_fade=1,shift=13.80"
2026-04-04 16:46:52,831 - INFO - [pipeline.py:122] - "ColormapTransformer","map=hsv"
2026-04-04 16:46:52,851 - INFO - [pipeline.py:122] - "PosterizationTransformer","levels=4"
2026-04-04 16:46:52,928 - INFO - [pipeline.py:122] - "FlipWilsonTransformer","keep=left,narrow=0.22"
2026-04-04 16:46:52,951 - INFO - [pipeline.py:236] - [Grade: B] Saved to: /Users/kenfasano/Scripts/ScreenArt/Images/TransformedImages/lojong_0-B-columns_8d49.jpeg
2026-04-04 16:46:52,982 - INFO - [pipeline.py:122] - "ChromaticAberrationTransformer","angle=252.90,edge_fade=1,shift=11.60"
2026-04-04 16:46:52,995 - INFO - [pipeline.py:122] - "PosterizationTransformer","levels=4"
2026-04-04 16:46:53,044 - INFO - [pipeline.py:122] - "PixelSortTransformer","direction=cols,high=0.63,low=0.21,sort_key=red"
2026-04-04 16:46:53,057 - INFO - [pipeline.py:122] - "ColormapTransformer","map=pink"
2026-04-04 16:46:53,074 - INFO - [pipeline.py:236] - [Grade: C] Saved to: /Users/kenfasano/Scripts/ScreenArt/Images/TransformedImages/lojong_1-C-tile_945a.jpeg
2026-04-04 16:46:53,139 - INFO - [pipeline.py:122] - "FluidWarpTransformer","alpha=19.20,sigma=5.35"
2026-04-04 16:46:53,171 - INFO - [pipeline.py:122] - "GlitchWarpTransformer","intensity=0.01"
2026-04-04 16:46:53,246 - INFO - [pipeline.py:122] - "FlipWilsonTransformer","keep=left,narrow=0.22"
2026-04-04 16:46:53,267 - INFO - [pipeline.py:236] - [Grade: A] Saved to: /Users/kenfasano/Scripts/ScreenArt/Images/TransformedImages/mandala_draw_1-A_06a6.jpeg
2026-04-04 16:46:53,321 - INFO - [pipeline.py:122] - "DataMoshTransformer","intensity=0.02"
2026-04-04 16:46:53,336 - INFO - [pipeline.py:122] - "ColormapTransformer","map=summer"
2026-04-04 16:46:53,359 - INFO - [pipeline.py:236] - [Grade: F] Saved to: /Users/kenfasano/Scripts/ScreenArt/Images/Rejected/mandala_draw_0-F_2ef0.jpeg
2026-04-04 16:46:53,428 - INFO - [pipeline.py:122] - "KaleidoscopeTransformer","cx_off=-0.02,cy_off=-0.02,segments=6"
2026-04-04 16:46:53,458 - INFO - [pipeline.py:122] - "ChromaticAberrationTransformer","angle=278.10,edge_fade=1,shift=9.90"
2026-04-04 16:46:53,478 - INFO - [pipeline.py:236] - [Grade: A] Saved to: /Users/kenfasano/Scripts/ScreenArt/Images/TransformedImages/mandala_draw_2-A_ad63.jpeg
2026-04-04 16:46:53,497 - INFO - [pipeline.py:122] - "ColormapTransformer","map=spring"
2026-04-04 16:46:53,533 - INFO - [pipeline.py:122] - "DataMoshTransformer","intensity=0.01"
2026-04-04 16:46:53,563 - INFO - [pipeline.py:122] - "ThermalImagingTransformer","thermal=True"
2026-04-04 16:46:53,635 - INFO - [pipeline.py:122] - "PixelSortTransformer","direction=rows,high=0.70,low=0.16,sort_key=brightness"
2026-04-04 16:46:53,652 - INFO - [pipeline.py:236] - [Grade: F] Saved to: /Users/kenfasano/Scripts/ScreenArt/Images/Rejected/nasa_earth_2_Bangkok_Night_Lights-F_8e3f.jpeg
2026-04-04 16:46:53,677 - INFO - [pipeline.py:122] - "ColormapTransformer","map=spring"
2026-04-04 16:46:53,690 - INFO - [pipeline.py:122] - "PosterizationTransformer","levels=4"
2026-04-04 16:46:53,789 - INFO - [pipeline.py:122] - "WheelTransformer","blend=normal,copies=3"
2026-04-04 16:46:53,810 - INFO - [pipeline.py:236] - [Grade: A] Saved to: /Users/kenfasano/Scripts/ScreenArt/Images/TransformedImages/nasa_earth_3_New_York_Vegetation_False_Color-A_14c4.jpeg
2026-04-04 16:46:53,847 - INFO - [pipeline.py:122] - "RadialWarpTransformer","radius=0.25,strength=116.00574858864883,92.85308951584666,71.62135070486059,style=push,push,push"
2026-04-04 16:46:54,182 - INFO - [pipeline.py:122] - "VoronoiTransformer","edge_blend=1,num_points=221"
2026-04-04 16:46:54,196 - INFO - [pipeline.py:122] - "ColormapTransformer","map=cool"
2026-04-04 16:46:54,215 - INFO - [pipeline.py:236] - [Grade: C] Saved to: /Users/kenfasano/Scripts/ScreenArt/Images/TransformedImages/nasa_earth_1_Mumbai_True_Color-C_ec5a.jpeg
2026-04-04 16:46:54,250 - INFO - [pipeline.py:122] - "FractalWarpTransformer","iter=1,scale=0.05"
2026-04-04 16:46:54,257 - INFO - [pipeline.py:236] - [Grade: A] Saved to: /Users/kenfasano/Scripts/ScreenArt/Images/TransformedImages/starless_color_1024-A_cfbb.jpg
2026-04-04 16:46:54,280 - INFO - [pipeline.py:122] - "FluidWarpTransformer","alpha=18.18,sigma=7.54"
2026-04-04 16:46:54,294 - INFO - [pipeline.py:122] - "DataMoshTransformer","intensity=0.02"
2026-04-04 16:46:54,308 - INFO - [pipeline.py:122] - "SwirlWarpTransformer","strength=1.50"
2026-04-04 16:46:54,316 - INFO - [pipeline.py:236] - [Grade: A] Saved to: /Users/kenfasano/Scripts/ScreenArt/Images/TransformedImages/MwMertola_Claro_1080-A_9db7.jpg
2026-04-04 16:46:54,322 - INFO - [pipeline.py:122] - "FluidWarpTransformer","alpha=5.59,sigma=1.25"
2026-04-04 16:46:54,326 - INFO - [pipeline.py:122] - "GlitchWarpTransformer","intensity=0.01"
2026-04-04 16:46:54,330 - INFO - [pipeline.py:236] - [Grade: A] Saved to: /Users/kenfasano/Scripts/ScreenArt/Images/TransformedImages/leonid2002_sapp1-A_9666.jpg
2026-04-04 16:46:54,354 - INFO - [pipeline.py:122] - "KaleidoscopeTransformer","cx_off=-0.04,cy_off=0.14,segments=6"
2026-04-04 16:46:54,362 - INFO - [pipeline.py:122] - "FisheyeTransformer","shape=circle,strength=0.26,zoom=1.08"
2026-04-04 16:46:54,370 - INFO - [pipeline.py:236] - [Grade: C] Saved to: /Users/kenfasano/Scripts/ScreenArt/Images/TransformedImages/carina2_hst-C_2c9c.jpg
2026-04-04 16:46:54,407 - INFO - [pipeline.py:122] - "KaleidoscopeTransformer","cx_off=-0.16,cy_off=-0.06,segments=4"
2026-04-04 16:46:54,425 - INFO - [pipeline.py:122] - "ThermalImagingTransformer","thermal=True"
2026-04-04 16:46:54,437 - INFO - [pipeline.py:236] - [Grade: A] Saved to: /Users/kenfasano/Scripts/ScreenArt/Images/TransformedImages/abells1063_hst_r1024-A_95a8.jpg
2026-04-04 16:46:54,449 - INFO - [pipeline.py:122] - "FractalWarpTransformer","iter=1,scale=0.05"
2026-04-04 16:46:54,459 - INFO - [pipeline.py:122] - "FluidWarpTransformer","alpha=18.72,sigma=3.62"
2026-04-04 16:46:54,465 - INFO - [pipeline.py:122] - "OilPaintingTransformer","dyn_ratio=4,size=3"
2026-04-04 16:46:54,513 - INFO - [pipeline.py:122] - "VoronoiTransformer","edge_blend=1,num_points=107"
2026-04-04 16:46:54,520 - INFO - [pipeline.py:236] - [Grade: A] Saved to: /Users/kenfasano/Scripts/ScreenArt/Images/TransformedImages/eclipsemill_westlake_960-A_b8e5.jpg
2026-04-04 16:46:54,532 - INFO - [pipeline.py:122] - "FlipWilsonTransformer","keep=left,narrow=0.22"
2026-04-04 16:46:54,535 - INFO - [pipeline.py:122] - "RadialWarpTransformer","radius=0.25,strength=109.10914251879471,style=pull"
2026-04-04 16:46:54,540 - INFO - [pipeline.py:122] - "FractalWarpTransformer","iter=1,scale=0.05"
2026-04-04 16:46:54,546 - INFO - [pipeline.py:122] - "DataMoshTransformer","intensity=0.02"
2026-04-04 16:46:54,550 - INFO - [pipeline.py:236] - [Grade: A] Saved to: /Users/kenfasano/Scripts/ScreenArt/Images/TransformedImages/p96mach_lascoc2_c1-A_cc60.jpg
2026-04-04 16:46:54,577 - INFO - [pipeline.py:122] - "SwirlWarpTransformer","strength=1.50"
2026-04-04 16:46:54,597 - INFO - [pipeline.py:122] - "HalftoneTransformer","size=2"
2026-04-04 16:46:54,616 - INFO - [pipeline.py:122] - "FluidWarpTransformer","alpha=12.58,sigma=5.41"
2026-04-04 16:46:54,628 - INFO - [pipeline.py:122] - "GlitchWarpTransformer","intensity=0.01"
2026-04-04 16:46:54,637 - INFO - [pipeline.py:236] - [Grade: A] Saved to: /Users/kenfasano/Scripts/ScreenArt/Images/TransformedImages/coronaAustralis_l1500-A_e945.jpg
2026-04-04 16:46:54,650 - INFO - [pipeline.py:122] - "OilPaintingTransformer","dyn_ratio=5,size=3"
2026-04-04 16:46:54,656 - INFO - [pipeline.py:236] - [Grade: C] Saved to: /Users/kenfasano/Scripts/ScreenArt/Images/TransformedImages/c2014q1_parker1024_q100_watermark-C_b36c.jpg
2026-04-04 16:46:54,692 - INFO - [pipeline.py:122] - "HalftoneTransformer","size=2"
2026-04-04 16:46:54,707 - INFO - [pipeline.py:122] - "FractalWarpTransformer","iter=1,scale=0.05"
2026-04-04 16:46:54,737 - INFO - [pipeline.py:122] - "OilPaintingTransformer","dyn_ratio=5,size=8"
2026-04-04 16:46:54,744 - INFO - [pipeline.py:236] - [Grade: C] Saved to: /Users/kenfasano/Scripts/ScreenArt/Images/TransformedImages/RosetteNebulaNBHColesHelm1024-C_62a3.jpg
2026-04-04 16:46:54,792 - INFO - [pipeline.py:122] - "FluidWarpTransformer","alpha=17.48,sigma=2.89"
2026-04-04 16:46:54,812 - INFO - [pipeline.py:236] - [Grade: A] Saved to: /Users/kenfasano/Scripts/ScreenArt/Images/TransformedImages/peace_0-A_fd75.jpeg
2026-04-04 16:46:54,862 - INFO - [pipeline.py:122] - "FractalWarpTransformer","iter=1,scale=0.05"
2026-04-04 16:46:54,882 - INFO - [pipeline.py:236] - [Grade: C] Saved to: /Users/kenfasano/Scripts/ScreenArt/Images/TransformedImages/peace_1-C_0aa7.jpeg
2026-04-04 16:46:54,941 - INFO - [pipeline.py:122] - "ThermalImagingTransformer","thermal=True"
2026-04-04 16:46:54,954 - INFO - [pipeline.py:122] - "PosterizationTransformer","levels=4"
2026-04-04 16:46:55,001 - INFO - [pipeline.py:122] - "HalftoneTransformer","size=2"
2026-04-04 16:46:55,104 - INFO - [pipeline.py:122] - "PixelSortTransformer","direction=cols,high=0.86,low=0.14,sort_key=green"
2026-04-04 16:46:55,121 - INFO - [pipeline.py:236] - [Grade: A] Saved to: /Users/kenfasano/Scripts/ScreenArt/Images/TransformedImages/peace_2-A_1684.jpeg
2026-04-04 16:46:55,191 - INFO - [pipeline.py:122] - "FluidWarpTransformer","alpha=3.18,sigma=7.35"
2026-04-04 16:46:55,231 - INFO - [pipeline.py:122] - "DataMoshTransformer","intensity=0.02"
2026-04-04 16:46:55,244 - INFO - [pipeline.py:122] - "ColormapTransformer","map=hot"
2026-04-04 16:46:55,272 - INFO - [pipeline.py:236] - [Grade: C] Saved to: /Users/kenfasano/Scripts/ScreenArt/Images/TransformedImages/peace_3-C_e3d3.jpeg
2026-04-04 16:46:55,286 - INFO - [pipeline.py:122] - "FractalWarpTransformer","iter=1,scale=0.05"
2026-04-04 16:46:55,292 - INFO - [pipeline.py:236] - [Grade: A] Saved to: /Users/kenfasano/Scripts/ScreenArt/Images/TransformedImages/peripheral_drift_2-A_1a75.jpeg
2026-04-04 16:46:55,304 - INFO - [pipeline.py:122] - "ChromaticAberrationTransformer","angle=313.20,edge_fade=1,shift=6.10"
2026-04-04 16:46:55,315 - INFO - [pipeline.py:122] - "FractalWarpTransformer","iter=1,scale=0.05"
2026-04-04 16:46:55,319 - INFO - [pipeline.py:122] - "ColormapTransformer","map=bone"
2026-04-04 16:46:55,331 - INFO - [pipeline.py:122] - "ThermalImagingTransformer","thermal=True"
2026-04-04 16:46:55,338 - INFO - [pipeline.py:236] - [Grade: A] Saved to: /Users/kenfasano/Scripts/ScreenArt/Images/TransformedImages/peripheral_drift_3-A_7194.jpeg
2026-04-04 16:46:55,361 - INFO - [pipeline.py:122] - "FlipWilsonTransformer","keep=left,narrow=0.22"
2026-04-04 16:46:55,428 - INFO - [pipeline.py:122] - "WatercolorTransformer","scale=0.85,style=monet"
2026-04-04 16:46:55,438 - INFO - [pipeline.py:122] - "FractalWarpTransformer","iter=1,scale=0.05"
2026-04-04 16:46:55,445 - INFO - [pipeline.py:236] - [Grade: A] Saved to: /Users/kenfasano/Scripts/ScreenArt/Images/TransformedImages/peripheral_drift_8-A_e646.jpeg
2026-04-04 16:46:55,465 - INFO - [pipeline.py:122] - "OilPaintingTransformer","dyn_ratio=6,size=7"
2026-04-04 16:46:55,472 - INFO - [pipeline.py:122] - "FisheyeTransformer","shape=oval,strength=0.54,zoom=1.07"
2026-04-04 16:46:55,479 - INFO - [pipeline.py:236] - [Grade: A] Saved to: /Users/kenfasano/Scripts/ScreenArt/Images/TransformedImages/peripheral_drift_4-A_d372.jpeg
2026-04-04 16:46:55,498 - INFO - [pipeline.py:122] - "MeltMorphTransformer","intensity=0.50"
2026-04-04 16:46:55,568 - INFO - [pipeline.py:122] - "VoronoiTransformer","edge_blend=1,num_points=160"
2026-04-04 16:46:55,574 - INFO - [pipeline.py:236] - [Grade: A] Saved to: /Users/kenfasano/Scripts/ScreenArt/Images/TransformedImages/peripheral_drift_5-A_1f1a.jpeg
2026-04-04 16:46:55,596 - INFO - [pipeline.py:122] - "FlipWilsonTransformer","keep=left,narrow=0.22"
2026-04-04 16:46:55,608 - INFO - [pipeline.py:122] - "ThermalImagingTransformer","thermal=True"
2026-04-04 16:46:55,636 - INFO - [pipeline.py:122] - "WheelTransformer","blend=normal,copies=3"
2026-04-04 16:46:55,643 - INFO - [pipeline.py:236] - [Grade: C] Saved to: /Users/kenfasano/Scripts/ScreenArt/Images/TransformedImages/peripheral_drift_9-C_1c08.jpeg
2026-04-04 16:46:55,733 - INFO - [pipeline.py:122] - "VoronoiTransformer","edge_blend=1,num_points=212"
2026-04-04 16:46:55,747 - INFO - [pipeline.py:122] - "HalftoneTransformer","size=2"
2026-04-04 16:46:55,753 - INFO - [pipeline.py:236] - [Grade: A] Saved to: /Users/kenfasano/Scripts/ScreenArt/Images/TransformedImages/peripheral_drift_10-A_f044.jpeg
2026-04-04 16:46:55,772 - INFO - [pipeline.py:122] - "KaleidoscopeTransformer","cx_off=0.17,cy_off=0.17,segments=4"
2026-04-04 16:46:55,780 - INFO - [pipeline.py:122] - "ChromaticAberrationTransformer","angle=148.70,edge_fade=1,shift=13.50"
2026-04-04 16:46:55,792 - INFO - [pipeline.py:122] - "FluidWarpTransformer","alpha=8.68,sigma=5.02"
2026-04-04 16:46:55,799 - INFO - [pipeline.py:236] - [Grade: A] Saved to: /Users/kenfasano/Scripts/ScreenArt/Images/TransformedImages/peripheral_drift_6-A_0a87.jpeg
2026-04-04 16:46:55,811 - INFO - [pipeline.py:122] - "ChromaticAberrationTransformer","angle=187.40,edge_fade=1,shift=17.20"
2026-04-04 16:46:55,819 - INFO - [pipeline.py:122] - "GlitchWarpTransformer","intensity=0.01"
2026-04-04 16:46:55,839 - INFO - [pipeline.py:122] - "FlipWilsonTransformer","keep=left,narrow=0.22"
2026-04-04 16:46:55,843 - INFO - [pipeline.py:122] - "PosterizationTransformer","levels=4"
2026-04-04 16:46:55,851 - INFO - [pipeline.py:236] - [Grade: A] Saved to: /Users/kenfasano/Scripts/ScreenArt/Images/TransformedImages/peripheral_drift_7-A_75d5.jpeg
2026-04-04 16:46:55,862 - INFO - [pipeline.py:122] - "GlitchWarpTransformer","intensity=0.01"
2026-04-04 16:46:55,867 - INFO - [pipeline.py:122] - "ColormapTransformer","map=bone"
2026-04-04 16:46:55,874 - INFO - [pipeline.py:236] - [Grade: A] Saved to: /Users/kenfasano/Scripts/ScreenArt/Images/TransformedImages/peripheral_drift_1-A_2a89.jpeg
2026-04-04 16:46:55,888 - INFO - [pipeline.py:122] - "RadialWarpTransformer","radius=0.25,strength=112.14316406687148,style=pull"
2026-04-04 16:46:55,908 - INFO - [pipeline.py:122] - "HalftoneTransformer","size=2"
2026-04-04 16:46:56,007 - INFO - [pipeline.py:122] - "WatercolorTransformer","scale=0.85,style=psychedelic"
2026-04-04 16:46:56,015 - INFO - [pipeline.py:236] - [Grade: A] Saved to: /Users/kenfasano/Scripts/ScreenArt/Images/TransformedImages/static_mandala_0-A_67b6.jpeg
2026-04-04 16:46:56,311 - INFO - [pipeline.py:122] - "DataMoshTransformer","intensity=0.02"
2026-04-04 16:46:56,503 - INFO - [pipeline.py:122] - "FluidWarpTransformer","alpha=10.53,sigma=2.62"
2026-04-04 16:46:56,788 - INFO - [pipeline.py:122] - "MeltMorphTransformer","intensity=0.50"
2026-04-04 16:46:56,878 - INFO - [pipeline.py:236] - [Grade: A] Saved to: /Users/kenfasano/Scripts/ScreenArt/Images/TransformedImages/static_mandala_1-A_f1c9.jpeg
2026-04-04 16:46:56,933 - INFO - [pipeline.py:122] - "PosterizationTransformer","levels=4"
2026-04-04 16:46:57,113 - INFO - [pipeline.py:122] - "WheelTransformer","blend=normal,copies=3"
2026-04-04 16:46:57,155 - INFO - [pipeline.py:236] - [Grade: A] Saved to: /Users/kenfasano/Scripts/ScreenArt/Images/TransformedImages/static_mandala_2-A_c4b0.jpeg
2026-04-04 16:46:57,225 - INFO - [pipeline.py:122] - "WheelTransformer","blend=normal,copies=3"
2026-04-04 16:46:57,255 - INFO - [pipeline.py:122] - "HalftoneTransformer","size=2"
2026-04-04 16:46:57,366 - INFO - [pipeline.py:122] - "PixelSortTransformer","direction=cols,high=0.80,low=0.17,sort_key=green"
2026-04-04 16:46:57,377 - INFO - [pipeline.py:236] - [Grade: A] Saved to: /Users/kenfasano/Scripts/ScreenArt/Images/TransformedImages/Vespula_germani-A_4121.jpeg
2026-04-04 16:46:57,414 - INFO - [pipeline.py:122] - "PosterizationTransformer","levels=4"
2026-04-04 16:46:57,476 - INFO - [pipeline.py:122] - "SwirlWarpTransformer","strength=1.50"
2026-04-04 16:46:57,512 - INFO - [pipeline.py:122] - "ChromaticAberrationTransformer","angle=252.20,edge_fade=1,shift=10.20"
2026-04-04 16:46:57,543 - INFO - [pipeline.py:236] - [Grade: A] Saved to: /Users/kenfasano/Scripts/ScreenArt/Images/TransformedImages/Eye_of_T-A_d123.jpeg
2026-04-04 16:46:57,581 - INFO - [pipeline.py:122] - "GlitchWarpTransformer","intensity=0.01"
2026-04-04 16:46:57,675 - INFO - [pipeline.py:122] - "WheelTransformer","blend=normal,copies=3"
2026-04-04 16:46:57,695 - INFO - [pipeline.py:236] - [Grade: A] Saved to: /Users/kenfasano/Scripts/ScreenArt/Images/TransformedImages/Drosophilidae_c-A_1f30.jpeg
2026-04-04 16:46:57,697 - INFO - [pipeline.py:122] - "PosterizationTransformer","levels=4"
2026-04-04 16:46:57,699 - INFO - [pipeline.py:122] - "GlitchWarpTransformer","intensity=0.01"
2026-04-04 16:46:57,701 - INFO - [pipeline.py:236] - [Grade: F] Saved to: /Users/kenfasano/Scripts/ScreenArt/Images/Rejected/Compound_eye2-F_8570.jpeg
2026-04-04 16:46:57,724 - INFO - [pipeline.py:122] - "DataMoshTransformer","intensity=0.02"
2026-04-04 16:46:57,733 - INFO - [pipeline.py:236] - [Grade: A] Saved to: /Users/kenfasano/Scripts/ScreenArt/Images/TransformedImages/Insect_eye-A_d062.jpeg
2026-04-04 16:46:57,785 - INFO - [pipeline.py:122] - "FractalWarpTransformer","iter=1,scale=0.05"
2026-04-04 16:46:57,829 - INFO - [pipeline.py:122] - "SwirlWarpTransformer","strength=1.50"
2026-04-04 16:46:57,855 - INFO - [pipeline.py:236] - [Grade: A] Saved to: /Users/kenfasano/Scripts/ScreenArt/Images/TransformedImages/Insect_e-A_ad00.jpeg
2026-04-04 16:46:57,855 - INFO - [main.py:195] - VoronoiTransformer
2026-04-04 16:46:57,855 - INFO - [main.py:195] - MeltMorphTransformer
2026-04-04 16:46:57,855 - INFO - [main.py:195] - WheelTransformer
2026-04-04 16:46:57,855 - INFO - [main.py:195] - PixelSortTransformer
2026-04-04 16:46:57,855 - INFO - [main.py:195] - WatercolorTransformer
2026-04-04 16:46:57,855 - INFO - [main.py:195] - DataMoshTransformer
2026-04-04 16:46:57,855 - INFO - [main.py:195] - KaleidoscopeTransformer
2026-04-04 16:46:57,855 - INFO - [main.py:195] - FluidWarpTransformer
2026-04-04 16:46:57,855 - INFO - [main.py:195] - FlipWilsonTransformer
2026-04-04 16:46:57,855 - INFO - [main.py:195] - SwirlWarpTransformer
2026-04-04 16:46:57,855 - INFO - [main.py:195] - HalftoneTransformer
2026-04-04 16:46:57,855 - INFO - [main.py:195] - OilPaintingTransformer
2026-04-04 16:46:57,855 - INFO - [main.py:195] - ThermalImagingTransformer
2026-04-04 16:46:57,855 - INFO - [main.py:195] - ChromaticAberrationTransformer
2026-04-04 16:46:57,855 - INFO - [main.py:195] - FractalWarpTransformer
2026-04-04 16:46:57,855 - INFO - [main.py:195] - GlitchWarpTransformer
2026-04-04 16:46:57,855 - INFO - [main.py:195] - FisheyeTransformer
2026-04-04 16:46:57,855 - INFO - [main.py:195] - RadialWarpTransformer
2026-04-04 16:46:57,855 - INFO - [main.py:195] - PosterizationTransformer
2026-04-04 16:46:57,855 - INFO - [main.py:195] - ColormapTransformer
2026-04-04 16:46:57,855 - INFO - [main.py:238] - 21s@16:46 ✓
Accepted: 54
Rejected: 5
---
Peace                      ->  4199ms
Bible                      ->  3189ms
Wiki                       ->  1664ms
Lojong                     ->  1488ms
Nasa                       ->  1269ms
NasaMapGenerator           ->   778ms
GoesGenerator              ->   653ms
Bubbles                    ->   311ms
Cubes                      ->   169ms
PeripheralDriftIllusion    ->   162ms
MandalaDraw                ->    27ms
StaticMandala              ->     7ms
---
VoronoiTransformer               -> Min:    47ms | Avg:   152ms | Max:   335ms
MeltMorphTransformer             -> Min:    16ms | Avg:   102ms | Max:   284ms
WheelTransformer                 -> Min:    28ms | Avg:    96ms | Max:   180ms
PixelSortTransformer             -> Min:    49ms | Avg:    92ms | Max:   119ms
WatercolorTransformer            -> Min:    67ms | Avg:    83ms | Max:    98ms
DataMoshTransformer              -> Min:     5ms | Avg:    57ms | Max:   245ms
KaleidoscopeTransformer          -> Min:    17ms | Avg:    47ms | Max:    97ms
FluidWarpTransformer             -> Min:     5ms | Avg:    43ms | Max:   192ms
FlipWilsonTransformer            -> Min:    10ms | Avg:    43ms | Max:    77ms
SwirlWarpTransformer             -> Min:    14ms | Avg:    36ms | Max:    61ms
HalftoneTransformer              -> Min:    14ms | Avg:    30ms | Max:    57ms
OilPaintingTransformer           -> Min:     6ms | Avg:    27ms | Max:    63ms
ThermalImagingTransformer        -> Min:    11ms | Avg:    27ms | Max:    46ms
ChromaticAberrationTransformer   -> Min:     8ms | Avg:    23ms | Max:    36ms
FractalWarpTransformer           -> Min:     6ms | Avg:    20ms | Max:    40ms
GlitchWarpTransformer            -> Min:     2ms | Avg:    20ms | Max:    32ms
FisheyeTransformer               -> Min:     7ms | Avg:    17ms | Max:    31ms
RadialWarpTransformer            -> Min:     3ms | Avg:    15ms | Max:    26ms
PosterizationTransformer         -> Min:     1ms | Avg:    14ms | Max:    24ms
ColormapTransformer              -> Min:     5ms | Avg:    12ms | Max:    15ms
